=== economy-table35.xlsx ===
Cell A3 | value='ROW LABLE' | fill=FFFFFF00 | rows=[2] | cols=[0] | col_header=True | row_header=False | metadata=False
Cell B3 | value='Sum of Amount' | fill=FFFFFF00 | rows=[2] | cols=[1] | col_header=True | row_header=False | metadata=False
Cell A4 | value='local' | fill=00000000 | rows=[3] | cols=[0] | col_header=False | row_header=False | metadata=False
Cell B4 | value='71565' | fill=FF00B0F0 | rows=[3] | cols=[1] | col_header=False | row_header=False | metadata=True
Cell A5 | value='Fruit' | fill=00000000 | rows=[4] | cols=[0] | col_header=False | row_header=False | metadata=False
Cell B5 | value='18915' | fill=FF00B0F0 | rows=[4] | cols=[1] | col_header=False | row_header=False | metadata=True
Cell A6 | value='Sales' | fill=00000000 | rows=[5] | cols=[0] | col_header=False | row_header=False | metadata=False
Cell B6 | value='16500' | fill=FF00B0F0 | rows=[5] | cols=[1] | col_header=False | row_header=False | metadata=True
Cell A7 | value='auto' | fill=00000000 | rows=[6] | cols=[0] | col_header=False | row_header=False | metadata=False
Cell B7 | value='15000' | fill=FF00B0F0 | rows=[6] | cols=[1] | col_header=False | row_header=False | metadata=True
Cell A8 | value='Gross sales citrus' | fill=00000000 | rows=[7] | cols=[0] | col_header=False | row_header=False | metadata=False
Cell B8 | value='10000' | fill=00000000 | rows=[7] | cols=[1] | col_header=False | row_header=False | metadata=False
Cell A9 | value='Gross sales tropical' | fill=00000000 | rows=[8] | cols=[0] | col_header=False | row_header=False | metadata=False
Cell B9 | value='5000' | fill=00000000 | rows=[8] | cols=[1] | col_header=False | row_header=False | metadata=False
Cell A10 | value='manual' | fill=00000000 | rows=[9] | cols=[0] | col_header=False | row_header=False | metadata=False
Cell B10 | value='1500' | fill=FF00B0F0 | rows=[9] | cols=[1] | col_header=False | row_header=False | metadata=True
Cell A11 | value='Gross sales citrus' | fill=00000000 | rows=[10] | cols=[0] | col_header=False | row_header=False | metadata=False
Cell B11 | value='1000' | fill=00000000 | rows=[10] | cols=[1] | col_header=False | row_header=False | metadata=False
Cell A12 | value='Gross sales tropical' | fill=00000000 | rows=[11] | cols=[0] | col_header=False | row_header=False | metadata=False
Cell B12 | value='500' | fill=00000000 | rows=[11] | cols=[1] | col_header=False | row_header=False | metadata=False
Cell A13 | value='Discount' | fill=00000000 | rows=[12] | cols=[0] | col_header=False | row_header=False | metadata=False
Cell B13 | value='2415' | fill=FF00B0F0 | rows=[12] | cols=[1] | col_header=False | row_header=False | metadata=True
Cell A14 | value='staff' | fill=00000000 | rows=[13] | cols=[0] | col_header=False | row_header=False | metadata=False
Cell B14 | value='15' | fill=FF00B0F0 | rows=[13] | cols=[1] | col_header=False | row_header=False | metadata=True
Cell A15 | value='Staff discounts citrus' | fill=00000000 | rows=[14] | cols=[0] | col_header=False | row_header=False | metadata=False
Cell B15 | value='10' | fill=00000000 | rows=[14] | cols=[1] | col_header=False | row_header=False | metadata=False
Cell A16 | value='Staff discounts tropical' | fill=00000000 | rows=[15] | cols=[0] | col_header=False | row_header=False | metadata=False
Cell B16 | value='5' | fill=00000000 | rows=[15] | cols=[1] | col_header=False | row_header=False | metadata=False
Cell A17 | value='retail' | fill=00000000 | rows=[16] | cols=[0] | col_header=False | row_header=False | metadata=False
Cell B17 | value='150' | fill=FF00B0F0 | rows=[16] | cols=[1] | col_header=False | row_header=False | metadata=True
Cell A18 | value='Retail discounts citrus' | fill=00000000 | rows=[17] | cols=[0] | col_header=False | row_header=False | metadata=False
Cell B18 | value='100' | fill=00000000 | rows=[17] | cols=[1] | col_header=False | row_header=False | metadata=False
Cell A19 | value='Retail discounts tropical' | fill=00000000 | rows=[18] | cols=[0] | col_header=False | row_header=False | metadata=False
Cell B19 | value='50' | fill=00000000 | rows=[18] | cols=[1] | col_header=False | row_header=False | metadata=False
Cell A20 | value='trade' | fill=00000000 | rows=[19] | cols=[0] | col_header=False | row_header=False | metadata=False
Cell B20 | value='2250' | fill=FF00B0F0 | rows=[19] | cols=[1] | col_header=False | row_header=False | metadata=True
Cell A21 | value='Trade discounts citrus' | fill=00000000 | rows=[20] | cols=[0] | col_header=False | row_header=False | metadata=False
Cell B21 | value='1500' | fill=00000000 | rows=[20] | cols=[1] | col_header=False | row_header=False | metadata=False
Cell A22 | value='Trade discounts tropical' | fill=00000000 | rows=[21] | cols=[0] | col_header=False | row_header=False | metadata=False
Cell B22 | value='750' | fill=00000000 | rows=[21] | cols=[1] | col_header=False | row_header=False | metadata=False
Cell A23 | value='veg' | fill=00000000 | rows=[22] | cols=[0] | col_header=False | row_header=False | metadata=False
Cell B23 | value='52650' | fill=FF00B0F0 | rows=[22] | cols=[1] | col_header=False | row_header=False | metadata=True
Cell A24 | value='Sales' | fill=00000000 | rows=[23] | cols=[0] | col_header=False | row_header=False | metadata=False
Cell B24 | value='49500' | fill=FF00B0F0 | rows=[23] | cols=[1] | col_header=False | row_header=False | metadata=True
Cell A25 | value='auto' | fill=00000000 | rows=[24] | cols=[0] | col_header=False | row_header=False | metadata=False
Cell B25 | value='45000' | fill=FF00B0F0 | rows=[24] | cols=[1] | col_header=False | row_header=False | metadata=True
Cell A26 | value='Gross sales leaves' | fill=00000000 | rows=[25] | cols=[0] | col_header=False | row_header=False | metadata=False
Cell B26 | value='15000' | fill=00000000 | rows=[25] | cols=[1] | col_header=False | row_header=False | metadata=False
Cell A27 | value='Gross sales roots' | fill=00000000 | rows=[26] | cols=[0] | col_header=False | row_header=False | metadata=False
Cell B27 | value='20000' | fill=00000000 | rows=[26] | cols=[1] | col_header=False | row_header=False | metadata=False
Cell A28 | value='Gross sales stems' | fill=00000000 | rows=[27] | cols=[0] | col_header=False | row_header=False | metadata=False
Cell B28 | value='10000' | fill=00000000 | rows=[27] | cols=[1] | col_header=False | row_header=False | metadata=False
Cell A29 | value='manual' | fill=00000000 | rows=[28] | cols=[0] | col_header=False | row_header=False | metadata=False
Cell B29 | value='4500' | fill=FF00B0F0 | rows=[28] | cols=[1] | col_header=False | row_header=False | metadata=True
Cell A30 | value='Gross sales leaves' | fill=00000000 | rows=[29] | cols=[0] | col_header=False | row_header=False | metadata=False
Cell B30 | value='1500' | fill=00000000 | rows=[29] | cols=[1] | col_header=False | row_header=False | metadata=False
Cell A31 | value='Gross sales roots' | fill=00000000 | rows=[30] | cols=[0] | col_header=False | row_header=False | metadata=False
Cell B31 | value='2000' | fill=00000000 | rows=[30] | cols=[1] | col_header=False | row_header=False | metadata=False
Cell A32 | value='Gross sales stems' | fill=00000000 | rows=[31] | cols=[0] | col_header=False | row_header=False | metadata=False
Cell B32 | value='1000' | fill=00000000 | rows=[31] | cols=[1] | col_header=False | row_header=False | metadata=False
Cell A33 | value='Discount' | fill=00000000 | rows=[32] | cols=[0] | col_header=False | row_header=False | metadata=False
Cell B33 | value='3150' | fill=FF00B0F0 | rows=[32] | cols=[1] | col_header=False | row_header=False | metadata=True
Cell A34 | value='staff' | fill=00000000 | rows=[33] | cols=[0] | col_header=False | row_header=False | metadata=False
Cell B34 | value='450' | fill=FF00B0F0 | rows=[33] | cols=[1] | col_header=False | row_header=False | metadata=True
Cell A35 | value='Staff discounts leaves' | fill=00000000 | rows=[34] | cols=[0] | col_header=False | row_header=False | metadata=False
Cell B35 | value='150' | fill=00000000 | rows=[34] | cols=[1] | col_header=False | row_header=False | metadata=False
Cell A36 | value='Staff discounts roots' | fill=00000000 | rows=[35] | cols=[0] | col_header=False | row_header=False | metadata=False
Cell B36 | value='200' | fill=00000000 | rows=[35] | cols=[1] | col_header=False | row_header=False | metadata=False
Cell A37 | value='Staff discounts stems' | fill=00000000 | rows=[36] | cols=[0] | col_header=False | row_header=False | metadata=False
Cell B37 | value='100' | fill=00000000 | rows=[36] | cols=[1] | col_header=False | row_header=False | metadata=False
Cell A38 | value='retail' | fill=00000000 | rows=[37] | cols=[0] | col_header=False | row_header=False | metadata=False
Cell B38 | value='900' | fill=FF00B0F0 | rows=[37] | cols=[1] | col_header=False | row_header=False | metadata=True
Cell A39 | value='Retail discounts leaves' | fill=00000000 | rows=[38] | cols=[0] | col_header=False | row_header=False | metadata=False
Cell B39 | value='300' | fill=00000000 | rows=[38] | cols=[1] | col_header=False | row_header=False | metadata=False
Cell A40 | value='Retail discounts roots' | fill=00000000 | rows=[39] | cols=[0] | col_header=False | row_header=False | metadata=False
Cell B40 | value='400' | fill=00000000 | rows=[39] | cols=[1] | col_header=False | row_header=False | metadata=False
Cell A41 | value='Retail discounts stems' | fill=00000000 | rows=[40] | cols=[0] | col_header=False | row_header=False | metadata=False
Cell B41 | value='200' | fill=00000000 | rows=[40] | cols=[1] | col_header=False | row_header=False | metadata=False
Cell A42 | value='trade' | fill=00000000 | rows=[41] | cols=[0] | col_header=False | row_header=False | metadata=False
Cell B42 | value='1800' | fill=FF00B0F0 | rows=[41] | cols=[1] | col_header=False | row_header=False | metadata=True
Cell A43 | value='Trade discounts leaves' | fill=00000000 | rows=[42] | cols=[0] | col_header=False | row_header=False | metadata=False
Cell B43 | value='600' | fill=00000000 | rows=[42] | cols=[1] | col_header=False | row_header=False | metadata=False
Cell A44 | value='Trade discounts roots' | fill=00000000 | rows=[43] | cols=[0] | col_header=False | row_header=False | metadata=False
Cell B44 | value='800' | fill=00000000 | rows=[43] | cols=[1] | col_header=False | row_header=False | metadata=False
Cell A45 | value='Trade discounts stems' | fill=00000000 | rows=[44] | cols=[0] | col_header=False | row_header=False | metadata=False
Cell B45 | value='400' | fill=00000000 | rows=[44] | cols=[1] | col_header=False | row_header=False | metadata=False
Cell A46 | value='export' | fill=00000000 | rows=[45] | cols=[0] | col_header=False | row_header=False | metadata=False
Cell B46 | value='107347.5' | fill=FF00B0F0 | rows=[45] | cols=[1] | col_header=False | row_header=False | metadata=True
Cell A47 | value='Fruit' | fill=00000000 | rows=[46] | cols=[0] | col_header=False | row_header=False | metadata=False
Cell B47 | value='28372.5' | fill=FF00B0F0 | rows=[46] | cols=[1] | col_header=False | row_header=False | metadata=True
Cell A48 | value='Sales' | fill=00000000 | rows=[47] | cols=[0] | col_header=False | row_header=False | metadata=False
Cell B48 | value='24750' | fill=FF00B0F0 | rows=[47] | cols=[1] | col_header=False | row_header=False | metadata=True
Cell A49 | value='auto' | fill=00000000 | rows=[48] | cols=[0] | col_header=False | row_header=False | metadata=False
Cell B49 | value='22500' | fill=FF00B0F0 | rows=[48] | cols=[1] | col_header=False | row_header=False | metadata=True
Cell A50 | value='Gross sales citrus' | fill=00000000 | rows=[49] | cols=[0] | col_header=False | row_header=False | metadata=False
Cell B50 | value='15000' | fill=00000000 | rows=[49] | cols=[1] | col_header=False | row_header=False | metadata=False
Cell A51 | value='Gross sales tropical' | fill=00000000 | rows=[50] | cols=[0] | col_header=False | row_header=False | metadata=False
Cell B51 | value='7500' | fill=00000000 | rows=[50] | cols=[1] | col_header=False | row_header=False | metadata=False
Cell A52 | value='manual' | fill=00000000 | rows=[51] | cols=[0] | col_header=False | row_header=False | metadata=False
Cell B52 | value='2250' | fill=FF00B0F0 | rows=[51] | cols=[1] | col_header=False | row_header=False | metadata=True
Cell A53 | value='Gross sales citrus' | fill=00000000 | rows=[52] | cols=[0] | col_header=False | row_header=False | metadata=False
Cell B53 | value='1500' | fill=00000000 | rows=[52] | cols=[1] | col_header=False | row_header=False | metadata=False
Cell A54 | value='Gross sales tropical' | fill=00000000 | rows=[53] | cols=[0] | col_header=False | row_header=False | metadata=False
Cell B54 | value='750' | fill=00000000 | rows=[53] | cols=[1] | col_header=False | row_header=False | metadata=False
Cell A55 | value='Discount' | fill=00000000 | rows=[54] | cols=[0] | col_header=False | row_header=False | metadata=False
Cell B55 | value='3622.5' | fill=FF00B0F0 | rows=[54] | cols=[1] | col_header=False | row_header=False | metadata=True
Cell A56 | value='staff' | fill=00000000 | rows=[55] | cols=[0] | col_header=False | row_header=False | metadata=False
Cell B56 | value='22.5' | fill=FF00B0F0 | rows=[55] | cols=[1] | col_header=False | row_header=False | metadata=True
Cell A57 | value='Staff discounts citrus' | fill=00000000 | rows=[56] | cols=[0] | col_header=False | row_header=False | metadata=False
Cell B57 | value='15' | fill=00000000 | rows=[56] | cols=[1] | col_header=False | row_header=False | metadata=False
Cell A58 | value='Staff discounts tropical' | fill=00000000 | rows=[57] | cols=[0] | col_header=False | row_header=False | metadata=False
Cell B58 | value='7.5' | fill=00000000 | rows=[57] | cols=[1] | col_header=False | row_header=False | metadata=False
Cell A59 | value='retail' | fill=00000000 | rows=[58] | cols=[0] | col_header=False | row_header=False | metadata=False
Cell B59 | value='225' | fill=FF00B0F0 | rows=[58] | cols=[1] | col_header=False | row_header=False | metadata=True
Cell A60 | value='Retail discounts citrus' | fill=00000000 | rows=[59] | cols=[0] | col_header=False | row_header=False | metadata=False
Cell B60 | value='150' | fill=00000000 | rows=[59] | cols=[1] | col_header=False | row_header=False | metadata=False
Cell A61 | value='Retail discounts tropical' | fill=00000000 | rows=[60] | cols=[0] | col_header=False | row_header=False | metadata=False
Cell B61 | value='75' | fill=00000000 | rows=[60] | cols=[1] | col_header=False | row_header=False | metadata=False
Cell A62 | value='trade' | fill=00000000 | rows=[61] | cols=[0] | col_header=False | row_header=False | metadata=False
Cell B62 | value='3375' | fill=FF00B0F0 | rows=[61] | cols=[1] | col_header=False | row_header=False | metadata=True
Cell A63 | value='Trade discounts citrus' | fill=00000000 | rows=[62] | cols=[0] | col_header=False | row_header=False | metadata=False
Cell B63 | value='2250' | fill=00000000 | rows=[62] | cols=[1] | col_header=False | row_header=False | metadata=False
Cell A64 | value='Trade discounts tropical' | fill=00000000 | rows=[63] | cols=[0] | col_header=False | row_header=False | metadata=False
Cell B64 | value='1125' | fill=00000000 | rows=[63] | cols=[1] | col_header=False | row_header=False | metadata=False
Cell A65 | value='veg' | fill=00000000 | rows=[64] | cols=[0] | col_header=False | row_header=False | metadata=False
Cell B65 | value='78975' | fill=FF00B0F0 | rows=[64] | cols=[1] | col_header=False | row_header=False | metadata=True
Cell A66 | value='Sales' | fill=00000000 | rows=[65] | cols=[0] | col_header=False | row_header=False | metadata=False
Cell B66 | value='74250' | fill=FF00B0F0 | rows=[65] | cols=[1] | col_header=False | row_header=False | metadata=True
Cell A67 | value='auto' | fill=00000000 | rows=[66] | cols=[0] | col_header=False | row_header=False | metadata=False
Cell B67 | value='67500' | fill=FF00B0F0 | rows=[66] | cols=[1] | col_header=False | row_header=False | metadata=True
Cell A68 | value='Gross sales leaves' | fill=00000000 | rows=[67] | cols=[0] | col_header=False | row_header=False | metadata=False
Cell B68 | value='22500' | fill=00000000 | rows=[67] | cols=[1] | col_header=False | row_header=False | metadata=False
Cell A69 | value='Gross sales roots' | fill=00000000 | rows=[68] | cols=[0] | col_header=False | row_header=False | metadata=False
Cell B69 | value='30000' | fill=00000000 | rows=[68] | cols=[1] | col_header=False | row_header=False | metadata=False
Cell A70 | value='Gross sales stems' | fill=00000000 | rows=[69] | cols=[0] | col_header=False | row_header=False | metadata=False
Cell B70 | value='15000' | fill=00000000 | rows=[69] | cols=[1] | col_header=False | row_header=False | metadata=False
Cell A71 | value='manual' | fill=00000000 | rows=[70] | cols=[0] | col_header=False | row_header=False | metadata=False
Cell B71 | value='6750' | fill=FF00B0F0 | rows=[70] | cols=[1] | col_header=False | row_header=False | metadata=True
Cell A72 | value='Gross sales leaves' | fill=00000000 | rows=[71] | cols=[0] | col_header=False | row_header=False | metadata=False
Cell B72 | value='2250' | fill=00000000 | rows=[71] | cols=[1] | col_header=False | row_header=False | metadata=False
Cell A73 | value='Gross sales roots' | fill=00000000 | rows=[72] | cols=[0] | col_header=False | row_header=False | metadata=False
Cell B73 | value='3000' | fill=00000000 | rows=[72] | cols=[1] | col_header=False | row_header=False | metadata=False
Cell A74 | value='Gross sales stems' | fill=00000000 | rows=[73] | cols=[0] | col_header=False | row_header=False | metadata=False
Cell B74 | value='1500' | fill=00000000 | rows=[73] | cols=[1] | col_header=False | row_header=False | metadata=False
Cell A75 | value='Discount' | fill=00000000 | rows=[74] | cols=[0] | col_header=False | row_header=False | metadata=False
Cell B75 | value='4725' | fill=FF00B0F0 | rows=[74] | cols=[1] | col_header=False | row_header=False | metadata=True
Cell A76 | value='staff' | fill=00000000 | rows=[75] | cols=[0] | col_header=False | row_header=False | metadata=False
Cell B76 | value='675' | fill=FF00B0F0 | rows=[75] | cols=[1] | col_header=False | row_header=False | metadata=True
Cell A77 | value='Staff discounts leaves' | fill=00000000 | rows=[76] | cols=[0] | col_header=False | row_header=False | metadata=False
Cell B77 | value='225' | fill=00000000 | rows=[76] | cols=[1] | col_header=False | row_header=False | metadata=False
Cell A78 | value='Staff discounts roots' | fill=00000000 | rows=[77] | cols=[0] | col_header=False | row_header=False | metadata=False
Cell B78 | value='300' | fill=00000000 | rows=[77] | cols=[1] | col_header=False | row_header=False | metadata=False
Cell A79 | value='Staff discounts stems' | fill=00000000 | rows=[78] | cols=[0] | col_header=False | row_header=False | metadata=False
Cell B79 | value='150' | fill=00000000 | rows=[78] | cols=[1] | col_header=False | row_header=False | metadata=False
Cell A80 | value='retail' | fill=00000000 | rows=[79] | cols=[0] | col_header=False | row_header=False | metadata=False
Cell B80 | value='1350' | fill=FF00B0F0 | rows=[79] | cols=[1] | col_header=False | row_header=False | metadata=True
Cell A81 | value='Retail discounts leaves' | fill=00000000 | rows=[80] | cols=[0] | col_header=False | row_header=False | metadata=False
Cell B81 | value='450' | fill=00000000 | rows=[80] | cols=[1] | col_header=False | row_header=False | metadata=False
Cell A82 | value='Retail discounts roots' | fill=00000000 | rows=[81] | cols=[0] | col_header=False | row_header=False | metadata=False
Cell B82 | value='600' | fill=00000000 | rows=[81] | cols=[1] | col_header=False | row_header=False | metadata=False
Cell A83 | value='Retail discounts stems' | fill=00000000 | rows=[82] | cols=[0] | col_header=False | row_header=False | metadata=False
Cell B83 | value='300' | fill=00000000 | rows=[82] | cols=[1] | col_header=False | row_header=False | metadata=False
Cell A84 | value='trade' | fill=00000000 | rows=[83] | cols=[0] | col_header=False | row_header=False | metadata=False
Cell B84 | value='2700' | fill=FF00B0F0 | rows=[83] | cols=[1] | col_header=False | row_header=False | metadata=True
Cell A85 | value='Trade discounts leaves' | fill=00000000 | rows=[84] | cols=[0] | col_header=False | row_header=False | metadata=False
Cell B85 | value='900' | fill=00000000 | rows=[84] | cols=[1] | col_header=False | row_header=False | metadata=False
Cell A86 | value='Trade discounts roots' | fill=00000000 | rows=[85] | cols=[0] | col_header=False | row_header=False | metadata=False
Cell B86 | value='1200' | fill=00000000 | rows=[85] | cols=[1] | col_header=False | row_header=False | metadata=False
Cell A87 | value='Trade discounts stems' | fill=00000000 | rows=[86] | cols=[0] | col_header=False | row_header=False | metadata=False
Cell B87 | value='600' | fill=00000000 | rows=[86] | cols=[1] | col_header=False | row_header=False | metadata=False
Cell A88 | value='Общий итог' | fill=FF00B0F0 | rows=[87] | cols=[0] | col_header=False | row_header=False | metadata=True
Cell B88 | value='178912.5' | fill=FF00B0F0 | rows=[87] | cols=[1] | col_header=False | row_header=False | metadata=True

