=== economy-table82.xlsx ===
Cell A1 | value='Type of Property' | fill=FFFFFF00 | rows=[0, 1] | cols=[0] | col_header=True | row_header=True | metadata=False
Cell C1 | value='Heirs rate
second floor' | fill=00000000 | rows=[0] | cols=[2, 3] | col_header=False | row_header=False | metadata=False
Cell E1 | value='Heirs rate
third floor' | fill=00000000 | rows=[0] | cols=[4, 5] | col_header=False | row_header=False | metadata=False
Cell B2 | value='Heirs rate
first floor' | fill=00000000 | rows=[1] | cols=[1] | col_header=False | row_header=False | metadata=False
Cell C2 | value='Internal heirs' | fill=00000000 | rows=[1] | cols=[2] | col_header=False | row_header=False | metadata=False
Cell D2 | value='Heirs foreigner' | fill=00000000 | rows=[1] | cols=[3] | col_header=False | row_header=False | metadata=False
Cell E2 | value='Internal heirs' | fill=00000000 | rows=[1] | cols=[4] | col_header=False | row_header=False | metadata=False
Cell F2 | value='Heirs foreigner' | fill=00000000 | rows=[1] | cols=[5] | col_header=False | row_header=False | metadata=False
Cell A3 | value='Paragraph 1 of Article 17 bank accounts' | fill=00000000 | rows=[2] | cols=[0] | col_header=False | row_header=False | metadata=False
Cell B3 | value='0.03' | fill=00000000 | rows=[2] | cols=[1] | col_header=False | row_header=False | metadata=False
Cell C3 | value='0.06' | fill=00000000 | rows=[2] | cols=[2] | col_header=False | row_header=False | metadata=False
Cell D3 | value='0.03' | fill=00000000 | rows=[2] | cols=[3] | col_header=False | row_header=False | metadata=False
Cell E3 | value='0.12' | fill=00000000 | rows=[2] | cols=[4] | col_header=False | row_header=False | metadata=False
Cell F3 | value='0.03' | fill=00000000 | rows=[2] | cols=[5] | col_header=False | row_header=False | metadata=False
Cell A4 | value='Paragraph 2 of Article 17 is out of stock' | fill=00000000 | rows=[3] | cols=[0] | col_header=False | row_header=False | metadata=False
Cell B4 | value='0.06' | fill=00000000 | rows=[3] | cols=[1] | col_header=False | row_header=False | metadata=False
Cell C4 | value='0.12' | fill=00000000 | rows=[3] | cols=[2] | col_header=False | row_header=False | metadata=False
Cell D4 | value='0.06' | fill=00000000 | rows=[3] | cols=[3] | col_header=False | row_header=False | metadata=False
Cell E4 | value='0.24' | fill=00000000 | rows=[3] | cols=[4] | col_header=False | row_header=False | metadata=False
Cell F4 | value='0.06' | fill=00000000 | rows=[3] | cols=[5] | col_header=False | row_header=False | metadata=False
Cell A5 | value='Paragraph 2 of Article 17-Exchange' | fill=00000000 | rows=[4] | cols=[0] | col_header=False | row_header=False | metadata=False
Cell B5 | value='0.0075' | fill=00000000 | rows=[4] | cols=[1] | col_header=False | row_header=False | metadata=False
Cell C5 | value='0.015' | fill=00000000 | rows=[4] | cols=[2] | col_header=False | row_header=False | metadata=False
Cell D5 | value='0.0075' | fill=00000000 | rows=[4] | cols=[3] | col_header=False | row_header=False | metadata=False
Cell E5 | value='0.03' | fill=00000000 | rows=[4] | cols=[4] | col_header=False | row_header=False | metadata=False
Cell F5 | value='0.0075' | fill=00000000 | rows=[4] | cols=[5] | col_header=False | row_header=False | metadata=False
Cell A6 | value='Paragraph 3 of Article 17, other property' | fill=00000000 | rows=[5] | cols=[0] | col_header=False | row_header=False | metadata=False
Cell B6 | value='0.1' | fill=00000000 | rows=[5] | cols=[1] | col_header=False | row_header=False | metadata=False
Cell C6 | value='0.2' | fill=00000000 | rows=[5] | cols=[2] | col_header=False | row_header=False | metadata=False
Cell D6 | value='0.1' | fill=00000000 | rows=[5] | cols=[3] | col_header=False | row_header=False | metadata=False
Cell E6 | value='0.4' | fill=00000000 | rows=[5] | cols=[4] | col_header=False | row_header=False | metadata=False
Cell F6 | value='0.1' | fill=00000000 | rows=[5] | cols=[5] | col_header=False | row_header=False | metadata=False
Cell A7 | value='Paragraph 4 of Article 17-type vehicles' | fill=00000000 | rows=[6] | cols=[0] | col_header=False | row_header=False | metadata=False
Cell B7 | value='0.02' | fill=00000000 | rows=[6] | cols=[1] | col_header=False | row_header=False | metadata=False
Cell C7 | value='0.04' | fill=00000000 | rows=[6] | cols=[2] | col_header=False | row_header=False | metadata=False
Cell D7 | value='0.02' | fill=00000000 | rows=[6] | cols=[3] | col_header=False | row_header=False | metadata=False
Cell E7 | value='0.08' | fill=00000000 | rows=[6] | cols=[4] | col_header=False | row_header=False | metadata=False
Cell F7 | value='0.02' | fill=00000000 | rows=[6] | cols=[5] | col_header=False | row_header=False | metadata=False
Cell A8 | value='Paragraph 5 of Article 17-Property' | fill=00000000 | rows=[7] | cols=[0] | col_header=False | row_header=False | metadata=False
Cell B8 | value='0.075' | fill=00000000 | rows=[7] | cols=[1] | col_header=False | row_header=False | metadata=False
Cell C8 | value='0.15' | fill=00000000 | rows=[7] | cols=[2] | col_header=False | row_header=False | metadata=False
Cell D8 | value='0.075' | fill=00000000 | rows=[7] | cols=[3] | col_header=False | row_header=False | metadata=False
Cell E8 | value='0.3' | fill=00000000 | rows=[7] | cols=[4] | col_header=False | row_header=False | metadata=False
Cell F8 | value='0.075' | fill=00000000 | rows=[7] | cols=[5] | col_header=False | row_header=False | metadata=False
Cell A9 | value='Paragraph 5 of Article 17, the right to give' | fill=00000000 | rows=[8] | cols=[0] | col_header=False | row_header=False | metadata=False
Cell B9 | value='0.03' | fill=00000000 | rows=[8] | cols=[1] | col_header=False | row_header=False | metadata=False
Cell C9 | value='0.06' | fill=00000000 | rows=[8] | cols=[2] | col_header=False | row_header=False | metadata=False
Cell D9 | value='0.03' | fill=00000000 | rows=[8] | cols=[3] | col_header=False | row_header=False | metadata=False
Cell E9 | value='0.12' | fill=00000000 | rows=[8] | cols=[4] | col_header=False | row_header=False | metadata=False
Cell F9 | value='0.03' | fill=00000000 | rows=[8] | cols=[5] | col_header=False | row_header=False | metadata=False
Cell A10 | value='Paragraph 6 of Article 17-property abroad' | fill=00000000 | rows=[9] | cols=[0] | col_header=False | row_header=False | metadata=False
Cell B10 | value='0.1' | fill=00000000 | rows=[9] | cols=[1] | col_header=False | row_header=False | metadata=False
Cell C10 | value='0.2' | fill=00000000 | rows=[9] | cols=[2] | col_header=False | row_header=False | metadata=False
Cell D10 | value='0.1' | fill=00000000 | rows=[9] | cols=[3] | col_header=False | row_header=False | metadata=False
Cell E10 | value='0.4' | fill=00000000 | rows=[9] | cols=[4] | col_header=False | row_header=False | metadata=False
Cell F10 | value='0.1' | fill=00000000 | rows=[9] | cols=[5] | col_header=False | row_header=False | metadata=False

