=== economy-table17.xlsx ===
Cell A1 | value='BUSINESS PLAN QUARTERLY DATA SUMMARY - JULY 2012' | fill=FF00B0F0 | rows=[0] | cols=[0, 1, 2, 3, 4, 5, 6, 7, 8, 9, 10, 11, 12, 13] | col_header=True | row_header=True | metadata=True
Cell A3 | value='SPENDING' | fill=FF00B0F0 | rows=[2] | cols=[0, 1, 2, 3, 4, 5, 6, 7, 8, 9] | col_header=False | row_header=False | metadata=True
Cell L3 | value='RESULTS' | fill=FF00B0F0 | rows=[2] | cols=[11, 12, 13] | col_header=False | row_header=False | metadata=True
Cell P3 | value='PEOPLE' | fill=FF00B0F0 | rows=[2] | cols=[15, 16, 17, 18] | col_header=False | row_header=False | metadata=True
Cell A5 | value='Budget' | fill=FFFFFF00 | rows=[4] | cols=[0, 1, 2] | col_header=True | row_header=False | metadata=False
Cell D5 | value='£million' | fill=31 | rows=[4] | cols=[3, 4] | col_header=False | row_header=False | metadata=False
Cell G5 | value='Common Areas of Spend' | fill=FFFFFF00 | rows=[4] | cols=[6, 7] | col_header=True | row_header=False | metadata=False
Cell I5 | value='Q4 2011-12' | fill=31 | rows=[4] | cols=[8] | col_header=False | row_header=False | metadata=False
Cell J5 | value='Q3 2011-12' | fill=31 | rows=[4] | cols=[9] | col_header=False | row_header=False | metadata=False
Cell L5 | value='Input Indicators' | fill=00000000 | rows=[4] | cols=[11] | col_header=False | row_header=False | metadata=False
Cell M5 | value='Current' | fill=FFFFFF00 | rows=[4] | cols=[12] | col_header=True | row_header=False | metadata=False
Cell N5 | value='Previous' | fill=FFFFFF00 | rows=[4] | cols=[13] | col_header=True | row_header=False | metadata=False
Cell P5 | value='Whole Department Family - Workforce Size' | fill=FFFFFF00 | rows=[4] | cols=[15, 16] | col_header=True | row_header=False | metadata=False
Cell R5 | value='Current' | fill=FFFFFF00 | rows=[4] | cols=[17] | col_header=True | row_header=False | metadata=False
Cell S5 | value='Previous' | fill=FFFFFF00 | rows=[4] | cols=[18] | col_header=True | row_header=False | metadata=False
Cell D7 | value='Q4 2011-12' | fill=31 | rows=[6] | cols=[3] | col_header=False | row_header=False | metadata=False
Cell E7 | value='Q4 2010-11' | fill=31 | rows=[6] | cols=[4] | col_header=False | row_header=False | metadata=False
Cell G7 | value='Estate Costs' | fill=31 | rows=[6, 7, 8, 9] | cols=[6] | col_header=False | row_header=False | metadata=False
Cell H7 | value='Total office estate (m2)' | fill=31 | rows=[6] | cols=[7] | col_header=False | row_header=False | metadata=False
Cell I7 | value='256858' | fill=None | rows=[6] | cols=[8] | col_header=False | row_header=False | metadata=False
Cell J7 | value='268884' | fill=None | rows=[6] | cols=[9] | col_header=False | row_header=False | metadata=False
Cell L7 | value='1 Cost per head of population of total police force cost (£, current = 2011-12, previous = 2010-11)' | fill=31 | rows=[6] | cols=[11] | col_header=False | row_header=False | metadata=False
Cell M7 | value='198' | fill=None | rows=[6] | cols=[12] | col_header=False | row_header=False | metadata=False
Cell N7 | value='206' | fill=None | rows=[6] | cols=[13] | col_header=False | row_header=False | metadata=False
Cell P7 | value='Payroll Staff
[Total full-time equivalent by]
(current = at 31 Mar 2012, previous = at 31 Dec 2011)' | fill=31 | rows=[6, 7, 8] | cols=[15] | col_header=False | row_header=False | metadata=False
Cell Q7 | value='Department and Agencies' | fill=31 | rows=[6] | cols=[16] | col_header=False | row_header=False | metadata=False
Cell R7 | value='24645' | fill=None | rows=[6] | cols=[17] | col_header=False | row_header=False | metadata=False
Cell S7 | value='24844' | fill=None | rows=[6] | cols=[18] | col_header=False | row_header=False | metadata=False
Cell A8 | value='Total Departmental Expenditure Limit (DEL)' | fill=31 | rows=[7] | cols=[0, 1, 2] | col_header=False | row_header=False | metadata=False
Cell D8 | value='2731.581' | fill=None | rows=[7] | cols=[3] | col_header=False | row_header=False | metadata=False
Cell E8 | value='2557.4' | fill=None | rows=[7] | cols=[4] | col_header=False | row_header=False | metadata=False
Cell H8 | value='Total cost of office estate (£million)' | fill=31 | rows=[7] | cols=[7] | col_header=False | row_header=False | metadata=False
Cell I8 | value='31.12' | fill=None | rows=[7] | cols=[8] | col_header=False | row_header=False | metadata=False
Cell J8 | value='Not applicable' | fill=None | rows=[7] | cols=[9] | col_header=False | row_header=False | metadata=False
Cell L8 | value='2 Cost per case of managing a drug misusing offender into treatment and recovery (£, current = 2011-12, previous = 2010-11)' | fill=31 | rows=[7] | cols=[11] | col_header=False | row_header=False | metadata=False
Cell M8 | value='2921' | fill=None | rows=[7] | cols=[12] | col_header=False | row_header=False | metadata=False
Cell N8 | value='3063' | fill=None | rows=[7] | cols=[13] | col_header=False | row_header=False | metadata=False
Cell Q8 | value='Non-departmental public bodies' | fill=31 | rows=[7] | cols=[16] | col_header=False | row_header=False | metadata=False
Cell R8 | value='6075' | fill=None | rows=[7] | cols=[17] | col_header=False | row_header=False | metadata=False
Cell S8 | value='6121' | fill=None | rows=[7] | cols=[18] | col_header=False | row_header=False | metadata=False
Cell A9 | value='of which Resource DEL (excl. Depreciation)' | fill=31 | rows=[8] | cols=[0, 1, 2] | col_header=False | row_header=False | metadata=False
Cell D9 | value='2508.698' | fill=None | rows=[8] | cols=[3] | col_header=False | row_header=False | metadata=False
Cell E9 | value='2305.6' | fill=None | rows=[8] | cols=[4] | col_header=False | row_header=False | metadata=False
Cell H9 | value='Cost per FTE (£)' | fill=31 | rows=[8] | cols=[7] | col_header=False | row_header=False | metadata=False
Cell I9 | value='1515' | fill=None | rows=[8] | cols=[8] | col_header=False | row_header=False | metadata=False
Cell J9 | value='Not applicable' | fill=None | rows=[8] | cols=[9] | col_header=False | row_header=False | metadata=False
Cell L9 | value='3 Cost per passenger processed at the UK border (£, current = 2011-12, previous = 2010-11)' | fill=31 | rows=[8] | cols=[11] | col_header=False | row_header=False | metadata=False
Cell M9 | value='2.87' | fill=None | rows=[8] | cols=[12] | col_header=False | row_header=False | metadata=False
Cell N9 | value='3.25' | fill=None | rows=[8] | cols=[13] | col_header=False | row_header=False | metadata=False
Cell Q9 | value='Department Family' | fill=31 | rows=[8] | cols=[16] | col_header=False | row_header=False | metadata=False
Cell R9 | value='30720' | fill=None | rows=[8] | cols=[17] | col_header=False | row_header=False | metadata=False
Cell S9 | value='30965' | fill=None | rows=[8] | cols=[18] | col_header=False | row_header=False | metadata=False
Cell A10 | value='Up to top 5 contributory elements' | fill=FF00B050 | rows=[9, 10, 11, 12, 13] | cols=[0] | col_header=False | row_header=True | metadata=False
Cell B10 | value='A: Crime and Policing' | fill=None | rows=[9] | cols=[1, 2] | col_header=False | row_header=False | metadata=False
Cell D10 | value='1746.593' | fill=None | rows=[9] | cols=[3] | col_header=False | row_header=False | metadata=False
Cell E10 | value='1633.6' | fill=None | rows=[9] | cols=[4] | col_header=False | row_header=False | metadata=False
Cell H10 | value='Cost per m2 (£)' | fill=31 | rows=[9] | cols=[7] | col_header=False | row_header=False | metadata=False
Cell I10 | value='121' | fill=None | rows=[9] | cols=[8] | col_header=False | row_header=False | metadata=False
Cell J10 | value='Not applicable' | fill=None | rows=[9] | cols=[9] | col_header=False | row_header=False | metadata=False
Cell L10 | value='4 Cost per decision for all permanent and temporary migration applications (£, current = 2011-12, previous = 2010-11)' | fill=31 | rows=[9] | cols=[11] | col_header=False | row_header=False | metadata=False
Cell M10 | value='223' | fill=None | rows=[9] | cols=[12] | col_header=False | row_header=False | metadata=False
Cell N10 | value='212' | fill=None | rows=[9] | cols=[13] | col_header=False | row_header=False | metadata=False
Cell P10 | value='Average Staff Costs
(£, current = at 31 Mar 2012, previous = at 31 Dec 2011)' | fill=31 | rows=[9] | cols=[15, 16] | col_header=False | row_header=False | metadata=False
Cell R10 | value='38218' | fill=None | rows=[9] | cols=[17] | col_header=False | row_header=False | metadata=False
Cell S10 | value='37827' | fill=None | rows=[9] | cols=[18] | col_header=False | row_header=False | metadata=False
Cell B11 | value='B: UK Border Agency' | fill=None | rows=[10] | cols=[1, 2] | col_header=False | row_header=False | metadata=False
Cell D11 | value='422.661' | fill=None | rows=[10] | cols=[3] | col_header=False | row_header=False | metadata=False
Cell E11 | value='372.9' | fill=None | rows=[10] | cols=[4] | col_header=False | row_header=False | metadata=False
Cell G11 | value='Procurement' | fill=31 | rows=[10, 11, 12] | cols=[6] | col_header=False | row_header=False | metadata=False
Cell H11 | value='Total Procurement Spend (£million)' | fill=31 | rows=[10] | cols=[7] | col_header=False | row_header=False | metadata=False
Cell I11 | value='852.24' | fill=None | rows=[10] | cols=[8] | col_header=False | row_header=False | metadata=False
Cell J11 | value='677.28' | fill=None | rows=[10] | cols=[9] | col_header=False | row_header=False | metadata=False
Cell L11 | value='5 Cost of producing and issuing a passport (£, current = 2011-12, previous = 2010-11)' | fill=31 | rows=[10] | cols=[11] | col_header=False | row_header=False | metadata=False
Cell M11 | value='64.68' | fill=None | rows=[10] | cols=[12] | col_header=False | row_header=False | metadata=False
Cell N11 | value='71' | fill=None | rows=[10] | cols=[13] | col_header=False | row_header=False | metadata=False
Cell P11 | value='Contingent Labour
[Total full-time equivalent by] 
(current = at 31 Mar 2012, previous = at 31 Dec 2011)' | fill=31 | rows=[10, 11, 12] | cols=[15] | col_header=False | row_header=False | metadata=False
Cell Q11 | value='Department and Agencies' | fill=31 | rows=[10] | cols=[16] | col_header=False | row_header=False | metadata=False
Cell R11 | value='392' | fill=None | rows=[10] | cols=[17] | col_header=False | row_header=False | metadata=False
Cell S11 | value='479' | fill=None | rows=[10] | cols=[18] | col_header=False | row_header=False | metadata=False
Cell B12 | value='C: Security & Counter Terrorism' | fill=None | rows=[11] | cols=[1, 2] | col_header=False | row_header=False | metadata=False
Cell D12 | value='287.405' | fill=None | rows=[11] | cols=[3] | col_header=False | row_header=False | metadata=False
Cell E12 | value='224.9' | fill=None | rows=[11] | cols=[4] | col_header=False | row_header=False | metadata=False
Cell H12 | value='Price of standard box of A4 white copier paper (£/2500 sheets)' | fill=31 | rows=[11] | cols=[7] | col_header=False | row_header=False | metadata=False
Cell I12 | value='11.39' | fill=None | rows=[11] | cols=[8] | col_header=False | row_header=False | metadata=False
Cell J12 | value='11.39' | fill=None | rows=[11] | cols=[9] | col_header=False | row_header=False | metadata=False
Cell L12 | value='Impact Indicators' | fill=00000000 | rows=[11] | cols=[11] | col_header=False | row_header=False | metadata=False
Cell M12 | value='Current' | fill=FFFFFF00 | rows=[11] | cols=[12] | col_header=True | row_header=False | metadata=False
Cell N12 | value='Previous' | fill=FFFFFF00 | rows=[11] | cols=[13] | col_header=True | row_header=False | metadata=False
Cell Q12 | value='Non-departmental public bodies' | fill=31 | rows=[11] | cols=[16] | col_header=False | row_header=False | metadata=False
Cell R12 | value='190.19' | fill=None | rows=[11] | cols=[17] | col_header=False | row_header=False | metadata=False
Cell S12 | value='187' | fill=None | rows=[11] | cols=[18] | col_header=False | row_header=False | metadata=False
Cell B13 | value='D: Identity & Passports' | fill=None | rows=[12] | cols=[1, 2] | col_header=False | row_header=False | metadata=False
Cell D13 | value='-26.249' | fill=None | rows=[12] | cols=[3] | col_header=False | row_header=False | metadata=False
Cell E13 | value='-13.4' | fill=None | rows=[12] | cols=[4] | col_header=False | row_header=False | metadata=False
Cell H13 | value='Average price of energy (£/KWH)' | fill=31 | rows=[12] | cols=[7] | col_header=False | row_header=False | metadata=False
Cell I13 | value='0.09' | fill=None | rows=[12] | cols=[8] | col_header=False | row_header=False | metadata=False
Cell J13 | value='0.09' | fill=None | rows=[12] | cols=[9] | col_header=False | row_header=False | metadata=False
Cell L13 | value='1 Crime rates - violent and property crime reported to the police (current = 12 months to the end of December 2011, previous = 12 months to the end of December 2010)' | fill=31 | rows=[12] | cols=[11] | col_header=False | row_header=False | metadata=False
Cell M13 | value='3448334' | fill=None | rows=[12] | cols=[12] | col_header=False | row_header=False | metadata=False
Cell N13 | value='3533597' | fill=None | rows=[12] | cols=[13] | col_header=False | row_header=False | metadata=False
Cell Q13 | value='Department Family' | fill=31 | rows=[12] | cols=[16] | col_header=False | row_header=False | metadata=False
Cell R13 | value='582' | fill=None | rows=[12] | cols=[17] | col_header=False | row_header=False | metadata=False
Cell S13 | value='666' | fill=None | rows=[12] | cols=[18] | col_header=False | row_header=False | metadata=False
Cell B14 | value='E: Central Home Office' | fill=None | rows=[13] | cols=[1, 2] | col_header=False | row_header=False | metadata=False
Cell D14 | value='78.288' | fill=None | rows=[13] | cols=[3] | col_header=False | row_header=False | metadata=False
Cell E14 | value='87.5' | fill=None | rows=[13] | cols=[4] | col_header=False | row_header=False | metadata=False
Cell G14 | value='IT' | fill=31 | rows=[13, 14] | cols=[6] | col_header=False | row_header=False | metadata=False
Cell H14 | value='Total 3rd Party ICT Cost (£million)' | fill=31 | rows=[13] | cols=[7] | col_header=False | row_header=False | metadata=False
Cell I14 | value='216.84' | fill=None | rows=[13] | cols=[8] | col_header=False | row_header=False | metadata=False
Cell J14 | value='110.58' | fill=None | rows=[13] | cols=[9] | col_header=False | row_header=False | metadata=False
Cell L14 | value='2a Number of known organised criminals (current = 30 June 2011)' | fill=31 | rows=[13] | cols=[11] | col_header=False | row_header=False | metadata=False
Cell M14 | value='38861' | fill=None | rows=[13] | cols=[12] | col_header=False | row_header=False | metadata=False
Cell N14 | value='Not applicable' | fill=None | rows=[13] | cols=[13] | col_header=False | row_header=False | metadata=False
Cell P14 | value='Department and Agencies Only' | fill=FFFFFF00 | rows=[13] | cols=[15, 16] | col_header=True | row_header=False | metadata=False
Cell R14 | value='Current' | fill=FFFFFF00 | rows=[13] | cols=[17] | col_header=True | row_header=False | metadata=False
Cell S14 | value='Previous' | fill=FFFFFF00 | rows=[13] | cols=[18] | col_header=True | row_header=False | metadata=False
Cell A15 | value='Purchase of goods and services within Resource DEL' | fill=31 | rows=[14] | cols=[0, 1, 2] | col_header=False | row_header=False | metadata=False
Cell D15 | value='684.835' | fill=None | rows=[14] | cols=[3] | col_header=False | row_header=False | metadata=False
Cell E15 | value='660.1' | fill=None | rows=[14] | cols=[4] | col_header=False | row_header=False | metadata=False
Cell H15 | value='Cost of desktop provision per FTE (£)' | fill=31 | rows=[14] | cols=[7] | col_header=False | row_header=False | metadata=False
Cell I15 | value='243.15' | fill=None | rows=[14] | cols=[8] | col_header=False | row_header=False | metadata=False
Cell J15 | value='237.27' | fill=None | rows=[14] | cols=[9] | col_header=False | row_header=False | metadata=False
Cell L15 | value='2b Number of organised crime groups (current = 30 June 2011)' | fill=31 | rows=[14] | cols=[11] | col_header=False | row_header=False | metadata=False
Cell M15 | value='7255' | fill=None | rows=[14] | cols=[12] | col_header=False | row_header=False | metadata=False
Cell N15 | value='Not applicable' | fill=None | rows=[14] | cols=[13] | col_header=False | row_header=False | metadata=False
Cell P15 | value='Workforce Shape
[Total full-time equivalent by]
(%, current = at 31 Mar 2012, previous = at 31 Dec 2011)' | fill=FF00B050 | rows=[14, 15, 16, 17, 18, 19] | cols=[15] | col_header=False | row_header=True | metadata=False
Cell Q15 | value='Administrative Assistants and Administrative Officers' | fill=31 | rows=[14] | cols=[16] | col_header=False | row_header=False | metadata=False
Cell R15 | value='32.1' | fill=None | rows=[14] | cols=[17] | col_header=False | row_header=False | metadata=False
Cell S15 | value='32.4' | fill=None | rows=[14] | cols=[18] | col_header=False | row_header=False | metadata=False
Cell A16 | value='Payroll within Resource DEL' | fill=31 | rows=[15] | cols=[0, 1, 2] | col_header=False | row_header=False | metadata=False
Cell D16 | value='390.215' | fill=None | rows=[15] | cols=[3] | col_header=False | row_header=False | metadata=False
Cell E16 | value='428.9' | fill=None | rows=[15] | cols=[4] | col_header=False | row_header=False | metadata=False
Cell G16 | value='Corporate Service Cost' | fill=31 | rows=[15, 16, 17, 18, 19] | cols=[6] | col_header=False | row_header=False | metadata=False
Cell H16 | value='Human Resources (£million)' | fill=31 | rows=[15] | cols=[7] | col_header=False | row_header=False | metadata=False
Cell I16 | value='18.14' | fill=None | rows=[15] | cols=[8] | col_header=False | row_header=False | metadata=False
Cell J16 | value='18.07' | fill=None | rows=[15] | cols=[9] | col_header=False | row_header=False | metadata=False
Cell L16 | value='3 Net migration  to the UK (current = year  to Sept 2011, previous = year to June 2011)' | fill=FFCCCCFF | rows=[15] | cols=[11] | col_header=False | row_header=False | metadata=False
Cell M16 | value='252000' | fill=None | rows=[15] | cols=[12] | col_header=False | row_header=False | metadata=False
Cell N16 | value='250000' | fill=None | rows=[15] | cols=[13] | col_header=False | row_header=False | metadata=False
Cell Q16 | value='Executive Officers' | fill=31 | rows=[15] | cols=[16] | col_header=False | row_header=False | metadata=False
Cell R16 | value='37.6' | fill=None | rows=[15] | cols=[17] | col_header=False | row_header=False | metadata=False
Cell S16 | value='37.6' | fill=None | rows=[15] | cols=[18] | col_header=False | row_header=False | metadata=False
Cell A17 | value='Grants within Resource DEL' | fill=31 | rows=[16] | cols=[0, 1, 2] | col_header=False | row_header=False | metadata=False
Cell D17 | value='1843.841' | fill=None | rows=[16] | cols=[3] | col_header=False | row_header=False | metadata=False
Cell E17 | value='1659.8' | fill=None | rows=[16] | cols=[4] | col_header=False | row_header=False | metadata=False
Cell H17 | value='Finance (£million)' | fill=31 | rows=[16] | cols=[7] | col_header=False | row_header=False | metadata=False
Cell I17 | value='7.73' | fill=None | rows=[16] | cols=[8] | col_header=False | row_header=False | metadata=False
Cell J17 | value='7.63' | fill=None | rows=[16] | cols=[9] | col_header=False | row_header=False | metadata=False
Cell L17 | value='4 Annual level of tax revenue that is protected through detecting goods where excise duty has not been declared (£million, current =January - March 2012, previous= October - December 2011)' | fill=FFCCCCFF | rows=[16] | cols=[11] | col_header=False | row_header=False | metadata=False
Cell M17 | value='60' | fill=None | rows=[16] | cols=[12] | col_header=False | row_header=False | metadata=False
Cell N17 | value='90' | fill=None | rows=[16] | cols=[13] | col_header=False | row_header=False | metadata=False
Cell Q17 | value='Higher and Senior Executive Officers' | fill=31 | rows=[16] | cols=[16] | col_header=False | row_header=False | metadata=False
Cell R17 | value='23' | fill=None | rows=[16] | cols=[17] | col_header=False | row_header=False | metadata=False
Cell S17 | value='22.8' | fill=None | rows=[16] | cols=[18] | col_header=False | row_header=False | metadata=False
Cell A18 | value='of which Capital DEL' | fill=31 | rows=[17] | cols=[0, 1, 2] | col_header=False | row_header=False | metadata=False
Cell D18 | value='222.883' | fill=None | rows=[17] | cols=[3] | col_header=False | row_header=False | metadata=False
Cell E18 | value='251.8' | fill=None | rows=[17] | cols=[4] | col_header=False | row_header=False | metadata=False
Cell H18 | value='Procurement (£million)' | fill=31 | rows=[17] | cols=[7] | col_header=False | row_header=False | metadata=False
Cell I18 | value='5.28' | fill=None | rows=[17] | cols=[8] | col_header=False | row_header=False | metadata=False
Cell J18 | value='4.13' | fill=None | rows=[17] | cols=[9] | col_header=False | row_header=False | metadata=False
Cell L18 | value='5 Clearance of passengers at the border within published standards (%, current = current =January - March 2012, previous= October - December 2011)' | fill=FFCCCCFF | rows=[17] | cols=[11] | col_header=False | row_header=False | metadata=False
Cell M18 | value='98' | fill=None | rows=[17] | cols=[12] | col_header=False | row_header=False | metadata=False
Cell N18 | value='98' | fill=None | rows=[17] | cols=[13] | col_header=False | row_header=False | metadata=False
Cell Q18 | value='Grade 7/6' | fill=31 | rows=[17] | cols=[16] | col_header=False | row_header=False | metadata=False
Cell R18 | value='6.4' | fill=None | rows=[17] | cols=[17] | col_header=False | row_header=False | metadata=False
Cell S18 | value='6.3' | fill=None | rows=[17] | cols=[18] | col_header=False | row_header=False | metadata=False
Cell A19 | value='Up to top 5 contributory elements' | fill=FF00B050 | rows=[18, 19, 20, 21, 22] | cols=[0] | col_header=False | row_header=True | metadata=False
Cell B19 | value='A: Crime and Policing' | fill=None | rows=[18] | cols=[1, 2] | col_header=False | row_header=False | metadata=False
Cell D19 | value='66.988' | fill=None | rows=[18] | cols=[3] | col_header=False | row_header=False | metadata=False
Cell E19 | value='87.3' | fill=None | rows=[18] | cols=[4] | col_header=False | row_header=False | metadata=False
Cell H19 | value='Legal (£million)' | fill=31 | rows=[18] | cols=[7] | col_header=False | row_header=False | metadata=False
Cell I19 | value='23.17' | fill=None | rows=[18] | cols=[8] | col_header=False | row_header=False | metadata=False
Cell J19 | value='13.03' | fill=None | rows=[18] | cols=[9] | col_header=False | row_header=False | metadata=False
Cell L19 | value='6 Percentage of migration applications decided within published standards (%, current =January - March 2012, previous= October - December 2011)' | fill=FFCCCCFF | rows=[18] | cols=[11] | col_header=False | row_header=False | metadata=False
Cell M19 | value='94' | fill=None | rows=[18] | cols=[12] | col_header=False | row_header=False | metadata=False
Cell N19 | value='92' | fill=None | rows=[18] | cols=[13] | col_header=False | row_header=False | metadata=False
Cell Q19 | value='Senior Civil Servants' | fill=31 | rows=[18] | cols=[16] | col_header=False | row_header=False | metadata=False
Cell R19 | value='0.9' | fill=None | rows=[18] | cols=[17] | col_header=False | row_header=False | metadata=False
Cell S19 | value='0.9' | fill=None | rows=[18] | cols=[18] | col_header=False | row_header=False | metadata=False
Cell B20 | value='B: UK Border Agency' | fill=None | rows=[19] | cols=[1, 2] | col_header=False | row_header=False | metadata=False
Cell D20 | value='45.607' | fill=None | rows=[19] | cols=[3] | col_header=False | row_header=False | metadata=False
Cell E20 | value='75.8' | fill=None | rows=[19] | cols=[4] | col_header=False | row_header=False | metadata=False
Cell H20 | value='Communications (£million)' | fill=31 | rows=[19] | cols=[7] | col_header=False | row_header=False | metadata=False
Cell I20 | value='12.19' | fill=None | rows=[19] | cols=[8] | col_header=False | row_header=False | metadata=False
Cell J20 | value='8.23' | fill=None | rows=[19] | cols=[9] | col_header=False | row_header=False | metadata=False
Cell L20 | value='7 Percentage of asylum applications concluded in one year (%, current =January - March 2012, previous= October - December 2011)' | fill=FFCCCCFF | rows=[19] | cols=[11] | col_header=False | row_header=False | metadata=False
Cell M20 | value='63' | fill=None | rows=[19] | cols=[12] | col_header=False | row_header=False | metadata=False
Cell N20 | value='64' | fill=None | rows=[19] | cols=[13] | col_header=False | row_header=False | metadata=False
Cell Q20 | value='Part Time' | fill=31 | rows=[19] | cols=[16] | col_header=False | row_header=False | metadata=False
Cell R20 | value='19.6' | fill=None | rows=[19] | cols=[17] | col_header=False | row_header=False | metadata=False
Cell S20 | value='19' | fill=None | rows=[19] | cols=[18] | col_header=False | row_header=False | metadata=False
Cell B21 | value='C: Security & Counter Terrorism' | fill=None | rows=[20] | cols=[1, 2] | col_header=False | row_header=False | metadata=False
Cell D21 | value='58.281' | fill=None | rows=[20] | cols=[3] | col_header=False | row_header=False | metadata=False
Cell E21 | value='63.6' | fill=None | rows=[20] | cols=[4] | col_header=False | row_header=False | metadata=False
Cell G21 | value='Fraud, Error, Debt' | fill=31 | rows=[20, 21, 22, 23] | cols=[6] | col_header=False | row_header=False | metadata=False
Cell H21 | value='Total Identified Fraud (£million)' | fill=31 | rows=[20] | cols=[7] | col_header=False | row_header=False | metadata=False
Cell I21 | value='0.025063' | fill=None | rows=[20] | cols=[8] | col_header=False | row_header=False | metadata=False
Cell J21 | value='0.001949' | fill=None | rows=[20] | cols=[9] | col_header=False | row_header=False | metadata=False
Cell L21 | value='8 Passport applications processed within target (%, current = Q4 2011-12, previous = Q3 2011-12)' | fill=31 | rows=[20] | cols=[11] | col_header=False | row_header=False | metadata=False
Cell M21 | value='100' | fill=None | rows=[20] | cols=[12] | col_header=False | row_header=False | metadata=False
Cell N21 | value='99' | fill=None | rows=[20] | cols=[13] | col_header=False | row_header=False | metadata=False
Cell P21 | value='Workforce Dynamics' | fill=FF00B050 | rows=[20, 21] | cols=[15] | col_header=False | row_header=True | metadata=False
Cell Q21 | value='Recruitment Exceptions (current = Q4  2011-12, previous = Q3 2011-12)' | fill=31 | rows=[20] | cols=[16] | col_header=False | row_header=False | metadata=False
Cell R21 | value='164' | fill=None | rows=[20] | cols=[17] | col_header=False | row_header=False | metadata=False
Cell S21 | value='23' | fill=None | rows=[20] | cols=[18] | col_header=False | row_header=False | metadata=False
Cell B22 | value='D: Identity & Passports' | fill=None | rows=[21] | cols=[1, 2] | col_header=False | row_header=False | metadata=False
Cell D22 | value='23.728' | fill=None | rows=[21] | cols=[3] | col_header=False | row_header=False | metadata=False
Cell E22 | value='21.2' | fill=None | rows=[21] | cols=[4] | col_header=False | row_header=False | metadata=False
Cell H22 | value='Total known Errors (£million)' | fill=31 | rows=[21] | cols=[7] | col_header=False | row_header=False | metadata=False
Cell I22 | value='0' | fill=None | rows=[21] | cols=[8] | col_header=False | row_header=False | metadata=False
Cell J22 | value='0.51' | fill=None | rows=[21] | cols=[9] | col_header=False | row_header=False | metadata=False
Cell L22 | value='9a Number of organisations that voluntarily report on the gender diversity of their workforce (Organisations with 250+ employees, current=2009-11)' | fill=31 | rows=[21] | cols=[11] | col_header=False | row_header=False | metadata=False
Cell M22 | value='400' | fill=None | rows=[21] | cols=[12] | col_header=False | row_header=False | metadata=False
Cell N22 | value='Not applicable' | fill=None | rows=[21] | cols=[13] | col_header=False | row_header=False | metadata=False
Cell Q22 | value='Annual Turnover Rate (%, current = at 31 Mar 2012, previous = at 31 Dec 2011)' | fill=31 | rows=[21] | cols=[16] | col_header=False | row_header=False | metadata=False
Cell R22 | value='10.8' | fill=None | rows=[21] | cols=[17] | col_header=False | row_header=False | metadata=False
Cell S22 | value='12.5' | fill=None | rows=[21] | cols=[18] | col_header=False | row_header=False | metadata=False
Cell B23 | value='E: Central Home Office' | fill=None | rows=[22] | cols=[1, 2] | col_header=False | row_header=False | metadata=False
Cell D23 | value='28.279' | fill=None | rows=[22] | cols=[3] | col_header=False | row_header=False | metadata=False
Cell E23 | value='3.6' | fill=None | rows=[22] | cols=[4] | col_header=False | row_header=False | metadata=False
Cell H23 | value='Total Debt (£million)' | fill=31 | rows=[22] | cols=[7] | col_header=False | row_header=False | metadata=False
Cell I23 | value='38.37' | fill=None | rows=[22] | cols=[8] | col_header=False | row_header=False | metadata=False
Cell J23 | value='32.97' | fill=None | rows=[22] | cols=[9] | col_header=False | row_header=False | metadata=False
Cell L23 | value='9b Number of organisations that voluntarily report on their gender pay gap  (Organisations with 250+ employees, current=2009-11)' | fill=31 | rows=[22] | cols=[11] | col_header=False | row_header=False | metadata=False
Cell M23 | value='100' | fill=None | rows=[22] | cols=[12] | col_header=False | row_header=False | metadata=False
Cell N23 | value='Not applicable' | fill=None | rows=[22] | cols=[13] | col_header=False | row_header=False | metadata=False
Cell P23 | value='Workforce Diversity
[Total]
(%, current = at 31 Mar 2012, previous = at 31 Dec 2011)' | fill=FF00B050 | rows=[22, 23, 24] | cols=[15] | col_header=False | row_header=True | metadata=False
Cell Q23 | value='Black and Minority Ethnic' | fill=31 | rows=[22] | cols=[16] | col_header=False | row_header=False | metadata=False
Cell R23 | value='23.2' | fill=None | rows=[22] | cols=[17] | col_header=False | row_header=False | metadata=False
Cell S23 | value='23.2' | fill=None | rows=[22] | cols=[18] | col_header=False | row_header=False | metadata=False
Cell A24 | value='Total Annually Managed Expenditure (AME)' | fill=31 | rows=[23] | cols=[0, 1, 2] | col_header=False | row_header=False | metadata=False
Cell D24 | value='374.23' | fill=None | rows=[23] | cols=[3] | col_header=False | row_header=False | metadata=False
Cell E24 | value='61.3' | fill=None | rows=[23] | cols=[4] | col_header=False | row_header=False | metadata=False
Cell H24 | value='Debtor Days' | fill=31 | rows=[23] | cols=[7] | col_header=False | row_header=False | metadata=False
Cell I24 | value='9.28' | fill=None | rows=[23] | cols=[8] | col_header=False | row_header=False | metadata=False
Cell J24 | value='5.76' | fill=None | rows=[23] | cols=[9] | col_header=False | row_header=False | metadata=False
Cell L24 | value='Other Data Sets' | fill=00000000 | rows=[23] | cols=[11] | col_header=False | row_header=False | metadata=False
Cell M24 | value='Current' | fill=FFFFFF00 | rows=[23] | cols=[12] | col_header=True | row_header=False | metadata=False
Cell N24 | value='Previous' | fill=FFFFFF00 | rows=[23] | cols=[13] | col_header=True | row_header=False | metadata=False
Cell Q24 | value='Women' | fill=31 | rows=[23] | cols=[16] | col_header=False | row_header=False | metadata=False
Cell R24 | value='52.3' | fill=None | rows=[23] | cols=[17] | col_header=False | row_header=False | metadata=False
Cell S24 | value='52.3' | fill=None | rows=[23] | cols=[18] | col_header=False | row_header=False | metadata=False
Cell A25 | value='Up to top 5 contributory elements' | fill=FF00B050 | rows=[24, 25, 26, 27, 28] | cols=[0] | col_header=False | row_header=True | metadata=False
Cell B25 | value='A: Crime and Policing' | fill=None | rows=[24] | cols=[1, 2] | col_header=False | row_header=False | metadata=False
Cell D25 | value='384.526' | fill=None | rows=[24] | cols=[3] | col_header=False | row_header=False | metadata=False
Cell E25 | value='34.8' | fill=None | rows=[24] | cols=[4] | col_header=False | row_header=False | metadata=False
Cell G25 | value='Voluntary and community sector (VCS)/Small and medium enterprises (SME)' | fill=31 | rows=[24, 25, 26] | cols=[6] | col_header=False | row_header=False | metadata=False
Cell H25 | value='Procurement spend with SME (£million)' | fill=31 | rows=[24] | cols=[7] | col_header=False | row_header=False | metadata=False
Cell I25 | value='59.29' | fill=None | rows=[24] | cols=[8] | col_header=False | row_header=False | metadata=False
Cell J25 | value='36.42' | fill=None | rows=[24] | cols=[9] | col_header=False | row_header=False | metadata=False
Cell L25 | value='1  Non-asylum passengers initially refused entry (current = Q1 2012, previous = Q4 2011 (calendar years))' | fill=31 | rows=[24] | cols=[11] | col_header=False | row_header=False | metadata=False
Cell M25 | value='3473' | fill=None | rows=[24] | cols=[12] | col_header=False | row_header=False | metadata=False
Cell N25 | value='4148' | fill=None | rows=[24] | cols=[13] | col_header=False | row_header=False | metadata=False
Cell Q25 | value='Disabled' | fill=31 | rows=[24] | cols=[16] | col_header=False | row_header=False | metadata=False
Cell R25 | value='6.7' | fill=None | rows=[24] | cols=[17] | col_header=False | row_header=False | metadata=False
Cell S25 | value='6.7' | fill=None | rows=[24] | cols=[18] | col_header=False | row_header=False | metadata=False
Cell B26 | value='B: UK Border Agency' | fill=None | rows=[25] | cols=[1, 2] | col_header=False | row_header=False | metadata=False
Cell D26 | value='-7.655' | fill=None | rows=[25] | cols=[3] | col_header=False | row_header=False | metadata=False
Cell E26 | value='23.7' | fill=None | rows=[25] | cols=[4] | col_header=False | row_header=False | metadata=False
Cell H26 | value='Procurement spend with VCS (£million)' | fill=31 | rows=[25] | cols=[7] | col_header=False | row_header=False | metadata=False
Cell I26 | value='2.99' | fill=None | rows=[25] | cols=[8] | col_header=False | row_header=False | metadata=False
Cell J26 | value='Not applicable' | fill=None | rows=[25] | cols=[9] | col_header=False | row_header=False | metadata=False
Cell L26 | value='2 Total removals and voluntary departures  (current = Q1 2012, previous = Q4 2011 (calendar years))' | fill=31 | rows=[25] | cols=[11] | col_header=False | row_header=False | metadata=False
Cell M26 | value='13386' | fill=None | rows=[25] | cols=[12] | col_header=False | row_header=False | metadata=False
Cell N26 | value='13661' | fill=None | rows=[25] | cols=[13] | col_header=False | row_header=False | metadata=False
Cell P26 | value='Workforce Diversity
[Senior Civil Servants only]
(%, current = at 31 Mar 2012, previous = at 31 Dec 2011)' | fill=FF00B050 | rows=[25, 26, 27, 28] | cols=[15] | col_header=False | row_header=True | metadata=False
Cell Q26 | value='Black and Minority Ethnic' | fill=31 | rows=[25] | cols=[16] | col_header=False | row_header=False | metadata=False
Cell R26 | value='6' | fill=None | rows=[25] | cols=[17] | col_header=False | row_header=False | metadata=False
Cell S26 | value='5.6' | fill=None | rows=[25] | cols=[18] | col_header=False | row_header=False | metadata=False
Cell B27 | value='C: Security & Counter Terrorism' | fill=None | rows=[26] | cols=[1, 2] | col_header=False | row_header=False | metadata=False
Cell D27 | value='0.561' | fill=None | rows=[26] | cols=[3] | col_header=False | row_header=False | metadata=False
Cell E27 | value='1.1' | fill=None | rows=[26] | cols=[4] | col_header=False | row_header=False | metadata=False
Cell H27 | value='Grants to VCS (£million)' | fill=31 | rows=[26] | cols=[7] | col_header=False | row_header=False | metadata=False
Cell I27 | value='10.96' | fill=None | rows=[26] | cols=[8] | col_header=False | row_header=False | metadata=False
Cell J27 | value='11.89' | fill=None | rows=[26] | cols=[9] | col_header=False | row_header=False | metadata=False
Cell L27 | value='3 Number of asylum applications received (current = Q1 2012, previous = Q4 2011 (calendar years))' | fill=31 | rows=[26] | cols=[11] | col_header=False | row_header=False | metadata=False
Cell M27 | value='4818' | fill=None | rows=[26] | cols=[12] | col_header=False | row_header=False | metadata=False
Cell N27 | value='5261' | fill=None | rows=[26] | cols=[13] | col_header=False | row_header=False | metadata=False
Cell Q27 | value='Women' | fill=31 | rows=[26] | cols=[16] | col_header=False | row_header=False | metadata=False
Cell R27 | value='38.5' | fill=None | rows=[26] | cols=[17] | col_header=False | row_header=False | metadata=False
Cell S27 | value='38.1' | fill=None | rows=[26] | cols=[18] | col_header=False | row_header=False | metadata=False
Cell B28 | value='D: Identity & Passports' | fill=None | rows=[27] | cols=[1, 2] | col_header=False | row_header=False | metadata=False
Cell D28 | value='-1.802' | fill=None | rows=[27] | cols=[3] | col_header=False | row_header=False | metadata=False
Cell E28 | value='3.4' | fill=None | rows=[27] | cols=[4] | col_header=False | row_header=False | metadata=False
Cell G28 | value='Major Projects (Top 5)' | fill=FFFFFF00 | rows=[27] | cols=[6, 7, 8] | col_header=True | row_header=False | metadata=False
Cell J28 | value='Cost' | fill=FFFFFF00 | rows=[27] | cols=[9] | col_header=True | row_header=False | metadata=False
Cell L28 | value='4 Number of hits that the Police.uk has received (current= January 2011 - June 2012, previous= January 2011 - March 2012)' | fill=31 | rows=[27] | cols=[11] | col_header=False | row_header=False | metadata=False
Cell M28 | value='484765704' | fill=None | rows=[27] | cols=[12] | col_header=False | row_header=False | metadata=False
Cell N28 | value='469678632' | fill=None | rows=[27] | cols=[13] | col_header=False | row_header=False | metadata=False
Cell Q28 | value='Women (Top Management Posts)' | fill=31 | rows=[27] | cols=[16] | col_header=False | row_header=False | metadata=False
Cell R28 | value='29.6' | fill=None | rows=[27] | cols=[17] | col_header=False | row_header=False | metadata=False
Cell S28 | value='28.9' | fill=None | rows=[27] | cols=[18] | col_header=False | row_header=False | metadata=False
Cell B29 | value='E: Central Home Office' | fill=None | rows=[28] | cols=[1, 2] | col_header=False | row_header=False | metadata=False
Cell D29 | value='-1.4' | fill=None | rows=[28] | cols=[3] | col_header=False | row_header=False | metadata=False
Cell E29 | value='-1.9' | fill=None | rows=[28] | cols=[4] | col_header=False | row_header=False | metadata=False
Cell G29 | value='A: Compass - Ongoing contract provision for UKBA accommodation and related services (£million)' | fill=31 | rows=[28] | cols=[6, 7, 8] | col_header=False | row_header=False | metadata=False
Cell J29 | value='883' | fill=None | rows=[28] | cols=[9] | col_header=False | row_header=False | metadata=False
Cell L29 | value='Structural Reform Plan Actions' | fill=FFFFFF00 | rows=[28] | cols=[11] | col_header=True | row_header=False | metadata=False
Cell M29 | value='Q1 2012-13' | fill=31 | rows=[28] | cols=[12] | col_header=False | row_header=False | metadata=False
Cell N29 | value='Q4 2011-12' | fill=31 | rows=[28] | cols=[13] | col_header=False | row_header=False | metadata=False
Cell Q29 | value='Disabled' | fill=31 | rows=[28] | cols=[16] | col_header=False | row_header=False | metadata=False
Cell R29 | value='4.4' | fill=None | rows=[28] | cols=[17] | col_header=False | row_header=False | metadata=False
Cell S29 | value='4.4' | fill=None | rows=[28] | cols=[18] | col_header=False | row_header=False | metadata=False
Cell A30 | value='Financial Indicators' | fill=FFFFFF00 | rows=[29] | cols=[0, 1, 2] | col_header=True | row_header=False | metadata=False
Cell D30 | value='Q4 2011-12' | fill=31 | rows=[29] | cols=[3] | col_header=False | row_header=False | metadata=False
Cell E30 | value='Q3 2011-12' | fill=31 | rows=[29] | cols=[4] | col_header=False | row_header=False | metadata=False
Cell G30 | value='B: e-Borders - This programme will create an integrated and more secure border for the 21st century (£million)' | fill=31 | rows=[29] | cols=[6, 7, 8] | col_header=False | row_header=False | metadata=False
Cell J30 | value='801' | fill=None | rows=[29] | cols=[9] | col_header=False | row_header=False | metadata=False
Cell L30 | value='Total number of actions completed over the quarter' | fill=31 | rows=[29] | cols=[11] | col_header=False | row_header=False | metadata=False
Cell M30 | value='17' | fill=None | rows=[29] | cols=[12] | col_header=False | row_header=False | metadata=False
Cell N30 | value='15' | fill=None | rows=[29] | cols=[13] | col_header=False | row_header=False | metadata=False
Cell P30 | value='Attendance (AWDL) (see measurement annex for time coverage)' | fill=FF00B050 | rows=[29, 30] | cols=[15] | col_header=False | row_header=True | metadata=False
Cell Q30 | value='Actual' | fill=31 | rows=[29] | cols=[16] | col_header=False | row_header=False | metadata=False
Cell R30 | value='7.9' | fill=None | rows=[29] | cols=[17] | col_header=False | row_header=False | metadata=False
Cell S30 | value='7.8' | fill=None | rows=[29] | cols=[18] | col_header=False | row_header=False | metadata=False
Cell A31 | value='Accuracy of Cash Forecasting ( +/- %)' | fill=31 | rows=[30] | cols=[0, 1, 2] | col_header=False | row_header=False | metadata=False
Cell D31 | value='4.74' | fill=None | rows=[30] | cols=[3] | col_header=False | row_header=False | metadata=False
Cell E31 | value='6.32' | fill=None | rows=[30] | cols=[4] | col_header=False | row_header=False | metadata=False
Cell G31 | value='C: Cyclamen - To deter the illicit importation of freight entering the UK, whilst minimising the disruption to legitimate passengers and freight (£million)' | fill=31 | rows=[30] | cols=[6, 7, 8] | col_header=False | row_header=False | metadata=False
Cell J31 | value='747' | fill=None | rows=[30] | cols=[9] | col_header=False | row_header=False | metadata=False
Cell L31 | value='Total number of actions overdue at the end of the quarter' | fill=31 | rows=[30] | cols=[11] | col_header=False | row_header=False | metadata=False
Cell M31 | value='21' | fill=None | rows=[30] | cols=[12] | col_header=False | row_header=False | metadata=False
Cell N31 | value='15' | fill=None | rows=[30] | cols=[13] | col_header=False | row_header=False | metadata=False
Cell Q31 | value='Standardised' | fill=31 | rows=[30] | cols=[16] | col_header=False | row_header=False | metadata=False
Cell R31 | value='8.1' | fill=None | rows=[30] | cols=[17] | col_header=False | row_header=False | metadata=False
Cell S31 | value='8.1' | fill=None | rows=[30] | cols=[18] | col_header=False | row_header=False | metadata=False
Cell A32 | value='Working Capital Forecast (% variance of Actual v Forecast)' | fill=31 | rows=[31] | cols=[0, 1, 2] | col_header=False | row_header=False | metadata=False
Cell D32 | value='38.16' | fill=None | rows=[31] | cols=[3] | col_header=False | row_header=False | metadata=False
Cell E32 | value='187.03' | fill=None | rows=[31] | cols=[4] | col_header=False | row_header=False | metadata=False
Cell G32 | value='D: Disclosure and Barring Programme - To reduce costs and enhance vetting services offered by CRB and ISA (£million)' | fill=31 | rows=[31] | cols=[6, 7, 8] | col_header=False | row_header=False | metadata=False
Cell J32 | value='708' | fill=None | rows=[31] | cols=[9] | col_header=False | row_header=False | metadata=False
Cell L32 | value='Number of overdue actions that are attributable to external factors' | fill=31 | rows=[31] | cols=[11] | col_header=False | row_header=False | metadata=False
Cell M32 | value='3' | fill=None | rows=[31] | cols=[12] | col_header=False | row_header=False | metadata=False
Cell N32 | value='0' | fill=None | rows=[31] | cols=[13] | col_header=False | row_header=False | metadata=False
Cell P32 | value='Department only; People Survey Metrics' | fill=FFFFFF00 | rows=[31] | cols=[15, 16] | col_header=True | row_header=False | metadata=False
Cell R32 | value='2011 survey' | fill=31 | rows=[31] | cols=[17] | col_header=False | row_header=False | metadata=False
Cell S32 | value='2010 survey' | fill=31 | rows=[31] | cols=[18] | col_header=False | row_header=False | metadata=False
Cell A33 | value='Net Book Value (% variance of Actual v Forecast)' | fill=31 | rows=[32] | cols=[0, 1, 2] | col_header=False | row_header=False | metadata=False
Cell D33 | value='5.03' | fill=None | rows=[32] | cols=[3] | col_header=False | row_header=False | metadata=False
Cell E33 | value='1.92' | fill=None | rows=[32] | cols=[4] | col_header=False | row_header=False | metadata=False
Cell G33 | value='E: New Passport Programme - To deliver a new supplier and design for UK passport (£million)' | fill=31 | rows=[32] | cols=[6, 7, 8] | col_header=False | row_header=False | metadata=False
Cell J33 | value='453' | fill=None | rows=[32] | cols=[9] | col_header=False | row_header=False | metadata=False
Cell L33 | value='Total number of actions ongoing' | fill=31 | rows=[32] | cols=[11] | col_header=False | row_header=False | metadata=False
Cell M33 | value='21' | fill=None | rows=[32] | cols=[12] | col_header=False | row_header=False | metadata=False
Cell N33 | value='36' | fill=None | rows=[32] | cols=[13] | col_header=False | row_header=False | metadata=False
Cell P33 | value='Engagement Index (%)' | fill=FF00B050 | rows=[32] | cols=[15, 16] | col_header=False | row_header=True | metadata=False
Cell R33 | value='58' | fill=None | rows=[32] | cols=[17] | col_header=False | row_header=False | metadata=False
Cell S33 | value='57' | fill=None | rows=[32] | cols=[18] | col_header=False | row_header=False | metadata=False
Cell G34 | value='£m whole life cost of ALL major projects' | fill=31 | rows=[33] | cols=[6, 7, 8] | col_header=False | row_header=False | metadata=False
Cell J34 | value='7088' | fill=None | rows=[33] | cols=[9] | col_header=False | row_header=False | metadata=False
Cell L34 | value='Total number of actions in the business plan that have yet to start' | fill=31 | rows=[33] | cols=[11] | col_header=False | row_header=False | metadata=False
Cell M34 | value='4' | fill=None | rows=[33] | cols=[12] | col_header=False | row_header=False | metadata=False
Cell N34 | value='12' | fill=None | rows=[33] | cols=[13] | col_header=False | row_header=False | metadata=False
Cell P34 | value='Theme scores  (%)' | fill=FF00B050 | rows=[33, 34, 35, 36] | cols=[15] | col_header=False | row_header=True | metadata=False
Cell Q34 | value='Leadership and Managing Change' | fill=31 | rows=[33] | cols=[16] | col_header=False | row_header=False | metadata=False
Cell R34 | value='40' | fill=None | rows=[33] | cols=[17] | col_header=False | row_header=False | metadata=False
Cell S34 | value='38' | fill=None | rows=[33] | cols=[18] | col_header=False | row_header=False | metadata=False
Cell Q35 | value='My Work' | fill=31 | rows=[34] | cols=[16] | col_header=False | row_header=False | metadata=False
Cell R35 | value='76' | fill=None | rows=[34] | cols=[17] | col_header=False | row_header=False | metadata=False
Cell S35 | value='72' | fill=None | rows=[34] | cols=[18] | col_header=False | row_header=False | metadata=False
Cell A36 | value='Notes: 
(1) For more information on time periods, please refer to measurement annex;
(2) Numbers may not sum to totals due to rounding;
(3) For cells that are marked as 'not applicable' please refer to measurement annex  for specific reasons;
(4) For cells that are marked with a QDS number and a year (e.g. QDS4 2011-12) refers to the future QDS publication that the department will be able to provide the missing data. Please refer to measurement annex for specific reasons for this missing data;
(5) Cells coloured 'white' indicate missing data cells;
(6) Cells coloured "light grey" indicate where data does not conform to the technical definition requested, please refer to the measurement annex for specific reasons;
(7) Further information on input and impact indicators please visit http://www.homeoffice.gov.uk/publications/about-us/corporate-publications/business-plan/business-plan-2012-15-data/;
(8) Further information on the Structural Reform Plan Actions visit: http://transparency-archive.number10.gov.uk/transparency/srp;
(9) Outturn data for 2011/12 against each of the QDS indicators is included in Departments’ Annual Reports and Accounts. Due to changes in the way in which results are calculated, those outturn figures may differ slightly from the cumulative data to be found in the QDSs for the four quarters to March 2012' | fill=FF00B0F0 | rows=[35, 36, 37, 38, 39, 40] | cols=[0, 1, 2, 3, 4, 5, 6, 7, 8, 9, 10, 11] | col_header=False | row_header=False | metadata=True
Cell Q36 | value='My Line Manager' | fill=31 | rows=[35] | cols=[16] | col_header=False | row_header=False | metadata=False
Cell R36 | value='67' | fill=None | rows=[35] | cols=[17] | col_header=False | row_header=False | metadata=False
Cell S36 | value='66' | fill=None | rows=[35] | cols=[18] | col_header=False | row_header=False | metadata=False
Cell Q37 | value='Organisational Objectives & Purpose' | fill=31 | rows=[36] | cols=[16] | col_header=False | row_header=False | metadata=False
Cell R37 | value='82' | fill=None | rows=[36] | cols=[17] | col_header=False | row_header=False | metadata=False
Cell S37 | value='80' | fill=None | rows=[36] | cols=[18] | col_header=False | row_header=False | metadata=False
Cell P38 | value='Contact details:
Public enquires: Members of the public should contact 020 7035 4848 or 020 7035 4742 (for people with impaired hearing).
Press enquiries: Members of the media should contact the News Desk on 020 7035 3535.' | fill=FF00B0F0 | rows=[37, 38, 39] | cols=[15, 16, 17, 18] | col_header=False | row_header=False | metadata=True
Cell A42 | value='Any interpretation of this management information must give careful consideration to the caveats noted in the measurement annex. Many of the measures are not yet directly comparable because they do not have common definitions, time periods, or data collection processes.' | fill=FF00B0F0 | rows=[41] | cols=[0, 1, 2, 3, 4, 5, 6, 7, 8, 9, 10, 11, 12, 13] | col_header=False | row_header=False | metadata=True

