=== economy-table75.xlsx ===
Cell A1 | value='PRIORITY' | fill=FFFFFF00 | rows=[0] | cols=[0, 1] | col_header=True | row_header=True | metadata=False
Cell C1 | value='DESCRIPTION' | fill=FFFFFF00 | rows=[0] | cols=[2, 3, 4, 5, 6, 7] | col_header=True | row_header=False | metadata=False
Cell I1 | value='STATUS' | fill=FFFFFF00 | rows=[0] | cols=[8, 9, 10] | col_header=True | row_header=False | metadata=False
Cell A2 | value='GLO' | fill=FFFFFF00 | rows=[1] | cols=[0] | col_header=True | row_header=False | metadata=False
Cell B2 | value='REG' | fill=FFFFFF00 | rows=[1] | cols=[1] | col_header=True | row_header=False | metadata=False
Cell C2 | value='REGION' | fill=FFFFFF00 | rows=[1] | cols=[2] | col_header=True | row_header=False | metadata=False
Cell D2 | value='CUSTOMER' | fill=FFFFFF00 | rows=[1] | cols=[3] | col_header=True | row_header=False | metadata=False
Cell E2 | value='CITY' | fill=FFFFFF00 | rows=[1] | cols=[4] | col_header=True | row_header=False | metadata=False
Cell F2 | value='POS' | fill=FFFFFF00 | rows=[1] | cols=[5] | col_header=True | row_header=False | metadata=False
Cell G2 | value='PART TYPE' | fill=FFFFFF00 | rows=[1] | cols=[6] | col_header=True | row_header=False | metadata=False
Cell H2 | value='Part #' | fill=FFFFFF00 | rows=[1] | cols=[7] | col_header=True | row_header=False | metadata=False
Cell I2 | value='Date 1' | fill=FFFFFF00 | rows=[1] | cols=[8] | col_header=True | row_header=False | metadata=False
Cell J2 | value='Date 2' | fill=FFFFFF00 | rows=[1] | cols=[9] | col_header=True | row_header=False | metadata=False
Cell K2 | value='Date 3' | fill=FFFFFF00 | rows=[1] | cols=[10] | col_header=True | row_header=False | metadata=False
Cell L2 | value='1' | fill=00000000 | rows=[1] | cols=[11] | col_header=False | row_header=False | metadata=False
Cell M2 | value='2' | fill=00000000 | rows=[1] | cols=[12] | col_header=False | row_header=False | metadata=False
Cell N2 | value='3' | fill=00000000 | rows=[1] | cols=[13] | col_header=False | row_header=False | metadata=False
Cell O2 | value='%' | fill=FFFFFF00 | rows=[1] | cols=[14] | col_header=True | row_header=False | metadata=False
Cell P2 | value='$ Total' | fill=FFFFFF00 | rows=[1] | cols=[15] | col_header=True | row_header=False | metadata=False
Cell A3 | value='1' | fill=00000000 | rows=[2, 3] | cols=[0] | col_header=False | row_header=False | metadata=False
Cell B3 | value='1' | fill=00000000 | rows=[2, 3] | cols=[1] | col_header=False | row_header=False | metadata=False
Cell C3 | value='EMEA' | fill=00000000 | rows=[2, 3] | cols=[2] | col_header=False | row_header=False | metadata=False
Cell D3 | value='B' | fill=00000000 | rows=[2, 3] | cols=[3] | col_header=False | row_header=False | metadata=False
Cell E3 | value='LONDON' | fill=00000000 | rows=[2, 3] | cols=[4] | col_header=False | row_header=False | metadata=False
Cell F3 | value='LTN' | fill=00000000 | rows=[2, 3] | cols=[5] | col_header=False | row_header=False | metadata=False
Cell G3 | value='A' | fill=00000000 | rows=[2, 3] | cols=[6] | col_header=False | row_header=False | metadata=False
Cell H3 | value='121' | fill=00000000 | rows=[2, 3] | cols=[7] | col_header=False | row_header=False | metadata=False
Cell I3 | value='2012-12-01 00:00:00' | fill=22 | rows=[2] | cols=[8] | col_header=False | row_header=False | metadata=False
Cell J3 | value='2013-05-01 00:00:00' | fill=22 | rows=[2] | cols=[9] | col_header=False | row_header=False | metadata=False
Cell K3 | value='2013-06-01 00:00:00' | fill=22 | rows=[2] | cols=[10] | col_header=False | row_header=False | metadata=False
Cell L3 | value='187200' | fill=00000000 | rows=[2, 3] | cols=[11] | col_header=False | row_header=False | metadata=False
Cell M3 | value='0' | fill=00000000 | rows=[2, 3] | cols=[12] | col_header=False | row_header=False | metadata=False
Cell N3 | value='748800' | fill=00000000 | rows=[2, 3] | cols=[13] | col_header=False | row_header=False | metadata=False
Cell O3 | value='0.25' | fill=00000000 | rows=[2, 3] | cols=[14] | col_header=False | row_header=False | metadata=False
Cell P3 | value='936000' | fill=00000000 | rows=[2, 3] | cols=[15] | col_header=False | row_header=False | metadata=False
Cell I4 | value='2012-12-01 00:00:00' | fill=50 | rows=[3] | cols=[8] | col_header=False | row_header=False | metadata=False
Cell A5 | value='2' | fill=00000000 | rows=[4, 5] | cols=[0] | col_header=False | row_header=False | metadata=False
Cell B5 | value='1' | fill=00000000 | rows=[4, 5] | cols=[1] | col_header=False | row_header=False | metadata=False
Cell C5 | value='EMEA' | fill=00000000 | rows=[4, 5] | cols=[2] | col_header=False | row_header=False | metadata=False
Cell D5 | value='B' | fill=00000000 | rows=[4, 5] | cols=[3] | col_header=False | row_header=False | metadata=False
Cell E5 | value='Vilnius' | fill=00000000 | rows=[4, 5] | cols=[4] | col_header=False | row_header=False | metadata=False
Cell F5 | value='SD' | fill=00000000 | rows=[4, 5] | cols=[5] | col_header=False | row_header=False | metadata=False
Cell G5 | value='B' | fill=00000000 | rows=[4, 5] | cols=[6] | col_header=False | row_header=False | metadata=False
Cell H5 | value='127' | fill=00000000 | rows=[4, 5] | cols=[7] | col_header=False | row_header=False | metadata=False
Cell I5 | value='2012-10-01 00:00:00' | fill=22 | rows=[4] | cols=[8] | col_header=False | row_header=False | metadata=False
Cell J5 | value='2013-01-01 00:00:00' | fill=22 | rows=[4] | cols=[9] | col_header=False | row_header=False | metadata=False
Cell K5 | value='2013-03-01 00:00:00' | fill=22 | rows=[4] | cols=[10] | col_header=False | row_header=False | metadata=False
Cell L5 | value='62000' | fill=00000000 | rows=[4, 5] | cols=[11] | col_header=False | row_header=False | metadata=False
Cell M5 | value='346320' | fill=00000000 | rows=[4, 5] | cols=[12] | col_header=False | row_header=False | metadata=False
Cell N5 | value='$0' | fill=00000000 | rows=[4, 5] | cols=[13] | col_header=False | row_header=False | metadata=False
Cell O5 | value='1' | fill=00000000 | rows=[4, 5] | cols=[14] | col_header=False | row_header=False | metadata=False
Cell P5 | value='408320' | fill=00000000 | rows=[4, 5] | cols=[15] | col_header=False | row_header=False | metadata=False
Cell I6 | value='2012-10-01 00:00:00' | fill=50 | rows=[5] | cols=[8] | col_header=False | row_header=False | metadata=False
Cell J6 | value='2013-06-01 00:00:00' | fill=50 | rows=[5] | cols=[9] | col_header=False | row_header=False | metadata=False
Cell K6 | value='2013-12-01 00:00:00' | fill=FFFFC000 | rows=[5] | cols=[10] | col_header=False | row_header=False | metadata=False
Cell A7 | value='2' | fill=00000000 | rows=[6, 7] | cols=[0] | col_header=False | row_header=False | metadata=False
Cell B7 | value='1' | fill=00000000 | rows=[6, 7] | cols=[1] | col_header=False | row_header=False | metadata=False
Cell C7 | value='EMEA' | fill=00000000 | rows=[6, 7] | cols=[2] | col_header=False | row_header=False | metadata=False
Cell D7 | value='B' | fill=00000000 | rows=[6, 7] | cols=[3] | col_header=False | row_header=False | metadata=False
Cell E7 | value='Madrid' | fill=00000000 | rows=[6, 7] | cols=[4] | col_header=False | row_header=False | metadata=False
Cell F7 | value='SD' | fill=00000000 | rows=[6, 7] | cols=[5] | col_header=False | row_header=False | metadata=False
Cell G7 | value='B' | fill=00000000 | rows=[6, 7] | cols=[6] | col_header=False | row_header=False | metadata=False
Cell H7 | value='512' | fill=00000000 | rows=[6, 7] | cols=[7] | col_header=False | row_header=False | metadata=False
Cell I7 | value='2012-11-01 00:00:00' | fill=22 | rows=[6] | cols=[8] | col_header=False | row_header=False | metadata=False
Cell J7 | value='2013-03-01 00:00:00' | fill=22 | rows=[6] | cols=[9] | col_header=False | row_header=False | metadata=False
Cell K7 | value='2013-05-01 00:00:00' | fill=22 | rows=[6] | cols=[10] | col_header=False | row_header=False | metadata=False
Cell L7 | value='93000' | fill=00000000 | rows=[6, 7] | cols=[11] | col_header=False | row_header=False | metadata=False
Cell M7 | value='499500' | fill=00000000 | rows=[6, 7] | cols=[12] | col_header=False | row_header=False | metadata=False
Cell N7 | value='$0' | fill=00000000 | rows=[6, 7] | cols=[13] | col_header=False | row_header=False | metadata=False
Cell O7 | value='0.5' | fill=00000000 | rows=[6, 7] | cols=[14] | col_header=False | row_header=False | metadata=False
Cell P7 | value='592500' | fill=00000000 | rows=[6, 7] | cols=[15] | col_header=False | row_header=False | metadata=False
Cell I8 | value='2012-11-01 00:00:00' | fill=50 | rows=[7] | cols=[8] | col_header=False | row_header=False | metadata=False
Cell A9 | value='2' | fill=00000000 | rows=[8, 9] | cols=[0] | col_header=False | row_header=False | metadata=False
Cell B9 | value='1' | fill=00000000 | rows=[8, 9] | cols=[1] | col_header=False | row_header=False | metadata=False
Cell C9 | value='EMEA' | fill=00000000 | rows=[8, 9] | cols=[2] | col_header=False | row_header=False | metadata=False
Cell D9 | value='G' | fill=00000000 | rows=[8, 9] | cols=[3] | col_header=False | row_header=False | metadata=False
Cell E9 | value='Madrid' | fill=00000000 | rows=[8, 9] | cols=[4] | col_header=False | row_header=False | metadata=False
Cell F9 | value='SD' | fill=00000000 | rows=[8, 9] | cols=[5] | col_header=False | row_header=False | metadata=False
Cell G9 | value='A' | fill=00000000 | rows=[8, 9] | cols=[6] | col_header=False | row_header=False | metadata=False
Cell H9 | value='619' | fill=00000000 | rows=[8, 9] | cols=[7] | col_header=False | row_header=False | metadata=False
Cell I9 | value='2012-11-01 00:00:00' | fill=22 | rows=[8] | cols=[8] | col_header=False | row_header=False | metadata=False
Cell J9 | value='2013-03-01 00:00:00' | fill=22 | rows=[8] | cols=[9] | col_header=False | row_header=False | metadata=False
Cell K9 | value='2013-08-01 00:00:00' | fill=22 | rows=[8] | cols=[10] | col_header=False | row_header=False | metadata=False
Cell L9 | value='57600' | fill=00000000 | rows=[8, 9] | cols=[11] | col_header=False | row_header=False | metadata=False
Cell M9 | value='$0' | fill=00000000 | rows=[8, 9] | cols=[12] | col_header=False | row_header=False | metadata=False
Cell N9 | value='$0' | fill=00000000 | rows=[8, 9] | cols=[13] | col_header=False | row_header=False | metadata=False
Cell O9 | value='0.5' | fill=00000000 | rows=[8, 9] | cols=[14] | col_header=False | row_header=False | metadata=False
Cell P9 | value='57600' | fill=00000000 | rows=[8, 9] | cols=[15] | col_header=False | row_header=False | metadata=False
Cell I10 | value='2012-11-01 00:00:00' | fill=50 | rows=[9] | cols=[8] | col_header=False | row_header=False | metadata=False
Cell A11 | value='2' | fill=00000000 | rows=[10, 11] | cols=[0] | col_header=False | row_header=False | metadata=False
Cell B11 | value='2' | fill=00000000 | rows=[10, 11] | cols=[1] | col_header=False | row_header=False | metadata=False
Cell C11 | value='EMEA' | fill=00000000 | rows=[10, 11] | cols=[2] | col_header=False | row_header=False | metadata=False
Cell D11 | value='A' | fill=00000000 | rows=[10, 11] | cols=[3] | col_header=False | row_header=False | metadata=False
Cell E11 | value='Luxembourg' | fill=00000000 | rows=[10, 11] | cols=[4] | col_header=False | row_header=False | metadata=False
Cell F11 | value='SD' | fill=00000000 | rows=[10, 11] | cols=[5] | col_header=False | row_header=False | metadata=False
Cell G11 | value='D' | fill=00000000 | rows=[10, 11] | cols=[6] | col_header=False | row_header=False | metadata=False
Cell H11 | value='847' | fill=00000000 | rows=[10, 11] | cols=[7] | col_header=False | row_header=False | metadata=False
Cell I11 | value='2013-01-01 00:00:00' | fill=22 | rows=[10] | cols=[8] | col_header=False | row_header=False | metadata=False
Cell J11 | value='2013-07-01 00:00:00' | fill=22 | rows=[10] | cols=[9] | col_header=False | row_header=False | metadata=False
Cell K11 | value='2013-07-01 00:00:00' | fill=22 | rows=[10] | cols=[10] | col_header=False | row_header=False | metadata=False
Cell L11 | value='$90,000' | fill=00000000 | rows=[10, 11] | cols=[11] | col_header=False | row_header=False | metadata=False
Cell M11 | value='$0' | fill=00000000 | rows=[10, 11] | cols=[12] | col_header=False | row_header=False | metadata=False
Cell N11 | value='$0' | fill=00000000 | rows=[10, 11] | cols=[13] | col_header=False | row_header=False | metadata=False
Cell O11 | value='0.5' | fill=00000000 | rows=[10, 11] | cols=[14] | col_header=False | row_header=False | metadata=False
Cell P11 | value='$90,000' | fill=00000000 | rows=[10, 11] | cols=[15] | col_header=False | row_header=False | metadata=False
Cell I12 | value='2013-01-01 00:00:00' | fill=50 | rows=[11] | cols=[8] | col_header=False | row_header=False | metadata=False
Cell A13 | value='2' | fill=00000000 | rows=[12, 13] | cols=[0] | col_header=False | row_header=False | metadata=False
Cell B13 | value='1' | fill=00000000 | rows=[12, 13] | cols=[1] | col_header=False | row_header=False | metadata=False
Cell C13 | value='EMEA' | fill=00000000 | rows=[12, 13] | cols=[2] | col_header=False | row_header=False | metadata=False
Cell D13 | value='C' | fill=00000000 | rows=[12, 13] | cols=[3] | col_header=False | row_header=False | metadata=False
Cell E13 | value='Lisbon' | fill=00000000 | rows=[12, 13] | cols=[4] | col_header=False | row_header=False | metadata=False
Cell F13 | value='SD' | fill=00000000 | rows=[12, 13] | cols=[5] | col_header=False | row_header=False | metadata=False
Cell G13 | value='C' | fill=00000000 | rows=[12, 13] | cols=[6] | col_header=False | row_header=False | metadata=False
Cell H13 | value='156' | fill=00000000 | rows=[12, 13] | cols=[7] | col_header=False | row_header=False | metadata=False
Cell I13 | value='2012-11-01 00:00:00' | fill=22 | rows=[12] | cols=[8] | col_header=False | row_header=False | metadata=False
Cell J13 | value='2012-02-01 00:00:00' | fill=None | rows=[12] | cols=[9] | col_header=False | row_header=False | metadata=False
Cell K13 | value='2012-05-01 00:00:00' | fill=None | rows=[12] | cols=[10] | col_header=False | row_header=False | metadata=False
Cell L13 | value='$45,000' | fill=00000000 | rows=[12, 13] | cols=[11] | col_header=False | row_header=False | metadata=False
Cell M13 | value='$45,000' | fill=00000000 | rows=[12, 13] | cols=[12] | col_header=False | row_header=False | metadata=False
Cell N13 | value='$0' | fill=00000000 | rows=[12, 13] | cols=[13] | col_header=False | row_header=False | metadata=False
Cell O13 | value='0.33' | fill=00000000 | rows=[12, 13] | cols=[14] | col_header=False | row_header=False | metadata=False
Cell P13 | value='$90,000' | fill=00000000 | rows=[12, 13] | cols=[15] | col_header=False | row_header=False | metadata=False
Cell I14 | value='2012-11-01 00:00:00' | fill=FF92D050 | rows=[13] | cols=[8] | col_header=False | row_header=False | metadata=False
Cell A15 | value='1' | fill=00000000 | rows=[14, 15] | cols=[0] | col_header=False | row_header=False | metadata=False
Cell B15 | value='1' | fill=00000000 | rows=[14, 15] | cols=[1] | col_header=False | row_header=False | metadata=False
Cell C15 | value='EMEA' | fill=00000000 | rows=[14, 15] | cols=[2] | col_header=False | row_header=False | metadata=False
Cell D15 | value='E' | fill=00000000 | rows=[14, 15] | cols=[3] | col_header=False | row_header=False | metadata=False
Cell E15 | value='HAMBURG' | fill=00000000 | rows=[14, 15] | cols=[4] | col_header=False | row_header=False | metadata=False
Cell F15 | value='LTN' | fill=00000000 | rows=[14, 15] | cols=[5] | col_header=False | row_header=False | metadata=False
Cell G15 | value='A' | fill=00000000 | rows=[14, 15] | cols=[6] | col_header=False | row_header=False | metadata=False
Cell H15 | value='848' | fill=00000000 | rows=[14, 15] | cols=[7] | col_header=False | row_header=False | metadata=False
Cell I15 | value='2012-07-01 00:00:00' | fill=22 | rows=[14] | cols=[8] | col_header=False | row_header=False | metadata=False
Cell J15 | value='2012-12-01 00:00:00' | fill=22 | rows=[14] | cols=[9] | col_header=False | row_header=False | metadata=False
Cell K15 | value='2013-03-01 00:00:00' | fill=22 | rows=[14] | cols=[10] | col_header=False | row_header=False | metadata=False
Cell L15 | value='379260' | fill=00000000 | rows=[14, 15] | cols=[11] | col_header=False | row_header=False | metadata=False
Cell M15 | value='1905000' | fill=00000000 | rows=[14, 15] | cols=[12] | col_header=False | row_header=False | metadata=False
Cell N15 | value='0' | fill=00000000 | rows=[14, 15] | cols=[13] | col_header=False | row_header=False | metadata=False
Cell O15 | value='1' | fill=00000000 | rows=[14, 15] | cols=[14] | col_header=False | row_header=False | metadata=False
Cell P15 | value='2284260' | fill=00000000 | rows=[14, 15] | cols=[15] | col_header=False | row_header=False | metadata=False
Cell I16 | value='2012-07-01 00:00:00' | fill=50 | rows=[15] | cols=[8] | col_header=False | row_header=False | metadata=False
Cell J16 | value='2013-02-01 00:00:00' | fill=FFFFC000 | rows=[15] | cols=[9] | col_header=False | row_header=False | metadata=False
Cell K16 | value='2013-06-01 00:00:00' | fill=13 | rows=[15] | cols=[10] | col_header=False | row_header=False | metadata=False
Cell A17 | value='1' | fill=00000000 | rows=[16, 17] | cols=[0] | col_header=False | row_header=False | metadata=False
Cell B17 | value='1' | fill=00000000 | rows=[16, 17] | cols=[1] | col_header=False | row_header=False | metadata=False
Cell C17 | value='EMEA' | fill=00000000 | rows=[16, 17] | cols=[2] | col_header=False | row_header=False | metadata=False
Cell D17 | value='Q' | fill=00000000 | rows=[16, 17] | cols=[3] | col_header=False | row_header=False | metadata=False
Cell E17 | value='Istanbul' | fill=00000000 | rows=[16, 17] | cols=[4] | col_header=False | row_header=False | metadata=False
Cell F17 | value='SD' | fill=00000000 | rows=[16, 17] | cols=[5] | col_header=False | row_header=False | metadata=False
Cell G17 | value='D' | fill=00000000 | rows=[16, 17] | cols=[6] | col_header=False | row_header=False | metadata=False
Cell H17 | value='265' | fill=00000000 | rows=[16, 17] | cols=[7] | col_header=False | row_header=False | metadata=False
Cell I17 | value='2013-06-01 00:00:00' | fill=22 | rows=[16] | cols=[8] | col_header=False | row_header=False | metadata=False
Cell J17 | value='2013-07-01 00:00:00' | fill=22 | rows=[16] | cols=[9] | col_header=False | row_header=False | metadata=False
Cell K17 | value='2013-08-01 00:00:00' | fill=FFFFC000 | rows=[16] | cols=[10] | col_header=False | row_header=False | metadata=False
Cell L17 | value='91760' | fill=00000000 | rows=[16, 17] | cols=[11] | col_header=False | row_header=False | metadata=False
Cell M17 | value='479520' | fill=00000000 | rows=[16, 17] | cols=[12] | col_header=False | row_header=False | metadata=False
Cell N17 | value='0' | fill=00000000 | rows=[16, 17] | cols=[13] | col_header=False | row_header=False | metadata=False
Cell O17 | value='0.75' | fill=00000000 | rows=[16, 17] | cols=[14] | col_header=False | row_header=False | metadata=False
Cell P17 | value='571280' | fill=00000000 | rows=[16, 17] | cols=[15] | col_header=False | row_header=False | metadata=False
Cell A19 | value='1' | fill=00000000 | rows=[18, 19] | cols=[0] | col_header=False | row_header=False | metadata=False
Cell B19 | value='1' | fill=00000000 | rows=[18, 19] | cols=[1] | col_header=False | row_header=False | metadata=False
Cell C19 | value='Asia' | fill=00000000 | rows=[18, 19] | cols=[2] | col_header=False | row_header=False | metadata=False
Cell D19 | value='AirAsia' | fill=00000000 | rows=[18, 19] | cols=[3] | col_header=False | row_header=False | metadata=False
Cell E19 | value='Malaysia' | fill=00000000 | rows=[18, 19] | cols=[4] | col_header=False | row_header=False | metadata=False
Cell F19 | value='SD' | fill=00000000 | rows=[18, 19] | cols=[5] | col_header=False | row_header=False | metadata=False
Cell G19 | value='COCKPIT' | fill=00000000 | rows=[18, 19] | cols=[6] | col_header=False | row_header=False | metadata=False
Cell H19 | value='A320' | fill=00000000 | rows=[18, 19] | cols=[7] | col_header=False | row_header=False | metadata=False
Cell I19 | value='2011-10-01 00:00:00' | fill=22 | rows=[18] | cols=[8] | col_header=False | row_header=False | metadata=False
Cell J19 | value='2013-03-01 00:00:00' | fill=22 | rows=[18] | cols=[9] | col_header=False | row_header=False | metadata=False
Cell K19 | value='2013-06-01 00:00:00' | fill=FFC0C0C0 | rows=[18] | cols=[10] | col_header=False | row_header=False | metadata=False
Cell L19 | value='148800' | fill=00000000 | rows=[18, 19] | cols=[11] | col_header=False | row_header=False | metadata=False
Cell M19 | value='397800' | fill=00000000 | rows=[18, 19] | cols=[12] | col_header=False | row_header=False | metadata=False
Cell N19 | value='0' | fill=00000000 | rows=[18, 19] | cols=[13] | col_header=False | row_header=False | metadata=False
Cell O19 | value='1' | fill=00000000 | rows=[18, 19] | cols=[14] | col_header=False | row_header=False | metadata=False
Cell P19 | value='546600' | fill=00000000 | rows=[18, 19] | cols=[15] | col_header=False | row_header=False | metadata=False
Cell I20 | value='2011-10-01 00:00:00' | fill=50 | rows=[19] | cols=[8] | col_header=False | row_header=False | metadata=False
Cell J20 | value='2012-07-01 00:00:00' | fill=FF99CC00 | rows=[19] | cols=[9] | col_header=False | row_header=False | metadata=False
Cell K20 | value='2013-07-01 00:00:00' | fill=FFFFC000 | rows=[19] | cols=[10] | col_header=False | row_header=False | metadata=False
Cell A21 | value='2' | fill=00000000 | rows=[20, 21] | cols=[0] | col_header=False | row_header=False | metadata=False
Cell B21 | value='1' | fill=00000000 | rows=[20, 21] | cols=[1] | col_header=False | row_header=False | metadata=False
Cell C21 | value='Asia' | fill=00000000 | rows=[20, 21] | cols=[2] | col_header=False | row_header=False | metadata=False
Cell D21 | value='Air China' | fill=00000000 | rows=[20, 21] | cols=[3] | col_header=False | row_header=False | metadata=False
Cell E21 | value='Beijing' | fill=00000000 | rows=[20, 21] | cols=[4] | col_header=False | row_header=False | metadata=False
Cell F21 | value='SD' | fill=00000000 | rows=[20, 21] | cols=[5] | col_header=False | row_header=False | metadata=False
Cell G21 | value='FDW' | fill=00000000 | rows=[20, 21] | cols=[6] | col_header=False | row_header=False | metadata=False
Cell H21 | value='AIRBUS' | fill=00000000 | rows=[20, 21] | cols=[7] | col_header=False | row_header=False | metadata=False
Cell I21 | value='2013-01-01 00:00:00' | fill=FFC0C0C0 | rows=[20] | cols=[8] | col_header=False | row_header=False | metadata=False
Cell J21 | value='2013-04-01 00:00:00' | fill=FFC0C0C0 | rows=[20] | cols=[9] | col_header=False | row_header=False | metadata=False
Cell K21 | value='2013-03-01 00:00:00' | fill=FFC0C0C0 | rows=[20] | cols=[10] | col_header=False | row_header=False | metadata=False
Cell L21 | value='0' | fill=00000000 | rows=[20, 21] | cols=[11] | col_header=False | row_header=False | metadata=False
Cell M21 | value='0' | fill=00000000 | rows=[20, 21] | cols=[12] | col_header=False | row_header=False | metadata=False
Cell N21 | value='540000' | fill=00000000 | rows=[20, 21] | cols=[13] | col_header=False | row_header=False | metadata=False
Cell O21 | value='1' | fill=00000000 | rows=[20, 21] | cols=[14] | col_header=False | row_header=False | metadata=False
Cell P21 | value='540000' | fill=00000000 | rows=[20, 21] | cols=[15] | col_header=False | row_header=False | metadata=False
Cell I22 | value='2013-01-01 00:00:00' | fill=FF92D050 | rows=[21] | cols=[8] | col_header=False | row_header=False | metadata=False
Cell J22 | value='2013-02-01 00:00:00' | fill=FF92D050 | rows=[21] | cols=[9] | col_header=False | row_header=False | metadata=False
Cell K22 | value='2013-02-01 00:00:00' | fill=FF92D050 | rows=[21] | cols=[10] | col_header=False | row_header=False | metadata=False
Cell A23 | value='2' | fill=00000000 | rows=[22, 23] | cols=[0] | col_header=False | row_header=False | metadata=False
Cell B23 | value='1' | fill=00000000 | rows=[22, 23] | cols=[1] | col_header=False | row_header=False | metadata=False
Cell C23 | value='Asia' | fill=00000000 | rows=[22, 23] | cols=[2] | col_header=False | row_header=False | metadata=False
Cell D23 | value='Air China' | fill=00000000 | rows=[22, 23] | cols=[3] | col_header=False | row_header=False | metadata=False
Cell E23 | value='Beijing' | fill=00000000 | rows=[22, 23] | cols=[4] | col_header=False | row_header=False | metadata=False
Cell F23 | value='SD' | fill=00000000 | rows=[22, 23] | cols=[5] | col_header=False | row_header=False | metadata=False
Cell G23 | value='FDW' | fill=00000000 | rows=[22, 23] | cols=[6] | col_header=False | row_header=False | metadata=False
Cell H23 | value='BOE' | fill=00000000 | rows=[22, 23] | cols=[7] | col_header=False | row_header=False | metadata=False
Cell I23 | value='2013-02-01 00:00:00' | fill=FFC0C0C0 | rows=[22] | cols=[8] | col_header=False | row_header=False | metadata=False
Cell J23 | value='2014-08-01 00:00:00' | fill=FFC0C0C0 | rows=[22] | cols=[9] | col_header=False | row_header=False | metadata=False
Cell K23 | value='2014-03-01 00:00:00' | fill=FFC0C0C0 | rows=[22] | cols=[10] | col_header=False | row_header=False | metadata=False
Cell L23 | value='44640' | fill=00000000 | rows=[22, 23] | cols=[11] | col_header=False | row_header=False | metadata=False
Cell M23 | value='119340' | fill=00000000 | rows=[22, 23] | cols=[12] | col_header=False | row_header=False | metadata=False
Cell N23 | value='0' | fill=00000000 | rows=[22, 23] | cols=[13] | col_header=False | row_header=False | metadata=False
Cell O23 | value='0.5' | fill=00000000 | rows=[22, 23] | cols=[14] | col_header=False | row_header=False | metadata=False
Cell P23 | value='163980' | fill=00000000 | rows=[22, 23] | cols=[15] | col_header=False | row_header=False | metadata=False
Cell I24 | value='2013-03-01 00:00:00' | fill=FF99CC00 | rows=[23] | cols=[8] | col_header=False | row_header=False | metadata=False
Cell J24 | value='2014-08-01 00:00:00' | fill=00000000 | rows=[23] | cols=[9] | col_header=False | row_header=False | metadata=False
Cell K24 | value='2014-03-01 00:00:00' | fill=00000000 | rows=[23] | cols=[10] | col_header=False | row_header=False | metadata=False
Cell A25 | value='2' | fill=00000000 | rows=[24, 25] | cols=[0] | col_header=False | row_header=False | metadata=False
Cell B25 | value='1' | fill=00000000 | rows=[24, 25] | cols=[1] | col_header=False | row_header=False | metadata=False
Cell C25 | value='Asia' | fill=00000000 | rows=[24, 25] | cols=[2] | col_header=False | row_header=False | metadata=False
Cell D25 | value='Air China' | fill=00000000 | rows=[24, 25] | cols=[3] | col_header=False | row_header=False | metadata=False
Cell E25 | value='Beijing' | fill=00000000 | rows=[24, 25] | cols=[4] | col_header=False | row_header=False | metadata=False
Cell F25 | value='SD' | fill=00000000 | rows=[24, 25] | cols=[5] | col_header=False | row_header=False | metadata=False
Cell G25 | value='PAX' | fill=00000000 | rows=[24, 25] | cols=[6] | col_header=False | row_header=False | metadata=False
Cell H25 | value='BOE' | fill=00000000 | rows=[24, 25] | cols=[7] | col_header=False | row_header=False | metadata=False
Cell I25 | value='2013-05-01 00:00:00' | fill=FFC0C0C0 | rows=[24] | cols=[8] | col_header=False | row_header=False | metadata=False
Cell J25 | value='2014-02-01 00:00:00' | fill=FFC0C0C0 | rows=[24] | cols=[9] | col_header=False | row_header=False | metadata=False
Cell K25 | value='2014-01-01 00:00:00' | fill=FFC0C0C0 | rows=[24] | cols=[10] | col_header=False | row_header=False | metadata=False
Cell L25 | value='411744' | fill=00000000 | rows=[24, 25] | cols=[11] | col_header=False | row_header=False | metadata=False
Cell M25 | value='0' | fill=00000000 | rows=[24, 25] | cols=[12] | col_header=False | row_header=False | metadata=False
Cell N25 | value='1205900' | fill=00000000 | rows=[24, 25] | cols=[13] | col_header=False | row_header=False | metadata=False
Cell O25 | value='0.5' | fill=00000000 | rows=[24, 25] | cols=[14] | col_header=False | row_header=False | metadata=False
Cell P25 | value='1617644' | fill=00000000 | rows=[24, 25] | cols=[15] | col_header=False | row_header=False | metadata=False
Cell I26 | value='2013-07-01 00:00:00' | fill=FFC0C0C0 | rows=[25] | cols=[8] | col_header=False | row_header=False | metadata=False
Cell J26 | value='2014-02-01 00:00:00' | fill=00000000 | rows=[25] | cols=[9] | col_header=False | row_header=False | metadata=False
Cell K26 | value='2014-01-01 00:00:00' | fill=00000000 | rows=[25] | cols=[10] | col_header=False | row_header=False | metadata=False
Cell B27 | value='1' | fill=00000000 | rows=[26, 27] | cols=[1] | col_header=False | row_header=False | metadata=False
Cell C27 | value='Asia' | fill=00000000 | rows=[26, 27] | cols=[2] | col_header=False | row_header=False | metadata=False
Cell D27 | value='Sichuan Airlines' | fill=00000000 | rows=[26, 27] | cols=[3] | col_header=False | row_header=False | metadata=False
Cell E27 | value='Chengdu' | fill=00000000 | rows=[26, 27] | cols=[4] | col_header=False | row_header=False | metadata=False
Cell F27 | value='SD' | fill=00000000 | rows=[26, 27] | cols=[5] | col_header=False | row_header=False | metadata=False
Cell G27 | value='COCKPIT' | fill=00000000 | rows=[26, 27] | cols=[6] | col_header=False | row_header=False | metadata=False
Cell H27 | value='A320' | fill=00000000 | rows=[26, 27] | cols=[7] | col_header=False | row_header=False | metadata=False
Cell I27 | value='2012-09-01 00:00:00' | fill=22 | rows=[26] | cols=[8] | col_header=False | row_header=False | metadata=False
Cell J27 | value='2013-02-01 00:00:00' | fill=22 | rows=[26] | cols=[9] | col_header=False | row_header=False | metadata=False
Cell K27 | value='2013-06-01 00:00:00' | fill=FFC0C0C0 | rows=[26] | cols=[10] | col_header=False | row_header=False | metadata=False
Cell L27 | value='0' | fill=00000000 | rows=[26, 27] | cols=[11] | col_header=False | row_header=False | metadata=False
Cell M27 | value='0' | fill=00000000 | rows=[26, 27] | cols=[12] | col_header=False | row_header=False | metadata=False
Cell N27 | value='18000' | fill=00000000 | rows=[26, 27] | cols=[13] | col_header=False | row_header=False | metadata=False
Cell O27 | value='0.3' | fill=00000000 | rows=[26, 27] | cols=[14] | col_header=False | row_header=False | metadata=False
Cell P27 | value='18000' | fill=00000000 | rows=[26, 27] | cols=[15] | col_header=False | row_header=False | metadata=False
Cell I28 | value='2012-09-01 00:00:00' | fill=FF99CC00 | rows=[27] | cols=[8] | col_header=False | row_header=False | metadata=False
Cell J28 | value='2013-02-01 00:00:00' | fill=FFFFC000 | rows=[27] | cols=[9] | col_header=False | row_header=False | metadata=False
Cell K28 | value='2013-06-01 00:00:00' | fill=00000000 | rows=[27] | cols=[10] | col_header=False | row_header=False | metadata=False
Cell B29 | value='1' | fill=00000000 | rows=[28, 29] | cols=[1] | col_header=False | row_header=False | metadata=False
Cell C29 | value='Asia' | fill=00000000 | rows=[28, 29] | cols=[2] | col_header=False | row_header=False | metadata=False
Cell D29 | value='Korean Air' | fill=00000000 | rows=[28, 29] | cols=[3] | col_header=False | row_header=False | metadata=False
Cell E29 | value='Seoul' | fill=00000000 | rows=[28, 29] | cols=[4] | col_header=False | row_header=False | metadata=False
Cell F29 | value='SD' | fill=00000000 | rows=[28, 29] | cols=[5] | col_header=False | row_header=False | metadata=False
Cell G29 | value='COCKPIT' | fill=00000000 | rows=[28, 29] | cols=[6] | col_header=False | row_header=False | metadata=False
Cell H29 | value='BOE & AIRBUS' | fill=00000000 | rows=[28, 29] | cols=[7] | col_header=False | row_header=False | metadata=False
Cell I29 | value='2011-10-01 00:00:00' | fill=22 | rows=[28] | cols=[8] | col_header=False | row_header=False | metadata=False
Cell J29 | value='2012-04-01 00:00:00' | fill=FFC0C0C0 | rows=[28] | cols=[9] | col_header=False | row_header=False | metadata=False
Cell K29 | value='2013-04-01 00:00:00' | fill=FFC0C0C0 | rows=[28] | cols=[10] | col_header=False | row_header=False | metadata=False
Cell L29 | value='246698' | fill=00000000 | rows=[28, 29] | cols=[11] | col_header=False | row_header=False | metadata=False
Cell M29 | value='0' | fill=00000000 | rows=[28, 29] | cols=[12] | col_header=False | row_header=False | metadata=False
Cell N29 | value='280988' | fill=00000000 | rows=[28, 29] | cols=[13] | col_header=False | row_header=False | metadata=False
Cell O29 | value='0.3' | fill=00000000 | rows=[28, 29] | cols=[14] | col_header=False | row_header=False | metadata=False
Cell P29 | value='527686' | fill=00000000 | rows=[28, 29] | cols=[15] | col_header=False | row_header=False | metadata=False
Cell I30 | value='2011-10-01 00:00:00' | fill=FF99CC00 | rows=[29] | cols=[8] | col_header=False | row_header=False | metadata=False
Cell J30 | value='2012-04-01 00:00:00' | fill=FF99CC00 | rows=[29] | cols=[9] | col_header=False | row_header=False | metadata=False
Cell K30 | value='2013-04-01 00:00:00' | fill=FFFFFF00 | rows=[29] | cols=[10] | col_header=True | row_header=False | metadata=False
Cell B31 | value='1' | fill=00000000 | rows=[30, 31] | cols=[1] | col_header=False | row_header=False | metadata=False
Cell C31 | value='Asia' | fill=00000000 | rows=[30, 31] | cols=[2] | col_header=False | row_header=False | metadata=False
Cell D31 | value='ANA' | fill=00000000 | rows=[30, 31] | cols=[3] | col_header=False | row_header=False | metadata=False
Cell E31 | value='Tokyo' | fill=00000000 | rows=[30, 31] | cols=[4] | col_header=False | row_header=False | metadata=False
Cell F31 | value='GKN' | fill=00000000 | rows=[30, 31] | cols=[5] | col_header=False | row_header=False | metadata=False
Cell G31 | value='COCKPIT PMA' | fill=00000000 | rows=[30, 31] | cols=[6] | col_header=False | row_header=False | metadata=False
Cell H31 | value='B767/777' | fill=00000000 | rows=[30, 31] | cols=[7] | col_header=False | row_header=False | metadata=False
Cell I31 | value='2012-10-01 00:00:00' | fill=22 | rows=[30] | cols=[8] | col_header=False | row_header=False | metadata=False
Cell J31 | value='2014-05-01 00:00:00' | fill=FFC0C0C0 | rows=[30] | cols=[9] | col_header=False | row_header=False | metadata=False
Cell K31 | value='2013-12-01 00:00:00' | fill=FFC0C0C0 | rows=[30] | cols=[10] | col_header=False | row_header=False | metadata=False
Cell L31 | value='0' | fill=00000000 | rows=[30, 31] | cols=[11] | col_header=False | row_header=False | metadata=False
Cell M31 | value='0' | fill=00000000 | rows=[30, 31] | cols=[12] | col_header=False | row_header=False | metadata=False
Cell N31 | value='151470' | fill=00000000 | rows=[30, 31] | cols=[13] | col_header=False | row_header=False | metadata=False
Cell O31 | value='0.3' | fill=00000000 | rows=[30, 31] | cols=[14] | col_header=False | row_header=False | metadata=False
Cell P31 | value='151470' | fill=00000000 | rows=[30, 31] | cols=[15] | col_header=False | row_header=False | metadata=False
Cell I32 | value='2012-10-01 00:00:00' | fill=50 | rows=[31] | cols=[8] | col_header=False | row_header=False | metadata=False
Cell J32 | value='2014-05-01 00:00:00' | fill=00000000 | rows=[31] | cols=[9] | col_header=False | row_header=False | metadata=False
Cell K32 | value='2013-12-01 00:00:00' | fill=00000000 | rows=[31] | cols=[10] | col_header=False | row_header=False | metadata=False
Cell A33 | value='2' | fill=00000000 | rows=[32, 33] | cols=[0] | col_header=False | row_header=False | metadata=False
Cell B33 | value='2' | fill=00000000 | rows=[32, 33] | cols=[1] | col_header=False | row_header=False | metadata=False
Cell C33 | value='Asia' | fill=00000000 | rows=[32, 33] | cols=[2] | col_header=False | row_header=False | metadata=False
Cell D33 | value='China Airlines' | fill=00000000 | rows=[32, 33] | cols=[3] | col_header=False | row_header=False | metadata=False
Cell E33 | value='Taipei' | fill=00000000 | rows=[32, 33] | cols=[4] | col_header=False | row_header=False | metadata=False
Cell F33 | value='SD' | fill=00000000 | rows=[32, 33] | cols=[5] | col_header=False | row_header=False | metadata=False
Cell G33 | value='PAX' | fill=00000000 | rows=[32, 33] | cols=[6] | col_header=False | row_header=False | metadata=False
Cell H33 | value='BOE' | fill=00000000 | rows=[32, 33] | cols=[7] | col_header=False | row_header=False | metadata=False
Cell I33 | value='2013-04-01 00:00:00' | fill=FFC0C0C0 | rows=[32] | cols=[8] | col_header=False | row_header=False | metadata=False
Cell J33 | value='2013-11-01 00:00:00' | fill=FFC0C0C0 | rows=[32] | cols=[9] | col_header=False | row_header=False | metadata=False
Cell K33 | value='2013-11-01 00:00:00' | fill=FFC0C0C0 | rows=[32] | cols=[10] | col_header=False | row_header=False | metadata=False
Cell L33 | value='150000' | fill=00000000 | rows=[32, 33] | cols=[11] | col_header=False | row_header=False | metadata=False
Cell M33 | value='0' | fill=00000000 | rows=[32, 33] | cols=[12] | col_header=False | row_header=False | metadata=False
Cell N33 | value='0' | fill=00000000 | rows=[32, 33] | cols=[13] | col_header=False | row_header=False | metadata=False
Cell O33 | value='0.5' | fill=00000000 | rows=[32, 33] | cols=[14] | col_header=False | row_header=False | metadata=False
Cell P33 | value='150000' | fill=00000000 | rows=[32, 33] | cols=[15] | col_header=False | row_header=False | metadata=False
Cell I34 | value='2013-04-01 00:00:00' | fill=FF99CC00 | rows=[33] | cols=[8] | col_header=False | row_header=False | metadata=False
Cell J34 | value='2013-11-01 00:00:00' | fill=00000000 | rows=[33] | cols=[9] | col_header=False | row_header=False | metadata=False
Cell K34 | value='2013-11-01 00:00:00' | fill=00000000 | rows=[33] | cols=[10] | col_header=False | row_header=False | metadata=False
Cell A35 | value='2' | fill=00000000 | rows=[34, 35] | cols=[0] | col_header=False | row_header=False | metadata=False
Cell B35 | value='2' | fill=00000000 | rows=[34, 35] | cols=[1] | col_header=False | row_header=False | metadata=False
Cell C35 | value='Asia' | fill=00000000 | rows=[34, 35] | cols=[2] | col_header=False | row_header=False | metadata=False
Cell D35 | value='Malaysia Airlines' | fill=00000000 | rows=[34, 35] | cols=[3] | col_header=False | row_header=False | metadata=False
Cell E35 | value='Malaysia' | fill=00000000 | rows=[34, 35] | cols=[4] | col_header=False | row_header=False | metadata=False
Cell F35 | value='SD' | fill=00000000 | rows=[34, 35] | cols=[5] | col_header=False | row_header=False | metadata=False
Cell G35 | value='FDW & PAX' | fill=00000000 | rows=[34, 35] | cols=[6] | col_header=False | row_header=False | metadata=False
Cell H35 | value='B747' | fill=00000000 | rows=[34, 35] | cols=[7] | col_header=False | row_header=False | metadata=False
Cell I35 | value='2013-02-01 00:00:00' | fill=22 | rows=[34] | cols=[8] | col_header=False | row_header=False | metadata=False
Cell J35 | value='2014-03-01 00:00:00' | fill=FFC0C0C0 | rows=[34] | cols=[9] | col_header=False | row_header=False | metadata=False
Cell K35 | value='2013-11-01 00:00:00' | fill=FFC0C0C0 | rows=[34] | cols=[10] | col_header=False | row_header=False | metadata=False
Cell L35 | value='76880' | fill=00000000 | rows=[34, 35] | cols=[11] | col_header=False | row_header=False | metadata=False
Cell M35 | value='206000' | fill=00000000 | rows=[34, 35] | cols=[12] | col_header=False | row_header=False | metadata=False
Cell N35 | value='0' | fill=00000000 | rows=[34, 35] | cols=[13] | col_header=False | row_header=False | metadata=False
Cell O35 | value='0.5' | fill=00000000 | rows=[34, 35] | cols=[14] | col_header=False | row_header=False | metadata=False
Cell P35 | value='282880' | fill=00000000 | rows=[34, 35] | cols=[15] | col_header=False | row_header=False | metadata=False
Cell I36 | value='2013-02-01 00:00:00' | fill=FF99CC00 | rows=[35] | cols=[8] | col_header=False | row_header=False | metadata=False
Cell J36 | value='2014-03-01 00:00:00' | fill=00000000 | rows=[35] | cols=[9] | col_header=False | row_header=False | metadata=False
Cell K36 | value='2013-11-01 00:00:00' | fill=00000000 | rows=[35] | cols=[10] | col_header=False | row_header=False | metadata=False
Cell A37 | value='2' | fill=00000000 | rows=[36, 37] | cols=[0] | col_header=False | row_header=False | metadata=False
Cell B37 | value='2' | fill=00000000 | rows=[36, 37] | cols=[1] | col_header=False | row_header=False | metadata=False
Cell C37 | value='Asia' | fill=00000000 | rows=[36, 37] | cols=[2] | col_header=False | row_header=False | metadata=False
Cell D37 | value='Hainan Airlines' | fill=00000000 | rows=[36, 37] | cols=[3] | col_header=False | row_header=False | metadata=False
Cell E37 | value='Hainan' | fill=00000000 | rows=[36, 37] | cols=[4] | col_header=False | row_header=False | metadata=False
Cell F37 | value='SD' | fill=00000000 | rows=[36, 37] | cols=[5] | col_header=False | row_header=False | metadata=False
Cell G37 | value='COCKPIT' | fill=00000000 | rows=[36, 37] | cols=[6] | col_header=False | row_header=False | metadata=False
Cell H37 | value='B737' | fill=00000000 | rows=[36, 37] | cols=[7] | col_header=False | row_header=False | metadata=False
Cell I37 | value='2013-03-01 00:00:00' | fill=22 | rows=[36] | cols=[8] | col_header=False | row_header=False | metadata=False
Cell J37 | value='2013-09-01 00:00:00' | fill=FFC0C0C0 | rows=[36] | cols=[9] | col_header=False | row_header=False | metadata=False
Cell K37 | value='2013-09-01 00:00:00' | fill=FFC0C0C0 | rows=[36] | cols=[10] | col_header=False | row_header=False | metadata=False
Cell L37 | value='141750' | fill=00000000 | rows=[36, 37] | cols=[11] | col_header=False | row_header=False | metadata=False
Cell M37 | value='0' | fill=00000000 | rows=[36, 37] | cols=[12] | col_header=False | row_header=False | metadata=False
Cell N37 | value='121500' | fill=00000000 | rows=[36, 37] | cols=[13] | col_header=False | row_header=False | metadata=False
Cell O37 | value='0.75' | fill=00000000 | rows=[36, 37] | cols=[14] | col_header=False | row_header=False | metadata=False
Cell P37 | value='263250' | fill=00000000 | rows=[36, 37] | cols=[15] | col_header=False | row_header=False | metadata=False
Cell I38 | value='2013-03-01 00:00:00' | fill=FF99CC00 | rows=[37] | cols=[8] | col_header=False | row_header=False | metadata=False
Cell J38 | value='2013-09-01 00:00:00' | fill=00000000 | rows=[37] | cols=[9] | col_header=False | row_header=False | metadata=False
Cell K38 | value='2013-09-01 00:00:00' | fill=00000000 | rows=[37] | cols=[10] | col_header=False | row_header=False | metadata=False
Cell A39 | value='1' | fill=FFFFC000 | rows=[38, 39] | cols=[0] | col_header=False | row_header=False | metadata=False
Cell B39 | value='1' | fill=00000000 | rows=[38, 39] | cols=[1] | col_header=False | row_header=False | metadata=False
Cell C39 | value='NA' | fill=00000000 | rows=[38, 39] | cols=[2] | col_header=False | row_header=False | metadata=False
Cell D39 | value='DELTA' | fill=00000000 | rows=[38, 39] | cols=[3] | col_header=False | row_header=False | metadata=False
Cell E39 | value='ATLANTA' | fill=00000000 | rows=[38, 39] | cols=[4] | col_header=False | row_header=False | metadata=False
Cell F39 | value='GG' | fill=00000000 | rows=[38, 39] | cols=[5] | col_header=False | row_header=False | metadata=False
Cell G39 | value='COCKPIT' | fill=00000000 | rows=[38, 39] | cols=[6] | col_header=False | row_header=False | metadata=False
Cell H39 | value='A320' | fill=00000000 | rows=[38, 39] | cols=[7] | col_header=False | row_header=False | metadata=False
Cell I39 | value='2013-01-01 00:00:00' | fill=22 | rows=[38] | cols=[8] | col_header=False | row_header=False | metadata=False
Cell J39 | value='2013-06-01 00:00:00' | fill=22 | rows=[38] | cols=[9] | col_header=False | row_header=False | metadata=False
Cell K39 | value='2013-06-01 00:00:00' | fill=22 | rows=[38] | cols=[10] | col_header=False | row_header=False | metadata=False
Cell L39 | value='347200' | fill=00000000 | rows=[38, 39] | cols=[11] | col_header=False | row_header=False | metadata=False
Cell M39 | value='644800' | fill=00000000 | rows=[38, 39] | cols=[12] | col_header=False | row_header=False | metadata=False
Cell N39 | value='0' | fill=00000000 | rows=[38, 39] | cols=[13] | col_header=False | row_header=False | metadata=False
Cell O39 | value='0.75' | fill=00000000 | rows=[38, 39] | cols=[14] | col_header=False | row_header=False | metadata=False
Cell P39 | value='992000' | fill=00000000 | rows=[38, 39] | cols=[15] | col_header=False | row_header=False | metadata=False
Cell I40 | value='2013-01-01 00:00:00' | fill=FF92D050 | rows=[39] | cols=[8] | col_header=False | row_header=False | metadata=False
Cell A41 | value='1' | fill=FFFFC000 | rows=[40, 41] | cols=[0] | col_header=False | row_header=False | metadata=False
Cell B41 | value='1' | fill=00000000 | rows=[40, 41] | cols=[1] | col_header=False | row_header=False | metadata=False
Cell C41 | value='NA' | fill=00000000 | rows=[40, 41] | cols=[2] | col_header=False | row_header=False | metadata=False
Cell D41 | value='ALASKA' | fill=00000000 | rows=[40, 41] | cols=[3] | col_header=False | row_header=False | metadata=False
Cell E41 | value='SEATTLE' | fill=00000000 | rows=[40, 41] | cols=[4] | col_header=False | row_header=False | metadata=False
Cell F41 | value='SD' | fill=00000000 | rows=[40, 41] | cols=[5] | col_header=False | row_header=False | metadata=False
Cell G41 | value='COCKPIT' | fill=00000000 | rows=[40, 41] | cols=[6] | col_header=False | row_header=False | metadata=False
Cell H41 | value='737 #2' | fill=00000000 | rows=[40, 41] | cols=[7] | col_header=False | row_header=False | metadata=False
Cell I41 | value='2012-09-01 00:00:00' | fill=22 | rows=[40] | cols=[8] | col_header=False | row_header=False | metadata=False
Cell J41 | value='2012-12-01 00:00:00' | fill=22 | rows=[40] | cols=[9] | col_header=False | row_header=False | metadata=False
Cell K41 | value='2013-03-01 00:00:00' | fill=22 | rows=[40] | cols=[10] | col_header=False | row_header=False | metadata=False
Cell L41 | value='200000' | fill=00000000 | rows=[40, 41] | cols=[11] | col_header=False | row_header=False | metadata=False
Cell M41 | value='0' | fill=00000000 | rows=[40, 41] | cols=[12] | col_header=False | row_header=False | metadata=False
Cell N41 | value='0' | fill=00000000 | rows=[40, 41] | cols=[13] | col_header=False | row_header=False | metadata=False
Cell O41 | value='0.8' | fill=00000000 | rows=[40, 41] | cols=[14] | col_header=False | row_header=False | metadata=False
Cell P41 | value='200000' | fill=00000000 | rows=[40, 41] | cols=[15] | col_header=False | row_header=False | metadata=False
Cell I42 | value='2012-09-01 00:00:00' | fill=FF92D050 | rows=[41] | cols=[8] | col_header=False | row_header=False | metadata=False
Cell J42 | value='2012-12-01 00:00:00' | fill=FF92D050 | rows=[41] | cols=[9] | col_header=False | row_header=False | metadata=False
Cell K42 | value='2013-05-02 00:00:00' | fill=FFFFC000 | rows=[41] | cols=[10] | col_header=False | row_header=False | metadata=False
Cell A43 | value='1' | fill=FFFFC000 | rows=[42, 43] | cols=[0] | col_header=False | row_header=False | metadata=False
Cell B43 | value='2' | fill=00000000 | rows=[42, 43] | cols=[1] | col_header=False | row_header=False | metadata=False
Cell C43 | value='LA' | fill=00000000 | rows=[42, 43] | cols=[2] | col_header=False | row_header=False | metadata=False
Cell D43 | value='COPA' | fill=00000000 | rows=[42, 43] | cols=[3] | col_header=False | row_header=False | metadata=False
Cell E43 | value='PANAMA CITY' | fill=00000000 | rows=[42, 43] | cols=[4] | col_header=False | row_header=False | metadata=False
Cell F43 | value='SD' | fill=00000000 | rows=[42, 43] | cols=[5] | col_header=False | row_header=False | metadata=False
Cell G43 | value='COCKPIT' | fill=00000000 | rows=[42, 43] | cols=[6] | col_header=False | row_header=False | metadata=False
Cell H43 | value='737' | fill=00000000 | rows=[42, 43] | cols=[7] | col_header=False | row_header=False | metadata=False
Cell I43 | value='2013-03-01 00:00:00' | fill=None | rows=[42] | cols=[8] | col_header=False | row_header=False | metadata=False
Cell J43 | value='2014-07-01 00:00:00' | fill=None | rows=[42] | cols=[9] | col_header=False | row_header=False | metadata=False
Cell K43 | value='2014-09-01 00:00:00' | fill=None | rows=[42] | cols=[10] | col_header=False | row_header=False | metadata=False
Cell L43 | value='250800' | fill=00000000 | rows=[42, 43] | cols=[11] | col_header=False | row_header=False | metadata=False
Cell M43 | value='0' | fill=00000000 | rows=[42, 43] | cols=[12] | col_header=False | row_header=False | metadata=False
Cell N43 | value='38760' | fill=00000000 | rows=[42, 43] | cols=[13] | col_header=False | row_header=False | metadata=False
Cell O43 | value='0.5' | fill=00000000 | rows=[42, 43] | cols=[14] | col_header=False | row_header=False | metadata=False
Cell P43 | value='289560' | fill=00000000 | rows=[42, 43] | cols=[15] | col_header=False | row_header=False | metadata=False
Cell I44 | value='2013-03-01 00:00:00' | fill=FF92D050 | rows=[43] | cols=[8] | col_header=False | row_header=False | metadata=False
Cell A45 | value='1' | fill=FFFFC000 | rows=[44, 45] | cols=[0] | col_header=False | row_header=False | metadata=False
Cell B45 | value='2' | fill=00000000 | rows=[44, 45] | cols=[1] | col_header=False | row_header=False | metadata=False
Cell C45 | value='NA' | fill=00000000 | rows=[44, 45] | cols=[2] | col_header=False | row_header=False | metadata=False
Cell D45 | value='UPS' | fill=00000000 | rows=[44, 45] | cols=[3] | col_header=False | row_header=False | metadata=False
Cell E45 | value='LOUISVILLE' | fill=00000000 | rows=[44, 45] | cols=[4] | col_header=False | row_header=False | metadata=False
Cell F45 | value='GG' | fill=00000000 | rows=[44, 45] | cols=[5] | col_header=False | row_header=False | metadata=False
Cell G45 | value='COCKPIT' | fill=00000000 | rows=[44, 45] | cols=[6] | col_header=False | row_header=False | metadata=False
Cell H45 | value='ALL FDW' | fill=00000000 | rows=[44, 45] | cols=[7] | col_header=False | row_header=False | metadata=False
Cell I45 | value='2013-05-01 00:00:00' | fill=None | rows=[44] | cols=[8] | col_header=False | row_header=False | metadata=False
Cell J45 | value='2013-09-01 00:00:00' | fill=None | rows=[44] | cols=[9] | col_header=False | row_header=False | metadata=False
Cell K45 | value='2014-01-01 00:00:00' | fill=None | rows=[44] | cols=[10] | col_header=False | row_header=False | metadata=False
Cell O45 | value='0.75' | fill=00000000 | rows=[44, 45] | cols=[14] | col_header=False | row_header=False | metadata=False
Cell A47 | value='2' | fill=00000000 | rows=[46, 47] | cols=[0] | col_header=False | row_header=False | metadata=False
Cell B47 | value='1' | fill=00000000 | rows=[46, 47] | cols=[1] | col_header=False | row_header=False | metadata=False
Cell C47 | value='LA' | fill=00000000 | rows=[46, 47] | cols=[2] | col_header=False | row_header=False | metadata=False
Cell D47 | value='AEROMEXICO' | fill=00000000 | rows=[46, 47] | cols=[3] | col_header=False | row_header=False | metadata=False
Cell E47 | value='MEXICO CITY' | fill=00000000 | rows=[46, 47] | cols=[4] | col_header=False | row_header=False | metadata=False
Cell F47 | value='SD' | fill=00000000 | rows=[46, 47] | cols=[5] | col_header=False | row_header=False | metadata=False
Cell G47 | value='COCKPIT' | fill=00000000 | rows=[46, 47] | cols=[6] | col_header=False | row_header=False | metadata=False
Cell H47 | value='757/767/777' | fill=00000000 | rows=[46, 47] | cols=[7] | col_header=False | row_header=False | metadata=False
Cell I47 | value='2012-06-01 00:00:00' | fill=None | rows=[46] | cols=[8] | col_header=False | row_header=False | metadata=False
Cell K47 | value='2013-06-01 00:00:00' | fill=None | rows=[46] | cols=[10] | col_header=False | row_header=False | metadata=False
Cell L47 | value='43400' | fill=00000000 | rows=[46, 47] | cols=[11] | col_header=False | row_header=False | metadata=False
Cell M47 | value='0' | fill=00000000 | rows=[46, 47] | cols=[12] | col_header=False | row_header=False | metadata=False
Cell N47 | value='69720' | fill=00000000 | rows=[46, 47] | cols=[13] | col_header=False | row_header=False | metadata=False
Cell O47 | value='0.33' | fill=00000000 | rows=[46, 47] | cols=[14] | col_header=False | row_header=False | metadata=False
Cell P47 | value='113120' | fill=00000000 | rows=[46, 47] | cols=[15] | col_header=False | row_header=False | metadata=False
Cell I48 | value='2012-06-01 00:00:00' | fill=FF92D050 | rows=[47] | cols=[8] | col_header=False | row_header=False | metadata=False
Cell J48 | value='2013-01-01 00:00:00' | fill=FFFFC000 | rows=[47] | cols=[9] | col_header=False | row_header=False | metadata=False
Cell A49 | value='2' | fill=00000000 | rows=[48, 49] | cols=[0] | col_header=False | row_header=False | metadata=False
Cell B49 | value='1' | fill=00000000 | rows=[48, 49] | cols=[1] | col_header=False | row_header=False | metadata=False
Cell C49 | value='NA' | fill=00000000 | rows=[48, 49] | cols=[2] | col_header=False | row_header=False | metadata=False
Cell D49 | value='DELTA' | fill=00000000 | rows=[48, 49] | cols=[3] | col_header=False | row_header=False | metadata=False
Cell E49 | value='ATLANTA' | fill=00000000 | rows=[48, 49] | cols=[4] | col_header=False | row_header=False | metadata=False
Cell F49 | value='SD' | fill=00000000 | rows=[48, 49] | cols=[5] | col_header=False | row_header=False | metadata=False
Cell G49 | value='CABIN' | fill=00000000 | rows=[48, 49] | cols=[6] | col_header=False | row_header=False | metadata=False
Cell H49 | value='A320' | fill=00000000 | rows=[48, 49] | cols=[7] | col_header=False | row_header=False | metadata=False
Cell I49 | value='2012-05-01 00:00:00' | fill=22 | rows=[48] | cols=[8] | col_header=False | row_header=False | metadata=False
Cell J49 | value='2013-06-01 00:00:00' | fill=22 | rows=[48] | cols=[9] | col_header=False | row_header=False | metadata=False
Cell K49 | value='2013-12-01 00:00:00' | fill=22 | rows=[48] | cols=[10] | col_header=False | row_header=False | metadata=False
Cell L49 | value='0' | fill=00000000 | rows=[48, 49] | cols=[11] | col_header=False | row_header=False | metadata=False
Cell M49 | value='0' | fill=00000000 | rows=[48, 49] | cols=[12] | col_header=False | row_header=False | metadata=False
Cell N49 | value='108500' | fill=00000000 | rows=[48, 49] | cols=[13] | col_header=False | row_header=False | metadata=False
Cell O49 | value='0.75' | fill=00000000 | rows=[48, 49] | cols=[14] | col_header=False | row_header=False | metadata=False
Cell P49 | value='108500' | fill=00000000 | rows=[48, 49] | cols=[15] | col_header=False | row_header=False | metadata=False
Cell I50 | value='2012-06-01 00:00:00' | fill=FF92D050 | rows=[49] | cols=[8] | col_header=False | row_header=False | metadata=False
Cell A51 | value='2' | fill=00000000 | rows=[50, 51] | cols=[0] | col_header=False | row_header=False | metadata=False
Cell B51 | value='1' | fill=00000000 | rows=[50, 51] | cols=[1] | col_header=False | row_header=False | metadata=False
Cell C51 | value='LA' | fill=00000000 | rows=[50, 51] | cols=[2] | col_header=False | row_header=False | metadata=False
Cell D51 | value='GOL' | fill=00000000 | rows=[50, 51] | cols=[3] | col_header=False | row_header=False | metadata=False
Cell E51 | value='SAO PAULO' | fill=00000000 | rows=[50, 51] | cols=[4] | col_header=False | row_header=False | metadata=False
Cell F51 | value='SD' | fill=00000000 | rows=[50, 51] | cols=[5] | col_header=False | row_header=False | metadata=False
Cell G51 | value='COCKPIT' | fill=00000000 | rows=[50, 51] | cols=[6] | col_header=False | row_header=False | metadata=False
Cell H51 | value='737' | fill=00000000 | rows=[50, 51] | cols=[7] | col_header=False | row_header=False | metadata=False
Cell I51 | value='2013-03-01 00:00:00' | fill=None | rows=[50] | cols=[8] | col_header=False | row_header=False | metadata=False
Cell J51 | value='2014-03-01 00:00:00' | fill=22 | rows=[50] | cols=[9] | col_header=False | row_header=False | metadata=False
Cell K51 | value='2014-06-01 00:00:00' | fill=None | rows=[50] | cols=[10] | col_header=False | row_header=False | metadata=False
Cell L51 | value='501600' | fill=00000000 | rows=[50, 51] | cols=[11] | col_header=False | row_header=False | metadata=False
Cell M51 | value='0' | fill=00000000 | rows=[50, 51] | cols=[12] | col_header=False | row_header=False | metadata=False
Cell N51 | value='77520' | fill=00000000 | rows=[50, 51] | cols=[13] | col_header=False | row_header=False | metadata=False
Cell O51 | value='0.33' | fill=00000000 | rows=[50, 51] | cols=[14] | col_header=False | row_header=False | metadata=False
Cell P51 | value='579120' | fill=00000000 | rows=[50, 51] | cols=[15] | col_header=False | row_header=False | metadata=False
Cell I52 | value='2013-03-01 00:00:00' | fill=FF92D050 | rows=[51] | cols=[8] | col_header=False | row_header=False | metadata=False
Cell A53 | value='2' | fill=00000000 | rows=[52, 53] | cols=[0] | col_header=False | row_header=False | metadata=False
Cell B53 | value='2' | fill=00000000 | rows=[52, 53] | cols=[1] | col_header=False | row_header=False | metadata=False
Cell C53 | value='NA' | fill=00000000 | rows=[52, 53] | cols=[2] | col_header=False | row_header=False | metadata=False
Cell D53 | value='SOUTHWEST' | fill=00000000 | rows=[52, 53] | cols=[3] | col_header=False | row_header=False | metadata=False
Cell E53 | value='DALLAS' | fill=00000000 | rows=[52, 53] | cols=[4] | col_header=False | row_header=False | metadata=False
Cell F53 | value='GG' | fill=00000000 | rows=[52, 53] | cols=[5] | col_header=False | row_header=False | metadata=False
Cell G53 | value='COCKPIT' | fill=00000000 | rows=[52, 53] | cols=[6] | col_header=False | row_header=False | metadata=False
Cell H53 | value='737' | fill=00000000 | rows=[52, 53] | cols=[7] | col_header=False | row_header=False | metadata=False
Cell I53 | value='2013-01-01 00:00:00' | fill=22 | rows=[52] | cols=[8] | col_header=False | row_header=False | metadata=False
Cell J53 | value='2014-03-01 00:00:00' | fill=22 | rows=[52] | cols=[9] | col_header=False | row_header=False | metadata=False
Cell K53 | value='2014-05-01 00:00:00' | fill=22 | rows=[52] | cols=[10] | col_header=False | row_header=False | metadata=False
Cell L53 | value='2503600' | fill=00000000 | rows=[52, 53] | cols=[11] | col_header=False | row_header=False | metadata=False
Cell M53 | value='0' | fill=00000000 | rows=[52, 53] | cols=[12] | col_header=False | row_header=False | metadata=False
Cell N53 | value='128973.333333333' | fill=00000000 | rows=[52, 53] | cols=[13] | col_header=False | row_header=False | metadata=False
Cell O53 | value='0.5' | fill=00000000 | rows=[52, 53] | cols=[14] | col_header=False | row_header=False | metadata=False
Cell P53 | value='2632573.33333333' | fill=00000000 | rows=[52, 53] | cols=[15] | col_header=False | row_header=False | metadata=False
Cell I54 | value='2013-01-01 00:00:00' | fill=FF92D050 | rows=[53] | cols=[8] | col_header=False | row_header=False | metadata=False
Cell A55 | value='2' | fill=00000000 | rows=[54, 55] | cols=[0] | col_header=False | row_header=False | metadata=False
Cell B55 | value='2' | fill=00000000 | rows=[54, 55] | cols=[1] | col_header=False | row_header=False | metadata=False
Cell C55 | value='NA' | fill=00000000 | rows=[54, 55] | cols=[2] | col_header=False | row_header=False | metadata=False
Cell D55 | value='AIR CANADA' | fill=00000000 | rows=[54, 55] | cols=[3] | col_header=False | row_header=False | metadata=False
Cell E55 | value='TORONTO' | fill=00000000 | rows=[54, 55] | cols=[4] | col_header=False | row_header=False | metadata=False
Cell F55 | value='SD' | fill=00000000 | rows=[54, 55] | cols=[5] | col_header=False | row_header=False | metadata=False
Cell G55 | value='COCKPIT' | fill=00000000 | rows=[54, 55] | cols=[6] | col_header=False | row_header=False | metadata=False
Cell H55 | value='A320' | fill=00000000 | rows=[54, 55] | cols=[7] | col_header=False | row_header=False | metadata=False
Cell I55 | value='2012-09-01 00:00:00' | fill=22 | rows=[54] | cols=[8] | col_header=False | row_header=False | metadata=False
Cell J55 | value='2013-06-01 00:00:00' | fill=22 | rows=[54] | cols=[9] | col_header=False | row_header=False | metadata=False
Cell K55 | value='2013-10-01 00:00:00' | fill=22 | rows=[54] | cols=[10] | col_header=False | row_header=False | metadata=False
Cell L55 | value='268800' | fill=00000000 | rows=[54, 55] | cols=[11] | col_header=False | row_header=False | metadata=False
Cell M55 | value='499200' | fill=00000000 | rows=[54, 55] | cols=[12] | col_header=False | row_header=False | metadata=False
Cell N55 | value='0' | fill=00000000 | rows=[54, 55] | cols=[13] | col_header=False | row_header=False | metadata=False
Cell O55 | value='0.6' | fill=00000000 | rows=[54, 55] | cols=[14] | col_header=False | row_header=False | metadata=False
Cell P55 | value='768000' | fill=00000000 | rows=[54, 55] | cols=[15] | col_header=False | row_header=False | metadata=False
Cell I56 | value='2012-09-01 00:00:00' | fill=FF92D050 | rows=[55] | cols=[8] | col_header=False | row_header=False | metadata=False
Cell A57 | value='3' | fill=00000000 | rows=[56, 57] | cols=[0] | col_header=False | row_header=False | metadata=False
Cell B57 | value='2' | fill=00000000 | rows=[56, 57] | cols=[1] | col_header=False | row_header=False | metadata=False
Cell C57 | value='LA' | fill=00000000 | rows=[56, 57] | cols=[2] | col_header=False | row_header=False | metadata=False
Cell D57 | value='AEROMEXICO' | fill=00000000 | rows=[56, 57] | cols=[3] | col_header=False | row_header=False | metadata=False
Cell E57 | value='MEXICO CITY' | fill=00000000 | rows=[56, 57] | cols=[4] | col_header=False | row_header=False | metadata=False
Cell F57 | value='SD' | fill=00000000 | rows=[56, 57] | cols=[5] | col_header=False | row_header=False | metadata=False
Cell G57 | value='COCKPIT' | fill=00000000 | rows=[56, 57] | cols=[6] | col_header=False | row_header=False | metadata=False
Cell H57 | value='737' | fill=00000000 | rows=[56, 57] | cols=[7] | col_header=False | row_header=False | metadata=False
Cell I57 | value='2012-06-01 00:00:00' | fill=None | rows=[56] | cols=[8] | col_header=False | row_header=False | metadata=False
Cell J57 | value='2013-06-01 00:00:00' | fill=None | rows=[56] | cols=[9] | col_header=False | row_header=False | metadata=False
Cell K57 | value='2013-06-01 00:00:00' | fill=None | rows=[56] | cols=[10] | col_header=False | row_header=False | metadata=False
Cell L57 | value='198000' | fill=00000000 | rows=[56, 57] | cols=[11] | col_header=False | row_header=False | metadata=False
Cell M57 | value='0' | fill=00000000 | rows=[56, 57] | cols=[12] | col_header=False | row_header=False | metadata=False
Cell N57 | value='61200' | fill=00000000 | rows=[56, 57] | cols=[13] | col_header=False | row_header=False | metadata=False
Cell O57 | value='0.33' | fill=00000000 | rows=[56, 57] | cols=[14] | col_header=False | row_header=False | metadata=False
Cell P57 | value='259200' | fill=00000000 | rows=[56, 57] | cols=[15] | col_header=False | row_header=False | metadata=False
Cell I58 | value='2012-06-01 00:00:00' | fill=FF92D050 | rows=[57] | cols=[8] | col_header=False | row_header=False | metadata=False
Cell A59 | value='2' | fill=00000000 | rows=[58, 59] | cols=[0] | col_header=False | row_header=False | metadata=False
Cell B59 | value='WIN' | fill=00000000 | rows=[58, 59] | cols=[1] | col_header=False | row_header=False | metadata=False
Cell C59 | value='LA' | fill=00000000 | rows=[58, 59] | cols=[2] | col_header=False | row_header=False | metadata=False
Cell D59 | value='AVIANCA' | fill=00000000 | rows=[58, 59] | cols=[3] | col_header=False | row_header=False | metadata=False
Cell E59 | value='BOGOTA' | fill=00000000 | rows=[58, 59] | cols=[4] | col_header=False | row_header=False | metadata=False
Cell F59 | value='SD' | fill=00000000 | rows=[58, 59] | cols=[5] | col_header=False | row_header=False | metadata=False
Cell G59 | value='COCKPIT' | fill=00000000 | rows=[58, 59] | cols=[6] | col_header=False | row_header=False | metadata=False
Cell H59 | value='A320' | fill=00000000 | rows=[58, 59] | cols=[7] | col_header=False | row_header=False | metadata=False
Cell I59 | value='2013-01-01 00:00:00' | fill=None | rows=[58] | cols=[8] | col_header=False | row_header=False | metadata=False
Cell J59 | value='2013-03-01 00:00:00' | fill=None | rows=[58] | cols=[9] | col_header=False | row_header=False | metadata=False
Cell K59 | value='2013-06-01 00:00:00' | fill=None | rows=[58] | cols=[10] | col_header=False | row_header=False | metadata=False
Cell L59 | value='105000' | fill=00000000 | rows=[58, 59] | cols=[11] | col_header=False | row_header=False | metadata=False
Cell M59 | value='165000' | fill=00000000 | rows=[58, 59] | cols=[12] | col_header=False | row_header=False | metadata=False
Cell N59 | value='0' | fill=00000000 | rows=[58, 59] | cols=[13] | col_header=False | row_header=False | metadata=False
Cell O59 | value='0.75' | fill=00000000 | rows=[58, 59] | cols=[14] | col_header=False | row_header=False | metadata=False
Cell P59 | value='270000' | fill=00000000 | rows=[58, 59] | cols=[15] | col_header=False | row_header=False | metadata=False
Cell I60 | value='2013-01-01 00:00:00' | fill=FF92D050 | rows=[59] | cols=[8] | col_header=False | row_header=False | metadata=False
Cell J60 | value='2013-02-01 00:00:00' | fill=FF92D050 | rows=[59] | cols=[9] | col_header=False | row_header=False | metadata=False
Cell K60 | value='2013-04-01 00:00:00' | fill=FF92D050 | rows=[59] | cols=[10] | col_header=False | row_header=False | metadata=False
Cell A61 | value='3' | fill=00000000 | rows=[60, 61] | cols=[0] | col_header=False | row_header=False | metadata=False
Cell B61 | value='WIN' | fill=00000000 | rows=[60, 61] | cols=[1] | col_header=False | row_header=False | metadata=False
Cell C61 | value='LA' | fill=00000000 | rows=[60, 61] | cols=[2] | col_header=False | row_header=False | metadata=False
Cell D61 | value='VOLARIS' | fill=00000000 | rows=[60, 61] | cols=[3] | col_header=False | row_header=False | metadata=False
Cell E61 | value='TOLUCA' | fill=00000000 | rows=[60, 61] | cols=[4] | col_header=False | row_header=False | metadata=False
Cell F61 | value='SD' | fill=00000000 | rows=[60, 61] | cols=[5] | col_header=False | row_header=False | metadata=False
Cell G61 | value='COCKPIT' | fill=00000000 | rows=[60, 61] | cols=[6] | col_header=False | row_header=False | metadata=False
Cell H61 | value='A320' | fill=00000000 | rows=[60, 61] | cols=[7] | col_header=False | row_header=False | metadata=False
Cell I61 | value='2012-06-01 00:00:00' | fill=None | rows=[60] | cols=[8] | col_header=False | row_header=False | metadata=False
Cell J61 | value='2013-06-01 00:00:00' | fill=None | rows=[60] | cols=[9] | col_header=False | row_header=False | metadata=False
Cell K61 | value='2013-09-01 00:00:00' | fill=None | rows=[60] | cols=[10] | col_header=False | row_header=False | metadata=False
Cell L61 | value='117600' | fill=00000000 | rows=[60, 61] | cols=[11] | col_header=False | row_header=False | metadata=False
Cell M61 | value='184800' | fill=00000000 | rows=[60, 61] | cols=[12] | col_header=False | row_header=False | metadata=False
Cell N61 | value='0' | fill=00000000 | rows=[60, 61] | cols=[13] | col_header=False | row_header=False | metadata=False
Cell O61 | value='0.33' | fill=00000000 | rows=[60, 61] | cols=[14] | col_header=False | row_header=False | metadata=False
Cell P61 | value='302400' | fill=00000000 | rows=[60, 61] | cols=[15] | col_header=False | row_header=False | metadata=False
Cell I62 | value='2012-06-01 00:00:00' | fill=FF92D050 | rows=[61] | cols=[8] | col_header=False | row_header=False | metadata=False
Cell J62 | value='2013-04-01 00:00:00' | fill=FF92D050 | rows=[61] | cols=[9] | col_header=False | row_header=False | metadata=False
Cell A63 | value='2' | fill=00000000 | rows=[62, 63] | cols=[0] | col_header=False | row_header=False | metadata=False
Cell B63 | value='WIN' | fill=00000000 | rows=[62, 63] | cols=[1] | col_header=False | row_header=False | metadata=False
Cell C63 | value='LA' | fill=00000000 | rows=[62, 63] | cols=[2] | col_header=False | row_header=False | metadata=False
Cell D63 | value='TACA' | fill=00000000 | rows=[62, 63] | cols=[3] | col_header=False | row_header=False | metadata=False
Cell E63 | value='SAN SALVADOR' | fill=00000000 | rows=[62, 63] | cols=[4] | col_header=False | row_header=False | metadata=False
Cell F63 | value='SD' | fill=00000000 | rows=[62, 63] | cols=[5] | col_header=False | row_header=False | metadata=False
Cell G63 | value='COCKPIT' | fill=00000000 | rows=[62, 63] | cols=[6] | col_header=False | row_header=False | metadata=False
Cell H63 | value='A320' | fill=00000000 | rows=[62, 63] | cols=[7] | col_header=False | row_header=False | metadata=False
Cell I63 | value='2012-01-01 00:00:00' | fill=None | rows=[62] | cols=[8] | col_header=False | row_header=False | metadata=False
Cell J63 | value='2012-01-01 00:00:00' | fill=None | rows=[62] | cols=[9] | col_header=False | row_header=False | metadata=False
Cell K63 | value='2012-01-01 00:00:00' | fill=None | rows=[62] | cols=[10] | col_header=False | row_header=False | metadata=False
Cell L63 | value='67200' | fill=00000000 | rows=[62, 63] | cols=[11] | col_header=False | row_header=False | metadata=False
Cell M63 | value='124800' | fill=00000000 | rows=[62, 63] | cols=[12] | col_header=False | row_header=False | metadata=False
Cell N63 | value='0' | fill=00000000 | rows=[62, 63] | cols=[13] | col_header=False | row_header=False | metadata=False
Cell O63 | value='1' | fill=00000000 | rows=[62, 63] | cols=[14] | col_header=False | row_header=False | metadata=False
Cell P63 | value='192000' | fill=00000000 | rows=[62, 63] | cols=[15] | col_header=False | row_header=False | metadata=False
Cell I64 | value='2011-12-01 00:00:00' | fill=FF92D050 | rows=[63] | cols=[8] | col_header=False | row_header=False | metadata=False
Cell J64 | value='2011-12-01 00:00:00' | fill=FF92D050 | rows=[63] | cols=[9] | col_header=False | row_header=False | metadata=False
Cell K64 | value='2012-01-01 00:00:00' | fill=FF92D050 | rows=[63] | cols=[10] | col_header=False | row_header=False | metadata=False
Cell A65 | value='2' | fill=00000000 | rows=[64, 65] | cols=[0] | col_header=False | row_header=False | metadata=False
Cell B65 | value='WIN' | fill=00000000 | rows=[64, 65] | cols=[1] | col_header=False | row_header=False | metadata=False
Cell C65 | value='LA' | fill=00000000 | rows=[64, 65] | cols=[2] | col_header=False | row_header=False | metadata=False
Cell D65 | value='AEROGAL' | fill=00000000 | rows=[64, 65] | cols=[3] | col_header=False | row_header=False | metadata=False
Cell E65 | value='ECUADOR' | fill=00000000 | rows=[64, 65] | cols=[4] | col_header=False | row_header=False | metadata=False
Cell F65 | value='SD' | fill=00000000 | rows=[64, 65] | cols=[5] | col_header=False | row_header=False | metadata=False
Cell G65 | value='COCKPIT' | fill=00000000 | rows=[64, 65] | cols=[6] | col_header=False | row_header=False | metadata=False
Cell H65 | value='A320' | fill=00000000 | rows=[64, 65] | cols=[7] | col_header=False | row_header=False | metadata=False
Cell I65 | value='2012-01-01 00:00:00' | fill=None | rows=[64] | cols=[8] | col_header=False | row_header=False | metadata=False
Cell J65 | value='2012-01-01 00:00:00' | fill=None | rows=[64] | cols=[9] | col_header=False | row_header=False | metadata=False
Cell K65 | value='2012-01-01 00:00:00' | fill=None | rows=[64] | cols=[10] | col_header=False | row_header=False | metadata=False
Cell L65 | value='22400' | fill=00000000 | rows=[64, 65] | cols=[11] | col_header=False | row_header=False | metadata=False
Cell M65 | value='31200' | fill=00000000 | rows=[64, 65] | cols=[12] | col_header=False | row_header=False | metadata=False
Cell N65 | value='0' | fill=00000000 | rows=[64, 65] | cols=[13] | col_header=False | row_header=False | metadata=False
Cell O65 | value='1' | fill=00000000 | rows=[64, 65] | cols=[14] | col_header=False | row_header=False | metadata=False
Cell P65 | value='53600' | fill=00000000 | rows=[64, 65] | cols=[15] | col_header=False | row_header=False | metadata=False
Cell I66 | value='2011-12-01 00:00:00' | fill=FF92D050 | rows=[65] | cols=[8] | col_header=False | row_header=False | metadata=False
Cell J66 | value='2011-12-01 00:00:00' | fill=FF92D050 | rows=[65] | cols=[9] | col_header=False | row_header=False | metadata=False
Cell K66 | value='2012-01-01 00:00:00' | fill=FF92D050 | rows=[65] | cols=[10] | col_header=False | row_header=False | metadata=False
Cell A67 | value='2' | fill=00000000 | rows=[66, 67] | cols=[0] | col_header=False | row_header=False | metadata=False
Cell B67 | value='WIN' | fill=00000000 | rows=[66, 67] | cols=[1] | col_header=False | row_header=False | metadata=False
Cell C67 | value='LA' | fill=00000000 | rows=[66, 67] | cols=[2] | col_header=False | row_header=False | metadata=False
Cell D67 | value='AEROLINEAS ARGENTINAS' | fill=00000000 | rows=[66, 67] | cols=[3] | col_header=False | row_header=False | metadata=False
Cell E67 | value='BUENOS AIRES' | fill=00000000 | rows=[66, 67] | cols=[4] | col_header=False | row_header=False | metadata=False
Cell F67 | value='SD' | fill=00000000 | rows=[66, 67] | cols=[5] | col_header=False | row_header=False | metadata=False
Cell G67 | value='COCKPIT' | fill=00000000 | rows=[66, 67] | cols=[6] | col_header=False | row_header=False | metadata=False
Cell H67 | value='737' | fill=00000000 | rows=[66, 67] | cols=[7] | col_header=False | row_header=False | metadata=False
Cell I67 | value='2012-06-01 00:00:00' | fill=None | rows=[66] | cols=[8] | col_header=False | row_header=False | metadata=False
Cell J67 | value='2012-08-01 00:00:00' | fill=None | rows=[66] | cols=[9] | col_header=False | row_header=False | metadata=False
Cell K67 | value='2013-01-01 00:00:00' | fill=None | rows=[66] | cols=[10] | col_header=False | row_header=False | metadata=False
Cell L67 | value='114400' | fill=00000000 | rows=[66, 67] | cols=[11] | col_header=False | row_header=False | metadata=False
Cell M67 | value='0' | fill=00000000 | rows=[66, 67] | cols=[12] | col_header=False | row_header=False | metadata=False
Cell N67 | value='17680' | fill=00000000 | rows=[66, 67] | cols=[13] | col_header=False | row_header=False | metadata=False
Cell O67 | value='1' | fill=00000000 | rows=[66, 67] | cols=[14] | col_header=False | row_header=False | metadata=False
Cell P67 | value='132080' | fill=00000000 | rows=[66, 67] | cols=[15] | col_header=False | row_header=False | metadata=False
Cell I68 | value='2012-06-01 00:00:00' | fill=FF92D050 | rows=[67] | cols=[8] | col_header=False | row_header=False | metadata=False
Cell J68 | value='2012-06-01 00:00:00' | fill=FF92D050 | rows=[67] | cols=[9] | col_header=False | row_header=False | metadata=False
Cell K68 | value='2012-07-01 00:00:00' | fill=FF92D050 | rows=[67] | cols=[10] | col_header=False | row_header=False | metadata=False
Cell A69 | value='2' | fill=00000000 | rows=[68, 69] | cols=[0] | col_header=False | row_header=False | metadata=False
Cell B69 | value='WIN' | fill=00000000 | rows=[68, 69] | cols=[1] | col_header=False | row_header=False | metadata=False
Cell C69 | value='LA' | fill=00000000 | rows=[68, 69] | cols=[2] | col_header=False | row_header=False | metadata=False
Cell D69 | value='INTERJET' | fill=00000000 | rows=[68, 69] | cols=[3] | col_header=False | row_header=False | metadata=False
Cell E69 | value='TOLUCA' | fill=00000000 | rows=[68, 69] | cols=[4] | col_header=False | row_header=False | metadata=False
Cell F69 | value='SD' | fill=00000000 | rows=[68, 69] | cols=[5] | col_header=False | row_header=False | metadata=False
Cell G69 | value='COCKPIT' | fill=00000000 | rows=[68, 69] | cols=[6] | col_header=False | row_header=False | metadata=False
Cell H69 | value='A320' | fill=00000000 | rows=[68, 69] | cols=[7] | col_header=False | row_header=False | metadata=False
Cell I69 | value='2012-06-01 00:00:00' | fill=None | rows=[68] | cols=[8] | col_header=False | row_header=False | metadata=False
Cell J69 | value='2012-09-01 00:00:00' | fill=None | rows=[68] | cols=[9] | col_header=False | row_header=False | metadata=False
Cell K69 | value='2013-02-01 00:00:00' | fill=None | rows=[68] | cols=[10] | col_header=False | row_header=False | metadata=False
Cell L69 | value='77700' | fill=00000000 | rows=[68, 69] | cols=[11] | col_header=False | row_header=False | metadata=False
Cell M69 | value='144300' | fill=00000000 | rows=[68, 69] | cols=[12] | col_header=False | row_header=False | metadata=False
Cell N69 | value='0' | fill=00000000 | rows=[68, 69] | cols=[13] | col_header=False | row_header=False | metadata=False
Cell O69 | value='1' | fill=00000000 | rows=[68, 69] | cols=[14] | col_header=False | row_header=False | metadata=False
Cell P69 | value='222000' | fill=00000000 | rows=[68, 69] | cols=[15] | col_header=False | row_header=False | metadata=False
Cell I70 | value='2012-06-01 00:00:00' | fill=FF92D050 | rows=[69] | cols=[8] | col_header=False | row_header=False | metadata=False
Cell J70 | value='2012-10-01 00:00:00' | fill=FFFFC000 | rows=[69] | cols=[9] | col_header=False | row_header=False | metadata=False
Cell K70 | value='2012-12-01 00:00:00' | fill=FF92D050 | rows=[69] | cols=[10] | col_header=False | row_header=False | metadata=False

