=== economy-table53.xlsx ===
Cell A1 | value='Cornwall Glass Plymouth Trade Counter' | fill=FF00B0F0 | rows=[0] | cols=[0] | col_header=True | row_header=True | metadata=True
Cell A3 | value='Customer Ref: Jones' | fill=FF00B0F0 | rows=[2] | cols=[0] | col_header=False | row_header=False | metadata=True
Cell A5 | value='Product' | fill=FFFFFF00 | rows=[4, 5] | cols=[0] | col_header=True | row_header=False | metadata=False
Cell B5 | value='Quanity' | fill=FFFFFF00 | rows=[4, 5] | cols=[1] | col_header=True | row_header=False | metadata=False
Cell C5 | value='Width in mm' | fill=FFFFFF00 | rows=[4, 5] | cols=[2] | col_header=True | row_header=False | metadata=False
Cell D5 | value='X' | fill=FFFFFF00 | rows=[4, 5] | cols=[3] | col_header=True | row_header=False | metadata=False
Cell E5 | value='Height in mm' | fill=FFFFFF00 | rows=[4, 5] | cols=[4] | col_header=True | row_header=False | metadata=False
Cell F5 | value='M/2' | fill=FFFFFF00 | rows=[4, 5] | cols=[5] | col_header=True | row_header=False | metadata=False
Cell G5 | value='Price' | fill=FFFFFF00 | rows=[4, 5] | cols=[6] | col_header=True | row_header=False | metadata=False
Cell H5 | value='Corner Notch's' | fill=00000000 | rows=[4] | cols=[7, 8] | col_header=False | row_header=False | metadata=False
Cell J5 | value='Cut - Outs' | fill=00000000 | rows=[4] | cols=[9, 10] | col_header=False | row_header=False | metadata=False
Cell L5 | value='Holes 6 -15 mm' | fill=00000000 | rows=[4] | cols=[11, 12] | col_header=False | row_header=False | metadata=False
Cell N5 | value='Holes 16 -38 mm' | fill=00000000 | rows=[4] | cols=[13, 14] | col_header=False | row_header=False | metadata=False
Cell Q5 | value='Total' | fill=FFFFFF00 | rows=[4, 5] | cols=[16] | col_header=True | row_header=False | metadata=False
Cell H6 | value='quanity' | fill=FFFFFF00 | rows=[5] | cols=[7] | col_header=True | row_header=False | metadata=False
Cell I6 | value='price' | fill=FFFFFF00 | rows=[5] | cols=[8] | col_header=True | row_header=False | metadata=False
Cell J6 | value='quanity' | fill=FFFFFF00 | rows=[5] | cols=[9] | col_header=True | row_header=False | metadata=False
Cell K6 | value='price' | fill=FFFFFF00 | rows=[5] | cols=[10] | col_header=True | row_header=False | metadata=False
Cell L6 | value='quanity' | fill=FFFFFF00 | rows=[5] | cols=[11] | col_header=True | row_header=False | metadata=False
Cell M6 | value='price' | fill=FFFFFF00 | rows=[5] | cols=[12] | col_header=True | row_header=False | metadata=False
Cell N6 | value='quanity' | fill=FFFFFF00 | rows=[5] | cols=[13] | col_header=True | row_header=False | metadata=False
Cell O6 | value='price' | fill=FFFFFF00 | rows=[5] | cols=[14] | col_header=True | row_header=False | metadata=False
Cell A7 | value='6mm White Toughened, Lacobel, P/A/R' | fill=00000000 | rows=[6] | cols=[0] | col_header=False | row_header=False | metadata=False
Cell B7 | value='1' | fill=00000000 | rows=[6] | cols=[1] | col_header=False | row_header=False | metadata=False
Cell C7 | value='0.6' | fill=00000000 | rows=[6] | cols=[2] | col_header=False | row_header=False | metadata=False
Cell D7 | value='X' | fill=00000000 | rows=[6] | cols=[3] | col_header=False | row_header=False | metadata=False
Cell E7 | value='0.25' | fill=00000000 | rows=[6] | cols=[4] | col_header=False | row_header=False | metadata=False
Cell F7 | value='0.15' | fill=FFFFC000 | rows=[6] | cols=[5] | col_header=False | row_header=False | metadata=False
Cell G7 | value='20.475' | fill=00000000 | rows=[6] | cols=[6] | col_header=False | row_header=False | metadata=False
Cell H7 | value='2' | fill=00000000 | rows=[6] | cols=[7] | col_header=False | row_header=False | metadata=False
Cell I7 | value='65' | fill=00000000 | rows=[6] | cols=[8] | col_header=False | row_header=False | metadata=False
Cell K7 | value='0' | fill=00000000 | rows=[6] | cols=[10] | col_header=False | row_header=False | metadata=False
Cell L7 | value='1' | fill=00000000 | rows=[6] | cols=[11] | col_header=False | row_header=False | metadata=False
Cell M7 | value='4' | fill=00000000 | rows=[6] | cols=[12] | col_header=False | row_header=False | metadata=False
Cell N7 | value='1' | fill=00000000 | rows=[6] | cols=[13] | col_header=False | row_header=False | metadata=False
Cell O7 | value='8' | fill=00000000 | rows=[6] | cols=[14] | col_header=False | row_header=False | metadata=False
Cell Q7 | value='97.475' | fill=00000000 | rows=[6] | cols=[16] | col_header=False | row_header=False | metadata=False
Cell A8 | value='6mm Black Toughened, Lacobel, P/A/R' | fill=00000000 | rows=[7] | cols=[0] | col_header=False | row_header=False | metadata=False
Cell B8 | value='1' | fill=00000000 | rows=[7] | cols=[1] | col_header=False | row_header=False | metadata=False
Cell C8 | value='1.2' | fill=00000000 | rows=[7] | cols=[2] | col_header=False | row_header=False | metadata=False
Cell D8 | value='X' | fill=00000000 | rows=[7] | cols=[3] | col_header=False | row_header=False | metadata=False
Cell E8 | value='0.8' | fill=00000000 | rows=[7] | cols=[4] | col_header=False | row_header=False | metadata=False
Cell F8 | value='0.96' | fill=FFFFC000 | rows=[7] | cols=[5] | col_header=False | row_header=False | metadata=False
Cell G8 | value='131.04' | fill=00000000 | rows=[7] | cols=[6] | col_header=False | row_header=False | metadata=False
Cell H8 | value='1' | fill=00000000 | rows=[7] | cols=[7] | col_header=False | row_header=False | metadata=False
Cell I8 | value='32.5' | fill=00000000 | rows=[7] | cols=[8] | col_header=False | row_header=False | metadata=False
Cell J8 | value='2' | fill=00000000 | rows=[7] | cols=[9] | col_header=False | row_header=False | metadata=False
Cell K8 | value='100' | fill=00000000 | rows=[7] | cols=[10] | col_header=False | row_header=False | metadata=False
Cell L8 | value='2' | fill=00000000 | rows=[7] | cols=[11] | col_header=False | row_header=False | metadata=False
Cell M8 | value='8' | fill=00000000 | rows=[7] | cols=[12] | col_header=False | row_header=False | metadata=False
Cell O8 | value='0' | fill=00000000 | rows=[7] | cols=[14] | col_header=False | row_header=False | metadata=False
Cell Q8 | value='271.53999999999996' | fill=00000000 | rows=[7] | cols=[16] | col_header=False | row_header=False | metadata=False
Cell A9 | value='6mm Light Grey Toughened, Lacobel, P/A/R' | fill=00000000 | rows=[8] | cols=[0] | col_header=False | row_header=False | metadata=False
Cell B9 | value='1' | fill=00000000 | rows=[8] | cols=[1] | col_header=False | row_header=False | metadata=False
Cell C9 | value='0.6' | fill=00000000 | rows=[8] | cols=[2] | col_header=False | row_header=False | metadata=False
Cell D9 | value='X' | fill=00000000 | rows=[8] | cols=[3] | col_header=False | row_header=False | metadata=False
Cell E9 | value='0.3' | fill=00000000 | rows=[8] | cols=[4] | col_header=False | row_header=False | metadata=False
Cell F9 | value='0.18' | fill=FFFFC000 | rows=[8] | cols=[5] | col_header=False | row_header=False | metadata=False
Cell G9 | value='24.57' | fill=00000000 | rows=[8] | cols=[6] | col_header=False | row_header=False | metadata=False
Cell H9 | value='3' | fill=00000000 | rows=[8] | cols=[7] | col_header=False | row_header=False | metadata=False
Cell I9 | value='97.5' | fill=00000000 | rows=[8] | cols=[8] | col_header=False | row_header=False | metadata=False
Cell J9 | value='1' | fill=00000000 | rows=[8] | cols=[9] | col_header=False | row_header=False | metadata=False
Cell K9 | value='50' | fill=00000000 | rows=[8] | cols=[10] | col_header=False | row_header=False | metadata=False
Cell L9 | value='3' | fill=00000000 | rows=[8] | cols=[11] | col_header=False | row_header=False | metadata=False
Cell M9 | value='12' | fill=00000000 | rows=[8] | cols=[12] | col_header=False | row_header=False | metadata=False
Cell N9 | value='1' | fill=00000000 | rows=[8] | cols=[13] | col_header=False | row_header=False | metadata=False
Cell O9 | value='8' | fill=00000000 | rows=[8] | cols=[14] | col_header=False | row_header=False | metadata=False
Cell Q9 | value='192.07' | fill=00000000 | rows=[8] | cols=[16] | col_header=False | row_header=False | metadata=False
Cell A10 | value='6mm Dark Grey Toughened, Lacobel, P/A/R' | fill=00000000 | rows=[9] | cols=[0] | col_header=False | row_header=False | metadata=False
Cell D10 | value='X' | fill=00000000 | rows=[9] | cols=[3] | col_header=False | row_header=False | metadata=False
Cell F10 | value='0' | fill=FFFFC000 | rows=[9] | cols=[5] | col_header=False | row_header=False | metadata=False
Cell G10 | value='0' | fill=00000000 | rows=[9] | cols=[6] | col_header=False | row_header=False | metadata=False
Cell I10 | value='0' | fill=00000000 | rows=[9] | cols=[8] | col_header=False | row_header=False | metadata=False
Cell K10 | value='0' | fill=00000000 | rows=[9] | cols=[10] | col_header=False | row_header=False | metadata=False
Cell M10 | value='0' | fill=00000000 | rows=[9] | cols=[12] | col_header=False | row_header=False | metadata=False
Cell O10 | value='0' | fill=00000000 | rows=[9] | cols=[14] | col_header=False | row_header=False | metadata=False
Cell Q10 | value='0' | fill=00000000 | rows=[9] | cols=[16] | col_header=False | row_header=False | metadata=False
Cell D11 | value='X' | fill=00000000 | rows=[10] | cols=[3] | col_header=False | row_header=False | metadata=False
Cell F11 | value='0' | fill=FFFFC000 | rows=[10] | cols=[5] | col_header=False | row_header=False | metadata=False
Cell G11 | value='0' | fill=00000000 | rows=[10] | cols=[6] | col_header=False | row_header=False | metadata=False
Cell I11 | value='0' | fill=00000000 | rows=[10] | cols=[8] | col_header=False | row_header=False | metadata=False
Cell K11 | value='0' | fill=00000000 | rows=[10] | cols=[10] | col_header=False | row_header=False | metadata=False
Cell M11 | value='0' | fill=00000000 | rows=[10] | cols=[12] | col_header=False | row_header=False | metadata=False
Cell O11 | value='0' | fill=00000000 | rows=[10] | cols=[14] | col_header=False | row_header=False | metadata=False
Cell Q11 | value='0' | fill=00000000 | rows=[10] | cols=[16] | col_header=False | row_header=False | metadata=False
Cell D12 | value='X' | fill=00000000 | rows=[11] | cols=[3] | col_header=False | row_header=False | metadata=False
Cell F12 | value='0' | fill=FFFFC000 | rows=[11] | cols=[5] | col_header=False | row_header=False | metadata=False
Cell G12 | value='0' | fill=00000000 | rows=[11] | cols=[6] | col_header=False | row_header=False | metadata=False
Cell I12 | value='0' | fill=00000000 | rows=[11] | cols=[8] | col_header=False | row_header=False | metadata=False
Cell K12 | value='0' | fill=00000000 | rows=[11] | cols=[10] | col_header=False | row_header=False | metadata=False
Cell M12 | value='0' | fill=00000000 | rows=[11] | cols=[12] | col_header=False | row_header=False | metadata=False
Cell O12 | value='0' | fill=00000000 | rows=[11] | cols=[14] | col_header=False | row_header=False | metadata=False
Cell Q12 | value='0' | fill=00000000 | rows=[11] | cols=[16] | col_header=False | row_header=False | metadata=False
Cell D13 | value='X' | fill=00000000 | rows=[12] | cols=[3] | col_header=False | row_header=False | metadata=False
Cell F13 | value='0' | fill=FFFFC000 | rows=[12] | cols=[5] | col_header=False | row_header=False | metadata=False
Cell G13 | value='0' | fill=00000000 | rows=[12] | cols=[6] | col_header=False | row_header=False | metadata=False
Cell I13 | value='0' | fill=00000000 | rows=[12] | cols=[8] | col_header=False | row_header=False | metadata=False
Cell K13 | value='0' | fill=00000000 | rows=[12] | cols=[10] | col_header=False | row_header=False | metadata=False
Cell M13 | value='0' | fill=00000000 | rows=[12] | cols=[12] | col_header=False | row_header=False | metadata=False
Cell O13 | value='0' | fill=00000000 | rows=[12] | cols=[14] | col_header=False | row_header=False | metadata=False
Cell Q13 | value='0' | fill=00000000 | rows=[12] | cols=[16] | col_header=False | row_header=False | metadata=False
Cell D14 | value='X' | fill=00000000 | rows=[13] | cols=[3] | col_header=False | row_header=False | metadata=False
Cell F14 | value='0' | fill=FFFFC000 | rows=[13] | cols=[5] | col_header=False | row_header=False | metadata=False
Cell G14 | value='0' | fill=00000000 | rows=[13] | cols=[6] | col_header=False | row_header=False | metadata=False
Cell I14 | value='0' | fill=00000000 | rows=[13] | cols=[8] | col_header=False | row_header=False | metadata=False
Cell K14 | value='0' | fill=00000000 | rows=[13] | cols=[10] | col_header=False | row_header=False | metadata=False
Cell M14 | value='0' | fill=00000000 | rows=[13] | cols=[12] | col_header=False | row_header=False | metadata=False
Cell O14 | value='0' | fill=00000000 | rows=[13] | cols=[14] | col_header=False | row_header=False | metadata=False
Cell Q14 | value='0' | fill=00000000 | rows=[13] | cols=[16] | col_header=False | row_header=False | metadata=False
Cell D15 | value='X' | fill=00000000 | rows=[14] | cols=[3] | col_header=False | row_header=False | metadata=False
Cell F15 | value='0' | fill=FFFFC000 | rows=[14] | cols=[5] | col_header=False | row_header=False | metadata=False
Cell G15 | value='0' | fill=00000000 | rows=[14] | cols=[6] | col_header=False | row_header=False | metadata=False
Cell I15 | value='0' | fill=00000000 | rows=[14] | cols=[8] | col_header=False | row_header=False | metadata=False
Cell K15 | value='0' | fill=00000000 | rows=[14] | cols=[10] | col_header=False | row_header=False | metadata=False
Cell M15 | value='0' | fill=00000000 | rows=[14] | cols=[12] | col_header=False | row_header=False | metadata=False
Cell O15 | value='0' | fill=00000000 | rows=[14] | cols=[14] | col_header=False | row_header=False | metadata=False
Cell Q15 | value='0' | fill=00000000 | rows=[14] | cols=[16] | col_header=False | row_header=False | metadata=False
Cell D16 | value='X' | fill=00000000 | rows=[15] | cols=[3] | col_header=False | row_header=False | metadata=False
Cell F16 | value='0' | fill=FFFFC000 | rows=[15] | cols=[5] | col_header=False | row_header=False | metadata=False
Cell G16 | value='0' | fill=00000000 | rows=[15] | cols=[6] | col_header=False | row_header=False | metadata=False
Cell I16 | value='0' | fill=00000000 | rows=[15] | cols=[8] | col_header=False | row_header=False | metadata=False
Cell K16 | value='0' | fill=00000000 | rows=[15] | cols=[10] | col_header=False | row_header=False | metadata=False
Cell M16 | value='0' | fill=00000000 | rows=[15] | cols=[12] | col_header=False | row_header=False | metadata=False
Cell O16 | value='0' | fill=00000000 | rows=[15] | cols=[14] | col_header=False | row_header=False | metadata=False
Cell Q16 | value='0' | fill=00000000 | rows=[15] | cols=[16] | col_header=False | row_header=False | metadata=False
Cell A18 | value='Template Charge' | fill=00000000 | rows=[17] | cols=[0] | col_header=False | row_header=False | metadata=False
Cell Q18 | value='0' | fill=00000000 | rows=[17] | cols=[16] | col_header=False | row_header=False | metadata=False
Cell A20 | value='Silicone' | fill=00000000 | rows=[19] | cols=[0] | col_header=False | row_header=False | metadata=False
Cell Q20 | value='0' | fill=00000000 | rows=[19] | cols=[16] | col_header=False | row_header=False | metadata=False
Cell O22 | value='Total' | fill=FF00B050 | rows=[21] | cols=[14] | col_header=False | row_header=True | metadata=False
Cell Q22 | value='561.085' | fill=00000000 | rows=[21] | cols=[16] | col_header=False | row_header=False | metadata=False
Cell O24 | value='Vat 20%' | fill=FF00B050 | rows=[23] | cols=[14] | col_header=False | row_header=True | metadata=False
Cell Q24 | value='112.21700000000001' | fill=00000000 | rows=[23] | cols=[16] | col_header=False | row_header=False | metadata=False
Cell O26 | value='Grand Total' | fill=FF00B050 | rows=[25] | cols=[14] | col_header=False | row_header=True | metadata=False
Cell Q26 | value='673.302' | fill=00000000 | rows=[25] | cols=[16] | col_header=False | row_header=False | metadata=False

