=== economy-table115.xlsx ===
Cell B1 | value='Annual Returns on Investments in' | fill=FFFFFF00 | rows=[0] | cols=[1] | col_header=True | row_header=False | metadata=False
Cell A2 | value='Year' | fill=FFFFFF00 | rows=[1] | cols=[0] | col_header=True | row_header=False | metadata=False
Cell B2 | value='Stocks' | fill=00000000 | rows=[1] | cols=[1] | col_header=False | row_header=False | metadata=False
Cell C2 | value='T.Bills' | fill=00000000 | rows=[1] | cols=[2] | col_header=False | row_header=False | metadata=False
Cell D2 | value='T.Bonds' | fill=00000000 | rows=[1] | cols=[3] | col_header=False | row_header=False | metadata=False
Cell A3 | value='1928' | fill=00000000 | rows=[2] | cols=[0] | col_header=False | row_header=False | metadata=False
Cell B3 | value='0.4381' | fill=00000000 | rows=[2] | cols=[1] | col_header=False | row_header=False | metadata=False
Cell C3 | value='0.0308' | fill=00000000 | rows=[2] | cols=[2] | col_header=False | row_header=False | metadata=False
Cell D3 | value='0.0084' | fill=00000000 | rows=[2] | cols=[3] | col_header=False | row_header=False | metadata=False
Cell A4 | value='1929' | fill=00000000 | rows=[3] | cols=[0] | col_header=False | row_header=False | metadata=False
Cell B4 | value='-0.083' | fill=00000000 | rows=[3] | cols=[1] | col_header=False | row_header=False | metadata=False
Cell C4 | value='0.0316' | fill=00000000 | rows=[3] | cols=[2] | col_header=False | row_header=False | metadata=False
Cell D4 | value='0.042' | fill=00000000 | rows=[3] | cols=[3] | col_header=False | row_header=False | metadata=False
Cell A5 | value='1930' | fill=00000000 | rows=[4] | cols=[0] | col_header=False | row_header=False | metadata=False
Cell B5 | value='-0.2512' | fill=00000000 | rows=[4] | cols=[1] | col_header=False | row_header=False | metadata=False
Cell C5 | value='0.0455' | fill=00000000 | rows=[4] | cols=[2] | col_header=False | row_header=False | metadata=False
Cell D5 | value='0.0454' | fill=00000000 | rows=[4] | cols=[3] | col_header=False | row_header=False | metadata=False
Cell A6 | value='1931' | fill=00000000 | rows=[5] | cols=[0] | col_header=False | row_header=False | metadata=False
Cell B6 | value='-0.4384' | fill=00000000 | rows=[5] | cols=[1] | col_header=False | row_header=False | metadata=False
Cell C6 | value='0.0231' | fill=00000000 | rows=[5] | cols=[2] | col_header=False | row_header=False | metadata=False
Cell D6 | value='-0.0256' | fill=00000000 | rows=[5] | cols=[3] | col_header=False | row_header=False | metadata=False
Cell A7 | value='1932' | fill=00000000 | rows=[6] | cols=[0] | col_header=False | row_header=False | metadata=False
Cell B7 | value='-0.0864' | fill=00000000 | rows=[6] | cols=[1] | col_header=False | row_header=False | metadata=False
Cell C7 | value='0.0107' | fill=00000000 | rows=[6] | cols=[2] | col_header=False | row_header=False | metadata=False
Cell D7 | value='0.0879' | fill=00000000 | rows=[6] | cols=[3] | col_header=False | row_header=False | metadata=False
Cell A8 | value='1933' | fill=00000000 | rows=[7] | cols=[0] | col_header=False | row_header=False | metadata=False
Cell B8 | value='0.4998' | fill=00000000 | rows=[7] | cols=[1] | col_header=False | row_header=False | metadata=False
Cell C8 | value='0.0096' | fill=00000000 | rows=[7] | cols=[2] | col_header=False | row_header=False | metadata=False
Cell D8 | value='0.0186' | fill=00000000 | rows=[7] | cols=[3] | col_header=False | row_header=False | metadata=False
Cell A9 | value='1934' | fill=00000000 | rows=[8] | cols=[0] | col_header=False | row_header=False | metadata=False
Cell B9 | value='-0.0119' | fill=00000000 | rows=[8] | cols=[1] | col_header=False | row_header=False | metadata=False
Cell C9 | value='0.003' | fill=00000000 | rows=[8] | cols=[2] | col_header=False | row_header=False | metadata=False
Cell D9 | value='0.0796' | fill=00000000 | rows=[8] | cols=[3] | col_header=False | row_header=False | metadata=False
Cell A10 | value='1935' | fill=00000000 | rows=[9] | cols=[0] | col_header=False | row_header=False | metadata=False
Cell B10 | value='0.4674' | fill=00000000 | rows=[9] | cols=[1] | col_header=False | row_header=False | metadata=False
Cell C10 | value='0.0023' | fill=00000000 | rows=[9] | cols=[2] | col_header=False | row_header=False | metadata=False
Cell D10 | value='0.0447' | fill=00000000 | rows=[9] | cols=[3] | col_header=False | row_header=False | metadata=False
Cell A11 | value='1936' | fill=00000000 | rows=[10] | cols=[0] | col_header=False | row_header=False | metadata=False
Cell B11 | value='0.3194' | fill=00000000 | rows=[10] | cols=[1] | col_header=False | row_header=False | metadata=False
Cell C11 | value='0.0015' | fill=00000000 | rows=[10] | cols=[2] | col_header=False | row_header=False | metadata=False
Cell D11 | value='0.0502' | fill=00000000 | rows=[10] | cols=[3] | col_header=False | row_header=False | metadata=False
Cell A12 | value='1937' | fill=00000000 | rows=[11] | cols=[0] | col_header=False | row_header=False | metadata=False
Cell B12 | value='-0.3534' | fill=00000000 | rows=[11] | cols=[1] | col_header=False | row_header=False | metadata=False
Cell C12 | value='0.0012' | fill=00000000 | rows=[11] | cols=[2] | col_header=False | row_header=False | metadata=False
Cell D12 | value='0.0138' | fill=00000000 | rows=[11] | cols=[3] | col_header=False | row_header=False | metadata=False
Cell A13 | value='1938' | fill=00000000 | rows=[12] | cols=[0] | col_header=False | row_header=False | metadata=False
Cell B13 | value='0.2928' | fill=00000000 | rows=[12] | cols=[1] | col_header=False | row_header=False | metadata=False
Cell C13 | value='0.0011' | fill=00000000 | rows=[12] | cols=[2] | col_header=False | row_header=False | metadata=False
Cell D13 | value='0.0421' | fill=00000000 | rows=[12] | cols=[3] | col_header=False | row_header=False | metadata=False
Cell A14 | value='1939' | fill=00000000 | rows=[13] | cols=[0] | col_header=False | row_header=False | metadata=False
Cell B14 | value='-0.011' | fill=00000000 | rows=[13] | cols=[1] | col_header=False | row_header=False | metadata=False
Cell C14 | value='0.0003' | fill=00000000 | rows=[13] | cols=[2] | col_header=False | row_header=False | metadata=False
Cell D14 | value='0.0441' | fill=00000000 | rows=[13] | cols=[3] | col_header=False | row_header=False | metadata=False
Cell A15 | value='1940' | fill=00000000 | rows=[14] | cols=[0] | col_header=False | row_header=False | metadata=False
Cell B15 | value='-0.1067' | fill=00000000 | rows=[14] | cols=[1] | col_header=False | row_header=False | metadata=False
Cell C15 | value='0.0004' | fill=00000000 | rows=[14] | cols=[2] | col_header=False | row_header=False | metadata=False
Cell D15 | value='0.054' | fill=00000000 | rows=[14] | cols=[3] | col_header=False | row_header=False | metadata=False
Cell A16 | value='1941' | fill=00000000 | rows=[15] | cols=[0] | col_header=False | row_header=False | metadata=False
Cell B16 | value='-0.1277' | fill=00000000 | rows=[15] | cols=[1] | col_header=False | row_header=False | metadata=False
Cell C16 | value='0.0002' | fill=00000000 | rows=[15] | cols=[2] | col_header=False | row_header=False | metadata=False
Cell D16 | value='-0.0202' | fill=00000000 | rows=[15] | cols=[3] | col_header=False | row_header=False | metadata=False
Cell A17 | value='1942' | fill=00000000 | rows=[16] | cols=[0] | col_header=False | row_header=False | metadata=False
Cell B17 | value='0.1917' | fill=00000000 | rows=[16] | cols=[1] | col_header=False | row_header=False | metadata=False
Cell C17 | value='0.0033' | fill=00000000 | rows=[16] | cols=[2] | col_header=False | row_header=False | metadata=False
Cell D17 | value='0.0229' | fill=00000000 | rows=[16] | cols=[3] | col_header=False | row_header=False | metadata=False
Cell A18 | value='1943' | fill=00000000 | rows=[17] | cols=[0] | col_header=False | row_header=False | metadata=False
Cell B18 | value='0.2506' | fill=00000000 | rows=[17] | cols=[1] | col_header=False | row_header=False | metadata=False
Cell C18 | value='0.0038' | fill=00000000 | rows=[17] | cols=[2] | col_header=False | row_header=False | metadata=False
Cell D18 | value='0.0249' | fill=00000000 | rows=[17] | cols=[3] | col_header=False | row_header=False | metadata=False
Cell A19 | value='1944' | fill=00000000 | rows=[18] | cols=[0] | col_header=False | row_header=False | metadata=False
Cell B19 | value='0.1903' | fill=00000000 | rows=[18] | cols=[1] | col_header=False | row_header=False | metadata=False
Cell C19 | value='0.0038' | fill=00000000 | rows=[18] | cols=[2] | col_header=False | row_header=False | metadata=False
Cell D19 | value='0.0258' | fill=00000000 | rows=[18] | cols=[3] | col_header=False | row_header=False | metadata=False
Cell A20 | value='1945' | fill=00000000 | rows=[19] | cols=[0] | col_header=False | row_header=False | metadata=False
Cell B20 | value='0.3582' | fill=00000000 | rows=[19] | cols=[1] | col_header=False | row_header=False | metadata=False
Cell C20 | value='0.0038' | fill=00000000 | rows=[19] | cols=[2] | col_header=False | row_header=False | metadata=False
Cell D20 | value='0.038' | fill=00000000 | rows=[19] | cols=[3] | col_header=False | row_header=False | metadata=False
Cell A21 | value='1946' | fill=00000000 | rows=[20] | cols=[0] | col_header=False | row_header=False | metadata=False
Cell B21 | value='-0.0843' | fill=00000000 | rows=[20] | cols=[1] | col_header=False | row_header=False | metadata=False
Cell C21 | value='0.0038' | fill=00000000 | rows=[20] | cols=[2] | col_header=False | row_header=False | metadata=False
Cell D21 | value='0.0313' | fill=00000000 | rows=[20] | cols=[3] | col_header=False | row_header=False | metadata=False
Cell A22 | value='1947' | fill=00000000 | rows=[21] | cols=[0] | col_header=False | row_header=False | metadata=False
Cell B22 | value='0.052' | fill=00000000 | rows=[21] | cols=[1] | col_header=False | row_header=False | metadata=False
Cell C22 | value='0.0038' | fill=00000000 | rows=[21] | cols=[2] | col_header=False | row_header=False | metadata=False
Cell D22 | value='0.0092' | fill=00000000 | rows=[21] | cols=[3] | col_header=False | row_header=False | metadata=False
Cell A23 | value='1948' | fill=00000000 | rows=[22] | cols=[0] | col_header=False | row_header=False | metadata=False
Cell B23 | value='0.057' | fill=00000000 | rows=[22] | cols=[1] | col_header=False | row_header=False | metadata=False
Cell C23 | value='0.0095' | fill=00000000 | rows=[22] | cols=[2] | col_header=False | row_header=False | metadata=False
Cell D23 | value='0.0195' | fill=00000000 | rows=[22] | cols=[3] | col_header=False | row_header=False | metadata=False
Cell A24 | value='1949' | fill=00000000 | rows=[23] | cols=[0] | col_header=False | row_header=False | metadata=False
Cell B24 | value='0.183' | fill=00000000 | rows=[23] | cols=[1] | col_header=False | row_header=False | metadata=False
Cell C24 | value='0.0116' | fill=00000000 | rows=[23] | cols=[2] | col_header=False | row_header=False | metadata=False
Cell D24 | value='0.0466' | fill=00000000 | rows=[23] | cols=[3] | col_header=False | row_header=False | metadata=False
Cell A25 | value='1950' | fill=00000000 | rows=[24] | cols=[0] | col_header=False | row_header=False | metadata=False
Cell B25 | value='0.3081' | fill=00000000 | rows=[24] | cols=[1] | col_header=False | row_header=False | metadata=False
Cell C25 | value='0.011' | fill=00000000 | rows=[24] | cols=[2] | col_header=False | row_header=False | metadata=False
Cell D25 | value='0.0043' | fill=00000000 | rows=[24] | cols=[3] | col_header=False | row_header=False | metadata=False
Cell A26 | value='1951' | fill=00000000 | rows=[25] | cols=[0] | col_header=False | row_header=False | metadata=False
Cell B26 | value='0.2368' | fill=00000000 | rows=[25] | cols=[1] | col_header=False | row_header=False | metadata=False
Cell C26 | value='0.0134' | fill=00000000 | rows=[25] | cols=[2] | col_header=False | row_header=False | metadata=False
Cell D26 | value='-0.003' | fill=00000000 | rows=[25] | cols=[3] | col_header=False | row_header=False | metadata=False
Cell A27 | value='1952' | fill=00000000 | rows=[26] | cols=[0] | col_header=False | row_header=False | metadata=False
Cell B27 | value='0.1815' | fill=00000000 | rows=[26] | cols=[1] | col_header=False | row_header=False | metadata=False
Cell C27 | value='0.0173' | fill=00000000 | rows=[26] | cols=[2] | col_header=False | row_header=False | metadata=False
Cell D27 | value='0.0227' | fill=00000000 | rows=[26] | cols=[3] | col_header=False | row_header=False | metadata=False
Cell A28 | value='1953' | fill=00000000 | rows=[27] | cols=[0] | col_header=False | row_header=False | metadata=False
Cell B28 | value='-0.0121' | fill=00000000 | rows=[27] | cols=[1] | col_header=False | row_header=False | metadata=False
Cell C28 | value='0.0209' | fill=00000000 | rows=[27] | cols=[2] | col_header=False | row_header=False | metadata=False
Cell D28 | value='0.0414' | fill=00000000 | rows=[27] | cols=[3] | col_header=False | row_header=False | metadata=False
Cell A29 | value='1954' | fill=00000000 | rows=[28] | cols=[0] | col_header=False | row_header=False | metadata=False
Cell B29 | value='0.5256' | fill=00000000 | rows=[28] | cols=[1] | col_header=False | row_header=False | metadata=False
Cell C29 | value='0.016' | fill=00000000 | rows=[28] | cols=[2] | col_header=False | row_header=False | metadata=False
Cell D29 | value='0.0329' | fill=00000000 | rows=[28] | cols=[3] | col_header=False | row_header=False | metadata=False
Cell A30 | value='1955' | fill=00000000 | rows=[29] | cols=[0] | col_header=False | row_header=False | metadata=False
Cell B30 | value='0.326' | fill=00000000 | rows=[29] | cols=[1] | col_header=False | row_header=False | metadata=False
Cell C30 | value='0.0115' | fill=00000000 | rows=[29] | cols=[2] | col_header=False | row_header=False | metadata=False
Cell D30 | value='-0.0134' | fill=00000000 | rows=[29] | cols=[3] | col_header=False | row_header=False | metadata=False
Cell A31 | value='1956' | fill=00000000 | rows=[30] | cols=[0] | col_header=False | row_header=False | metadata=False
Cell B31 | value='0.0744' | fill=00000000 | rows=[30] | cols=[1] | col_header=False | row_header=False | metadata=False
Cell C31 | value='0.0254' | fill=00000000 | rows=[30] | cols=[2] | col_header=False | row_header=False | metadata=False
Cell D31 | value='-0.0226' | fill=00000000 | rows=[30] | cols=[3] | col_header=False | row_header=False | metadata=False
Cell A32 | value='1957' | fill=00000000 | rows=[31] | cols=[0] | col_header=False | row_header=False | metadata=False
Cell B32 | value='-0.1046' | fill=00000000 | rows=[31] | cols=[1] | col_header=False | row_header=False | metadata=False
Cell C32 | value='0.0321' | fill=00000000 | rows=[31] | cols=[2] | col_header=False | row_header=False | metadata=False
Cell D32 | value='0.068' | fill=00000000 | rows=[31] | cols=[3] | col_header=False | row_header=False | metadata=False
Cell A33 | value='1958' | fill=00000000 | rows=[32] | cols=[0] | col_header=False | row_header=False | metadata=False
Cell B33 | value='0.4372' | fill=00000000 | rows=[32] | cols=[1] | col_header=False | row_header=False | metadata=False
Cell C33 | value='0.0304' | fill=00000000 | rows=[32] | cols=[2] | col_header=False | row_header=False | metadata=False
Cell D33 | value='-0.021' | fill=00000000 | rows=[32] | cols=[3] | col_header=False | row_header=False | metadata=False
Cell A34 | value='1959' | fill=00000000 | rows=[33] | cols=[0] | col_header=False | row_header=False | metadata=False
Cell B34 | value='0.1206' | fill=00000000 | rows=[33] | cols=[1] | col_header=False | row_header=False | metadata=False
Cell C34 | value='0.0277' | fill=00000000 | rows=[33] | cols=[2] | col_header=False | row_header=False | metadata=False
Cell D34 | value='-0.0265' | fill=00000000 | rows=[33] | cols=[3] | col_header=False | row_header=False | metadata=False
Cell A35 | value='1960' | fill=00000000 | rows=[34] | cols=[0] | col_header=False | row_header=False | metadata=False
Cell B35 | value='0.0034' | fill=00000000 | rows=[34] | cols=[1] | col_header=False | row_header=False | metadata=False
Cell C35 | value='0.0449' | fill=00000000 | rows=[34] | cols=[2] | col_header=False | row_header=False | metadata=False
Cell D35 | value='0.1164' | fill=00000000 | rows=[34] | cols=[3] | col_header=False | row_header=False | metadata=False
Cell A36 | value='1961' | fill=00000000 | rows=[35] | cols=[0] | col_header=False | row_header=False | metadata=False
Cell B36 | value='0.2664' | fill=00000000 | rows=[35] | cols=[1] | col_header=False | row_header=False | metadata=False
Cell C36 | value='0.0225' | fill=00000000 | rows=[35] | cols=[2] | col_header=False | row_header=False | metadata=False
Cell D36 | value='0.0206' | fill=00000000 | rows=[35] | cols=[3] | col_header=False | row_header=False | metadata=False
Cell A37 | value='1962' | fill=00000000 | rows=[36] | cols=[0] | col_header=False | row_header=False | metadata=False
Cell B37 | value='-0.0881' | fill=00000000 | rows=[36] | cols=[1] | col_header=False | row_header=False | metadata=False
Cell C37 | value='0.026' | fill=00000000 | rows=[36] | cols=[2] | col_header=False | row_header=False | metadata=False
Cell D37 | value='0.0569' | fill=00000000 | rows=[36] | cols=[3] | col_header=False | row_header=False | metadata=False
Cell A38 | value='1963' | fill=00000000 | rows=[37] | cols=[0] | col_header=False | row_header=False | metadata=False
Cell B38 | value='0.2261' | fill=00000000 | rows=[37] | cols=[1] | col_header=False | row_header=False | metadata=False
Cell C38 | value='0.0287' | fill=00000000 | rows=[37] | cols=[2] | col_header=False | row_header=False | metadata=False
Cell D38 | value='0.0168' | fill=00000000 | rows=[37] | cols=[3] | col_header=False | row_header=False | metadata=False
Cell A39 | value='1964' | fill=00000000 | rows=[38] | cols=[0] | col_header=False | row_header=False | metadata=False
Cell B39 | value='0.1642' | fill=00000000 | rows=[38] | cols=[1] | col_header=False | row_header=False | metadata=False
Cell C39 | value='0.0352' | fill=00000000 | rows=[38] | cols=[2] | col_header=False | row_header=False | metadata=False
Cell D39 | value='0.0373' | fill=00000000 | rows=[38] | cols=[3] | col_header=False | row_header=False | metadata=False
Cell A40 | value='1965' | fill=00000000 | rows=[39] | cols=[0] | col_header=False | row_header=False | metadata=False
Cell B40 | value='0.124' | fill=00000000 | rows=[39] | cols=[1] | col_header=False | row_header=False | metadata=False
Cell C40 | value='0.0384' | fill=00000000 | rows=[39] | cols=[2] | col_header=False | row_header=False | metadata=False
Cell D40 | value='0.0072' | fill=00000000 | rows=[39] | cols=[3] | col_header=False | row_header=False | metadata=False
Cell A41 | value='1966' | fill=00000000 | rows=[40] | cols=[0] | col_header=False | row_header=False | metadata=False
Cell B41 | value='-0.0997' | fill=00000000 | rows=[40] | cols=[1] | col_header=False | row_header=False | metadata=False
Cell C41 | value='0.0438' | fill=00000000 | rows=[40] | cols=[2] | col_header=False | row_header=False | metadata=False
Cell D41 | value='0.0291' | fill=00000000 | rows=[40] | cols=[3] | col_header=False | row_header=False | metadata=False
Cell A42 | value='1967' | fill=00000000 | rows=[41] | cols=[0] | col_header=False | row_header=False | metadata=False
Cell B42 | value='0.238' | fill=00000000 | rows=[41] | cols=[1] | col_header=False | row_header=False | metadata=False
Cell C42 | value='0.0496' | fill=00000000 | rows=[41] | cols=[2] | col_header=False | row_header=False | metadata=False
Cell D42 | value='-0.0158' | fill=00000000 | rows=[41] | cols=[3] | col_header=False | row_header=False | metadata=False
Cell A43 | value='1968' | fill=00000000 | rows=[42] | cols=[0] | col_header=False | row_header=False | metadata=False
Cell B43 | value='0.1081' | fill=00000000 | rows=[42] | cols=[1] | col_header=False | row_header=False | metadata=False
Cell C43 | value='0.0497' | fill=00000000 | rows=[42] | cols=[2] | col_header=False | row_header=False | metadata=False
Cell D43 | value='0.0327' | fill=00000000 | rows=[42] | cols=[3] | col_header=False | row_header=False | metadata=False
Cell A44 | value='1969' | fill=00000000 | rows=[43] | cols=[0] | col_header=False | row_header=False | metadata=False
Cell B44 | value='-0.0824' | fill=00000000 | rows=[43] | cols=[1] | col_header=False | row_header=False | metadata=False
Cell C44 | value='0.0596' | fill=00000000 | rows=[43] | cols=[2] | col_header=False | row_header=False | metadata=False
Cell D44 | value='-0.0501' | fill=00000000 | rows=[43] | cols=[3] | col_header=False | row_header=False | metadata=False
Cell A45 | value='1970' | fill=00000000 | rows=[44] | cols=[0] | col_header=False | row_header=False | metadata=False
Cell B45 | value='0.0356' | fill=00000000 | rows=[44] | cols=[1] | col_header=False | row_header=False | metadata=False
Cell C45 | value='0.0782' | fill=00000000 | rows=[44] | cols=[2] | col_header=False | row_header=False | metadata=False
Cell D45 | value='0.1675' | fill=00000000 | rows=[44] | cols=[3] | col_header=False | row_header=False | metadata=False
Cell A46 | value='1971' | fill=00000000 | rows=[45] | cols=[0] | col_header=False | row_header=False | metadata=False
Cell B46 | value='0.1422' | fill=00000000 | rows=[45] | cols=[1] | col_header=False | row_header=False | metadata=False
Cell C46 | value='0.0487' | fill=00000000 | rows=[45] | cols=[2] | col_header=False | row_header=False | metadata=False
Cell D46 | value='0.0979' | fill=00000000 | rows=[45] | cols=[3] | col_header=False | row_header=False | metadata=False
Cell A47 | value='1972' | fill=00000000 | rows=[46] | cols=[0] | col_header=False | row_header=False | metadata=False
Cell B47 | value='0.1876' | fill=00000000 | rows=[46] | cols=[1] | col_header=False | row_header=False | metadata=False
Cell C47 | value='0.0401' | fill=00000000 | rows=[46] | cols=[2] | col_header=False | row_header=False | metadata=False
Cell D47 | value='0.0282' | fill=00000000 | rows=[46] | cols=[3] | col_header=False | row_header=False | metadata=False
Cell A48 | value='1973' | fill=00000000 | rows=[47] | cols=[0] | col_header=False | row_header=False | metadata=False
Cell B48 | value='-0.1431' | fill=00000000 | rows=[47] | cols=[1] | col_header=False | row_header=False | metadata=False
Cell C48 | value='0.0507' | fill=00000000 | rows=[47] | cols=[2] | col_header=False | row_header=False | metadata=False
Cell D48 | value='0.0366' | fill=00000000 | rows=[47] | cols=[3] | col_header=False | row_header=False | metadata=False
Cell A49 | value='1974' | fill=00000000 | rows=[48] | cols=[0] | col_header=False | row_header=False | metadata=False
Cell B49 | value='-0.259' | fill=00000000 | rows=[48] | cols=[1] | col_header=False | row_header=False | metadata=False
Cell C49 | value='0.0745' | fill=00000000 | rows=[48] | cols=[2] | col_header=False | row_header=False | metadata=False
Cell D49 | value='0.0199' | fill=00000000 | rows=[48] | cols=[3] | col_header=False | row_header=False | metadata=False
Cell A50 | value='1975' | fill=00000000 | rows=[49] | cols=[0] | col_header=False | row_header=False | metadata=False
Cell B50 | value='0.37' | fill=00000000 | rows=[49] | cols=[1] | col_header=False | row_header=False | metadata=False
Cell C50 | value='0.0715' | fill=00000000 | rows=[49] | cols=[2] | col_header=False | row_header=False | metadata=False
Cell D50 | value='0.0361' | fill=00000000 | rows=[49] | cols=[3] | col_header=False | row_header=False | metadata=False
Cell A51 | value='1976' | fill=00000000 | rows=[50] | cols=[0] | col_header=False | row_header=False | metadata=False
Cell B51 | value='0.2383' | fill=00000000 | rows=[50] | cols=[1] | col_header=False | row_header=False | metadata=False
Cell C51 | value='0.0544' | fill=00000000 | rows=[50] | cols=[2] | col_header=False | row_header=False | metadata=False
Cell D51 | value='0.1598' | fill=00000000 | rows=[50] | cols=[3] | col_header=False | row_header=False | metadata=False
Cell A52 | value='1977' | fill=00000000 | rows=[51] | cols=[0] | col_header=False | row_header=False | metadata=False
Cell B52 | value='-0.0698' | fill=00000000 | rows=[51] | cols=[1] | col_header=False | row_header=False | metadata=False
Cell C52 | value='0.0435' | fill=00000000 | rows=[51] | cols=[2] | col_header=False | row_header=False | metadata=False
Cell D52 | value='0.0129' | fill=00000000 | rows=[51] | cols=[3] | col_header=False | row_header=False | metadata=False
Cell A53 | value='1978' | fill=00000000 | rows=[52] | cols=[0] | col_header=False | row_header=False | metadata=False
Cell B53 | value='0.0651' | fill=00000000 | rows=[52] | cols=[1] | col_header=False | row_header=False | metadata=False
Cell C53 | value='0.0607' | fill=00000000 | rows=[52] | cols=[2] | col_header=False | row_header=False | metadata=False
Cell D53 | value='-0.0078' | fill=00000000 | rows=[52] | cols=[3] | col_header=False | row_header=False | metadata=False
Cell A54 | value='1979' | fill=00000000 | rows=[53] | cols=[0] | col_header=False | row_header=False | metadata=False
Cell B54 | value='0.1852' | fill=00000000 | rows=[53] | cols=[1] | col_header=False | row_header=False | metadata=False
Cell C54 | value='0.0908' | fill=00000000 | rows=[53] | cols=[2] | col_header=False | row_header=False | metadata=False
Cell D54 | value='0.0067' | fill=00000000 | rows=[53] | cols=[3] | col_header=False | row_header=False | metadata=False
Cell A55 | value='1980' | fill=00000000 | rows=[54] | cols=[0] | col_header=False | row_header=False | metadata=False
Cell B55 | value='0.3174' | fill=00000000 | rows=[54] | cols=[1] | col_header=False | row_header=False | metadata=False
Cell C55 | value='0.1204' | fill=00000000 | rows=[54] | cols=[2] | col_header=False | row_header=False | metadata=False
Cell D55 | value='-0.0299' | fill=00000000 | rows=[54] | cols=[3] | col_header=False | row_header=False | metadata=False
Cell A56 | value='1981' | fill=00000000 | rows=[55] | cols=[0] | col_header=False | row_header=False | metadata=False
Cell B56 | value='-0.047' | fill=00000000 | rows=[55] | cols=[1] | col_header=False | row_header=False | metadata=False
Cell C56 | value='0.1549' | fill=00000000 | rows=[55] | cols=[2] | col_header=False | row_header=False | metadata=False
Cell D56 | value='0.082' | fill=00000000 | rows=[55] | cols=[3] | col_header=False | row_header=False | metadata=False
Cell A57 | value='1982' | fill=00000000 | rows=[56] | cols=[0] | col_header=False | row_header=False | metadata=False
Cell B57 | value='0.2042' | fill=00000000 | rows=[56] | cols=[1] | col_header=False | row_header=False | metadata=False
Cell C57 | value='0.1085' | fill=00000000 | rows=[56] | cols=[2] | col_header=False | row_header=False | metadata=False
Cell D57 | value='0.3281' | fill=00000000 | rows=[56] | cols=[3] | col_header=False | row_header=False | metadata=False
Cell A58 | value='1983' | fill=00000000 | rows=[57] | cols=[0] | col_header=False | row_header=False | metadata=False
Cell B58 | value='0.2234' | fill=00000000 | rows=[57] | cols=[1] | col_header=False | row_header=False | metadata=False
Cell C58 | value='0.0794' | fill=00000000 | rows=[57] | cols=[2] | col_header=False | row_header=False | metadata=False
Cell D58 | value='0.032' | fill=00000000 | rows=[57] | cols=[3] | col_header=False | row_header=False | metadata=False
Cell A59 | value='1984' | fill=00000000 | rows=[58] | cols=[0] | col_header=False | row_header=False | metadata=False
Cell B59 | value='0.0615' | fill=00000000 | rows=[58] | cols=[1] | col_header=False | row_header=False | metadata=False
Cell C59 | value='0.09' | fill=00000000 | rows=[58] | cols=[2] | col_header=False | row_header=False | metadata=False
Cell D59 | value='0.1373' | fill=00000000 | rows=[58] | cols=[3] | col_header=False | row_header=False | metadata=False
Cell A60 | value='1985' | fill=00000000 | rows=[59] | cols=[0] | col_header=False | row_header=False | metadata=False
Cell B60 | value='0.3124' | fill=00000000 | rows=[59] | cols=[1] | col_header=False | row_header=False | metadata=False
Cell C60 | value='0.0806' | fill=00000000 | rows=[59] | cols=[2] | col_header=False | row_header=False | metadata=False
Cell D60 | value='0.2571' | fill=00000000 | rows=[59] | cols=[3] | col_header=False | row_header=False | metadata=False
Cell A61 | value='1986' | fill=00000000 | rows=[60] | cols=[0] | col_header=False | row_header=False | metadata=False
Cell B61 | value='0.1849' | fill=00000000 | rows=[60] | cols=[1] | col_header=False | row_header=False | metadata=False
Cell C61 | value='0.071' | fill=00000000 | rows=[60] | cols=[2] | col_header=False | row_header=False | metadata=False
Cell D61 | value='0.2428' | fill=00000000 | rows=[60] | cols=[3] | col_header=False | row_header=False | metadata=False
Cell A62 | value='1987' | fill=00000000 | rows=[61] | cols=[0] | col_header=False | row_header=False | metadata=False
Cell B62 | value='0.0581' | fill=00000000 | rows=[61] | cols=[1] | col_header=False | row_header=False | metadata=False
Cell C62 | value='0.0553' | fill=00000000 | rows=[61] | cols=[2] | col_header=False | row_header=False | metadata=False
Cell D62 | value='-0.0496' | fill=00000000 | rows=[61] | cols=[3] | col_header=False | row_header=False | metadata=False
Cell A63 | value='1988' | fill=00000000 | rows=[62] | cols=[0] | col_header=False | row_header=False | metadata=False
Cell B63 | value='0.1654' | fill=00000000 | rows=[62] | cols=[1] | col_header=False | row_header=False | metadata=False
Cell C63 | value='0.0577' | fill=00000000 | rows=[62] | cols=[2] | col_header=False | row_header=False | metadata=False
Cell D63 | value='0.0822' | fill=00000000 | rows=[62] | cols=[3] | col_header=False | row_header=False | metadata=False
Cell A64 | value='1989' | fill=00000000 | rows=[63] | cols=[0] | col_header=False | row_header=False | metadata=False
Cell B64 | value='0.3148' | fill=00000000 | rows=[63] | cols=[1] | col_header=False | row_header=False | metadata=False
Cell C64 | value='0.0807' | fill=00000000 | rows=[63] | cols=[2] | col_header=False | row_header=False | metadata=False
Cell D64 | value='0.1769' | fill=00000000 | rows=[63] | cols=[3] | col_header=False | row_header=False | metadata=False
Cell A65 | value='1990' | fill=00000000 | rows=[64] | cols=[0] | col_header=False | row_header=False | metadata=False
Cell B65 | value='-0.0306' | fill=00000000 | rows=[64] | cols=[1] | col_header=False | row_header=False | metadata=False
Cell C65 | value='0.0763' | fill=00000000 | rows=[64] | cols=[2] | col_header=False | row_header=False | metadata=False
Cell D65 | value='0.0624' | fill=00000000 | rows=[64] | cols=[3] | col_header=False | row_header=False | metadata=False
Cell A66 | value='1991' | fill=00000000 | rows=[65] | cols=[0] | col_header=False | row_header=False | metadata=False
Cell B66 | value='0.3023' | fill=00000000 | rows=[65] | cols=[1] | col_header=False | row_header=False | metadata=False
Cell C66 | value='0.0674' | fill=00000000 | rows=[65] | cols=[2] | col_header=False | row_header=False | metadata=False
Cell D66 | value='0.15' | fill=00000000 | rows=[65] | cols=[3] | col_header=False | row_header=False | metadata=False
Cell A67 | value='1992' | fill=00000000 | rows=[66] | cols=[0] | col_header=False | row_header=False | metadata=False
Cell B67 | value='0.0749' | fill=00000000 | rows=[66] | cols=[1] | col_header=False | row_header=False | metadata=False
Cell C67 | value='0.0407' | fill=00000000 | rows=[66] | cols=[2] | col_header=False | row_header=False | metadata=False
Cell D67 | value='0.0936' | fill=00000000 | rows=[66] | cols=[3] | col_header=False | row_header=False | metadata=False
Cell A68 | value='1993' | fill=00000000 | rows=[67] | cols=[0] | col_header=False | row_header=False | metadata=False
Cell B68 | value='0.0997' | fill=00000000 | rows=[67] | cols=[1] | col_header=False | row_header=False | metadata=False
Cell C68 | value='0.0322' | fill=00000000 | rows=[67] | cols=[2] | col_header=False | row_header=False | metadata=False
Cell D68 | value='0.1421' | fill=00000000 | rows=[67] | cols=[3] | col_header=False | row_header=False | metadata=False
Cell A69 | value='1994' | fill=00000000 | rows=[68] | cols=[0] | col_header=False | row_header=False | metadata=False
Cell B69 | value='0.0133' | fill=00000000 | rows=[68] | cols=[1] | col_header=False | row_header=False | metadata=False
Cell C69 | value='0.0306' | fill=00000000 | rows=[68] | cols=[2] | col_header=False | row_header=False | metadata=False
Cell D69 | value='-0.0804' | fill=00000000 | rows=[68] | cols=[3] | col_header=False | row_header=False | metadata=False
Cell A70 | value='1995' | fill=00000000 | rows=[69] | cols=[0] | col_header=False | row_header=False | metadata=False
Cell B70 | value='0.372' | fill=00000000 | rows=[69] | cols=[1] | col_header=False | row_header=False | metadata=False
Cell C70 | value='0.056' | fill=00000000 | rows=[69] | cols=[2] | col_header=False | row_header=False | metadata=False
Cell D70 | value='0.2348' | fill=00000000 | rows=[69] | cols=[3] | col_header=False | row_header=False | metadata=False
Cell A71 | value='1996' | fill=00000000 | rows=[70] | cols=[0] | col_header=False | row_header=False | metadata=False
Cell B71 | value='0.2382' | fill=00000000 | rows=[70] | cols=[1] | col_header=False | row_header=False | metadata=False
Cell C71 | value='0.0514' | fill=00000000 | rows=[70] | cols=[2] | col_header=False | row_header=False | metadata=False
Cell D71 | value='0.0143' | fill=00000000 | rows=[70] | cols=[3] | col_header=False | row_header=False | metadata=False
Cell A72 | value='1997' | fill=00000000 | rows=[71] | cols=[0] | col_header=False | row_header=False | metadata=False
Cell B72 | value='0.3186' | fill=00000000 | rows=[71] | cols=[1] | col_header=False | row_header=False | metadata=False
Cell C72 | value='0.0491' | fill=00000000 | rows=[71] | cols=[2] | col_header=False | row_header=False | metadata=False
Cell D72 | value='0.0994' | fill=00000000 | rows=[71] | cols=[3] | col_header=False | row_header=False | metadata=False
Cell A73 | value='1998' | fill=00000000 | rows=[72] | cols=[0] | col_header=False | row_header=False | metadata=False
Cell B73 | value='0.2834' | fill=00000000 | rows=[72] | cols=[1] | col_header=False | row_header=False | metadata=False
Cell C73 | value='0.0516' | fill=00000000 | rows=[72] | cols=[2] | col_header=False | row_header=False | metadata=False
Cell D73 | value='0.1492' | fill=00000000 | rows=[72] | cols=[3] | col_header=False | row_header=False | metadata=False
Cell A74 | value='1999' | fill=00000000 | rows=[73] | cols=[0] | col_header=False | row_header=False | metadata=False
Cell B74 | value='0.2089' | fill=00000000 | rows=[73] | cols=[1] | col_header=False | row_header=False | metadata=False
Cell C74 | value='0.0439' | fill=00000000 | rows=[73] | cols=[2] | col_header=False | row_header=False | metadata=False
Cell D74 | value='-0.0825' | fill=00000000 | rows=[73] | cols=[3] | col_header=False | row_header=False | metadata=False
Cell A75 | value='2000' | fill=00000000 | rows=[74] | cols=[0] | col_header=False | row_header=False | metadata=False
Cell B75 | value='-0.0903' | fill=00000000 | rows=[74] | cols=[1] | col_header=False | row_header=False | metadata=False
Cell C75 | value='0.0537' | fill=00000000 | rows=[74] | cols=[2] | col_header=False | row_header=False | metadata=False
Cell D75 | value='0.1666' | fill=00000000 | rows=[74] | cols=[3] | col_header=False | row_header=False | metadata=False
Cell A76 | value='2001' | fill=00000000 | rows=[75] | cols=[0] | col_header=False | row_header=False | metadata=False
Cell B76 | value='-0.1185' | fill=00000000 | rows=[75] | cols=[1] | col_header=False | row_header=False | metadata=False
Cell C76 | value='0.0573' | fill=00000000 | rows=[75] | cols=[2] | col_header=False | row_header=False | metadata=False
Cell D76 | value='0.0557' | fill=00000000 | rows=[75] | cols=[3] | col_header=False | row_header=False | metadata=False
Cell A77 | value='2002' | fill=00000000 | rows=[76] | cols=[0] | col_header=False | row_header=False | metadata=False
Cell B77 | value='-0.221' | fill=00000000 | rows=[76] | cols=[1] | col_header=False | row_header=False | metadata=False
Cell C77 | value='0.1784' | fill=00000000 | rows=[76] | cols=[2] | col_header=False | row_header=False | metadata=False
Cell D77 | value='0.0383' | fill=00000000 | rows=[76] | cols=[3] | col_header=False | row_header=False | metadata=False
Cell A78 | value='2003' | fill=00000000 | rows=[77] | cols=[0] | col_header=False | row_header=False | metadata=False
Cell B78 | value='0.2868' | fill=00000000 | rows=[77] | cols=[1] | col_header=False | row_header=False | metadata=False
Cell C78 | value='0.0145' | fill=00000000 | rows=[77] | cols=[2] | col_header=False | row_header=False | metadata=False
Cell D78 | value='0.0165' | fill=00000000 | rows=[77] | cols=[3] | col_header=False | row_header=False | metadata=False
Cell A79 | value='2004' | fill=00000000 | rows=[78] | cols=[0] | col_header=False | row_header=False | metadata=False
Cell B79 | value='0.1088' | fill=00000000 | rows=[78] | cols=[1] | col_header=False | row_header=False | metadata=False
Cell C79 | value='0.0851' | fill=00000000 | rows=[78] | cols=[2] | col_header=False | row_header=False | metadata=False
Cell D79 | value='0.0102' | fill=00000000 | rows=[78] | cols=[3] | col_header=False | row_header=False | metadata=False
Cell A80 | value='2005' | fill=00000000 | rows=[79] | cols=[0] | col_header=False | row_header=False | metadata=False
Cell B80 | value='0.0491' | fill=00000000 | rows=[79] | cols=[1] | col_header=False | row_header=False | metadata=False
Cell C80 | value='0.0781' | fill=00000000 | rows=[79] | cols=[2] | col_header=False | row_header=False | metadata=False
Cell D80 | value='0.012' | fill=00000000 | rows=[79] | cols=[3] | col_header=False | row_header=False | metadata=False
Cell A81 | value='2006' | fill=00000000 | rows=[80] | cols=[0] | col_header=False | row_header=False | metadata=False
Cell B81 | value='0.1579' | fill=00000000 | rows=[80] | cols=[1] | col_header=False | row_header=False | metadata=False
Cell C81 | value='0.0119' | fill=00000000 | rows=[80] | cols=[2] | col_header=False | row_header=False | metadata=False
Cell D81 | value='0.0298' | fill=00000000 | rows=[80] | cols=[3] | col_header=False | row_header=False | metadata=False
Cell A82 | value='2007' | fill=00000000 | rows=[81] | cols=[0] | col_header=False | row_header=False | metadata=False
Cell B82 | value='0.0549' | fill=00000000 | rows=[81] | cols=[1] | col_header=False | row_header=False | metadata=False
Cell C82 | value='0.0988' | fill=00000000 | rows=[81] | cols=[2] | col_header=False | row_header=False | metadata=False
Cell D82 | value='0.0466' | fill=00000000 | rows=[81] | cols=[3] | col_header=False | row_header=False | metadata=False
Cell A83 | value='2008' | fill=00000000 | rows=[82] | cols=[0] | col_header=False | row_header=False | metadata=False
Cell B83 | value='-0.37' | fill=00000000 | rows=[82] | cols=[1] | col_header=False | row_header=False | metadata=False
Cell C83 | value='0.2587' | fill=00000000 | rows=[82] | cols=[2] | col_header=False | row_header=False | metadata=False
Cell D83 | value='0.016' | fill=00000000 | rows=[82] | cols=[3] | col_header=False | row_header=False | metadata=False
Cell A84 | value='2009' | fill=00000000 | rows=[83] | cols=[0] | col_header=False | row_header=False | metadata=False
Cell B84 | value='0.2646' | fill=00000000 | rows=[83] | cols=[1] | col_header=False | row_header=False | metadata=False
Cell C84 | value='-0.149' | fill=00000000 | rows=[83] | cols=[2] | col_header=False | row_header=False | metadata=False
Cell D84 | value='0.001' | fill=00000000 | rows=[83] | cols=[3] | col_header=False | row_header=False | metadata=False
Cell B85 | value='stocks' | fill=00000000 | rows=[84] | cols=[1] | col_header=False | row_header=False | metadata=False
Cell C85 | value='tbills' | fill=00000000 | rows=[84] | cols=[2] | col_header=False | row_header=False | metadata=False
Cell D85 | value='tbonds' | fill=00000000 | rows=[84] | cols=[3] | col_header=False | row_header=False | metadata=False
Cell A86 | value='averages' | fill=FF00B050 | rows=[85] | cols=[0] | col_header=False | row_header=True | metadata=False
Cell B86 | value='0.1128' | fill=00000000 | rows=[85] | cols=[1] | col_header=False | row_header=False | metadata=False
Cell C86 | value='0.0428' | fill=00000000 | rows=[85] | cols=[2] | col_header=False | row_header=False | metadata=False
Cell D86 | value='0.0491' | fill=00000000 | rows=[85] | cols=[3] | col_header=False | row_header=False | metadata=False

