=== economy-table11.xlsx ===
Cell A1 | value='Table 4b: Bankruptcies by employment status, England and Wales, not seasonally adjusted, 1 January 2012 to 30 June 2022 [p][note 2][note 3][note 9]' | fill=FF00B0F0 | rows=[0] | cols=[0] | col_header=True | row_header=True | metadata=True
Cell A2 | value='Back to contents' | fill=FF00B0F0 | rows=[1] | cols=[0] | col_header=False | row_header=False | metadata=True
Cell B2 | value='Contents!A1' | fill=00000000 | rows=[1] | cols=[1] | col_header=False | row_header=False | metadata=False
Cell A3 | value='This worksheet contains one table. Some cells refer to notes which can be found in the Notes worksheet.' | fill=FF00B0F0 | rows=[2] | cols=[0] | col_header=False | row_header=False | metadata=True
Cell A4 | value='Some shorthand is used in this table, [x] = not yet available, [r] = revised, [z] = not applicable, [p] = provisional. See Notes worksheet for further details.' | fill=FF00B0F0 | rows=[3] | cols=[0] | col_header=False | row_header=False | metadata=True
Cell A5 | value='Source: Insolvency Service' | fill=FF00B0F0 | rows=[4] | cols=[0] | col_header=False | row_header=False | metadata=True
Cell A6 | value='Year' | fill=FFFFFF00 | rows=[5] | cols=[0] | col_header=True | row_header=False | metadata=False
Cell B6 | value='Quarter' | fill=FFFFFF00 | rows=[5] | cols=[1] | col_header=True | row_header=False | metadata=False
Cell C6 | value='Total Bankruptcies' | fill=00000000 | rows=[5] | cols=[2] | col_header=False | row_header=False | metadata=False
Cell D6 | value='r_total_bankruptcies' | fill=FFFFFF00 | rows=[5] | cols=[3] | col_header=True | row_header=False | metadata=False
Cell E6 | value='Self-employed (or Trader) bankruptcies (no.) [note 11]' | fill=00000000 | rows=[5] | cols=[4] | col_header=False | row_header=False | metadata=False
Cell F6 | value='r_self_emp' | fill=FFFFFF00 | rows=[5] | cols=[5] | col_header=True | row_header=False | metadata=False
Cell G6 | value='Self-employed (or Trader) bankruptcies (%)' | fill=00000000 | rows=[5] | cols=[6] | col_header=False | row_header=False | metadata=False
Cell H6 | value='r_self_emp_perc' | fill=FFFFFF00 | rows=[5] | cols=[7] | col_header=True | row_header=False | metadata=False
Cell I6 | value='Other individuals (no.) [note 11]' | fill=00000000 | rows=[5] | cols=[8] | col_header=False | row_header=False | metadata=False
Cell J6 | value='r_other' | fill=FFFFFF00 | rows=[5] | cols=[9] | col_header=True | row_header=False | metadata=False
Cell K6 | value='Other individuals (%)' | fill=00000000 | rows=[5] | cols=[10] | col_header=False | row_header=False | metadata=False
Cell L6 | value='r_other_perc' | fill=FFFFFF00 | rows=[5] | cols=[11] | col_header=True | row_header=False | metadata=False
Cell A7 | value='2012' | fill=00000000 | rows=[6] | cols=[0] | col_header=False | row_header=False | metadata=False
Cell C7 | value='31776' | fill=00000000 | rows=[6] | cols=[2] | col_header=False | row_header=False | metadata=False
Cell D7 | value='[r]' | fill=00000000 | rows=[6] | cols=[3] | col_header=False | row_header=False | metadata=False
Cell E7 | value='7608' | fill=00000000 | rows=[6] | cols=[4] | col_header=False | row_header=False | metadata=False
Cell F7 | value='[r]' | fill=00000000 | rows=[6] | cols=[5] | col_header=False | row_header=False | metadata=False
Cell G7 | value='0.239425981873112' | fill=00000000 | rows=[6] | cols=[6] | col_header=False | row_header=False | metadata=False
Cell I7 | value='24168' | fill=00000000 | rows=[6] | cols=[8] | col_header=False | row_header=False | metadata=False
Cell K7 | value='0.760574018126888' | fill=00000000 | rows=[6] | cols=[10] | col_header=False | row_header=False | metadata=False
Cell A8 | value='2013' | fill=00000000 | rows=[7] | cols=[0] | col_header=False | row_header=False | metadata=False
Cell C8 | value='24565' | fill=00000000 | rows=[7] | cols=[2] | col_header=False | row_header=False | metadata=False
Cell E8 | value='6287' | fill=00000000 | rows=[7] | cols=[4] | col_header=False | row_header=False | metadata=False
Cell G8 | value='0.255933238347242' | fill=00000000 | rows=[7] | cols=[6] | col_header=False | row_header=False | metadata=False
Cell I8 | value='18278' | fill=00000000 | rows=[7] | cols=[8] | col_header=False | row_header=False | metadata=False
Cell K8 | value='0.744066761652758' | fill=00000000 | rows=[7] | cols=[10] | col_header=False | row_header=False | metadata=False
Cell A9 | value='2014' | fill=00000000 | rows=[8] | cols=[0] | col_header=False | row_header=False | metadata=False
Cell C9 | value='20339' | fill=00000000 | rows=[8] | cols=[2] | col_header=False | row_header=False | metadata=False
Cell E9 | value='5188' | fill=00000000 | rows=[8] | cols=[4] | col_header=False | row_header=False | metadata=False
Cell G9 | value='0.255076454102955' | fill=00000000 | rows=[8] | cols=[6] | col_header=False | row_header=False | metadata=False
Cell I9 | value='15151' | fill=00000000 | rows=[8] | cols=[8] | col_header=False | row_header=False | metadata=False
Cell K9 | value='0.744923545897045' | fill=00000000 | rows=[8] | cols=[10] | col_header=False | row_header=False | metadata=False
Cell A10 | value='2015' | fill=00000000 | rows=[9] | cols=[0] | col_header=False | row_header=False | metadata=False
Cell C10 | value='15849' | fill=00000000 | rows=[9] | cols=[2] | col_header=False | row_header=False | metadata=False
Cell E10 | value='4095' | fill=00000000 | rows=[9] | cols=[4] | col_header=False | row_header=False | metadata=False
Cell G10 | value='0.258375922771153' | fill=00000000 | rows=[9] | cols=[6] | col_header=False | row_header=False | metadata=False
Cell I10 | value='11754' | fill=00000000 | rows=[9] | cols=[8] | col_header=False | row_header=False | metadata=False
Cell K10 | value='0.741624077228847' | fill=00000000 | rows=[9] | cols=[10] | col_header=False | row_header=False | metadata=False
Cell A11 | value='2016' | fill=00000000 | rows=[10] | cols=[0] | col_header=False | row_header=False | metadata=False
Cell C11 | value='15051' | fill=00000000 | rows=[10] | cols=[2] | col_header=False | row_header=False | metadata=False
Cell D11 | value='[r]' | fill=00000000 | rows=[10] | cols=[3] | col_header=False | row_header=False | metadata=False
Cell E11 | value='3833' | fill=00000000 | rows=[10] | cols=[4] | col_header=False | row_header=False | metadata=False
Cell F11 | value='[r]' | fill=00000000 | rows=[10] | cols=[5] | col_header=False | row_header=False | metadata=False
Cell G11 | value='0.254667463955883' | fill=00000000 | rows=[10] | cols=[6] | col_header=False | row_header=False | metadata=False
Cell I11 | value='11218' | fill=00000000 | rows=[10] | cols=[8] | col_header=False | row_header=False | metadata=False
Cell K11 | value='0.745332536044117' | fill=00000000 | rows=[10] | cols=[10] | col_header=False | row_header=False | metadata=False
Cell A12 | value='2017' | fill=00000000 | rows=[11] | cols=[0] | col_header=False | row_header=False | metadata=False
Cell C12 | value='15107' | fill=00000000 | rows=[11] | cols=[2] | col_header=False | row_header=False | metadata=False
Cell E12 | value='3601' | fill=00000000 | rows=[11] | cols=[4] | col_header=False | row_header=False | metadata=False
Cell G12 | value='0.238366320248891' | fill=00000000 | rows=[11] | cols=[6] | col_header=False | row_header=False | metadata=False
Cell I12 | value='11506' | fill=00000000 | rows=[11] | cols=[8] | col_header=False | row_header=False | metadata=False
Cell K12 | value='0.761633679751109' | fill=00000000 | rows=[11] | cols=[10] | col_header=False | row_header=False | metadata=False
Cell A13 | value='2018' | fill=00000000 | rows=[12] | cols=[0] | col_header=False | row_header=False | metadata=False
Cell C13 | value='16643' | fill=00000000 | rows=[12] | cols=[2] | col_header=False | row_header=False | metadata=False
Cell D13 | value='[r]' | fill=00000000 | rows=[12] | cols=[3] | col_header=False | row_header=False | metadata=False
Cell E13 | value='3894' | fill=00000000 | rows=[12] | cols=[4] | col_header=False | row_header=False | metadata=False
Cell F13 | value='[r]' | fill=00000000 | rows=[12] | cols=[5] | col_header=False | row_header=False | metadata=False
Cell G13 | value='0.233972240581626' | fill=00000000 | rows=[12] | cols=[6] | col_header=False | row_header=False | metadata=False
Cell I13 | value='12749' | fill=00000000 | rows=[12] | cols=[8] | col_header=False | row_header=False | metadata=False
Cell K13 | value='0.766027759418374' | fill=00000000 | rows=[12] | cols=[10] | col_header=False | row_header=False | metadata=False
Cell A14 | value='2019' | fill=00000000 | rows=[13] | cols=[0] | col_header=False | row_header=False | metadata=False
Cell C14 | value='16743' | fill=00000000 | rows=[13] | cols=[2] | col_header=False | row_header=False | metadata=False
Cell D14 | value='[r]' | fill=00000000 | rows=[13] | cols=[3] | col_header=False | row_header=False | metadata=False
Cell E14 | value='3540' | fill=00000000 | rows=[13] | cols=[4] | col_header=False | row_header=False | metadata=False
Cell G14 | value='0.211431643074718' | fill=00000000 | rows=[13] | cols=[6] | col_header=False | row_header=False | metadata=False
Cell I14 | value='13203' | fill=00000000 | rows=[13] | cols=[8] | col_header=False | row_header=False | metadata=False
Cell J14 | value='[r]' | fill=00000000 | rows=[13] | cols=[9] | col_header=False | row_header=False | metadata=False
Cell K14 | value='0.788568356925282' | fill=00000000 | rows=[13] | cols=[10] | col_header=False | row_header=False | metadata=False
Cell A15 | value='2020' | fill=00000000 | rows=[14] | cols=[0] | col_header=False | row_header=False | metadata=False
Cell C15 | value='12658' | fill=00000000 | rows=[14] | cols=[2] | col_header=False | row_header=False | metadata=False
Cell E15 | value='2234' | fill=00000000 | rows=[14] | cols=[4] | col_header=False | row_header=False | metadata=False
Cell G15 | value='0.176489176805183' | fill=00000000 | rows=[14] | cols=[6] | col_header=False | row_header=False | metadata=False
Cell I15 | value='10424' | fill=00000000 | rows=[14] | cols=[8] | col_header=False | row_header=False | metadata=False
Cell K15 | value='0.823510823194817' | fill=00000000 | rows=[14] | cols=[10] | col_header=False | row_header=False | metadata=False
Cell A16 | value='2021' | fill=00000000 | rows=[15] | cols=[0] | col_header=False | row_header=False | metadata=False
Cell C16 | value='8719' | fill=00000000 | rows=[15] | cols=[2] | col_header=False | row_header=False | metadata=False
Cell D16 | value='[r]' | fill=00000000 | rows=[15] | cols=[3] | col_header=False | row_header=False | metadata=False
Cell E16 | value='1399' | fill=00000000 | rows=[15] | cols=[4] | col_header=False | row_header=False | metadata=False
Cell F16 | value='[r]' | fill=00000000 | rows=[15] | cols=[5] | col_header=False | row_header=False | metadata=False
Cell G16 | value='0.16045418052529' | fill=00000000 | rows=[15] | cols=[6] | col_header=False | row_header=False | metadata=False
Cell I16 | value='7320' | fill=00000000 | rows=[15] | cols=[8] | col_header=False | row_header=False | metadata=False
Cell J16 | value='[r]' | fill=00000000 | rows=[15] | cols=[9] | col_header=False | row_header=False | metadata=False
Cell K16 | value='0.83954581947471' | fill=00000000 | rows=[15] | cols=[10] | col_header=False | row_header=False | metadata=False
Cell A17 | value='2012' | fill=00000000 | rows=[16] | cols=[0] | col_header=False | row_header=False | metadata=False
Cell B17 | value='Q1' | fill=00000000 | rows=[16] | cols=[1] | col_header=False | row_header=False | metadata=False
Cell C17 | value='9125' | fill=00000000 | rows=[16] | cols=[2] | col_header=False | row_header=False | metadata=False
Cell D17 | value='[r]' | fill=00000000 | rows=[16] | cols=[3] | col_header=False | row_header=False | metadata=False
Cell E17 | value='2174' | fill=00000000 | rows=[16] | cols=[4] | col_header=False | row_header=False | metadata=False
Cell F17 | value='[r]' | fill=00000000 | rows=[16] | cols=[5] | col_header=False | row_header=False | metadata=False
Cell G17 | value='0.238246575342466' | fill=00000000 | rows=[16] | cols=[6] | col_header=False | row_header=False | metadata=False
Cell I17 | value='6951' | fill=00000000 | rows=[16] | cols=[8] | col_header=False | row_header=False | metadata=False
Cell K17 | value='0.761753424657534' | fill=00000000 | rows=[16] | cols=[10] | col_header=False | row_header=False | metadata=False
Cell A18 | value='2012' | fill=00000000 | rows=[17] | cols=[0] | col_header=False | row_header=False | metadata=False
Cell B18 | value='Q2' | fill=00000000 | rows=[17] | cols=[1] | col_header=False | row_header=False | metadata=False
Cell C18 | value='8092' | fill=00000000 | rows=[17] | cols=[2] | col_header=False | row_header=False | metadata=False
Cell E18 | value='1925' | fill=00000000 | rows=[17] | cols=[4] | col_header=False | row_header=False | metadata=False
Cell G18 | value='0.237889273356401' | fill=00000000 | rows=[17] | cols=[6] | col_header=False | row_header=False | metadata=False
Cell I18 | value='6167' | fill=00000000 | rows=[17] | cols=[8] | col_header=False | row_header=False | metadata=False
Cell K18 | value='0.762110726643599' | fill=00000000 | rows=[17] | cols=[10] | col_header=False | row_header=False | metadata=False
Cell A19 | value='2012' | fill=00000000 | rows=[18] | cols=[0] | col_header=False | row_header=False | metadata=False
Cell B19 | value='Q3' | fill=00000000 | rows=[18] | cols=[1] | col_header=False | row_header=False | metadata=False
Cell C19 | value='7639' | fill=00000000 | rows=[18] | cols=[2] | col_header=False | row_header=False | metadata=False
Cell E19 | value='1791' | fill=00000000 | rows=[18] | cols=[4] | col_header=False | row_header=False | metadata=False
Cell G19 | value='0.234454771566959' | fill=00000000 | rows=[18] | cols=[6] | col_header=False | row_header=False | metadata=False
Cell I19 | value='5848' | fill=00000000 | rows=[18] | cols=[8] | col_header=False | row_header=False | metadata=False
Cell K19 | value='0.765545228433041' | fill=00000000 | rows=[18] | cols=[10] | col_header=False | row_header=False | metadata=False
Cell A20 | value='2012' | fill=00000000 | rows=[19] | cols=[0] | col_header=False | row_header=False | metadata=False
Cell B20 | value='Q4' | fill=00000000 | rows=[19] | cols=[1] | col_header=False | row_header=False | metadata=False
Cell C20 | value='6920' | fill=00000000 | rows=[19] | cols=[2] | col_header=False | row_header=False | metadata=False
Cell E20 | value='1718' | fill=00000000 | rows=[19] | cols=[4] | col_header=False | row_header=False | metadata=False
Cell G20 | value='0.248265895953757' | fill=00000000 | rows=[19] | cols=[6] | col_header=False | row_header=False | metadata=False
Cell I20 | value='5202' | fill=00000000 | rows=[19] | cols=[8] | col_header=False | row_header=False | metadata=False
Cell K20 | value='0.751734104046243' | fill=00000000 | rows=[19] | cols=[10] | col_header=False | row_header=False | metadata=False
Cell A21 | value='2013' | fill=00000000 | rows=[20] | cols=[0] | col_header=False | row_header=False | metadata=False
Cell B21 | value='Q1' | fill=00000000 | rows=[20] | cols=[1] | col_header=False | row_header=False | metadata=False
Cell C21 | value='6674' | fill=00000000 | rows=[20] | cols=[2] | col_header=False | row_header=False | metadata=False
Cell E21 | value='1715' | fill=00000000 | rows=[20] | cols=[4] | col_header=False | row_header=False | metadata=False
Cell G21 | value='0.256967335930476' | fill=00000000 | rows=[20] | cols=[6] | col_header=False | row_header=False | metadata=False
Cell I21 | value='4959' | fill=00000000 | rows=[20] | cols=[8] | col_header=False | row_header=False | metadata=False
Cell K21 | value='0.743032664069524' | fill=00000000 | rows=[20] | cols=[10] | col_header=False | row_header=False | metadata=False
Cell A22 | value='2013' | fill=00000000 | rows=[21] | cols=[0] | col_header=False | row_header=False | metadata=False
Cell B22 | value='Q2' | fill=00000000 | rows=[21] | cols=[1] | col_header=False | row_header=False | metadata=False
Cell C22 | value='6477' | fill=00000000 | rows=[21] | cols=[2] | col_header=False | row_header=False | metadata=False
Cell E22 | value='1662' | fill=00000000 | rows=[21] | cols=[4] | col_header=False | row_header=False | metadata=False
Cell G22 | value='0.256600277906438' | fill=00000000 | rows=[21] | cols=[6] | col_header=False | row_header=False | metadata=False
Cell I22 | value='4815' | fill=00000000 | rows=[21] | cols=[8] | col_header=False | row_header=False | metadata=False
Cell K22 | value='0.743399722093562' | fill=00000000 | rows=[21] | cols=[10] | col_header=False | row_header=False | metadata=False
Cell A23 | value='2013' | fill=00000000 | rows=[22] | cols=[0] | col_header=False | row_header=False | metadata=False
Cell B23 | value='Q3' | fill=00000000 | rows=[22] | cols=[1] | col_header=False | row_header=False | metadata=False
Cell C23 | value='6009' | fill=00000000 | rows=[22] | cols=[2] | col_header=False | row_header=False | metadata=False
Cell E23 | value='1544' | fill=00000000 | rows=[22] | cols=[4] | col_header=False | row_header=False | metadata=False
Cell G23 | value='0.256947911466134' | fill=00000000 | rows=[22] | cols=[6] | col_header=False | row_header=False | metadata=False
Cell I23 | value='4465' | fill=00000000 | rows=[22] | cols=[8] | col_header=False | row_header=False | metadata=False
Cell K23 | value='0.743052088533866' | fill=00000000 | rows=[22] | cols=[10] | col_header=False | row_header=False | metadata=False
Cell A24 | value='2013' | fill=00000000 | rows=[23] | cols=[0] | col_header=False | row_header=False | metadata=False
Cell B24 | value='Q4' | fill=00000000 | rows=[23] | cols=[1] | col_header=False | row_header=False | metadata=False
Cell C24 | value='5405' | fill=00000000 | rows=[23] | cols=[2] | col_header=False | row_header=False | metadata=False
Cell E24 | value='1366' | fill=00000000 | rows=[23] | cols=[4] | col_header=False | row_header=False | metadata=False
Cell G24 | value='0.2527289546716' | fill=00000000 | rows=[23] | cols=[6] | col_header=False | row_header=False | metadata=False
Cell I24 | value='4039' | fill=00000000 | rows=[23] | cols=[8] | col_header=False | row_header=False | metadata=False
Cell K24 | value='0.7472710453284' | fill=00000000 | rows=[23] | cols=[10] | col_header=False | row_header=False | metadata=False
Cell A25 | value='2014' | fill=00000000 | rows=[24] | cols=[0] | col_header=False | row_header=False | metadata=False
Cell B25 | value='Q1' | fill=00000000 | rows=[24] | cols=[1] | col_header=False | row_header=False | metadata=False
Cell C25 | value='5684' | fill=00000000 | rows=[24] | cols=[2] | col_header=False | row_header=False | metadata=False
Cell E25 | value='1515' | fill=00000000 | rows=[24] | cols=[4] | col_header=False | row_header=False | metadata=False
Cell G25 | value='0.266537649542576' | fill=00000000 | rows=[24] | cols=[6] | col_header=False | row_header=False | metadata=False
Cell I25 | value='4169' | fill=00000000 | rows=[24] | cols=[8] | col_header=False | row_header=False | metadata=False
Cell K25 | value='0.733462350457424' | fill=00000000 | rows=[24] | cols=[10] | col_header=False | row_header=False | metadata=False
Cell A26 | value='2014' | fill=00000000 | rows=[25] | cols=[0] | col_header=False | row_header=False | metadata=False
Cell B26 | value='Q2' | fill=00000000 | rows=[25] | cols=[1] | col_header=False | row_header=False | metadata=False
Cell C26 | value='5472' | fill=00000000 | rows=[25] | cols=[2] | col_header=False | row_header=False | metadata=False
Cell E26 | value='1431' | fill=00000000 | rows=[25] | cols=[4] | col_header=False | row_header=False | metadata=False
Cell G26 | value='0.261513157894737' | fill=00000000 | rows=[25] | cols=[6] | col_header=False | row_header=False | metadata=False
Cell I26 | value='4041' | fill=00000000 | rows=[25] | cols=[8] | col_header=False | row_header=False | metadata=False
Cell K26 | value='0.738486842105263' | fill=00000000 | rows=[25] | cols=[10] | col_header=False | row_header=False | metadata=False
Cell A27 | value='2014' | fill=00000000 | rows=[26] | cols=[0] | col_header=False | row_header=False | metadata=False
Cell B27 | value='Q3' | fill=00000000 | rows=[26] | cols=[1] | col_header=False | row_header=False | metadata=False
Cell C27 | value='4905' | fill=00000000 | rows=[26] | cols=[2] | col_header=False | row_header=False | metadata=False
Cell E27 | value='1202' | fill=00000000 | rows=[26] | cols=[4] | col_header=False | row_header=False | metadata=False
Cell G27 | value='0.245056065239551' | fill=00000000 | rows=[26] | cols=[6] | col_header=False | row_header=False | metadata=False
Cell I27 | value='3703' | fill=00000000 | rows=[26] | cols=[8] | col_header=False | row_header=False | metadata=False
Cell K27 | value='0.754943934760449' | fill=00000000 | rows=[26] | cols=[10] | col_header=False | row_header=False | metadata=False
Cell A28 | value='2014' | fill=00000000 | rows=[27] | cols=[0] | col_header=False | row_header=False | metadata=False
Cell B28 | value='Q4' | fill=00000000 | rows=[27] | cols=[1] | col_header=False | row_header=False | metadata=False
Cell C28 | value='4278' | fill=00000000 | rows=[27] | cols=[2] | col_header=False | row_header=False | metadata=False
Cell E28 | value='1040' | fill=00000000 | rows=[27] | cols=[4] | col_header=False | row_header=False | metadata=False
Cell G28 | value='0.243104254324451' | fill=00000000 | rows=[27] | cols=[6] | col_header=False | row_header=False | metadata=False
Cell I28 | value='3238' | fill=00000000 | rows=[27] | cols=[8] | col_header=False | row_header=False | metadata=False
Cell K28 | value='0.756895745675549' | fill=00000000 | rows=[27] | cols=[10] | col_header=False | row_header=False | metadata=False
Cell A29 | value='2015' | fill=00000000 | rows=[28] | cols=[0] | col_header=False | row_header=False | metadata=False
Cell B29 | value='Q1' | fill=00000000 | rows=[28] | cols=[1] | col_header=False | row_header=False | metadata=False
Cell C29 | value='4410' | fill=00000000 | rows=[28] | cols=[2] | col_header=False | row_header=False | metadata=False
Cell E29 | value='1165' | fill=00000000 | rows=[28] | cols=[4] | col_header=False | row_header=False | metadata=False
Cell G29 | value='0.264172335600907' | fill=00000000 | rows=[28] | cols=[6] | col_header=False | row_header=False | metadata=False
Cell I29 | value='3245' | fill=00000000 | rows=[28] | cols=[8] | col_header=False | row_header=False | metadata=False
Cell K29 | value='0.735827664399093' | fill=00000000 | rows=[28] | cols=[10] | col_header=False | row_header=False | metadata=False
Cell A30 | value='2015' | fill=00000000 | rows=[29] | cols=[0] | col_header=False | row_header=False | metadata=False
Cell B30 | value='Q2' | fill=00000000 | rows=[29] | cols=[1] | col_header=False | row_header=False | metadata=False
Cell C30 | value='3972' | fill=00000000 | rows=[29] | cols=[2] | col_header=False | row_header=False | metadata=False
Cell E30 | value='965' | fill=00000000 | rows=[29] | cols=[4] | col_header=False | row_header=False | metadata=False
Cell G30 | value='0.242950654582075' | fill=00000000 | rows=[29] | cols=[6] | col_header=False | row_header=False | metadata=False
Cell I30 | value='3007' | fill=00000000 | rows=[29] | cols=[8] | col_header=False | row_header=False | metadata=False
Cell K30 | value='0.757049345417925' | fill=00000000 | rows=[29] | cols=[10] | col_header=False | row_header=False | metadata=False
Cell A31 | value='2015' | fill=00000000 | rows=[30] | cols=[0] | col_header=False | row_header=False | metadata=False
Cell B31 | value='Q3' | fill=00000000 | rows=[30] | cols=[1] | col_header=False | row_header=False | metadata=False
Cell C31 | value='3896' | fill=00000000 | rows=[30] | cols=[2] | col_header=False | row_header=False | metadata=False
Cell E31 | value='969' | fill=00000000 | rows=[30] | cols=[4] | col_header=False | row_header=False | metadata=False
Cell G31 | value='0.248716632443532' | fill=00000000 | rows=[30] | cols=[6] | col_header=False | row_header=False | metadata=False
Cell I31 | value='2927' | fill=00000000 | rows=[30] | cols=[8] | col_header=False | row_header=False | metadata=False
Cell K31 | value='0.751283367556468' | fill=00000000 | rows=[30] | cols=[10] | col_header=False | row_header=False | metadata=False
Cell A32 | value='2015' | fill=00000000 | rows=[31] | cols=[0] | col_header=False | row_header=False | metadata=False
Cell B32 | value='Q4' | fill=00000000 | rows=[31] | cols=[1] | col_header=False | row_header=False | metadata=False
Cell C32 | value='3571' | fill=00000000 | rows=[31] | cols=[2] | col_header=False | row_header=False | metadata=False
Cell E32 | value='996' | fill=00000000 | rows=[31] | cols=[4] | col_header=False | row_header=False | metadata=False
Cell G32 | value='0.278913469616354' | fill=00000000 | rows=[31] | cols=[6] | col_header=False | row_header=False | metadata=False
Cell I32 | value='2575' | fill=00000000 | rows=[31] | cols=[8] | col_header=False | row_header=False | metadata=False
Cell K32 | value='0.721086530383646' | fill=00000000 | rows=[31] | cols=[10] | col_header=False | row_header=False | metadata=False
Cell A33 | value='2016' | fill=00000000 | rows=[32] | cols=[0] | col_header=False | row_header=False | metadata=False
Cell B33 | value='Q1' | fill=00000000 | rows=[32] | cols=[1] | col_header=False | row_header=False | metadata=False
Cell C33 | value='3780' | fill=00000000 | rows=[32] | cols=[2] | col_header=False | row_header=False | metadata=False
Cell E33 | value='1043' | fill=00000000 | rows=[32] | cols=[4] | col_header=False | row_header=False | metadata=False
Cell G33 | value='0.275925925925926' | fill=00000000 | rows=[32] | cols=[6] | col_header=False | row_header=False | metadata=False
Cell I33 | value='2737' | fill=00000000 | rows=[32] | cols=[8] | col_header=False | row_header=False | metadata=False
Cell K33 | value='0.724074074074074' | fill=00000000 | rows=[32] | cols=[10] | col_header=False | row_header=False | metadata=False
Cell A34 | value='2016' | fill=00000000 | rows=[33] | cols=[0] | col_header=False | row_header=False | metadata=False
Cell B34 | value='Q2' | fill=00000000 | rows=[33] | cols=[1] | col_header=False | row_header=False | metadata=False
Cell C34 | value='3709' | fill=00000000 | rows=[33] | cols=[2] | col_header=False | row_header=False | metadata=False
Cell D34 | value='[r]' | fill=00000000 | rows=[33] | cols=[3] | col_header=False | row_header=False | metadata=False
Cell E34 | value='926' | fill=00000000 | rows=[33] | cols=[4] | col_header=False | row_header=False | metadata=False
Cell F34 | value='[r]' | fill=00000000 | rows=[33] | cols=[5] | col_header=False | row_header=False | metadata=False
Cell G34 | value='0.249662981935832' | fill=00000000 | rows=[33] | cols=[6] | col_header=False | row_header=False | metadata=False
Cell I34 | value='2783' | fill=00000000 | rows=[33] | cols=[8] | col_header=False | row_header=False | metadata=False
Cell K34 | value='0.750337018064168' | fill=00000000 | rows=[33] | cols=[10] | col_header=False | row_header=False | metadata=False
Cell A35 | value='2016' | fill=00000000 | rows=[34] | cols=[0] | col_header=False | row_header=False | metadata=False
Cell B35 | value='Q3' | fill=00000000 | rows=[34] | cols=[1] | col_header=False | row_header=False | metadata=False
Cell C35 | value='3936' | fill=00000000 | rows=[34] | cols=[2] | col_header=False | row_header=False | metadata=False
Cell E35 | value='947' | fill=00000000 | rows=[34] | cols=[4] | col_header=False | row_header=False | metadata=False
Cell G35 | value='0.240599593495935' | fill=00000000 | rows=[34] | cols=[6] | col_header=False | row_header=False | metadata=False
Cell I35 | value='2989' | fill=00000000 | rows=[34] | cols=[8] | col_header=False | row_header=False | metadata=False
Cell K35 | value='0.759400406504065' | fill=00000000 | rows=[34] | cols=[10] | col_header=False | row_header=False | metadata=False
Cell A36 | value='2016' | fill=00000000 | rows=[35] | cols=[0] | col_header=False | row_header=False | metadata=False
Cell B36 | value='Q4' | fill=00000000 | rows=[35] | cols=[1] | col_header=False | row_header=False | metadata=False
Cell C36 | value='3626' | fill=00000000 | rows=[35] | cols=[2] | col_header=False | row_header=False | metadata=False
Cell E36 | value='917' | fill=00000000 | rows=[35] | cols=[4] | col_header=False | row_header=False | metadata=False
Cell G36 | value='0.252895752895753' | fill=00000000 | rows=[35] | cols=[6] | col_header=False | row_header=False | metadata=False
Cell I36 | value='2709' | fill=00000000 | rows=[35] | cols=[8] | col_header=False | row_header=False | metadata=False
Cell K36 | value='0.747104247104247' | fill=00000000 | rows=[35] | cols=[10] | col_header=False | row_header=False | metadata=False
Cell A37 | value='2017' | fill=00000000 | rows=[36] | cols=[0] | col_header=False | row_header=False | metadata=False
Cell B37 | value='Q1' | fill=00000000 | rows=[36] | cols=[1] | col_header=False | row_header=False | metadata=False
Cell C37 | value='4082' | fill=00000000 | rows=[36] | cols=[2] | col_header=False | row_header=False | metadata=False
Cell E37 | value='977' | fill=00000000 | rows=[36] | cols=[4] | col_header=False | row_header=False | metadata=False
Cell G37 | value='0.239343459088682' | fill=00000000 | rows=[36] | cols=[6] | col_header=False | row_header=False | metadata=False
Cell I37 | value='3105' | fill=00000000 | rows=[36] | cols=[8] | col_header=False | row_header=False | metadata=False
Cell K37 | value='0.760656540911318' | fill=00000000 | rows=[36] | cols=[10] | col_header=False | row_header=False | metadata=False
Cell A38 | value='2017' | fill=00000000 | rows=[37] | cols=[0] | col_header=False | row_header=False | metadata=False
Cell B38 | value='Q2' | fill=00000000 | rows=[37] | cols=[1] | col_header=False | row_header=False | metadata=False
Cell C38 | value='3722' | fill=00000000 | rows=[37] | cols=[2] | col_header=False | row_header=False | metadata=False
Cell E38 | value='905' | fill=00000000 | rows=[37] | cols=[4] | col_header=False | row_header=False | metadata=False
Cell G38 | value='0.243148844707147' | fill=00000000 | rows=[37] | cols=[6] | col_header=False | row_header=False | metadata=False
Cell I38 | value='2817' | fill=00000000 | rows=[37] | cols=[8] | col_header=False | row_header=False | metadata=False
Cell K38 | value='0.756851155292853' | fill=00000000 | rows=[37] | cols=[10] | col_header=False | row_header=False | metadata=False
Cell A39 | value='2017' | fill=00000000 | rows=[38] | cols=[0] | col_header=False | row_header=False | metadata=False
Cell B39 | value='Q3' | fill=00000000 | rows=[38] | cols=[1] | col_header=False | row_header=False | metadata=False
Cell C39 | value='3738' | fill=00000000 | rows=[38] | cols=[2] | col_header=False | row_header=False | metadata=False
Cell E39 | value='849' | fill=00000000 | rows=[38] | cols=[4] | col_header=False | row_header=False | metadata=False
Cell G39 | value='0.227126805778491' | fill=00000000 | rows=[38] | cols=[6] | col_header=False | row_header=False | metadata=False
Cell I39 | value='2889' | fill=00000000 | rows=[38] | cols=[8] | col_header=False | row_header=False | metadata=False
Cell K39 | value='0.772873194221509' | fill=00000000 | rows=[38] | cols=[10] | col_header=False | row_header=False | metadata=False
Cell A40 | value='2017' | fill=00000000 | rows=[39] | cols=[0] | col_header=False | row_header=False | metadata=False
Cell B40 | value='Q4' | fill=00000000 | rows=[39] | cols=[1] | col_header=False | row_header=False | metadata=False
Cell C40 | value='3565' | fill=00000000 | rows=[39] | cols=[2] | col_header=False | row_header=False | metadata=False
Cell E40 | value='870' | fill=00000000 | rows=[39] | cols=[4] | col_header=False | row_header=False | metadata=False
Cell G40 | value='0.244039270687237' | fill=00000000 | rows=[39] | cols=[6] | col_header=False | row_header=False | metadata=False
Cell I40 | value='2695' | fill=00000000 | rows=[39] | cols=[8] | col_header=False | row_header=False | metadata=False
Cell K40 | value='0.755960729312763' | fill=00000000 | rows=[39] | cols=[10] | col_header=False | row_header=False | metadata=False
Cell A41 | value='2018' | fill=00000000 | rows=[40] | cols=[0] | col_header=False | row_header=False | metadata=False
Cell B41 | value='Q1' | fill=00000000 | rows=[40] | cols=[1] | col_header=False | row_header=False | metadata=False
Cell C41 | value='4384' | fill=00000000 | rows=[40] | cols=[2] | col_header=False | row_header=False | metadata=False
Cell E41 | value='1057' | fill=00000000 | rows=[40] | cols=[4] | col_header=False | row_header=False | metadata=False
Cell G41 | value='0.24110401459854' | fill=00000000 | rows=[40] | cols=[6] | col_header=False | row_header=False | metadata=False
Cell I41 | value='3327' | fill=00000000 | rows=[40] | cols=[8] | col_header=False | row_header=False | metadata=False
Cell K41 | value='0.75889598540146' | fill=00000000 | rows=[40] | cols=[10] | col_header=False | row_header=False | metadata=False
Cell A42 | value='2018' | fill=00000000 | rows=[41] | cols=[0] | col_header=False | row_header=False | metadata=False
Cell B42 | value='Q2' | fill=00000000 | rows=[41] | cols=[1] | col_header=False | row_header=False | metadata=False
Cell C42 | value='4108' | fill=00000000 | rows=[41] | cols=[2] | col_header=False | row_header=False | metadata=False
Cell E42 | value='958' | fill=00000000 | rows=[41] | cols=[4] | col_header=False | row_header=False | metadata=False
Cell G42 | value='0.233203505355404' | fill=00000000 | rows=[41] | cols=[6] | col_header=False | row_header=False | metadata=False
Cell I42 | value='3150' | fill=00000000 | rows=[41] | cols=[8] | col_header=False | row_header=False | metadata=False
Cell K42 | value='0.766796494644596' | fill=00000000 | rows=[41] | cols=[10] | col_header=False | row_header=False | metadata=False
Cell A43 | value='2018' | fill=00000000 | rows=[42] | cols=[0] | col_header=False | row_header=False | metadata=False
Cell B43 | value='Q3' | fill=00000000 | rows=[42] | cols=[1] | col_header=False | row_header=False | metadata=False
Cell C43 | value='4209' | fill=00000000 | rows=[42] | cols=[2] | col_header=False | row_header=False | metadata=False
Cell D43 | value='[r]' | fill=00000000 | rows=[42] | cols=[3] | col_header=False | row_header=False | metadata=False
Cell E43 | value='991' | fill=00000000 | rows=[42] | cols=[4] | col_header=False | row_header=False | metadata=False
Cell G43 | value='0.235447849845569' | fill=00000000 | rows=[42] | cols=[6] | col_header=False | row_header=False | metadata=False
Cell I43 | value='3218' | fill=00000000 | rows=[42] | cols=[8] | col_header=False | row_header=False | metadata=False
Cell J43 | value='[r]' | fill=00000000 | rows=[42] | cols=[9] | col_header=False | row_header=False | metadata=False
Cell K43 | value='0.764552150154431' | fill=00000000 | rows=[42] | cols=[10] | col_header=False | row_header=False | metadata=False
Cell A44 | value='2018' | fill=00000000 | rows=[43] | cols=[0] | col_header=False | row_header=False | metadata=False
Cell B44 | value='Q4' | fill=00000000 | rows=[43] | cols=[1] | col_header=False | row_header=False | metadata=False
Cell C44 | value='3942' | fill=00000000 | rows=[43] | cols=[2] | col_header=False | row_header=False | metadata=False
Cell E44 | value='888' | fill=00000000 | rows=[43] | cols=[4] | col_header=False | row_header=False | metadata=False
Cell F44 | value='[r]' | fill=00000000 | rows=[43] | cols=[5] | col_header=False | row_header=False | metadata=False
Cell G44 | value='0.225266362252664' | fill=00000000 | rows=[43] | cols=[6] | col_header=False | row_header=False | metadata=False
Cell I44 | value='3054' | fill=00000000 | rows=[43] | cols=[8] | col_header=False | row_header=False | metadata=False
Cell J44 | value='[r]' | fill=00000000 | rows=[43] | cols=[9] | col_header=False | row_header=False | metadata=False
Cell K44 | value='0.774733637747336' | fill=00000000 | rows=[43] | cols=[10] | col_header=False | row_header=False | metadata=False
Cell A45 | value='2019' | fill=00000000 | rows=[44] | cols=[0] | col_header=False | row_header=False | metadata=False
Cell B45 | value='Q1' | fill=00000000 | rows=[44] | cols=[1] | col_header=False | row_header=False | metadata=False
Cell C45 | value='4469' | fill=00000000 | rows=[44] | cols=[2] | col_header=False | row_header=False | metadata=False
Cell E45 | value='964' | fill=00000000 | rows=[44] | cols=[4] | col_header=False | row_header=False | metadata=False
Cell G45 | value='0.215708212127993' | fill=00000000 | rows=[44] | cols=[6] | col_header=False | row_header=False | metadata=False
Cell I45 | value='3505' | fill=00000000 | rows=[44] | cols=[8] | col_header=False | row_header=False | metadata=False
Cell K45 | value='0.784291787872007' | fill=00000000 | rows=[44] | cols=[10] | col_header=False | row_header=False | metadata=False
Cell A46 | value='2019' | fill=00000000 | rows=[45] | cols=[0] | col_header=False | row_header=False | metadata=False
Cell B46 | value='Q2' | fill=00000000 | rows=[45] | cols=[1] | col_header=False | row_header=False | metadata=False
Cell C46 | value='4235' | fill=00000000 | rows=[45] | cols=[2] | col_header=False | row_header=False | metadata=False
Cell E46 | value='940' | fill=00000000 | rows=[45] | cols=[4] | col_header=False | row_header=False | metadata=False
Cell G46 | value='0.221959858323495' | fill=00000000 | rows=[45] | cols=[6] | col_header=False | row_header=False | metadata=False
Cell I46 | value='3295' | fill=00000000 | rows=[45] | cols=[8] | col_header=False | row_header=False | metadata=False
Cell K46 | value='0.778040141676505' | fill=00000000 | rows=[45] | cols=[10] | col_header=False | row_header=False | metadata=False
Cell A47 | value='2019' | fill=00000000 | rows=[46] | cols=[0] | col_header=False | row_header=False | metadata=False
Cell B47 | value='Q3' | fill=00000000 | rows=[46] | cols=[1] | col_header=False | row_header=False | metadata=False
Cell C47 | value='4178' | fill=00000000 | rows=[46] | cols=[2] | col_header=False | row_header=False | metadata=False
Cell E47 | value='886' | fill=00000000 | rows=[46] | cols=[4] | col_header=False | row_header=False | metadata=False
Cell G47 | value='0.212063188128291' | fill=00000000 | rows=[46] | cols=[6] | col_header=False | row_header=False | metadata=False
Cell I47 | value='3292' | fill=00000000 | rows=[46] | cols=[8] | col_header=False | row_header=False | metadata=False
Cell K47 | value='0.787936811871709' | fill=00000000 | rows=[46] | cols=[10] | col_header=False | row_header=False | metadata=False
Cell A48 | value='2019' | fill=00000000 | rows=[47] | cols=[0] | col_header=False | row_header=False | metadata=False
Cell B48 | value='Q4' | fill=00000000 | rows=[47] | cols=[1] | col_header=False | row_header=False | metadata=False
Cell C48 | value='3861' | fill=00000000 | rows=[47] | cols=[2] | col_header=False | row_header=False | metadata=False
Cell D48 | value='[r]' | fill=00000000 | rows=[47] | cols=[3] | col_header=False | row_header=False | metadata=False
Cell E48 | value='750' | fill=00000000 | rows=[47] | cols=[4] | col_header=False | row_header=False | metadata=False
Cell G48 | value='0.194250194250194' | fill=00000000 | rows=[47] | cols=[6] | col_header=False | row_header=False | metadata=False
Cell I48 | value='3111' | fill=00000000 | rows=[47] | cols=[8] | col_header=False | row_header=False | metadata=False
Cell J48 | value='[r]' | fill=00000000 | rows=[47] | cols=[9] | col_header=False | row_header=False | metadata=False
Cell K48 | value='0.805749805749806' | fill=00000000 | rows=[47] | cols=[10] | col_header=False | row_header=False | metadata=False
Cell A49 | value='2020' | fill=00000000 | rows=[48] | cols=[0] | col_header=False | row_header=False | metadata=False
Cell B49 | value='Q1' | fill=00000000 | rows=[48] | cols=[1] | col_header=False | row_header=False | metadata=False
Cell C49 | value='4585' | fill=00000000 | rows=[48] | cols=[2] | col_header=False | row_header=False | metadata=False
Cell E49 | value='911' | fill=00000000 | rows=[48] | cols=[4] | col_header=False | row_header=False | metadata=False
Cell G49 | value='0.198691384950927' | fill=00000000 | rows=[48] | cols=[6] | col_header=False | row_header=False | metadata=False
Cell I49 | value='3674' | fill=00000000 | rows=[48] | cols=[8] | col_header=False | row_header=False | metadata=False
Cell K49 | value='0.801308615049073' | fill=00000000 | rows=[48] | cols=[10] | col_header=False | row_header=False | metadata=False
Cell A50 | value='2020' | fill=00000000 | rows=[49] | cols=[0] | col_header=False | row_header=False | metadata=False
Cell B50 | value='Q2' | fill=00000000 | rows=[49] | cols=[1] | col_header=False | row_header=False | metadata=False
Cell C50 | value='2442' | fill=00000000 | rows=[49] | cols=[2] | col_header=False | row_header=False | metadata=False
Cell E50 | value='367' | fill=00000000 | rows=[49] | cols=[4] | col_header=False | row_header=False | metadata=False
Cell G50 | value='0.15028665028665' | fill=00000000 | rows=[49] | cols=[6] | col_header=False | row_header=False | metadata=False
Cell I50 | value='2075' | fill=00000000 | rows=[49] | cols=[8] | col_header=False | row_header=False | metadata=False
Cell K50 | value='0.84971334971335' | fill=00000000 | rows=[49] | cols=[10] | col_header=False | row_header=False | metadata=False
Cell A51 | value='2020' | fill=00000000 | rows=[50] | cols=[0] | col_header=False | row_header=False | metadata=False
Cell B51 | value='Q3' | fill=00000000 | rows=[50] | cols=[1] | col_header=False | row_header=False | metadata=False
Cell C51 | value='2786' | fill=00000000 | rows=[50] | cols=[2] | col_header=False | row_header=False | metadata=False
Cell E51 | value='455' | fill=00000000 | rows=[50] | cols=[4] | col_header=False | row_header=False | metadata=False
Cell G51 | value='0.163316582914573' | fill=00000000 | rows=[50] | cols=[6] | col_header=False | row_header=False | metadata=False
Cell I51 | value='2331' | fill=00000000 | rows=[50] | cols=[8] | col_header=False | row_header=False | metadata=False
Cell K51 | value='0.836683417085427' | fill=00000000 | rows=[50] | cols=[10] | col_header=False | row_header=False | metadata=False
Cell A52 | value='2020' | fill=00000000 | rows=[51] | cols=[0] | col_header=False | row_header=False | metadata=False
Cell B52 | value='Q4' | fill=00000000 | rows=[51] | cols=[1] | col_header=False | row_header=False | metadata=False
Cell C52 | value='2845' | fill=00000000 | rows=[51] | cols=[2] | col_header=False | row_header=False | metadata=False
Cell E52 | value='501' | fill=00000000 | rows=[51] | cols=[4] | col_header=False | row_header=False | metadata=False
Cell G52 | value='0.17609841827768' | fill=00000000 | rows=[51] | cols=[6] | col_header=False | row_header=False | metadata=False
Cell I52 | value='2344' | fill=00000000 | rows=[51] | cols=[8] | col_header=False | row_header=False | metadata=False
Cell K52 | value='0.82390158172232' | fill=00000000 | rows=[51] | cols=[10] | col_header=False | row_header=False | metadata=False
Cell A53 | value='2021' | fill=00000000 | rows=[52] | cols=[0] | col_header=False | row_header=False | metadata=False
Cell B53 | value='Q1' | fill=00000000 | rows=[52] | cols=[1] | col_header=False | row_header=False | metadata=False
Cell C53 | value='2801' | fill=00000000 | rows=[52] | cols=[2] | col_header=False | row_header=False | metadata=False
Cell E53 | value='418' | fill=00000000 | rows=[52] | cols=[4] | col_header=False | row_header=False | metadata=False
Cell F53 | value='[r]' | fill=00000000 | rows=[52] | cols=[5] | col_header=False | row_header=False | metadata=False
Cell G53 | value='0.149232416993931' | fill=00000000 | rows=[52] | cols=[6] | col_header=False | row_header=False | metadata=False
Cell I53 | value='2383' | fill=00000000 | rows=[52] | cols=[8] | col_header=False | row_header=False | metadata=False
Cell J53 | value='[r]' | fill=00000000 | rows=[52] | cols=[9] | col_header=False | row_header=False | metadata=False
Cell K53 | value='0.850767583006069' | fill=00000000 | rows=[52] | cols=[10] | col_header=False | row_header=False | metadata=False
Cell A54 | value='2021' | fill=00000000 | rows=[53] | cols=[0] | col_header=False | row_header=False | metadata=False
Cell B54 | value='Q2' | fill=00000000 | rows=[53] | cols=[1] | col_header=False | row_header=False | metadata=False
Cell C54 | value='2307' | fill=00000000 | rows=[53] | cols=[2] | col_header=False | row_header=False | metadata=False
Cell E54 | value='349' | fill=00000000 | rows=[53] | cols=[4] | col_header=False | row_header=False | metadata=False
Cell F54 | value='[r]' | fill=00000000 | rows=[53] | cols=[5] | col_header=False | row_header=False | metadata=False
Cell G54 | value='0.151278716948418' | fill=00000000 | rows=[53] | cols=[6] | col_header=False | row_header=False | metadata=False
Cell I54 | value='1958' | fill=00000000 | rows=[53] | cols=[8] | col_header=False | row_header=False | metadata=False
Cell J54 | value='[r]' | fill=00000000 | rows=[53] | cols=[9] | col_header=False | row_header=False | metadata=False
Cell K54 | value='0.848721283051582' | fill=00000000 | rows=[53] | cols=[10] | col_header=False | row_header=False | metadata=False
Cell A55 | value='2021' | fill=00000000 | rows=[54] | cols=[0] | col_header=False | row_header=False | metadata=False
Cell B55 | value='Q3' | fill=00000000 | rows=[54] | cols=[1] | col_header=False | row_header=False | metadata=False
Cell C55 | value='1889' | fill=00000000 | rows=[54] | cols=[2] | col_header=False | row_header=False | metadata=False
Cell D55 | value='[r]' | fill=00000000 | rows=[54] | cols=[3] | col_header=False | row_header=False | metadata=False
Cell E55 | value='312' | fill=00000000 | rows=[54] | cols=[4] | col_header=False | row_header=False | metadata=False
Cell F55 | value='[r]' | fill=00000000 | rows=[54] | cols=[5] | col_header=False | row_header=False | metadata=False
Cell G55 | value='0.165166754896771' | fill=00000000 | rows=[54] | cols=[6] | col_header=False | row_header=False | metadata=False
Cell H55 | value='[r]' | fill=00000000 | rows=[54] | cols=[7] | col_header=False | row_header=False | metadata=False
Cell I55 | value='1577' | fill=00000000 | rows=[54] | cols=[8] | col_header=False | row_header=False | metadata=False
Cell K55 | value='0.834833245103229' | fill=00000000 | rows=[54] | cols=[10] | col_header=False | row_header=False | metadata=False
Cell L55 | value='[r]' | fill=00000000 | rows=[54] | cols=[11] | col_header=False | row_header=False | metadata=False
Cell A56 | value='2021' | fill=00000000 | rows=[55] | cols=[0] | col_header=False | row_header=False | metadata=False
Cell B56 | value='Q4' | fill=00000000 | rows=[55] | cols=[1] | col_header=False | row_header=False | metadata=False
Cell C56 | value='1722' | fill=00000000 | rows=[55] | cols=[2] | col_header=False | row_header=False | metadata=False
Cell D56 | value='[r]' | fill=00000000 | rows=[55] | cols=[3] | col_header=False | row_header=False | metadata=False
Cell E56 | value='320' | fill=00000000 | rows=[55] | cols=[4] | col_header=False | row_header=False | metadata=False
Cell G56 | value='0.185830429732869' | fill=00000000 | rows=[55] | cols=[6] | col_header=False | row_header=False | metadata=False
Cell I56 | value='1402' | fill=00000000 | rows=[55] | cols=[8] | col_header=False | row_header=False | metadata=False
Cell J56 | value='[r]' | fill=00000000 | rows=[55] | cols=[9] | col_header=False | row_header=False | metadata=False
Cell K56 | value='0.814169570267131' | fill=00000000 | rows=[55] | cols=[10] | col_header=False | row_header=False | metadata=False
Cell A57 | value='2022' | fill=00000000 | rows=[56] | cols=[0] | col_header=False | row_header=False | metadata=False
Cell B57 | value='Q1' | fill=00000000 | rows=[56] | cols=[1] | col_header=False | row_header=False | metadata=False
Cell C57 | value='1842' | fill=00000000 | rows=[56] | cols=[2] | col_header=False | row_header=False | metadata=False
Cell D57 | value='[r]' | fill=00000000 | rows=[56] | cols=[3] | col_header=False | row_header=False | metadata=False
Cell E57 | value='323' | fill=00000000 | rows=[56] | cols=[4] | col_header=False | row_header=False | metadata=False
Cell G57 | value='0.175352877307275' | fill=00000000 | rows=[56] | cols=[6] | col_header=False | row_header=False | metadata=False
Cell I57 | value='1519' | fill=00000000 | rows=[56] | cols=[8] | col_header=False | row_header=False | metadata=False
Cell K57 | value='0.824647122692725' | fill=00000000 | rows=[56] | cols=[10] | col_header=False | row_header=False | metadata=False
Cell A58 | value='2022' | fill=00000000 | rows=[57] | cols=[0] | col_header=False | row_header=False | metadata=False
Cell B58 | value='Q2' | fill=00000000 | rows=[57] | cols=[1] | col_header=False | row_header=False | metadata=False
Cell C58 | value='1614' | fill=00000000 | rows=[57] | cols=[2] | col_header=False | row_header=False | metadata=False
Cell E58 | value='[x]' | fill=00000000 | rows=[57] | cols=[4] | col_header=False | row_header=False | metadata=False
Cell G58 | value='[x]' | fill=00000000 | rows=[57] | cols=[6] | col_header=False | row_header=False | metadata=False
Cell I58 | value='[x]' | fill=00000000 | rows=[57] | cols=[8] | col_header=False | row_header=False | metadata=False
Cell K58 | value='[x]' | fill=00000000 | rows=[57] | cols=[10] | col_header=False | row_header=False | metadata=False
Cell A59 | value='Percentage change, latest quarter (2022 Q1) compared with:' | fill=FFFFFF00 | rows=[58] | cols=[0] | col_header=True | row_header=False | metadata=False
Cell A60 | value='2021' | fill=00000000 | rows=[59] | cols=[0] | col_header=False | row_header=False | metadata=False
Cell B60 | value='Q1' | fill=00000000 | rows=[59] | cols=[1] | col_header=False | row_header=False | metadata=False
Cell C60 | value='-0.342377722242056' | fill=00000000 | rows=[59] | cols=[2] | col_header=False | row_header=False | metadata=False
Cell E60 | value='-0.227272727272727' | fill=00000000 | rows=[59] | cols=[4] | col_header=False | row_header=False | metadata=False
Cell G60 | value='[z]' | fill=00000000 | rows=[59] | cols=[6] | col_header=False | row_header=False | metadata=False
Cell I60 | value='-0.362568191355434' | fill=00000000 | rows=[59] | cols=[8] | col_header=False | row_header=False | metadata=False
Cell K60 | value='[z]' | fill=00000000 | rows=[59] | cols=[10] | col_header=False | row_header=False | metadata=False

