=== economy-table14.xlsx ===
Cell A1 | value='Number of tables on this sheet:' | fill=FF00B0F0 | rows=[0] | cols=[0] | col_header=True | row_header=True | metadata=True
Cell B1 | value='3' | fill=FF00B0F0 | rows=[0] | cols=[1] | col_header=False | row_header=False | metadata=True
Cell A3 | value='Employment in the creative sector' | fill=FF00B0F0 | rows=[2] | cols=[0] | col_header=False | row_header=False | metadata=True
Cell A4 | value='Data owner:' | fill=FF00B050 | rows=[3] | cols=[0] | col_header=False | row_header=True | metadata=False
Cell B4 | value='Office of National Statistics' | fill=00000000 | rows=[3] | cols=[1] | col_header=False | row_header=False | metadata=False
Cell A5 | value='Link to data owner:' | fill=FF00B050 | rows=[4] | cols=[0] | col_header=False | row_header=True | metadata=False
Cell B5 | value='http://www.ons.gov.uk' | fill=00000000 | rows=[4] | cols=[1] | col_header=False | row_header=False | metadata=False
Cell A6 | value='Data source:' | fill=FF00B050 | rows=[5] | cols=[0] | col_header=False | row_header=True | metadata=False
Cell B6 | value='Annual Population Survey' | fill=00000000 | rows=[5] | cols=[1] | col_header=False | row_header=False | metadata=False
Cell A7 | value='Link to data source:' | fill=FF00B050 | rows=[6] | cols=[0] | col_header=False | row_header=True | metadata=False
Cell B7 | value='http://www.statistics.gov.uk/Statbase/Product.asp?vlnk=10855' | fill=00000000 | rows=[6] | cols=[1] | col_header=False | row_header=False | metadata=False
Cell A8 | value='Date:' | fill=FF00B050 | rows=[7] | cols=[0] | col_header=False | row_header=True | metadata=False
Cell B8 | value='2006, 2007, 2008' | fill=00000000 | rows=[7] | cols=[1] | col_header=False | row_header=False | metadata=False
Cell A9 | value='Update cycle:' | fill=FF00B050 | rows=[8] | cols=[0] | col_header=False | row_header=True | metadata=False
Cell B9 | value='Quarterly' | fill=00000000 | rows=[8] | cols=[1] | col_header=False | row_header=False | metadata=False
Cell A12 | value='Employment in the creative sector: sub-sector by region in 2006 and 2008' | fill=FF00B0F0 | rows=[11] | cols=[0] | col_header=False | row_header=False | metadata=True
Cell B13 | value='East Midlands' | fill=9 | rows=[12] | cols=[1, 2] | col_header=False | row_header=False | metadata=False
Cell D13 | value='East of England' | fill=9 | rows=[12] | cols=[3, 4] | col_header=False | row_header=False | metadata=False
Cell F13 | value='London' | fill=9 | rows=[12] | cols=[5, 6] | col_header=False | row_header=False | metadata=False
Cell H13 | value='North East' | fill=9 | rows=[12] | cols=[7, 8] | col_header=False | row_header=False | metadata=False
Cell J13 | value='North West' | fill=9 | rows=[12] | cols=[9, 10] | col_header=False | row_header=False | metadata=False
Cell L13 | value='South East' | fill=9 | rows=[12] | cols=[11, 12] | col_header=False | row_header=False | metadata=False
Cell N13 | value='South West' | fill=9 | rows=[12] | cols=[13, 14] | col_header=False | row_header=False | metadata=False
Cell P13 | value='West Midlands' | fill=9 | rows=[12] | cols=[15, 16] | col_header=False | row_header=False | metadata=False
Cell R13 | value='Yorkshire and the Humber' | fill=9 | rows=[12] | cols=[17, 18] | col_header=False | row_header=False | metadata=False
Cell T13 | value='England' | fill=9 | rows=[12] | cols=[19, 20] | col_header=False | row_header=False | metadata=False
Cell A14 | value='Sub-sector' | fill=FFFFFF00 | rows=[13] | cols=[0] | col_header=True | row_header=False | metadata=False
Cell B14 | value='2006' | fill=9 | rows=[13] | cols=[1] | col_header=False | row_header=False | metadata=False
Cell C14 | value='2008' | fill=9 | rows=[13] | cols=[2] | col_header=False | row_header=False | metadata=False
Cell D14 | value='2006' | fill=9 | rows=[13] | cols=[3] | col_header=False | row_header=False | metadata=False
Cell E14 | value='2008' | fill=9 | rows=[13] | cols=[4] | col_header=False | row_header=False | metadata=False
Cell F14 | value='2006' | fill=9 | rows=[13] | cols=[5] | col_header=False | row_header=False | metadata=False
Cell G14 | value='2008' | fill=9 | rows=[13] | cols=[6] | col_header=False | row_header=False | metadata=False
Cell H14 | value='2006' | fill=9 | rows=[13] | cols=[7] | col_header=False | row_header=False | metadata=False
Cell I14 | value='2008' | fill=9 | rows=[13] | cols=[8] | col_header=False | row_header=False | metadata=False
Cell J14 | value='2006' | fill=9 | rows=[13] | cols=[9] | col_header=False | row_header=False | metadata=False
Cell K14 | value='2008' | fill=9 | rows=[13] | cols=[10] | col_header=False | row_header=False | metadata=False
Cell L14 | value='2006' | fill=9 | rows=[13] | cols=[11] | col_header=False | row_header=False | metadata=False
Cell M14 | value='2008' | fill=9 | rows=[13] | cols=[12] | col_header=False | row_header=False | metadata=False
Cell N14 | value='2006' | fill=9 | rows=[13] | cols=[13] | col_header=False | row_header=False | metadata=False
Cell O14 | value='2008' | fill=9 | rows=[13] | cols=[14] | col_header=False | row_header=False | metadata=False
Cell P14 | value='2006' | fill=9 | rows=[13] | cols=[15] | col_header=False | row_header=False | metadata=False
Cell Q14 | value='2008' | fill=9 | rows=[13] | cols=[16] | col_header=False | row_header=False | metadata=False
Cell R14 | value='2006' | fill=9 | rows=[13] | cols=[17] | col_header=False | row_header=False | metadata=False
Cell S14 | value='2008' | fill=9 | rows=[13] | cols=[18] | col_header=False | row_header=False | metadata=False
Cell T14 | value='2006' | fill=9 | rows=[13] | cols=[19] | col_header=False | row_header=False | metadata=False
Cell U14 | value='2008' | fill=9 | rows=[13] | cols=[20] | col_header=False | row_header=False | metadata=False
Cell A15 | value='Advertising' | fill=9 | rows=[14] | cols=[0] | col_header=False | row_header=False | metadata=False
Cell B15 | value='8404.31' | fill=9 | rows=[14] | cols=[1] | col_header=False | row_header=False | metadata=False
Cell C15 | value='9609.01' | fill=9 | rows=[14] | cols=[2] | col_header=False | row_header=False | metadata=False
Cell D15 | value='12572.97' | fill=9 | rows=[14] | cols=[3] | col_header=False | row_header=False | metadata=False
Cell E15 | value='16510.5' | fill=9 | rows=[14] | cols=[4] | col_header=False | row_header=False | metadata=False
Cell F15 | value='85544.36' | fill=9 | rows=[14] | cols=[5] | col_header=False | row_header=False | metadata=False
Cell G15 | value='99515.23' | fill=9 | rows=[14] | cols=[6] | col_header=False | row_header=False | metadata=False
Cell H15 | value='5789.7' | fill=9 | rows=[14] | cols=[7] | col_header=False | row_header=False | metadata=False
Cell I15 | value='3537.11' | fill=9 | rows=[14] | cols=[8] | col_header=False | row_header=False | metadata=False
Cell J15 | value='23032.96' | fill=9 | rows=[14] | cols=[9] | col_header=False | row_header=False | metadata=False
Cell K15 | value='19048.05' | fill=9 | rows=[14] | cols=[10] | col_header=False | row_header=False | metadata=False
Cell L15 | value='33161.21' | fill=9 | rows=[14] | cols=[11] | col_header=False | row_header=False | metadata=False
Cell M15 | value='33292.04' | fill=9 | rows=[14] | cols=[12] | col_header=False | row_header=False | metadata=False
Cell N15 | value='17651.79' | fill=9 | rows=[14] | cols=[13] | col_header=False | row_header=False | metadata=False
Cell O15 | value='14860.56' | fill=9 | rows=[14] | cols=[14] | col_header=False | row_header=False | metadata=False
Cell P15 | value='12876.45' | fill=9 | rows=[14] | cols=[15] | col_header=False | row_header=False | metadata=False
Cell Q15 | value='14055.99' | fill=9 | rows=[14] | cols=[16] | col_header=False | row_header=False | metadata=False
Cell R15 | value='14137.53' | fill=9 | rows=[14] | cols=[17] | col_header=False | row_header=False | metadata=False
Cell S15 | value='11660.7' | fill=9 | rows=[14] | cols=[18] | col_header=False | row_header=False | metadata=False
Cell T15 | value='213171.28' | fill=9 | rows=[14] | cols=[19] | col_header=False | row_header=False | metadata=False
Cell U15 | value='222089.19' | fill=9 | rows=[14] | cols=[20] | col_header=False | row_header=False | metadata=False
Cell A16 | value='Architecture' | fill=9 | rows=[15] | cols=[0] | col_header=False | row_header=False | metadata=False
Cell B16 | value='7305.62' | fill=9 | rows=[15] | cols=[1] | col_header=False | row_header=False | metadata=False
Cell C16 | value='6054.94' | fill=9 | rows=[15] | cols=[2] | col_header=False | row_header=False | metadata=False
Cell D16 | value='8103.5' | fill=9 | rows=[15] | cols=[3] | col_header=False | row_header=False | metadata=False
Cell E16 | value='9844.33' | fill=9 | rows=[15] | cols=[4] | col_header=False | row_header=False | metadata=False
Cell F16 | value='19359.02' | fill=9 | rows=[15] | cols=[5] | col_header=False | row_header=False | metadata=False
Cell G16 | value='26375.4' | fill=9 | rows=[15] | cols=[6] | col_header=False | row_header=False | metadata=False
Cell H16 | value='4069.1' | fill=9 | rows=[15] | cols=[7] | col_header=False | row_header=False | metadata=False
Cell I16 | value='4036.39' | fill=9 | rows=[15] | cols=[8] | col_header=False | row_header=False | metadata=False
Cell J16 | value='10109.06' | fill=9 | rows=[15] | cols=[9] | col_header=False | row_header=False | metadata=False
Cell K16 | value='10458.11' | fill=9 | rows=[15] | cols=[10] | col_header=False | row_header=False | metadata=False
Cell L16 | value='18296.07' | fill=9 | rows=[15] | cols=[11] | col_header=False | row_header=False | metadata=False
Cell M16 | value='18209.58' | fill=9 | rows=[15] | cols=[12] | col_header=False | row_header=False | metadata=False
Cell N16 | value='10885.65' | fill=9 | rows=[15] | cols=[13] | col_header=False | row_header=False | metadata=False
Cell O16 | value='11036.03' | fill=9 | rows=[15] | cols=[14] | col_header=False | row_header=False | metadata=False
Cell P16 | value='7631.45' | fill=9 | rows=[15] | cols=[15] | col_header=False | row_header=False | metadata=False
Cell Q16 | value='10046.33' | fill=9 | rows=[15] | cols=[16] | col_header=False | row_header=False | metadata=False
Cell R16 | value='6979.41' | fill=9 | rows=[15] | cols=[17] | col_header=False | row_header=False | metadata=False
Cell S16 | value='9684.18' | fill=9 | rows=[15] | cols=[18] | col_header=False | row_header=False | metadata=False
Cell T16 | value='92738.88' | fill=9 | rows=[15] | cols=[19] | col_header=False | row_header=False | metadata=False
Cell U16 | value='105745.29' | fill=9 | rows=[15] | cols=[20] | col_header=False | row_header=False | metadata=False
Cell A17 | value='Craft' | fill=9 | rows=[16] | cols=[0] | col_header=False | row_header=False | metadata=False
Cell B17 | value='21669.26' | fill=9 | rows=[16] | cols=[1] | col_header=False | row_header=False | metadata=False
Cell C17 | value='21885.04' | fill=9 | rows=[16] | cols=[2] | col_header=False | row_header=False | metadata=False
Cell D17 | value='26457.18' | fill=9 | rows=[16] | cols=[3] | col_header=False | row_header=False | metadata=False
Cell E17 | value='25113.74' | fill=9 | rows=[16] | cols=[4] | col_header=False | row_header=False | metadata=False
Cell F17 | value='33014.82' | fill=9 | rows=[16] | cols=[5] | col_header=False | row_header=False | metadata=False
Cell G17 | value='26877.73' | fill=9 | rows=[16] | cols=[6] | col_header=False | row_header=False | metadata=False
Cell H17 | value='10990.63' | fill=9 | rows=[16] | cols=[7] | col_header=False | row_header=False | metadata=False
Cell I17 | value='13631.41' | fill=9 | rows=[16] | cols=[8] | col_header=False | row_header=False | metadata=False
Cell J17 | value='29436.18' | fill=9 | rows=[16] | cols=[9] | col_header=False | row_header=False | metadata=False
Cell K17 | value='27713.96' | fill=9 | rows=[16] | cols=[10] | col_header=False | row_header=False | metadata=False
Cell L17 | value='36550' | fill=9 | rows=[16] | cols=[11] | col_header=False | row_header=False | metadata=False
Cell M17 | value='45900.13' | fill=9 | rows=[16] | cols=[12] | col_header=False | row_header=False | metadata=False
Cell N17 | value='24170.07' | fill=9 | rows=[16] | cols=[13] | col_header=False | row_header=False | metadata=False
Cell O17 | value='25320.14' | fill=9 | rows=[16] | cols=[14] | col_header=False | row_header=False | metadata=False
Cell P17 | value='23851.89' | fill=9 | rows=[16] | cols=[15] | col_header=False | row_header=False | metadata=False
Cell Q17 | value='20438.35' | fill=9 | rows=[16] | cols=[16] | col_header=False | row_header=False | metadata=False
Cell R17 | value='26214.9' | fill=9 | rows=[16] | cols=[17] | col_header=False | row_header=False | metadata=False
Cell S17 | value='24471.74' | fill=9 | rows=[16] | cols=[18] | col_header=False | row_header=False | metadata=False
Cell T17 | value='234578.19' | fill=9 | rows=[16] | cols=[19] | col_header=False | row_header=False | metadata=False
Cell U17 | value='234695.92' | fill=9 | rows=[16] | cols=[20] | col_header=False | row_header=False | metadata=False
Cell A18 | value='Design' | fill=9 | rows=[17] | cols=[0] | col_header=False | row_header=False | metadata=False
Cell B18 | value='7285.68' | fill=9 | rows=[17] | cols=[1] | col_header=False | row_header=False | metadata=False
Cell C18 | value='7076.88' | fill=9 | rows=[17] | cols=[2] | col_header=False | row_header=False | metadata=False
Cell D18 | value='14014.12' | fill=9 | rows=[17] | cols=[3] | col_header=False | row_header=False | metadata=False
Cell E18 | value='6332.53' | fill=9 | rows=[17] | cols=[4] | col_header=False | row_header=False | metadata=False
Cell F18 | value='13888.3' | fill=9 | rows=[17] | cols=[5] | col_header=False | row_header=False | metadata=False
Cell G18 | value='14087.66' | fill=9 | rows=[17] | cols=[6] | col_header=False | row_header=False | metadata=False
Cell H18 | value='3183.68' | fill=9 | rows=[17] | cols=[7] | col_header=False | row_header=False | metadata=False
Cell I18 | value='2481.79' | fill=9 | rows=[17] | cols=[8] | col_header=False | row_header=False | metadata=False
Cell J18 | value='8139.48' | fill=9 | rows=[17] | cols=[9] | col_header=False | row_header=False | metadata=False
Cell K18 | value='8982.14' | fill=9 | rows=[17] | cols=[10] | col_header=False | row_header=False | metadata=False
Cell L18 | value='12719.37' | fill=9 | rows=[17] | cols=[11] | col_header=False | row_header=False | metadata=False
Cell M18 | value='14833.56' | fill=9 | rows=[17] | cols=[12] | col_header=False | row_header=False | metadata=False
Cell N18 | value='8912.9' | fill=9 | rows=[17] | cols=[13] | col_header=False | row_header=False | metadata=False
Cell O18 | value='11207.1' | fill=9 | rows=[17] | cols=[14] | col_header=False | row_header=False | metadata=False
Cell P18 | value='8716.71' | fill=9 | rows=[17] | cols=[15] | col_header=False | row_header=False | metadata=False
Cell Q18 | value='9453.04' | fill=9 | rows=[17] | cols=[16] | col_header=False | row_header=False | metadata=False
Cell R18 | value='5853.61' | fill=9 | rows=[17] | cols=[17] | col_header=False | row_header=False | metadata=False
Cell S18 | value='7474.3' | fill=9 | rows=[17] | cols=[18] | col_header=False | row_header=False | metadata=False
Cell T18 | value='82713.85' | fill=9 | rows=[17] | cols=[19] | col_header=False | row_header=False | metadata=False
Cell U18 | value='81929' | fill=9 | rows=[17] | cols=[20] | col_header=False | row_header=False | metadata=False
Cell A19 | value='Dressing/Making' | fill=9 | rows=[18] | cols=[0] | col_header=False | row_header=False | metadata=False
Cell B19 | value='750.52' | fill=9 | rows=[18] | cols=[1] | col_header=False | row_header=False | metadata=False
Cell C19 | value='992.16' | fill=9 | rows=[18] | cols=[2] | col_header=False | row_header=False | metadata=False
Cell D19 | value='0' | fill=9 | rows=[18] | cols=[3] | col_header=False | row_header=False | metadata=False
Cell E19 | value='0' | fill=9 | rows=[18] | cols=[4] | col_header=False | row_header=False | metadata=False
Cell F19 | value='1304.6' | fill=9 | rows=[18] | cols=[5] | col_header=False | row_header=False | metadata=False
Cell G19 | value='990.32' | fill=9 | rows=[18] | cols=[6] | col_header=False | row_header=False | metadata=False
Cell H19 | value='55.4' | fill=9 | rows=[18] | cols=[7] | col_header=False | row_header=False | metadata=False
Cell I19 | value='55.6' | fill=9 | rows=[18] | cols=[8] | col_header=False | row_header=False | metadata=False
Cell J19 | value='739.36' | fill=9 | rows=[18] | cols=[9] | col_header=False | row_header=False | metadata=False
Cell K19 | value='343.72' | fill=9 | rows=[18] | cols=[10] | col_header=False | row_header=False | metadata=False
Cell L19 | value='323.4' | fill=9 | rows=[18] | cols=[11] | col_header=False | row_header=False | metadata=False
Cell M19 | value='181.2' | fill=9 | rows=[18] | cols=[12] | col_header=False | row_header=False | metadata=False
Cell N19 | value='449.08' | fill=9 | rows=[18] | cols=[13] | col_header=False | row_header=False | metadata=False
Cell O19 | value='470.36' | fill=9 | rows=[18] | cols=[14] | col_header=False | row_header=False | metadata=False
Cell P19 | value='183.6' | fill=9 | rows=[18] | cols=[15] | col_header=False | row_header=False | metadata=False
Cell Q19 | value='557.44' | fill=9 | rows=[18] | cols=[16] | col_header=False | row_header=False | metadata=False
Cell R19 | value='0' | fill=9 | rows=[18] | cols=[17] | col_header=False | row_header=False | metadata=False
Cell S19 | value='0' | fill=9 | rows=[18] | cols=[18] | col_header=False | row_header=False | metadata=False
Cell T19 | value='4633.92' | fill=9 | rows=[18] | cols=[19] | col_header=False | row_header=False | metadata=False
Cell U19 | value='4546.56' | fill=9 | rows=[18] | cols=[20] | col_header=False | row_header=False | metadata=False
Cell A20 | value='Literature' | fill=9 | rows=[19] | cols=[0] | col_header=False | row_header=False | metadata=False
Cell B20 | value='1353.56' | fill=9 | rows=[19] | cols=[1] | col_header=False | row_header=False | metadata=False
Cell C20 | value='490.2' | fill=9 | rows=[19] | cols=[2] | col_header=False | row_header=False | metadata=False
Cell D20 | value='3279.02' | fill=9 | rows=[19] | cols=[3] | col_header=False | row_header=False | metadata=False
Cell E20 | value='1975.62' | fill=9 | rows=[19] | cols=[4] | col_header=False | row_header=False | metadata=False
Cell F20 | value='5732.3' | fill=9 | rows=[19] | cols=[5] | col_header=False | row_header=False | metadata=False
Cell G20 | value='6683.82' | fill=9 | rows=[19] | cols=[6] | col_header=False | row_header=False | metadata=False
Cell H20 | value='211.66' | fill=9 | rows=[19] | cols=[7] | col_header=False | row_header=False | metadata=False
Cell I20 | value='640.68' | fill=9 | rows=[19] | cols=[8] | col_header=False | row_header=False | metadata=False
Cell J20 | value='1632.48' | fill=9 | rows=[19] | cols=[9] | col_header=False | row_header=False | metadata=False
Cell K20 | value='1705.06' | fill=9 | rows=[19] | cols=[10] | col_header=False | row_header=False | metadata=False
Cell L20 | value='3728.56' | fill=9 | rows=[19] | cols=[11] | col_header=False | row_header=False | metadata=False
Cell M20 | value='3171.48' | fill=9 | rows=[19] | cols=[12] | col_header=False | row_header=False | metadata=False
Cell N20 | value='1578.9' | fill=9 | rows=[19] | cols=[13] | col_header=False | row_header=False | metadata=False
Cell O20 | value='1458.82' | fill=9 | rows=[19] | cols=[14] | col_header=False | row_header=False | metadata=False
Cell P20 | value='655.88' | fill=9 | rows=[19] | cols=[15] | col_header=False | row_header=False | metadata=False
Cell Q20 | value='1039.3' | fill=9 | rows=[19] | cols=[16] | col_header=False | row_header=False | metadata=False
Cell R20 | value='916.94' | fill=9 | rows=[19] | cols=[17] | col_header=False | row_header=False | metadata=False
Cell S20 | value='1126.32' | fill=9 | rows=[19] | cols=[18] | col_header=False | row_header=False | metadata=False
Cell T20 | value='19089.3' | fill=9 | rows=[19] | cols=[19] | col_header=False | row_header=False | metadata=False
Cell U20 | value='18291.3' | fill=9 | rows=[19] | cols=[20] | col_header=False | row_header=False | metadata=False
Cell A21 | value='Publishing' | fill=9 | rows=[20] | cols=[0] | col_header=False | row_header=False | metadata=False
Cell B21 | value='12876.18' | fill=9 | rows=[20] | cols=[1] | col_header=False | row_header=False | metadata=False
Cell C21 | value='11709.2' | fill=9 | rows=[20] | cols=[2] | col_header=False | row_header=False | metadata=False
Cell D21 | value='22181.76' | fill=9 | rows=[20] | cols=[3] | col_header=False | row_header=False | metadata=False
Cell E21 | value='22256.94' | fill=9 | rows=[20] | cols=[4] | col_header=False | row_header=False | metadata=False
Cell F21 | value='74661.72' | fill=9 | rows=[20] | cols=[5] | col_header=False | row_header=False | metadata=False
Cell G21 | value='64648.87' | fill=9 | rows=[20] | cols=[6] | col_header=False | row_header=False | metadata=False
Cell H21 | value='4044.96' | fill=9 | rows=[20] | cols=[7] | col_header=False | row_header=False | metadata=False
Cell I21 | value='4621.8' | fill=9 | rows=[20] | cols=[8] | col_header=False | row_header=False | metadata=False
Cell J21 | value='18174.63' | fill=9 | rows=[20] | cols=[9] | col_header=False | row_header=False | metadata=False
Cell K21 | value='18566.4' | fill=9 | rows=[20] | cols=[10] | col_header=False | row_header=False | metadata=False
Cell L21 | value='39267.67' | fill=9 | rows=[20] | cols=[11] | col_header=False | row_header=False | metadata=False
Cell M21 | value='32008.68' | fill=9 | rows=[20] | cols=[12] | col_header=False | row_header=False | metadata=False
Cell N21 | value='22451.24' | fill=9 | rows=[20] | cols=[13] | col_header=False | row_header=False | metadata=False
Cell O21 | value='21715.31' | fill=9 | rows=[20] | cols=[14] | col_header=False | row_header=False | metadata=False
Cell P21 | value='11410.92' | fill=9 | rows=[20] | cols=[15] | col_header=False | row_header=False | metadata=False
Cell Q21 | value='12425.02' | fill=9 | rows=[20] | cols=[16] | col_header=False | row_header=False | metadata=False
Cell R21 | value='17019.17' | fill=9 | rows=[20] | cols=[17] | col_header=False | row_header=False | metadata=False
Cell S21 | value='13080.2' | fill=9 | rows=[20] | cols=[18] | col_header=False | row_header=False | metadata=False
Cell T21 | value='224645.51' | fill=9 | rows=[20] | cols=[19] | col_header=False | row_header=False | metadata=False
Cell U21 | value='202056.6' | fill=9 | rows=[20] | cols=[20] | col_header=False | row_header=False | metadata=False
Cell A22 | value='Radio & TV' | fill=9 | rows=[21] | cols=[0] | col_header=False | row_header=False | metadata=False
Cell B22 | value='1488' | fill=9 | rows=[21] | cols=[1] | col_header=False | row_header=False | metadata=False
Cell C22 | value='0' | fill=9 | rows=[21] | cols=[2] | col_header=False | row_header=False | metadata=False
Cell D22 | value='5891.68' | fill=9 | rows=[21] | cols=[3] | col_header=False | row_header=False | metadata=False
Cell E22 | value='3647.64' | fill=9 | rows=[21] | cols=[4] | col_header=False | row_header=False | metadata=False
Cell F22 | value='53209.8' | fill=9 | rows=[21] | cols=[5] | col_header=False | row_header=False | metadata=False
Cell G22 | value='50370.2' | fill=9 | rows=[21] | cols=[6] | col_header=False | row_header=False | metadata=False
Cell H22 | value='2456.12' | fill=9 | rows=[21] | cols=[7] | col_header=False | row_header=False | metadata=False
Cell I22 | value='551' | fill=9 | rows=[21] | cols=[8] | col_header=False | row_header=False | metadata=False
Cell J22 | value='9407.52' | fill=9 | rows=[21] | cols=[9] | col_header=False | row_header=False | metadata=False
Cell K22 | value='6214.92' | fill=9 | rows=[21] | cols=[10] | col_header=False | row_header=False | metadata=False
Cell L22 | value='8022.76' | fill=9 | rows=[21] | cols=[11] | col_header=False | row_header=False | metadata=False
Cell M22 | value='9786.56' | fill=9 | rows=[21] | cols=[12] | col_header=False | row_header=False | metadata=False
Cell N22 | value='6884.8' | fill=9 | rows=[21] | cols=[13] | col_header=False | row_header=False | metadata=False
Cell O22 | value='5000.52' | fill=9 | rows=[21] | cols=[14] | col_header=False | row_header=False | metadata=False
Cell P22 | value='4357.6' | fill=9 | rows=[21] | cols=[15] | col_header=False | row_header=False | metadata=False
Cell Q22 | value='3693.28' | fill=9 | rows=[21] | cols=[16] | col_header=False | row_header=False | metadata=False
Cell R22 | value='3465.64' | fill=9 | rows=[21] | cols=[17] | col_header=False | row_header=False | metadata=False
Cell S22 | value='2482.24' | fill=9 | rows=[21] | cols=[18] | col_header=False | row_header=False | metadata=False
Cell T22 | value='95393.44' | fill=9 | rows=[21] | cols=[19] | col_header=False | row_header=False | metadata=False
Cell U22 | value='82859.28' | fill=9 | rows=[21] | cols=[20] | col_header=False | row_header=False | metadata=False
Cell A23 | value='Software, Computer Games & Electronic Publishing' | fill=9 | rows=[22] | cols=[0] | col_header=False | row_header=False | metadata=False
Cell B23 | value='12304.27' | fill=9 | rows=[22] | cols=[1] | col_header=False | row_header=False | metadata=False
Cell C23 | value='14439.09' | fill=9 | rows=[22] | cols=[2] | col_header=False | row_header=False | metadata=False
Cell D23 | value='25702.87' | fill=9 | rows=[22] | cols=[3] | col_header=False | row_header=False | metadata=False
Cell E23 | value='26413.56' | fill=9 | rows=[22] | cols=[4] | col_header=False | row_header=False | metadata=False
Cell F23 | value='67657.47' | fill=9 | rows=[22] | cols=[5] | col_header=False | row_header=False | metadata=False
Cell G23 | value='71860.4' | fill=9 | rows=[22] | cols=[6] | col_header=False | row_header=False | metadata=False
Cell H23 | value='5779.68' | fill=9 | rows=[22] | cols=[7] | col_header=False | row_header=False | metadata=False
Cell I23 | value='5415.05' | fill=9 | rows=[22] | cols=[8] | col_header=False | row_header=False | metadata=False
Cell J23 | value='24301.05' | fill=9 | rows=[22] | cols=[9] | col_header=False | row_header=False | metadata=False
Cell K23 | value='24172.26' | fill=9 | rows=[22] | cols=[10] | col_header=False | row_header=False | metadata=False
Cell L23 | value='57114.65' | fill=9 | rows=[22] | cols=[11] | col_header=False | row_header=False | metadata=False
Cell M23 | value='56471.76' | fill=9 | rows=[22] | cols=[12] | col_header=False | row_header=False | metadata=False
Cell N23 | value='18561.9' | fill=9 | rows=[22] | cols=[13] | col_header=False | row_header=False | metadata=False
Cell O23 | value='22620.36' | fill=9 | rows=[22] | cols=[14] | col_header=False | row_header=False | metadata=False
Cell P23 | value='18728.33' | fill=9 | rows=[22] | cols=[15] | col_header=False | row_header=False | metadata=False
Cell Q23 | value='20505.19' | fill=9 | rows=[22] | cols=[16] | col_header=False | row_header=False | metadata=False
Cell R23 | value='16676.16' | fill=9 | rows=[22] | cols=[17] | col_header=False | row_header=False | metadata=False
Cell S23 | value='18933.08' | fill=9 | rows=[22] | cols=[18] | col_header=False | row_header=False | metadata=False
Cell T23 | value='247218.88' | fill=9 | rows=[22] | cols=[19] | col_header=False | row_header=False | metadata=False
Cell U23 | value='261329.5' | fill=9 | rows=[22] | cols=[20] | col_header=False | row_header=False | metadata=False
Cell A24 | value='Video, Film & Photography' | fill=9 | rows=[23] | cols=[0] | col_header=False | row_header=False | metadata=False
Cell B24 | value='1019.09' | fill=9 | rows=[23] | cols=[1] | col_header=False | row_header=False | metadata=False
Cell C24 | value='3953.42' | fill=9 | rows=[23] | cols=[2] | col_header=False | row_header=False | metadata=False
Cell D24 | value='3872.53' | fill=9 | rows=[23] | cols=[3] | col_header=False | row_header=False | metadata=False
Cell E24 | value='2698.37' | fill=9 | rows=[23] | cols=[4] | col_header=False | row_header=False | metadata=False
Cell F24 | value='27029.46' | fill=9 | rows=[23] | cols=[5] | col_header=False | row_header=False | metadata=False
Cell G24 | value='17309.39' | fill=9 | rows=[23] | cols=[6] | col_header=False | row_header=False | metadata=False
Cell H24 | value='1471.93' | fill=9 | rows=[23] | cols=[7] | col_header=False | row_header=False | metadata=False
Cell I24 | value='582.7' | fill=9 | rows=[23] | cols=[8] | col_header=False | row_header=False | metadata=False
Cell J24 | value='3182.52' | fill=9 | rows=[23] | cols=[9] | col_header=False | row_header=False | metadata=False
Cell K24 | value='2693.71' | fill=9 | rows=[23] | cols=[10] | col_header=False | row_header=False | metadata=False
Cell L24 | value='8584.08' | fill=9 | rows=[23] | cols=[11] | col_header=False | row_header=False | metadata=False
Cell M24 | value='8885.97' | fill=9 | rows=[23] | cols=[12] | col_header=False | row_header=False | metadata=False
Cell N24 | value='5089.81' | fill=9 | rows=[23] | cols=[13] | col_header=False | row_header=False | metadata=False
Cell O24 | value='3617.37' | fill=9 | rows=[23] | cols=[14] | col_header=False | row_header=False | metadata=False
Cell P24 | value='2101.83' | fill=9 | rows=[23] | cols=[15] | col_header=False | row_header=False | metadata=False
Cell Q24 | value='1531.88' | fill=9 | rows=[23] | cols=[16] | col_header=False | row_header=False | metadata=False
Cell R24 | value='1623.98' | fill=9 | rows=[23] | cols=[17] | col_header=False | row_header=False | metadata=False
Cell S24 | value='4098.27' | fill=9 | rows=[23] | cols=[18] | col_header=False | row_header=False | metadata=False
Cell T24 | value='57192.23' | fill=9 | rows=[23] | cols=[19] | col_header=False | row_header=False | metadata=False
Cell U24 | value='49547.08' | fill=9 | rows=[23] | cols=[20] | col_header=False | row_header=False | metadata=False
Cell A25 | value='Art & Antiques' | fill=9 | rows=[24] | cols=[0] | col_header=False | row_header=False | metadata=False
Cell B25 | value='1606.01538489295' | fill=9 | rows=[24] | cols=[1] | col_header=False | row_header=False | metadata=False
Cell C25 | value='1612.39656033451' | fill=9 | rows=[24] | cols=[2] | col_header=False | row_header=False | metadata=False
Cell D25 | value='2185.8831451195' | fill=9 | rows=[24] | cols=[3] | col_header=False | row_header=False | metadata=False
Cell E25 | value='2060.99031947277' | fill=9 | rows=[24] | cols=[4] | col_header=False | row_header=False | metadata=False
Cell F25 | value='2303.15880188329' | fill=9 | rows=[24] | cols=[5] | col_header=False | row_header=False | metadata=False
Cell G25 | value='2290.48986910912' | fill=9 | rows=[24] | cols=[6] | col_header=False | row_header=False | metadata=False
Cell H25 | value='887.75947528178' | fill=9 | rows=[24] | cols=[7] | col_header=False | row_header=False | metadata=False
Cell I25 | value='816.934176687177' | fill=9 | rows=[24] | cols=[8] | col_header=False | row_header=False | metadata=False
Cell J25 | value='2574.77554663561' | fill=9 | rows=[24] | cols=[9] | col_header=False | row_header=False | metadata=False
Cell K25 | value='2541.1737714501' | fill=9 | rows=[24] | cols=[10] | col_header=False | row_header=False | metadata=False
Cell L25 | value='2944.94839632146' | fill=9 | rows=[24] | cols=[11] | col_header=False | row_header=False | metadata=False
Cell M25 | value='3106.14493630463' | fill=9 | rows=[24] | cols=[12] | col_header=False | row_header=False | metadata=False
Cell N25 | value='1948.21310395494' | fill=9 | rows=[24] | cols=[13] | col_header=False | row_header=False | metadata=False
Cell O25 | value='2120.68449108655' | fill=9 | rows=[24] | cols=[14] | col_header=False | row_header=False | metadata=False
Cell P25 | value='1686.82204912756' | fill=9 | rows=[24] | cols=[15] | col_header=False | row_header=False | metadata=False
Cell Q25 | value='1787.52677056676' | fill=9 | rows=[24] | cols=[16] | col_header=False | row_header=False | metadata=False
Cell R25 | value='1885.13432239413' | fill=9 | rows=[24] | cols=[17] | col_header=False | row_header=False | metadata=False
Cell S25 | value='1924.44178823346' | fill=9 | rows=[24] | cols=[18] | col_header=False | row_header=False | metadata=False
Cell T25 | value='18022.7102256112' | fill=9 | rows=[24] | cols=[19] | col_header=False | row_header=False | metadata=False
Cell U25 | value='18260.7826832451' | fill=9 | rows=[24] | cols=[20] | col_header=False | row_header=False | metadata=False
Cell A26 | value='Designer Fashion' | fill=9 | rows=[25] | cols=[0] | col_header=False | row_header=False | metadata=False
Cell B26 | value='3077.505' | fill=9 | rows=[25] | cols=[1] | col_header=False | row_header=False | metadata=False
Cell C26 | value='1192.785' | fill=9 | rows=[25] | cols=[2] | col_header=False | row_header=False | metadata=False
Cell D26 | value='1753.7' | fill=9 | rows=[25] | cols=[3] | col_header=False | row_header=False | metadata=False
Cell E26 | value='1354.155' | fill=9 | rows=[25] | cols=[4] | col_header=False | row_header=False | metadata=False
Cell F26 | value='4324.38' | fill=9 | rows=[25] | cols=[5] | col_header=False | row_header=False | metadata=False
Cell G26 | value='4639.54' | fill=9 | rows=[25] | cols=[6] | col_header=False | row_header=False | metadata=False
Cell H26 | value='318.92' | fill=9 | rows=[25] | cols=[7] | col_header=False | row_header=False | metadata=False
Cell I26 | value='414.33' | fill=9 | rows=[25] | cols=[8] | col_header=False | row_header=False | metadata=False
Cell J26 | value='1597.795' | fill=9 | rows=[25] | cols=[9] | col_header=False | row_header=False | metadata=False
Cell K26 | value='1842.875' | fill=9 | rows=[25] | cols=[10] | col_header=False | row_header=False | metadata=False
Cell L26 | value='1911.86' | fill=9 | rows=[25] | cols=[11] | col_header=False | row_header=False | metadata=False
Cell M26 | value='2666.145' | fill=9 | rows=[25] | cols=[12] | col_header=False | row_header=False | metadata=False
Cell N26 | value='823.735' | fill=9 | rows=[25] | cols=[13] | col_header=False | row_header=False | metadata=False
Cell O26 | value='1484.295' | fill=9 | rows=[25] | cols=[14] | col_header=False | row_header=False | metadata=False
Cell P26 | value='1347.92' | fill=9 | rows=[25] | cols=[15] | col_header=False | row_header=False | metadata=False
Cell Q26 | value='1140.53' | fill=9 | rows=[25] | cols=[16] | col_header=False | row_header=False | metadata=False
Cell R26 | value='1191.445' | fill=9 | rows=[25] | cols=[17] | col_header=False | row_header=False | metadata=False
Cell S26 | value='904.53' | fill=9 | rows=[25] | cols=[18] | col_header=False | row_header=False | metadata=False
Cell T26 | value='17396.9' | fill=9 | rows=[25] | cols=[19] | col_header=False | row_header=False | metadata=False
Cell U26 | value='17217.85' | fill=9 | rows=[25] | cols=[20] | col_header=False | row_header=False | metadata=False
Cell A27 | value='Music & the Visual & Performing Arts' | fill=9 | rows=[26] | cols=[0] | col_header=False | row_header=False | metadata=False
Cell B27 | value='8702.85' | fill=9 | rows=[26] | cols=[1] | col_header=False | row_header=False | metadata=False
Cell C27 | value='6390.94' | fill=9 | rows=[26] | cols=[2] | col_header=False | row_header=False | metadata=False
Cell D27 | value='12236.2' | fill=9 | rows=[26] | cols=[3] | col_header=False | row_header=False | metadata=False
Cell E27 | value='15211.35' | fill=9 | rows=[26] | cols=[4] | col_header=False | row_header=False | metadata=False
Cell F27 | value='63758.48' | fill=9 | rows=[26] | cols=[5] | col_header=False | row_header=False | metadata=False
Cell G27 | value='73017.95' | fill=9 | rows=[26] | cols=[6] | col_header=False | row_header=False | metadata=False
Cell H27 | value='4903.03' | fill=9 | rows=[26] | cols=[7] | col_header=False | row_header=False | metadata=False
Cell I27 | value='5822.66' | fill=9 | rows=[26] | cols=[8] | col_header=False | row_header=False | metadata=False
Cell J27 | value='12698.59' | fill=9 | rows=[26] | cols=[9] | col_header=False | row_header=False | metadata=False
Cell K27 | value='17444.98' | fill=9 | rows=[26] | cols=[10] | col_header=False | row_header=False | metadata=False
Cell L27 | value='28863.43' | fill=9 | rows=[26] | cols=[11] | col_header=False | row_header=False | metadata=False
Cell M27 | value='28772.09' | fill=9 | rows=[26] | cols=[12] | col_header=False | row_header=False | metadata=False
Cell N27 | value='18800.01' | fill=9 | rows=[26] | cols=[13] | col_header=False | row_header=False | metadata=False
Cell O27 | value='16936.36' | fill=9 | rows=[26] | cols=[14] | col_header=False | row_header=False | metadata=False
Cell P27 | value='7784.43' | fill=9 | rows=[26] | cols=[15] | col_header=False | row_header=False | metadata=False
Cell Q27 | value='9140.45' | fill=9 | rows=[26] | cols=[16] | col_header=False | row_header=False | metadata=False
Cell R27 | value='12036.42' | fill=9 | rows=[26] | cols=[17] | col_header=False | row_header=False | metadata=False
Cell S27 | value='13994.85' | fill=9 | rows=[26] | cols=[18] | col_header=False | row_header=False | metadata=False
Cell T27 | value='172585.69' | fill=9 | rows=[26] | cols=[19] | col_header=False | row_header=False | metadata=False
Cell U27 | value='189158.06' | fill=9 | rows=[26] | cols=[20] | col_header=False | row_header=False | metadata=False
Cell A29 | value='Total' | fill=FF00B050 | rows=[28] | cols=[0] | col_header=False | row_header=True | metadata=False
Cell B29 | value='87842.8603848929' | fill=9 | rows=[28] | cols=[1] | col_header=False | row_header=False | metadata=False
Cell C29 | value='85406.0615603345' | fill=9 | rows=[28] | cols=[2] | col_header=False | row_header=False | metadata=False
Cell D29 | value='138251.413145119' | fill=9 | rows=[28] | cols=[3] | col_header=False | row_header=False | metadata=False
Cell E29 | value='133419.725319473' | fill=9 | rows=[28] | cols=[4] | col_header=False | row_header=False | metadata=False
Cell F29 | value='451787.868801883' | fill=9 | rows=[28] | cols=[5] | col_header=False | row_header=False | metadata=False
Cell G29 | value='458666.999869109' | fill=9 | rows=[28] | cols=[6] | col_header=False | row_header=False | metadata=False
Cell H29 | value='44162.5694752818' | fill=9 | rows=[28] | cols=[7] | col_header=False | row_header=False | metadata=False
Cell I29 | value='42607.4541766872' | fill=9 | rows=[28] | cols=[8] | col_header=False | row_header=False | metadata=False
Cell J29 | value='145026.400546636' | fill=9 | rows=[28] | cols=[9] | col_header=False | row_header=False | metadata=False
Cell K29 | value='141727.35877145' | fill=9 | rows=[28] | cols=[10] | col_header=False | row_header=False | metadata=False
Cell L29 | value='251488.008396321' | fill=9 | rows=[28] | cols=[11] | col_header=False | row_header=False | metadata=False
Cell M29 | value='257285.339936305' | fill=9 | rows=[28] | cols=[12] | col_header=False | row_header=False | metadata=False
Cell N29 | value='138208.098103955' | fill=9 | rows=[28] | cols=[13] | col_header=False | row_header=False | metadata=False
Cell O29 | value='137847.909491087' | fill=9 | rows=[28] | cols=[14] | col_header=False | row_header=False | metadata=False
Cell P29 | value='101333.832049128' | fill=9 | rows=[28] | cols=[15] | col_header=False | row_header=False | metadata=False
Cell Q29 | value='105814.326770567' | fill=9 | rows=[28] | cols=[16] | col_header=False | row_header=False | metadata=False
Cell R29 | value='108000.339322394' | fill=9 | rows=[28] | cols=[17] | col_header=False | row_header=False | metadata=False
Cell S29 | value='109834.851788233' | fill=9 | rows=[28] | cols=[18] | col_header=False | row_header=False | metadata=False
Cell T29 | value='1479380.78022561' | fill=9 | rows=[28] | cols=[19] | col_header=False | row_header=False | metadata=False
Cell U29 | value='1487726.41268325' | fill=9 | rows=[28] | cols=[20] | col_header=False | row_header=False | metadata=False

