=== economy-table102.xlsx ===
Cell A1 | value='Table 1: Businesses engaging in innovation activity, by type of activity, 2018 to 2020' | fill=FF00B0F0 | rows=[0] | cols=[0] | col_header=True | row_header=True | metadata=True
Cell A3 | value='Cells in some rows have been left blank. This occurs where the start of the row indicates the employment size group, country or English region or Industrial information / Sector to which data in the rows following refer.' | fill=FF00B0F0 | rows=[2] | cols=[0] | col_header=False | row_header=False | metadata=True
Cell A4 | value='Freeze panes are turned on. To turn off, select 'View' ribbon then 'Freeze panes', then 'Unfreeze panes' or use (Alt,W,F).' | fill=FF00B0F0 | rows=[3] | cols=[0] | col_header=False | row_header=False | metadata=True
Cell N5 | value='Contents!A1' | fill=00000000 | rows=[4] | cols=[13] | col_header=False | row_header=False | metadata=False
Cell O5 | value='Contents!A1' | fill=00000000 | rows=[4] | cols=[14] | col_header=False | row_header=False | metadata=False
Cell P5 | value='Contents!A1' | fill=00000000 | rows=[4] | cols=[15] | col_header=False | row_header=False | metadata=False
Cell Q5 | value='Contents!A1' | fill=00000000 | rows=[4] | cols=[16] | col_header=False | row_header=False | metadata=False
Cell R5 | value='Contents!A1' | fill=00000000 | rows=[4] | cols=[17] | col_header=False | row_header=False | metadata=False
Cell A6 | value='Employment size, Country / English region, Industrial information / Sampling sector' | fill=FFFFFF00 | rows=[5] | cols=[0] | col_header=True | row_header=False | metadata=False
Cell B6 | value='Innovation active (percentage)' | fill=00000000 | rows=[5] | cols=[1] | col_header=False | row_header=False | metadata=False
Cell C6 | value='Broader innovator (percentage)' | fill=00000000 | rows=[5] | cols=[2] | col_header=False | row_header=False | metadata=False
Cell D6 | value='Wider innovator (percentage)' | fill=00000000 | rows=[5] | cols=[3] | col_header=False | row_header=False | metadata=False
Cell E6 | value='Undertaking innovation activities (percentage)' | fill=00000000 | rows=[5] | cols=[4] | col_header=False | row_header=False | metadata=False
Cell F6 | value='Product innovator (percentage)' | fill=00000000 | rows=[5] | cols=[5] | col_header=False | row_header=False | metadata=False
Cell G6 | value='Process innovator (percentage)' | fill=00000000 | rows=[5] | cols=[6] | col_header=False | row_header=False | metadata=False
Cell H6 | value='Abandoned activities (percentage)' | fill=00000000 | rows=[5] | cols=[7] | col_header=False | row_header=False | metadata=False
Cell I6 | value='On-going activities (percentage)' | fill=00000000 | rows=[5] | cols=[8] | col_header=False | row_header=False | metadata=False
Cell J6 | value='Scaled back (percentage)' | fill=00000000 | rows=[5] | cols=[9] | col_header=False | row_header=False | metadata=False
Cell K6 | value='Both product AND process innovator (percentage)' | fill=00000000 | rows=[5] | cols=[10] | col_header=False | row_header=False | metadata=False
Cell L6 | value='Either product OR process innovator (percentage)' | fill=00000000 | rows=[5] | cols=[11] | col_header=False | row_header=False | metadata=False
Cell A7 | value='All' | fill=00000000 | rows=[6] | cols=[0] | col_header=False | row_header=False | metadata=False
Cell B7 | value='44.9' | fill=00000000 | rows=[6] | cols=[1] | col_header=False | row_header=False | metadata=False
Cell C7 | value='46.2' | fill=00000000 | rows=[6] | cols=[2] | col_header=False | row_header=False | metadata=False
Cell D7 | value='34.1' | fill=00000000 | rows=[6] | cols=[3] | col_header=False | row_header=False | metadata=False
Cell E7 | value='42.5' | fill=00000000 | rows=[6] | cols=[4] | col_header=False | row_header=False | metadata=False
Cell F7 | value='20.5' | fill=00000000 | rows=[6] | cols=[5] | col_header=False | row_header=False | metadata=False
Cell G7 | value='16.2' | fill=00000000 | rows=[6] | cols=[6] | col_header=False | row_header=False | metadata=False
Cell H7 | value='3.2' | fill=00000000 | rows=[6] | cols=[7] | col_header=False | row_header=False | metadata=False
Cell I7 | value='9.7' | fill=00000000 | rows=[6] | cols=[8] | col_header=False | row_header=False | metadata=False
Cell J7 | value='5.4' | fill=00000000 | rows=[6] | cols=[9] | col_header=False | row_header=False | metadata=False
Cell K7 | value='10.8' | fill=00000000 | rows=[6] | cols=[10] | col_header=False | row_header=False | metadata=False
Cell L7 | value='26' | fill=00000000 | rows=[6] | cols=[11] | col_header=False | row_header=False | metadata=False
Cell A8 | value='Employment size group' | fill=00000000 | rows=[7] | cols=[0] | col_header=False | row_header=False | metadata=False
Cell A9 | value='10 to 49' | fill=00000000 | rows=[8] | cols=[0] | col_header=False | row_header=False | metadata=False
Cell B9 | value='42.5' | fill=00000000 | rows=[8] | cols=[1] | col_header=False | row_header=False | metadata=False
Cell C9 | value='43.8' | fill=00000000 | rows=[8] | cols=[2] | col_header=False | row_header=False | metadata=False
Cell D9 | value='32.6' | fill=00000000 | rows=[8] | cols=[3] | col_header=False | row_header=False | metadata=False
Cell E9 | value='40.4' | fill=00000000 | rows=[8] | cols=[4] | col_header=False | row_header=False | metadata=False
Cell F9 | value='19.3' | fill=00000000 | rows=[8] | cols=[5] | col_header=False | row_header=False | metadata=False
Cell G9 | value='14.9' | fill=00000000 | rows=[8] | cols=[6] | col_header=False | row_header=False | metadata=False
Cell H9 | value='3' | fill=00000000 | rows=[8] | cols=[7] | col_header=False | row_header=False | metadata=False
Cell I9 | value='8.7' | fill=00000000 | rows=[8] | cols=[8] | col_header=False | row_header=False | metadata=False
Cell J9 | value='5' | fill=00000000 | rows=[8] | cols=[9] | col_header=False | row_header=False | metadata=False
Cell K9 | value='10.1' | fill=00000000 | rows=[8] | cols=[10] | col_header=False | row_header=False | metadata=False
Cell L9 | value='24.2' | fill=00000000 | rows=[8] | cols=[11] | col_header=False | row_header=False | metadata=False
Cell A10 | value='50 to 99' | fill=00000000 | rows=[9] | cols=[0] | col_header=False | row_header=False | metadata=False
Cell B10 | value='55.2' | fill=00000000 | rows=[9] | cols=[1] | col_header=False | row_header=False | metadata=False
Cell C10 | value='56.6' | fill=00000000 | rows=[9] | cols=[2] | col_header=False | row_header=False | metadata=False
Cell D10 | value='41' | fill=00000000 | rows=[9] | cols=[3] | col_header=False | row_header=False | metadata=False
Cell E10 | value='52.2' | fill=00000000 | rows=[9] | cols=[4] | col_header=False | row_header=False | metadata=False
Cell F10 | value='25.5' | fill=00000000 | rows=[9] | cols=[5] | col_header=False | row_header=False | metadata=False
Cell G10 | value='21.4' | fill=00000000 | rows=[9] | cols=[6] | col_header=False | row_header=False | metadata=False
Cell H10 | value='4.4' | fill=00000000 | rows=[9] | cols=[7] | col_header=False | row_header=False | metadata=False
Cell I10 | value='12.8' | fill=00000000 | rows=[9] | cols=[8] | col_header=False | row_header=False | metadata=False
Cell J10 | value='7.2' | fill=00000000 | rows=[9] | cols=[9] | col_header=False | row_header=False | metadata=False
Cell K10 | value='13.2' | fill=00000000 | rows=[9] | cols=[10] | col_header=False | row_header=False | metadata=False
Cell L10 | value='33.8' | fill=00000000 | rows=[9] | cols=[11] | col_header=False | row_header=False | metadata=False
Cell A11 | value='100 to 249' | fill=00000000 | rows=[10] | cols=[0] | col_header=False | row_header=False | metadata=False
Cell B11 | value='56.4' | fill=00000000 | rows=[10] | cols=[1] | col_header=False | row_header=False | metadata=False
Cell C11 | value='57.4' | fill=00000000 | rows=[10] | cols=[2] | col_header=False | row_header=False | metadata=False
Cell D11 | value='40.2' | fill=00000000 | rows=[10] | cols=[3] | col_header=False | row_header=False | metadata=False
Cell E11 | value='52.8' | fill=00000000 | rows=[10] | cols=[4] | col_header=False | row_header=False | metadata=False
Cell F11 | value='25.7' | fill=00000000 | rows=[10] | cols=[5] | col_header=False | row_header=False | metadata=False
Cell G11 | value='22.6' | fill=00000000 | rows=[10] | cols=[6] | col_header=False | row_header=False | metadata=False
Cell H11 | value='3.9' | fill=00000000 | rows=[10] | cols=[7] | col_header=False | row_header=False | metadata=False
Cell I11 | value='16.2' | fill=00000000 | rows=[10] | cols=[8] | col_header=False | row_header=False | metadata=False
Cell J11 | value='7.2' | fill=00000000 | rows=[10] | cols=[9] | col_header=False | row_header=False | metadata=False
Cell K11 | value='14.2' | fill=00000000 | rows=[10] | cols=[10] | col_header=False | row_header=False | metadata=False
Cell L11 | value='34.1' | fill=00000000 | rows=[10] | cols=[11] | col_header=False | row_header=False | metadata=False
Cell A12 | value='Large Businesses (250+)' | fill=00000000 | rows=[11] | cols=[0] | col_header=False | row_header=False | metadata=False
Cell B12 | value='58.3' | fill=00000000 | rows=[11] | cols=[1] | col_header=False | row_header=False | metadata=False
Cell C12 | value='59.7' | fill=00000000 | rows=[11] | cols=[2] | col_header=False | row_header=False | metadata=False
Cell D12 | value='43.5' | fill=00000000 | rows=[11] | cols=[3] | col_header=False | row_header=False | metadata=False
Cell E12 | value='53.8' | fill=00000000 | rows=[11] | cols=[4] | col_header=False | row_header=False | metadata=False
Cell F12 | value='27.3' | fill=00000000 | rows=[11] | cols=[5] | col_header=False | row_header=False | metadata=False
Cell G12 | value='25.6' | fill=00000000 | rows=[11] | cols=[6] | col_header=False | row_header=False | metadata=False
Cell H12 | value='5.1' | fill=00000000 | rows=[11] | cols=[7] | col_header=False | row_header=False | metadata=False
Cell I12 | value='17.7' | fill=00000000 | rows=[11] | cols=[8] | col_header=False | row_header=False | metadata=False
Cell J12 | value='7.7' | fill=00000000 | rows=[11] | cols=[9] | col_header=False | row_header=False | metadata=False
Cell K12 | value='16' | fill=00000000 | rows=[11] | cols=[10] | col_header=False | row_header=False | metadata=False
Cell L12 | value='36.9' | fill=00000000 | rows=[11] | cols=[11] | col_header=False | row_header=False | metadata=False
Cell A13 | value='SMEs (10 to 249)' | fill=00000000 | rows=[12] | cols=[0] | col_header=False | row_header=False | metadata=False
Cell B13 | value='44.4' | fill=00000000 | rows=[12] | cols=[1] | col_header=False | row_header=False | metadata=False
Cell C13 | value='45.7' | fill=00000000 | rows=[12] | cols=[2] | col_header=False | row_header=False | metadata=False
Cell D13 | value='33.8' | fill=00000000 | rows=[12] | cols=[3] | col_header=False | row_header=False | metadata=False
Cell E13 | value='42.2' | fill=00000000 | rows=[12] | cols=[4] | col_header=False | row_header=False | metadata=False
Cell F13 | value='20.3' | fill=00000000 | rows=[12] | cols=[5] | col_header=False | row_header=False | metadata=False
Cell G13 | value='15.9' | fill=00000000 | rows=[12] | cols=[6] | col_header=False | row_header=False | metadata=False
Cell H13 | value='3.2' | fill=00000000 | rows=[12] | cols=[7] | col_header=False | row_header=False | metadata=False
Cell I13 | value='9.5' | fill=00000000 | rows=[12] | cols=[8] | col_header=False | row_header=False | metadata=False
Cell J13 | value='5.4' | fill=00000000 | rows=[12] | cols=[9] | col_header=False | row_header=False | metadata=False
Cell K13 | value='10.6' | fill=00000000 | rows=[12] | cols=[10] | col_header=False | row_header=False | metadata=False
Cell L13 | value='25.6' | fill=00000000 | rows=[12] | cols=[11] | col_header=False | row_header=False | metadata=False
Cell A14 | value='Country' | fill=00000000 | rows=[13] | cols=[0] | col_header=False | row_header=False | metadata=False
Cell A15 | value='England' | fill=00000000 | rows=[14] | cols=[0] | col_header=False | row_header=False | metadata=False
Cell B15 | value='45.7' | fill=00000000 | rows=[14] | cols=[1] | col_header=False | row_header=False | metadata=False
Cell C15 | value='46.9' | fill=00000000 | rows=[14] | cols=[2] | col_header=False | row_header=False | metadata=False
Cell D15 | value='34.8' | fill=00000000 | rows=[14] | cols=[3] | col_header=False | row_header=False | metadata=False
Cell E15 | value='43.1' | fill=00000000 | rows=[14] | cols=[4] | col_header=False | row_header=False | metadata=False
Cell F15 | value='21' | fill=00000000 | rows=[14] | cols=[5] | col_header=False | row_header=False | metadata=False
Cell G15 | value='16.7' | fill=00000000 | rows=[14] | cols=[6] | col_header=False | row_header=False | metadata=False
Cell H15 | value='3.4' | fill=00000000 | rows=[14] | cols=[7] | col_header=False | row_header=False | metadata=False
Cell I15 | value='9.9' | fill=00000000 | rows=[14] | cols=[8] | col_header=False | row_header=False | metadata=False
Cell J15 | value='5.6' | fill=00000000 | rows=[14] | cols=[9] | col_header=False | row_header=False | metadata=False
Cell K15 | value='11.1' | fill=00000000 | rows=[14] | cols=[10] | col_header=False | row_header=False | metadata=False
Cell L15 | value='26.6' | fill=00000000 | rows=[14] | cols=[11] | col_header=False | row_header=False | metadata=False
Cell A16 | value='Wales' | fill=00000000 | rows=[15] | cols=[0] | col_header=False | row_header=False | metadata=False
Cell B16 | value='43.5' | fill=00000000 | rows=[15] | cols=[1] | col_header=False | row_header=False | metadata=False
Cell C16 | value='45.1' | fill=00000000 | rows=[15] | cols=[2] | col_header=False | row_header=False | metadata=False
Cell D16 | value='32.2' | fill=00000000 | rows=[15] | cols=[3] | col_header=False | row_header=False | metadata=False
Cell E16 | value='42.4' | fill=00000000 | rows=[15] | cols=[4] | col_header=False | row_header=False | metadata=False
Cell F16 | value='19.8' | fill=00000000 | rows=[15] | cols=[5] | col_header=False | row_header=False | metadata=False
Cell G16 | value='14' | fill=00000000 | rows=[15] | cols=[6] | col_header=False | row_header=False | metadata=False
Cell H16 | value='2.4' | fill=00000000 | rows=[15] | cols=[7] | col_header=False | row_header=False | metadata=False
Cell I16 | value='9.4' | fill=00000000 | rows=[15] | cols=[8] | col_header=False | row_header=False | metadata=False
Cell J16 | value='4.2' | fill=00000000 | rows=[15] | cols=[9] | col_header=False | row_header=False | metadata=False
Cell K16 | value='8.8' | fill=00000000 | rows=[15] | cols=[10] | col_header=False | row_header=False | metadata=False
Cell L16 | value='25' | fill=00000000 | rows=[15] | cols=[11] | col_header=False | row_header=False | metadata=False
Cell A17 | value='Scotland' | fill=00000000 | rows=[16] | cols=[0] | col_header=False | row_header=False | metadata=False
Cell B17 | value='39' | fill=00000000 | rows=[16] | cols=[1] | col_header=False | row_header=False | metadata=False
Cell C17 | value='40.8' | fill=00000000 | rows=[16] | cols=[2] | col_header=False | row_header=False | metadata=False
Cell D17 | value='29.1' | fill=00000000 | rows=[16] | cols=[3] | col_header=False | row_header=False | metadata=False
Cell E17 | value='38.1' | fill=00000000 | rows=[16] | cols=[4] | col_header=False | row_header=False | metadata=False
Cell F17 | value='16.8' | fill=00000000 | rows=[16] | cols=[5] | col_header=False | row_header=False | metadata=False
Cell G17 | value='13.3' | fill=00000000 | rows=[16] | cols=[6] | col_header=False | row_header=False | metadata=False
Cell H17 | value='2.2' | fill=00000000 | rows=[16] | cols=[7] | col_header=False | row_header=False | metadata=False
Cell I17 | value='8.2' | fill=00000000 | rows=[16] | cols=[8] | col_header=False | row_header=False | metadata=False
Cell J17 | value='4.2' | fill=00000000 | rows=[16] | cols=[9] | col_header=False | row_header=False | metadata=False
Cell K17 | value='8.3' | fill=00000000 | rows=[16] | cols=[10] | col_header=False | row_header=False | metadata=False
Cell L17 | value='21.7' | fill=00000000 | rows=[16] | cols=[11] | col_header=False | row_header=False | metadata=False
Cell A18 | value='Northern Ireland' | fill=00000000 | rows=[17] | cols=[0] | col_header=False | row_header=False | metadata=False
Cell B18 | value='38.4' | fill=00000000 | rows=[17] | cols=[1] | col_header=False | row_header=False | metadata=False
Cell C18 | value='39.9' | fill=00000000 | rows=[17] | cols=[2] | col_header=False | row_header=False | metadata=False
Cell D18 | value='27.7' | fill=00000000 | rows=[17] | cols=[3] | col_header=False | row_header=False | metadata=False
Cell E18 | value='36.7' | fill=00000000 | rows=[17] | cols=[4] | col_header=False | row_header=False | metadata=False
Cell F18 | value='15.3' | fill=00000000 | rows=[17] | cols=[5] | col_header=False | row_header=False | metadata=False
Cell G18 | value='13.8' | fill=00000000 | rows=[17] | cols=[6] | col_header=False | row_header=False | metadata=False
Cell H18 | value='3' | fill=00000000 | rows=[17] | cols=[7] | col_header=False | row_header=False | metadata=False
Cell I18 | value='9' | fill=00000000 | rows=[17] | cols=[8] | col_header=False | row_header=False | metadata=False
Cell J18 | value='3.9' | fill=00000000 | rows=[17] | cols=[9] | col_header=False | row_header=False | metadata=False
Cell K18 | value='8.2' | fill=00000000 | rows=[17] | cols=[10] | col_header=False | row_header=False | metadata=False
Cell L18 | value='20.9' | fill=00000000 | rows=[17] | cols=[11] | col_header=False | row_header=False | metadata=False
Cell A19 | value='English Region' | fill=00000000 | rows=[18] | cols=[0] | col_header=False | row_header=False | metadata=False
Cell A20 | value='North East' | fill=00000000 | rows=[19] | cols=[0] | col_header=False | row_header=False | metadata=False
Cell B20 | value='39.6' | fill=00000000 | rows=[19] | cols=[1] | col_header=False | row_header=False | metadata=False
Cell C20 | value='39.9' | fill=00000000 | rows=[19] | cols=[2] | col_header=False | row_header=False | metadata=False
Cell D20 | value='33.1' | fill=00000000 | rows=[19] | cols=[3] | col_header=False | row_header=False | metadata=False
Cell E20 | value='37.5' | fill=00000000 | rows=[19] | cols=[4] | col_header=False | row_header=False | metadata=False
Cell F20 | value='15.9' | fill=00000000 | rows=[19] | cols=[5] | col_header=False | row_header=False | metadata=False
Cell G20 | value='17.1' | fill=00000000 | rows=[19] | cols=[6] | col_header=False | row_header=False | metadata=False
Cell H20 | value='2.3' | fill=00000000 | rows=[19] | cols=[7] | col_header=False | row_header=False | metadata=False
Cell I20 | value='9.1' | fill=00000000 | rows=[19] | cols=[8] | col_header=False | row_header=False | metadata=False
Cell J20 | value='3' | fill=00000000 | rows=[19] | cols=[9] | col_header=False | row_header=False | metadata=False
Cell K20 | value='12' | fill=00000000 | rows=[19] | cols=[10] | col_header=False | row_header=False | metadata=False
Cell L20 | value='21' | fill=00000000 | rows=[19] | cols=[11] | col_header=False | row_header=False | metadata=False
Cell A21 | value='North West' | fill=00000000 | rows=[20] | cols=[0] | col_header=False | row_header=False | metadata=False
Cell B21 | value='44.8' | fill=00000000 | rows=[20] | cols=[1] | col_header=False | row_header=False | metadata=False
Cell C21 | value='45.7' | fill=00000000 | rows=[20] | cols=[2] | col_header=False | row_header=False | metadata=False
Cell D21 | value='34.4' | fill=00000000 | rows=[20] | cols=[3] | col_header=False | row_header=False | metadata=False
Cell E21 | value='41.3' | fill=00000000 | rows=[20] | cols=[4] | col_header=False | row_header=False | metadata=False
Cell F21 | value='18.5' | fill=00000000 | rows=[20] | cols=[5] | col_header=False | row_header=False | metadata=False
Cell G21 | value='15.3' | fill=00000000 | rows=[20] | cols=[6] | col_header=False | row_header=False | metadata=False
Cell H21 | value='2.4' | fill=00000000 | rows=[20] | cols=[7] | col_header=False | row_header=False | metadata=False
Cell I21 | value='8.7' | fill=00000000 | rows=[20] | cols=[8] | col_header=False | row_header=False | metadata=False
Cell J21 | value='6.5' | fill=00000000 | rows=[20] | cols=[9] | col_header=False | row_header=False | metadata=False
Cell K21 | value='9.6' | fill=00000000 | rows=[20] | cols=[10] | col_header=False | row_header=False | metadata=False
Cell L21 | value='24.3' | fill=00000000 | rows=[20] | cols=[11] | col_header=False | row_header=False | metadata=False
Cell A22 | value='Yorkshire and The Humber' | fill=00000000 | rows=[21] | cols=[0] | col_header=False | row_header=False | metadata=False
Cell B22 | value='48.2' | fill=00000000 | rows=[21] | cols=[1] | col_header=False | row_header=False | metadata=False
Cell C22 | value='49.7' | fill=00000000 | rows=[21] | cols=[2] | col_header=False | row_header=False | metadata=False
Cell D22 | value='36.8' | fill=00000000 | rows=[21] | cols=[3] | col_header=False | row_header=False | metadata=False
Cell E22 | value='47.6' | fill=00000000 | rows=[21] | cols=[4] | col_header=False | row_header=False | metadata=False
Cell F22 | value='21.5' | fill=00000000 | rows=[21] | cols=[5] | col_header=False | row_header=False | metadata=False
Cell G22 | value='19' | fill=00000000 | rows=[21] | cols=[6] | col_header=False | row_header=False | metadata=False
Cell H22 | value='4.4' | fill=00000000 | rows=[21] | cols=[7] | col_header=False | row_header=False | metadata=False
Cell I22 | value='10.1' | fill=00000000 | rows=[21] | cols=[8] | col_header=False | row_header=False | metadata=False
Cell J22 | value='9' | fill=00000000 | rows=[21] | cols=[9] | col_header=False | row_header=False | metadata=False
Cell K22 | value='12.6' | fill=00000000 | rows=[21] | cols=[10] | col_header=False | row_header=False | metadata=False
Cell L22 | value='27.9' | fill=00000000 | rows=[21] | cols=[11] | col_header=False | row_header=False | metadata=False
Cell A23 | value='East Midlands' | fill=00000000 | rows=[22] | cols=[0] | col_header=False | row_header=False | metadata=False
Cell B23 | value='46.8' | fill=00000000 | rows=[22] | cols=[1] | col_header=False | row_header=False | metadata=False
Cell C23 | value='48.4' | fill=00000000 | rows=[22] | cols=[2] | col_header=False | row_header=False | metadata=False
Cell D23 | value='33.5' | fill=00000000 | rows=[22] | cols=[3] | col_header=False | row_header=False | metadata=False
Cell E23 | value='45' | fill=00000000 | rows=[22] | cols=[4] | col_header=False | row_header=False | metadata=False
Cell F23 | value='22.6' | fill=00000000 | rows=[22] | cols=[5] | col_header=False | row_header=False | metadata=False
Cell G23 | value='16.8' | fill=00000000 | rows=[22] | cols=[6] | col_header=False | row_header=False | metadata=False
Cell H23 | value='3.7' | fill=00000000 | rows=[22] | cols=[7] | col_header=False | row_header=False | metadata=False
Cell I23 | value='10.4' | fill=00000000 | rows=[22] | cols=[8] | col_header=False | row_header=False | metadata=False
Cell J23 | value='5.6' | fill=00000000 | rows=[22] | cols=[9] | col_header=False | row_header=False | metadata=False
Cell K23 | value='11.8' | fill=00000000 | rows=[22] | cols=[10] | col_header=False | row_header=False | metadata=False
Cell L23 | value='27.7' | fill=00000000 | rows=[22] | cols=[11] | col_header=False | row_header=False | metadata=False
Cell A24 | value='West Midlands' | fill=00000000 | rows=[23] | cols=[0] | col_header=False | row_header=False | metadata=False
Cell B24 | value='48.6' | fill=00000000 | rows=[23] | cols=[1] | col_header=False | row_header=False | metadata=False
Cell C24 | value='49.2' | fill=00000000 | rows=[23] | cols=[2] | col_header=False | row_header=False | metadata=False
Cell D24 | value='35.6' | fill=00000000 | rows=[23] | cols=[3] | col_header=False | row_header=False | metadata=False
Cell E24 | value='46.9' | fill=00000000 | rows=[23] | cols=[4] | col_header=False | row_header=False | metadata=False
Cell F24 | value='20.2' | fill=00000000 | rows=[23] | cols=[5] | col_header=False | row_header=False | metadata=False
Cell G24 | value='18.3' | fill=00000000 | rows=[23] | cols=[6] | col_header=False | row_header=False | metadata=False
Cell H24 | value='2.2' | fill=00000000 | rows=[23] | cols=[7] | col_header=False | row_header=False | metadata=False
Cell I24 | value='10.4' | fill=00000000 | rows=[23] | cols=[8] | col_header=False | row_header=False | metadata=False
Cell J24 | value='4.6' | fill=00000000 | rows=[23] | cols=[9] | col_header=False | row_header=False | metadata=False
Cell K24 | value='10.2' | fill=00000000 | rows=[23] | cols=[10] | col_header=False | row_header=False | metadata=False
Cell L24 | value='28.3' | fill=00000000 | rows=[23] | cols=[11] | col_header=False | row_header=False | metadata=False
Cell A25 | value='East of England' | fill=00000000 | rows=[24] | cols=[0] | col_header=False | row_header=False | metadata=False
Cell B25 | value='50.5' | fill=00000000 | rows=[24] | cols=[1] | col_header=False | row_header=False | metadata=False
Cell C25 | value='51.6' | fill=00000000 | rows=[24] | cols=[2] | col_header=False | row_header=False | metadata=False
Cell D25 | value='38.4' | fill=00000000 | rows=[24] | cols=[3] | col_header=False | row_header=False | metadata=False
Cell E25 | value='46.4' | fill=00000000 | rows=[24] | cols=[4] | col_header=False | row_header=False | metadata=False
Cell F25 | value='23.8' | fill=00000000 | rows=[24] | cols=[5] | col_header=False | row_header=False | metadata=False
Cell G25 | value='16.5' | fill=00000000 | rows=[24] | cols=[6] | col_header=False | row_header=False | metadata=False
Cell H25 | value='4.7' | fill=00000000 | rows=[24] | cols=[7] | col_header=False | row_header=False | metadata=False
Cell I25 | value='9.2' | fill=00000000 | rows=[24] | cols=[8] | col_header=False | row_header=False | metadata=False
Cell J25 | value='7.1' | fill=00000000 | rows=[24] | cols=[9] | col_header=False | row_header=False | metadata=False
Cell K25 | value='11.5' | fill=00000000 | rows=[24] | cols=[10] | col_header=False | row_header=False | metadata=False
Cell L25 | value='28.8' | fill=00000000 | rows=[24] | cols=[11] | col_header=False | row_header=False | metadata=False
Cell A26 | value='London' | fill=00000000 | rows=[25] | cols=[0] | col_header=False | row_header=False | metadata=False
Cell B26 | value='41.6' | fill=00000000 | rows=[25] | cols=[1] | col_header=False | row_header=False | metadata=False
Cell C26 | value='43.2' | fill=00000000 | rows=[25] | cols=[2] | col_header=False | row_header=False | metadata=False
Cell D26 | value='32.7' | fill=00000000 | rows=[25] | cols=[3] | col_header=False | row_header=False | metadata=False
Cell E26 | value='38.6' | fill=00000000 | rows=[25] | cols=[4] | col_header=False | row_header=False | metadata=False
Cell F26 | value='20.2' | fill=00000000 | rows=[25] | cols=[5] | col_header=False | row_header=False | metadata=False
Cell G26 | value='15.5' | fill=00000000 | rows=[25] | cols=[6] | col_header=False | row_header=False | metadata=False
Cell H26 | value='2.6' | fill=00000000 | rows=[25] | cols=[7] | col_header=False | row_header=False | metadata=False
Cell I26 | value='10' | fill=00000000 | rows=[25] | cols=[8] | col_header=False | row_header=False | metadata=False
Cell J26 | value='4.5' | fill=00000000 | rows=[25] | cols=[9] | col_header=False | row_header=False | metadata=False
Cell K26 | value='10.9' | fill=00000000 | rows=[25] | cols=[10] | col_header=False | row_header=False | metadata=False
Cell L26 | value='24.7' | fill=00000000 | rows=[25] | cols=[11] | col_header=False | row_header=False | metadata=False
Cell A27 | value='South East' | fill=00000000 | rows=[26] | cols=[0] | col_header=False | row_header=False | metadata=False
Cell B27 | value='45.7' | fill=00000000 | rows=[26] | cols=[1] | col_header=False | row_header=False | metadata=False
Cell C27 | value='47.2' | fill=00000000 | rows=[26] | cols=[2] | col_header=False | row_header=False | metadata=False
Cell D27 | value='34.7' | fill=00000000 | rows=[26] | cols=[3] | col_header=False | row_header=False | metadata=False
Cell E27 | value='42.9' | fill=00000000 | rows=[26] | cols=[4] | col_header=False | row_header=False | metadata=False
Cell F27 | value='21.7' | fill=00000000 | rows=[26] | cols=[5] | col_header=False | row_header=False | metadata=False
Cell G27 | value='15.9' | fill=00000000 | rows=[26] | cols=[6] | col_header=False | row_header=False | metadata=False
Cell H27 | value='3.8' | fill=00000000 | rows=[26] | cols=[7] | col_header=False | row_header=False | metadata=False
Cell I27 | value='9.7' | fill=00000000 | rows=[26] | cols=[8] | col_header=False | row_header=False | metadata=False
Cell J27 | value='4.9' | fill=00000000 | rows=[26] | cols=[9] | col_header=False | row_header=False | metadata=False
Cell K27 | value='10.8' | fill=00000000 | rows=[26] | cols=[10] | col_header=False | row_header=False | metadata=False
Cell L27 | value='26.8' | fill=00000000 | rows=[26] | cols=[11] | col_header=False | row_header=False | metadata=False
Cell A28 | value='South West' | fill=00000000 | rows=[27] | cols=[0] | col_header=False | row_header=False | metadata=False
Cell B28 | value='46.5' | fill=00000000 | rows=[27] | cols=[1] | col_header=False | row_header=False | metadata=False
Cell C28 | value='47.2' | fill=00000000 | rows=[27] | cols=[2] | col_header=False | row_header=False | metadata=False
Cell D28 | value='35.3' | fill=00000000 | rows=[27] | cols=[3] | col_header=False | row_header=False | metadata=False
Cell E28 | value='44.2' | fill=00000000 | rows=[27] | cols=[4] | col_header=False | row_header=False | metadata=False
Cell F28 | value='22.7' | fill=00000000 | rows=[27] | cols=[5] | col_header=False | row_header=False | metadata=False
Cell G28 | value='18.3' | fill=00000000 | rows=[27] | cols=[6] | col_header=False | row_header=False | metadata=False
Cell H28 | value='4.1' | fill=00000000 | rows=[27] | cols=[7] | col_header=False | row_header=False | metadata=False
Cell I28 | value='11.5' | fill=00000000 | rows=[27] | cols=[8] | col_header=False | row_header=False | metadata=False
Cell J28 | value='5.4' | fill=00000000 | rows=[27] | cols=[9] | col_header=False | row_header=False | metadata=False
Cell K28 | value='12.4' | fill=00000000 | rows=[27] | cols=[10] | col_header=False | row_header=False | metadata=False
Cell L28 | value='28.6' | fill=00000000 | rows=[27] | cols=[11] | col_header=False | row_header=False | metadata=False
Cell A29 | value='Broad sectors' | fill=00000000 | rows=[28] | cols=[0] | col_header=False | row_header=False | metadata=False
Cell A30 | value='Primary Sector' | fill=00000000 | rows=[29] | cols=[0] | col_header=False | row_header=False | metadata=False
Cell B30 | value='41.6' | fill=00000000 | rows=[29] | cols=[1] | col_header=False | row_header=False | metadata=False
Cell C30 | value='43' | fill=00000000 | rows=[29] | cols=[2] | col_header=False | row_header=False | metadata=False
Cell D30 | value='29.3' | fill=00000000 | rows=[29] | cols=[3] | col_header=False | row_header=False | metadata=False
Cell E30 | value='37.9' | fill=00000000 | rows=[29] | cols=[4] | col_header=False | row_header=False | metadata=False
Cell F30 | value='12.8' | fill=00000000 | rows=[29] | cols=[5] | col_header=False | row_header=False | metadata=False
Cell G30 | value='14.6' | fill=00000000 | rows=[29] | cols=[6] | col_header=False | row_header=False | metadata=False
Cell H30 | value='1.5' | fill=00000000 | rows=[29] | cols=[7] | col_header=False | row_header=False | metadata=False
Cell I30 | value='11.2' | fill=00000000 | rows=[29] | cols=[8] | col_header=False | row_header=False | metadata=False
Cell J30 | value='4.7' | fill=00000000 | rows=[29] | cols=[9] | col_header=False | row_header=False | metadata=False
Cell K30 | value='5.8' | fill=00000000 | rows=[29] | cols=[10] | col_header=False | row_header=False | metadata=False
Cell L30 | value='21.6' | fill=00000000 | rows=[29] | cols=[11] | col_header=False | row_header=False | metadata=False
Cell A31 | value='Engineering-based manufacturing' | fill=00000000 | rows=[30] | cols=[0] | col_header=False | row_header=False | metadata=False
Cell B31 | value='68.5' | fill=00000000 | rows=[30] | cols=[1] | col_header=False | row_header=False | metadata=False
Cell C31 | value='68.9' | fill=00000000 | rows=[30] | cols=[2] | col_header=False | row_header=False | metadata=False
Cell D31 | value='42.8' | fill=00000000 | rows=[30] | cols=[3] | col_header=False | row_header=False | metadata=False
Cell E31 | value='65.6' | fill=00000000 | rows=[30] | cols=[4] | col_header=False | row_header=False | metadata=False
Cell F31 | value='45.3' | fill=00000000 | rows=[30] | cols=[5] | col_header=False | row_header=False | metadata=False
Cell G31 | value='30.5' | fill=00000000 | rows=[30] | cols=[6] | col_header=False | row_header=False | metadata=False
Cell H31 | value='9.3' | fill=00000000 | rows=[30] | cols=[7] | col_header=False | row_header=False | metadata=False
Cell I31 | value='26.5' | fill=00000000 | rows=[30] | cols=[8] | col_header=False | row_header=False | metadata=False
Cell J31 | value='16.3' | fill=00000000 | rows=[30] | cols=[9] | col_header=False | row_header=False | metadata=False
Cell K31 | value='23.4' | fill=00000000 | rows=[30] | cols=[10] | col_header=False | row_header=False | metadata=False
Cell L31 | value='52.4' | fill=00000000 | rows=[30] | cols=[11] | col_header=False | row_header=False | metadata=False
Cell A32 | value='Other manufacturing' | fill=00000000 | rows=[31] | cols=[0] | col_header=False | row_header=False | metadata=False
Cell B32 | value='57.8' | fill=00000000 | rows=[31] | cols=[1] | col_header=False | row_header=False | metadata=False
Cell C32 | value='59.1' | fill=00000000 | rows=[31] | cols=[2] | col_header=False | row_header=False | metadata=False
Cell D32 | value='37.4' | fill=00000000 | rows=[31] | cols=[3] | col_header=False | row_header=False | metadata=False
Cell E32 | value='56.4' | fill=00000000 | rows=[31] | cols=[4] | col_header=False | row_header=False | metadata=False
Cell F32 | value='30.1' | fill=00000000 | rows=[31] | cols=[5] | col_header=False | row_header=False | metadata=False
Cell G32 | value='26' | fill=00000000 | rows=[31] | cols=[6] | col_header=False | row_header=False | metadata=False
Cell H32 | value='4.8' | fill=00000000 | rows=[31] | cols=[7] | col_header=False | row_header=False | metadata=False
Cell I32 | value='14.3' | fill=00000000 | rows=[31] | cols=[8] | col_header=False | row_header=False | metadata=False
Cell J32 | value='7.8' | fill=00000000 | rows=[31] | cols=[9] | col_header=False | row_header=False | metadata=False
Cell K32 | value='18.1' | fill=00000000 | rows=[31] | cols=[10] | col_header=False | row_header=False | metadata=False
Cell L32 | value='38.1' | fill=00000000 | rows=[31] | cols=[11] | col_header=False | row_header=False | metadata=False
Cell A33 | value='Construction' | fill=00000000 | rows=[32] | cols=[0] | col_header=False | row_header=False | metadata=False
Cell B33 | value='41.6' | fill=00000000 | rows=[32] | cols=[1] | col_header=False | row_header=False | metadata=False
Cell C33 | value='44' | fill=00000000 | rows=[32] | cols=[2] | col_header=False | row_header=False | metadata=False
Cell D33 | value='34.2' | fill=00000000 | rows=[32] | cols=[3] | col_header=False | row_header=False | metadata=False
Cell E33 | value='39.2' | fill=00000000 | rows=[32] | cols=[4] | col_header=False | row_header=False | metadata=False
Cell F33 | value='14' | fill=00000000 | rows=[32] | cols=[5] | col_header=False | row_header=False | metadata=False
Cell G33 | value='13.3' | fill=00000000 | rows=[32] | cols=[6] | col_header=False | row_header=False | metadata=False
Cell H33 | value='1.9' | fill=00000000 | rows=[32] | cols=[7] | col_header=False | row_header=False | metadata=False
Cell I33 | value='5.8' | fill=00000000 | rows=[32] | cols=[8] | col_header=False | row_header=False | metadata=False
Cell J33 | value='3.3' | fill=00000000 | rows=[32] | cols=[9] | col_header=False | row_header=False | metadata=False
Cell K33 | value='8.4' | fill=00000000 | rows=[32] | cols=[10] | col_header=False | row_header=False | metadata=False
Cell L33 | value='18.9' | fill=00000000 | rows=[32] | cols=[11] | col_header=False | row_header=False | metadata=False
Cell A34 | value='Retail & distribution' | fill=00000000 | rows=[33] | cols=[0] | col_header=False | row_header=False | metadata=False
Cell B34 | value='42.6' | fill=00000000 | rows=[33] | cols=[1] | col_header=False | row_header=False | metadata=False
Cell C34 | value='44.2' | fill=00000000 | rows=[33] | cols=[2] | col_header=False | row_header=False | metadata=False
Cell D34 | value='33.6' | fill=00000000 | rows=[33] | cols=[3] | col_header=False | row_header=False | metadata=False
Cell E34 | value='41.3' | fill=00000000 | rows=[33] | cols=[4] | col_header=False | row_header=False | metadata=False
Cell F34 | value='18.8' | fill=00000000 | rows=[33] | cols=[5] | col_header=False | row_header=False | metadata=False
Cell G34 | value='14' | fill=00000000 | rows=[33] | cols=[6] | col_header=False | row_header=False | metadata=False
Cell H34 | value='2' | fill=00000000 | rows=[33] | cols=[7] | col_header=False | row_header=False | metadata=False
Cell I34 | value='8.1' | fill=00000000 | rows=[33] | cols=[8] | col_header=False | row_header=False | metadata=False
Cell J34 | value='4.2' | fill=00000000 | rows=[33] | cols=[9] | col_header=False | row_header=False | metadata=False
Cell K34 | value='9.1' | fill=00000000 | rows=[33] | cols=[10] | col_header=False | row_header=False | metadata=False
Cell L34 | value='23.7' | fill=00000000 | rows=[33] | cols=[11] | col_header=False | row_header=False | metadata=False
Cell A35 | value='Knowledge intensive services' | fill=00000000 | rows=[34] | cols=[0] | col_header=False | row_header=False | metadata=False
Cell B35 | value='60.5' | fill=00000000 | rows=[34] | cols=[1] | col_header=False | row_header=False | metadata=False
Cell C35 | value='61.5' | fill=00000000 | rows=[34] | cols=[2] | col_header=False | row_header=False | metadata=False
Cell D35 | value='45.9' | fill=00000000 | rows=[34] | cols=[3] | col_header=False | row_header=False | metadata=False
Cell E35 | value='53.8' | fill=00000000 | rows=[34] | cols=[4] | col_header=False | row_header=False | metadata=False
Cell F35 | value='34.9' | fill=00000000 | rows=[34] | cols=[5] | col_header=False | row_header=False | metadata=False
Cell G35 | value='25.5' | fill=00000000 | rows=[34] | cols=[6] | col_header=False | row_header=False | metadata=False
Cell H35 | value='6.2' | fill=00000000 | rows=[34] | cols=[7] | col_header=False | row_header=False | metadata=False
Cell I35 | value='22.5' | fill=00000000 | rows=[34] | cols=[8] | col_header=False | row_header=False | metadata=False
Cell J35 | value='8.4' | fill=00000000 | rows=[34] | cols=[9] | col_header=False | row_header=False | metadata=False
Cell K35 | value='18.8' | fill=00000000 | rows=[34] | cols=[10] | col_header=False | row_header=False | metadata=False
Cell L35 | value='41.6' | fill=00000000 | rows=[34] | cols=[11] | col_header=False | row_header=False | metadata=False
Cell A36 | value='Other services' | fill=00000000 | rows=[35] | cols=[0] | col_header=False | row_header=False | metadata=False
Cell B36 | value='37.8' | fill=00000000 | rows=[35] | cols=[1] | col_header=False | row_header=False | metadata=False
Cell C36 | value='38.9' | fill=00000000 | rows=[35] | cols=[2] | col_header=False | row_header=False | metadata=False
Cell D36 | value='29.8' | fill=00000000 | rows=[35] | cols=[3] | col_header=False | row_header=False | metadata=False
Cell E36 | value='35.9' | fill=00000000 | rows=[35] | cols=[4] | col_header=False | row_header=False | metadata=False
Cell F36 | value='15' | fill=00000000 | rows=[35] | cols=[5] | col_header=False | row_header=False | metadata=False
Cell G36 | value='12.1' | fill=00000000 | rows=[35] | cols=[6] | col_header=False | row_header=False | metadata=False
Cell H36 | value='2.6' | fill=00000000 | rows=[35] | cols=[7] | col_header=False | row_header=False | metadata=False
Cell I36 | value='5.7' | fill=00000000 | rows=[35] | cols=[8] | col_header=False | row_header=False | metadata=False
Cell J36 | value='4.4' | fill=00000000 | rows=[35] | cols=[9] | col_header=False | row_header=False | metadata=False
Cell K36 | value='7.4' | fill=00000000 | rows=[35] | cols=[10] | col_header=False | row_header=False | metadata=False
Cell L36 | value='19.7' | fill=00000000 | rows=[35] | cols=[11] | col_header=False | row_header=False | metadata=False
Cell A37 | value='Production / construction or distribution / service industry' | fill=00000000 | rows=[36] | cols=[0] | col_header=False | row_header=False | metadata=False
Cell A38 | value='Production and construction industries' | fill=00000000 | rows=[37] | cols=[0] | col_header=False | row_header=False | metadata=False
Cell B38 | value='52' | fill=00000000 | rows=[37] | cols=[1] | col_header=False | row_header=False | metadata=False
Cell C38 | value='53.6' | fill=00000000 | rows=[37] | cols=[2] | col_header=False | row_header=False | metadata=False
Cell D38 | value='36.4' | fill=00000000 | rows=[37] | cols=[3] | col_header=False | row_header=False | metadata=False
Cell E38 | value='50' | fill=00000000 | rows=[37] | cols=[4] | col_header=False | row_header=False | metadata=False
Cell F38 | value='24.8' | fill=00000000 | rows=[37] | cols=[5] | col_header=False | row_header=False | metadata=False
Cell G38 | value='21.1' | fill=00000000 | rows=[37] | cols=[6] | col_header=False | row_header=False | metadata=False
Cell H38 | value='4' | fill=00000000 | rows=[37] | cols=[7] | col_header=False | row_header=False | metadata=False
Cell I38 | value='12.3' | fill=00000000 | rows=[37] | cols=[8] | col_header=False | row_header=False | metadata=False
Cell J38 | value='6.9' | fill=00000000 | rows=[37] | cols=[9] | col_header=False | row_header=False | metadata=False
Cell K38 | value='14.3' | fill=00000000 | rows=[37] | cols=[10] | col_header=False | row_header=False | metadata=False
Cell L38 | value='31.6' | fill=00000000 | rows=[37] | cols=[11] | col_header=False | row_header=False | metadata=False
Cell A39 | value='Distribution and service industries' | fill=00000000 | rows=[38] | cols=[0] | col_header=False | row_header=False | metadata=False
Cell B39 | value='42.6' | fill=00000000 | rows=[38] | cols=[1] | col_header=False | row_header=False | metadata=False
Cell C39 | value='43.8' | fill=00000000 | rows=[38] | cols=[2] | col_header=False | row_header=False | metadata=False
Cell D39 | value='33.3' | fill=00000000 | rows=[38] | cols=[3] | col_header=False | row_header=False | metadata=False
Cell E39 | value='40.1' | fill=00000000 | rows=[38] | cols=[4] | col_header=False | row_header=False | metadata=False
Cell F39 | value='19.1' | fill=00000000 | rows=[38] | cols=[5] | col_header=False | row_header=False | metadata=False
Cell G39 | value='14.7' | fill=00000000 | rows=[38] | cols=[6] | col_header=False | row_header=False | metadata=False
Cell H39 | value='3' | fill=00000000 | rows=[38] | cols=[7] | col_header=False | row_header=False | metadata=False
Cell I39 | value='8.9' | fill=00000000 | rows=[38] | cols=[8] | col_header=False | row_header=False | metadata=False
Cell J39 | value='5' | fill=00000000 | rows=[38] | cols=[9] | col_header=False | row_header=False | metadata=False
Cell K39 | value='9.6' | fill=00000000 | rows=[38] | cols=[10] | col_header=False | row_header=False | metadata=False
Cell L39 | value='24.1' | fill=00000000 | rows=[38] | cols=[11] | col_header=False | row_header=False | metadata=False
Cell A40 | value='Sampling sectors' | fill=00000000 | rows=[39] | cols=[0] | col_header=False | row_header=False | metadata=False
Cell A41 | value='Mining and Quarrying' | fill=00000000 | rows=[40] | cols=[0] | col_header=False | row_header=False | metadata=False
Cell B41 | value='48.1' | fill=00000000 | rows=[40] | cols=[1] | col_header=False | row_header=False | metadata=False
Cell C41 | value='50.5' | fill=00000000 | rows=[40] | cols=[2] | col_header=False | row_header=False | metadata=False
Cell D41 | value='38.1' | fill=00000000 | rows=[40] | cols=[3] | col_header=False | row_header=False | metadata=False
Cell E41 | value='47.7' | fill=00000000 | rows=[40] | cols=[4] | col_header=False | row_header=False | metadata=False
Cell F41 | value='12.4' | fill=00000000 | rows=[40] | cols=[5] | col_header=False | row_header=False | metadata=False
Cell G41 | value='15.6' | fill=00000000 | rows=[40] | cols=[6] | col_header=False | row_header=False | metadata=False
Cell H41 | value='[c]' | fill=00000000 | rows=[40] | cols=[7] | col_header=False | row_header=False | metadata=False
Cell I41 | value='10.6' | fill=00000000 | rows=[40] | cols=[8] | col_header=False | row_header=False | metadata=False
Cell J41 | value='[c]' | fill=00000000 | rows=[40] | cols=[9] | col_header=False | row_header=False | metadata=False
Cell K41 | value='8.1' | fill=00000000 | rows=[40] | cols=[10] | col_header=False | row_header=False | metadata=False
Cell L41 | value='19.9' | fill=00000000 | rows=[40] | cols=[11] | col_header=False | row_header=False | metadata=False
Cell A42 | value='Manufacture of food, clothing, wood, paper, publish and print' | fill=00000000 | rows=[41] | cols=[0] | col_header=False | row_header=False | metadata=False
Cell B42 | value='56.3' | fill=00000000 | rows=[41] | cols=[1] | col_header=False | row_header=False | metadata=False
Cell C42 | value='58.2' | fill=00000000 | rows=[41] | cols=[2] | col_header=False | row_header=False | metadata=False
Cell D42 | value='34.2' | fill=00000000 | rows=[41] | cols=[3] | col_header=False | row_header=False | metadata=False
Cell E42 | value='55' | fill=00000000 | rows=[41] | cols=[4] | col_header=False | row_header=False | metadata=False
Cell F42 | value='34.5' | fill=00000000 | rows=[41] | cols=[5] | col_header=False | row_header=False | metadata=False
Cell G42 | value='28.2' | fill=00000000 | rows=[41] | cols=[6] | col_header=False | row_header=False | metadata=False
Cell H42 | value='6.4' | fill=00000000 | rows=[41] | cols=[7] | col_header=False | row_header=False | metadata=False
Cell I42 | value='13.5' | fill=00000000 | rows=[41] | cols=[8] | col_header=False | row_header=False | metadata=False
Cell J42 | value='7.3' | fill=00000000 | rows=[41] | cols=[9] | col_header=False | row_header=False | metadata=False
Cell K42 | value='22.4' | fill=00000000 | rows=[41] | cols=[10] | col_header=False | row_header=False | metadata=False
Cell L42 | value='40.2' | fill=00000000 | rows=[41] | cols=[11] | col_header=False | row_header=False | metadata=False
Cell A43 | value='Manufacture of fuels, chemicals, plastic metals and minerals' | fill=00000000 | rows=[42] | cols=[0] | col_header=False | row_header=False | metadata=False
Cell B43 | value='60.6' | fill=00000000 | rows=[42] | cols=[1] | col_header=False | row_header=False | metadata=False
Cell C43 | value='61.3' | fill=00000000 | rows=[42] | cols=[2] | col_header=False | row_header=False | metadata=False
Cell D43 | value='40.8' | fill=00000000 | rows=[42] | cols=[3] | col_header=False | row_header=False | metadata=False
Cell E43 | value='58.7' | fill=00000000 | rows=[42] | cols=[4] | col_header=False | row_header=False | metadata=False
Cell F43 | value='27.9' | fill=00000000 | rows=[42] | cols=[5] | col_header=False | row_header=False | metadata=False
Cell G43 | value='24.9' | fill=00000000 | rows=[42] | cols=[6] | col_header=False | row_header=False | metadata=False
Cell H43 | value='4.2' | fill=00000000 | rows=[42] | cols=[7] | col_header=False | row_header=False | metadata=False
Cell I43 | value='15.3' | fill=00000000 | rows=[42] | cols=[8] | col_header=False | row_header=False | metadata=False
Cell J43 | value='7' | fill=00000000 | rows=[42] | cols=[9] | col_header=False | row_header=False | metadata=False
Cell K43 | value='15.1' | fill=00000000 | rows=[42] | cols=[10] | col_header=False | row_header=False | metadata=False
Cell L43 | value='37.7' | fill=00000000 | rows=[42] | cols=[11] | col_header=False | row_header=False | metadata=False
Cell A44 | value='Manufacture of electrical and optical equipments' | fill=00000000 | rows=[43] | cols=[0] | col_header=False | row_header=False | metadata=False
Cell B44 | value='69.6' | fill=00000000 | rows=[43] | cols=[1] | col_header=False | row_header=False | metadata=False
Cell C44 | value='69.9' | fill=00000000 | rows=[43] | cols=[2] | col_header=False | row_header=False | metadata=False
Cell D44 | value='43.1' | fill=00000000 | rows=[43] | cols=[3] | col_header=False | row_header=False | metadata=False
Cell E44 | value='66.2' | fill=00000000 | rows=[43] | cols=[4] | col_header=False | row_header=False | metadata=False
Cell F44 | value='46.7' | fill=00000000 | rows=[43] | cols=[5] | col_header=False | row_header=False | metadata=False
Cell G44 | value='31.4' | fill=00000000 | rows=[43] | cols=[6] | col_header=False | row_header=False | metadata=False
Cell H44 | value='10' | fill=00000000 | rows=[43] | cols=[7] | col_header=False | row_header=False | metadata=False
Cell I44 | value='27.4' | fill=00000000 | rows=[43] | cols=[8] | col_header=False | row_header=False | metadata=False
Cell J44 | value='17' | fill=00000000 | rows=[43] | cols=[9] | col_header=False | row_header=False | metadata=False
Cell K44 | value='24' | fill=00000000 | rows=[43] | cols=[10] | col_header=False | row_header=False | metadata=False
Cell L44 | value='54.1' | fill=00000000 | rows=[43] | cols=[11] | col_header=False | row_header=False | metadata=False
Cell A45 | value='Manufacture of transport equipments' | fill=00000000 | rows=[44] | cols=[0] | col_header=False | row_header=False | metadata=False
Cell B45 | value='63.9' | fill=00000000 | rows=[44] | cols=[1] | col_header=False | row_header=False | metadata=False
Cell C45 | value='64.5' | fill=00000000 | rows=[44] | cols=[2] | col_header=False | row_header=False | metadata=False
Cell D45 | value='41.4' | fill=00000000 | rows=[44] | cols=[3] | col_header=False | row_header=False | metadata=False
Cell E45 | value='63.1' | fill=00000000 | rows=[44] | cols=[4] | col_header=False | row_header=False | metadata=False
Cell F45 | value='39.5' | fill=00000000 | rows=[44] | cols=[5] | col_header=False | row_header=False | metadata=False
Cell G45 | value='26.6' | fill=00000000 | rows=[44] | cols=[6] | col_header=False | row_header=False | metadata=False
Cell H45 | value='6.6' | fill=00000000 | rows=[44] | cols=[7] | col_header=False | row_header=False | metadata=False
Cell I45 | value='22.9' | fill=00000000 | rows=[44] | cols=[8] | col_header=False | row_header=False | metadata=False
Cell J45 | value='13.7' | fill=00000000 | rows=[44] | cols=[9] | col_header=False | row_header=False | metadata=False
Cell K45 | value='20.9' | fill=00000000 | rows=[44] | cols=[10] | col_header=False | row_header=False | metadata=False
Cell L45 | value='45.2' | fill=00000000 | rows=[44] | cols=[11] | col_header=False | row_header=False | metadata=False
Cell A46 | value='Manufacturing not elsewhere classified' | fill=00000000 | rows=[45] | cols=[0] | col_header=False | row_header=False | metadata=False
Cell B46 | value='53.1' | fill=00000000 | rows=[45] | cols=[1] | col_header=False | row_header=False | metadata=False
Cell C46 | value='54.7' | fill=00000000 | rows=[45] | cols=[2] | col_header=False | row_header=False | metadata=False
Cell D46 | value='34.7' | fill=00000000 | rows=[45] | cols=[3] | col_header=False | row_header=False | metadata=False
Cell E46 | value='53.2' | fill=00000000 | rows=[45] | cols=[4] | col_header=False | row_header=False | metadata=False
Cell F46 | value='27.2' | fill=00000000 | rows=[45] | cols=[5] | col_header=False | row_header=False | metadata=False
Cell G46 | value='24.6' | fill=00000000 | rows=[45] | cols=[6] | col_header=False | row_header=False | metadata=False
Cell H46 | value='2.9' | fill=00000000 | rows=[45] | cols=[7] | col_header=False | row_header=False | metadata=False
Cell I46 | value='13.5' | fill=00000000 | rows=[45] | cols=[8] | col_header=False | row_header=False | metadata=False
Cell J46 | value='10.8' | fill=00000000 | rows=[45] | cols=[9] | col_header=False | row_header=False | metadata=False
Cell K46 | value='17' | fill=00000000 | rows=[45] | cols=[10] | col_header=False | row_header=False | metadata=False
Cell L46 | value='34.8' | fill=00000000 | rows=[45] | cols=[11] | col_header=False | row_header=False | metadata=False
Cell A47 | value='Electricity, gas and water supply' | fill=00000000 | rows=[46] | cols=[0] | col_header=False | row_header=False | metadata=False
Cell B47 | value='40.7' | fill=00000000 | rows=[46] | cols=[1] | col_header=False | row_header=False | metadata=False
Cell C47 | value='41.9' | fill=00000000 | rows=[46] | cols=[2] | col_header=False | row_header=False | metadata=False
Cell D47 | value='28' | fill=00000000 | rows=[46] | cols=[3] | col_header=False | row_header=False | metadata=False
Cell E47 | value='36.6' | fill=00000000 | rows=[46] | cols=[4] | col_header=False | row_header=False | metadata=False
Cell F47 | value='12.8' | fill=00000000 | rows=[46] | cols=[5] | col_header=False | row_header=False | metadata=False
Cell G47 | value='14.4' | fill=00000000 | rows=[46] | cols=[6] | col_header=False | row_header=False | metadata=False
Cell H47 | value='[c]' | fill=00000000 | rows=[46] | cols=[7] | col_header=False | row_header=False | metadata=False
Cell I47 | value='11.3' | fill=00000000 | rows=[46] | cols=[8] | col_header=False | row_header=False | metadata=False
Cell J47 | value='4.9' | fill=00000000 | rows=[46] | cols=[9] | col_header=False | row_header=False | metadata=False
Cell K47 | value='5.5' | fill=00000000 | rows=[46] | cols=[10] | col_header=False | row_header=False | metadata=False
Cell L47 | value='21.8' | fill=00000000 | rows=[46] | cols=[11] | col_header=False | row_header=False | metadata=False
Cell A48 | value='Construction' | fill=00000000 | rows=[47] | cols=[0] | col_header=False | row_header=False | metadata=False
Cell B48 | value='41.6' | fill=00000000 | rows=[47] | cols=[1] | col_header=False | row_header=False | metadata=False
Cell C48 | value='44' | fill=00000000 | rows=[47] | cols=[2] | col_header=False | row_header=False | metadata=False
Cell D48 | value='34.2' | fill=00000000 | rows=[47] | cols=[3] | col_header=False | row_header=False | metadata=False
Cell E48 | value='39.2' | fill=00000000 | rows=[47] | cols=[4] | col_header=False | row_header=False | metadata=False
Cell F48 | value='14' | fill=00000000 | rows=[47] | cols=[5] | col_header=False | row_header=False | metadata=False
Cell G48 | value='13.3' | fill=00000000 | rows=[47] | cols=[6] | col_header=False | row_header=False | metadata=False
Cell H48 | value='1.9' | fill=00000000 | rows=[47] | cols=[7] | col_header=False | row_header=False | metadata=False
Cell I48 | value='5.8' | fill=00000000 | rows=[47] | cols=[8] | col_header=False | row_header=False | metadata=False
Cell J48 | value='3.3' | fill=00000000 | rows=[47] | cols=[9] | col_header=False | row_header=False | metadata=False
Cell K48 | value='8.4' | fill=00000000 | rows=[47] | cols=[10] | col_header=False | row_header=False | metadata=False
Cell L48 | value='18.9' | fill=00000000 | rows=[47] | cols=[11] | col_header=False | row_header=False | metadata=False
Cell A49 | value='Wholesale Trade (including cars and bikes)' | fill=00000000 | rows=[48] | cols=[0] | col_header=False | row_header=False | metadata=False
Cell B49 | value='44.2' | fill=00000000 | rows=[48] | cols=[1] | col_header=False | row_header=False | metadata=False
Cell C49 | value='46.1' | fill=00000000 | rows=[48] | cols=[2] | col_header=False | row_header=False | metadata=False
Cell D49 | value='33.2' | fill=00000000 | rows=[48] | cols=[3] | col_header=False | row_header=False | metadata=False
Cell E49 | value='44.3' | fill=00000000 | rows=[48] | cols=[4] | col_header=False | row_header=False | metadata=False
Cell F49 | value='19.7' | fill=00000000 | rows=[48] | cols=[5] | col_header=False | row_header=False | metadata=False
Cell G49 | value='14.2' | fill=00000000 | rows=[48] | cols=[6] | col_header=False | row_header=False | metadata=False
Cell H49 | value='2' | fill=00000000 | rows=[48] | cols=[7] | col_header=False | row_header=False | metadata=False
Cell I49 | value='9.1' | fill=00000000 | rows=[48] | cols=[8] | col_header=False | row_header=False | metadata=False
Cell J49 | value='4.4' | fill=00000000 | rows=[48] | cols=[9] | col_header=False | row_header=False | metadata=False
Cell K49 | value='9.2' | fill=00000000 | rows=[48] | cols=[10] | col_header=False | row_header=False | metadata=False
Cell L49 | value='24.8' | fill=00000000 | rows=[48] | cols=[11] | col_header=False | row_header=False | metadata=False
Cell A50 | value='Retail Trade (excluding cars and bikes)' | fill=00000000 | rows=[49] | cols=[0] | col_header=False | row_header=False | metadata=False
Cell B50 | value='40.6' | fill=00000000 | rows=[49] | cols=[1] | col_header=False | row_header=False | metadata=False
Cell C50 | value='41.8' | fill=00000000 | rows=[49] | cols=[2] | col_header=False | row_header=False | metadata=False
Cell D50 | value='34.1' | fill=00000000 | rows=[49] | cols=[3] | col_header=False | row_header=False | metadata=False
Cell E50 | value='37.7' | fill=00000000 | rows=[49] | cols=[4] | col_header=False | row_header=False | metadata=False
Cell F50 | value='17.6' | fill=00000000 | rows=[49] | cols=[5] | col_header=False | row_header=False | metadata=False
Cell G50 | value='13.8' | fill=00000000 | rows=[49] | cols=[6] | col_header=False | row_header=False | metadata=False
Cell H50 | value='2' | fill=00000000 | rows=[49] | cols=[7] | col_header=False | row_header=False | metadata=False
Cell I50 | value='6.9' | fill=00000000 | rows=[49] | cols=[8] | col_header=False | row_header=False | metadata=False
Cell J50 | value='3.9' | fill=00000000 | rows=[49] | cols=[9] | col_header=False | row_header=False | metadata=False
Cell K50 | value='9' | fill=00000000 | rows=[49] | cols=[10] | col_header=False | row_header=False | metadata=False
Cell L50 | value='22.3' | fill=00000000 | rows=[49] | cols=[11] | col_header=False | row_header=False | metadata=False
Cell A51 | value='Transport and storage' | fill=00000000 | rows=[50] | cols=[0] | col_header=False | row_header=False | metadata=False
Cell B51 | value='41.2' | fill=00000000 | rows=[50] | cols=[1] | col_header=False | row_header=False | metadata=False
Cell C51 | value='43.6' | fill=00000000 | rows=[50] | cols=[2] | col_header=False | row_header=False | metadata=False
Cell D51 | value='33.3' | fill=00000000 | rows=[50] | cols=[3] | col_header=False | row_header=False | metadata=False
Cell E51 | value='41' | fill=00000000 | rows=[50] | cols=[4] | col_header=False | row_header=False | metadata=False
Cell F51 | value='12.7' | fill=00000000 | rows=[50] | cols=[5] | col_header=False | row_header=False | metadata=False
Cell G51 | value='11.5' | fill=00000000 | rows=[50] | cols=[6] | col_header=False | row_header=False | metadata=False
Cell H51 | value='2.2' | fill=00000000 | rows=[50] | cols=[7] | col_header=False | row_header=False | metadata=False
Cell I51 | value='4.9' | fill=00000000 | rows=[50] | cols=[8] | col_header=False | row_header=False | metadata=False
Cell J51 | value='3.7' | fill=00000000 | rows=[50] | cols=[9] | col_header=False | row_header=False | metadata=False
Cell K51 | value='7.1' | fill=00000000 | rows=[50] | cols=[10] | col_header=False | row_header=False | metadata=False
Cell L51 | value='17.1' | fill=00000000 | rows=[50] | cols=[11] | col_header=False | row_header=False | metadata=False
Cell A52 | value='Post and courier activities' | fill=00000000 | rows=[51] | cols=[0] | col_header=False | row_header=False | metadata=False
Cell B52 | value='38.7' | fill=00000000 | rows=[51] | cols=[1] | col_header=False | row_header=False | metadata=False
Cell C52 | value='40.2' | fill=00000000 | rows=[51] | cols=[2] | col_header=False | row_header=False | metadata=False
Cell D52 | value='24.1' | fill=00000000 | rows=[51] | cols=[3] | col_header=False | row_header=False | metadata=False
Cell E52 | value='34.6' | fill=00000000 | rows=[51] | cols=[4] | col_header=False | row_header=False | metadata=False
Cell F52 | value='19.5' | fill=00000000 | rows=[51] | cols=[5] | col_header=False | row_header=False | metadata=False
Cell G52 | value='11.5' | fill=00000000 | rows=[51] | cols=[6] | col_header=False | row_header=False | metadata=False
Cell H52 | value='[c]' | fill=00000000 | rows=[51] | cols=[7] | col_header=False | row_header=False | metadata=False
Cell I52 | value='[c]' | fill=00000000 | rows=[51] | cols=[8] | col_header=False | row_header=False | metadata=False
Cell J52 | value='[c]' | fill=00000000 | rows=[51] | cols=[9] | col_header=False | row_header=False | metadata=False
Cell K52 | value='6.3' | fill=00000000 | rows=[51] | cols=[10] | col_header=False | row_header=False | metadata=False
Cell L52 | value='24.7' | fill=00000000 | rows=[51] | cols=[11] | col_header=False | row_header=False | metadata=False
Cell A53 | value='Accommodation and Food Services' | fill=00000000 | rows=[52] | cols=[0] | col_header=False | row_header=False | metadata=False
Cell B53 | value='32.1' | fill=00000000 | rows=[52] | cols=[1] | col_header=False | row_header=False | metadata=False
Cell C53 | value='32.6' | fill=00000000 | rows=[52] | cols=[2] | col_header=False | row_header=False | metadata=False
Cell D53 | value='25' | fill=00000000 | rows=[52] | cols=[3] | col_header=False | row_header=False | metadata=False
Cell E53 | value='30.7' | fill=00000000 | rows=[52] | cols=[4] | col_header=False | row_header=False | metadata=False
Cell F53 | value='13.1' | fill=00000000 | rows=[52] | cols=[5] | col_header=False | row_header=False | metadata=False
Cell G53 | value='8' | fill=00000000 | rows=[52] | cols=[6] | col_header=False | row_header=False | metadata=False
Cell H53 | value='2.7' | fill=00000000 | rows=[52] | cols=[7] | col_header=False | row_header=False | metadata=False
Cell I53 | value='2.8' | fill=00000000 | rows=[52] | cols=[8] | col_header=False | row_header=False | metadata=False
Cell J53 | value='4.3' | fill=00000000 | rows=[52] | cols=[9] | col_header=False | row_header=False | metadata=False
Cell K53 | value='4.8' | fill=00000000 | rows=[52] | cols=[10] | col_header=False | row_header=False | metadata=False
Cell L53 | value='16.3' | fill=00000000 | rows=[52] | cols=[11] | col_header=False | row_header=False | metadata=False
Cell A54 | value='Computer and related activities/ ICT' | fill=00000000 | rows=[53] | cols=[0] | col_header=False | row_header=False | metadata=False
Cell B54 | value='63' | fill=00000000 | rows=[53] | cols=[1] | col_header=False | row_header=False | metadata=False
Cell C54 | value='64.1' | fill=00000000 | rows=[53] | cols=[2] | col_header=False | row_header=False | metadata=False
Cell D54 | value='44.1' | fill=00000000 | rows=[53] | cols=[3] | col_header=False | row_header=False | metadata=False
Cell E54 | value='52.7' | fill=00000000 | rows=[53] | cols=[4] | col_header=False | row_header=False | metadata=False
Cell F54 | value='46.8' | fill=00000000 | rows=[53] | cols=[5] | col_header=False | row_header=False | metadata=False
Cell G54 | value='27.8' | fill=00000000 | rows=[53] | cols=[6] | col_header=False | row_header=False | metadata=False
Cell H54 | value='7.9' | fill=00000000 | rows=[53] | cols=[7] | col_header=False | row_header=False | metadata=False
Cell I54 | value='26.3' | fill=00000000 | rows=[53] | cols=[8] | col_header=False | row_header=False | metadata=False
Cell J54 | value='8.4' | fill=00000000 | rows=[53] | cols=[9] | col_header=False | row_header=False | metadata=False
Cell K54 | value='23' | fill=00000000 | rows=[53] | cols=[10] | col_header=False | row_header=False | metadata=False
Cell L54 | value='51.7' | fill=00000000 | rows=[53] | cols=[11] | col_header=False | row_header=False | metadata=False
Cell A55 | value='Motion picture, video and tv programme production/ programming and broadcasting' | fill=00000000 | rows=[54] | cols=[0] | col_header=False | row_header=False | metadata=False
Cell B55 | value='33.8' | fill=00000000 | rows=[54] | cols=[1] | col_header=False | row_header=False | metadata=False
Cell C55 | value='35.2' | fill=00000000 | rows=[54] | cols=[2] | col_header=False | row_header=False | metadata=False
Cell D55 | value='24.8' | fill=00000000 | rows=[54] | cols=[3] | col_header=False | row_header=False | metadata=False
Cell E55 | value='30.8' | fill=00000000 | rows=[54] | cols=[4] | col_header=False | row_header=False | metadata=False
Cell F55 | value='11.7' | fill=00000000 | rows=[54] | cols=[5] | col_header=False | row_header=False | metadata=False
Cell G55 | value='17.3' | fill=00000000 | rows=[54] | cols=[6] | col_header=False | row_header=False | metadata=False
Cell H55 | value='[c]' | fill=00000000 | rows=[54] | cols=[7] | col_header=False | row_header=False | metadata=False
Cell I55 | value='7' | fill=00000000 | rows=[54] | cols=[8] | col_header=False | row_header=False | metadata=False
Cell J55 | value='6.1' | fill=00000000 | rows=[54] | cols=[9] | col_header=False | row_header=False | metadata=False
Cell K55 | value='5.7' | fill=00000000 | rows=[54] | cols=[10] | col_header=False | row_header=False | metadata=False
Cell L55 | value='23.2' | fill=00000000 | rows=[54] | cols=[11] | col_header=False | row_header=False | metadata=False
Cell A56 | value='Telecommunications' | fill=00000000 | rows=[55] | cols=[0] | col_header=False | row_header=False | metadata=False
Cell B56 | value='55.1' | fill=00000000 | rows=[55] | cols=[1] | col_header=False | row_header=False | metadata=False
Cell C56 | value='55.1' | fill=00000000 | rows=[55] | cols=[2] | col_header=False | row_header=False | metadata=False
Cell D56 | value='41.8' | fill=00000000 | rows=[55] | cols=[3] | col_header=False | row_header=False | metadata=False
Cell E56 | value='54' | fill=00000000 | rows=[55] | cols=[4] | col_header=False | row_header=False | metadata=False
Cell F56 | value='28.9' | fill=00000000 | rows=[55] | cols=[5] | col_header=False | row_header=False | metadata=False
Cell G56 | value='14.2' | fill=00000000 | rows=[55] | cols=[6] | col_header=False | row_header=False | metadata=False
Cell H56 | value='[c]' | fill=00000000 | rows=[55] | cols=[7] | col_header=False | row_header=False | metadata=False
Cell I56 | value='19.4' | fill=00000000 | rows=[55] | cols=[8] | col_header=False | row_header=False | metadata=False
Cell J56 | value='8.5' | fill=00000000 | rows=[55] | cols=[9] | col_header=False | row_header=False | metadata=False
Cell K56 | value='11.1' | fill=00000000 | rows=[55] | cols=[10] | col_header=False | row_header=False | metadata=False
Cell L56 | value='32' | fill=00000000 | rows=[55] | cols=[11] | col_header=False | row_header=False | metadata=False
Cell A57 | value='Financial intermediation' | fill=00000000 | rows=[56] | cols=[0] | col_header=False | row_header=False | metadata=False
Cell B57 | value='49.9' | fill=00000000 | rows=[56] | cols=[1] | col_header=False | row_header=False | metadata=False
Cell C57 | value='50.2' | fill=00000000 | rows=[56] | cols=[2] | col_header=False | row_header=False | metadata=False
Cell D57 | value='44.6' | fill=00000000 | rows=[56] | cols=[3] | col_header=False | row_header=False | metadata=False
Cell E57 | value='40.9' | fill=00000000 | rows=[56] | cols=[4] | col_header=False | row_header=False | metadata=False
Cell F57 | value='20.4' | fill=00000000 | rows=[56] | cols=[5] | col_header=False | row_header=False | metadata=False
Cell G57 | value='21.4' | fill=00000000 | rows=[56] | cols=[6] | col_header=False | row_header=False | metadata=False
Cell H57 | value='3.8' | fill=00000000 | rows=[56] | cols=[7] | col_header=False | row_header=False | metadata=False
Cell I57 | value='13.2' | fill=00000000 | rows=[56] | cols=[8] | col_header=False | row_header=False | metadata=False
Cell J57 | value='5.7' | fill=00000000 | rows=[56] | cols=[9] | col_header=False | row_header=False | metadata=False
Cell K57 | value='13.4' | fill=00000000 | rows=[56] | cols=[10] | col_header=False | row_header=False | metadata=False
Cell L57 | value='28.4' | fill=00000000 | rows=[56] | cols=[11] | col_header=False | row_header=False | metadata=False
Cell A58 | value='Real estate activities' | fill=00000000 | rows=[57] | cols=[0] | col_header=False | row_header=False | metadata=False
Cell B58 | value='33.9' | fill=00000000 | rows=[57] | cols=[1] | col_header=False | row_header=False | metadata=False
Cell C58 | value='35.2' | fill=00000000 | rows=[57] | cols=[2] | col_header=False | row_header=False | metadata=False
Cell D58 | value='29.6' | fill=00000000 | rows=[57] | cols=[3] | col_header=False | row_header=False | metadata=False
Cell E58 | value='30.9' | fill=00000000 | rows=[57] | cols=[4] | col_header=False | row_header=False | metadata=False
Cell F58 | value='9.6' | fill=00000000 | rows=[57] | cols=[5] | col_header=False | row_header=False | metadata=False
Cell G58 | value='10.8' | fill=00000000 | rows=[57] | cols=[6] | col_header=False | row_header=False | metadata=False
Cell H58 | value='[c]' | fill=00000000 | rows=[57] | cols=[7] | col_header=False | row_header=False | metadata=False
Cell I58 | value='5.9' | fill=00000000 | rows=[57] | cols=[8] | col_header=False | row_header=False | metadata=False
Cell J58 | value='2.6' | fill=00000000 | rows=[57] | cols=[9] | col_header=False | row_header=False | metadata=False
Cell K58 | value='5.3' | fill=00000000 | rows=[57] | cols=[10] | col_header=False | row_header=False | metadata=False
Cell L58 | value='15.1' | fill=00000000 | rows=[57] | cols=[11] | col_header=False | row_header=False | metadata=False
Cell A59 | value='Other services not elsewhere classified' | fill=00000000 | rows=[58] | cols=[0] | col_header=False | row_header=False | metadata=False
Cell B59 | value='42.2' | fill=00000000 | rows=[58] | cols=[1] | col_header=False | row_header=False | metadata=False
Cell C59 | value='43.4' | fill=00000000 | rows=[58] | cols=[2] | col_header=False | row_header=False | metadata=False
Cell D59 | value='34.5' | fill=00000000 | rows=[58] | cols=[3] | col_header=False | row_header=False | metadata=False
Cell E59 | value='39.7' | fill=00000000 | rows=[58] | cols=[4] | col_header=False | row_header=False | metadata=False
Cell F59 | value='16.5' | fill=00000000 | rows=[58] | cols=[5] | col_header=False | row_header=False | metadata=False
Cell G59 | value='15.3' | fill=00000000 | rows=[58] | cols=[6] | col_header=False | row_header=False | metadata=False
Cell H59 | value='2.2' | fill=00000000 | rows=[58] | cols=[7] | col_header=False | row_header=False | metadata=False
Cell I59 | value='7.6' | fill=00000000 | rows=[58] | cols=[8] | col_header=False | row_header=False | metadata=False
Cell J59 | value='4.9' | fill=00000000 | rows=[58] | cols=[9] | col_header=False | row_header=False | metadata=False
Cell K59 | value='9.5' | fill=00000000 | rows=[58] | cols=[10] | col_header=False | row_header=False | metadata=False
Cell L59 | value='22.3' | fill=00000000 | rows=[58] | cols=[11] | col_header=False | row_header=False | metadata=False
Cell A60 | value='Architectural and engineering activities and related technical consultancy' | fill=00000000 | rows=[59] | cols=[0] | col_header=False | row_header=False | metadata=False
Cell B60 | value='63.3' | fill=00000000 | rows=[59] | cols=[1] | col_header=False | row_header=False | metadata=False
Cell C60 | value='65.2' | fill=00000000 | rows=[59] | cols=[2] | col_header=False | row_header=False | metadata=False
Cell D60 | value='52' | fill=00000000 | rows=[59] | cols=[3] | col_header=False | row_header=False | metadata=False
Cell E60 | value='63.4' | fill=00000000 | rows=[59] | cols=[4] | col_header=False | row_header=False | metadata=False
Cell F60 | value='26.2' | fill=00000000 | rows=[59] | cols=[5] | col_header=False | row_header=False | metadata=False
Cell G60 | value='25.5' | fill=00000000 | rows=[59] | cols=[6] | col_header=False | row_header=False | metadata=False
Cell H60 | value='5' | fill=00000000 | rows=[59] | cols=[7] | col_header=False | row_header=False | metadata=False
Cell I60 | value='20.4' | fill=00000000 | rows=[59] | cols=[8] | col_header=False | row_header=False | metadata=False
Cell J60 | value='9.3' | fill=00000000 | rows=[59] | cols=[9] | col_header=False | row_header=False | metadata=False
Cell K60 | value='16.5' | fill=00000000 | rows=[59] | cols=[10] | col_header=False | row_header=False | metadata=False
Cell L60 | value='35.2' | fill=00000000 | rows=[59] | cols=[11] | col_header=False | row_header=False | metadata=False
Cell A61 | value='Technical testing and analysis' | fill=00000000 | rows=[60] | cols=[0] | col_header=False | row_header=False | metadata=False
Cell B61 | value='59.6' | fill=00000000 | rows=[60] | cols=[1] | col_header=False | row_header=False | metadata=False
Cell C61 | value='60.8' | fill=00000000 | rows=[60] | cols=[2] | col_header=False | row_header=False | metadata=False
Cell D61 | value='39.4' | fill=00000000 | rows=[60] | cols=[3] | col_header=False | row_header=False | metadata=False
Cell E61 | value='60.7' | fill=00000000 | rows=[60] | cols=[4] | col_header=False | row_header=False | metadata=False
Cell F61 | value='27.8' | fill=00000000 | rows=[60] | cols=[5] | col_header=False | row_header=False | metadata=False
Cell G61 | value='27.8' | fill=00000000 | rows=[60] | cols=[6] | col_header=False | row_header=False | metadata=False
Cell H61 | value='[c]' | fill=00000000 | rows=[60] | cols=[7] | col_header=False | row_header=False | metadata=False
Cell I61 | value='20.5' | fill=00000000 | rows=[60] | cols=[8] | col_header=False | row_header=False | metadata=False
Cell J61 | value='13.1' | fill=00000000 | rows=[60] | cols=[9] | col_header=False | row_header=False | metadata=False
Cell K61 | value='20.2' | fill=00000000 | rows=[60] | cols=[10] | col_header=False | row_header=False | metadata=False
Cell L61 | value='35.5' | fill=00000000 | rows=[60] | cols=[11] | col_header=False | row_header=False | metadata=False
Cell A62 | value='Research and experimental development on social sciences and humanities' | fill=00000000 | rows=[61] | cols=[0] | col_header=False | row_header=False | metadata=False
Cell B62 | value='76.1' | fill=00000000 | rows=[61] | cols=[1] | col_header=False | row_header=False | metadata=False
Cell C62 | value='76.1' | fill=00000000 | rows=[61] | cols=[2] | col_header=False | row_header=False | metadata=False
Cell D62 | value='46.5' | fill=00000000 | rows=[61] | cols=[3] | col_header=False | row_header=False | metadata=False
Cell E62 | value='71.1' | fill=00000000 | rows=[61] | cols=[4] | col_header=False | row_header=False | metadata=False
Cell F62 | value='37.5' | fill=00000000 | rows=[61] | cols=[5] | col_header=False | row_header=False | metadata=False
Cell G62 | value='30.1' | fill=00000000 | rows=[61] | cols=[6] | col_header=False | row_header=False | metadata=False
Cell H62 | value='10.8' | fill=00000000 | rows=[61] | cols=[7] | col_header=False | row_header=False | metadata=False
Cell I62 | value='42.1' | fill=00000000 | rows=[61] | cols=[8] | col_header=False | row_header=False | metadata=False
Cell J62 | value='13.2' | fill=00000000 | rows=[61] | cols=[9] | col_header=False | row_header=False | metadata=False
Cell K62 | value='19' | fill=00000000 | rows=[61] | cols=[10] | col_header=False | row_header=False | metadata=False
Cell L62 | value='48.5' | fill=00000000 | rows=[61] | cols=[11] | col_header=False | row_header=False | metadata=False
Cell A63 | value='Advertising and market research' | fill=00000000 | rows=[62] | cols=[0] | col_header=False | row_header=False | metadata=False
Cell B63 | value='58' | fill=00000000 | rows=[62] | cols=[1] | col_header=False | row_header=False | metadata=False
Cell C63 | value='58.1' | fill=00000000 | rows=[62] | cols=[2] | col_header=False | row_header=False | metadata=False
Cell D63 | value='41.8' | fill=00000000 | rows=[62] | cols=[3] | col_header=False | row_header=False | metadata=False
Cell E63 | value='52.7' | fill=00000000 | rows=[62] | cols=[4] | col_header=False | row_header=False | metadata=False
Cell F63 | value='32.1' | fill=00000000 | rows=[62] | cols=[5] | col_header=False | row_header=False | metadata=False
Cell G63 | value='35.5' | fill=00000000 | rows=[62] | cols=[6] | col_header=False | row_header=False | metadata=False
Cell H63 | value='6.4' | fill=00000000 | rows=[62] | cols=[7] | col_header=False | row_header=False | metadata=False
Cell I63 | value='17.5' | fill=00000000 | rows=[62] | cols=[8] | col_header=False | row_header=False | metadata=False
Cell J63 | value='2.7' | fill=00000000 | rows=[62] | cols=[9] | col_header=False | row_header=False | metadata=False
Cell K63 | value='24.6' | fill=00000000 | rows=[62] | cols=[10] | col_header=False | row_header=False | metadata=False
Cell L63 | value='43' | fill=00000000 | rows=[62] | cols=[11] | col_header=False | row_header=False | metadata=False
Cell A64 | value='Other professional, scientific and technical activities' | fill=00000000 | rows=[63] | cols=[0] | col_header=False | row_header=False | metadata=False
Cell B64 | value='56.7' | fill=00000000 | rows=[63] | cols=[1] | col_header=False | row_header=False | metadata=False
Cell C64 | value='56.7' | fill=00000000 | rows=[63] | cols=[2] | col_header=False | row_header=False | metadata=False
Cell D64 | value='37' | fill=00000000 | rows=[63] | cols=[3] | col_header=False | row_header=False | metadata=False
Cell E64 | value='52.8' | fill=00000000 | rows=[63] | cols=[4] | col_header=False | row_header=False | metadata=False
Cell F64 | value='32.9' | fill=00000000 | rows=[63] | cols=[5] | col_header=False | row_header=False | metadata=False
Cell G64 | value='21.9' | fill=00000000 | rows=[63] | cols=[6] | col_header=False | row_header=False | metadata=False
Cell H64 | value='[c]' | fill=00000000 | rows=[63] | cols=[7] | col_header=False | row_header=False | metadata=False
Cell I64 | value='15.4' | fill=00000000 | rows=[63] | cols=[8] | col_header=False | row_header=False | metadata=False
Cell J64 | value='9.6' | fill=00000000 | rows=[63] | cols=[9] | col_header=False | row_header=False | metadata=False
Cell K64 | value='17.4' | fill=00000000 | rows=[63] | cols=[10] | col_header=False | row_header=False | metadata=False
Cell L64 | value='37.3' | fill=00000000 | rows=[63] | cols=[11] | col_header=False | row_header=False | metadata=False
Cell A65 | value='Renting of machinery, equipment, personal and household goods' | fill=00000000 | rows=[64] | cols=[0] | col_header=False | row_header=False | metadata=False
Cell B65 | value='35.9' | fill=00000000 | rows=[64] | cols=[1] | col_header=False | row_header=False | metadata=False
Cell C65 | value='38.2' | fill=00000000 | rows=[64] | cols=[2] | col_header=False | row_header=False | metadata=False
Cell D65 | value='24.5' | fill=00000000 | rows=[64] | cols=[3] | col_header=False | row_header=False | metadata=False
Cell E65 | value='35.4' | fill=00000000 | rows=[64] | cols=[4] | col_header=False | row_header=False | metadata=False
Cell F65 | value='14.5' | fill=00000000 | rows=[64] | cols=[5] | col_header=False | row_header=False | metadata=False
Cell G65 | value='9.1' | fill=00000000 | rows=[64] | cols=[6] | col_header=False | row_header=False | metadata=False
Cell H65 | value='[c]' | fill=00000000 | rows=[64] | cols=[7] | col_header=False | row_header=False | metadata=False
Cell I65 | value='7.9' | fill=00000000 | rows=[64] | cols=[8] | col_header=False | row_header=False | metadata=False
Cell J65 | value='3.5' | fill=00000000 | rows=[64] | cols=[9] | col_header=False | row_header=False | metadata=False
Cell K65 | value='4' | fill=00000000 | rows=[64] | cols=[10] | col_header=False | row_header=False | metadata=False
Cell L65 | value='19.6' | fill=00000000 | rows=[64] | cols=[11] | col_header=False | row_header=False | metadata=False

