=== economy-table91.xlsx ===
Cell A1 | value='Public Service Loan Forgiveness Employment Certification Forms (ECFs)' | fill=FF00B0F0 | rows=[0] | cols=[0, 1, 2, 3, 4] | col_header=True | row_header=True | metadata=True
Cell A2 | value='Source: FedLoan Servicing' | fill=FF00B0F0 | rows=[1] | cols=[0, 1, 2, 3, 4] | col_header=False | row_header=False | metadata=True
Cell A3 | value='Through March 31, 2018' | fill=FF00B0F0 | rows=[2] | cols=[0, 1, 2, 3, 4] | col_header=False | row_header=False | metadata=True
Cell A5 | value='Calendar Year' | fill=FFFFFF00 | rows=[4] | cols=[0, 1] | col_header=True | row_header=False | metadata=False
Cell C5 | value='Total Approved ECFs' | fill=FFFFFF00 | rows=[4] | cols=[2] | col_header=True | row_header=False | metadata=False
Cell D5 | value='Total Denied ECFs' | fill=FFFFFF00 | rows=[4] | cols=[3] | col_header=True | row_header=False | metadata=False
Cell E5 | value='Cumulative PSLF Borrowers' | fill=FFFFFF00 | rows=[4] | cols=[4] | col_header=True | row_header=False | metadata=False
Cell A6 | value='2012' | fill=00000000 | rows=[5] | cols=[0, 1] | col_header=False | row_header=False | metadata=False
Cell C6 | value='28788' | fill=00000000 | rows=[5] | cols=[2] | col_header=False | row_header=False | metadata=False
Cell D6 | value='14643' | fill=00000000 | rows=[5] | cols=[3] | col_header=False | row_header=False | metadata=False
Cell E6 | value='25683' | fill=00000000 | rows=[5] | cols=[4] | col_header=False | row_header=False | metadata=False
Cell A7 | value='2013' | fill=00000000 | rows=[6] | cols=[0, 1] | col_header=False | row_header=False | metadata=False
Cell C7 | value='71083' | fill=00000000 | rows=[6] | cols=[2] | col_header=False | row_header=False | metadata=False
Cell D7 | value='27510' | fill=00000000 | rows=[6] | cols=[3] | col_header=False | row_header=False | metadata=False
Cell E7 | value='82995' | fill=00000000 | rows=[6] | cols=[4] | col_header=False | row_header=False | metadata=False
Cell A8 | value='2014' | fill=00000000 | rows=[7] | cols=[0, 1] | col_header=False | row_header=False | metadata=False
Cell C8 | value='147172' | fill=00000000 | rows=[7] | cols=[2] | col_header=False | row_header=False | metadata=False
Cell D8 | value='58963' | fill=00000000 | rows=[7] | cols=[3] | col_header=False | row_header=False | metadata=False
Cell E8 | value='191432' | fill=00000000 | rows=[7] | cols=[4] | col_header=False | row_header=False | metadata=False
Cell A9 | value='2015' | fill=00000000 | rows=[8, 9, 10, 11] | cols=[0] | col_header=False | row_header=False | metadata=False
Cell B9 | value='Q1' | fill=00000000 | rows=[8] | cols=[1] | col_header=False | row_header=False | metadata=False
Cell C9 | value='44202' | fill=00000000 | rows=[8] | cols=[2] | col_header=False | row_header=False | metadata=False
Cell D9 | value='19014' | fill=00000000 | rows=[8] | cols=[3] | col_header=False | row_header=False | metadata=False
Cell E9 | value='222387' | fill=00000000 | rows=[8] | cols=[4] | col_header=False | row_header=False | metadata=False
Cell B10 | value='Q2' | fill=00000000 | rows=[9] | cols=[1] | col_header=False | row_header=False | metadata=False
Cell C10 | value='50710' | fill=00000000 | rows=[9] | cols=[2] | col_header=False | row_header=False | metadata=False
Cell D10 | value='27260' | fill=00000000 | rows=[9] | cols=[3] | col_header=False | row_header=False | metadata=False
Cell E10 | value='265724' | fill=00000000 | rows=[9] | cols=[4] | col_header=False | row_header=False | metadata=False
Cell B11 | value='Q3' | fill=00000000 | rows=[10] | cols=[1] | col_header=False | row_header=False | metadata=False
Cell C11 | value='59247' | fill=00000000 | rows=[10] | cols=[2] | col_header=False | row_header=False | metadata=False
Cell D11 | value='34907' | fill=00000000 | rows=[10] | cols=[3] | col_header=False | row_header=False | metadata=False
Cell E11 | value='294546' | fill=00000000 | rows=[10] | cols=[4] | col_header=False | row_header=False | metadata=False
Cell B12 | value='Q4' | fill=00000000 | rows=[11] | cols=[1] | col_header=False | row_header=False | metadata=False
Cell C12 | value='64151' | fill=00000000 | rows=[11] | cols=[2] | col_header=False | row_header=False | metadata=False
Cell D12 | value='39298' | fill=00000000 | rows=[11] | cols=[3] | col_header=False | row_header=False | metadata=False
Cell E12 | value='334708' | fill=00000000 | rows=[11] | cols=[4] | col_header=False | row_header=False | metadata=False
Cell A13 | value='2016' | fill=00000000 | rows=[12, 13, 14, 15] | cols=[0] | col_header=False | row_header=False | metadata=False
Cell B13 | value='Q1' | fill=00000000 | rows=[12] | cols=[1] | col_header=False | row_header=False | metadata=False
Cell C13 | value='75761' | fill=00000000 | rows=[12] | cols=[2] | col_header=False | row_header=False | metadata=False
Cell D13 | value='47426' | fill=00000000 | rows=[12] | cols=[3] | col_header=False | row_header=False | metadata=False
Cell E13 | value='378839' | fill=00000000 | rows=[12] | cols=[4] | col_header=False | row_header=False | metadata=False
Cell B14 | value='Q2' | fill=00000000 | rows=[13] | cols=[1] | col_header=False | row_header=False | metadata=False
Cell C14 | value='91938' | fill=00000000 | rows=[13] | cols=[2] | col_header=False | row_header=False | metadata=False
Cell D14 | value='47049' | fill=00000000 | rows=[13] | cols=[3] | col_header=False | row_header=False | metadata=False
Cell E14 | value='431853' | fill=00000000 | rows=[13] | cols=[4] | col_header=False | row_header=False | metadata=False
Cell B15 | value='Q3' | fill=00000000 | rows=[14] | cols=[1] | col_header=False | row_header=False | metadata=False
Cell C15 | value='107820' | fill=00000000 | rows=[14] | cols=[2] | col_header=False | row_header=False | metadata=False
Cell D15 | value='56352' | fill=00000000 | rows=[14] | cols=[3] | col_header=False | row_header=False | metadata=False
Cell E15 | value='494200' | fill=00000000 | rows=[14] | cols=[4] | col_header=False | row_header=False | metadata=False
Cell B16 | value='Q4' | fill=00000000 | rows=[15] | cols=[1] | col_header=False | row_header=False | metadata=False
Cell C16 | value='106850' | fill=00000000 | rows=[15] | cols=[2] | col_header=False | row_header=False | metadata=False
Cell D16 | value='56062' | fill=00000000 | rows=[15] | cols=[3] | col_header=False | row_header=False | metadata=False
Cell E16 | value='552931' | fill=00000000 | rows=[15] | cols=[4] | col_header=False | row_header=False | metadata=False
Cell A17 | value='2017' | fill=00000000 | rows=[16, 17, 18, 19] | cols=[0] | col_header=False | row_header=False | metadata=False
Cell B17 | value='Q1' | fill=00000000 | rows=[16] | cols=[1] | col_header=False | row_header=False | metadata=False
Cell C17 | value='116488' | fill=00000000 | rows=[16] | cols=[2] | col_header=False | row_header=False | metadata=False
Cell D17 | value='63559' | fill=00000000 | rows=[16] | cols=[3] | col_header=False | row_header=False | metadata=False
Cell E17 | value='611598' | fill=00000000 | rows=[16] | cols=[4] | col_header=False | row_header=False | metadata=False
Cell B18 | value='Q2' | fill=00000000 | rows=[17] | cols=[1] | col_header=False | row_header=False | metadata=False
Cell C18 | value='121922' | fill=00000000 | rows=[17] | cols=[2] | col_header=False | row_header=False | metadata=False
Cell D18 | value='62789' | fill=00000000 | rows=[17] | cols=[3] | col_header=False | row_header=False | metadata=False
Cell E18 | value='669426' | fill=00000000 | rows=[17] | cols=[4] | col_header=False | row_header=False | metadata=False
Cell B19 | value='Q3' | fill=00000000 | rows=[18] | cols=[1] | col_header=False | row_header=False | metadata=False
Cell C19 | value='144809' | fill=00000000 | rows=[18] | cols=[2] | col_header=False | row_header=False | metadata=False
Cell D19 | value='78615' | fill=00000000 | rows=[18] | cols=[3] | col_header=False | row_header=False | metadata=False
Cell E19 | value='739719' | fill=00000000 | rows=[18] | cols=[4] | col_header=False | row_header=False | metadata=False
Cell B20 | value='Q4' | fill=00000000 | rows=[19] | cols=[1] | col_header=False | row_header=False | metadata=False
Cell C20 | value='130243' | fill=00000000 | rows=[19] | cols=[2] | col_header=False | row_header=False | metadata=False
Cell D20 | value='71915' | fill=00000000 | rows=[19] | cols=[3] | col_header=False | row_header=False | metadata=False
Cell E20 | value='802040' | fill=00000000 | rows=[19] | cols=[4] | col_header=False | row_header=False | metadata=False
Cell A21 | value='2018' | fill=00000000 | rows=[20] | cols=[0] | col_header=False | row_header=False | metadata=False
Cell B21 | value='Q1' | fill=00000000 | rows=[20] | cols=[1] | col_header=False | row_header=False | metadata=False
Cell C21 | value='169513' | fill=00000000 | rows=[20] | cols=[2] | col_header=False | row_header=False | metadata=False
Cell D21 | value='71518' | fill=00000000 | rows=[20] | cols=[3] | col_header=False | row_header=False | metadata=False
Cell E21 | value='874379' | fill=00000000 | rows=[20] | cols=[4] | col_header=False | row_header=False | metadata=False
Cell A22 | value='TOTAL' | fill=FF00B050 | rows=[21] | cols=[0, 1] | col_header=False | row_header=True | metadata=False
Cell C22 | value='1530697' | fill=00000000 | rows=[21] | cols=[2] | col_header=False | row_header=False | metadata=False
Cell D22 | value='776880' | fill=00000000 | rows=[21] | cols=[3] | col_header=False | row_header=False | metadata=False
Cell E22 | value='874379' | fill=00000000 | rows=[21] | cols=[4] | col_header=False | row_header=False | metadata=False
Cell A24 | value='Notes:' | fill=FF00B0F0 | rows=[23] | cols=[0] | col_header=False | row_header=False | metadata=True
Cell A25 | value='This report includes information only about those borrowers who have self-identified themselves as interested in PSLF based on their submission of an ECF.' | fill=FF00B0F0 | rows=[24] | cols=[0, 1, 2, 3, 4] | col_header=False | row_header=False | metadata=True
Cell A26 | value='Although no borrower will be eligible for forgiveness under this program until October 2017, the Department introduced a voluntary Employment Certification Form in January 2012 to help borrowers track their progress toward meeting PSLF requirements.' | fill=FF00B0F0 | rows=[25] | cols=[0, 1, 2, 3, 4] | col_header=False | row_header=False | metadata=True
Cell A27 | value='Borrowers are encouraged, but not required, to submit an ECF annually or whenever they change jobs to help track their progress toward meeting the PSLF eligibility requirements. Some borrowers may choose to wait until they are eligible for forgiveness before submitting documentation about their employment.' | fill=FF00B0F0 | rows=[26] | cols=[0, 1, 2, 3, 4] | col_header=False | row_header=False | metadata=True
Cell A28 | value='Cumulative PSLF borrowers are borrowers who have one or more approved ECFs.' | fill=FF00B0F0 | rows=[27] | cols=[0, 1, 2, 3, 4] | col_header=False | row_header=False | metadata=True

