=== economy-table12.xlsx ===
Cell A1 | value='Number of tables on this sheet:' | fill=FF00B0F0 | rows=[0] | cols=[0] | col_header=True | row_header=True | metadata=True
Cell D1 | value='3' | fill=FF00B0F0 | rows=[0] | cols=[3] | col_header=False | row_header=False | metadata=True
Cell A3 | value='GVA in the CASE sectors' | fill=FF00B0F0 | rows=[2] | cols=[0] | col_header=False | row_header=False | metadata=True
Cell A4 | value='Data owner:' | fill=FF00B050 | rows=[3] | cols=[0] | col_header=False | row_header=True | metadata=False
Cell C4 | value='Office of National Statistics' | fill=00000000 | rows=[3] | cols=[2] | col_header=False | row_header=False | metadata=False
Cell A5 | value='Link to data owner:' | fill=FF00B050 | rows=[4] | cols=[0] | col_header=False | row_header=True | metadata=False
Cell C5 | value='http://www.ons.gov.uk' | fill=00000000 | rows=[4] | cols=[2] | col_header=False | row_header=False | metadata=False
Cell A6 | value='Data source:' | fill=FF00B050 | rows=[5] | cols=[0] | col_header=False | row_header=True | metadata=False
Cell C6 | value='Annual Business Inquiry (ABI)' | fill=00000000 | rows=[5] | cols=[2] | col_header=False | row_header=False | metadata=False
Cell A7 | value='Link to data source:' | fill=FF00B050 | rows=[6] | cols=[0] | col_header=False | row_header=True | metadata=False
Cell C7 | value='http://www.statistics.gov.uk/abi/' | fill=00000000 | rows=[6] | cols=[2] | col_header=False | row_header=False | metadata=False
Cell A8 | value='Date:' | fill=FF00B050 | rows=[7] | cols=[0] | col_header=False | row_header=True | metadata=False
Cell C8 | value='2007/08, 2006/07, 2005/06' | fill=00000000 | rows=[7] | cols=[2] | col_header=False | row_header=False | metadata=False
Cell A9 | value='Update cycle:' | fill=FF00B050 | rows=[8] | cols=[0] | col_header=False | row_header=True | metadata=False
Cell C9 | value='Yearly' | fill=00000000 | rows=[8] | cols=[2] | col_header=False | row_header=False | metadata=False
Cell A12 | value='GVA in the CASE sectors: sector by region in 2005/06 and 2007/08 (£ thousands)' | fill=FF00B0F0 | rows=[11] | cols=[0] | col_header=False | row_header=False | metadata=True
Cell B13 | value='East Midlands' | fill=00000000 | rows=[12] | cols=[1, 2] | col_header=False | row_header=False | metadata=False
Cell D13 | value='East of England' | fill=00000000 | rows=[12] | cols=[3, 4] | col_header=False | row_header=False | metadata=False
Cell F13 | value='London' | fill=00000000 | rows=[12] | cols=[5, 6] | col_header=False | row_header=False | metadata=False
Cell H13 | value='North East' | fill=00000000 | rows=[12] | cols=[7, 8] | col_header=False | row_header=False | metadata=False
Cell J13 | value='North West' | fill=00000000 | rows=[12] | cols=[9, 10] | col_header=False | row_header=False | metadata=False
Cell L13 | value='South East' | fill=00000000 | rows=[12] | cols=[11, 12] | col_header=False | row_header=False | metadata=False
Cell N13 | value='South West' | fill=00000000 | rows=[12] | cols=[13, 14] | col_header=False | row_header=False | metadata=False
Cell P13 | value='West Midlands' | fill=00000000 | rows=[12] | cols=[15, 16] | col_header=False | row_header=False | metadata=False
Cell R13 | value='Yorkshire and the Humber' | fill=00000000 | rows=[12] | cols=[17, 18] | col_header=False | row_header=False | metadata=False
Cell T13 | value='England' | fill=00000000 | rows=[12] | cols=[19, 20] | col_header=False | row_header=False | metadata=False
Cell A14 | value='Sector' | fill=FFFFFF00 | rows=[13] | cols=[0] | col_header=True | row_header=False | metadata=False
Cell B14 | value='2005/06' | fill=9 | rows=[13] | cols=[1] | col_header=False | row_header=False | metadata=False
Cell C14 | value='2007/08' | fill=9 | rows=[13] | cols=[2] | col_header=False | row_header=False | metadata=False
Cell D14 | value='2005/06' | fill=9 | rows=[13] | cols=[3] | col_header=False | row_header=False | metadata=False
Cell E14 | value='2007/08' | fill=9 | rows=[13] | cols=[4] | col_header=False | row_header=False | metadata=False
Cell F14 | value='2005/06' | fill=9 | rows=[13] | cols=[5] | col_header=False | row_header=False | metadata=False
Cell G14 | value='2007/08' | fill=9 | rows=[13] | cols=[6] | col_header=False | row_header=False | metadata=False
Cell H14 | value='2005/06' | fill=9 | rows=[13] | cols=[7] | col_header=False | row_header=False | metadata=False
Cell I14 | value='2007/08' | fill=9 | rows=[13] | cols=[8] | col_header=False | row_header=False | metadata=False
Cell J14 | value='2005/06' | fill=9 | rows=[13] | cols=[9] | col_header=False | row_header=False | metadata=False
Cell K14 | value='2007/08' | fill=9 | rows=[13] | cols=[10] | col_header=False | row_header=False | metadata=False
Cell L14 | value='2005/06' | fill=9 | rows=[13] | cols=[11] | col_header=False | row_header=False | metadata=False
Cell M14 | value='2007/08' | fill=9 | rows=[13] | cols=[12] | col_header=False | row_header=False | metadata=False
Cell N14 | value='2005/06' | fill=9 | rows=[13] | cols=[13] | col_header=False | row_header=False | metadata=False
Cell O14 | value='2007/08' | fill=9 | rows=[13] | cols=[14] | col_header=False | row_header=False | metadata=False
Cell P14 | value='2005/06' | fill=9 | rows=[13] | cols=[15] | col_header=False | row_header=False | metadata=False
Cell Q14 | value='2007/08' | fill=9 | rows=[13] | cols=[16] | col_header=False | row_header=False | metadata=False
Cell R14 | value='2005/06' | fill=9 | rows=[13] | cols=[17] | col_header=False | row_header=False | metadata=False
Cell S14 | value='2007/08' | fill=9 | rows=[13] | cols=[18] | col_header=False | row_header=False | metadata=False
Cell T14 | value='2005/06' | fill=9 | rows=[13] | cols=[19] | col_header=False | row_header=False | metadata=False
Cell U14 | value='2007/08' | fill=9 | rows=[13] | cols=[20] | col_header=False | row_header=False | metadata=False
Cell A15 | value='Creative' | fill=9 | rows=[14] | cols=[0] | col_header=False | row_header=False | metadata=False
Cell B15 | value='1427751.24186688' | fill=9 | rows=[14] | cols=[1] | col_header=False | row_header=False | metadata=False
Cell C15 | value='1899270.7156851' | fill=9 | rows=[14] | cols=[2] | col_header=False | row_header=False | metadata=False
Cell D15 | value='3173375.08085819' | fill=9 | rows=[14] | cols=[3] | col_header=False | row_header=False | metadata=False
Cell E15 | value='3302667.10248098' | fill=9 | rows=[14] | cols=[4] | col_header=False | row_header=False | metadata=False
Cell F15 | value='21794240.1053267' | fill=9 | rows=[14] | cols=[5] | col_header=False | row_header=False | metadata=False
Cell G15 | value='24020715.761694' | fill=9 | rows=[14] | cols=[6] | col_header=False | row_header=False | metadata=False
Cell H15 | value='815804.981286455' | fill=9 | rows=[14] | cols=[7] | col_header=False | row_header=False | metadata=False
Cell I15 | value='930127.73558019' | fill=9 | rows=[14] | cols=[8] | col_header=False | row_header=False | metadata=False
Cell J15 | value='3272904.88375806' | fill=9 | rows=[14] | cols=[9] | col_header=False | row_header=False | metadata=False
Cell K15 | value='4349956.52096716' | fill=9 | rows=[14] | cols=[10] | col_header=False | row_header=False | metadata=False
Cell L15 | value='10933427.6824387' | fill=9 | rows=[14] | cols=[11] | col_header=False | row_header=False | metadata=False
Cell M15 | value='10882020.1397565' | fill=9 | rows=[14] | cols=[12] | col_header=False | row_header=False | metadata=False
Cell N15 | value='2404205.3605103' | fill=9 | rows=[14] | cols=[13] | col_header=False | row_header=False | metadata=False
Cell O15 | value='2561668.48330166' | fill=9 | rows=[14] | cols=[14] | col_header=False | row_header=False | metadata=False
Cell P15 | value='2602535.09292718' | fill=9 | rows=[14] | cols=[15] | col_header=False | row_header=False | metadata=False
Cell Q15 | value='2775419.55557656' | fill=9 | rows=[14] | cols=[16] | col_header=False | row_header=False | metadata=False
Cell R15 | value='2086978.91138893' | fill=9 | rows=[14] | cols=[17] | col_header=False | row_header=False | metadata=False
Cell S15 | value='2182638.09374523' | fill=9 | rows=[14] | cols=[18] | col_header=False | row_header=False | metadata=False
Cell T15 | value='48614990.8461654' | fill=9 | rows=[14] | cols=[19] | col_header=False | row_header=False | metadata=False
Cell U15 | value='53708762.9701517' | fill=9 | rows=[14] | cols=[20] | col_header=False | row_header=False | metadata=False
Cell A16 | value='Heritage' | fill=9 | rows=[15] | cols=[0] | col_header=False | row_header=False | metadata=False
Cell B16 | value='3009.94536295448' | fill=9 | rows=[15] | cols=[1] | col_header=False | row_header=False | metadata=False
Cell C16 | value='2938.6854095802' | fill=9 | rows=[15] | cols=[2] | col_header=False | row_header=False | metadata=False
Cell D16 | value='2987.8122816864' | fill=9 | rows=[15] | cols=[3] | col_header=False | row_header=False | metadata=False
Cell E16 | value='2685.34946496015' | fill=9 | rows=[15] | cols=[4] | col_header=False | row_header=False | metadata=False
Cell F16 | value='14614.6528078021' | fill=9 | rows=[15] | cols=[5] | col_header=False | row_header=False | metadata=False
Cell G16 | value='17287.0666695885' | fill=9 | rows=[15] | cols=[6] | col_header=False | row_header=False | metadata=False
Cell H16 | value='1553.67049833885' | fill=9 | rows=[15] | cols=[7] | col_header=False | row_header=False | metadata=False
Cell I16 | value='2833.1299887' | fill=9 | rows=[15] | cols=[8] | col_header=False | row_header=False | metadata=False
Cell J16 | value='3711.10236195173' | fill=9 | rows=[15] | cols=[9] | col_header=False | row_header=False | metadata=False
Cell K16 | value='2326.00287750895' | fill=9 | rows=[15] | cols=[10] | col_header=False | row_header=False | metadata=False
Cell L16 | value='15449.8929533136' | fill=9 | rows=[15] | cols=[11] | col_header=False | row_header=False | metadata=False
Cell M16 | value='18725.5246997168' | fill=9 | rows=[15] | cols=[12] | col_header=False | row_header=False | metadata=False
Cell N16 | value='7652.83000123453' | fill=9 | rows=[15] | cols=[13] | col_header=False | row_header=False | metadata=False
Cell O16 | value='9386.7864632743' | fill=9 | rows=[15] | cols=[14] | col_header=False | row_header=False | metadata=False
Cell P16 | value='7400.84246064073' | fill=9 | rows=[15] | cols=[15] | col_header=False | row_header=False | metadata=False
Cell Q16 | value='7949.44429664465' | fill=9 | rows=[15] | cols=[16] | col_header=False | row_header=False | metadata=False
Cell R16 | value='6845.12828017905' | fill=9 | rows=[15] | cols=[17] | col_header=False | row_header=False | metadata=False
Cell S16 | value='6705.45746634537' | fill=9 | rows=[15] | cols=[18] | col_header=False | row_header=False | metadata=False
Cell T16 | value='43313.8949273293' | fill=9 | rows=[15] | cols=[19] | col_header=False | row_header=False | metadata=False
Cell U16 | value='54797.051687349' | fill=9 | rows=[15] | cols=[20] | col_header=False | row_header=False | metadata=False
Cell A17 | value='MLA' | fill=9 | rows=[16] | cols=[0] | col_header=False | row_header=False | metadata=False
Cell B17 | value='19111.7083151214' | fill=9 | rows=[16] | cols=[1] | col_header=False | row_header=False | metadata=False
Cell C17 | value='12044.6834503322' | fill=9 | rows=[16] | cols=[2] | col_header=False | row_header=False | metadata=False
Cell D17 | value='17958.0968479146' | fill=9 | rows=[16] | cols=[3] | col_header=False | row_header=False | metadata=False
Cell E17 | value='17128.2567854732' | fill=9 | rows=[16] | cols=[4] | col_header=False | row_header=False | metadata=False
Cell F17 | value='62405.9658082213' | fill=9 | rows=[16] | cols=[5] | col_header=False | row_header=False | metadata=False
Cell G17 | value='67347.7898703201' | fill=9 | rows=[16] | cols=[6] | col_header=False | row_header=False | metadata=False
Cell H17 | value='7374.07451466725' | fill=9 | rows=[16] | cols=[7] | col_header=False | row_header=False | metadata=False
Cell I17 | value='9596.8212344583' | fill=9 | rows=[16] | cols=[8] | col_header=False | row_header=False | metadata=False
Cell J17 | value='22062.4611693086' | fill=9 | rows=[16] | cols=[9] | col_header=False | row_header=False | metadata=False
Cell K17 | value='10869.696973497' | fill=9 | rows=[16] | cols=[10] | col_header=False | row_header=False | metadata=False
Cell L17 | value='61307.24445648' | fill=9 | rows=[16] | cols=[11] | col_header=False | row_header=False | metadata=False
Cell M17 | value='64709.669358285' | fill=9 | rows=[16] | cols=[12] | col_header=False | row_header=False | metadata=False
Cell N17 | value='34412.6367299752' | fill=9 | rows=[16] | cols=[13] | col_header=False | row_header=False | metadata=False
Cell O17 | value='31754.3289829444' | fill=9 | rows=[16] | cols=[14] | col_header=False | row_header=False | metadata=False
Cell P17 | value='28371.1892214791' | fill=9 | rows=[16] | cols=[15] | col_header=False | row_header=False | metadata=False
Cell Q17 | value='29683.6397454714' | fill=9 | rows=[16] | cols=[16] | col_header=False | row_header=False | metadata=False
Cell R17 | value='20535.3848405372' | fill=9 | rows=[16] | cols=[17] | col_header=False | row_header=False | metadata=False
Cell S17 | value='20116.3723990361' | fill=9 | rows=[16] | cols=[18] | col_header=False | row_header=False | metadata=False
Cell T17 | value='250002.587336287' | fill=9 | rows=[16] | cols=[19] | col_header=False | row_header=False | metadata=False
Cell U17 | value='207250.659487198' | fill=9 | rows=[16] | cols=[20] | col_header=False | row_header=False | metadata=False
Cell A18 | value='Sport' | fill=9 | rows=[17] | cols=[0] | col_header=False | row_header=False | metadata=False
Cell B18 | value='394168.147200373' | fill=9 | rows=[17] | cols=[1] | col_header=False | row_header=False | metadata=False
Cell C18 | value='414753.40374137' | fill=9 | rows=[17] | cols=[2] | col_header=False | row_header=False | metadata=False
Cell D18 | value='636391.742142113' | fill=9 | rows=[17] | cols=[3] | col_header=False | row_header=False | metadata=False
Cell E18 | value='566796.937201021' | fill=9 | rows=[17] | cols=[4] | col_header=False | row_header=False | metadata=False
Cell F18 | value='1368170.54973941' | fill=9 | rows=[17] | cols=[5] | col_header=False | row_header=False | metadata=False
Cell G18 | value='1398080.08757722' | fill=9 | rows=[17] | cols=[6] | col_header=False | row_header=False | metadata=False
Cell H18 | value='240293.055975383' | fill=9 | rows=[17] | cols=[7] | col_header=False | row_header=False | metadata=False
Cell I18 | value='239400.104050491' | fill=9 | rows=[17] | cols=[8] | col_header=False | row_header=False | metadata=False
Cell J18 | value='708197.977658432' | fill=9 | rows=[17] | cols=[9] | col_header=False | row_header=False | metadata=False
Cell K18 | value='760919.301344964' | fill=9 | rows=[17] | cols=[10] | col_header=False | row_header=False | metadata=False
Cell L18 | value='1140244.11287132' | fill=9 | rows=[17] | cols=[11] | col_header=False | row_header=False | metadata=False
Cell M18 | value='1202476.34861193' | fill=9 | rows=[17] | cols=[12] | col_header=False | row_header=False | metadata=False
Cell N18 | value='338839.379945364' | fill=9 | rows=[17] | cols=[13] | col_header=False | row_header=False | metadata=False
Cell O18 | value='340770.665767324' | fill=9 | rows=[17] | cols=[14] | col_header=False | row_header=False | metadata=False
Cell P18 | value='385015.842283389' | fill=9 | rows=[17] | cols=[15] | col_header=False | row_header=False | metadata=False
Cell Q18 | value='400853.059670448' | fill=9 | rows=[17] | cols=[16] | col_header=False | row_header=False | metadata=False
Cell R18 | value='355184.617662965' | fill=9 | rows=[17] | cols=[17] | col_header=False | row_header=False | metadata=False
Cell S18 | value='367296.081231932' | fill=9 | rows=[17] | cols=[18] | col_header=False | row_header=False | metadata=False
Cell T18 | value='5566505.42547882' | fill=9 | rows=[17] | cols=[19] | col_header=False | row_header=False | metadata=False
Cell U18 | value='5691345.98919666' | fill=9 | rows=[17] | cols=[20] | col_header=False | row_header=False | metadata=False
Cell A20 | value='CASE' | fill=FF00B050 | rows=[19] | cols=[0] | col_header=False | row_header=True | metadata=False
Cell B20 | value='1844041.04274533' | fill=9 | rows=[19] | cols=[1] | col_header=False | row_header=False | metadata=False
Cell C20 | value='2329007.48828638' | fill=9 | rows=[19] | cols=[2] | col_header=False | row_header=False | metadata=False
Cell D20 | value='3830712.7321299' | fill=9 | rows=[19] | cols=[3] | col_header=False | row_header=False | metadata=False
Cell E20 | value='3889277.64593243' | fill=9 | rows=[19] | cols=[4] | col_header=False | row_header=False | metadata=False
Cell F20 | value='23239431.2736821' | fill=9 | rows=[19] | cols=[5] | col_header=False | row_header=False | metadata=False
Cell G20 | value='25503430.7058111' | fill=9 | rows=[19] | cols=[6] | col_header=False | row_header=False | metadata=False
Cell H20 | value='1065025.78227484' | fill=9 | rows=[19] | cols=[7] | col_header=False | row_header=False | metadata=False
Cell I20 | value='1181957.79085384' | fill=9 | rows=[19] | cols=[8] | col_header=False | row_header=False | metadata=False
Cell J20 | value='4006876.42494775' | fill=9 | rows=[19] | cols=[9] | col_header=False | row_header=False | metadata=False
Cell K20 | value='5124071.52216313' | fill=9 | rows=[19] | cols=[10] | col_header=False | row_header=False | metadata=False
Cell L20 | value='12150428.9327198' | fill=9 | rows=[19] | cols=[11] | col_header=False | row_header=False | metadata=False
Cell M20 | value='12167931.6824264' | fill=9 | rows=[19] | cols=[12] | col_header=False | row_header=False | metadata=False
Cell N20 | value='2785110.20718687' | fill=9 | rows=[19] | cols=[13] | col_header=False | row_header=False | metadata=False
Cell O20 | value='2943580.2645152' | fill=9 | rows=[19] | cols=[14] | col_header=False | row_header=False | metadata=False
Cell P20 | value='3023322.96689269' | fill=9 | rows=[19] | cols=[15] | col_header=False | row_header=False | metadata=False
Cell Q20 | value='3213905.69928912' | fill=9 | rows=[19] | cols=[16] | col_header=False | row_header=False | metadata=False
Cell R20 | value='2469544.04217261' | fill=9 | rows=[19] | cols=[17] | col_header=False | row_header=False | metadata=False
Cell S20 | value='2576756.00484254' | fill=9 | rows=[19] | cols=[18] | col_header=False | row_header=False | metadata=False
Cell T20 | value='54474812.7539078' | fill=9 | rows=[19] | cols=[19] | col_header=False | row_header=False | metadata=False
Cell U20 | value='59662156.6705229' | fill=9 | rows=[19] | cols=[20] | col_header=False | row_header=False | metadata=False

