=== economy-table13.xlsx ===
Cell B1 | value='East Midlands' | fill=9 | rows=[0] | cols=[1, 2] | col_header=False | row_header=False | metadata=False
Cell D1 | value='East of England' | fill=9 | rows=[0] | cols=[3, 4] | col_header=False | row_header=False | metadata=False
Cell F1 | value='London' | fill=9 | rows=[0] | cols=[5, 6] | col_header=False | row_header=False | metadata=False
Cell H1 | value='North East' | fill=9 | rows=[0] | cols=[7, 8] | col_header=False | row_header=False | metadata=False
Cell J1 | value='North West' | fill=9 | rows=[0] | cols=[9, 10] | col_header=False | row_header=False | metadata=False
Cell L1 | value='South East' | fill=9 | rows=[0] | cols=[11, 12] | col_header=False | row_header=False | metadata=False
Cell N1 | value='South West' | fill=9 | rows=[0] | cols=[13, 14] | col_header=False | row_header=False | metadata=False
Cell P1 | value='West Midlands' | fill=9 | rows=[0] | cols=[15, 16] | col_header=False | row_header=False | metadata=False
Cell R1 | value='Yorkshire and the Humber' | fill=9 | rows=[0] | cols=[17, 18] | col_header=False | row_header=False | metadata=False
Cell T1 | value='England' | fill=9 | rows=[0] | cols=[19, 20] | col_header=False | row_header=False | metadata=False
Cell A2 | value='Sector' | fill=FFFFFF00 | rows=[1] | cols=[0] | col_header=True | row_header=False | metadata=False
Cell B2 | value='Births' | fill=FFFFFF00 | rows=[1] | cols=[1] | col_header=True | row_header=False | metadata=False
Cell C2 | value='2009 Stock' | fill=FFFFFF00 | rows=[1] | cols=[2] | col_header=True | row_header=False | metadata=False
Cell D2 | value='Births' | fill=FFFFFF00 | rows=[1] | cols=[3] | col_header=True | row_header=False | metadata=False
Cell E2 | value='2009 Stock' | fill=FFFFFF00 | rows=[1] | cols=[4] | col_header=True | row_header=False | metadata=False
Cell F2 | value='Births' | fill=FFFFFF00 | rows=[1] | cols=[5] | col_header=True | row_header=False | metadata=False
Cell G2 | value='2009 Stock' | fill=FFFFFF00 | rows=[1] | cols=[6] | col_header=True | row_header=False | metadata=False
Cell H2 | value='Births' | fill=FFFFFF00 | rows=[1] | cols=[7] | col_header=True | row_header=False | metadata=False
Cell I2 | value='2009 Stock' | fill=FFFFFF00 | rows=[1] | cols=[8] | col_header=True | row_header=False | metadata=False
Cell J2 | value='Births' | fill=FFFFFF00 | rows=[1] | cols=[9] | col_header=True | row_header=False | metadata=False
Cell K2 | value='2009 Stock' | fill=FFFFFF00 | rows=[1] | cols=[10] | col_header=True | row_header=False | metadata=False
Cell L2 | value='Births' | fill=FFFFFF00 | rows=[1] | cols=[11] | col_header=True | row_header=False | metadata=False
Cell M2 | value='2009 Stock' | fill=FFFFFF00 | rows=[1] | cols=[12] | col_header=True | row_header=False | metadata=False
Cell N2 | value='Births' | fill=FFFFFF00 | rows=[1] | cols=[13] | col_header=True | row_header=False | metadata=False
Cell O2 | value='2009 Stock' | fill=FFFFFF00 | rows=[1] | cols=[14] | col_header=True | row_header=False | metadata=False
Cell P2 | value='Births' | fill=FFFFFF00 | rows=[1] | cols=[15] | col_header=True | row_header=False | metadata=False
Cell Q2 | value='2009 Stock' | fill=FFFFFF00 | rows=[1] | cols=[16] | col_header=True | row_header=False | metadata=False
Cell R2 | value='Births' | fill=FFFFFF00 | rows=[1] | cols=[17] | col_header=True | row_header=False | metadata=False
Cell S2 | value='2009 Stock' | fill=FFFFFF00 | rows=[1] | cols=[18] | col_header=True | row_header=False | metadata=False
Cell T2 | value='Births' | fill=FFFFFF00 | rows=[1] | cols=[19] | col_header=True | row_header=False | metadata=False
Cell U2 | value='2009 Stock' | fill=FFFFFF00 | rows=[1] | cols=[20] | col_header=True | row_header=False | metadata=False
Cell A3 | value='Creative' | fill=9 | rows=[2] | cols=[0] | col_header=False | row_header=False | metadata=False
Cell B3 | value='2964.52623650952' | fill=9 | rows=[2] | cols=[1] | col_header=False | row_header=False | metadata=False
Cell C3 | value='8361.85' | fill=9 | rows=[2] | cols=[2] | col_header=False | row_header=False | metadata=False
Cell D3 | value='6507.77833218884' | fill=9 | rows=[2] | cols=[3] | col_header=False | row_header=False | metadata=False
Cell E3 | value='17255.8' | fill=9 | rows=[2] | cols=[4] | col_header=False | row_header=False | metadata=False
Cell F3 | value='22870.4036805896' | fill=9 | rows=[2] | cols=[5] | col_header=False | row_header=False | metadata=False
Cell G3 | value='48714.6' | fill=9 | rows=[2] | cols=[6] | col_header=False | row_header=False | metadata=False
Cell H3 | value='1206.29466730195' | fill=9 | rows=[2] | cols=[7] | col_header=False | row_header=False | metadata=False
Cell I3 | value='3186.975' | fill=9 | rows=[2] | cols=[8] | col_header=False | row_header=False | metadata=False
Cell J3 | value='4124.66313055643' | fill=9 | rows=[2] | cols=[9] | col_header=False | row_header=False | metadata=False
Cell K3 | value='13184.8' | fill=9 | rows=[2] | cols=[10] | col_header=False | row_header=False | metadata=False
Cell L3 | value='12706.4803823944' | fill=9 | rows=[2] | cols=[11] | col_header=False | row_header=False | metadata=False
Cell M3 | value='33842.775' | fill=9 | rows=[2] | cols=[12] | col_header=False | row_header=False | metadata=False
Cell N3 | value='4141.2807830991' | fill=9 | rows=[2] | cols=[13] | col_header=False | row_header=False | metadata=False
Cell O3 | value='13085.825' | fill=9 | rows=[2] | cols=[14] | col_header=False | row_header=False | metadata=False
Cell P3 | value='4147.801147697' | fill=9 | rows=[2] | cols=[15] | col_header=False | row_header=False | metadata=False
Cell Q3 | value='10865.275' | fill=9 | rows=[2] | cols=[16] | col_header=False | row_header=False | metadata=False
Cell R3 | value='3006.14822491645' | fill=9 | rows=[2] | cols=[17] | col_header=False | row_header=False | metadata=False
Cell S3 | value='8249.275' | fill=9 | rows=[2] | cols=[18] | col_header=False | row_header=False | metadata=False
Cell T3 | value='61675.3765852532' | fill=9 | rows=[2] | cols=[19] | col_header=False | row_header=False | metadata=False
Cell U3 | value='156747.175' | fill=9 | rows=[2] | cols=[20] | col_header=False | row_header=False | metadata=False
Cell A4 | value='Heritage' | fill=9 | rows=[3] | cols=[0] | col_header=False | row_header=False | metadata=False
Cell B4 | value='1.29610050691008' | fill=9 | rows=[3] | cols=[1] | col_header=False | row_header=False | metadata=False
Cell C4 | value='13.75' | fill=9 | rows=[3] | cols=[2] | col_header=False | row_header=False | metadata=False
Cell D4 | value='1.49608878855642' | fill=9 | rows=[3] | cols=[3] | col_header=False | row_header=False | metadata=False
Cell E4 | value='23.75' | fill=9 | rows=[3] | cols=[4] | col_header=False | row_header=False | metadata=False
Cell F4 | value='5.71157475023138' | fill=9 | rows=[3] | cols=[5] | col_header=False | row_header=False | metadata=False
Cell G4 | value='38.75' | fill=9 | rows=[3] | cols=[6] | col_header=False | row_header=False | metadata=False
Cell H4 | value='0.704289476744636' | fill=9 | rows=[3] | cols=[7] | col_header=False | row_header=False | metadata=False
Cell I4 | value='7.5' | fill=9 | rows=[3] | cols=[8] | col_header=False | row_header=False | metadata=False
Cell J4 | value='1.1915857044306' | fill=9 | rows=[3] | cols=[9] | col_header=False | row_header=False | metadata=False
Cell K4 | value='18.75' | fill=9 | rows=[3] | cols=[10] | col_header=False | row_header=False | metadata=False
Cell L4 | value='3.1133496455563' | fill=9 | rows=[3] | cols=[11] | col_header=False | row_header=False | metadata=False
Cell M4 | value='35' | fill=9 | rows=[3] | cols=[12] | col_header=False | row_header=False | metadata=False
Cell N4 | value='2.04081662164625' | fill=9 | rows=[3] | cols=[13] | col_header=False | row_header=False | metadata=False
Cell O4 | value='33.75' | fill=9 | rows=[3] | cols=[14] | col_header=False | row_header=False | metadata=False
Cell P4 | value='0.490933361889685' | fill=9 | rows=[3] | cols=[15] | col_header=False | row_header=False | metadata=False
Cell Q4 | value='12.5' | fill=9 | rows=[3] | cols=[16] | col_header=False | row_header=False | metadata=False
Cell R4 | value='1.40566848383054' | fill=9 | rows=[3] | cols=[17] | col_header=False | row_header=False | metadata=False
Cell S4 | value='16.25' | fill=9 | rows=[3] | cols=[18] | col_header=False | row_header=False | metadata=False
Cell T4 | value='17.4504073397959' | fill=9 | rows=[3] | cols=[19] | col_header=False | row_header=False | metadata=False
Cell U4 | value='200' | fill=9 | rows=[3] | cols=[20] | col_header=False | row_header=False | metadata=False
Cell A5 | value='MLA' | fill=9 | rows=[4] | cols=[0] | col_header=False | row_header=False | metadata=False
Cell B5 | value='4.28199864599713' | fill=9 | rows=[4] | cols=[1] | col_header=False | row_header=False | metadata=False
Cell C5 | value='56.25' | fill=9 | rows=[4] | cols=[2] | col_header=False | row_header=False | metadata=False
Cell D5 | value='5.70724957724107' | fill=9 | rows=[4] | cols=[3] | col_header=False | row_header=False | metadata=False
Cell E5 | value='101.25' | fill=9 | rows=[4] | cols=[4] | col_header=False | row_header=False | metadata=False
Cell F5 | value='25.2493766870188' | fill=9 | rows=[4] | cols=[5] | col_header=False | row_header=False | metadata=False
Cell G5 | value='206.25' | fill=9 | rows=[4] | cols=[6] | col_header=False | row_header=False | metadata=False
Cell H5 | value='2.3180262598452' | fill=9 | rows=[4] | cols=[7] | col_header=False | row_header=False | metadata=False
Cell I5 | value='32.5' | fill=9 | rows=[4] | cols=[8] | col_header=False | row_header=False | metadata=False
Cell J5 | value='7.55539907342143' | fill=9 | rows=[4] | cols=[9] | col_header=False | row_header=False | metadata=False
Cell K5 | value='81.25' | fill=9 | rows=[4] | cols=[10] | col_header=False | row_header=False | metadata=False
Cell L5 | value='11.9614922429901' | fill=9 | rows=[4] | cols=[11] | col_header=False | row_header=False | metadata=False
Cell M5 | value='145' | fill=9 | rows=[4] | cols=[12] | col_header=False | row_header=False | metadata=False
Cell N5 | value='6.45111675929041' | fill=9 | rows=[4] | cols=[13] | col_header=False | row_header=False | metadata=False
Cell O5 | value='141.25' | fill=9 | rows=[4] | cols=[14] | col_header=False | row_header=False | metadata=False
Cell P5 | value='1.65600586496944' | fill=9 | rows=[4] | cols=[15] | col_header=False | row_header=False | metadata=False
Cell Q5 | value='52.5' | fill=9 | rows=[4] | cols=[16] | col_header=False | row_header=False | metadata=False
Cell R5 | value='4.34831796441137' | fill=9 | rows=[4] | cols=[17] | col_header=False | row_header=False | metadata=False
Cell S5 | value='68.75' | fill=9 | rows=[4] | cols=[18] | col_header=False | row_header=False | metadata=False
Cell T5 | value='69.528983075185' | fill=9 | rows=[4] | cols=[19] | col_header=False | row_header=False | metadata=False
Cell U5 | value='885' | fill=9 | rows=[4] | cols=[20] | col_header=False | row_header=False | metadata=False
Cell A6 | value='Sport' | fill=9 | rows=[5] | cols=[0] | col_header=False | row_header=False | metadata=False
Cell B6 | value='234.790121042247' | fill=9 | rows=[5] | cols=[1] | col_header=False | row_header=False | metadata=False
Cell C6 | value='1390' | fill=9 | rows=[5] | cols=[2] | col_header=False | row_header=False | metadata=False
Cell D6 | value='343.739457847165' | fill=9 | rows=[5] | cols=[3] | col_header=False | row_header=False | metadata=False
Cell E6 | value='2285' | fill=9 | rows=[5] | cols=[4] | col_header=False | row_header=False | metadata=False
Cell F6 | value='382.781931187471' | fill=9 | rows=[5] | cols=[5] | col_header=False | row_header=False | metadata=False
Cell G6 | value='1640' | fill=9 | rows=[5] | cols=[6] | col_header=False | row_header=False | metadata=False
Cell H6 | value='86.5537918728063' | fill=9 | rows=[5] | cols=[7] | col_header=False | row_header=False | metadata=False
Cell I6 | value='680' | fill=9 | rows=[5] | cols=[8] | col_header=False | row_header=False | metadata=False
Cell J6 | value='287.793962834356' | fill=9 | rows=[5] | cols=[9] | col_header=False | row_header=False | metadata=False
Cell K6 | value='1970' | fill=9 | rows=[5] | cols=[10] | col_header=False | row_header=False | metadata=False
Cell L6 | value='643.121285468277' | fill=9 | rows=[5] | cols=[11] | col_header=False | row_header=False | metadata=False
Cell M6 | value='3600' | fill=9 | rows=[5] | cols=[12] | col_header=False | row_header=False | metadata=False
Cell N6 | value='310.816753967929' | fill=9 | rows=[5] | cols=[13] | col_header=False | row_header=False | metadata=False
Cell O6 | value='2230' | fill=9 | rows=[5] | cols=[14] | col_header=False | row_header=False | metadata=False
Cell P6 | value='238.775305593445' | fill=9 | rows=[5] | cols=[15] | col_header=False | row_header=False | metadata=False
Cell Q6 | value='1505' | fill=9 | rows=[5] | cols=[16] | col_header=False | row_header=False | metadata=False
Cell R6 | value='390.476615602418' | fill=9 | rows=[5] | cols=[17] | col_header=False | row_header=False | metadata=False
Cell S6 | value='1650' | fill=9 | rows=[5] | cols=[18] | col_header=False | row_header=False | metadata=False
Cell T6 | value='2918.84922541611' | fill=9 | rows=[5] | cols=[19] | col_header=False | row_header=False | metadata=False
Cell U6 | value='16950' | fill=9 | rows=[5] | cols=[20] | col_header=False | row_header=False | metadata=False
Cell A8 | value='CASE' | fill=FF00B050 | rows=[7] | cols=[0] | col_header=False | row_header=True | metadata=False
Cell B8 | value='3204.89445670467' | fill=9 | rows=[7] | cols=[1] | col_header=False | row_header=False | metadata=False
Cell C8 | value='9821.85' | fill=9 | rows=[7] | cols=[2] | col_header=False | row_header=False | metadata=False
Cell D8 | value='6858.7211284018' | fill=9 | rows=[7] | cols=[3] | col_header=False | row_header=False | metadata=False
Cell E8 | value='19665.8' | fill=9 | rows=[7] | cols=[4] | col_header=False | row_header=False | metadata=False
Cell F8 | value='23284.1465632143' | fill=9 | rows=[7] | cols=[5] | col_header=False | row_header=False | metadata=False
Cell G8 | value='50599.6' | fill=9 | rows=[7] | cols=[6] | col_header=False | row_header=False | metadata=False
Cell H8 | value='1295.87077491135' | fill=9 | rows=[7] | cols=[7] | col_header=False | row_header=False | metadata=False
Cell I8 | value='3906.975' | fill=9 | rows=[7] | cols=[8] | col_header=False | row_header=False | metadata=False
Cell J8 | value='4421.20407816864' | fill=9 | rows=[7] | cols=[9] | col_header=False | row_header=False | metadata=False
Cell K8 | value='15254.8' | fill=9 | rows=[7] | cols=[10] | col_header=False | row_header=False | metadata=False
Cell L8 | value='13364.6765097512' | fill=9 | rows=[7] | cols=[11] | col_header=False | row_header=False | metadata=False
Cell M8 | value='37622.775' | fill=9 | rows=[7] | cols=[12] | col_header=False | row_header=False | metadata=False
Cell N8 | value='4460.58947044797' | fill=9 | rows=[7] | cols=[13] | col_header=False | row_header=False | metadata=False
Cell O8 | value='15490.825' | fill=9 | rows=[7] | cols=[14] | col_header=False | row_header=False | metadata=False
Cell P8 | value='4388.72339251731' | fill=9 | rows=[7] | cols=[15] | col_header=False | row_header=False | metadata=False
Cell Q8 | value='12435.275' | fill=9 | rows=[7] | cols=[16] | col_header=False | row_header=False | metadata=False
Cell R8 | value='3402.37882696711' | fill=9 | rows=[7] | cols=[17] | col_header=False | row_header=False | metadata=False
Cell S8 | value='9984.275' | fill=9 | rows=[7] | cols=[18] | col_header=False | row_header=False | metadata=False
Cell T8 | value='64681.2052010843' | fill=9 | rows=[7] | cols=[19] | col_header=False | row_header=False | metadata=False
Cell U8 | value='174782.175' | fill=9 | rows=[7] | cols=[20] | col_header=False | row_header=False | metadata=False

