=== economy-table101.xlsx ===
Cell A1 | value='Table 3a: Bankruptcies by petition type, England and Wales, seasonally adjusted, 1 January 2013 to 30 June 2023 [p][note 1]' | fill=FF00B0F0 | rows=[0] | cols=[0] | col_header=True | row_header=True | metadata=True
Cell A2 | value='Back to contents' | fill=FF00B0F0 | rows=[1] | cols=[0] | col_header=False | row_header=False | metadata=True
Cell B2 | value='Contents!A1' | fill=00000000 | rows=[1] | cols=[1] | col_header=False | row_header=False | metadata=False
Cell A3 | value='This worksheet contains one table. Some cells refer to notes which can be found in the Notes worksheet.' | fill=FF00B0F0 | rows=[2] | cols=[0] | col_header=False | row_header=False | metadata=True
Cell A4 | value='Some shorthand is used in this table, [r] = revised. See Notes worksheet for further details.' | fill=FF00B0F0 | rows=[3] | cols=[0] | col_header=False | row_header=False | metadata=True
Cell A5 | value='Source: Insolvency Service' | fill=FF00B0F0 | rows=[4] | cols=[0] | col_header=False | row_header=False | metadata=True
Cell A6 | value='Year' | fill=FFFFFF00 | rows=[5] | cols=[0] | col_header=True | row_header=False | metadata=False
Cell B6 | value='Quarter' | fill=FFFFFF00 | rows=[5] | cols=[1] | col_header=True | row_header=False | metadata=False
Cell C6 | value='Total bankruptcies [note 8]' | fill=00000000 | rows=[5] | cols=[2] | col_header=False | row_header=False | metadata=False
Cell D6 | value='r_total_bankruptcies' | fill=FFFFFF00 | rows=[5] | cols=[3] | col_header=True | row_header=False | metadata=False
Cell E6 | value='Creditors' petitions [note 2]' | fill=00000000 | rows=[5] | cols=[4] | col_header=False | row_header=False | metadata=False
Cell F6 | value='r_creditor' | fill=FFFFFF00 | rows=[5] | cols=[5] | col_header=True | row_header=False | metadata=False
Cell G6 | value='Debtors' applications [note 3]' | fill=00000000 | rows=[5] | cols=[6] | col_header=False | row_header=False | metadata=False
Cell H6 | value='r_debtor' | fill=FFFFFF00 | rows=[5] | cols=[7] | col_header=True | row_header=False | metadata=False
Cell A7 | value='2013' | fill=00000000 | rows=[6] | cols=[0] | col_header=False | row_header=False | metadata=False
Cell C7 | value='24565' | fill=00000000 | rows=[6] | cols=[2] | col_header=False | row_header=False | metadata=False
Cell E7 | value='5377' | fill=00000000 | rows=[6] | cols=[4] | col_header=False | row_header=False | metadata=False
Cell G7 | value='19188' | fill=00000000 | rows=[6] | cols=[6] | col_header=False | row_header=False | metadata=False
Cell A8 | value='2014' | fill=00000000 | rows=[7] | cols=[0] | col_header=False | row_header=False | metadata=False
Cell C8 | value='20339' | fill=00000000 | rows=[7] | cols=[2] | col_header=False | row_header=False | metadata=False
Cell E8 | value='4783' | fill=00000000 | rows=[7] | cols=[4] | col_header=False | row_header=False | metadata=False
Cell G8 | value='15556' | fill=00000000 | rows=[7] | cols=[6] | col_header=False | row_header=False | metadata=False
Cell A9 | value='2015' | fill=00000000 | rows=[8] | cols=[0] | col_header=False | row_header=False | metadata=False
Cell C9 | value='15849' | fill=00000000 | rows=[8] | cols=[2] | col_header=False | row_header=False | metadata=False
Cell E9 | value='4404' | fill=00000000 | rows=[8] | cols=[4] | col_header=False | row_header=False | metadata=False
Cell G9 | value='11445' | fill=00000000 | rows=[8] | cols=[6] | col_header=False | row_header=False | metadata=False
Cell A10 | value='2016' | fill=00000000 | rows=[9] | cols=[0] | col_header=False | row_header=False | metadata=False
Cell C10 | value='15051' | fill=00000000 | rows=[9] | cols=[2] | col_header=False | row_header=False | metadata=False
Cell E10 | value='3902' | fill=00000000 | rows=[9] | cols=[4] | col_header=False | row_header=False | metadata=False
Cell G10 | value='11149' | fill=00000000 | rows=[9] | cols=[6] | col_header=False | row_header=False | metadata=False
Cell A11 | value='2017' | fill=00000000 | rows=[10] | cols=[0] | col_header=False | row_header=False | metadata=False
Cell C11 | value='15108' | fill=00000000 | rows=[10] | cols=[2] | col_header=False | row_header=False | metadata=False
Cell E11 | value='3304' | fill=00000000 | rows=[10] | cols=[4] | col_header=False | row_header=False | metadata=False
Cell G11 | value='11804' | fill=00000000 | rows=[10] | cols=[6] | col_header=False | row_header=False | metadata=False
Cell A12 | value='2018' | fill=00000000 | rows=[11] | cols=[0] | col_header=False | row_header=False | metadata=False
Cell C12 | value='16643' | fill=00000000 | rows=[11] | cols=[2] | col_header=False | row_header=False | metadata=False
Cell E12 | value='3660' | fill=00000000 | rows=[11] | cols=[4] | col_header=False | row_header=False | metadata=False
Cell G12 | value='12983' | fill=00000000 | rows=[11] | cols=[6] | col_header=False | row_header=False | metadata=False
Cell A13 | value='2019' | fill=00000000 | rows=[12] | cols=[0] | col_header=False | row_header=False | metadata=False
Cell C13 | value='16743' | fill=00000000 | rows=[12] | cols=[2] | col_header=False | row_header=False | metadata=False
Cell E13 | value='3128' | fill=00000000 | rows=[12] | cols=[4] | col_header=False | row_header=False | metadata=False
Cell G13 | value='13615' | fill=00000000 | rows=[12] | cols=[6] | col_header=False | row_header=False | metadata=False
Cell A14 | value='2020' | fill=00000000 | rows=[13] | cols=[0] | col_header=False | row_header=False | metadata=False
Cell C14 | value='12657' | fill=00000000 | rows=[13] | cols=[2] | col_header=False | row_header=False | metadata=False
Cell E14 | value='1345' | fill=00000000 | rows=[13] | cols=[4] | col_header=False | row_header=False | metadata=False
Cell G14 | value='11312' | fill=00000000 | rows=[13] | cols=[6] | col_header=False | row_header=False | metadata=False
Cell A15 | value='2021' | fill=00000000 | rows=[14] | cols=[0] | col_header=False | row_header=False | metadata=False
Cell C15 | value='8722' | fill=00000000 | rows=[14] | cols=[2] | col_header=False | row_header=False | metadata=False
Cell E15 | value='1112' | fill=00000000 | rows=[14] | cols=[4] | col_header=False | row_header=False | metadata=False
Cell G15 | value='7610' | fill=00000000 | rows=[14] | cols=[6] | col_header=False | row_header=False | metadata=False
Cell A16 | value='2022' | fill=00000000 | rows=[15] | cols=[0] | col_header=False | row_header=False | metadata=False
Cell C16 | value='6679' | fill=00000000 | rows=[15] | cols=[2] | col_header=False | row_header=False | metadata=False
Cell E16 | value='1139' | fill=00000000 | rows=[15] | cols=[4] | col_header=False | row_header=False | metadata=False
Cell G16 | value='5540' | fill=00000000 | rows=[15] | cols=[6] | col_header=False | row_header=False | metadata=False
Cell A17 | value='2013' | fill=00000000 | rows=[16] | cols=[0] | col_header=False | row_header=False | metadata=False
Cell B17 | value='Q1' | fill=00000000 | rows=[16] | cols=[1] | col_header=False | row_header=False | metadata=False
Cell C17 | value='6457' | fill=00000000 | rows=[16] | cols=[2] | col_header=False | row_header=False | metadata=False
Cell D17 | value='[r]' | fill=00000000 | rows=[16] | cols=[3] | col_header=False | row_header=False | metadata=False
Cell E17 | value='1307' | fill=00000000 | rows=[16] | cols=[4] | col_header=False | row_header=False | metadata=False
Cell F17 | value='[r]' | fill=00000000 | rows=[16] | cols=[5] | col_header=False | row_header=False | metadata=False
Cell G17 | value='5208' | fill=00000000 | rows=[16] | cols=[6] | col_header=False | row_header=False | metadata=False
Cell H17 | value='[r]' | fill=00000000 | rows=[16] | cols=[7] | col_header=False | row_header=False | metadata=False
Cell A18 | value='2013' | fill=00000000 | rows=[17] | cols=[0] | col_header=False | row_header=False | metadata=False
Cell B18 | value='Q2' | fill=00000000 | rows=[17] | cols=[1] | col_header=False | row_header=False | metadata=False
Cell C18 | value='6366' | fill=00000000 | rows=[17] | cols=[2] | col_header=False | row_header=False | metadata=False
Cell D18 | value='[r]' | fill=00000000 | rows=[17] | cols=[3] | col_header=False | row_header=False | metadata=False
Cell E18 | value='1385' | fill=00000000 | rows=[17] | cols=[4] | col_header=False | row_header=False | metadata=False
Cell F18 | value='[r]' | fill=00000000 | rows=[17] | cols=[5] | col_header=False | row_header=False | metadata=False
Cell G18 | value='4935' | fill=00000000 | rows=[17] | cols=[6] | col_header=False | row_header=False | metadata=False
Cell H18 | value='[r]' | fill=00000000 | rows=[17] | cols=[7] | col_header=False | row_header=False | metadata=False
Cell A19 | value='2013' | fill=00000000 | rows=[18] | cols=[0] | col_header=False | row_header=False | metadata=False
Cell B19 | value='Q3' | fill=00000000 | rows=[18] | cols=[1] | col_header=False | row_header=False | metadata=False
Cell C19 | value='6042' | fill=00000000 | rows=[18] | cols=[2] | col_header=False | row_header=False | metadata=False
Cell E19 | value='1405' | fill=00000000 | rows=[18] | cols=[4] | col_header=False | row_header=False | metadata=False
Cell G19 | value='4638' | fill=00000000 | rows=[18] | cols=[6] | col_header=False | row_header=False | metadata=False
Cell H19 | value='[r]' | fill=00000000 | rows=[18] | cols=[7] | col_header=False | row_header=False | metadata=False
Cell A20 | value='2013' | fill=00000000 | rows=[19] | cols=[0] | col_header=False | row_header=False | metadata=False
Cell B20 | value='Q4' | fill=00000000 | rows=[19] | cols=[1] | col_header=False | row_header=False | metadata=False
Cell C20 | value='5700' | fill=00000000 | rows=[19] | cols=[2] | col_header=False | row_header=False | metadata=False
Cell E20 | value='1280' | fill=00000000 | rows=[19] | cols=[4] | col_header=False | row_header=False | metadata=False
Cell G20 | value='4407' | fill=00000000 | rows=[19] | cols=[6] | col_header=False | row_header=False | metadata=False
Cell A21 | value='2014' | fill=00000000 | rows=[20] | cols=[0] | col_header=False | row_header=False | metadata=False
Cell B21 | value='Q1' | fill=00000000 | rows=[20] | cols=[1] | col_header=False | row_header=False | metadata=False
Cell C21 | value='5410' | fill=00000000 | rows=[20] | cols=[2] | col_header=False | row_header=False | metadata=False
Cell E21 | value='1219' | fill=00000000 | rows=[20] | cols=[4] | col_header=False | row_header=False | metadata=False
Cell F21 | value='[r]' | fill=00000000 | rows=[20] | cols=[5] | col_header=False | row_header=False | metadata=False
Cell G21 | value='4214' | fill=00000000 | rows=[20] | cols=[6] | col_header=False | row_header=False | metadata=False
Cell H21 | value='[r]' | fill=00000000 | rows=[20] | cols=[7] | col_header=False | row_header=False | metadata=False
Cell A22 | value='2014' | fill=00000000 | rows=[21] | cols=[0] | col_header=False | row_header=False | metadata=False
Cell B22 | value='Q2' | fill=00000000 | rows=[21] | cols=[1] | col_header=False | row_header=False | metadata=False
Cell C22 | value='5489' | fill=00000000 | rows=[21] | cols=[2] | col_header=False | row_header=False | metadata=False
Cell D22 | value='[r]' | fill=00000000 | rows=[21] | cols=[3] | col_header=False | row_header=False | metadata=False
Cell E22 | value='1347' | fill=00000000 | rows=[21] | cols=[4] | col_header=False | row_header=False | metadata=False
Cell F22 | value='[r]' | fill=00000000 | rows=[21] | cols=[5] | col_header=False | row_header=False | metadata=False
Cell G22 | value='4123' | fill=00000000 | rows=[21] | cols=[6] | col_header=False | row_header=False | metadata=False
Cell H22 | value='[r]' | fill=00000000 | rows=[21] | cols=[7] | col_header=False | row_header=False | metadata=False
Cell A23 | value='2014' | fill=00000000 | rows=[22] | cols=[0] | col_header=False | row_header=False | metadata=False
Cell B23 | value='Q3' | fill=00000000 | rows=[22] | cols=[1] | col_header=False | row_header=False | metadata=False
Cell C23 | value='4912' | fill=00000000 | rows=[22] | cols=[2] | col_header=False | row_header=False | metadata=False
Cell D23 | value='[r]' | fill=00000000 | rows=[22] | cols=[3] | col_header=False | row_header=False | metadata=False
Cell E23 | value='1198' | fill=00000000 | rows=[22] | cols=[4] | col_header=False | row_header=False | metadata=False
Cell G23 | value='3721' | fill=00000000 | rows=[22] | cols=[6] | col_header=False | row_header=False | metadata=False
Cell A24 | value='2014' | fill=00000000 | rows=[23] | cols=[0] | col_header=False | row_header=False | metadata=False
Cell B24 | value='Q4' | fill=00000000 | rows=[23] | cols=[1] | col_header=False | row_header=False | metadata=False
Cell C24 | value='4528' | fill=00000000 | rows=[23] | cols=[2] | col_header=False | row_header=False | metadata=False
Cell E24 | value='1019' | fill=00000000 | rows=[23] | cols=[4] | col_header=False | row_header=False | metadata=False
Cell G24 | value='3498' | fill=00000000 | rows=[23] | cols=[6] | col_header=False | row_header=False | metadata=False
Cell A25 | value='2015' | fill=00000000 | rows=[24] | cols=[0] | col_header=False | row_header=False | metadata=False
Cell B25 | value='Q1' | fill=00000000 | rows=[24] | cols=[1] | col_header=False | row_header=False | metadata=False
Cell C25 | value='4216' | fill=00000000 | rows=[24] | cols=[2] | col_header=False | row_header=False | metadata=False
Cell E25 | value='1079' | fill=00000000 | rows=[24] | cols=[4] | col_header=False | row_header=False | metadata=False
Cell G25 | value='3143' | fill=00000000 | rows=[24] | cols=[6] | col_header=False | row_header=False | metadata=False
Cell H25 | value='[r]' | fill=00000000 | rows=[24] | cols=[7] | col_header=False | row_header=False | metadata=False
Cell A26 | value='2015' | fill=00000000 | rows=[25] | cols=[0] | col_header=False | row_header=False | metadata=False
Cell B26 | value='Q2' | fill=00000000 | rows=[25] | cols=[1] | col_header=False | row_header=False | metadata=False
Cell C26 | value='3965' | fill=00000000 | rows=[25] | cols=[2] | col_header=False | row_header=False | metadata=False
Cell E26 | value='1046' | fill=00000000 | rows=[25] | cols=[4] | col_header=False | row_header=False | metadata=False
Cell G26 | value='2918' | fill=00000000 | rows=[25] | cols=[6] | col_header=False | row_header=False | metadata=False
Cell H26 | value='[r]' | fill=00000000 | rows=[25] | cols=[7] | col_header=False | row_header=False | metadata=False
Cell A27 | value='2015' | fill=00000000 | rows=[26] | cols=[0] | col_header=False | row_header=False | metadata=False
Cell B27 | value='Q3' | fill=00000000 | rows=[26] | cols=[1] | col_header=False | row_header=False | metadata=False
Cell C27 | value='3881' | fill=00000000 | rows=[26] | cols=[2] | col_header=False | row_header=False | metadata=False
Cell E27 | value='1121' | fill=00000000 | rows=[26] | cols=[4] | col_header=False | row_header=False | metadata=False
Cell G27 | value='2767' | fill=00000000 | rows=[26] | cols=[6] | col_header=False | row_header=False | metadata=False
Cell A28 | value='2015' | fill=00000000 | rows=[27] | cols=[0] | col_header=False | row_header=False | metadata=False
Cell B28 | value='Q4' | fill=00000000 | rows=[27] | cols=[1] | col_header=False | row_header=False | metadata=False
Cell C28 | value='3787' | fill=00000000 | rows=[27] | cols=[2] | col_header=False | row_header=False | metadata=False
Cell E28 | value='1158' | fill=00000000 | rows=[27] | cols=[4] | col_header=False | row_header=False | metadata=False
Cell F28 | value='[r]' | fill=00000000 | rows=[27] | cols=[5] | col_header=False | row_header=False | metadata=False
Cell G28 | value='2618' | fill=00000000 | rows=[27] | cols=[6] | col_header=False | row_header=False | metadata=False
Cell H28 | value='[r]' | fill=00000000 | rows=[27] | cols=[7] | col_header=False | row_header=False | metadata=False
Cell A29 | value='2016' | fill=00000000 | rows=[28] | cols=[0] | col_header=False | row_header=False | metadata=False
Cell B29 | value='Q1' | fill=00000000 | rows=[28] | cols=[1] | col_header=False | row_header=False | metadata=False
Cell C29 | value='3608' | fill=00000000 | rows=[28] | cols=[2] | col_header=False | row_header=False | metadata=False
Cell E29 | value='1075' | fill=00000000 | rows=[28] | cols=[4] | col_header=False | row_header=False | metadata=False
Cell F29 | value='[r]' | fill=00000000 | rows=[28] | cols=[5] | col_header=False | row_header=False | metadata=False
Cell G29 | value='2571' | fill=00000000 | rows=[28] | cols=[6] | col_header=False | row_header=False | metadata=False
Cell A30 | value='2016' | fill=00000000 | rows=[29] | cols=[0] | col_header=False | row_header=False | metadata=False
Cell B30 | value='Q2' | fill=00000000 | rows=[29] | cols=[1] | col_header=False | row_header=False | metadata=False
Cell C30 | value='3669' | fill=00000000 | rows=[29] | cols=[2] | col_header=False | row_header=False | metadata=False
Cell D30 | value='[r]' | fill=00000000 | rows=[29] | cols=[3] | col_header=False | row_header=False | metadata=False
Cell E30 | value='947' | fill=00000000 | rows=[29] | cols=[4] | col_header=False | row_header=False | metadata=False
Cell F30 | value='[r]' | fill=00000000 | rows=[29] | cols=[5] | col_header=False | row_header=False | metadata=False
Cell G30 | value='2697' | fill=00000000 | rows=[29] | cols=[6] | col_header=False | row_header=False | metadata=False
Cell H30 | value='[r]' | fill=00000000 | rows=[29] | cols=[7] | col_header=False | row_header=False | metadata=False
Cell A31 | value='2016' | fill=00000000 | rows=[30] | cols=[0] | col_header=False | row_header=False | metadata=False
Cell B31 | value='Q3' | fill=00000000 | rows=[30] | cols=[1] | col_header=False | row_header=False | metadata=False
Cell C31 | value='3914' | fill=00000000 | rows=[30] | cols=[2] | col_header=False | row_header=False | metadata=False
Cell E31 | value='917' | fill=00000000 | rows=[30] | cols=[4] | col_header=False | row_header=False | metadata=False
Cell F31 | value='[r]' | fill=00000000 | rows=[30] | cols=[5] | col_header=False | row_header=False | metadata=False
Cell G31 | value='3004' | fill=00000000 | rows=[30] | cols=[6] | col_header=False | row_header=False | metadata=False
Cell A32 | value='2016' | fill=00000000 | rows=[31] | cols=[0] | col_header=False | row_header=False | metadata=False
Cell B32 | value='Q4' | fill=00000000 | rows=[31] | cols=[1] | col_header=False | row_header=False | metadata=False
Cell C32 | value='3861' | fill=00000000 | rows=[31] | cols=[2] | col_header=False | row_header=False | metadata=False
Cell E32 | value='962' | fill=00000000 | rows=[31] | cols=[4] | col_header=False | row_header=False | metadata=False
Cell G32 | value='2877' | fill=00000000 | rows=[31] | cols=[6] | col_header=False | row_header=False | metadata=False
Cell H32 | value='[r]' | fill=00000000 | rows=[31] | cols=[7] | col_header=False | row_header=False | metadata=False
Cell A33 | value='2017' | fill=00000000 | rows=[32] | cols=[0] | col_header=False | row_header=False | metadata=False
Cell B33 | value='Q1' | fill=00000000 | rows=[32] | cols=[1] | col_header=False | row_header=False | metadata=False
Cell C33 | value='3788' | fill=00000000 | rows=[32] | cols=[2] | col_header=False | row_header=False | metadata=False
Cell D33 | value='[r]' | fill=00000000 | rows=[32] | cols=[3] | col_header=False | row_header=False | metadata=False
Cell E33 | value='847' | fill=00000000 | rows=[32] | cols=[4] | col_header=False | row_header=False | metadata=False
Cell G33 | value='2964' | fill=00000000 | rows=[32] | cols=[6] | col_header=False | row_header=False | metadata=False
Cell H33 | value='[r]' | fill=00000000 | rows=[32] | cols=[7] | col_header=False | row_header=False | metadata=False
Cell A34 | value='2017' | fill=00000000 | rows=[33] | cols=[0] | col_header=False | row_header=False | metadata=False
Cell B34 | value='Q2' | fill=00000000 | rows=[33] | cols=[1] | col_header=False | row_header=False | metadata=False
Cell C34 | value='3766' | fill=00000000 | rows=[33] | cols=[2] | col_header=False | row_header=False | metadata=False
Cell D34 | value='[r]' | fill=00000000 | rows=[33] | cols=[3] | col_header=False | row_header=False | metadata=False
Cell E34 | value='855' | fill=00000000 | rows=[33] | cols=[4] | col_header=False | row_header=False | metadata=False
Cell G34 | value='2925' | fill=00000000 | rows=[33] | cols=[6] | col_header=False | row_header=False | metadata=False
Cell H34 | value='[r]' | fill=00000000 | rows=[33] | cols=[7] | col_header=False | row_header=False | metadata=False
Cell A35 | value='2017' | fill=00000000 | rows=[34] | cols=[0] | col_header=False | row_header=False | metadata=False
Cell B35 | value='Q3' | fill=00000000 | rows=[34] | cols=[1] | col_header=False | row_header=False | metadata=False
Cell C35 | value='3740' | fill=00000000 | rows=[34] | cols=[2] | col_header=False | row_header=False | metadata=False
Cell E35 | value='809' | fill=00000000 | rows=[34] | cols=[4] | col_header=False | row_header=False | metadata=False
Cell F35 | value='[r]' | fill=00000000 | rows=[34] | cols=[5] | col_header=False | row_header=False | metadata=False
Cell G35 | value='2932' | fill=00000000 | rows=[34] | cols=[6] | col_header=False | row_header=False | metadata=False
Cell A36 | value='2017' | fill=00000000 | rows=[35] | cols=[0] | col_header=False | row_header=False | metadata=False
Cell B36 | value='Q4' | fill=00000000 | rows=[35] | cols=[1] | col_header=False | row_header=False | metadata=False
Cell C36 | value='3814' | fill=00000000 | rows=[35] | cols=[2] | col_header=False | row_header=False | metadata=False
Cell E36 | value='793' | fill=00000000 | rows=[35] | cols=[4] | col_header=False | row_header=False | metadata=False
Cell G36 | value='2983' | fill=00000000 | rows=[35] | cols=[6] | col_header=False | row_header=False | metadata=False
Cell H36 | value='[r]' | fill=00000000 | rows=[35] | cols=[7] | col_header=False | row_header=False | metadata=False
Cell A37 | value='2018' | fill=00000000 | rows=[36] | cols=[0] | col_header=False | row_header=False | metadata=False
Cell B37 | value='Q1' | fill=00000000 | rows=[36] | cols=[1] | col_header=False | row_header=False | metadata=False
Cell C37 | value='4096' | fill=00000000 | rows=[36] | cols=[2] | col_header=False | row_header=False | metadata=False
Cell E37 | value='986' | fill=00000000 | rows=[36] | cols=[4] | col_header=False | row_header=False | metadata=False
Cell F37 | value='[r]' | fill=00000000 | rows=[36] | cols=[5] | col_header=False | row_header=False | metadata=False
Cell G37 | value='3180' | fill=00000000 | rows=[36] | cols=[6] | col_header=False | row_header=False | metadata=False
Cell A38 | value='2018' | fill=00000000 | rows=[37] | cols=[0] | col_header=False | row_header=False | metadata=False
Cell B38 | value='Q2' | fill=00000000 | rows=[37] | cols=[1] | col_header=False | row_header=False | metadata=False
Cell C38 | value='4082' | fill=00000000 | rows=[37] | cols=[2] | col_header=False | row_header=False | metadata=False
Cell E38 | value='923' | fill=00000000 | rows=[37] | cols=[4] | col_header=False | row_header=False | metadata=False
Cell F38 | value='[r]' | fill=00000000 | rows=[37] | cols=[5] | col_header=False | row_header=False | metadata=False
Cell G38 | value='3168' | fill=00000000 | rows=[37] | cols=[6] | col_header=False | row_header=False | metadata=False
Cell H38 | value='[r]' | fill=00000000 | rows=[37] | cols=[7] | col_header=False | row_header=False | metadata=False
Cell A39 | value='2018' | fill=00000000 | rows=[38] | cols=[0] | col_header=False | row_header=False | metadata=False
Cell B39 | value='Q3' | fill=00000000 | rows=[38] | cols=[1] | col_header=False | row_header=False | metadata=False
Cell C39 | value='4247' | fill=00000000 | rows=[38] | cols=[2] | col_header=False | row_header=False | metadata=False
Cell E39 | value='933' | fill=00000000 | rows=[38] | cols=[4] | col_header=False | row_header=False | metadata=False
Cell F39 | value='[r]' | fill=00000000 | rows=[38] | cols=[5] | col_header=False | row_header=False | metadata=False
Cell G39 | value='3296' | fill=00000000 | rows=[38] | cols=[6] | col_header=False | row_header=False | metadata=False
Cell A40 | value='2018' | fill=00000000 | rows=[39] | cols=[0] | col_header=False | row_header=False | metadata=False
Cell B40 | value='Q4' | fill=00000000 | rows=[39] | cols=[1] | col_header=False | row_header=False | metadata=False
Cell C40 | value='4218' | fill=00000000 | rows=[39] | cols=[2] | col_header=False | row_header=False | metadata=False
Cell E40 | value='817' | fill=00000000 | rows=[39] | cols=[4] | col_header=False | row_header=False | metadata=False
Cell F40 | value='[r]' | fill=00000000 | rows=[39] | cols=[5] | col_header=False | row_header=False | metadata=False
Cell G40 | value='3339' | fill=00000000 | rows=[39] | cols=[6] | col_header=False | row_header=False | metadata=False
Cell H40 | value='[r]' | fill=00000000 | rows=[39] | cols=[7] | col_header=False | row_header=False | metadata=False
Cell A41 | value='2019' | fill=00000000 | rows=[40] | cols=[0] | col_header=False | row_header=False | metadata=False
Cell B41 | value='Q1' | fill=00000000 | rows=[40] | cols=[1] | col_header=False | row_header=False | metadata=False
Cell C41 | value='4060' | fill=00000000 | rows=[40] | cols=[2] | col_header=False | row_header=False | metadata=False
Cell D41 | value='[r]' | fill=00000000 | rows=[40] | cols=[3] | col_header=False | row_header=False | metadata=False
Cell E41 | value='784' | fill=00000000 | rows=[40] | cols=[4] | col_header=False | row_header=False | metadata=False
Cell F41 | value='[r]' | fill=00000000 | rows=[40] | cols=[5] | col_header=False | row_header=False | metadata=False
Cell G41 | value='3342' | fill=00000000 | rows=[40] | cols=[6] | col_header=False | row_header=False | metadata=False
Cell H41 | value='[r]' | fill=00000000 | rows=[40] | cols=[7] | col_header=False | row_header=False | metadata=False
Cell A42 | value='2019' | fill=00000000 | rows=[41] | cols=[0] | col_header=False | row_header=False | metadata=False
Cell B42 | value='Q2' | fill=00000000 | rows=[41] | cols=[1] | col_header=False | row_header=False | metadata=False
Cell C42 | value='4276' | fill=00000000 | rows=[41] | cols=[2] | col_header=False | row_header=False | metadata=False
Cell D42 | value='[r]' | fill=00000000 | rows=[41] | cols=[3] | col_header=False | row_header=False | metadata=False
Cell E42 | value='904' | fill=00000000 | rows=[41] | cols=[4] | col_header=False | row_header=False | metadata=False
Cell F42 | value='[r]' | fill=00000000 | rows=[41] | cols=[5] | col_header=False | row_header=False | metadata=False
Cell G42 | value='3417' | fill=00000000 | rows=[41] | cols=[6] | col_header=False | row_header=False | metadata=False
Cell H42 | value='[r]' | fill=00000000 | rows=[41] | cols=[7] | col_header=False | row_header=False | metadata=False
Cell A43 | value='2019' | fill=00000000 | rows=[42] | cols=[0] | col_header=False | row_header=False | metadata=False
Cell B43 | value='Q3' | fill=00000000 | rows=[42] | cols=[1] | col_header=False | row_header=False | metadata=False
Cell C43 | value='4258' | fill=00000000 | rows=[42] | cols=[2] | col_header=False | row_header=False | metadata=False
Cell D43 | value='[r]' | fill=00000000 | rows=[42] | cols=[3] | col_header=False | row_header=False | metadata=False
Cell E43 | value='799' | fill=00000000 | rows=[42] | cols=[4] | col_header=False | row_header=False | metadata=False
Cell F43 | value='[r]' | fill=00000000 | rows=[42] | cols=[5] | col_header=False | row_header=False | metadata=False
Cell G43 | value='3427' | fill=00000000 | rows=[42] | cols=[6] | col_header=False | row_header=False | metadata=False
Cell H43 | value='[r]' | fill=00000000 | rows=[42] | cols=[7] | col_header=False | row_header=False | metadata=False
Cell A44 | value='2019' | fill=00000000 | rows=[43] | cols=[0] | col_header=False | row_header=False | metadata=False
Cell B44 | value='Q4' | fill=00000000 | rows=[43] | cols=[1] | col_header=False | row_header=False | metadata=False
Cell C44 | value='4148' | fill=00000000 | rows=[43] | cols=[2] | col_header=False | row_header=False | metadata=False
Cell D44 | value='[r]' | fill=00000000 | rows=[43] | cols=[3] | col_header=False | row_header=False | metadata=False
Cell E44 | value='641' | fill=00000000 | rows=[43] | cols=[4] | col_header=False | row_header=False | metadata=False
Cell F44 | value='[r]' | fill=00000000 | rows=[43] | cols=[5] | col_header=False | row_header=False | metadata=False
Cell G44 | value='3429' | fill=00000000 | rows=[43] | cols=[6] | col_header=False | row_header=False | metadata=False
Cell H44 | value='[r]' | fill=00000000 | rows=[43] | cols=[7] | col_header=False | row_header=False | metadata=False
Cell A45 | value='2020' | fill=00000000 | rows=[44] | cols=[0] | col_header=False | row_header=False | metadata=False
Cell B45 | value='Q1' | fill=00000000 | rows=[44] | cols=[1] | col_header=False | row_header=False | metadata=False
Cell C45 | value='4180' | fill=00000000 | rows=[44] | cols=[2] | col_header=False | row_header=False | metadata=False
Cell D45 | value='[r]' | fill=00000000 | rows=[44] | cols=[3] | col_header=False | row_header=False | metadata=False
Cell E45 | value='590' | fill=00000000 | rows=[44] | cols=[4] | col_header=False | row_header=False | metadata=False
Cell F45 | value='[r]' | fill=00000000 | rows=[44] | cols=[5] | col_header=False | row_header=False | metadata=False
Cell G45 | value='3673' | fill=00000000 | rows=[44] | cols=[6] | col_header=False | row_header=False | metadata=False
Cell H45 | value='[r]' | fill=00000000 | rows=[44] | cols=[7] | col_header=False | row_header=False | metadata=False
Cell A46 | value='2020' | fill=00000000 | rows=[45] | cols=[0] | col_header=False | row_header=False | metadata=False
Cell B46 | value='Q2' | fill=00000000 | rows=[45] | cols=[1] | col_header=False | row_header=False | metadata=False
Cell C46 | value='2494' | fill=00000000 | rows=[45] | cols=[2] | col_header=False | row_header=False | metadata=False
Cell D46 | value='[r]' | fill=00000000 | rows=[45] | cols=[3] | col_header=False | row_header=False | metadata=False
Cell E46 | value='167' | fill=00000000 | rows=[45] | cols=[4] | col_header=False | row_header=False | metadata=False
Cell F46 | value='[r]' | fill=00000000 | rows=[45] | cols=[5] | col_header=False | row_header=False | metadata=False
Cell G46 | value='2343' | fill=00000000 | rows=[45] | cols=[6] | col_header=False | row_header=False | metadata=False
Cell H46 | value='[r]' | fill=00000000 | rows=[45] | cols=[7] | col_header=False | row_header=False | metadata=False
Cell A47 | value='2020' | fill=00000000 | rows=[46] | cols=[0] | col_header=False | row_header=False | metadata=False
Cell B47 | value='Q3' | fill=00000000 | rows=[46] | cols=[1] | col_header=False | row_header=False | metadata=False
Cell C47 | value='2900' | fill=00000000 | rows=[46] | cols=[2] | col_header=False | row_header=False | metadata=False
Cell E47 | value='280' | fill=00000000 | rows=[46] | cols=[4] | col_header=False | row_header=False | metadata=False
Cell F47 | value='[r]' | fill=00000000 | rows=[46] | cols=[5] | col_header=False | row_header=False | metadata=False
Cell G47 | value='2586' | fill=00000000 | rows=[46] | cols=[6] | col_header=False | row_header=False | metadata=False
Cell H47 | value='[r]' | fill=00000000 | rows=[46] | cols=[7] | col_header=False | row_header=False | metadata=False
Cell A48 | value='2020' | fill=00000000 | rows=[47] | cols=[0] | col_header=False | row_header=False | metadata=False
Cell B48 | value='Q4' | fill=00000000 | rows=[47] | cols=[1] | col_header=False | row_header=False | metadata=False
Cell C48 | value='3083' | fill=00000000 | rows=[47] | cols=[2] | col_header=False | row_header=False | metadata=False
Cell D48 | value='[r]' | fill=00000000 | rows=[47] | cols=[3] | col_header=False | row_header=False | metadata=False
Cell E48 | value='309' | fill=00000000 | rows=[47] | cols=[4] | col_header=False | row_header=False | metadata=False
Cell F48 | value='[r]' | fill=00000000 | rows=[47] | cols=[5] | col_header=False | row_header=False | metadata=False
Cell G48 | value='2711' | fill=00000000 | rows=[47] | cols=[6] | col_header=False | row_header=False | metadata=False
Cell A49 | value='2021' | fill=00000000 | rows=[48] | cols=[0] | col_header=False | row_header=False | metadata=False
Cell B49 | value='Q1' | fill=00000000 | rows=[48] | cols=[1] | col_header=False | row_header=False | metadata=False
Cell C49 | value='2589' | fill=00000000 | rows=[48] | cols=[2] | col_header=False | row_header=False | metadata=False
Cell D49 | value='[r]' | fill=00000000 | rows=[48] | cols=[3] | col_header=False | row_header=False | metadata=False
Cell E49 | value='296' | fill=00000000 | rows=[48] | cols=[4] | col_header=False | row_header=False | metadata=False
Cell F49 | value='[r]' | fill=00000000 | rows=[48] | cols=[5] | col_header=False | row_header=False | metadata=False
Cell G49 | value='2321' | fill=00000000 | rows=[48] | cols=[6] | col_header=False | row_header=False | metadata=False
Cell H49 | value='[r]' | fill=00000000 | rows=[48] | cols=[7] | col_header=False | row_header=False | metadata=False
Cell A50 | value='2021' | fill=00000000 | rows=[49] | cols=[0] | col_header=False | row_header=False | metadata=False
Cell B50 | value='Q2' | fill=00000000 | rows=[49] | cols=[1] | col_header=False | row_header=False | metadata=False
Cell C50 | value='2314' | fill=00000000 | rows=[49] | cols=[2] | col_header=False | row_header=False | metadata=False
Cell D50 | value='[r]' | fill=00000000 | rows=[49] | cols=[3] | col_header=False | row_header=False | metadata=False
Cell E50 | value='280' | fill=00000000 | rows=[49] | cols=[4] | col_header=False | row_header=False | metadata=False
Cell F50 | value='[r]' | fill=00000000 | rows=[49] | cols=[5] | col_header=False | row_header=False | metadata=False
Cell G50 | value='2073' | fill=00000000 | rows=[49] | cols=[6] | col_header=False | row_header=False | metadata=False
Cell A51 | value='2021' | fill=00000000 | rows=[50] | cols=[0] | col_header=False | row_header=False | metadata=False
Cell B51 | value='Q3' | fill=00000000 | rows=[50] | cols=[1] | col_header=False | row_header=False | metadata=False
Cell C51 | value='1963' | fill=00000000 | rows=[50] | cols=[2] | col_header=False | row_header=False | metadata=False
Cell E51 | value='259' | fill=00000000 | rows=[50] | cols=[4] | col_header=False | row_header=False | metadata=False
Cell F51 | value='[r]' | fill=00000000 | rows=[50] | cols=[5] | col_header=False | row_header=False | metadata=False
Cell G51 | value='1681' | fill=00000000 | rows=[50] | cols=[6] | col_header=False | row_header=False | metadata=False
Cell H51 | value='[r]' | fill=00000000 | rows=[50] | cols=[7] | col_header=False | row_header=False | metadata=False
Cell A52 | value='2021' | fill=00000000 | rows=[51] | cols=[0] | col_header=False | row_header=False | metadata=False
Cell B52 | value='Q4' | fill=00000000 | rows=[51] | cols=[1] | col_header=False | row_header=False | metadata=False
Cell C52 | value='1856' | fill=00000000 | rows=[51] | cols=[2] | col_header=False | row_header=False | metadata=False
Cell D52 | value='[r]' | fill=00000000 | rows=[51] | cols=[3] | col_header=False | row_header=False | metadata=False
Cell E52 | value='278' | fill=00000000 | rows=[51] | cols=[4] | col_header=False | row_header=False | metadata=False
Cell F52 | value='[r]' | fill=00000000 | rows=[51] | cols=[5] | col_header=False | row_header=False | metadata=False
Cell G52 | value='1535' | fill=00000000 | rows=[51] | cols=[6] | col_header=False | row_header=False | metadata=False
Cell A53 | value='2022' | fill=00000000 | rows=[52] | cols=[0] | col_header=False | row_header=False | metadata=False
Cell B53 | value='Q1' | fill=00000000 | rows=[52] | cols=[1] | col_header=False | row_header=False | metadata=False
Cell C53 | value='1675' | fill=00000000 | rows=[52] | cols=[2] | col_header=False | row_header=False | metadata=False
Cell D53 | value='[r]' | fill=00000000 | rows=[52] | cols=[3] | col_header=False | row_header=False | metadata=False
Cell E53 | value='268' | fill=00000000 | rows=[52] | cols=[4] | col_header=False | row_header=False | metadata=False
Cell F53 | value='[r]' | fill=00000000 | rows=[52] | cols=[5] | col_header=False | row_header=False | metadata=False
Cell G53 | value='1438' | fill=00000000 | rows=[52] | cols=[6] | col_header=False | row_header=False | metadata=False
Cell A54 | value='2022' | fill=00000000 | rows=[53] | cols=[0] | col_header=False | row_header=False | metadata=False
Cell B54 | value='Q2' | fill=00000000 | rows=[53] | cols=[1] | col_header=False | row_header=False | metadata=False
Cell C54 | value='1651' | fill=00000000 | rows=[53] | cols=[2] | col_header=False | row_header=False | metadata=False
Cell D54 | value='[r]' | fill=00000000 | rows=[53] | cols=[3] | col_header=False | row_header=False | metadata=False
Cell E54 | value='288' | fill=00000000 | rows=[53] | cols=[4] | col_header=False | row_header=False | metadata=False
Cell F54 | value='[r]' | fill=00000000 | rows=[53] | cols=[5] | col_header=False | row_header=False | metadata=False
Cell G54 | value='1384' | fill=00000000 | rows=[53] | cols=[6] | col_header=False | row_header=False | metadata=False
Cell H54 | value='[r]' | fill=00000000 | rows=[53] | cols=[7] | col_header=False | row_header=False | metadata=False
Cell A55 | value='2022' | fill=00000000 | rows=[54] | cols=[0] | col_header=False | row_header=False | metadata=False
Cell B55 | value='Q3' | fill=00000000 | rows=[54] | cols=[1] | col_header=False | row_header=False | metadata=False
Cell C55 | value='1731' | fill=00000000 | rows=[54] | cols=[2] | col_header=False | row_header=False | metadata=False
Cell D55 | value='[r]' | fill=00000000 | rows=[54] | cols=[3] | col_header=False | row_header=False | metadata=False
Cell E55 | value='298' | fill=00000000 | rows=[54] | cols=[4] | col_header=False | row_header=False | metadata=False
Cell G55 | value='1417' | fill=00000000 | rows=[54] | cols=[6] | col_header=False | row_header=False | metadata=False
Cell H55 | value='[r]' | fill=00000000 | rows=[54] | cols=[7] | col_header=False | row_header=False | metadata=False
Cell A56 | value='2022' | fill=00000000 | rows=[55] | cols=[0] | col_header=False | row_header=False | metadata=False
Cell B56 | value='Q4' | fill=00000000 | rows=[55] | cols=[1] | col_header=False | row_header=False | metadata=False
Cell C56 | value='1622' | fill=00000000 | rows=[55] | cols=[2] | col_header=False | row_header=False | metadata=False
Cell D56 | value='[r]' | fill=00000000 | rows=[55] | cols=[3] | col_header=False | row_header=False | metadata=False
Cell E56 | value='285' | fill=00000000 | rows=[55] | cols=[4] | col_header=False | row_header=False | metadata=False
Cell F56 | value='[r]' | fill=00000000 | rows=[55] | cols=[5] | col_header=False | row_header=False | metadata=False
Cell G56 | value='1301' | fill=00000000 | rows=[55] | cols=[6] | col_header=False | row_header=False | metadata=False
Cell A57 | value='2023' | fill=00000000 | rows=[56] | cols=[0] | col_header=False | row_header=False | metadata=False
Cell B57 | value='Q1' | fill=00000000 | rows=[56] | cols=[1] | col_header=False | row_header=False | metadata=False
Cell C57 | value='1759' | fill=00000000 | rows=[56] | cols=[2] | col_header=False | row_header=False | metadata=False
Cell D57 | value='[r]' | fill=00000000 | rows=[56] | cols=[3] | col_header=False | row_header=False | metadata=False
Cell E57 | value='342' | fill=00000000 | rows=[56] | cols=[4] | col_header=False | row_header=False | metadata=False
Cell F57 | value='[r]' | fill=00000000 | rows=[56] | cols=[5] | col_header=False | row_header=False | metadata=False
Cell G57 | value='1450' | fill=00000000 | rows=[56] | cols=[6] | col_header=False | row_header=False | metadata=False
Cell H57 | value='[r]' | fill=00000000 | rows=[56] | cols=[7] | col_header=False | row_header=False | metadata=False
Cell A58 | value='2023' | fill=00000000 | rows=[57] | cols=[0] | col_header=False | row_header=False | metadata=False
Cell B58 | value='Q2' | fill=00000000 | rows=[57] | cols=[1] | col_header=False | row_header=False | metadata=False
Cell C58 | value='1826' | fill=00000000 | rows=[57] | cols=[2] | col_header=False | row_header=False | metadata=False
Cell E58 | value='375' | fill=00000000 | rows=[57] | cols=[4] | col_header=False | row_header=False | metadata=False
Cell G58 | value='1471' | fill=00000000 | rows=[57] | cols=[6] | col_header=False | row_header=False | metadata=False
Cell A59 | value='Percentage change, latest quarter (2023 Q2) compared with:' | fill=FFFFFF00 | rows=[58] | cols=[0] | col_header=True | row_header=False | metadata=False
Cell A60 | value='2023' | fill=00000000 | rows=[59] | cols=[0] | col_header=False | row_header=False | metadata=False
Cell B60 | value='Q1' | fill=00000000 | rows=[59] | cols=[1] | col_header=False | row_header=False | metadata=False
Cell C60 | value='0.0380898237635019' | fill=00000000 | rows=[59] | cols=[2] | col_header=False | row_header=False | metadata=False
Cell E60 | value='0.0964912280701755' | fill=00000000 | rows=[59] | cols=[4] | col_header=False | row_header=False | metadata=False
Cell G60 | value='0.0144827586206897' | fill=00000000 | rows=[59] | cols=[6] | col_header=False | row_header=False | metadata=False
Cell A61 | value='2022' | fill=00000000 | rows=[60] | cols=[0] | col_header=False | row_header=False | metadata=False
Cell B61 | value='Q2' | fill=00000000 | rows=[60] | cols=[1] | col_header=False | row_header=False | metadata=False
Cell C61 | value='0.105996365838886' | fill=00000000 | rows=[60] | cols=[2] | col_header=False | row_header=False | metadata=False
Cell E61 | value='0.302083333333333' | fill=00000000 | rows=[60] | cols=[4] | col_header=False | row_header=False | metadata=False
Cell G61 | value='0.0628612716763006' | fill=00000000 | rows=[60] | cols=[6] | col_header=False | row_header=False | metadata=False

