=== economy-table117.xlsx ===
Cell B1 | value='2007-08' | fill=31 | rows=[0] | cols=[1] | col_header=False | row_header=False | metadata=False
Cell C1 | value='2008-09' | fill=31 | rows=[0] | cols=[2] | col_header=False | row_header=False | metadata=False
Cell D1 | value='2009-10' | fill=31 | rows=[0] | cols=[3] | col_header=False | row_header=False | metadata=False
Cell E1 | value='2010-11' | fill=31 | rows=[0] | cols=[4] | col_header=False | row_header=False | metadata=False
Cell F1 | value='2011-12' | fill=31 | rows=[0] | cols=[5] | col_header=False | row_header=False | metadata=False
Cell G1 | value='2012-13' | fill=31 | rows=[0] | cols=[6] | col_header=False | row_header=False | metadata=False
Cell H1 | value='2013-14' | fill=31 | rows=[0] | cols=[7] | col_header=False | row_header=False | metadata=False
Cell I1 | value='2014-15' | fill=31 | rows=[0] | cols=[8] | col_header=False | row_header=False | metadata=False
Cell B2 | value='outturn' | fill=00000000 | rows=[1] | cols=[1] | col_header=False | row_header=False | metadata=False
Cell C2 | value='outturn' | fill=00000000 | rows=[1] | cols=[2] | col_header=False | row_header=False | metadata=False
Cell D2 | value='outturn' | fill=00000000 | rows=[1] | cols=[3] | col_header=False | row_header=False | metadata=False
Cell E2 | value='outturn' | fill=00000000 | rows=[1] | cols=[4] | col_header=False | row_header=False | metadata=False
Cell F2 | value='outturn' | fill=00000000 | rows=[1] | cols=[5] | col_header=False | row_header=False | metadata=False
Cell G2 | value='plans' | fill=00000000 | rows=[1] | cols=[6] | col_header=False | row_header=False | metadata=False
Cell H2 | value='plans' | fill=00000000 | rows=[1] | cols=[7] | col_header=False | row_header=False | metadata=False
Cell I2 | value='plans' | fill=00000000 | rows=[1] | cols=[8] | col_header=False | row_header=False | metadata=False
Cell A3 | value='CURRENT EXPENDITURE' | fill=00000000 | rows=[2] | cols=[0] | col_header=False | row_header=False | metadata=False
Cell A4 | value='Resource DEL' | fill=00000000 | rows=[3] | cols=[0] | col_header=False | row_header=False | metadata=False
Cell A5 | value='Resource DEL excluding depreciation(1)' | fill=00000000 | rows=[4] | cols=[0] | col_header=False | row_header=False | metadata=False
Cell B5 | value='288321' | fill=00000000 | rows=[4] | cols=[1] | col_header=False | row_header=False | metadata=False
Cell C5 | value='300885' | fill=00000000 | rows=[4] | cols=[2] | col_header=False | row_header=False | metadata=False
Cell D5 | value='319329' | fill=00000000 | rows=[4] | cols=[3] | col_header=False | row_header=False | metadata=False
Cell E5 | value='325246' | fill=00000000 | rows=[4] | cols=[4] | col_header=False | row_header=False | metadata=False
Cell F5 | value='321859' | fill=00000000 | rows=[4] | cols=[5] | col_header=False | row_header=False | metadata=False
Cell G5 | value='327200' | fill=00000000 | rows=[4] | cols=[6] | col_header=False | row_header=False | metadata=False
Cell H5 | value='330200' | fill=00000000 | rows=[4] | cols=[7] | col_header=False | row_header=False | metadata=False
Cell I5 | value='327000' | fill=00000000 | rows=[4] | cols=[8] | col_header=False | row_header=False | metadata=False
Cell A6 | value='Depreciation in resource DEL(1)' | fill=00000000 | rows=[5] | cols=[0] | col_header=False | row_header=False | metadata=False
Cell B6 | value='11784' | fill=00000000 | rows=[5] | cols=[1] | col_header=False | row_header=False | metadata=False
Cell C6 | value='12389' | fill=00000000 | rows=[5] | cols=[2] | col_header=False | row_header=False | metadata=False
Cell D6 | value='13843' | fill=00000000 | rows=[5] | cols=[3] | col_header=False | row_header=False | metadata=False
Cell E6 | value='20598' | fill=00000000 | rows=[5] | cols=[4] | col_header=False | row_header=False | metadata=False
Cell F6 | value='18852' | fill=00000000 | rows=[5] | cols=[5] | col_header=False | row_header=False | metadata=False
Cell G6 | value='18100' | fill=00000000 | rows=[5] | cols=[6] | col_header=False | row_header=False | metadata=False
Cell H6 | value='18100' | fill=00000000 | rows=[5] | cols=[7] | col_header=False | row_header=False | metadata=False
Cell I6 | value='19200' | fill=00000000 | rows=[5] | cols=[8] | col_header=False | row_header=False | metadata=False
Cell A7 | value='Total resource DEL' | fill=FF00B0F0 | rows=[6] | cols=[0] | col_header=False | row_header=False | metadata=True
Cell B7 | value='300105' | fill=FF00B0F0 | rows=[6] | cols=[1] | col_header=False | row_header=False | metadata=True
Cell C7 | value='313275' | fill=FF00B0F0 | rows=[6] | cols=[2] | col_header=False | row_header=False | metadata=True
Cell D7 | value='333172' | fill=FF00B0F0 | rows=[6] | cols=[3] | col_header=False | row_header=False | metadata=True
Cell E7 | value='345844' | fill=FF00B0F0 | rows=[6] | cols=[4] | col_header=False | row_header=False | metadata=True
Cell F7 | value='340711' | fill=FF00B0F0 | rows=[6] | cols=[5] | col_header=False | row_header=False | metadata=True
Cell G7 | value='345300' | fill=FF00B0F0 | rows=[6] | cols=[6] | col_header=False | row_header=False | metadata=True
Cell H7 | value='348300' | fill=FF00B0F0 | rows=[6] | cols=[7] | col_header=False | row_header=False | metadata=True
Cell I7 | value='346300' | fill=FF00B0F0 | rows=[6] | cols=[8] | col_header=False | row_header=False | metadata=True
Cell A8 | value='Resource departmental AME' | fill=00000000 | rows=[7] | cols=[0] | col_header=False | row_header=False | metadata=False
Cell A9 | value='Social security benefits' | fill=00000000 | rows=[8] | cols=[0] | col_header=False | row_header=False | metadata=False
Cell B9 | value='140109' | fill=00000000 | rows=[8] | cols=[1] | col_header=False | row_header=False | metadata=False
Cell C9 | value='150817' | fill=00000000 | rows=[8] | cols=[2] | col_header=False | row_header=False | metadata=False
Cell D9 | value='164048' | fill=00000000 | rows=[8] | cols=[3] | col_header=False | row_header=False | metadata=False
Cell E9 | value='169960' | fill=00000000 | rows=[8] | cols=[4] | col_header=False | row_header=False | metadata=False
Cell F9 | value='176029' | fill=00000000 | rows=[8] | cols=[5] | col_header=False | row_header=False | metadata=False
Cell G9 | value='183192' | fill=00000000 | rows=[8] | cols=[6] | col_header=False | row_header=False | metadata=False
Cell H9 | value='183259' | fill=00000000 | rows=[8] | cols=[7] | col_header=False | row_header=False | metadata=False
Cell I9 | value='186305' | fill=00000000 | rows=[8] | cols=[8] | col_header=False | row_header=False | metadata=False
Cell A10 | value='Tax credits (2)' | fill=00000000 | rows=[9] | cols=[0] | col_header=False | row_header=False | metadata=False
Cell B10 | value='20114' | fill=00000000 | rows=[9] | cols=[1] | col_header=False | row_header=False | metadata=False
Cell C10 | value='24154' | fill=00000000 | rows=[9] | cols=[2] | col_header=False | row_header=False | metadata=False
Cell D10 | value='27651' | fill=00000000 | rows=[9] | cols=[3] | col_header=False | row_header=False | metadata=False
Cell E10 | value='28924' | fill=00000000 | rows=[9] | cols=[4] | col_header=False | row_header=False | metadata=False
Cell F10 | value='29967' | fill=00000000 | rows=[9] | cols=[5] | col_header=False | row_header=False | metadata=False
Cell G10 | value='26141' | fill=00000000 | rows=[9] | cols=[6] | col_header=False | row_header=False | metadata=False
Cell H10 | value='26229' | fill=00000000 | rows=[9] | cols=[7] | col_header=False | row_header=False | metadata=False
Cell I10 | value='26656' | fill=00000000 | rows=[9] | cols=[8] | col_header=False | row_header=False | metadata=False
Cell A11 | value='Net public service pensions (3)' | fill=00000000 | rows=[10] | cols=[0] | col_header=False | row_header=False | metadata=False
Cell B11 | value='5325' | fill=00000000 | rows=[10] | cols=[1] | col_header=False | row_header=False | metadata=False
Cell C11 | value='5416' | fill=00000000 | rows=[10] | cols=[2] | col_header=False | row_header=False | metadata=False
Cell D11 | value='1532' | fill=00000000 | rows=[10] | cols=[3] | col_header=False | row_header=False | metadata=False
Cell E11 | value='-78069' | fill=00000000 | rows=[10] | cols=[4] | col_header=False | row_header=False | metadata=False
Cell F11 | value='6054' | fill=00000000 | rows=[10] | cols=[5] | col_header=False | row_header=False | metadata=False
Cell G11 | value='4998' | fill=00000000 | rows=[10] | cols=[6] | col_header=False | row_header=False | metadata=False
Cell H11 | value='865' | fill=00000000 | rows=[10] | cols=[7] | col_header=False | row_header=False | metadata=False
Cell I11 | value='1049' | fill=00000000 | rows=[10] | cols=[8] | col_header=False | row_header=False | metadata=False
Cell A12 | value='National lottery' | fill=00000000 | rows=[11] | cols=[0] | col_header=False | row_header=False | metadata=False
Cell B12 | value='882' | fill=00000000 | rows=[11] | cols=[1] | col_header=False | row_header=False | metadata=False
Cell C12 | value='1011' | fill=00000000 | rows=[11] | cols=[2] | col_header=False | row_header=False | metadata=False
Cell D12 | value='1001' | fill=00000000 | rows=[11] | cols=[3] | col_header=False | row_header=False | metadata=False
Cell E12 | value='995' | fill=00000000 | rows=[11] | cols=[4] | col_header=False | row_header=False | metadata=False
Cell F12 | value='1399' | fill=00000000 | rows=[11] | cols=[5] | col_header=False | row_header=False | metadata=False
Cell G12 | value='1141' | fill=00000000 | rows=[11] | cols=[6] | col_header=False | row_header=False | metadata=False
Cell H12 | value='932' | fill=00000000 | rows=[11] | cols=[7] | col_header=False | row_header=False | metadata=False
Cell I12 | value='932' | fill=00000000 | rows=[11] | cols=[8] | col_header=False | row_header=False | metadata=False
Cell A13 | value='BBC domestic services' | fill=00000000 | rows=[12] | cols=[0] | col_header=False | row_header=False | metadata=False
Cell B13 | value='3430' | fill=00000000 | rows=[12] | cols=[1] | col_header=False | row_header=False | metadata=False
Cell C13 | value='3316' | fill=00000000 | rows=[12] | cols=[2] | col_header=False | row_header=False | metadata=False
Cell D13 | value='3464' | fill=00000000 | rows=[12] | cols=[3] | col_header=False | row_header=False | metadata=False
Cell E13 | value='3303' | fill=00000000 | rows=[12] | cols=[4] | col_header=False | row_header=False | metadata=False
Cell F13 | value='3690' | fill=00000000 | rows=[12] | cols=[5] | col_header=False | row_header=False | metadata=False
Cell G13 | value='3868' | fill=00000000 | rows=[12] | cols=[6] | col_header=False | row_header=False | metadata=False
Cell H13 | value='3828' | fill=00000000 | rows=[12] | cols=[7] | col_header=False | row_header=False | metadata=False
Cell I13 | value='3826' | fill=00000000 | rows=[12] | cols=[8] | col_header=False | row_header=False | metadata=False
Cell A14 | value='Student loans' | fill=00000000 | rows=[13] | cols=[0] | col_header=False | row_header=False | metadata=False
Cell B14 | value='-820' | fill=00000000 | rows=[13] | cols=[1] | col_header=False | row_header=False | metadata=False
Cell C14 | value='-942' | fill=00000000 | rows=[13] | cols=[2] | col_header=False | row_header=False | metadata=False
Cell D14 | value='-233' | fill=00000000 | rows=[13] | cols=[3] | col_header=False | row_header=False | metadata=False
Cell E14 | value='-287' | fill=00000000 | rows=[13] | cols=[4] | col_header=False | row_header=False | metadata=False
Cell F14 | value='-624' | fill=00000000 | rows=[13] | cols=[5] | col_header=False | row_header=False | metadata=False
Cell G14 | value='-686' | fill=00000000 | rows=[13] | cols=[6] | col_header=False | row_header=False | metadata=False
Cell H14 | value='-1042' | fill=00000000 | rows=[13] | cols=[7] | col_header=False | row_header=False | metadata=False
Cell I14 | value='-1657' | fill=00000000 | rows=[13] | cols=[8] | col_header=False | row_header=False | metadata=False
Cell A15 | value='Non-cash items' | fill=00000000 | rows=[14] | cols=[0] | col_header=False | row_header=False | metadata=False
Cell B15 | value='47751' | fill=00000000 | rows=[14] | cols=[1] | col_header=False | row_header=False | metadata=False
Cell C15 | value='43085' | fill=00000000 | rows=[14] | cols=[2] | col_header=False | row_header=False | metadata=False
Cell D15 | value='44609' | fill=00000000 | rows=[14] | cols=[3] | col_header=False | row_header=False | metadata=False
Cell E15 | value='55509' | fill=00000000 | rows=[14] | cols=[4] | col_header=False | row_header=False | metadata=False
Cell F15 | value='50917' | fill=00000000 | rows=[14] | cols=[5] | col_header=False | row_header=False | metadata=False
Cell G15 | value='51021' | fill=00000000 | rows=[14] | cols=[6] | col_header=False | row_header=False | metadata=False
Cell H15 | value='41686' | fill=00000000 | rows=[14] | cols=[7] | col_header=False | row_header=False | metadata=False
Cell I15 | value='43428' | fill=00000000 | rows=[14] | cols=[8] | col_header=False | row_header=False | metadata=False
Cell A16 | value='Financial sector interventions' | fill=00000000 | rows=[15] | cols=[0] | col_header=False | row_header=False | metadata=False
Cell B16 | value='-' | fill=00000000 | rows=[15] | cols=[1] | col_header=False | row_header=False | metadata=False
Cell C16 | value='41551' | fill=00000000 | rows=[15] | cols=[2] | col_header=False | row_header=False | metadata=False
Cell D16 | value='-27588' | fill=00000000 | rows=[15] | cols=[3] | col_header=False | row_header=False | metadata=False
Cell E16 | value='-14579' | fill=00000000 | rows=[15] | cols=[4] | col_header=False | row_header=False | metadata=False
Cell F16 | value='-16575' | fill=00000000 | rows=[15] | cols=[5] | col_header=False | row_header=False | metadata=False
Cell G16 | value='-' | fill=00000000 | rows=[15] | cols=[6] | col_header=False | row_header=False | metadata=False
Cell H16 | value='-' | fill=00000000 | rows=[15] | cols=[7] | col_header=False | row_header=False | metadata=False
Cell I16 | value='-' | fill=00000000 | rows=[15] | cols=[8] | col_header=False | row_header=False | metadata=False
Cell A17 | value='Other departmental expenditure' | fill=00000000 | rows=[16] | cols=[0] | col_header=False | row_header=False | metadata=False
Cell B17 | value='1359' | fill=00000000 | rows=[16] | cols=[1] | col_header=False | row_header=False | metadata=False
Cell C17 | value='1765' | fill=00000000 | rows=[16] | cols=[2] | col_header=False | row_header=False | metadata=False
Cell D17 | value='2739' | fill=00000000 | rows=[16] | cols=[3] | col_header=False | row_header=False | metadata=False
Cell E17 | value='1111' | fill=00000000 | rows=[16] | cols=[4] | col_header=False | row_header=False | metadata=False
Cell F17 | value='200' | fill=00000000 | rows=[16] | cols=[5] | col_header=False | row_header=False | metadata=False
Cell G17 | value='4848' | fill=00000000 | rows=[16] | cols=[6] | col_header=False | row_header=False | metadata=False
Cell H17 | value='6176' | fill=00000000 | rows=[16] | cols=[7] | col_header=False | row_header=False | metadata=False
Cell I17 | value='6663' | fill=00000000 | rows=[16] | cols=[8] | col_header=False | row_header=False | metadata=False
Cell A18 | value='Total resource departmental AME' | fill=FF00B0F0 | rows=[17] | cols=[0] | col_header=False | row_header=False | metadata=True
Cell B18 | value='218151' | fill=FF00B0F0 | rows=[17] | cols=[1] | col_header=False | row_header=False | metadata=True
Cell C18 | value='270173' | fill=FF00B0F0 | rows=[17] | cols=[2] | col_header=False | row_header=False | metadata=True
Cell D18 | value='217223' | fill=FF00B0F0 | rows=[17] | cols=[3] | col_header=False | row_header=False | metadata=True
Cell E18 | value='166869' | fill=FF00B0F0 | rows=[17] | cols=[4] | col_header=False | row_header=False | metadata=True
Cell F18 | value='251056' | fill=FF00B0F0 | rows=[17] | cols=[5] | col_header=False | row_header=False | metadata=True
Cell G18 | value='274523' | fill=FF00B0F0 | rows=[17] | cols=[6] | col_header=False | row_header=False | metadata=True
Cell H18 | value='261933' | fill=FF00B0F0 | rows=[17] | cols=[7] | col_header=False | row_header=False | metadata=True
Cell I18 | value='267202' | fill=FF00B0F0 | rows=[17] | cols=[8] | col_header=False | row_header=False | metadata=True
Cell A19 | value='Resource other AME' | fill=00000000 | rows=[18] | cols=[0] | col_header=False | row_header=False | metadata=False
Cell A20 | value='Net expenditure transfers to the EU' | fill=00000000 | rows=[19] | cols=[0] | col_header=False | row_header=False | metadata=False
Cell B20 | value='5392' | fill=00000000 | rows=[19] | cols=[1] | col_header=False | row_header=False | metadata=False
Cell C20 | value='3060' | fill=00000000 | rows=[19] | cols=[2] | col_header=False | row_header=False | metadata=False
Cell D20 | value='6419' | fill=00000000 | rows=[19] | cols=[3] | col_header=False | row_header=False | metadata=False
Cell E20 | value='8414' | fill=00000000 | rows=[19] | cols=[4] | col_header=False | row_header=False | metadata=False
Cell F20 | value='7702' | fill=00000000 | rows=[19] | cols=[5] | col_header=False | row_header=False | metadata=False
Cell G20 | value='7477' | fill=00000000 | rows=[19] | cols=[6] | col_header=False | row_header=False | metadata=False
Cell H20 | value='8670' | fill=00000000 | rows=[19] | cols=[7] | col_header=False | row_header=False | metadata=False
Cell I20 | value='9562' | fill=00000000 | rows=[19] | cols=[8] | col_header=False | row_header=False | metadata=False
Cell A21 | value='Locally financed expenditure' | fill=00000000 | rows=[20] | cols=[0] | col_header=False | row_header=False | metadata=False
Cell B21 | value='24340' | fill=00000000 | rows=[20] | cols=[1] | col_header=False | row_header=False | metadata=False
Cell C21 | value='26966' | fill=00000000 | rows=[20] | cols=[2] | col_header=False | row_header=False | metadata=False
Cell D21 | value='25794' | fill=00000000 | rows=[20] | cols=[3] | col_header=False | row_header=False | metadata=False
Cell E21 | value='22906' | fill=00000000 | rows=[20] | cols=[4] | col_header=False | row_header=False | metadata=False
Cell F21 | value='26740' | fill=00000000 | rows=[20] | cols=[5] | col_header=False | row_header=False | metadata=False
Cell G21 | value='27330' | fill=00000000 | rows=[20] | cols=[6] | col_header=False | row_header=False | metadata=False
Cell H21 | value='28742' | fill=00000000 | rows=[20] | cols=[7] | col_header=False | row_header=False | metadata=False
Cell I21 | value='30051' | fill=00000000 | rows=[20] | cols=[8] | col_header=False | row_header=False | metadata=False
Cell A22 | value='Central government gross debt interest' | fill=00000000 | rows=[21] | cols=[0] | col_header=False | row_header=False | metadata=False
Cell B22 | value='29954' | fill=00000000 | rows=[21] | cols=[1] | col_header=False | row_header=False | metadata=False
Cell C22 | value='30300' | fill=00000000 | rows=[21] | cols=[2] | col_header=False | row_header=False | metadata=False
Cell D22 | value='30185' | fill=00000000 | rows=[21] | cols=[3] | col_header=False | row_header=False | metadata=False
Cell E22 | value='44399' | fill=00000000 | rows=[21] | cols=[4] | col_header=False | row_header=False | metadata=False
Cell F22 | value='46976' | fill=00000000 | rows=[21] | cols=[5] | col_header=False | row_header=False | metadata=False
Cell G22 | value='44788' | fill=00000000 | rows=[21] | cols=[6] | col_header=False | row_header=False | metadata=False
Cell H22 | value='46123' | fill=00000000 | rows=[21] | cols=[7] | col_header=False | row_header=False | metadata=False
Cell I22 | value='53224' | fill=00000000 | rows=[21] | cols=[8] | col_header=False | row_header=False | metadata=False
Cell A23 | value='Accounting adjustments (4)' | fill=00000000 | rows=[22] | cols=[0] | col_header=False | row_header=False | metadata=False
Cell B23 | value='-41776' | fill=00000000 | rows=[22] | cols=[1] | col_header=False | row_header=False | metadata=False
Cell C23 | value='-79045' | fill=00000000 | rows=[22] | cols=[2] | col_header=False | row_header=False | metadata=False
Cell D23 | value='-10489' | fill=00000000 | rows=[22] | cols=[3] | col_header=False | row_header=False | metadata=False
Cell E23 | value='42932' | fill=00000000 | rows=[22] | cols=[4] | col_header=False | row_header=False | metadata=False
Cell F23 | value='-27497' | fill=00000000 | rows=[22] | cols=[5] | col_header=False | row_header=False | metadata=False
Cell G23 | value='-34760' | fill=00000000 | rows=[22] | cols=[6] | col_header=False | row_header=False | metadata=False
Cell H23 | value='-20305' | fill=00000000 | rows=[22] | cols=[7] | col_header=False | row_header=False | metadata=False
Cell I23 | value='-20005' | fill=00000000 | rows=[22] | cols=[8] | col_header=False | row_header=False | metadata=False
Cell A24 | value='Total resource other AME' | fill=FF00B0F0 | rows=[23] | cols=[0] | col_header=False | row_header=False | metadata=True
Cell B24 | value='17910' | fill=FF00B0F0 | rows=[23] | cols=[1] | col_header=False | row_header=False | metadata=True
Cell C24 | value='-18719' | fill=FF00B0F0 | rows=[23] | cols=[2] | col_header=False | row_header=False | metadata=True
Cell D24 | value='51909' | fill=FF00B0F0 | rows=[23] | cols=[3] | col_header=False | row_header=False | metadata=True
Cell E24 | value='118651' | fill=FF00B0F0 | rows=[23] | cols=[4] | col_header=False | row_header=False | metadata=True
Cell F24 | value='53921' | fill=FF00B0F0 | rows=[23] | cols=[5] | col_header=False | row_header=False | metadata=True
Cell G24 | value='44834' | fill=FF00B0F0 | rows=[23] | cols=[6] | col_header=False | row_header=False | metadata=True
Cell H24 | value='63229' | fill=FF00B0F0 | rows=[23] | cols=[7] | col_header=False | row_header=False | metadata=True
Cell I24 | value='72831' | fill=FF00B0F0 | rows=[23] | cols=[8] | col_header=False | row_header=False | metadata=True
Cell A25 | value='Total resource AME' | fill=FF00B0F0 | rows=[24] | cols=[0] | col_header=False | row_header=False | metadata=True
Cell B25 | value='236060' | fill=FF00B0F0 | rows=[24] | cols=[1] | col_header=False | row_header=False | metadata=True
Cell C25 | value='251453' | fill=FF00B0F0 | rows=[24] | cols=[2] | col_header=False | row_header=False | metadata=True
Cell D25 | value='269132' | fill=FF00B0F0 | rows=[24] | cols=[3] | col_header=False | row_header=False | metadata=True
Cell E25 | value='285520' | fill=FF00B0F0 | rows=[24] | cols=[4] | col_header=False | row_header=False | metadata=True
Cell F25 | value='304977' | fill=FF00B0F0 | rows=[24] | cols=[5] | col_header=False | row_header=False | metadata=True
Cell G25 | value='319357' | fill=FF00B0F0 | rows=[24] | cols=[6] | col_header=False | row_header=False | metadata=True
Cell H25 | value='325162' | fill=FF00B0F0 | rows=[24] | cols=[7] | col_header=False | row_header=False | metadata=True
Cell I25 | value='340033' | fill=FF00B0F0 | rows=[24] | cols=[8] | col_header=False | row_header=False | metadata=True
Cell A26 | value='Public sector current expenditure' | fill=FF00B050 | rows=[25] | cols=[0] | col_header=False | row_header=True | metadata=False
Cell B26 | value='536165' | fill=31 | rows=[25] | cols=[1] | col_header=False | row_header=False | metadata=False
Cell C26 | value='564728' | fill=31 | rows=[25] | cols=[2] | col_header=False | row_header=False | metadata=False
Cell D26 | value='602304' | fill=31 | rows=[25] | cols=[3] | col_header=False | row_header=False | metadata=False
Cell E26 | value='631364' | fill=31 | rows=[25] | cols=[4] | col_header=False | row_header=False | metadata=False
Cell F26 | value='645688' | fill=31 | rows=[25] | cols=[5] | col_header=False | row_header=False | metadata=False
Cell G26 | value='664600' | fill=31 | rows=[25] | cols=[6] | col_header=False | row_header=False | metadata=False
Cell H26 | value='673600' | fill=31 | rows=[25] | cols=[7] | col_header=False | row_header=False | metadata=False
Cell I26 | value='686400' | fill=31 | rows=[25] | cols=[8] | col_header=False | row_header=False | metadata=False
Cell A27 | value='CAPITAL EXPENDITURE' | fill=00000000 | rows=[26] | cols=[0] | col_header=False | row_header=False | metadata=False
Cell A28 | value='Capital DEL' | fill=00000000 | rows=[27] | cols=[0] | col_header=False | row_header=False | metadata=False
Cell A29 | value='Total capital DEL' | fill=FF00B0F0 | rows=[28] | cols=[0] | col_header=False | row_header=False | metadata=True
Cell B29 | value='44821' | fill=FF00B0F0 | rows=[28] | cols=[1] | col_header=False | row_header=False | metadata=True
Cell C29 | value='48511' | fill=FF00B0F0 | rows=[28] | cols=[2] | col_header=False | row_header=False | metadata=True
Cell D29 | value='56959' | fill=FF00B0F0 | rows=[28] | cols=[3] | col_header=False | row_header=False | metadata=True
Cell E29 | value='49815' | fill=FF00B0F0 | rows=[28] | cols=[4] | col_header=False | row_header=False | metadata=True
Cell F29 | value='42156' | fill=FF00B0F0 | rows=[28] | cols=[5] | col_header=False | row_header=False | metadata=True
Cell G29 | value='43800' | fill=FF00B0F0 | rows=[28] | cols=[6] | col_header=False | row_header=False | metadata=True
Cell H29 | value='40900' | fill=FF00B0F0 | rows=[28] | cols=[7] | col_header=False | row_header=False | metadata=True
Cell I29 | value='41300' | fill=FF00B0F0 | rows=[28] | cols=[8] | col_header=False | row_header=False | metadata=True
Cell A30 | value='Capital departmental AME' | fill=00000000 | rows=[29] | cols=[0] | col_header=False | row_header=False | metadata=False
Cell A31 | value='National lottery' | fill=00000000 | rows=[30] | cols=[0] | col_header=False | row_header=False | metadata=False
Cell B31 | value='713' | fill=00000000 | rows=[30] | cols=[1] | col_header=False | row_header=False | metadata=False
Cell C31 | value='536' | fill=00000000 | rows=[30] | cols=[2] | col_header=False | row_header=False | metadata=False
Cell D31 | value='752' | fill=00000000 | rows=[30] | cols=[3] | col_header=False | row_header=False | metadata=False
Cell E31 | value='597' | fill=00000000 | rows=[30] | cols=[4] | col_header=False | row_header=False | metadata=False
Cell F31 | value='404' | fill=00000000 | rows=[30] | cols=[5] | col_header=False | row_header=False | metadata=False
Cell G31 | value='712' | fill=00000000 | rows=[30] | cols=[6] | col_header=False | row_header=False | metadata=False
Cell H31 | value='497' | fill=00000000 | rows=[30] | cols=[7] | col_header=False | row_header=False | metadata=False
Cell I31 | value='568' | fill=00000000 | rows=[30] | cols=[8] | col_header=False | row_header=False | metadata=False
Cell A32 | value='BBC domestic services' | fill=00000000 | rows=[31] | cols=[0] | col_header=False | row_header=False | metadata=False
Cell B32 | value='85' | fill=00000000 | rows=[31] | cols=[1] | col_header=False | row_header=False | metadata=False
Cell C32 | value='81' | fill=00000000 | rows=[31] | cols=[2] | col_header=False | row_header=False | metadata=False
Cell D32 | value='123' | fill=00000000 | rows=[31] | cols=[3] | col_header=False | row_header=False | metadata=False
Cell E32 | value='114' | fill=00000000 | rows=[31] | cols=[4] | col_header=False | row_header=False | metadata=False
Cell F32 | value='191' | fill=00000000 | rows=[31] | cols=[5] | col_header=False | row_header=False | metadata=False
Cell G32 | value='54' | fill=00000000 | rows=[31] | cols=[6] | col_header=False | row_header=False | metadata=False
Cell H32 | value='177' | fill=00000000 | rows=[31] | cols=[7] | col_header=False | row_header=False | metadata=False
Cell I32 | value='145' | fill=00000000 | rows=[31] | cols=[8] | col_header=False | row_header=False | metadata=False
Cell A33 | value='Student loans' | fill=00000000 | rows=[32] | cols=[0] | col_header=False | row_header=False | metadata=False
Cell B33 | value='4346' | fill=00000000 | rows=[32] | cols=[1] | col_header=False | row_header=False | metadata=False
Cell C33 | value='4330' | fill=00000000 | rows=[32] | cols=[2] | col_header=False | row_header=False | metadata=False
Cell D33 | value='4408' | fill=00000000 | rows=[32] | cols=[3] | col_header=False | row_header=False | metadata=False
Cell E33 | value='4778' | fill=00000000 | rows=[32] | cols=[4] | col_header=False | row_header=False | metadata=False
Cell F33 | value='5646' | fill=00000000 | rows=[32] | cols=[5] | col_header=False | row_header=False | metadata=False
Cell G33 | value='6603' | fill=00000000 | rows=[32] | cols=[6] | col_header=False | row_header=False | metadata=False
Cell H33 | value='8592' | fill=00000000 | rows=[32] | cols=[7] | col_header=False | row_header=False | metadata=False
Cell I33 | value='10440' | fill=00000000 | rows=[32] | cols=[8] | col_header=False | row_header=False | metadata=False
Cell A34 | value='Financial sector interventions' | fill=00000000 | rows=[33] | cols=[0] | col_header=False | row_header=False | metadata=False
Cell B34 | value='-' | fill=00000000 | rows=[33] | cols=[1] | col_header=False | row_header=False | metadata=False
Cell C34 | value='85525' | fill=00000000 | rows=[33] | cols=[2] | col_header=False | row_header=False | metadata=False
Cell D34 | value='38330' | fill=00000000 | rows=[33] | cols=[3] | col_header=False | row_header=False | metadata=False
Cell E34 | value='-2984' | fill=00000000 | rows=[33] | cols=[4] | col_header=False | row_header=False | metadata=False
Cell F34 | value='-3721' | fill=00000000 | rows=[33] | cols=[5] | col_header=False | row_header=False | metadata=False
Cell G34 | value='-' | fill=00000000 | rows=[33] | cols=[6] | col_header=False | row_header=False | metadata=False
Cell H34 | value='-' | fill=00000000 | rows=[33] | cols=[7] | col_header=False | row_header=False | metadata=False
Cell I34 | value='-' | fill=00000000 | rows=[33] | cols=[8] | col_header=False | row_header=False | metadata=False
Cell A35 | value='Other departmental expenditure' | fill=00000000 | rows=[34] | cols=[0] | col_header=False | row_header=False | metadata=False
Cell B35 | value='861' | fill=00000000 | rows=[34] | cols=[1] | col_header=False | row_header=False | metadata=False
Cell C35 | value='393' | fill=00000000 | rows=[34] | cols=[2] | col_header=False | row_header=False | metadata=False
Cell D35 | value='4082' | fill=00000000 | rows=[34] | cols=[3] | col_header=False | row_header=False | metadata=False
Cell E35 | value='1297' | fill=00000000 | rows=[34] | cols=[4] | col_header=False | row_header=False | metadata=False
Cell F35 | value='967' | fill=00000000 | rows=[34] | cols=[5] | col_header=False | row_header=False | metadata=False
Cell G35 | value='2829' | fill=00000000 | rows=[34] | cols=[6] | col_header=False | row_header=False | metadata=False
Cell H35 | value='2834' | fill=00000000 | rows=[34] | cols=[7] | col_header=False | row_header=False | metadata=False
Cell I35 | value='2735' | fill=00000000 | rows=[34] | cols=[8] | col_header=False | row_header=False | metadata=False
Cell A36 | value='Total capital departmental AME' | fill=FF00B0F0 | rows=[35] | cols=[0] | col_header=False | row_header=False | metadata=True
Cell B36 | value='6005' | fill=FF00B0F0 | rows=[35] | cols=[1] | col_header=False | row_header=False | metadata=True
Cell C36 | value='90866' | fill=FF00B0F0 | rows=[35] | cols=[2] | col_header=False | row_header=False | metadata=True
Cell D36 | value='47694' | fill=FF00B0F0 | rows=[35] | cols=[3] | col_header=False | row_header=False | metadata=True
Cell E36 | value='3802' | fill=FF00B0F0 | rows=[35] | cols=[4] | col_header=False | row_header=False | metadata=True
Cell F36 | value='3488' | fill=FF00B0F0 | rows=[35] | cols=[5] | col_header=False | row_header=False | metadata=True
Cell G36 | value='10198' | fill=FF00B0F0 | rows=[35] | cols=[6] | col_header=False | row_header=False | metadata=True
Cell H36 | value='12100' | fill=FF00B0F0 | rows=[35] | cols=[7] | col_header=False | row_header=False | metadata=True
Cell I36 | value='13888' | fill=FF00B0F0 | rows=[35] | cols=[8] | col_header=False | row_header=False | metadata=True
Cell A37 | value='Capital other AME' | fill=00000000 | rows=[36] | cols=[0] | col_header=False | row_header=False | metadata=False
Cell A38 | value='Locally financed expenditure' | fill=00000000 | rows=[37] | cols=[0] | col_header=False | row_header=False | metadata=False
Cell B38 | value='2120' | fill=00000000 | rows=[37] | cols=[1] | col_header=False | row_header=False | metadata=False
Cell C38 | value='7321' | fill=00000000 | rows=[37] | cols=[2] | col_header=False | row_header=False | metadata=False
Cell D38 | value='5241' | fill=00000000 | rows=[37] | cols=[3] | col_header=False | row_header=False | metadata=False
Cell E38 | value='5448' | fill=00000000 | rows=[37] | cols=[4] | col_header=False | row_header=False | metadata=False
Cell F38 | value='13641' | fill=00000000 | rows=[37] | cols=[5] | col_header=False | row_header=False | metadata=False
Cell G38 | value='5268' | fill=00000000 | rows=[37] | cols=[6] | col_header=False | row_header=False | metadata=False
Cell H38 | value='4921' | fill=00000000 | rows=[37] | cols=[7] | col_header=False | row_header=False | metadata=False
Cell I38 | value='4815' | fill=00000000 | rows=[37] | cols=[8] | col_header=False | row_header=False | metadata=False
Cell A39 | value='Public corporations' own-financed capital expenditure' | fill=00000000 | rows=[38] | cols=[0] | col_header=False | row_header=False | metadata=False
Cell B39 | value='5439' | fill=00000000 | rows=[38] | cols=[1] | col_header=False | row_header=False | metadata=False
Cell C39 | value='7294' | fill=00000000 | rows=[38] | cols=[2] | col_header=False | row_header=False | metadata=False
Cell D39 | value='7983' | fill=00000000 | rows=[38] | cols=[3] | col_header=False | row_header=False | metadata=False
Cell E39 | value='8137' | fill=00000000 | rows=[38] | cols=[4] | col_header=False | row_header=False | metadata=False
Cell F39 | value='6115' | fill=00000000 | rows=[38] | cols=[5] | col_header=False | row_header=False | metadata=False
Cell G39 | value='6244' | fill=00000000 | rows=[38] | cols=[6] | col_header=False | row_header=False | metadata=False
Cell H39 | value='5734' | fill=00000000 | rows=[38] | cols=[7] | col_header=False | row_header=False | metadata=False
Cell I39 | value='5339' | fill=00000000 | rows=[38] | cols=[8] | col_header=False | row_header=False | metadata=False
Cell A40 | value='Accounting adjustments (4)' | fill=00000000 | rows=[39] | cols=[0] | col_header=False | row_header=False | metadata=False
Cell B40 | value='-11613' | fill=00000000 | rows=[39] | cols=[1] | col_header=False | row_header=False | metadata=False
Cell C40 | value='-88975' | fill=00000000 | rows=[39] | cols=[2] | col_header=False | row_header=False | metadata=False
Cell D40 | value='-50032' | fill=00000000 | rows=[39] | cols=[3] | col_header=False | row_header=False | metadata=False
Cell E40 | value='-8932' | fill=00000000 | rows=[39] | cols=[4] | col_header=False | row_header=False | metadata=False
Cell F40 | value='-16201' | fill=00000000 | rows=[39] | cols=[5] | col_header=False | row_header=False | metadata=False
Cell G40 | value='-46780' | fill=00000000 | rows=[39] | cols=[6] | col_header=False | row_header=False | metadata=False
Cell H40 | value='-17187' | fill=00000000 | rows=[39] | cols=[7] | col_header=False | row_header=False | metadata=False
Cell I40 | value='-18411' | fill=00000000 | rows=[39] | cols=[8] | col_header=False | row_header=False | metadata=False
Cell A41 | value='Total capital other AME' | fill=FF00B0F0 | rows=[40] | cols=[0] | col_header=False | row_header=False | metadata=True
Cell B41 | value='-4055' | fill=FF00B0F0 | rows=[40] | cols=[1] | col_header=False | row_header=False | metadata=True
Cell C41 | value='-74359' | fill=FF00B0F0 | rows=[40] | cols=[2] | col_header=False | row_header=False | metadata=True
Cell D41 | value='-36808' | fill=FF00B0F0 | rows=[40] | cols=[3] | col_header=False | row_header=False | metadata=True
Cell E41 | value='4653' | fill=FF00B0F0 | rows=[40] | cols=[4] | col_header=False | row_header=False | metadata=True
Cell F41 | value='3556' | fill=FF00B0F0 | rows=[40] | cols=[5] | col_header=False | row_header=False | metadata=True
Cell G41 | value='-35269' | fill=FF00B0F0 | rows=[40] | cols=[6] | col_header=False | row_header=False | metadata=True
Cell H41 | value='-6532' | fill=FF00B0F0 | rows=[40] | cols=[7] | col_header=False | row_header=False | metadata=True
Cell I41 | value='-8256' | fill=FF00B0F0 | rows=[40] | cols=[8] | col_header=False | row_header=False | metadata=True
Cell A42 | value='Total capital AME' | fill=FF00B0F0 | rows=[41] | cols=[0] | col_header=False | row_header=False | metadata=True
Cell B42 | value='1951' | fill=FF00B0F0 | rows=[41] | cols=[1] | col_header=False | row_header=False | metadata=True
Cell C42 | value='16506' | fill=FF00B0F0 | rows=[41] | cols=[2] | col_header=False | row_header=False | metadata=True
Cell D42 | value='10887' | fill=FF00B0F0 | rows=[41] | cols=[3] | col_header=False | row_header=False | metadata=True
Cell E42 | value='8455' | fill=FF00B0F0 | rows=[41] | cols=[4] | col_header=False | row_header=False | metadata=True
Cell F42 | value='7044' | fill=FF00B0F0 | rows=[41] | cols=[5] | col_header=False | row_header=False | metadata=True
Cell G42 | value='-25071' | fill=FF00B0F0 | rows=[41] | cols=[6] | col_header=False | row_header=False | metadata=True
Cell H42 | value='5568' | fill=FF00B0F0 | rows=[41] | cols=[7] | col_header=False | row_header=False | metadata=True
Cell I42 | value='5632' | fill=FF00B0F0 | rows=[41] | cols=[8] | col_header=False | row_header=False | metadata=True
Cell A43 | value='Public sector gross investment (5)' | fill=FF00B050 | rows=[42] | cols=[0] | col_header=False | row_header=True | metadata=False
Cell B43 | value='46772' | fill=31 | rows=[42] | cols=[1] | col_header=False | row_header=False | metadata=False
Cell C43 | value='65017' | fill=31 | rows=[42] | cols=[2] | col_header=False | row_header=False | metadata=False
Cell D43 | value='67846' | fill=31 | rows=[42] | cols=[3] | col_header=False | row_header=False | metadata=False
Cell E43 | value='58270' | fill=31 | rows=[42] | cols=[4] | col_header=False | row_header=False | metadata=False
Cell F43 | value='49200' | fill=31 | rows=[42] | cols=[5] | col_header=False | row_header=False | metadata=False
Cell G43 | value='18600' | fill=31 | rows=[42] | cols=[6] | col_header=False | row_header=False | metadata=False
Cell H43 | value='46400' | fill=31 | rows=[42] | cols=[7] | col_header=False | row_header=False | metadata=False
Cell I43 | value='47000' | fill=31 | rows=[42] | cols=[8] | col_header=False | row_header=False | metadata=False
Cell A44 | value='less public sector depreciation (5)' | fill=FF00B050 | rows=[43] | cols=[0] | col_header=False | row_header=True | metadata=False
Cell B44 | value='17669' | fill=00000000 | rows=[43] | cols=[1] | col_header=False | row_header=False | metadata=False
Cell C44 | value='18636' | fill=00000000 | rows=[43] | cols=[2] | col_header=False | row_header=False | metadata=False
Cell D44 | value='19335' | fill=00000000 | rows=[43] | cols=[3] | col_header=False | row_header=False | metadata=False
Cell E44 | value='20300' | fill=00000000 | rows=[43] | cols=[4] | col_header=False | row_header=False | metadata=False
Cell F44 | value='21121' | fill=00000000 | rows=[43] | cols=[5] | col_header=False | row_header=False | metadata=False
Cell G44 | value='22200' | fill=00000000 | rows=[43] | cols=[6] | col_header=False | row_header=False | metadata=False
Cell H44 | value='23056' | fill=00000000 | rows=[43] | cols=[7] | col_header=False | row_header=False | metadata=False
Cell I44 | value='23896' | fill=00000000 | rows=[43] | cols=[8] | col_header=False | row_header=False | metadata=False
Cell A45 | value='Public sector net investment (5)' | fill=FF00B050 | rows=[44] | cols=[0] | col_header=False | row_header=True | metadata=False
Cell B45 | value='29103' | fill=31 | rows=[44] | cols=[1] | col_header=False | row_header=False | metadata=False
Cell C45 | value='46381' | fill=31 | rows=[44] | cols=[2] | col_header=False | row_header=False | metadata=False
Cell D45 | value='48511' | fill=31 | rows=[44] | cols=[3] | col_header=False | row_header=False | metadata=False
Cell E45 | value='37970' | fill=31 | rows=[44] | cols=[4] | col_header=False | row_header=False | metadata=False
Cell F45 | value='28079' | fill=31 | rows=[44] | cols=[5] | col_header=False | row_header=False | metadata=False
Cell G45 | value='-3600' | fill=31 | rows=[44] | cols=[6] | col_header=False | row_header=False | metadata=False
Cell H45 | value='23400' | fill=31 | rows=[44] | cols=[7] | col_header=False | row_header=False | metadata=False
Cell I45 | value='23100' | fill=31 | rows=[44] | cols=[8] | col_header=False | row_header=False | metadata=False
Cell A46 | value='TOTAL MANAGED EXPENDITURE (5)' | fill=FF00B050 | rows=[45] | cols=[0] | col_header=False | row_header=True | metadata=False
Cell B46 | value='582937' | fill=31 | rows=[45] | cols=[1] | col_header=False | row_header=False | metadata=False
Cell C46 | value='629745' | fill=31 | rows=[45] | cols=[2] | col_header=False | row_header=False | metadata=False
Cell D46 | value='670150' | fill=31 | rows=[45] | cols=[3] | col_header=False | row_header=False | metadata=False
Cell E46 | value='689634' | fill=31 | rows=[45] | cols=[4] | col_header=False | row_header=False | metadata=False
Cell F46 | value='694888' | fill=31 | rows=[45] | cols=[5] | col_header=False | row_header=False | metadata=False
Cell G46 | value='683400' | fill=31 | rows=[45] | cols=[6] | col_header=False | row_header=False | metadata=False
Cell H46 | value='720000' | fill=31 | rows=[45] | cols=[7] | col_header=False | row_header=False | metadata=False
Cell I46 | value='733500' | fill=31 | rows=[45] | cols=[8] | col_header=False | row_header=False | metadata=False
Cell A47 | value='of which:' | fill=FF00B0F0 | rows=[46] | cols=[0] | col_header=False | row_header=False | metadata=True
Cell A48 | value='Total DEL (6)' | fill=FF00B0F0 | rows=[47] | cols=[0] | col_header=False | row_header=False | metadata=True
Cell B48 | value='333142' | fill=FF00B0F0 | rows=[47] | cols=[1] | col_header=False | row_header=False | metadata=True
Cell C48 | value='349396' | fill=FF00B0F0 | rows=[47] | cols=[2] | col_header=False | row_header=False | metadata=True
Cell D48 | value='376288' | fill=FF00B0F0 | rows=[47] | cols=[3] | col_header=False | row_header=False | metadata=True
Cell E48 | value='375061' | fill=FF00B0F0 | rows=[47] | cols=[4] | col_header=False | row_header=False | metadata=True
Cell F48 | value='364015' | fill=FF00B0F0 | rows=[47] | cols=[5] | col_header=False | row_header=False | metadata=True
Cell G48 | value='371000' | fill=FF00B0F0 | rows=[47] | cols=[6] | col_header=False | row_header=False | metadata=True
Cell H48 | value='371100' | fill=FF00B0F0 | rows=[47] | cols=[7] | col_header=False | row_header=False | metadata=True
Cell I48 | value='368300' | fill=FF00B0F0 | rows=[47] | cols=[8] | col_header=False | row_header=False | metadata=True
Cell A49 | value='Departmental AME' | fill=FF00B0F0 | rows=[48] | cols=[0] | col_header=False | row_header=False | metadata=True
Cell B49 | value='224156' | fill=FF00B0F0 | rows=[48] | cols=[1] | col_header=False | row_header=False | metadata=True
Cell C49 | value='361039' | fill=FF00B0F0 | rows=[48] | cols=[2] | col_header=False | row_header=False | metadata=True
Cell D49 | value='264918' | fill=FF00B0F0 | rows=[48] | cols=[3] | col_header=False | row_header=False | metadata=True
Cell E49 | value='170671' | fill=FF00B0F0 | rows=[48] | cols=[4] | col_header=False | row_header=False | metadata=True
Cell F49 | value='254544' | fill=FF00B0F0 | rows=[48] | cols=[5] | col_header=False | row_header=False | metadata=True
Cell G49 | value='284721' | fill=FF00B0F0 | rows=[48] | cols=[6] | col_header=False | row_header=False | metadata=True
Cell H49 | value='274032' | fill=FF00B0F0 | rows=[48] | cols=[7] | col_header=False | row_header=False | metadata=True
Cell I49 | value='281090' | fill=FF00B0F0 | rows=[48] | cols=[8] | col_header=False | row_header=False | metadata=True
Cell A50 | value='Other AME' | fill=FF00B0F0 | rows=[49] | cols=[0] | col_header=False | row_header=False | metadata=True
Cell B50 | value='25639' | fill=FF00B0F0 | rows=[49] | cols=[1] | col_header=False | row_header=False | metadata=True
Cell C50 | value='-80690' | fill=FF00B0F0 | rows=[49] | cols=[2] | col_header=False | row_header=False | metadata=True
Cell D50 | value='28944' | fill=FF00B0F0 | rows=[49] | cols=[3] | col_header=False | row_header=False | metadata=True
Cell E50 | value='143902' | fill=FF00B0F0 | rows=[49] | cols=[4] | col_header=False | row_header=False | metadata=True
Cell F50 | value='76329' | fill=FF00B0F0 | rows=[49] | cols=[5] | col_header=False | row_header=False | metadata=True
Cell G50 | value='27665' | fill=FF00B0F0 | rows=[49] | cols=[6] | col_header=False | row_header=False | metadata=True
Cell H50 | value='74797' | fill=FF00B0F0 | rows=[49] | cols=[7] | col_header=False | row_header=False | metadata=True
Cell I50 | value='83775' | fill=FF00B0F0 | rows=[49] | cols=[8] | col_header=False | row_header=False | metadata=True
Cell A51 | value='(1) As part of the Spending Review 2010 DEL was presented less depreciation. This is continued in this table to allow comparison' | fill=FF00B0F0 | rows=[50] | cols=[0, 1, 2, 3, 4, 5, 6, 7, 8] | col_header=False | row_header=False | metadata=True
Cell A52 | value='(2) Tax credits include working tax credits, stakeholder pension credits and Child Tax Credits. Child allowances paid as part of Income Support and Jobseekers' Allowance are shown within social security benefits. Tax credits include elements that are treated as negative tax in National Accounts, see Box 1.A.' | fill=FF00B0F0 | rows=[51] | cols=[0, 1, 2, 3, 4, 5, 6, 7, 8] | col_header=False | row_header=False | metadata=True
Cell A53 | value='(3) The main pension schemes are reported under FRS17 accounting requirements, the reconciliation to National Accounts is explained in Annex D. In the 2010 Budget Statement it was announced that the Government would use the CPI rather than the RPI for the indexation of public service pensions. This change has been recognised as a negative past service c ost in 2010-11 in accordance with IAS19.' | fill=FF00B0F0 | rows=[52] | cols=[0, 1, 2, 3, 4, 5, 6, 7, 8] | col_header=False | row_header=False | metadata=True
Cell A54 | value='(4) Transactions from 2008-09 onwards have been affected by financial sector interventions, see Box 2.A in Chapter 2.' | fill=FF00B0F0 | rows=[53] | cols=[0, 1, 2, 3, 4, 5, 6, 7, 8] | col_header=False | row_header=False | metadata=True
Cell A55 | value='(5) This excludes the temporary effects of banks being classified to the public sector. See Box 2.A in Chapter 2.' | fill=FF00B0F0 | rows=[54] | cols=[0, 1, 2, 3, 4, 5, 6, 7, 8] | col_header=False | row_header=False | metadata=True
Cell A56 | value='(6) Total DEL is given by resource DEL excluding depreciation plus capital DEL' | fill=FF00B0F0 | rows=[55] | cols=[0, 1, 2, 3, 4, 5, 6, 7, 8] | col_header=False | row_header=False | metadata=True

