=== education-table30.xlsx ===
Cell A1 | value='WP ID' | fill=FFFFFF00 | rows=[0] | cols=[0] | col_header=True | row_header=True | metadata=False
Cell B1 | value='Teaching Group' | fill=FFFFFF00 | rows=[0] | cols=[1] | col_header=True | row_header=False | metadata=False
Cell C1 | value='Condition' | fill=FFFFFF00 | rows=[0] | cols=[2] | col_header=True | row_header=False | metadata=False
Cell D1 | value='1 - Fine' | fill=00000000 | rows=[0] | cols=[3] | col_header=False | row_header=False | metadata=False
Cell E1 | value='2 - Wandered' | fill=00000000 | rows=[0] | cols=[4] | col_header=False | row_header=False | metadata=False
Cell F1 | value='3 - Golden' | fill=00000000 | rows=[0] | cols=[5] | col_header=False | row_header=False | metadata=False
Cell G1 | value='4 - Live' | fill=00000000 | rows=[0] | cols=[6] | col_header=False | row_header=False | metadata=False
Cell H1 | value='5 - Peered' | fill=00000000 | rows=[0] | cols=[7] | col_header=False | row_header=False | metadata=False
Cell I1 | value='6 - Shrunk' | fill=00000000 | rows=[0] | cols=[8] | col_header=False | row_header=False | metadata=False
Cell J1 | value='7 - Scratching' | fill=00000000 | rows=[0] | cols=[9] | col_header=False | row_header=False | metadata=False
Cell K1 | value='8 - Standing' | fill=00000000 | rows=[0] | cols=[10] | col_header=False | row_header=False | metadata=False
Cell L1 | value='9 - Surprised' | fill=00000000 | rows=[0] | cols=[11] | col_header=False | row_header=False | metadata=False
Cell M1 | value='10 - Changed' | fill=00000000 | rows=[0] | cols=[12] | col_header=False | row_header=False | metadata=False
Cell N1 | value='11 - Spring' | fill=00000000 | rows=[0] | cols=[13] | col_header=False | row_header=False | metadata=False
Cell O1 | value='12 - Thought' | fill=00000000 | rows=[0] | cols=[14] | col_header=False | row_header=False | metadata=False
Cell P1 | value='13 - Fall' | fill=00000000 | rows=[0] | cols=[15] | col_header=False | row_header=False | metadata=False
Cell Q1 | value='14 - Visit' | fill=00000000 | rows=[0] | cols=[16] | col_header=False | row_header=False | metadata=False
Cell R1 | value='15 - Hand' | fill=00000000 | rows=[0] | cols=[17] | col_header=False | row_header=False | metadata=False
Cell S1 | value='16 - Look' | fill=00000000 | rows=[0] | cols=[18] | col_header=False | row_header=False | metadata=False
Cell T1 | value='TOTAL' | fill=FFFFFF00 | rows=[0] | cols=[19] | col_header=True | row_header=False | metadata=False
Cell A2 | value='103' | fill=00000000 | rows=[1] | cols=[0] | col_header=False | row_header=False | metadata=False
Cell B2 | value='3' | fill=00000000 | rows=[1] | cols=[1] | col_header=False | row_header=False | metadata=False
Cell C2 | value='Blended' | fill=00000000 | rows=[1] | cols=[2] | col_header=False | row_header=False | metadata=False
Cell D2 | value='1' | fill=00000000 | rows=[1] | cols=[3] | col_header=False | row_header=False | metadata=False
Cell E2 | value='3' | fill=00000000 | rows=[1] | cols=[4] | col_header=False | row_header=False | metadata=False
Cell F2 | value='2' | fill=00000000 | rows=[1] | cols=[5] | col_header=False | row_header=False | metadata=False
Cell G2 | value='2' | fill=00000000 | rows=[1] | cols=[6] | col_header=False | row_header=False | metadata=False
Cell H2 | value='2' | fill=00000000 | rows=[1] | cols=[7] | col_header=False | row_header=False | metadata=False
Cell I2 | value='3' | fill=00000000 | rows=[1] | cols=[8] | col_header=False | row_header=False | metadata=False
Cell J2 | value='3' | fill=00000000 | rows=[1] | cols=[9] | col_header=False | row_header=False | metadata=False
Cell K2 | value='1' | fill=00000000 | rows=[1] | cols=[10] | col_header=False | row_header=False | metadata=False
Cell L2 | value='2' | fill=00000000 | rows=[1] | cols=[11] | col_header=False | row_header=False | metadata=False
Cell M2 | value='-1' | fill=00000000 | rows=[1] | cols=[12] | col_header=False | row_header=False | metadata=False
Cell N2 | value='2' | fill=00000000 | rows=[1] | cols=[13] | col_header=False | row_header=False | metadata=False
Cell O2 | value='1' | fill=00000000 | rows=[1] | cols=[14] | col_header=False | row_header=False | metadata=False
Cell T2 | value='21' | fill=00000000 | rows=[1] | cols=[19] | col_header=False | row_header=False | metadata=False
Cell A3 | value='104' | fill=00000000 | rows=[2] | cols=[0] | col_header=False | row_header=False | metadata=False
Cell B3 | value='5' | fill=00000000 | rows=[2] | cols=[1] | col_header=False | row_header=False | metadata=False
Cell C3 | value='CAI' | fill=00000000 | rows=[2] | cols=[2] | col_header=False | row_header=False | metadata=False
Cell D3 | value='1' | fill=00000000 | rows=[2] | cols=[3] | col_header=False | row_header=False | metadata=False
Cell E3 | value='2' | fill=00000000 | rows=[2] | cols=[4] | col_header=False | row_header=False | metadata=False
Cell F3 | value='3' | fill=00000000 | rows=[2] | cols=[5] | col_header=False | row_header=False | metadata=False
Cell G3 | value='1' | fill=00000000 | rows=[2] | cols=[6] | col_header=False | row_header=False | metadata=False
Cell H3 | value='2' | fill=00000000 | rows=[2] | cols=[7] | col_header=False | row_header=False | metadata=False
Cell I3 | value='2' | fill=00000000 | rows=[2] | cols=[8] | col_header=False | row_header=False | metadata=False
Cell J3 | value='3' | fill=00000000 | rows=[2] | cols=[9] | col_header=False | row_header=False | metadata=False
Cell K3 | value='0' | fill=00000000 | rows=[2] | cols=[10] | col_header=False | row_header=False | metadata=False
Cell L3 | value='3' | fill=00000000 | rows=[2] | cols=[11] | col_header=False | row_header=False | metadata=False
Cell M3 | value='2' | fill=00000000 | rows=[2] | cols=[12] | col_header=False | row_header=False | metadata=False
Cell N3 | value='0' | fill=00000000 | rows=[2] | cols=[13] | col_header=False | row_header=False | metadata=False
Cell O3 | value='0' | fill=00000000 | rows=[2] | cols=[14] | col_header=False | row_header=False | metadata=False
Cell T3 | value='19' | fill=00000000 | rows=[2] | cols=[19] | col_header=False | row_header=False | metadata=False
Cell A4 | value='105' | fill=00000000 | rows=[3] | cols=[0] | col_header=False | row_header=False | metadata=False
Cell B4 | value='1' | fill=00000000 | rows=[3] | cols=[1] | col_header=False | row_header=False | metadata=False
Cell C4 | value='Blended' | fill=00000000 | rows=[3] | cols=[2] | col_header=False | row_header=False | metadata=False
Cell D4 | value='2' | fill=00000000 | rows=[3] | cols=[3] | col_header=False | row_header=False | metadata=False
Cell E4 | value='1' | fill=00000000 | rows=[3] | cols=[4] | col_header=False | row_header=False | metadata=False
Cell F4 | value='3' | fill=00000000 | rows=[3] | cols=[5] | col_header=False | row_header=False | metadata=False
Cell G4 | value='2' | fill=00000000 | rows=[3] | cols=[6] | col_header=False | row_header=False | metadata=False
Cell H4 | value='2' | fill=00000000 | rows=[3] | cols=[7] | col_header=False | row_header=False | metadata=False
Cell I4 | value='2' | fill=00000000 | rows=[3] | cols=[8] | col_header=False | row_header=False | metadata=False
Cell J4 | value='3' | fill=00000000 | rows=[3] | cols=[9] | col_header=False | row_header=False | metadata=False
Cell K4 | value='2' | fill=00000000 | rows=[3] | cols=[10] | col_header=False | row_header=False | metadata=False
Cell L4 | value='2' | fill=00000000 | rows=[3] | cols=[11] | col_header=False | row_header=False | metadata=False
Cell M4 | value='2' | fill=00000000 | rows=[3] | cols=[12] | col_header=False | row_header=False | metadata=False
Cell N4 | value='1' | fill=00000000 | rows=[3] | cols=[13] | col_header=False | row_header=False | metadata=False
Cell O4 | value='2' | fill=00000000 | rows=[3] | cols=[14] | col_header=False | row_header=False | metadata=False
Cell T4 | value='24' | fill=00000000 | rows=[3] | cols=[19] | col_header=False | row_header=False | metadata=False
Cell A5 | value='107' | fill=00000000 | rows=[4] | cols=[0] | col_header=False | row_header=False | metadata=False
Cell B5 | value='3' | fill=00000000 | rows=[4] | cols=[1] | col_header=False | row_header=False | metadata=False
Cell C5 | value='Blended' | fill=00000000 | rows=[4] | cols=[2] | col_header=False | row_header=False | metadata=False
Cell D5 | value='0' | fill=00000000 | rows=[4] | cols=[3] | col_header=False | row_header=False | metadata=False
Cell E5 | value='0' | fill=00000000 | rows=[4] | cols=[4] | col_header=False | row_header=False | metadata=False
Cell F5 | value='1' | fill=00000000 | rows=[4] | cols=[5] | col_header=False | row_header=False | metadata=False
Cell G5 | value='0' | fill=00000000 | rows=[4] | cols=[6] | col_header=False | row_header=False | metadata=False
Cell H5 | value='2' | fill=00000000 | rows=[4] | cols=[7] | col_header=False | row_header=False | metadata=False
Cell I5 | value='2' | fill=00000000 | rows=[4] | cols=[8] | col_header=False | row_header=False | metadata=False
Cell J5 | value='2' | fill=00000000 | rows=[4] | cols=[9] | col_header=False | row_header=False | metadata=False
Cell K5 | value='0' | fill=00000000 | rows=[4] | cols=[10] | col_header=False | row_header=False | metadata=False
Cell P5 | value='1' | fill=00000000 | rows=[4] | cols=[15] | col_header=False | row_header=False | metadata=False
Cell Q5 | value='-1' | fill=00000000 | rows=[4] | cols=[16] | col_header=False | row_header=False | metadata=False
Cell R5 | value='-2' | fill=00000000 | rows=[4] | cols=[17] | col_header=False | row_header=False | metadata=False
Cell S5 | value='2' | fill=00000000 | rows=[4] | cols=[18] | col_header=False | row_header=False | metadata=False
Cell T5 | value='7' | fill=00000000 | rows=[4] | cols=[19] | col_header=False | row_header=False | metadata=False
Cell A6 | value='109' | fill=00000000 | rows=[5] | cols=[0] | col_header=False | row_header=False | metadata=False
Cell B6 | value='1' | fill=00000000 | rows=[5] | cols=[1] | col_header=False | row_header=False | metadata=False
Cell C6 | value='Blended' | fill=00000000 | rows=[5] | cols=[2] | col_header=False | row_header=False | metadata=False
Cell D6 | value='-2' | fill=00000000 | rows=[5] | cols=[3] | col_header=False | row_header=False | metadata=False
Cell E6 | value='-2' | fill=00000000 | rows=[5] | cols=[4] | col_header=False | row_header=False | metadata=False
Cell F6 | value='2' | fill=00000000 | rows=[5] | cols=[5] | col_header=False | row_header=False | metadata=False
Cell G6 | value='2' | fill=00000000 | rows=[5] | cols=[6] | col_header=False | row_header=False | metadata=False
Cell H6 | value='0' | fill=00000000 | rows=[5] | cols=[7] | col_header=False | row_header=False | metadata=False
Cell I6 | value='0' | fill=00000000 | rows=[5] | cols=[8] | col_header=False | row_header=False | metadata=False
Cell J6 | value='0' | fill=00000000 | rows=[5] | cols=[9] | col_header=False | row_header=False | metadata=False
Cell K6 | value='2' | fill=00000000 | rows=[5] | cols=[10] | col_header=False | row_header=False | metadata=False
Cell P6 | value='0' | fill=00000000 | rows=[5] | cols=[15] | col_header=False | row_header=False | metadata=False
Cell Q6 | value='0' | fill=00000000 | rows=[5] | cols=[16] | col_header=False | row_header=False | metadata=False
Cell R6 | value='0' | fill=00000000 | rows=[5] | cols=[17] | col_header=False | row_header=False | metadata=False
Cell S6 | value='2' | fill=00000000 | rows=[5] | cols=[18] | col_header=False | row_header=False | metadata=False
Cell T6 | value='4' | fill=00000000 | rows=[5] | cols=[19] | col_header=False | row_header=False | metadata=False
Cell A7 | value='110' | fill=00000000 | rows=[6] | cols=[0] | col_header=False | row_header=False | metadata=False
Cell B7 | value='6' | fill=00000000 | rows=[6] | cols=[1] | col_header=False | row_header=False | metadata=False
Cell C7 | value='Blended' | fill=00000000 | rows=[6] | cols=[2] | col_header=False | row_header=False | metadata=False
Cell D7 | value='0' | fill=00000000 | rows=[6] | cols=[3] | col_header=False | row_header=False | metadata=False
Cell E7 | value='0' | fill=00000000 | rows=[6] | cols=[4] | col_header=False | row_header=False | metadata=False
Cell F7 | value='0' | fill=00000000 | rows=[6] | cols=[5] | col_header=False | row_header=False | metadata=False
Cell G7 | value='0' | fill=00000000 | rows=[6] | cols=[6] | col_header=False | row_header=False | metadata=False
Cell H7 | value='0' | fill=00000000 | rows=[6] | cols=[7] | col_header=False | row_header=False | metadata=False
Cell I7 | value='0' | fill=00000000 | rows=[6] | cols=[8] | col_header=False | row_header=False | metadata=False
Cell J7 | value='0' | fill=00000000 | rows=[6] | cols=[9] | col_header=False | row_header=False | metadata=False
Cell K7 | value='0' | fill=00000000 | rows=[6] | cols=[10] | col_header=False | row_header=False | metadata=False
Cell P7 | value='1' | fill=00000000 | rows=[6] | cols=[15] | col_header=False | row_header=False | metadata=False
Cell Q7 | value='0' | fill=00000000 | rows=[6] | cols=[16] | col_header=False | row_header=False | metadata=False
Cell R7 | value='1' | fill=00000000 | rows=[6] | cols=[17] | col_header=False | row_header=False | metadata=False
Cell S7 | value='1' | fill=00000000 | rows=[6] | cols=[18] | col_header=False | row_header=False | metadata=False
Cell T7 | value='3' | fill=00000000 | rows=[6] | cols=[19] | col_header=False | row_header=False | metadata=False
Cell A8 | value='111' | fill=00000000 | rows=[7] | cols=[0] | col_header=False | row_header=False | metadata=False
Cell B8 | value='1' | fill=00000000 | rows=[7] | cols=[1] | col_header=False | row_header=False | metadata=False
Cell C8 | value='Blended' | fill=00000000 | rows=[7] | cols=[2] | col_header=False | row_header=False | metadata=False
Cell D8 | value='0' | fill=00000000 | rows=[7] | cols=[3] | col_header=False | row_header=False | metadata=False
Cell E8 | value='0' | fill=00000000 | rows=[7] | cols=[4] | col_header=False | row_header=False | metadata=False
Cell F8 | value='0' | fill=00000000 | rows=[7] | cols=[5] | col_header=False | row_header=False | metadata=False
Cell G8 | value='0' | fill=00000000 | rows=[7] | cols=[6] | col_header=False | row_header=False | metadata=False
Cell H8 | value='0' | fill=00000000 | rows=[7] | cols=[7] | col_header=False | row_header=False | metadata=False
Cell I8 | value='0' | fill=00000000 | rows=[7] | cols=[8] | col_header=False | row_header=False | metadata=False
Cell J8 | value='0' | fill=00000000 | rows=[7] | cols=[9] | col_header=False | row_header=False | metadata=False
Cell K8 | value='0' | fill=00000000 | rows=[7] | cols=[10] | col_header=False | row_header=False | metadata=False
Cell P8 | value='0' | fill=00000000 | rows=[7] | cols=[15] | col_header=False | row_header=False | metadata=False
Cell Q8 | value='0' | fill=00000000 | rows=[7] | cols=[16] | col_header=False | row_header=False | metadata=False
Cell R8 | value='0' | fill=00000000 | rows=[7] | cols=[17] | col_header=False | row_header=False | metadata=False
Cell S8 | value='0' | fill=00000000 | rows=[7] | cols=[18] | col_header=False | row_header=False | metadata=False
Cell T8 | value='0' | fill=00000000 | rows=[7] | cols=[19] | col_header=False | row_header=False | metadata=False
Cell A9 | value='112' | fill=00000000 | rows=[8] | cols=[0] | col_header=False | row_header=False | metadata=False
Cell B9 | value='3' | fill=00000000 | rows=[8] | cols=[1] | col_header=False | row_header=False | metadata=False
Cell C9 | value='Blended' | fill=00000000 | rows=[8] | cols=[2] | col_header=False | row_header=False | metadata=False
Cell D9 | value='1' | fill=00000000 | rows=[8] | cols=[3] | col_header=False | row_header=False | metadata=False
Cell E9 | value='0' | fill=00000000 | rows=[8] | cols=[4] | col_header=False | row_header=False | metadata=False
Cell F9 | value='1' | fill=00000000 | rows=[8] | cols=[5] | col_header=False | row_header=False | metadata=False
Cell G9 | value='1' | fill=00000000 | rows=[8] | cols=[6] | col_header=False | row_header=False | metadata=False
Cell H9 | value='1' | fill=00000000 | rows=[8] | cols=[7] | col_header=False | row_header=False | metadata=False
Cell I9 | value='1' | fill=00000000 | rows=[8] | cols=[8] | col_header=False | row_header=False | metadata=False
Cell J9 | value='2' | fill=00000000 | rows=[8] | cols=[9] | col_header=False | row_header=False | metadata=False
Cell K9 | value='1' | fill=00000000 | rows=[8] | cols=[10] | col_header=False | row_header=False | metadata=False
Cell P9 | value='2' | fill=00000000 | rows=[8] | cols=[15] | col_header=False | row_header=False | metadata=False
Cell Q9 | value='3' | fill=00000000 | rows=[8] | cols=[16] | col_header=False | row_header=False | metadata=False
Cell R9 | value='2' | fill=00000000 | rows=[8] | cols=[17] | col_header=False | row_header=False | metadata=False
Cell S9 | value='2' | fill=00000000 | rows=[8] | cols=[18] | col_header=False | row_header=False | metadata=False
Cell T9 | value='17' | fill=00000000 | rows=[8] | cols=[19] | col_header=False | row_header=False | metadata=False
Cell A10 | value='115' | fill=00000000 | rows=[9] | cols=[0] | col_header=False | row_header=False | metadata=False
Cell B10 | value='5' | fill=00000000 | rows=[9] | cols=[1] | col_header=False | row_header=False | metadata=False
Cell C10 | value='CAI' | fill=00000000 | rows=[9] | cols=[2] | col_header=False | row_header=False | metadata=False
Cell D10 | value='2' | fill=00000000 | rows=[9] | cols=[3] | col_header=False | row_header=False | metadata=False
Cell E10 | value='1' | fill=00000000 | rows=[9] | cols=[4] | col_header=False | row_header=False | metadata=False
Cell F10 | value='2' | fill=00000000 | rows=[9] | cols=[5] | col_header=False | row_header=False | metadata=False
Cell G10 | value='2' | fill=00000000 | rows=[9] | cols=[6] | col_header=False | row_header=False | metadata=False
Cell H10 | value='2' | fill=00000000 | rows=[9] | cols=[7] | col_header=False | row_header=False | metadata=False
Cell I10 | value='2' | fill=00000000 | rows=[9] | cols=[8] | col_header=False | row_header=False | metadata=False
Cell J10 | value='2' | fill=00000000 | rows=[9] | cols=[9] | col_header=False | row_header=False | metadata=False
Cell K10 | value='2' | fill=00000000 | rows=[9] | cols=[10] | col_header=False | row_header=False | metadata=False
Cell L10 | value='2' | fill=00000000 | rows=[9] | cols=[11] | col_header=False | row_header=False | metadata=False
Cell M10 | value='3' | fill=00000000 | rows=[9] | cols=[12] | col_header=False | row_header=False | metadata=False
Cell N10 | value='2' | fill=00000000 | rows=[9] | cols=[13] | col_header=False | row_header=False | metadata=False
Cell O10 | value='2' | fill=00000000 | rows=[9] | cols=[14] | col_header=False | row_header=False | metadata=False
Cell T10 | value='24' | fill=00000000 | rows=[9] | cols=[19] | col_header=False | row_header=False | metadata=False
Cell A11 | value='117' | fill=00000000 | rows=[10] | cols=[0] | col_header=False | row_header=False | metadata=False
Cell B11 | value='5' | fill=00000000 | rows=[10] | cols=[1] | col_header=False | row_header=False | metadata=False
Cell C11 | value='CAI' | fill=00000000 | rows=[10] | cols=[2] | col_header=False | row_header=False | metadata=False
Cell D11 | value='2' | fill=00000000 | rows=[10] | cols=[3] | col_header=False | row_header=False | metadata=False
Cell E11 | value='1' | fill=00000000 | rows=[10] | cols=[4] | col_header=False | row_header=False | metadata=False
Cell F11 | value='2' | fill=00000000 | rows=[10] | cols=[5] | col_header=False | row_header=False | metadata=False
Cell G11 | value='0' | fill=00000000 | rows=[10] | cols=[6] | col_header=False | row_header=False | metadata=False
Cell H11 | value='0' | fill=00000000 | rows=[10] | cols=[7] | col_header=False | row_header=False | metadata=False
Cell I11 | value='2' | fill=00000000 | rows=[10] | cols=[8] | col_header=False | row_header=False | metadata=False
Cell J11 | value='2' | fill=00000000 | rows=[10] | cols=[9] | col_header=False | row_header=False | metadata=False
Cell K11 | value='1' | fill=00000000 | rows=[10] | cols=[10] | col_header=False | row_header=False | metadata=False
Cell L11 | value='2' | fill=00000000 | rows=[10] | cols=[11] | col_header=False | row_header=False | metadata=False
Cell M11 | value='0' | fill=00000000 | rows=[10] | cols=[12] | col_header=False | row_header=False | metadata=False
Cell N11 | value='0' | fill=00000000 | rows=[10] | cols=[13] | col_header=False | row_header=False | metadata=False
Cell O11 | value='2' | fill=00000000 | rows=[10] | cols=[14] | col_header=False | row_header=False | metadata=False
Cell T11 | value='14' | fill=00000000 | rows=[10] | cols=[19] | col_header=False | row_header=False | metadata=False
Cell A12 | value='130' | fill=00000000 | rows=[11] | cols=[0] | col_header=False | row_header=False | metadata=False
Cell B12 | value='3' | fill=00000000 | rows=[11] | cols=[1] | col_header=False | row_header=False | metadata=False
Cell C12 | value='Blended' | fill=00000000 | rows=[11] | cols=[2] | col_header=False | row_header=False | metadata=False
Cell D12 | value='0' | fill=00000000 | rows=[11] | cols=[3] | col_header=False | row_header=False | metadata=False
Cell E12 | value='1' | fill=00000000 | rows=[11] | cols=[4] | col_header=False | row_header=False | metadata=False
Cell F12 | value='3' | fill=00000000 | rows=[11] | cols=[5] | col_header=False | row_header=False | metadata=False
Cell G12 | value='1' | fill=00000000 | rows=[11] | cols=[6] | col_header=False | row_header=False | metadata=False
Cell H12 | value='1' | fill=00000000 | rows=[11] | cols=[7] | col_header=False | row_header=False | metadata=False
Cell I12 | value='2' | fill=00000000 | rows=[11] | cols=[8] | col_header=False | row_header=False | metadata=False
Cell J12 | value='1' | fill=00000000 | rows=[11] | cols=[9] | col_header=False | row_header=False | metadata=False
Cell K12 | value='1' | fill=00000000 | rows=[11] | cols=[10] | col_header=False | row_header=False | metadata=False
Cell L12 | value='2' | fill=00000000 | rows=[11] | cols=[11] | col_header=False | row_header=False | metadata=False
Cell M12 | value='3' | fill=00000000 | rows=[11] | cols=[12] | col_header=False | row_header=False | metadata=False
Cell N12 | value='1' | fill=00000000 | rows=[11] | cols=[13] | col_header=False | row_header=False | metadata=False
Cell O12 | value='3' | fill=00000000 | rows=[11] | cols=[14] | col_header=False | row_header=False | metadata=False
Cell T12 | value='19' | fill=00000000 | rows=[11] | cols=[19] | col_header=False | row_header=False | metadata=False
Cell A13 | value='133' | fill=00000000 | rows=[12] | cols=[0] | col_header=False | row_header=False | metadata=False
Cell B13 | value='1' | fill=00000000 | rows=[12] | cols=[1] | col_header=False | row_header=False | metadata=False
Cell C13 | value='Blended' | fill=00000000 | rows=[12] | cols=[2] | col_header=False | row_header=False | metadata=False
Cell D13 | value='2' | fill=00000000 | rows=[12] | cols=[3] | col_header=False | row_header=False | metadata=False
Cell E13 | value='1' | fill=00000000 | rows=[12] | cols=[4] | col_header=False | row_header=False | metadata=False
Cell F13 | value='2' | fill=00000000 | rows=[12] | cols=[5] | col_header=False | row_header=False | metadata=False
Cell G13 | value='2' | fill=00000000 | rows=[12] | cols=[6] | col_header=False | row_header=False | metadata=False
Cell H13 | value='1' | fill=00000000 | rows=[12] | cols=[7] | col_header=False | row_header=False | metadata=False
Cell I13 | value='1' | fill=00000000 | rows=[12] | cols=[8] | col_header=False | row_header=False | metadata=False
Cell J13 | value='2' | fill=00000000 | rows=[12] | cols=[9] | col_header=False | row_header=False | metadata=False
Cell K13 | value='1' | fill=00000000 | rows=[12] | cols=[10] | col_header=False | row_header=False | metadata=False
Cell L13 | value='1' | fill=00000000 | rows=[12] | cols=[11] | col_header=False | row_header=False | metadata=False
Cell M13 | value='2' | fill=00000000 | rows=[12] | cols=[12] | col_header=False | row_header=False | metadata=False
Cell N13 | value='1' | fill=00000000 | rows=[12] | cols=[13] | col_header=False | row_header=False | metadata=False
Cell O13 | value='1' | fill=00000000 | rows=[12] | cols=[14] | col_header=False | row_header=False | metadata=False
Cell T13 | value='17' | fill=00000000 | rows=[12] | cols=[19] | col_header=False | row_header=False | metadata=False
Cell A14 | value='134' | fill=00000000 | rows=[13] | cols=[0] | col_header=False | row_header=False | metadata=False
Cell B14 | value='2' | fill=00000000 | rows=[13] | cols=[1] | col_header=False | row_header=False | metadata=False
Cell C14 | value='CAI' | fill=00000000 | rows=[13] | cols=[2] | col_header=False | row_header=False | metadata=False
Cell D14 | value='2' | fill=00000000 | rows=[13] | cols=[3] | col_header=False | row_header=False | metadata=False
Cell E14 | value='0' | fill=00000000 | rows=[13] | cols=[4] | col_header=False | row_header=False | metadata=False
Cell F14 | value='2' | fill=00000000 | rows=[13] | cols=[5] | col_header=False | row_header=False | metadata=False
Cell G14 | value='2' | fill=00000000 | rows=[13] | cols=[6] | col_header=False | row_header=False | metadata=False
Cell H14 | value='0' | fill=00000000 | rows=[13] | cols=[7] | col_header=False | row_header=False | metadata=False
Cell I14 | value='0' | fill=00000000 | rows=[13] | cols=[8] | col_header=False | row_header=False | metadata=False
Cell J14 | value='0' | fill=00000000 | rows=[13] | cols=[9] | col_header=False | row_header=False | metadata=False
Cell K14 | value='0' | fill=00000000 | rows=[13] | cols=[10] | col_header=False | row_header=False | metadata=False
Cell L14 | value='2' | fill=00000000 | rows=[13] | cols=[11] | col_header=False | row_header=False | metadata=False
Cell M14 | value='0' | fill=00000000 | rows=[13] | cols=[12] | col_header=False | row_header=False | metadata=False
Cell N14 | value='0' | fill=00000000 | rows=[13] | cols=[13] | col_header=False | row_header=False | metadata=False
Cell O14 | value='2' | fill=00000000 | rows=[13] | cols=[14] | col_header=False | row_header=False | metadata=False
Cell T14 | value='10' | fill=00000000 | rows=[13] | cols=[19] | col_header=False | row_header=False | metadata=False
Cell A15 | value='135' | fill=00000000 | rows=[14] | cols=[0] | col_header=False | row_header=False | metadata=False
Cell B15 | value='1' | fill=00000000 | rows=[14] | cols=[1] | col_header=False | row_header=False | metadata=False
Cell C15 | value='Blended' | fill=00000000 | rows=[14] | cols=[2] | col_header=False | row_header=False | metadata=False
Cell D15 | value='0' | fill=00000000 | rows=[14] | cols=[3] | col_header=False | row_header=False | metadata=False
Cell E15 | value='3' | fill=00000000 | rows=[14] | cols=[4] | col_header=False | row_header=False | metadata=False
Cell F15 | value='2' | fill=00000000 | rows=[14] | cols=[5] | col_header=False | row_header=False | metadata=False
Cell G15 | value='2' | fill=00000000 | rows=[14] | cols=[6] | col_header=False | row_header=False | metadata=False
Cell H15 | value='3' | fill=00000000 | rows=[14] | cols=[7] | col_header=False | row_header=False | metadata=False
Cell I15 | value='3' | fill=00000000 | rows=[14] | cols=[8] | col_header=False | row_header=False | metadata=False
Cell J15 | value='4' | fill=00000000 | rows=[14] | cols=[9] | col_header=False | row_header=False | metadata=False
Cell K15 | value='2' | fill=00000000 | rows=[14] | cols=[10] | col_header=False | row_header=False | metadata=False
Cell L15 | value='3' | fill=00000000 | rows=[14] | cols=[11] | col_header=False | row_header=False | metadata=False
Cell M15 | value='2' | fill=00000000 | rows=[14] | cols=[12] | col_header=False | row_header=False | metadata=False
Cell N15 | value='0' | fill=00000000 | rows=[14] | cols=[13] | col_header=False | row_header=False | metadata=False
Cell O15 | value='2' | fill=00000000 | rows=[14] | cols=[14] | col_header=False | row_header=False | metadata=False
Cell T15 | value='26' | fill=00000000 | rows=[14] | cols=[19] | col_header=False | row_header=False | metadata=False
Cell A16 | value='136' | fill=00000000 | rows=[15] | cols=[0] | col_header=False | row_header=False | metadata=False
Cell B16 | value='1' | fill=00000000 | rows=[15] | cols=[1] | col_header=False | row_header=False | metadata=False
Cell C16 | value='Blended' | fill=00000000 | rows=[15] | cols=[2] | col_header=False | row_header=False | metadata=False
Cell D16 | value='2' | fill=00000000 | rows=[15] | cols=[3] | col_header=False | row_header=False | metadata=False
Cell E16 | value='3' | fill=00000000 | rows=[15] | cols=[4] | col_header=False | row_header=False | metadata=False
Cell F16 | value='2' | fill=00000000 | rows=[15] | cols=[5] | col_header=False | row_header=False | metadata=False
Cell G16 | value='3' | fill=00000000 | rows=[15] | cols=[6] | col_header=False | row_header=False | metadata=False
Cell H16 | value='2' | fill=00000000 | rows=[15] | cols=[7] | col_header=False | row_header=False | metadata=False
Cell I16 | value='2' | fill=00000000 | rows=[15] | cols=[8] | col_header=False | row_header=False | metadata=False
Cell J16 | value='3' | fill=00000000 | rows=[15] | cols=[9] | col_header=False | row_header=False | metadata=False
Cell K16 | value='2' | fill=00000000 | rows=[15] | cols=[10] | col_header=False | row_header=False | metadata=False
Cell L16 | value='2' | fill=00000000 | rows=[15] | cols=[11] | col_header=False | row_header=False | metadata=False
Cell M16 | value='3' | fill=00000000 | rows=[15] | cols=[12] | col_header=False | row_header=False | metadata=False
Cell N16 | value='0' | fill=00000000 | rows=[15] | cols=[13] | col_header=False | row_header=False | metadata=False
Cell O16 | value='2' | fill=00000000 | rows=[15] | cols=[14] | col_header=False | row_header=False | metadata=False
Cell T16 | value='26' | fill=00000000 | rows=[15] | cols=[19] | col_header=False | row_header=False | metadata=False
Cell A17 | value='137' | fill=00000000 | rows=[16] | cols=[0] | col_header=False | row_header=False | metadata=False
Cell B17 | value='2' | fill=00000000 | rows=[16] | cols=[1] | col_header=False | row_header=False | metadata=False
Cell C17 | value='CAI' | fill=00000000 | rows=[16] | cols=[2] | col_header=False | row_header=False | metadata=False
Cell D17 | value='1' | fill=00000000 | rows=[16] | cols=[3] | col_header=False | row_header=False | metadata=False
Cell E17 | value='0' | fill=00000000 | rows=[16] | cols=[4] | col_header=False | row_header=False | metadata=False
Cell F17 | value='0' | fill=00000000 | rows=[16] | cols=[5] | col_header=False | row_header=False | metadata=False
Cell G17 | value='2' | fill=00000000 | rows=[16] | cols=[6] | col_header=False | row_header=False | metadata=False
Cell H17 | value='0' | fill=00000000 | rows=[16] | cols=[7] | col_header=False | row_header=False | metadata=False
Cell I17 | value='1' | fill=00000000 | rows=[16] | cols=[8] | col_header=False | row_header=False | metadata=False
Cell J17 | value='0' | fill=00000000 | rows=[16] | cols=[9] | col_header=False | row_header=False | metadata=False
Cell K17 | value='0' | fill=00000000 | rows=[16] | cols=[10] | col_header=False | row_header=False | metadata=False
Cell P17 | value='-1' | fill=00000000 | rows=[16] | cols=[15] | col_header=False | row_header=False | metadata=False
Cell Q17 | value='0' | fill=00000000 | rows=[16] | cols=[16] | col_header=False | row_header=False | metadata=False
Cell R17 | value='0' | fill=00000000 | rows=[16] | cols=[17] | col_header=False | row_header=False | metadata=False
Cell S17 | value='1' | fill=00000000 | rows=[16] | cols=[18] | col_header=False | row_header=False | metadata=False
Cell T17 | value='4' | fill=00000000 | rows=[16] | cols=[19] | col_header=False | row_header=False | metadata=False
Cell A18 | value='138' | fill=00000000 | rows=[17] | cols=[0] | col_header=False | row_header=False | metadata=False
Cell B18 | value='1' | fill=00000000 | rows=[17] | cols=[1] | col_header=False | row_header=False | metadata=False
Cell C18 | value='Blended' | fill=00000000 | rows=[17] | cols=[2] | col_header=False | row_header=False | metadata=False
Cell D18 | value='2' | fill=00000000 | rows=[17] | cols=[3] | col_header=False | row_header=False | metadata=False
Cell E18 | value='2' | fill=00000000 | rows=[17] | cols=[4] | col_header=False | row_header=False | metadata=False
Cell F18 | value='2' | fill=00000000 | rows=[17] | cols=[5] | col_header=False | row_header=False | metadata=False
Cell G18 | value='2' | fill=00000000 | rows=[17] | cols=[6] | col_header=False | row_header=False | metadata=False
Cell H18 | value='3' | fill=00000000 | rows=[17] | cols=[7] | col_header=False | row_header=False | metadata=False
Cell I18 | value='2' | fill=00000000 | rows=[17] | cols=[8] | col_header=False | row_header=False | metadata=False
Cell J18 | value='3' | fill=00000000 | rows=[17] | cols=[9] | col_header=False | row_header=False | metadata=False
Cell K18 | value='2' | fill=00000000 | rows=[17] | cols=[10] | col_header=False | row_header=False | metadata=False
Cell L18 | value='3' | fill=00000000 | rows=[17] | cols=[11] | col_header=False | row_header=False | metadata=False
Cell M18 | value='3' | fill=00000000 | rows=[17] | cols=[12] | col_header=False | row_header=False | metadata=False
Cell N18 | value='1' | fill=00000000 | rows=[17] | cols=[13] | col_header=False | row_header=False | metadata=False
Cell O18 | value='-1' | fill=00000000 | rows=[17] | cols=[14] | col_header=False | row_header=False | metadata=False
Cell T18 | value='24' | fill=00000000 | rows=[17] | cols=[19] | col_header=False | row_header=False | metadata=False
Cell A19 | value='142' | fill=00000000 | rows=[18] | cols=[0] | col_header=False | row_header=False | metadata=False
Cell B19 | value='1' | fill=00000000 | rows=[18] | cols=[1] | col_header=False | row_header=False | metadata=False
Cell C19 | value='Blended' | fill=00000000 | rows=[18] | cols=[2] | col_header=False | row_header=False | metadata=False
Cell D19 | value='1' | fill=00000000 | rows=[18] | cols=[3] | col_header=False | row_header=False | metadata=False
Cell E19 | value='3' | fill=00000000 | rows=[18] | cols=[4] | col_header=False | row_header=False | metadata=False
Cell F19 | value='4' | fill=00000000 | rows=[18] | cols=[5] | col_header=False | row_header=False | metadata=False
Cell G19 | value='2' | fill=00000000 | rows=[18] | cols=[6] | col_header=False | row_header=False | metadata=False
Cell H19 | value='3' | fill=00000000 | rows=[18] | cols=[7] | col_header=False | row_header=False | metadata=False
Cell I19 | value='3' | fill=00000000 | rows=[18] | cols=[8] | col_header=False | row_header=False | metadata=False
Cell J19 | value='3' | fill=00000000 | rows=[18] | cols=[9] | col_header=False | row_header=False | metadata=False
Cell K19 | value='2' | fill=00000000 | rows=[18] | cols=[10] | col_header=False | row_header=False | metadata=False
Cell L19 | value='3' | fill=00000000 | rows=[18] | cols=[11] | col_header=False | row_header=False | metadata=False
Cell M19 | value='3' | fill=00000000 | rows=[18] | cols=[12] | col_header=False | row_header=False | metadata=False
Cell N19 | value='2' | fill=00000000 | rows=[18] | cols=[13] | col_header=False | row_header=False | metadata=False
Cell O19 | value='2' | fill=00000000 | rows=[18] | cols=[14] | col_header=False | row_header=False | metadata=False
Cell T19 | value='31' | fill=00000000 | rows=[18] | cols=[19] | col_header=False | row_header=False | metadata=False
Cell A20 | value='143' | fill=00000000 | rows=[19] | cols=[0] | col_header=False | row_header=False | metadata=False
Cell B20 | value='3' | fill=00000000 | rows=[19] | cols=[1] | col_header=False | row_header=False | metadata=False
Cell C20 | value='Blended' | fill=00000000 | rows=[19] | cols=[2] | col_header=False | row_header=False | metadata=False
Cell D20 | value='2' | fill=00000000 | rows=[19] | cols=[3] | col_header=False | row_header=False | metadata=False
Cell E20 | value='1' | fill=00000000 | rows=[19] | cols=[4] | col_header=False | row_header=False | metadata=False
Cell F20 | value='2' | fill=00000000 | rows=[19] | cols=[5] | col_header=False | row_header=False | metadata=False
Cell G20 | value='0' | fill=00000000 | rows=[19] | cols=[6] | col_header=False | row_header=False | metadata=False
Cell H20 | value='2' | fill=00000000 | rows=[19] | cols=[7] | col_header=False | row_header=False | metadata=False
Cell I20 | value='2' | fill=00000000 | rows=[19] | cols=[8] | col_header=False | row_header=False | metadata=False
Cell J20 | value='1' | fill=00000000 | rows=[19] | cols=[9] | col_header=False | row_header=False | metadata=False
Cell K20 | value='0' | fill=00000000 | rows=[19] | cols=[10] | col_header=False | row_header=False | metadata=False
Cell L20 | value='-1' | fill=00000000 | rows=[19] | cols=[11] | col_header=False | row_header=False | metadata=False
Cell M20 | value='1' | fill=00000000 | rows=[19] | cols=[12] | col_header=False | row_header=False | metadata=False
Cell N20 | value='2' | fill=00000000 | rows=[19] | cols=[13] | col_header=False | row_header=False | metadata=False
Cell O20 | value='3' | fill=00000000 | rows=[19] | cols=[14] | col_header=False | row_header=False | metadata=False
Cell T20 | value='15' | fill=00000000 | rows=[19] | cols=[19] | col_header=False | row_header=False | metadata=False
Cell A21 | value='144' | fill=00000000 | rows=[20] | cols=[0] | col_header=False | row_header=False | metadata=False
Cell B21 | value='1' | fill=00000000 | rows=[20] | cols=[1] | col_header=False | row_header=False | metadata=False
Cell C21 | value='Blended' | fill=00000000 | rows=[20] | cols=[2] | col_header=False | row_header=False | metadata=False
Cell D21 | value='0' | fill=00000000 | rows=[20] | cols=[3] | col_header=False | row_header=False | metadata=False
Cell E21 | value='0' | fill=00000000 | rows=[20] | cols=[4] | col_header=False | row_header=False | metadata=False
Cell F21 | value='2' | fill=00000000 | rows=[20] | cols=[5] | col_header=False | row_header=False | metadata=False
Cell G21 | value='2' | fill=00000000 | rows=[20] | cols=[6] | col_header=False | row_header=False | metadata=False
Cell H21 | value='0' | fill=00000000 | rows=[20] | cols=[7] | col_header=False | row_header=False | metadata=False
Cell I21 | value='2' | fill=00000000 | rows=[20] | cols=[8] | col_header=False | row_header=False | metadata=False
Cell J21 | value='2' | fill=00000000 | rows=[20] | cols=[9] | col_header=False | row_header=False | metadata=False
Cell K21 | value='0' | fill=00000000 | rows=[20] | cols=[10] | col_header=False | row_header=False | metadata=False
Cell L21 | value='2' | fill=00000000 | rows=[20] | cols=[11] | col_header=False | row_header=False | metadata=False
Cell M21 | value='2' | fill=00000000 | rows=[20] | cols=[12] | col_header=False | row_header=False | metadata=False
Cell N21 | value='2' | fill=00000000 | rows=[20] | cols=[13] | col_header=False | row_header=False | metadata=False
Cell O21 | value='2' | fill=00000000 | rows=[20] | cols=[14] | col_header=False | row_header=False | metadata=False
Cell T21 | value='16' | fill=00000000 | rows=[20] | cols=[19] | col_header=False | row_header=False | metadata=False
Cell A22 | value='146' | fill=00000000 | rows=[21] | cols=[0] | col_header=False | row_header=False | metadata=False
Cell B22 | value='3' | fill=00000000 | rows=[21] | cols=[1] | col_header=False | row_header=False | metadata=False
Cell C22 | value='Blended' | fill=00000000 | rows=[21] | cols=[2] | col_header=False | row_header=False | metadata=False
Cell D22 | value='0' | fill=00000000 | rows=[21] | cols=[3] | col_header=False | row_header=False | metadata=False
Cell E22 | value='0' | fill=00000000 | rows=[21] | cols=[4] | col_header=False | row_header=False | metadata=False
Cell F22 | value='0' | fill=00000000 | rows=[21] | cols=[5] | col_header=False | row_header=False | metadata=False
Cell G22 | value='0' | fill=00000000 | rows=[21] | cols=[6] | col_header=False | row_header=False | metadata=False
Cell H22 | value='0' | fill=00000000 | rows=[21] | cols=[7] | col_header=False | row_header=False | metadata=False
Cell I22 | value='0' | fill=00000000 | rows=[21] | cols=[8] | col_header=False | row_header=False | metadata=False
Cell J22 | value='0' | fill=00000000 | rows=[21] | cols=[9] | col_header=False | row_header=False | metadata=False
Cell K22 | value='0' | fill=00000000 | rows=[21] | cols=[10] | col_header=False | row_header=False | metadata=False
Cell P22 | value='0' | fill=00000000 | rows=[21] | cols=[15] | col_header=False | row_header=False | metadata=False
Cell Q22 | value='0' | fill=00000000 | rows=[21] | cols=[16] | col_header=False | row_header=False | metadata=False
Cell R22 | value='0' | fill=00000000 | rows=[21] | cols=[17] | col_header=False | row_header=False | metadata=False
Cell S22 | value='0' | fill=00000000 | rows=[21] | cols=[18] | col_header=False | row_header=False | metadata=False
Cell T22 | value='0' | fill=00000000 | rows=[21] | cols=[19] | col_header=False | row_header=False | metadata=False
Cell A23 | value='147' | fill=00000000 | rows=[22] | cols=[0] | col_header=False | row_header=False | metadata=False
Cell B23 | value='5' | fill=00000000 | rows=[22] | cols=[1] | col_header=False | row_header=False | metadata=False
Cell C23 | value='CAI' | fill=00000000 | rows=[22] | cols=[2] | col_header=False | row_header=False | metadata=False
Cell D23 | value='2' | fill=00000000 | rows=[22] | cols=[3] | col_header=False | row_header=False | metadata=False
Cell E23 | value='2' | fill=00000000 | rows=[22] | cols=[4] | col_header=False | row_header=False | metadata=False
Cell F23 | value='3' | fill=00000000 | rows=[22] | cols=[5] | col_header=False | row_header=False | metadata=False
Cell G23 | value='2' | fill=00000000 | rows=[22] | cols=[6] | col_header=False | row_header=False | metadata=False
Cell H23 | value='2' | fill=00000000 | rows=[22] | cols=[7] | col_header=False | row_header=False | metadata=False
Cell I23 | value='2' | fill=00000000 | rows=[22] | cols=[8] | col_header=False | row_header=False | metadata=False
Cell J23 | value='3' | fill=00000000 | rows=[22] | cols=[9] | col_header=False | row_header=False | metadata=False
Cell K23 | value='3' | fill=00000000 | rows=[22] | cols=[10] | col_header=False | row_header=False | metadata=False
Cell L23 | value='2' | fill=00000000 | rows=[22] | cols=[11] | col_header=False | row_header=False | metadata=False
Cell M23 | value='3' | fill=00000000 | rows=[22] | cols=[12] | col_header=False | row_header=False | metadata=False
Cell N23 | value='1' | fill=00000000 | rows=[22] | cols=[13] | col_header=False | row_header=False | metadata=False
Cell O23 | value='2' | fill=00000000 | rows=[22] | cols=[14] | col_header=False | row_header=False | metadata=False
Cell T23 | value='27' | fill=00000000 | rows=[22] | cols=[19] | col_header=False | row_header=False | metadata=False
Cell A24 | value='149' | fill=00000000 | rows=[23] | cols=[0] | col_header=False | row_header=False | metadata=False
Cell B24 | value='6' | fill=00000000 | rows=[23] | cols=[1] | col_header=False | row_header=False | metadata=False
Cell C24 | value='Blended' | fill=00000000 | rows=[23] | cols=[2] | col_header=False | row_header=False | metadata=False
Cell D24 | value='2' | fill=00000000 | rows=[23] | cols=[3] | col_header=False | row_header=False | metadata=False
Cell E24 | value='0' | fill=00000000 | rows=[23] | cols=[4] | col_header=False | row_header=False | metadata=False
Cell F24 | value='0' | fill=00000000 | rows=[23] | cols=[5] | col_header=False | row_header=False | metadata=False
Cell G24 | value='0' | fill=00000000 | rows=[23] | cols=[6] | col_header=False | row_header=False | metadata=False
Cell H24 | value='0' | fill=00000000 | rows=[23] | cols=[7] | col_header=False | row_header=False | metadata=False
Cell I24 | value='0' | fill=00000000 | rows=[23] | cols=[8] | col_header=False | row_header=False | metadata=False
Cell J24 | value='0' | fill=00000000 | rows=[23] | cols=[9] | col_header=False | row_header=False | metadata=False
Cell K24 | value='0' | fill=00000000 | rows=[23] | cols=[10] | col_header=False | row_header=False | metadata=False
Cell P24 | value='1' | fill=00000000 | rows=[23] | cols=[15] | col_header=False | row_header=False | metadata=False
Cell Q24 | value='1' | fill=00000000 | rows=[23] | cols=[16] | col_header=False | row_header=False | metadata=False
Cell R24 | value='1' | fill=00000000 | rows=[23] | cols=[17] | col_header=False | row_header=False | metadata=False
Cell S24 | value='1' | fill=00000000 | rows=[23] | cols=[18] | col_header=False | row_header=False | metadata=False
Cell T24 | value='6' | fill=00000000 | rows=[23] | cols=[19] | col_header=False | row_header=False | metadata=False
Cell A25 | value='150' | fill=00000000 | rows=[24] | cols=[0] | col_header=False | row_header=False | metadata=False
Cell B25 | value='1' | fill=00000000 | rows=[24] | cols=[1] | col_header=False | row_header=False | metadata=False
Cell C25 | value='Blended' | fill=00000000 | rows=[24] | cols=[2] | col_header=False | row_header=False | metadata=False
Cell D25 | value='0' | fill=00000000 | rows=[24] | cols=[3] | col_header=False | row_header=False | metadata=False
Cell E25 | value='0' | fill=00000000 | rows=[24] | cols=[4] | col_header=False | row_header=False | metadata=False
Cell F25 | value='2' | fill=00000000 | rows=[24] | cols=[5] | col_header=False | row_header=False | metadata=False
Cell G25 | value='0' | fill=00000000 | rows=[24] | cols=[6] | col_header=False | row_header=False | metadata=False
Cell H25 | value='2' | fill=00000000 | rows=[24] | cols=[7] | col_header=False | row_header=False | metadata=False
Cell I25 | value='2' | fill=00000000 | rows=[24] | cols=[8] | col_header=False | row_header=False | metadata=False
Cell J25 | value='2' | fill=00000000 | rows=[24] | cols=[9] | col_header=False | row_header=False | metadata=False
Cell K25 | value='2' | fill=00000000 | rows=[24] | cols=[10] | col_header=False | row_header=False | metadata=False
Cell L25 | value='0' | fill=00000000 | rows=[24] | cols=[11] | col_header=False | row_header=False | metadata=False
Cell M25 | value='2' | fill=00000000 | rows=[24] | cols=[12] | col_header=False | row_header=False | metadata=False
Cell N25 | value='2' | fill=00000000 | rows=[24] | cols=[13] | col_header=False | row_header=False | metadata=False
Cell O25 | value='2' | fill=00000000 | rows=[24] | cols=[14] | col_header=False | row_header=False | metadata=False
Cell T25 | value='16' | fill=00000000 | rows=[24] | cols=[19] | col_header=False | row_header=False | metadata=False
Cell A26 | value='151' | fill=00000000 | rows=[25] | cols=[0] | col_header=False | row_header=False | metadata=False
Cell B26 | value='3' | fill=00000000 | rows=[25] | cols=[1] | col_header=False | row_header=False | metadata=False
Cell C26 | value='Blended' | fill=00000000 | rows=[25] | cols=[2] | col_header=False | row_header=False | metadata=False
Cell D26 | value='2' | fill=00000000 | rows=[25] | cols=[3] | col_header=False | row_header=False | metadata=False
Cell E26 | value='0' | fill=00000000 | rows=[25] | cols=[4] | col_header=False | row_header=False | metadata=False
Cell F26 | value='1' | fill=00000000 | rows=[25] | cols=[5] | col_header=False | row_header=False | metadata=False
Cell G26 | value='2' | fill=00000000 | rows=[25] | cols=[6] | col_header=False | row_header=False | metadata=False
Cell H26 | value='0' | fill=00000000 | rows=[25] | cols=[7] | col_header=False | row_header=False | metadata=False
Cell I26 | value='0' | fill=00000000 | rows=[25] | cols=[8] | col_header=False | row_header=False | metadata=False
Cell J26 | value='0' | fill=00000000 | rows=[25] | cols=[9] | col_header=False | row_header=False | metadata=False
Cell K26 | value='0' | fill=00000000 | rows=[25] | cols=[10] | col_header=False | row_header=False | metadata=False
Cell P26 | value='2' | fill=00000000 | rows=[25] | cols=[15] | col_header=False | row_header=False | metadata=False
Cell Q26 | value='2' | fill=00000000 | rows=[25] | cols=[16] | col_header=False | row_header=False | metadata=False
Cell R26 | value='1' | fill=00000000 | rows=[25] | cols=[17] | col_header=False | row_header=False | metadata=False
Cell S26 | value='2' | fill=00000000 | rows=[25] | cols=[18] | col_header=False | row_header=False | metadata=False
Cell T26 | value='12' | fill=00000000 | rows=[25] | cols=[19] | col_header=False | row_header=False | metadata=False
Cell A27 | value='153' | fill=00000000 | rows=[26] | cols=[0] | col_header=False | row_header=False | metadata=False
Cell B27 | value='6' | fill=00000000 | rows=[26] | cols=[1] | col_header=False | row_header=False | metadata=False
Cell C27 | value='Blended' | fill=00000000 | rows=[26] | cols=[2] | col_header=False | row_header=False | metadata=False
Cell D27 | value='1' | fill=00000000 | rows=[26] | cols=[3] | col_header=False | row_header=False | metadata=False
Cell E27 | value='-1' | fill=00000000 | rows=[26] | cols=[4] | col_header=False | row_header=False | metadata=False
Cell F27 | value='1' | fill=00000000 | rows=[26] | cols=[5] | col_header=False | row_header=False | metadata=False
Cell G27 | value='1' | fill=00000000 | rows=[26] | cols=[6] | col_header=False | row_header=False | metadata=False
Cell H27 | value='-1' | fill=00000000 | rows=[26] | cols=[7] | col_header=False | row_header=False | metadata=False
Cell I27 | value='0' | fill=00000000 | rows=[26] | cols=[8] | col_header=False | row_header=False | metadata=False
Cell J27 | value='1' | fill=00000000 | rows=[26] | cols=[9] | col_header=False | row_header=False | metadata=False
Cell K27 | value='1' | fill=00000000 | rows=[26] | cols=[10] | col_header=False | row_header=False | metadata=False
Cell L27 | value='1' | fill=00000000 | rows=[26] | cols=[11] | col_header=False | row_header=False | metadata=False
Cell M27 | value='-1' | fill=00000000 | rows=[26] | cols=[12] | col_header=False | row_header=False | metadata=False
Cell N27 | value='1' | fill=00000000 | rows=[26] | cols=[13] | col_header=False | row_header=False | metadata=False
Cell O27 | value='1' | fill=00000000 | rows=[26] | cols=[14] | col_header=False | row_header=False | metadata=False
Cell T27 | value='5' | fill=00000000 | rows=[26] | cols=[19] | col_header=False | row_header=False | metadata=False
Cell A28 | value='155' | fill=00000000 | rows=[27] | cols=[0] | col_header=False | row_header=False | metadata=False
Cell B28 | value='6' | fill=00000000 | rows=[27] | cols=[1] | col_header=False | row_header=False | metadata=False
Cell C28 | value='Blended' | fill=00000000 | rows=[27] | cols=[2] | col_header=False | row_header=False | metadata=False
Cell D28 | value='0' | fill=00000000 | rows=[27] | cols=[3] | col_header=False | row_header=False | metadata=False
Cell E28 | value='0' | fill=00000000 | rows=[27] | cols=[4] | col_header=False | row_header=False | metadata=False
Cell F28 | value='0' | fill=00000000 | rows=[27] | cols=[5] | col_header=False | row_header=False | metadata=False
Cell G28 | value='0' | fill=00000000 | rows=[27] | cols=[6] | col_header=False | row_header=False | metadata=False
Cell H28 | value='-1' | fill=00000000 | rows=[27] | cols=[7] | col_header=False | row_header=False | metadata=False
Cell I28 | value='-1' | fill=00000000 | rows=[27] | cols=[8] | col_header=False | row_header=False | metadata=False
Cell J28 | value='1' | fill=00000000 | rows=[27] | cols=[9] | col_header=False | row_header=False | metadata=False
Cell K28 | value='-1' | fill=00000000 | rows=[27] | cols=[10] | col_header=False | row_header=False | metadata=False
Cell P28 | value='0' | fill=00000000 | rows=[27] | cols=[15] | col_header=False | row_header=False | metadata=False
Cell Q28 | value='0' | fill=00000000 | rows=[27] | cols=[16] | col_header=False | row_header=False | metadata=False
Cell R28 | value='0' | fill=00000000 | rows=[27] | cols=[17] | col_header=False | row_header=False | metadata=False
Cell S28 | value='0' | fill=00000000 | rows=[27] | cols=[18] | col_header=False | row_header=False | metadata=False
Cell T28 | value='-2' | fill=00000000 | rows=[27] | cols=[19] | col_header=False | row_header=False | metadata=False
Cell A29 | value='157' | fill=00000000 | rows=[28] | cols=[0] | col_header=False | row_header=False | metadata=False
Cell B29 | value='2' | fill=00000000 | rows=[28] | cols=[1] | col_header=False | row_header=False | metadata=False
Cell C29 | value='CAI' | fill=00000000 | rows=[28] | cols=[2] | col_header=False | row_header=False | metadata=False
Cell D29 | value='3' | fill=00000000 | rows=[28] | cols=[3] | col_header=False | row_header=False | metadata=False
Cell E29 | value='-1' | fill=00000000 | rows=[28] | cols=[4] | col_header=False | row_header=False | metadata=False
Cell F29 | value='2' | fill=00000000 | rows=[28] | cols=[5] | col_header=False | row_header=False | metadata=False
Cell G29 | value='0' | fill=00000000 | rows=[28] | cols=[6] | col_header=False | row_header=False | metadata=False
Cell H29 | value='0' | fill=00000000 | rows=[28] | cols=[7] | col_header=False | row_header=False | metadata=False
Cell I29 | value='2' | fill=00000000 | rows=[28] | cols=[8] | col_header=False | row_header=False | metadata=False
Cell J29 | value='2' | fill=00000000 | rows=[28] | cols=[9] | col_header=False | row_header=False | metadata=False
Cell K29 | value='0' | fill=00000000 | rows=[28] | cols=[10] | col_header=False | row_header=False | metadata=False
Cell L29 | value='2' | fill=00000000 | rows=[28] | cols=[11] | col_header=False | row_header=False | metadata=False
Cell M29 | value='1' | fill=00000000 | rows=[28] | cols=[12] | col_header=False | row_header=False | metadata=False
Cell N29 | value='2' | fill=00000000 | rows=[28] | cols=[13] | col_header=False | row_header=False | metadata=False
Cell O29 | value='0' | fill=00000000 | rows=[28] | cols=[14] | col_header=False | row_header=False | metadata=False
Cell T29 | value='13' | fill=00000000 | rows=[28] | cols=[19] | col_header=False | row_header=False | metadata=False
Cell A30 | value='158' | fill=00000000 | rows=[29] | cols=[0] | col_header=False | row_header=False | metadata=False
Cell B30 | value='2' | fill=00000000 | rows=[29] | cols=[1] | col_header=False | row_header=False | metadata=False
Cell C30 | value='CAI' | fill=00000000 | rows=[29] | cols=[2] | col_header=False | row_header=False | metadata=False
Cell D30 | value='2' | fill=00000000 | rows=[29] | cols=[3] | col_header=False | row_header=False | metadata=False
Cell E30 | value='0' | fill=00000000 | rows=[29] | cols=[4] | col_header=False | row_header=False | metadata=False
Cell F30 | value='2' | fill=00000000 | rows=[29] | cols=[5] | col_header=False | row_header=False | metadata=False
Cell G30 | value='2' | fill=00000000 | rows=[29] | cols=[6] | col_header=False | row_header=False | metadata=False
Cell H30 | value='0' | fill=00000000 | rows=[29] | cols=[7] | col_header=False | row_header=False | metadata=False
Cell I30 | value='2' | fill=00000000 | rows=[29] | cols=[8] | col_header=False | row_header=False | metadata=False
Cell J30 | value='2' | fill=00000000 | rows=[29] | cols=[9] | col_header=False | row_header=False | metadata=False
Cell K30 | value='2' | fill=00000000 | rows=[29] | cols=[10] | col_header=False | row_header=False | metadata=False
Cell L30 | value='2' | fill=00000000 | rows=[29] | cols=[11] | col_header=False | row_header=False | metadata=False
Cell M30 | value='2' | fill=00000000 | rows=[29] | cols=[12] | col_header=False | row_header=False | metadata=False
Cell N30 | value='0' | fill=00000000 | rows=[29] | cols=[13] | col_header=False | row_header=False | metadata=False
Cell O30 | value='2' | fill=00000000 | rows=[29] | cols=[14] | col_header=False | row_header=False | metadata=False
Cell T30 | value='18' | fill=00000000 | rows=[29] | cols=[19] | col_header=False | row_header=False | metadata=False
Cell A31 | value='159' | fill=00000000 | rows=[30] | cols=[0] | col_header=False | row_header=False | metadata=False
Cell B31 | value='2' | fill=00000000 | rows=[30] | cols=[1] | col_header=False | row_header=False | metadata=False
Cell C31 | value='CAI' | fill=00000000 | rows=[30] | cols=[2] | col_header=False | row_header=False | metadata=False
Cell D31 | value='1' | fill=00000000 | rows=[30] | cols=[3] | col_header=False | row_header=False | metadata=False
Cell E31 | value='-1' | fill=00000000 | rows=[30] | cols=[4] | col_header=False | row_header=False | metadata=False
Cell F31 | value='-1' | fill=00000000 | rows=[30] | cols=[5] | col_header=False | row_header=False | metadata=False
Cell G31 | value='1' | fill=00000000 | rows=[30] | cols=[6] | col_header=False | row_header=False | metadata=False
Cell H31 | value='-1' | fill=00000000 | rows=[30] | cols=[7] | col_header=False | row_header=False | metadata=False
Cell I31 | value='1' | fill=00000000 | rows=[30] | cols=[8] | col_header=False | row_header=False | metadata=False
Cell J31 | value='1' | fill=00000000 | rows=[30] | cols=[9] | col_header=False | row_header=False | metadata=False
Cell K31 | value='-1' | fill=00000000 | rows=[30] | cols=[10] | col_header=False | row_header=False | metadata=False
Cell L31 | value='0' | fill=00000000 | rows=[30] | cols=[11] | col_header=False | row_header=False | metadata=False
Cell M31 | value='0' | fill=00000000 | rows=[30] | cols=[12] | col_header=False | row_header=False | metadata=False
Cell N31 | value='0' | fill=00000000 | rows=[30] | cols=[13] | col_header=False | row_header=False | metadata=False
Cell O31 | value='0' | fill=00000000 | rows=[30] | cols=[14] | col_header=False | row_header=False | metadata=False
Cell T31 | value='0' | fill=00000000 | rows=[30] | cols=[19] | col_header=False | row_header=False | metadata=False
Cell A32 | value='160' | fill=00000000 | rows=[31] | cols=[0] | col_header=False | row_header=False | metadata=False
Cell B32 | value='2' | fill=00000000 | rows=[31] | cols=[1] | col_header=False | row_header=False | metadata=False
Cell C32 | value='CAI' | fill=00000000 | rows=[31] | cols=[2] | col_header=False | row_header=False | metadata=False
Cell D32 | value='2' | fill=00000000 | rows=[31] | cols=[3] | col_header=False | row_header=False | metadata=False
Cell E32 | value='2' | fill=00000000 | rows=[31] | cols=[4] | col_header=False | row_header=False | metadata=False
Cell F32 | value='2' | fill=00000000 | rows=[31] | cols=[5] | col_header=False | row_header=False | metadata=False
Cell G32 | value='2' | fill=00000000 | rows=[31] | cols=[6] | col_header=False | row_header=False | metadata=False
Cell H32 | value='0' | fill=00000000 | rows=[31] | cols=[7] | col_header=False | row_header=False | metadata=False
Cell I32 | value='2' | fill=00000000 | rows=[31] | cols=[8] | col_header=False | row_header=False | metadata=False
Cell J32 | value='2' | fill=00000000 | rows=[31] | cols=[9] | col_header=False | row_header=False | metadata=False
Cell K32 | value='1' | fill=00000000 | rows=[31] | cols=[10] | col_header=False | row_header=False | metadata=False
Cell L32 | value='2' | fill=00000000 | rows=[31] | cols=[11] | col_header=False | row_header=False | metadata=False
Cell M32 | value='1' | fill=00000000 | rows=[31] | cols=[12] | col_header=False | row_header=False | metadata=False
Cell N32 | value='0' | fill=00000000 | rows=[31] | cols=[13] | col_header=False | row_header=False | metadata=False
Cell O32 | value='2' | fill=00000000 | rows=[31] | cols=[14] | col_header=False | row_header=False | metadata=False
Cell T32 | value='18' | fill=00000000 | rows=[31] | cols=[19] | col_header=False | row_header=False | metadata=False
Cell A33 | value='161' | fill=00000000 | rows=[32] | cols=[0] | col_header=False | row_header=False | metadata=False
Cell B33 | value='2' | fill=00000000 | rows=[32] | cols=[1] | col_header=False | row_header=False | metadata=False
Cell C33 | value='CAI' | fill=00000000 | rows=[32] | cols=[2] | col_header=False | row_header=False | metadata=False
Cell D33 | value='-2' | fill=00000000 | rows=[32] | cols=[3] | col_header=False | row_header=False | metadata=False
Cell E33 | value='0' | fill=00000000 | rows=[32] | cols=[4] | col_header=False | row_header=False | metadata=False
Cell F33 | value='2' | fill=00000000 | rows=[32] | cols=[5] | col_header=False | row_header=False | metadata=False
Cell G33 | value='2' | fill=00000000 | rows=[32] | cols=[6] | col_header=False | row_header=False | metadata=False
Cell H33 | value='0' | fill=00000000 | rows=[32] | cols=[7] | col_header=False | row_header=False | metadata=False
Cell I33 | value='2' | fill=00000000 | rows=[32] | cols=[8] | col_header=False | row_header=False | metadata=False
Cell J33 | value='2' | fill=00000000 | rows=[32] | cols=[9] | col_header=False | row_header=False | metadata=False
Cell K33 | value='2' | fill=00000000 | rows=[32] | cols=[10] | col_header=False | row_header=False | metadata=False
Cell P33 | value='2' | fill=00000000 | rows=[32] | cols=[15] | col_header=False | row_header=False | metadata=False
Cell Q33 | value='2' | fill=00000000 | rows=[32] | cols=[16] | col_header=False | row_header=False | metadata=False
Cell R33 | value='2' | fill=00000000 | rows=[32] | cols=[17] | col_header=False | row_header=False | metadata=False
Cell S33 | value='2' | fill=00000000 | rows=[32] | cols=[18] | col_header=False | row_header=False | metadata=False
Cell T33 | value='16' | fill=00000000 | rows=[32] | cols=[19] | col_header=False | row_header=False | metadata=False
Cell A34 | value='163' | fill=00000000 | rows=[33] | cols=[0] | col_header=False | row_header=False | metadata=False
Cell B34 | value='2' | fill=00000000 | rows=[33] | cols=[1] | col_header=False | row_header=False | metadata=False
Cell C34 | value='CAI' | fill=00000000 | rows=[33] | cols=[2] | col_header=False | row_header=False | metadata=False
Cell D34 | value='2' | fill=00000000 | rows=[33] | cols=[3] | col_header=False | row_header=False | metadata=False
Cell E34 | value='2' | fill=00000000 | rows=[33] | cols=[4] | col_header=False | row_header=False | metadata=False
Cell F34 | value='2' | fill=00000000 | rows=[33] | cols=[5] | col_header=False | row_header=False | metadata=False
Cell G34 | value='2' | fill=00000000 | rows=[33] | cols=[6] | col_header=False | row_header=False | metadata=False
Cell H34 | value='0' | fill=00000000 | rows=[33] | cols=[7] | col_header=False | row_header=False | metadata=False
Cell I34 | value='2' | fill=00000000 | rows=[33] | cols=[8] | col_header=False | row_header=False | metadata=False
Cell J34 | value='2' | fill=00000000 | rows=[33] | cols=[9] | col_header=False | row_header=False | metadata=False
Cell K34 | value='0' | fill=00000000 | rows=[33] | cols=[10] | col_header=False | row_header=False | metadata=False
Cell L34 | value='2' | fill=00000000 | rows=[33] | cols=[11] | col_header=False | row_header=False | metadata=False
Cell M34 | value='2' | fill=00000000 | rows=[33] | cols=[12] | col_header=False | row_header=False | metadata=False
Cell N34 | value='0' | fill=00000000 | rows=[33] | cols=[13] | col_header=False | row_header=False | metadata=False
Cell O34 | value='2' | fill=00000000 | rows=[33] | cols=[14] | col_header=False | row_header=False | metadata=False
Cell T34 | value='18' | fill=00000000 | rows=[33] | cols=[19] | col_header=False | row_header=False | metadata=False
Cell A35 | value='164' | fill=00000000 | rows=[34] | cols=[0] | col_header=False | row_header=False | metadata=False
Cell B35 | value='5' | fill=00000000 | rows=[34] | cols=[1] | col_header=False | row_header=False | metadata=False
Cell C35 | value='CAI' | fill=00000000 | rows=[34] | cols=[2] | col_header=False | row_header=False | metadata=False
Cell D35 | value='2' | fill=00000000 | rows=[34] | cols=[3] | col_header=False | row_header=False | metadata=False
Cell E35 | value='0' | fill=00000000 | rows=[34] | cols=[4] | col_header=False | row_header=False | metadata=False
Cell F35 | value='2' | fill=00000000 | rows=[34] | cols=[5] | col_header=False | row_header=False | metadata=False
Cell G35 | value='2' | fill=00000000 | rows=[34] | cols=[6] | col_header=False | row_header=False | metadata=False
Cell H35 | value='2' | fill=00000000 | rows=[34] | cols=[7] | col_header=False | row_header=False | metadata=False
Cell I35 | value='2' | fill=00000000 | rows=[34] | cols=[8] | col_header=False | row_header=False | metadata=False
Cell J35 | value='-2' | fill=00000000 | rows=[34] | cols=[9] | col_header=False | row_header=False | metadata=False
Cell K35 | value='2' | fill=00000000 | rows=[34] | cols=[10] | col_header=False | row_header=False | metadata=False
Cell P35 | value='0' | fill=00000000 | rows=[34] | cols=[15] | col_header=False | row_header=False | metadata=False
Cell Q35 | value='2' | fill=00000000 | rows=[34] | cols=[16] | col_header=False | row_header=False | metadata=False
Cell R35 | value='0' | fill=00000000 | rows=[34] | cols=[17] | col_header=False | row_header=False | metadata=False
Cell S35 | value='2' | fill=00000000 | rows=[34] | cols=[18] | col_header=False | row_header=False | metadata=False
Cell T35 | value='14' | fill=00000000 | rows=[34] | cols=[19] | col_header=False | row_header=False | metadata=False
Cell A36 | value='168' | fill=00000000 | rows=[35] | cols=[0] | col_header=False | row_header=False | metadata=False
Cell B36 | value='3' | fill=00000000 | rows=[35] | cols=[1] | col_header=False | row_header=False | metadata=False
Cell C36 | value='Blended' | fill=00000000 | rows=[35] | cols=[2] | col_header=False | row_header=False | metadata=False
Cell D36 | value='1' | fill=00000000 | rows=[35] | cols=[3] | col_header=False | row_header=False | metadata=False
Cell E36 | value='2' | fill=00000000 | rows=[35] | cols=[4] | col_header=False | row_header=False | metadata=False
Cell F36 | value='4' | fill=00000000 | rows=[35] | cols=[5] | col_header=False | row_header=False | metadata=False
Cell G36 | value='2' | fill=00000000 | rows=[35] | cols=[6] | col_header=False | row_header=False | metadata=False
Cell H36 | value='2' | fill=00000000 | rows=[35] | cols=[7] | col_header=False | row_header=False | metadata=False
Cell I36 | value='2' | fill=00000000 | rows=[35] | cols=[8] | col_header=False | row_header=False | metadata=False
Cell J36 | value='3' | fill=00000000 | rows=[35] | cols=[9] | col_header=False | row_header=False | metadata=False
Cell K36 | value='1' | fill=00000000 | rows=[35] | cols=[10] | col_header=False | row_header=False | metadata=False
Cell L36 | value='0' | fill=00000000 | rows=[35] | cols=[11] | col_header=False | row_header=False | metadata=False
Cell M36 | value='2' | fill=00000000 | rows=[35] | cols=[12] | col_header=False | row_header=False | metadata=False
Cell N36 | value='1' | fill=00000000 | rows=[35] | cols=[13] | col_header=False | row_header=False | metadata=False
Cell O36 | value='3' | fill=00000000 | rows=[35] | cols=[14] | col_header=False | row_header=False | metadata=False
Cell T36 | value='23' | fill=00000000 | rows=[35] | cols=[19] | col_header=False | row_header=False | metadata=False
Cell A37 | value='170' | fill=00000000 | rows=[36] | cols=[0] | col_header=False | row_header=False | metadata=False
Cell B37 | value='4' | fill=00000000 | rows=[36] | cols=[1] | col_header=False | row_header=False | metadata=False
Cell C37 | value='CAI' | fill=00000000 | rows=[36] | cols=[2] | col_header=False | row_header=False | metadata=False
Cell D37 | value='-1' | fill=00000000 | rows=[36] | cols=[3] | col_header=False | row_header=False | metadata=False
Cell E37 | value='1' | fill=00000000 | rows=[36] | cols=[4] | col_header=False | row_header=False | metadata=False
Cell F37 | value='1' | fill=00000000 | rows=[36] | cols=[5] | col_header=False | row_header=False | metadata=False
Cell G37 | value='1' | fill=00000000 | rows=[36] | cols=[6] | col_header=False | row_header=False | metadata=False
Cell H37 | value='1' | fill=00000000 | rows=[36] | cols=[7] | col_header=False | row_header=False | metadata=False
Cell I37 | value='1' | fill=00000000 | rows=[36] | cols=[8] | col_header=False | row_header=False | metadata=False
Cell J37 | value='1' | fill=00000000 | rows=[36] | cols=[9] | col_header=False | row_header=False | metadata=False
Cell K37 | value='1' | fill=00000000 | rows=[36] | cols=[10] | col_header=False | row_header=False | metadata=False
Cell P37 | value='1' | fill=00000000 | rows=[36] | cols=[15] | col_header=False | row_header=False | metadata=False
Cell Q37 | value='1' | fill=00000000 | rows=[36] | cols=[16] | col_header=False | row_header=False | metadata=False
Cell R37 | value='1' | fill=00000000 | rows=[36] | cols=[17] | col_header=False | row_header=False | metadata=False
Cell S37 | value='1' | fill=00000000 | rows=[36] | cols=[18] | col_header=False | row_header=False | metadata=False
Cell T37 | value='10' | fill=00000000 | rows=[36] | cols=[19] | col_header=False | row_header=False | metadata=False
Cell A38 | value='171' | fill=00000000 | rows=[37] | cols=[0] | col_header=False | row_header=False | metadata=False
Cell B38 | value='4' | fill=00000000 | rows=[37] | cols=[1] | col_header=False | row_header=False | metadata=False
Cell C38 | value='CAI' | fill=00000000 | rows=[37] | cols=[2] | col_header=False | row_header=False | metadata=False
Cell D38 | value='0' | fill=00000000 | rows=[37] | cols=[3] | col_header=False | row_header=False | metadata=False
Cell E38 | value='0' | fill=00000000 | rows=[37] | cols=[4] | col_header=False | row_header=False | metadata=False
Cell F38 | value='0' | fill=00000000 | rows=[37] | cols=[5] | col_header=False | row_header=False | metadata=False
Cell G38 | value='0' | fill=00000000 | rows=[37] | cols=[6] | col_header=False | row_header=False | metadata=False
Cell H38 | value='0' | fill=00000000 | rows=[37] | cols=[7] | col_header=False | row_header=False | metadata=False
Cell I38 | value='0' | fill=00000000 | rows=[37] | cols=[8] | col_header=False | row_header=False | metadata=False
Cell J38 | value='0' | fill=00000000 | rows=[37] | cols=[9] | col_header=False | row_header=False | metadata=False
Cell K38 | value='0' | fill=00000000 | rows=[37] | cols=[10] | col_header=False | row_header=False | metadata=False
Cell P38 | value='0' | fill=00000000 | rows=[37] | cols=[15] | col_header=False | row_header=False | metadata=False
Cell Q38 | value='0' | fill=00000000 | rows=[37] | cols=[16] | col_header=False | row_header=False | metadata=False
Cell R38 | value='0' | fill=00000000 | rows=[37] | cols=[17] | col_header=False | row_header=False | metadata=False
Cell S38 | value='0' | fill=00000000 | rows=[37] | cols=[18] | col_header=False | row_header=False | metadata=False
Cell T38 | value='0' | fill=00000000 | rows=[37] | cols=[19] | col_header=False | row_header=False | metadata=False
Cell A39 | value='172' | fill=00000000 | rows=[38] | cols=[0] | col_header=False | row_header=False | metadata=False
Cell B39 | value='4' | fill=00000000 | rows=[38] | cols=[1] | col_header=False | row_header=False | metadata=False
Cell C39 | value='CAI' | fill=00000000 | rows=[38] | cols=[2] | col_header=False | row_header=False | metadata=False
Cell D39 | value='0' | fill=00000000 | rows=[38] | cols=[3] | col_header=False | row_header=False | metadata=False
Cell E39 | value='0' | fill=00000000 | rows=[38] | cols=[4] | col_header=False | row_header=False | metadata=False
Cell F39 | value='0' | fill=00000000 | rows=[38] | cols=[5] | col_header=False | row_header=False | metadata=False
Cell G39 | value='1' | fill=00000000 | rows=[38] | cols=[6] | col_header=False | row_header=False | metadata=False
Cell H39 | value='0' | fill=00000000 | rows=[38] | cols=[7] | col_header=False | row_header=False | metadata=False
Cell I39 | value='0' | fill=00000000 | rows=[38] | cols=[8] | col_header=False | row_header=False | metadata=False
Cell J39 | value='0' | fill=00000000 | rows=[38] | cols=[9] | col_header=False | row_header=False | metadata=False
Cell K39 | value='0' | fill=00000000 | rows=[38] | cols=[10] | col_header=False | row_header=False | metadata=False
Cell L39 | value='0' | fill=00000000 | rows=[38] | cols=[11] | col_header=False | row_header=False | metadata=False
Cell M39 | value='0' | fill=00000000 | rows=[38] | cols=[12] | col_header=False | row_header=False | metadata=False
Cell N39 | value='0' | fill=00000000 | rows=[38] | cols=[13] | col_header=False | row_header=False | metadata=False
Cell O39 | value='0' | fill=00000000 | rows=[38] | cols=[14] | col_header=False | row_header=False | metadata=False
Cell T39 | value='1' | fill=00000000 | rows=[38] | cols=[19] | col_header=False | row_header=False | metadata=False
Cell A40 | value='173' | fill=00000000 | rows=[39] | cols=[0] | col_header=False | row_header=False | metadata=False
Cell B40 | value='4' | fill=00000000 | rows=[39] | cols=[1] | col_header=False | row_header=False | metadata=False
Cell C40 | value='CAI' | fill=00000000 | rows=[39] | cols=[2] | col_header=False | row_header=False | metadata=False
Cell D40 | value='1' | fill=00000000 | rows=[39] | cols=[3] | col_header=False | row_header=False | metadata=False
Cell E40 | value='1' | fill=00000000 | rows=[39] | cols=[4] | col_header=False | row_header=False | metadata=False
Cell F40 | value='1' | fill=00000000 | rows=[39] | cols=[5] | col_header=False | row_header=False | metadata=False
Cell G40 | value='1' | fill=00000000 | rows=[39] | cols=[6] | col_header=False | row_header=False | metadata=False
Cell H40 | value='0' | fill=00000000 | rows=[39] | cols=[7] | col_header=False | row_header=False | metadata=False
Cell I40 | value='0' | fill=00000000 | rows=[39] | cols=[8] | col_header=False | row_header=False | metadata=False
Cell J40 | value='1' | fill=00000000 | rows=[39] | cols=[9] | col_header=False | row_header=False | metadata=False
Cell K40 | value='0' | fill=00000000 | rows=[39] | cols=[10] | col_header=False | row_header=False | metadata=False
Cell L40 | value='0' | fill=00000000 | rows=[39] | cols=[11] | col_header=False | row_header=False | metadata=False
Cell M40 | value='0' | fill=00000000 | rows=[39] | cols=[12] | col_header=False | row_header=False | metadata=False
Cell N40 | value='0' | fill=00000000 | rows=[39] | cols=[13] | col_header=False | row_header=False | metadata=False
Cell O40 | value='0' | fill=00000000 | rows=[39] | cols=[14] | col_header=False | row_header=False | metadata=False
Cell T40 | value='5' | fill=00000000 | rows=[39] | cols=[19] | col_header=False | row_header=False | metadata=False
Cell A41 | value='174' | fill=00000000 | rows=[40] | cols=[0] | col_header=False | row_header=False | metadata=False
Cell B41 | value='4' | fill=00000000 | rows=[40] | cols=[1] | col_header=False | row_header=False | metadata=False
Cell C41 | value='CAI' | fill=00000000 | rows=[40] | cols=[2] | col_header=False | row_header=False | metadata=False
Cell D41 | value='0' | fill=00000000 | rows=[40] | cols=[3] | col_header=False | row_header=False | metadata=False
Cell E41 | value='0' | fill=00000000 | rows=[40] | cols=[4] | col_header=False | row_header=False | metadata=False
Cell F41 | value='0' | fill=00000000 | rows=[40] | cols=[5] | col_header=False | row_header=False | metadata=False
Cell G41 | value='0' | fill=00000000 | rows=[40] | cols=[6] | col_header=False | row_header=False | metadata=False
Cell H41 | value='0' | fill=00000000 | rows=[40] | cols=[7] | col_header=False | row_header=False | metadata=False
Cell I41 | value='0' | fill=00000000 | rows=[40] | cols=[8] | col_header=False | row_header=False | metadata=False
Cell J41 | value='0' | fill=00000000 | rows=[40] | cols=[9] | col_header=False | row_header=False | metadata=False
Cell K41 | value='0' | fill=00000000 | rows=[40] | cols=[10] | col_header=False | row_header=False | metadata=False
Cell P41 | value='0' | fill=00000000 | rows=[40] | cols=[15] | col_header=False | row_header=False | metadata=False
Cell Q41 | value='0' | fill=00000000 | rows=[40] | cols=[16] | col_header=False | row_header=False | metadata=False
Cell R41 | value='-1' | fill=00000000 | rows=[40] | cols=[17] | col_header=False | row_header=False | metadata=False
Cell S41 | value='0' | fill=00000000 | rows=[40] | cols=[18] | col_header=False | row_header=False | metadata=False
Cell T41 | value='-1' | fill=00000000 | rows=[40] | cols=[19] | col_header=False | row_header=False | metadata=False
Cell A42 | value='175' | fill=00000000 | rows=[41] | cols=[0] | col_header=False | row_header=False | metadata=False
Cell B42 | value='4' | fill=00000000 | rows=[41] | cols=[1] | col_header=False | row_header=False | metadata=False
Cell C42 | value='CAI' | fill=00000000 | rows=[41] | cols=[2] | col_header=False | row_header=False | metadata=False
Cell D42 | value='2' | fill=00000000 | rows=[41] | cols=[3] | col_header=False | row_header=False | metadata=False
Cell E42 | value='3' | fill=00000000 | rows=[41] | cols=[4] | col_header=False | row_header=False | metadata=False
Cell F42 | value='3' | fill=00000000 | rows=[41] | cols=[5] | col_header=False | row_header=False | metadata=False
Cell G42 | value='1' | fill=00000000 | rows=[41] | cols=[6] | col_header=False | row_header=False | metadata=False
Cell H42 | value='2' | fill=00000000 | rows=[41] | cols=[7] | col_header=False | row_header=False | metadata=False
Cell I42 | value='3' | fill=00000000 | rows=[41] | cols=[8] | col_header=False | row_header=False | metadata=False
Cell J42 | value='3' | fill=00000000 | rows=[41] | cols=[9] | col_header=False | row_header=False | metadata=False
Cell K42 | value='3' | fill=00000000 | rows=[41] | cols=[10] | col_header=False | row_header=False | metadata=False
Cell P42 | value='3' | fill=00000000 | rows=[41] | cols=[15] | col_header=False | row_header=False | metadata=False
Cell Q42 | value='3' | fill=00000000 | rows=[41] | cols=[16] | col_header=False | row_header=False | metadata=False
Cell R42 | value='1' | fill=00000000 | rows=[41] | cols=[17] | col_header=False | row_header=False | metadata=False
Cell S42 | value='1' | fill=00000000 | rows=[41] | cols=[18] | col_header=False | row_header=False | metadata=False
Cell T42 | value='28' | fill=00000000 | rows=[41] | cols=[19] | col_header=False | row_header=False | metadata=False
Cell C43 | value='AVG' | fill=FF00B050 | rows=[42] | cols=[2] | col_header=False | row_header=True | metadata=False
Cell D43 | value='0.951219512195122' | fill=00000000 | rows=[42] | cols=[3] | col_header=False | row_header=False | metadata=False
Cell E43 | value='0.731707317073171' | fill=00000000 | rows=[42] | cols=[4] | col_header=False | row_header=False | metadata=False
Cell F43 | value='1.5609756097561' | fill=00000000 | rows=[42] | cols=[5] | col_header=False | row_header=False | metadata=False
Cell G43 | value='1.21951219512195' | fill=00000000 | rows=[42] | cols=[6] | col_header=False | row_header=False | metadata=False
Cell H43 | value='0.829268292682927' | fill=00000000 | rows=[42] | cols=[7] | col_header=False | row_header=False | metadata=False
Cell I43 | value='1.31707317073171' | fill=00000000 | rows=[42] | cols=[8] | col_header=False | row_header=False | metadata=False
Cell J43 | value='1.46341463414634' | fill=00000000 | rows=[42] | cols=[9] | col_header=False | row_header=False | metadata=False
Cell K43 | value='0.853658536585366' | fill=00000000 | rows=[42] | cols=[10] | col_header=False | row_header=False | metadata=False
Cell L43 | value='1.56' | fill=00000000 | rows=[42] | cols=[11] | col_header=False | row_header=False | metadata=False
Cell M43 | value='1.48' | fill=00000000 | rows=[42] | cols=[12] | col_header=False | row_header=False | metadata=False
Cell N43 | value='0.84' | fill=00000000 | rows=[42] | cols=[13] | col_header=False | row_header=False | metadata=False
Cell O43 | value='1.48' | fill=00000000 | rows=[42] | cols=[14] | col_header=False | row_header=False | metadata=False
Cell P43 | value='0.75' | fill=00000000 | rows=[42] | cols=[15] | col_header=False | row_header=False | metadata=False
Cell Q43 | value='0.8125' | fill=00000000 | rows=[42] | cols=[16] | col_header=False | row_header=False | metadata=False
Cell R43 | value='0.375' | fill=00000000 | rows=[42] | cols=[17] | col_header=False | row_header=False | metadata=False
Cell S43 | value='1.0625' | fill=00000000 | rows=[42] | cols=[18] | col_header=False | row_header=False | metadata=False
Cell C44 | value='CAI' | fill=00000000 | rows=[43] | cols=[2] | col_header=False | row_header=False | metadata=False
Cell D44 | value='1.15789473684211' | fill=00000000 | rows=[43] | cols=[3] | col_header=False | row_header=False | metadata=False
Cell E44 | value='0.684210526315789' | fill=00000000 | rows=[43] | cols=[4] | col_header=False | row_header=False | metadata=False
Cell F44 | value='1.47368421052632' | fill=00000000 | rows=[43] | cols=[5] | col_header=False | row_header=False | metadata=False
Cell G44 | value='1.26315789473684' | fill=00000000 | rows=[43] | cols=[6] | col_header=False | row_header=False | metadata=False
Cell H44 | value='0.526315789473684' | fill=00000000 | rows=[43] | cols=[7] | col_header=False | row_header=False | metadata=False
Cell I44 | value='1.36842105263158' | fill=00000000 | rows=[43] | cols=[8] | col_header=False | row_header=False | metadata=False
Cell J44 | value='1.26315789473684' | fill=00000000 | rows=[43] | cols=[9] | col_header=False | row_header=False | metadata=False
Cell K44 | value='0.842105263157895' | fill=00000000 | rows=[43] | cols=[10] | col_header=False | row_header=False | metadata=False
Cell L44 | value='1.58333333333333' | fill=00000000 | rows=[43] | cols=[11] | col_header=False | row_header=False | metadata=False
Cell M44 | value='1.16666666666667' | fill=00000000 | rows=[43] | cols=[12] | col_header=False | row_header=False | metadata=False
Cell N44 | value='0.416666666666667' | fill=00000000 | rows=[43] | cols=[13] | col_header=False | row_header=False | metadata=False
Cell O44 | value='1.16666666666667' | fill=00000000 | rows=[43] | cols=[14] | col_header=False | row_header=False | metadata=False
Cell P44 | value='0.714285714285714' | fill=00000000 | rows=[43] | cols=[15] | col_header=False | row_header=False | metadata=False
Cell Q44 | value='1.14285714285714' | fill=00000000 | rows=[43] | cols=[16] | col_header=False | row_header=False | metadata=False
Cell R44 | value='0.428571428571429' | fill=00000000 | rows=[43] | cols=[17] | col_header=False | row_header=False | metadata=False
Cell S44 | value='1' | fill=00000000 | rows=[43] | cols=[18] | col_header=False | row_header=False | metadata=False
Cell C45 | value='Blended' | fill=00000000 | rows=[44] | cols=[2] | col_header=False | row_header=False | metadata=False
Cell D45 | value='0.772727272727273' | fill=00000000 | rows=[44] | cols=[3] | col_header=False | row_header=False | metadata=False
Cell E45 | value='0.772727272727273' | fill=00000000 | rows=[44] | cols=[4] | col_header=False | row_header=False | metadata=False
Cell F45 | value='1.63636363636364' | fill=00000000 | rows=[44] | cols=[5] | col_header=False | row_header=False | metadata=False
Cell G45 | value='1.18181818181818' | fill=00000000 | rows=[44] | cols=[6] | col_header=False | row_header=False | metadata=False
Cell H45 | value='1.09090909090909' | fill=00000000 | rows=[44] | cols=[7] | col_header=False | row_header=False | metadata=False
Cell I45 | value='1.27272727272727' | fill=00000000 | rows=[44] | cols=[8] | col_header=False | row_header=False | metadata=False
Cell J45 | value='1.63636363636364' | fill=00000000 | rows=[44] | cols=[9] | col_header=False | row_header=False | metadata=False
Cell K45 | value='0.863636363636364' | fill=00000000 | rows=[44] | cols=[10] | col_header=False | row_header=False | metadata=False
Cell L45 | value='1.53846153846154' | fill=00000000 | rows=[44] | cols=[11] | col_header=False | row_header=False | metadata=False
Cell M45 | value='1.76923076923077' | fill=00000000 | rows=[44] | cols=[12] | col_header=False | row_header=False | metadata=False
Cell N45 | value='1.23076923076923' | fill=00000000 | rows=[44] | cols=[13] | col_header=False | row_header=False | metadata=False
Cell O45 | value='1.76923076923077' | fill=00000000 | rows=[44] | cols=[14] | col_header=False | row_header=False | metadata=False
Cell P45 | value='0.777777777777778' | fill=00000000 | rows=[44] | cols=[15] | col_header=False | row_header=False | metadata=False
Cell Q45 | value='0.555555555555556' | fill=00000000 | rows=[44] | cols=[16] | col_header=False | row_header=False | metadata=False
Cell R45 | value='0.333333333333333' | fill=00000000 | rows=[44] | cols=[17] | col_header=False | row_header=False | metadata=False
Cell S45 | value='1.11111111111111' | fill=00000000 | rows=[44] | cols=[18] | col_header=False | row_header=False | metadata=False

