=== education-table24.xlsx ===
Cell A1 | value='State' | fill=FFFFFF00 | rows=[0, 1, 2] | cols=[0] | col_header=True | row_header=True | metadata=False
Cell B1 | value='Schools Reporting' | fill=FFFFFF00 | rows=[0, 1, 2] | cols=[1] | col_header=True | row_header=False | metadata=False
Cell C1 | value='Mathematics  Courses' | fill=FFFFFF00 | rows=[0] | cols=[2, 3, 4, 5] | col_header=True | row_header=False | metadata=False
Cell G1 | value='Number of Schools' | fill=FFFFFF00 | rows=[0, 1, 2] | cols=[6] | col_header=True | row_header=False | metadata=False
Cell H1 | value='Percent of Schools Reporting' | fill=FFFFFF00 | rows=[0, 1, 2] | cols=[7] | col_header=True | row_header=False | metadata=False
Cell C2 | value='Algebra I' | fill=00000000 | rows=[1] | cols=[2, 3] | col_header=False | row_header=False | metadata=False
Cell E2 | value='Geometry' | fill=00000000 | rows=[1] | cols=[4, 5] | col_header=False | row_header=False | metadata=False
Cell C3 | value='Number' | fill=FFFFFF00 | rows=[2] | cols=[2] | col_header=True | row_header=False | metadata=False
Cell D3 | value='Percent' | fill=FFFFFF00 | rows=[2] | cols=[3] | col_header=True | row_header=False | metadata=False
Cell E3 | value='Number' | fill=FFFFFF00 | rows=[2] | cols=[4] | col_header=True | row_header=False | metadata=False
Cell F3 | value='Percent' | fill=FFFFFF00 | rows=[2] | cols=[5] | col_header=True | row_header=False | metadata=False
Cell A4 | value='United States' | fill=None | rows=[3] | cols=[0] | col_header=False | row_header=False | metadata=False
Cell B4 | value='30650' | fill=None | rows=[3] | cols=[1] | col_header=False | row_header=False | metadata=False
Cell C4 | value='18258' | fill=None | rows=[3] | cols=[2] | col_header=False | row_header=False | metadata=False
Cell D4 | value='59.5693' | fill=None | rows=[3] | cols=[3] | col_header=False | row_header=False | metadata=False
Cell E4 | value='5372' | fill=None | rows=[3] | cols=[4] | col_header=False | row_header=False | metadata=False
Cell F4 | value='17.5269' | fill=None | rows=[3] | cols=[5] | col_header=False | row_header=False | metadata=False
Cell G4 | value='30651' | fill=None | rows=[3] | cols=[6] | col_header=False | row_header=False | metadata=False
Cell H4 | value='99.997' | fill=None | rows=[3] | cols=[7] | col_header=False | row_header=False | metadata=False
Cell A5 | value='Alabama' | fill=00000000 | rows=[4] | cols=[0] | col_header=False | row_header=False | metadata=False
Cell B5 | value='497' | fill=00000000 | rows=[4] | cols=[1] | col_header=False | row_header=False | metadata=False
Cell C5 | value='294' | fill=00000000 | rows=[4] | cols=[2] | col_header=False | row_header=False | metadata=False
Cell D5 | value='59.1549' | fill=00000000 | rows=[4] | cols=[3] | col_header=False | row_header=False | metadata=False
Cell E5 | value='21' | fill=00000000 | rows=[4] | cols=[4] | col_header=False | row_header=False | metadata=False
Cell F5 | value='4.2254' | fill=00000000 | rows=[4] | cols=[5] | col_header=False | row_header=False | metadata=False
Cell G5 | value='497' | fill=00000000 | rows=[4] | cols=[6] | col_header=False | row_header=False | metadata=False
Cell H5 | value='100' | fill=00000000 | rows=[4] | cols=[7] | col_header=False | row_header=False | metadata=False
Cell A6 | value='Alaska' | fill=None | rows=[5] | cols=[0] | col_header=False | row_header=False | metadata=False
Cell B6 | value='296' | fill=None | rows=[5] | cols=[1] | col_header=False | row_header=False | metadata=False
Cell C6 | value='142' | fill=None | rows=[5] | cols=[2] | col_header=False | row_header=False | metadata=False
Cell D6 | value='47.972972972973' | fill=None | rows=[5] | cols=[3] | col_header=False | row_header=False | metadata=False
Cell E6 | value='41' | fill=None | rows=[5] | cols=[4] | col_header=False | row_header=False | metadata=False
Cell F6 | value='13.8514' | fill=None | rows=[5] | cols=[5] | col_header=False | row_header=False | metadata=False
Cell G6 | value='296' | fill=None | rows=[5] | cols=[6] | col_header=False | row_header=False | metadata=False
Cell H6 | value='100' | fill=None | rows=[5] | cols=[7] | col_header=False | row_header=False | metadata=False
Cell A7 | value='Arizona' | fill=00000000 | rows=[6] | cols=[0] | col_header=False | row_header=False | metadata=False
Cell B7 | value='811' | fill=00000000 | rows=[6] | cols=[1] | col_header=False | row_header=False | metadata=False
Cell C7 | value='390' | fill=00000000 | rows=[6] | cols=[2] | col_header=False | row_header=False | metadata=False
Cell D7 | value='48.0888' | fill=00000000 | rows=[6] | cols=[3] | col_header=False | row_header=False | metadata=False
Cell E7 | value='138' | fill=00000000 | rows=[6] | cols=[4] | col_header=False | row_header=False | metadata=False
Cell F7 | value='17.016' | fill=00000000 | rows=[6] | cols=[5] | col_header=False | row_header=False | metadata=False
Cell G7 | value='811' | fill=00000000 | rows=[6] | cols=[6] | col_header=False | row_header=False | metadata=False
Cell H7 | value='100' | fill=00000000 | rows=[6] | cols=[7] | col_header=False | row_header=False | metadata=False
Cell A8 | value='Arkansas' | fill=None | rows=[7] | cols=[0] | col_header=False | row_header=False | metadata=False
Cell B8 | value='338' | fill=None | rows=[7] | cols=[1] | col_header=False | row_header=False | metadata=False
Cell C8 | value='197' | fill=None | rows=[7] | cols=[2] | col_header=False | row_header=False | metadata=False
Cell D8 | value='58.284' | fill=None | rows=[7] | cols=[3] | col_header=False | row_header=False | metadata=False
Cell E8 | value='18' | fill=None | rows=[7] | cols=[4] | col_header=False | row_header=False | metadata=False
Cell F8 | value='5.3254' | fill=None | rows=[7] | cols=[5] | col_header=False | row_header=False | metadata=False
Cell G8 | value='338' | fill=None | rows=[7] | cols=[6] | col_header=False | row_header=False | metadata=False
Cell H8 | value='100' | fill=None | rows=[7] | cols=[7] | col_header=False | row_header=False | metadata=False
Cell A9 | value='California' | fill=00000000 | rows=[8] | cols=[0] | col_header=False | row_header=False | metadata=False
Cell B9 | value='3150' | fill=00000000 | rows=[8] | cols=[1] | col_header=False | row_header=False | metadata=False
Cell C9 | value='1355' | fill=00000000 | rows=[8] | cols=[2] | col_header=False | row_header=False | metadata=False
Cell D9 | value='43.015873015873' | fill=00000000 | rows=[8] | cols=[3] | col_header=False | row_header=False | metadata=False
Cell E9 | value='411' | fill=00000000 | rows=[8] | cols=[4] | col_header=False | row_header=False | metadata=False
Cell F9 | value='13.0476' | fill=00000000 | rows=[8] | cols=[5] | col_header=False | row_header=False | metadata=False
Cell G9 | value='3150' | fill=00000000 | rows=[8] | cols=[6] | col_header=False | row_header=False | metadata=False
Cell H9 | value='100' | fill=00000000 | rows=[8] | cols=[7] | col_header=False | row_header=False | metadata=False
Cell A10 | value='Colorado' | fill=None | rows=[9] | cols=[0] | col_header=False | row_header=False | metadata=False
Cell B10 | value='605' | fill=None | rows=[9] | cols=[1] | col_header=False | row_header=False | metadata=False
Cell C10 | value='406' | fill=None | rows=[9] | cols=[2] | col_header=False | row_header=False | metadata=False
Cell D10 | value='67.107438016529' | fill=None | rows=[9] | cols=[3] | col_header=False | row_header=False | metadata=False
Cell E10 | value='192' | fill=None | rows=[9] | cols=[4] | col_header=False | row_header=False | metadata=False
Cell F10 | value='31.7355' | fill=None | rows=[9] | cols=[5] | col_header=False | row_header=False | metadata=False
Cell G10 | value='605' | fill=None | rows=[9] | cols=[6] | col_header=False | row_header=False | metadata=False
Cell H10 | value='100' | fill=None | rows=[9] | cols=[7] | col_header=False | row_header=False | metadata=False
Cell A11 | value='Connecticut' | fill=00000000 | rows=[10] | cols=[0] | col_header=False | row_header=False | metadata=False
Cell B11 | value='342' | fill=00000000 | rows=[10] | cols=[1] | col_header=False | row_header=False | metadata=False
Cell C11 | value='229' | fill=00000000 | rows=[10] | cols=[2] | col_header=False | row_header=False | metadata=False
Cell D11 | value='66.9591' | fill=00000000 | rows=[10] | cols=[3] | col_header=False | row_header=False | metadata=False
Cell E11 | value='68' | fill=00000000 | rows=[10] | cols=[4] | col_header=False | row_header=False | metadata=False
Cell F11 | value='19.883' | fill=00000000 | rows=[10] | cols=[5] | col_header=False | row_header=False | metadata=False
Cell G11 | value='342' | fill=00000000 | rows=[10] | cols=[6] | col_header=False | row_header=False | metadata=False
Cell H11 | value='100' | fill=00000000 | rows=[10] | cols=[7] | col_header=False | row_header=False | metadata=False
Cell A12 | value='Delaware' | fill=None | rows=[11] | cols=[0] | col_header=False | row_header=False | metadata=False
Cell B12 | value='77' | fill=None | rows=[11] | cols=[1] | col_header=False | row_header=False | metadata=False
Cell C12 | value='45' | fill=None | rows=[11] | cols=[2] | col_header=False | row_header=False | metadata=False
Cell D12 | value='58.4416' | fill=None | rows=[11] | cols=[3] | col_header=False | row_header=False | metadata=False
Cell E12 | value='17' | fill=None | rows=[11] | cols=[4] | col_header=False | row_header=False | metadata=False
Cell F12 | value='22.0779' | fill=None | rows=[11] | cols=[5] | col_header=False | row_header=False | metadata=False
Cell G12 | value='77' | fill=None | rows=[11] | cols=[6] | col_header=False | row_header=False | metadata=False
Cell H12 | value='100' | fill=None | rows=[11] | cols=[7] | col_header=False | row_header=False | metadata=False
Cell A13 | value='District of Columbia' | fill=00000000 | rows=[12] | cols=[0] | col_header=False | row_header=False | metadata=False
Cell B13 | value='74' | fill=00000000 | rows=[12] | cols=[1] | col_header=False | row_header=False | metadata=False
Cell C13 | value='33' | fill=00000000 | rows=[12] | cols=[2] | col_header=False | row_header=False | metadata=False
Cell D13 | value='44.5946' | fill=00000000 | rows=[12] | cols=[3] | col_header=False | row_header=False | metadata=False
Cell E13 | value='6' | fill=00000000 | rows=[12] | cols=[4] | col_header=False | row_header=False | metadata=False
Cell F13 | value='8.1081' | fill=00000000 | rows=[12] | cols=[5] | col_header=False | row_header=False | metadata=False
Cell G13 | value='74' | fill=00000000 | rows=[12] | cols=[6] | col_header=False | row_header=False | metadata=False
Cell H13 | value='100' | fill=00000000 | rows=[12] | cols=[7] | col_header=False | row_header=False | metadata=False
Cell A14 | value='Florida' | fill=None | rows=[13] | cols=[0] | col_header=False | row_header=False | metadata=False
Cell B14 | value='1385' | fill=None | rows=[13] | cols=[1] | col_header=False | row_header=False | metadata=False
Cell C14 | value='1012' | fill=None | rows=[13] | cols=[2] | col_header=False | row_header=False | metadata=False
Cell D14 | value='73.0686' | fill=None | rows=[13] | cols=[3] | col_header=False | row_header=False | metadata=False
Cell E14 | value='633' | fill=None | rows=[13] | cols=[4] | col_header=False | row_header=False | metadata=False
Cell F14 | value='45.704' | fill=None | rows=[13] | cols=[5] | col_header=False | row_header=False | metadata=False
Cell G14 | value='1385' | fill=None | rows=[13] | cols=[6] | col_header=False | row_header=False | metadata=False
Cell H14 | value='100' | fill=None | rows=[13] | cols=[7] | col_header=False | row_header=False | metadata=False
Cell A15 | value='Georgia' | fill=00000000 | rows=[14] | cols=[0] | col_header=False | row_header=False | metadata=False
Cell B15 | value='679' | fill=00000000 | rows=[14] | cols=[1] | col_header=False | row_header=False | metadata=False
Cell C15 | value='387' | fill=00000000 | rows=[14] | cols=[2] | col_header=False | row_header=False | metadata=False
Cell D15 | value='56.9956' | fill=00000000 | rows=[14] | cols=[3] | col_header=False | row_header=False | metadata=False
Cell E15 | value='42' | fill=00000000 | rows=[14] | cols=[4] | col_header=False | row_header=False | metadata=False
Cell F15 | value='6.1856' | fill=00000000 | rows=[14] | cols=[5] | col_header=False | row_header=False | metadata=False
Cell G15 | value='679' | fill=00000000 | rows=[14] | cols=[6] | col_header=False | row_header=False | metadata=False
Cell H15 | value='100' | fill=00000000 | rows=[14] | cols=[7] | col_header=False | row_header=False | metadata=False
Cell A16 | value='Hawaii' | fill=None | rows=[15] | cols=[0] | col_header=False | row_header=False | metadata=False
Cell B16 | value='84' | fill=None | rows=[15] | cols=[1] | col_header=False | row_header=False | metadata=False
Cell C16 | value='57' | fill=None | rows=[15] | cols=[2] | col_header=False | row_header=False | metadata=False
Cell D16 | value='67.8571' | fill=None | rows=[15] | cols=[3] | col_header=False | row_header=False | metadata=False
Cell E16 | value='10' | fill=None | rows=[15] | cols=[4] | col_header=False | row_header=False | metadata=False
Cell F16 | value='11.9048' | fill=None | rows=[15] | cols=[5] | col_header=False | row_header=False | metadata=False
Cell G16 | value='84' | fill=None | rows=[15] | cols=[6] | col_header=False | row_header=False | metadata=False
Cell H16 | value='100' | fill=None | rows=[15] | cols=[7] | col_header=False | row_header=False | metadata=False
Cell A17 | value='Idaho' | fill=00000000 | rows=[16] | cols=[0] | col_header=False | row_header=False | metadata=False
Cell B17 | value='220' | fill=00000000 | rows=[16] | cols=[1] | col_header=False | row_header=False | metadata=False
Cell C17 | value='133' | fill=00000000 | rows=[16] | cols=[2] | col_header=False | row_header=False | metadata=False
Cell D17 | value='60.4545' | fill=00000000 | rows=[16] | cols=[3] | col_header=False | row_header=False | metadata=False
Cell E17 | value='41' | fill=00000000 | rows=[16] | cols=[4] | col_header=False | row_header=False | metadata=False
Cell F17 | value='18.6364' | fill=00000000 | rows=[16] | cols=[5] | col_header=False | row_header=False | metadata=False
Cell G17 | value='220' | fill=00000000 | rows=[16] | cols=[6] | col_header=False | row_header=False | metadata=False
Cell H17 | value='100' | fill=00000000 | rows=[16] | cols=[7] | col_header=False | row_header=False | metadata=False
Cell A18 | value='Illinois' | fill=None | rows=[17] | cols=[0] | col_header=False | row_header=False | metadata=False
Cell B18 | value='1537' | fill=None | rows=[17] | cols=[1] | col_header=False | row_header=False | metadata=False
Cell C18 | value='864' | fill=None | rows=[17] | cols=[2] | col_header=False | row_header=False | metadata=False
Cell D18 | value='56.213402732596' | fill=None | rows=[17] | cols=[3] | col_header=False | row_header=False | metadata=False
Cell E18 | value='181' | fill=None | rows=[17] | cols=[4] | col_header=False | row_header=False | metadata=False
Cell F18 | value='11.7762' | fill=None | rows=[17] | cols=[5] | col_header=False | row_header=False | metadata=False
Cell G18 | value='1537' | fill=None | rows=[17] | cols=[6] | col_header=False | row_header=False | metadata=False
Cell H18 | value='100' | fill=None | rows=[17] | cols=[7] | col_header=False | row_header=False | metadata=False
Cell A19 | value='Indiana' | fill=00000000 | rows=[18] | cols=[0] | col_header=False | row_header=False | metadata=False
Cell B19 | value='518' | fill=00000000 | rows=[18] | cols=[1] | col_header=False | row_header=False | metadata=False
Cell C19 | value='426' | fill=00000000 | rows=[18] | cols=[2] | col_header=False | row_header=False | metadata=False
Cell D19 | value='82.2394' | fill=00000000 | rows=[18] | cols=[3] | col_header=False | row_header=False | metadata=False
Cell E19 | value='138' | fill=00000000 | rows=[18] | cols=[4] | col_header=False | row_header=False | metadata=False
Cell F19 | value='26.6409' | fill=00000000 | rows=[18] | cols=[5] | col_header=False | row_header=False | metadata=False
Cell G19 | value='518' | fill=00000000 | rows=[18] | cols=[6] | col_header=False | row_header=False | metadata=False
Cell H19 | value='100' | fill=00000000 | rows=[18] | cols=[7] | col_header=False | row_header=False | metadata=False
Cell A20 | value='Iowa' | fill=None | rows=[19] | cols=[0] | col_header=False | row_header=False | metadata=False
Cell B20 | value='394' | fill=None | rows=[19] | cols=[1] | col_header=False | row_header=False | metadata=False
Cell C20 | value='301' | fill=None | rows=[19] | cols=[2] | col_header=False | row_header=False | metadata=False
Cell D20 | value='76.3959' | fill=None | rows=[19] | cols=[3] | col_header=False | row_header=False | metadata=False
Cell E20 | value='65' | fill=None | rows=[19] | cols=[4] | col_header=False | row_header=False | metadata=False
Cell F20 | value='16.497461928934' | fill=None | rows=[19] | cols=[5] | col_header=False | row_header=False | metadata=False
Cell G20 | value='394' | fill=None | rows=[19] | cols=[6] | col_header=False | row_header=False | metadata=False
Cell H20 | value='100' | fill=None | rows=[19] | cols=[7] | col_header=False | row_header=False | metadata=False
Cell A21 | value='Kansas' | fill=00000000 | rows=[20] | cols=[0] | col_header=False | row_header=False | metadata=False
Cell B21 | value='417' | fill=00000000 | rows=[20] | cols=[1] | col_header=False | row_header=False | metadata=False
Cell C21 | value='263' | fill=00000000 | rows=[20] | cols=[2] | col_header=False | row_header=False | metadata=False
Cell D21 | value='63.0695' | fill=00000000 | rows=[20] | cols=[3] | col_header=False | row_header=False | metadata=False
Cell E21 | value='80' | fill=00000000 | rows=[20] | cols=[4] | col_header=False | row_header=False | metadata=False
Cell F21 | value='19.1847' | fill=00000000 | rows=[20] | cols=[5] | col_header=False | row_header=False | metadata=False
Cell G21 | value='417' | fill=00000000 | rows=[20] | cols=[6] | col_header=False | row_header=False | metadata=False
Cell H21 | value='100' | fill=00000000 | rows=[20] | cols=[7] | col_header=False | row_header=False | metadata=False
Cell A22 | value='Kentucky' | fill=None | rows=[21] | cols=[0] | col_header=False | row_header=False | metadata=False
Cell B22 | value='441' | fill=None | rows=[21] | cols=[1] | col_header=False | row_header=False | metadata=False
Cell C22 | value='235' | fill=None | rows=[21] | cols=[2] | col_header=False | row_header=False | metadata=False
Cell D22 | value='53.288' | fill=None | rows=[21] | cols=[3] | col_header=False | row_header=False | metadata=False
Cell E22 | value='94' | fill=None | rows=[21] | cols=[4] | col_header=False | row_header=False | metadata=False
Cell F22 | value='21.3152' | fill=None | rows=[21] | cols=[5] | col_header=False | row_header=False | metadata=False
Cell G22 | value='441' | fill=None | rows=[21] | cols=[6] | col_header=False | row_header=False | metadata=False
Cell H22 | value='100' | fill=None | rows=[21] | cols=[7] | col_header=False | row_header=False | metadata=False
Cell A23 | value='Louisiana' | fill=00000000 | rows=[22] | cols=[0] | col_header=False | row_header=False | metadata=False
Cell B23 | value='557' | fill=00000000 | rows=[22] | cols=[1] | col_header=False | row_header=False | metadata=False
Cell C23 | value='223' | fill=00000000 | rows=[22] | cols=[2] | col_header=False | row_header=False | metadata=False
Cell D23 | value='40.0359' | fill=00000000 | rows=[22] | cols=[3] | col_header=False | row_header=False | metadata=False
Cell E23 | value='24' | fill=00000000 | rows=[22] | cols=[4] | col_header=False | row_header=False | metadata=False
Cell F23 | value='4.3088' | fill=00000000 | rows=[22] | cols=[5] | col_header=False | row_header=False | metadata=False
Cell G23 | value='557' | fill=00000000 | rows=[22] | cols=[6] | col_header=False | row_header=False | metadata=False
Cell H23 | value='100' | fill=00000000 | rows=[22] | cols=[7] | col_header=False | row_header=False | metadata=False
Cell A24 | value='Maine' | fill=None | rows=[23] | cols=[0] | col_header=False | row_header=False | metadata=False
Cell B24 | value='205' | fill=None | rows=[23] | cols=[1] | col_header=False | row_header=False | metadata=False
Cell C24 | value='136' | fill=None | rows=[23] | cols=[2] | col_header=False | row_header=False | metadata=False
Cell D24 | value='66.3415' | fill=None | rows=[23] | cols=[3] | col_header=False | row_header=False | metadata=False
Cell E24 | value='47' | fill=None | rows=[23] | cols=[4] | col_header=False | row_header=False | metadata=False
Cell F24 | value='22.9268' | fill=None | rows=[23] | cols=[5] | col_header=False | row_header=False | metadata=False
Cell G24 | value='205' | fill=None | rows=[23] | cols=[6] | col_header=False | row_header=False | metadata=False
Cell H24 | value='100' | fill=None | rows=[23] | cols=[7] | col_header=False | row_header=False | metadata=False
Cell A25 | value='Maryland' | fill=00000000 | rows=[24] | cols=[0] | col_header=False | row_header=False | metadata=False
Cell B25 | value='404' | fill=00000000 | rows=[24] | cols=[1] | col_header=False | row_header=False | metadata=False
Cell C25 | value='252' | fill=00000000 | rows=[24] | cols=[2] | col_header=False | row_header=False | metadata=False
Cell D25 | value='62.3762' | fill=00000000 | rows=[24] | cols=[3] | col_header=False | row_header=False | metadata=False
Cell E25 | value='136' | fill=00000000 | rows=[24] | cols=[4] | col_header=False | row_header=False | metadata=False
Cell F25 | value='33.6634' | fill=00000000 | rows=[24] | cols=[5] | col_header=False | row_header=False | metadata=False
Cell G25 | value='404' | fill=00000000 | rows=[24] | cols=[6] | col_header=False | row_header=False | metadata=False
Cell H25 | value='100' | fill=00000000 | rows=[24] | cols=[7] | col_header=False | row_header=False | metadata=False
Cell A26 | value='Massachusetts' | fill=None | rows=[25] | cols=[0] | col_header=False | row_header=False | metadata=False
Cell B26 | value='520' | fill=None | rows=[25] | cols=[1] | col_header=False | row_header=False | metadata=False
Cell C26 | value='316' | fill=None | rows=[25] | cols=[2] | col_header=False | row_header=False | metadata=False
Cell D26 | value='60.7692' | fill=None | rows=[25] | cols=[3] | col_header=False | row_header=False | metadata=False
Cell E26 | value='38' | fill=None | rows=[25] | cols=[4] | col_header=False | row_header=False | metadata=False
Cell F26 | value='7.3077' | fill=None | rows=[25] | cols=[5] | col_header=False | row_header=False | metadata=False
Cell G26 | value='521' | fill=None | rows=[25] | cols=[6] | col_header=False | row_header=False | metadata=False
Cell H26 | value='99.808' | fill=None | rows=[25] | cols=[7] | col_header=False | row_header=False | metadata=False
Cell A27 | value='Michigan' | fill=00000000 | rows=[26] | cols=[0] | col_header=False | row_header=False | metadata=False
Cell B27 | value='1191' | fill=00000000 | rows=[26] | cols=[1] | col_header=False | row_header=False | metadata=False
Cell C27 | value='707' | fill=00000000 | rows=[26] | cols=[2] | col_header=False | row_header=False | metadata=False
Cell D27 | value='59.3619' | fill=00000000 | rows=[26] | cols=[3] | col_header=False | row_header=False | metadata=False
Cell E27 | value='229' | fill=00000000 | rows=[26] | cols=[4] | col_header=False | row_header=False | metadata=False
Cell F27 | value='19.2275' | fill=00000000 | rows=[26] | cols=[5] | col_header=False | row_header=False | metadata=False
Cell G27 | value='1191' | fill=00000000 | rows=[26] | cols=[6] | col_header=False | row_header=False | metadata=False
Cell H27 | value='100' | fill=00000000 | rows=[26] | cols=[7] | col_header=False | row_header=False | metadata=False
Cell A28 | value='Minnesota' | fill=None | rows=[27] | cols=[0] | col_header=False | row_header=False | metadata=False
Cell B28 | value='716' | fill=None | rows=[27] | cols=[1] | col_header=False | row_header=False | metadata=False
Cell C28 | value='492' | fill=None | rows=[27] | cols=[2] | col_header=False | row_header=False | metadata=False
Cell D28 | value='68.7151' | fill=None | rows=[27] | cols=[3] | col_header=False | row_header=False | metadata=False
Cell E28 | value='174' | fill=None | rows=[27] | cols=[4] | col_header=False | row_header=False | metadata=False
Cell F28 | value='24.3017' | fill=None | rows=[27] | cols=[5] | col_header=False | row_header=False | metadata=False
Cell G28 | value='716' | fill=None | rows=[27] | cols=[6] | col_header=False | row_header=False | metadata=False
Cell H28 | value='100' | fill=None | rows=[27] | cols=[7] | col_header=False | row_header=False | metadata=False
Cell A29 | value='Mississippi' | fill=00000000 | rows=[28] | cols=[0] | col_header=False | row_header=False | metadata=False
Cell B29 | value='337' | fill=00000000 | rows=[28] | cols=[1] | col_header=False | row_header=False | metadata=False
Cell C29 | value='83' | fill=00000000 | rows=[28] | cols=[2] | col_header=False | row_header=False | metadata=False
Cell D29 | value='24.6291' | fill=00000000 | rows=[28] | cols=[3] | col_header=False | row_header=False | metadata=False
Cell E29 | value='2' | fill=00000000 | rows=[28] | cols=[4] | col_header=False | row_header=False | metadata=False
Cell F29 | value='0.5935' | fill=00000000 | rows=[28] | cols=[5] | col_header=False | row_header=False | metadata=False
Cell G29 | value='337' | fill=00000000 | rows=[28] | cols=[6] | col_header=False | row_header=False | metadata=False
Cell H29 | value='100' | fill=00000000 | rows=[28] | cols=[7] | col_header=False | row_header=False | metadata=False
Cell A30 | value='Missouri' | fill=None | rows=[29] | cols=[0] | col_header=False | row_header=False | metadata=False
Cell B30 | value='783' | fill=None | rows=[29] | cols=[1] | col_header=False | row_header=False | metadata=False
Cell C30 | value='448' | fill=None | rows=[29] | cols=[2] | col_header=False | row_header=False | metadata=False
Cell D30 | value='57.2158' | fill=None | rows=[29] | cols=[3] | col_header=False | row_header=False | metadata=False
Cell E30 | value='62' | fill=None | rows=[29] | cols=[4] | col_header=False | row_header=False | metadata=False
Cell F30 | value='7.9183' | fill=None | rows=[29] | cols=[5] | col_header=False | row_header=False | metadata=False
Cell G30 | value='783' | fill=None | rows=[29] | cols=[6] | col_header=False | row_header=False | metadata=False
Cell H30 | value='100' | fill=None | rows=[29] | cols=[7] | col_header=False | row_header=False | metadata=False
Cell A31 | value='Montana' | fill=00000000 | rows=[30] | cols=[0] | col_header=False | row_header=False | metadata=False
Cell B31 | value='308' | fill=00000000 | rows=[30] | cols=[1] | col_header=False | row_header=False | metadata=False
Cell C31 | value='142' | fill=00000000 | rows=[30] | cols=[2] | col_header=False | row_header=False | metadata=False
Cell D31 | value='46.1039' | fill=00000000 | rows=[30] | cols=[3] | col_header=False | row_header=False | metadata=False
Cell E31 | value='21' | fill=00000000 | rows=[30] | cols=[4] | col_header=False | row_header=False | metadata=False
Cell F31 | value='6.8182' | fill=00000000 | rows=[30] | cols=[5] | col_header=False | row_header=False | metadata=False
Cell G31 | value='308' | fill=00000000 | rows=[30] | cols=[6] | col_header=False | row_header=False | metadata=False
Cell H31 | value='100' | fill=00000000 | rows=[30] | cols=[7] | col_header=False | row_header=False | metadata=False
Cell A32 | value='Nebraska' | fill=None | rows=[31] | cols=[0] | col_header=False | row_header=False | metadata=False
Cell B32 | value='323' | fill=None | rows=[31] | cols=[1] | col_header=False | row_header=False | metadata=False
Cell C32 | value='225' | fill=None | rows=[31] | cols=[2] | col_header=False | row_header=False | metadata=False
Cell D32 | value='69.6594' | fill=None | rows=[31] | cols=[3] | col_header=False | row_header=False | metadata=False
Cell E32 | value='43' | fill=None | rows=[31] | cols=[4] | col_header=False | row_header=False | metadata=False
Cell F32 | value='13.312693498452' | fill=None | rows=[31] | cols=[5] | col_header=False | row_header=False | metadata=False
Cell G32 | value='323' | fill=None | rows=[31] | cols=[6] | col_header=False | row_header=False | metadata=False
Cell H32 | value='100' | fill=None | rows=[31] | cols=[7] | col_header=False | row_header=False | metadata=False
Cell A33 | value='Nevada' | fill=00000000 | rows=[32] | cols=[0] | col_header=False | row_header=False | metadata=False
Cell B33 | value='177' | fill=00000000 | rows=[32] | cols=[1] | col_header=False | row_header=False | metadata=False
Cell C33 | value='125' | fill=00000000 | rows=[32] | cols=[2] | col_header=False | row_header=False | metadata=False
Cell D33 | value='70.6215' | fill=00000000 | rows=[32] | cols=[3] | col_header=False | row_header=False | metadata=False
Cell E33 | value='33' | fill=00000000 | rows=[32] | cols=[4] | col_header=False | row_header=False | metadata=False
Cell F33 | value='18.6441' | fill=00000000 | rows=[32] | cols=[5] | col_header=False | row_header=False | metadata=False
Cell G33 | value='177' | fill=00000000 | rows=[32] | cols=[6] | col_header=False | row_header=False | metadata=False
Cell H33 | value='100' | fill=00000000 | rows=[32] | cols=[7] | col_header=False | row_header=False | metadata=False
Cell A34 | value='New Hampshire' | fill=None | rows=[33] | cols=[0] | col_header=False | row_header=False | metadata=False
Cell B34 | value='148' | fill=None | rows=[33] | cols=[1] | col_header=False | row_header=False | metadata=False
Cell C34 | value='92' | fill=None | rows=[33] | cols=[2] | col_header=False | row_header=False | metadata=False
Cell D34 | value='62.1622' | fill=None | rows=[33] | cols=[3] | col_header=False | row_header=False | metadata=False
Cell E34 | value='15' | fill=None | rows=[33] | cols=[4] | col_header=False | row_header=False | metadata=False
Cell F34 | value='10.1351' | fill=None | rows=[33] | cols=[5] | col_header=False | row_header=False | metadata=False
Cell G34 | value='148' | fill=None | rows=[33] | cols=[6] | col_header=False | row_header=False | metadata=False
Cell H34 | value='100' | fill=None | rows=[33] | cols=[7] | col_header=False | row_header=False | metadata=False
Cell A35 | value='New Jersey' | fill=00000000 | rows=[34] | cols=[0] | col_header=False | row_header=False | metadata=False
Cell B35 | value='815' | fill=00000000 | rows=[34] | cols=[1] | col_header=False | row_header=False | metadata=False
Cell C35 | value='593' | fill=00000000 | rows=[34] | cols=[2] | col_header=False | row_header=False | metadata=False
Cell D35 | value='72.760736196319' | fill=00000000 | rows=[34] | cols=[3] | col_header=False | row_header=False | metadata=False
Cell E35 | value='143' | fill=00000000 | rows=[34] | cols=[4] | col_header=False | row_header=False | metadata=False
Cell F35 | value='17.546' | fill=00000000 | rows=[34] | cols=[5] | col_header=False | row_header=False | metadata=False
Cell G35 | value='815' | fill=00000000 | rows=[34] | cols=[6] | col_header=False | row_header=False | metadata=False
Cell H35 | value='100' | fill=00000000 | rows=[34] | cols=[7] | col_header=False | row_header=False | metadata=False
Cell A36 | value='New Mexico' | fill=None | rows=[35] | cols=[0] | col_header=False | row_header=False | metadata=False
Cell B36 | value='254' | fill=None | rows=[35] | cols=[1] | col_header=False | row_header=False | metadata=False
Cell C36 | value='143' | fill=None | rows=[35] | cols=[2] | col_header=False | row_header=False | metadata=False
Cell D36 | value='56.2992' | fill=None | rows=[35] | cols=[3] | col_header=False | row_header=False | metadata=False
Cell E36 | value='47' | fill=None | rows=[35] | cols=[4] | col_header=False | row_header=False | metadata=False
Cell F36 | value='18.503937007874' | fill=None | rows=[35] | cols=[5] | col_header=False | row_header=False | metadata=False
Cell G36 | value='254' | fill=None | rows=[35] | cols=[6] | col_header=False | row_header=False | metadata=False
Cell H36 | value='100' | fill=None | rows=[35] | cols=[7] | col_header=False | row_header=False | metadata=False
Cell A37 | value='New York' | fill=00000000 | rows=[36] | cols=[0] | col_header=False | row_header=False | metadata=False
Cell B37 | value='1661' | fill=00000000 | rows=[36] | cols=[1] | col_header=False | row_header=False | metadata=False
Cell C37 | value='1029' | fill=00000000 | rows=[36] | cols=[2] | col_header=False | row_header=False | metadata=False
Cell D37 | value='61.9506' | fill=00000000 | rows=[36] | cols=[3] | col_header=False | row_header=False | metadata=False
Cell E37 | value='84' | fill=00000000 | rows=[36] | cols=[4] | col_header=False | row_header=False | metadata=False
Cell F37 | value='5.0572' | fill=00000000 | rows=[36] | cols=[5] | col_header=False | row_header=False | metadata=False
Cell G37 | value='1661' | fill=00000000 | rows=[36] | cols=[6] | col_header=False | row_header=False | metadata=False
Cell H37 | value='100' | fill=00000000 | rows=[36] | cols=[7] | col_header=False | row_header=False | metadata=False
Cell A38 | value='North Carolina' | fill=None | rows=[37] | cols=[0] | col_header=False | row_header=False | metadata=False
Cell B38 | value='777' | fill=None | rows=[37] | cols=[1] | col_header=False | row_header=False | metadata=False
Cell C38 | value='557' | fill=None | rows=[37] | cols=[2] | col_header=False | row_header=False | metadata=False
Cell D38 | value='71.686' | fill=None | rows=[37] | cols=[3] | col_header=False | row_header=False | metadata=False
Cell E38 | value='151' | fill=None | rows=[37] | cols=[4] | col_header=False | row_header=False | metadata=False
Cell F38 | value='19.4337' | fill=None | rows=[37] | cols=[5] | col_header=False | row_header=False | metadata=False
Cell G38 | value='777' | fill=None | rows=[37] | cols=[6] | col_header=False | row_header=False | metadata=False
Cell H38 | value='100' | fill=None | rows=[37] | cols=[7] | col_header=False | row_header=False | metadata=False
Cell A39 | value='North Dakota' | fill=00000000 | rows=[38] | cols=[0] | col_header=False | row_header=False | metadata=False
Cell B39 | value='193' | fill=00000000 | rows=[38] | cols=[1] | col_header=False | row_header=False | metadata=False
Cell C39 | value='85' | fill=00000000 | rows=[38] | cols=[2] | col_header=False | row_header=False | metadata=False
Cell D39 | value='44.0415' | fill=00000000 | rows=[38] | cols=[3] | col_header=False | row_header=False | metadata=False
Cell E39 | value='11' | fill=00000000 | rows=[38] | cols=[4] | col_header=False | row_header=False | metadata=False
Cell F39 | value='5.6995' | fill=00000000 | rows=[38] | cols=[5] | col_header=False | row_header=False | metadata=False
Cell G39 | value='193' | fill=00000000 | rows=[38] | cols=[6] | col_header=False | row_header=False | metadata=False
Cell H39 | value='100' | fill=00000000 | rows=[38] | cols=[7] | col_header=False | row_header=False | metadata=False
Cell A40 | value='Ohio' | fill=None | rows=[39] | cols=[0] | col_header=False | row_header=False | metadata=False
Cell B40 | value='1169' | fill=None | rows=[39] | cols=[1] | col_header=False | row_header=False | metadata=False
Cell C40 | value='735' | fill=None | rows=[39] | cols=[2] | col_header=False | row_header=False | metadata=False
Cell D40 | value='62.874251497006' | fill=None | rows=[39] | cols=[3] | col_header=False | row_header=False | metadata=False
Cell E40 | value='221' | fill=None | rows=[39] | cols=[4] | col_header=False | row_header=False | metadata=False
Cell F40 | value='18.905' | fill=None | rows=[39] | cols=[5] | col_header=False | row_header=False | metadata=False
Cell G40 | value='1169' | fill=None | rows=[39] | cols=[6] | col_header=False | row_header=False | metadata=False
Cell H40 | value='100' | fill=None | rows=[39] | cols=[7] | col_header=False | row_header=False | metadata=False
Cell A41 | value='Oklahoma' | fill=00000000 | rows=[40] | cols=[0] | col_header=False | row_header=False | metadata=False
Cell B41 | value='610' | fill=00000000 | rows=[40] | cols=[1] | col_header=False | row_header=False | metadata=False
Cell C41 | value='347' | fill=00000000 | rows=[40] | cols=[2] | col_header=False | row_header=False | metadata=False
Cell D41 | value='56.8852' | fill=00000000 | rows=[40] | cols=[3] | col_header=False | row_header=False | metadata=False
Cell E41 | value='59' | fill=00000000 | rows=[40] | cols=[4] | col_header=False | row_header=False | metadata=False
Cell F41 | value='9.6721' | fill=00000000 | rows=[40] | cols=[5] | col_header=False | row_header=False | metadata=False
Cell G41 | value='610' | fill=00000000 | rows=[40] | cols=[6] | col_header=False | row_header=False | metadata=False
Cell H41 | value='100' | fill=00000000 | rows=[40] | cols=[7] | col_header=False | row_header=False | metadata=False
Cell A42 | value='Oregon' | fill=None | rows=[41] | cols=[0] | col_header=False | row_header=False | metadata=False
Cell B42 | value='469' | fill=None | rows=[41] | cols=[1] | col_header=False | row_header=False | metadata=False
Cell C42 | value='275' | fill=None | rows=[41] | cols=[2] | col_header=False | row_header=False | metadata=False
Cell D42 | value='58.63539445629' | fill=None | rows=[41] | cols=[3] | col_header=False | row_header=False | metadata=False
Cell E42 | value='121' | fill=None | rows=[41] | cols=[4] | col_header=False | row_header=False | metadata=False
Cell F42 | value='25.7996' | fill=None | rows=[41] | cols=[5] | col_header=False | row_header=False | metadata=False
Cell G42 | value='469' | fill=None | rows=[41] | cols=[6] | col_header=False | row_header=False | metadata=False
Cell H42 | value='100' | fill=None | rows=[41] | cols=[7] | col_header=False | row_header=False | metadata=False
Cell A43 | value='Pennsylvania' | fill=00000000 | rows=[42] | cols=[0] | col_header=False | row_header=False | metadata=False
Cell B43 | value='946' | fill=00000000 | rows=[42] | cols=[1] | col_header=False | row_header=False | metadata=False
Cell C43 | value='652' | fill=00000000 | rows=[42] | cols=[2] | col_header=False | row_header=False | metadata=False
Cell D43 | value='68.9218' | fill=00000000 | rows=[42] | cols=[3] | col_header=False | row_header=False | metadata=False
Cell E43 | value='213' | fill=00000000 | rows=[42] | cols=[4] | col_header=False | row_header=False | metadata=False
Cell F43 | value='22.5159' | fill=00000000 | rows=[42] | cols=[5] | col_header=False | row_header=False | metadata=False
Cell G43 | value='946' | fill=00000000 | rows=[42] | cols=[6] | col_header=False | row_header=False | metadata=False
Cell H43 | value='100' | fill=00000000 | rows=[42] | cols=[7] | col_header=False | row_header=False | metadata=False
Cell A44 | value='Rhode Island' | fill=None | rows=[43] | cols=[0] | col_header=False | row_header=False | metadata=False
Cell B44 | value='67' | fill=None | rows=[43] | cols=[1] | col_header=False | row_header=False | metadata=False
Cell C44 | value='45' | fill=None | rows=[43] | cols=[2] | col_header=False | row_header=False | metadata=False
Cell D44 | value='67.1642' | fill=None | rows=[43] | cols=[3] | col_header=False | row_header=False | metadata=False
Cell E44 | value='4' | fill=None | rows=[43] | cols=[4] | col_header=False | row_header=False | metadata=False
Cell F44 | value='5.9701' | fill=None | rows=[43] | cols=[5] | col_header=False | row_header=False | metadata=False
Cell G44 | value='67' | fill=None | rows=[43] | cols=[6] | col_header=False | row_header=False | metadata=False
Cell H44 | value='100' | fill=None | rows=[43] | cols=[7] | col_header=False | row_header=False | metadata=False
Cell A45 | value='South Carolina' | fill=00000000 | rows=[44] | cols=[0] | col_header=False | row_header=False | metadata=False
Cell B45 | value='347' | fill=00000000 | rows=[44] | cols=[1] | col_header=False | row_header=False | metadata=False
Cell C45 | value='299' | fill=00000000 | rows=[44] | cols=[2] | col_header=False | row_header=False | metadata=False
Cell D45 | value='86.1671' | fill=00000000 | rows=[44] | cols=[3] | col_header=False | row_header=False | metadata=False
Cell E45 | value='91' | fill=00000000 | rows=[44] | cols=[4] | col_header=False | row_header=False | metadata=False
Cell F45 | value='26.2248' | fill=00000000 | rows=[44] | cols=[5] | col_header=False | row_header=False | metadata=False
Cell G45 | value='347' | fill=00000000 | rows=[44] | cols=[6] | col_header=False | row_header=False | metadata=False
Cell H45 | value='100' | fill=00000000 | rows=[44] | cols=[7] | col_header=False | row_header=False | metadata=False
Cell A46 | value='South Dakota' | fill=None | rows=[45] | cols=[0] | col_header=False | row_header=False | metadata=False
Cell B46 | value='270' | fill=None | rows=[45] | cols=[1] | col_header=False | row_header=False | metadata=False
Cell C46 | value='82' | fill=None | rows=[45] | cols=[2] | col_header=False | row_header=False | metadata=False
Cell D46 | value='30.3704' | fill=None | rows=[45] | cols=[3] | col_header=False | row_header=False | metadata=False
Cell E46 | value='7' | fill=None | rows=[45] | cols=[4] | col_header=False | row_header=False | metadata=False
Cell F46 | value='2.5926' | fill=None | rows=[45] | cols=[5] | col_header=False | row_header=False | metadata=False
Cell G46 | value='270' | fill=None | rows=[45] | cols=[6] | col_header=False | row_header=False | metadata=False
Cell H46 | value='100' | fill=None | rows=[45] | cols=[7] | col_header=False | row_header=False | metadata=False
Cell A47 | value='Tennessee' | fill=00000000 | rows=[46] | cols=[0] | col_header=False | row_header=False | metadata=False
Cell B47 | value='605' | fill=00000000 | rows=[46] | cols=[1] | col_header=False | row_header=False | metadata=False
Cell C47 | value='252' | fill=00000000 | rows=[46] | cols=[2] | col_header=False | row_header=False | metadata=False
Cell D47 | value='41.6529' | fill=00000000 | rows=[46] | cols=[3] | col_header=False | row_header=False | metadata=False
Cell E47 | value='34' | fill=00000000 | rows=[46] | cols=[4] | col_header=False | row_header=False | metadata=False
Cell F47 | value='5.6198347107438' | fill=00000000 | rows=[46] | cols=[5] | col_header=False | row_header=False | metadata=False
Cell G47 | value='605' | fill=00000000 | rows=[46] | cols=[6] | col_header=False | row_header=False | metadata=False
Cell H47 | value='100' | fill=00000000 | rows=[46] | cols=[7] | col_header=False | row_header=False | metadata=False
Cell A48 | value='Texas' | fill=None | rows=[47] | cols=[0] | col_header=False | row_header=False | metadata=False
Cell B48 | value='2386' | fill=None | rows=[47] | cols=[1] | col_header=False | row_header=False | metadata=False
Cell C48 | value='1577' | fill=None | rows=[47] | cols=[2] | col_header=False | row_header=False | metadata=False
Cell D48 | value='66.0939' | fill=None | rows=[47] | cols=[3] | col_header=False | row_header=False | metadata=False
Cell E48 | value='398' | fill=None | rows=[47] | cols=[4] | col_header=False | row_header=False | metadata=False
Cell F48 | value='16.6806' | fill=None | rows=[47] | cols=[5] | col_header=False | row_header=False | metadata=False
Cell G48 | value='2386' | fill=None | rows=[47] | cols=[6] | col_header=False | row_header=False | metadata=False
Cell H48 | value='100' | fill=None | rows=[47] | cols=[7] | col_header=False | row_header=False | metadata=False
Cell A49 | value='Utah' | fill=00000000 | rows=[48] | cols=[0] | col_header=False | row_header=False | metadata=False
Cell B49 | value='284' | fill=00000000 | rows=[48] | cols=[1] | col_header=False | row_header=False | metadata=False
Cell C49 | value='143' | fill=00000000 | rows=[48] | cols=[2] | col_header=False | row_header=False | metadata=False
Cell D49 | value='50.3521' | fill=00000000 | rows=[48] | cols=[3] | col_header=False | row_header=False | metadata=False
Cell E49 | value='44' | fill=00000000 | rows=[48] | cols=[4] | col_header=False | row_header=False | metadata=False
Cell F49 | value='15.493' | fill=00000000 | rows=[48] | cols=[5] | col_header=False | row_header=False | metadata=False
Cell G49 | value='284' | fill=00000000 | rows=[48] | cols=[6] | col_header=False | row_header=False | metadata=False
Cell H49 | value='100' | fill=00000000 | rows=[48] | cols=[7] | col_header=False | row_header=False | metadata=False
Cell A50 | value='Vermont' | fill=None | rows=[49] | cols=[0] | col_header=False | row_header=False | metadata=False
Cell B50 | value='124' | fill=None | rows=[49] | cols=[1] | col_header=False | row_header=False | metadata=False
Cell C50 | value='72' | fill=None | rows=[49] | cols=[2] | col_header=False | row_header=False | metadata=False
Cell D50 | value='58.0645' | fill=None | rows=[49] | cols=[3] | col_header=False | row_header=False | metadata=False
Cell E50 | value='10' | fill=None | rows=[49] | cols=[4] | col_header=False | row_header=False | metadata=False
Cell F50 | value='8.0645' | fill=None | rows=[49] | cols=[5] | col_header=False | row_header=False | metadata=False
Cell G50 | value='124' | fill=None | rows=[49] | cols=[6] | col_header=False | row_header=False | metadata=False
Cell H50 | value='100' | fill=None | rows=[49] | cols=[7] | col_header=False | row_header=False | metadata=False
Cell A51 | value='Virginia' | fill=00000000 | rows=[50] | cols=[0] | col_header=False | row_header=False | metadata=False
Cell B51 | value='502' | fill=00000000 | rows=[50] | cols=[1] | col_header=False | row_header=False | metadata=False
Cell C51 | value='408' | fill=00000000 | rows=[50] | cols=[2] | col_header=False | row_header=False | metadata=False
Cell D51 | value='81.2749' | fill=00000000 | rows=[50] | cols=[3] | col_header=False | row_header=False | metadata=False
Cell E51 | value='274' | fill=00000000 | rows=[50] | cols=[4] | col_header=False | row_header=False | metadata=False
Cell F51 | value='54.5817' | fill=00000000 | rows=[50] | cols=[5] | col_header=False | row_header=False | metadata=False
Cell G51 | value='502' | fill=00000000 | rows=[50] | cols=[6] | col_header=False | row_header=False | metadata=False
Cell H51 | value='100' | fill=00000000 | rows=[50] | cols=[7] | col_header=False | row_header=False | metadata=False
Cell A52 | value='Washington' | fill=None | rows=[51] | cols=[0] | col_header=False | row_header=False | metadata=False
Cell B52 | value='657' | fill=None | rows=[51] | cols=[1] | col_header=False | row_header=False | metadata=False
Cell C52 | value='413' | fill=None | rows=[51] | cols=[2] | col_header=False | row_header=False | metadata=False
Cell D52 | value='62.8615' | fill=None | rows=[51] | cols=[3] | col_header=False | row_header=False | metadata=False
Cell E52 | value='264' | fill=None | rows=[51] | cols=[4] | col_header=False | row_header=False | metadata=False
Cell F52 | value='40.1826' | fill=None | rows=[51] | cols=[5] | col_header=False | row_header=False | metadata=False
Cell G52 | value='657' | fill=None | rows=[51] | cols=[6] | col_header=False | row_header=False | metadata=False
Cell H52 | value='100' | fill=None | rows=[51] | cols=[7] | col_header=False | row_header=False | metadata=False
Cell A53 | value='West Virginia' | fill=00000000 | rows=[52] | cols=[0] | col_header=False | row_header=False | metadata=False
Cell B53 | value='204' | fill=00000000 | rows=[52] | cols=[1] | col_header=False | row_header=False | metadata=False
Cell C53 | value='57' | fill=00000000 | rows=[52] | cols=[2] | col_header=False | row_header=False | metadata=False
Cell D53 | value='27.9412' | fill=00000000 | rows=[52] | cols=[3] | col_header=False | row_header=False | metadata=False
Cell E53 | value='5' | fill=00000000 | rows=[52] | cols=[4] | col_header=False | row_header=False | metadata=False
Cell F53 | value='2.451' | fill=00000000 | rows=[52] | cols=[5] | col_header=False | row_header=False | metadata=False
Cell G53 | value='204' | fill=00000000 | rows=[52] | cols=[6] | col_header=False | row_header=False | metadata=False
Cell H53 | value='100' | fill=00000000 | rows=[52] | cols=[7] | col_header=False | row_header=False | metadata=False
Cell A54 | value='Wisconsin' | fill=None | rows=[53] | cols=[0] | col_header=False | row_header=False | metadata=False
Cell B54 | value='683' | fill=None | rows=[53] | cols=[1] | col_header=False | row_header=False | metadata=False
Cell C54 | value='428' | fill=None | rows=[53] | cols=[2] | col_header=False | row_header=False | metadata=False
Cell D54 | value='62.6647' | fill=None | rows=[53] | cols=[3] | col_header=False | row_header=False | metadata=False
Cell E54 | value='157' | fill=None | rows=[53] | cols=[4] | col_header=False | row_header=False | metadata=False
Cell F54 | value='22.98682284041' | fill=None | rows=[53] | cols=[5] | col_header=False | row_header=False | metadata=False
Cell G54 | value='683' | fill=None | rows=[53] | cols=[6] | col_header=False | row_header=False | metadata=False
Cell H54 | value='100' | fill=None | rows=[53] | cols=[7] | col_header=False | row_header=False | metadata=False
Cell A55 | value='Wyoming' | fill=00000000 | rows=[54] | cols=[0] | col_header=False | row_header=False | metadata=False
Cell B55 | value='93' | fill=00000000 | rows=[54] | cols=[1] | col_header=False | row_header=False | metadata=False
Cell C55 | value='56' | fill=00000000 | rows=[54] | cols=[2] | col_header=False | row_header=False | metadata=False
Cell D55 | value='60.2151' | fill=00000000 | rows=[54] | cols=[3] | col_header=False | row_header=False | metadata=False
Cell E55 | value='14' | fill=00000000 | rows=[54] | cols=[4] | col_header=False | row_header=False | metadata=False
Cell F55 | value='15.0538' | fill=00000000 | rows=[54] | cols=[5] | col_header=False | row_header=False | metadata=False
Cell G55 | value='93' | fill=00000000 | rows=[54] | cols=[6] | col_header=False | row_header=False | metadata=False
Cell H55 | value='100' | fill=00000000 | rows=[54] | cols=[7] | col_header=False | row_header=False | metadata=False
Cell A57 | value='NOTE: Table reads (for US Totals):  Of all 30,650 public schools with grades 7 and 8, 18,258 (59.6%) offered Algebra I classes.' | fill=FF00B0F0 | rows=[56] | cols=[0] | col_header=False | row_header=False | metadata=True
Cell A58 | value='Data reported in this table represent 100.0% of responding schools.' | fill=FF00B0F0 | rows=[57] | cols=[0] | col_header=False | row_header=False | metadata=True
Cell A59 | value='SOURCE: U.S. Department of Education, Office for Civil Rights, Civil Rights Data Collection, 2013-14, available at http://ocrdata.ed.gov. Data notes are available at https://ocrdata.ed.gov/Downloads/Data-Notes-2015-16-CRDC.pdf.' | fill=FF00B0F0 | rows=[58] | cols=[0] | col_header=False | row_header=False | metadata=True

