=== education-table34.xlsx ===
Cell B1 | value='08:30 to 2:00' | fill=00000000 | rows=[0] | cols=[1] | col_header=False | row_header=False | metadata=False
Cell D1 | value='High School - Time Table' | fill=FF00B0F0 | rows=[0] | cols=[3, 4, 5] | col_header=False | row_header=False | metadata=True
Cell A2 | value='Periods -->
& Class' | fill=FF00B050 | rows=[1] | cols=[0] | col_header=False | row_header=True | metadata=False
Cell B2 | value='1st 
Period' | fill=00000000 | rows=[1] | cols=[1] | col_header=False | row_header=False | metadata=False
Cell C2 | value='2nd 
Period' | fill=00000000 | rows=[1] | cols=[2] | col_header=False | row_header=False | metadata=False
Cell D2 | value='3rd 
Period' | fill=00000000 | rows=[1] | cols=[3] | col_header=False | row_header=False | metadata=False
Cell E2 | value='4th 
Period' | fill=00000000 | rows=[1] | cols=[4] | col_header=False | row_header=False | metadata=False
Cell F2 | value='5th 
Period' | fill=00000000 | rows=[1] | cols=[5] | col_header=False | row_header=False | metadata=False
Cell G2 | value='6th 
Period' | fill=00000000 | rows=[1] | cols=[6] | col_header=False | row_header=False | metadata=False
Cell H2 | value='7th 
Period' | fill=00000000 | rows=[1] | cols=[7] | col_header=False | row_header=False | metadata=False
Cell I2 | value='8th 
Period' | fill=00000000 | rows=[1] | cols=[8] | col_header=False | row_header=False | metadata=False
Cell A3 | value='10th - A' | fill=50 | rows=[2] | cols=[0] | col_header=False | row_header=False | metadata=False
Cell B3 | value='Sci
Sir William
10th - A' | fill=6 | rows=[2] | cols=[1] | col_header=False | row_header=False | metadata=False
Cell C3 | value='Bio
Mis Emily
10th - A' | fill=00000000 | rows=[2] | cols=[2] | col_header=False | row_header=False | metadata=False
Cell D3 | value='English
MIs Lily
10th - A' | fill=00000000 | rows=[2] | cols=[3] | col_header=False | row_header=False | metadata=False
Cell E3 | value='Chem                        
MIs Lily      
10th - A' | fill=00000000 | rows=[2] | cols=[4] | col_header=False | row_header=False | metadata=False
Cell F3 | value='History
Mis Olivia
10th - A' | fill=00000000 | rows=[2] | cols=[5] | col_header=False | row_header=False | metadata=False
Cell G3 | value='Urdu 
Mis Ema 
10th - A' | fill=00000000 | rows=[2] | cols=[6] | col_header=False | row_header=False | metadata=False
Cell H3 | value='Physics 
MIs Lily                      
10th - A' | fill=00000000 | rows=[2] | cols=[7] | col_header=False | row_header=False | metadata=False
Cell I3 | value='P.St  
Mis Olivia
10th - A' | fill=00000000 | rows=[2] | cols=[8] | col_header=False | row_header=False | metadata=False
Cell A4 | value='10th - B' | fill=50 | rows=[3, 4, 5] | cols=[0] | col_header=False | row_header=False | metadata=False
Cell B4 | value='Physics
Sir John
10th - B' | fill=00000000 | rows=[3, 4] | cols=[1] | col_header=False | row_header=False | metadata=False
Cell C4 | value='Bio
Ms Ayeshe                       
10th - B' | fill=00000000 | rows=[3] | cols=[2] | col_header=False | row_header=False | metadata=False
Cell D4 | value='Math
Mis Emily
Sir John
10th - B' | fill=00000000 | rows=[3, 4, 5] | cols=[3] | col_header=False | row_header=False | metadata=False
Cell E4 | value='Math
MIs Lily
10th - B' | fill=00000000 | rows=[3, 4, 5] | cols=[4] | col_header=False | row_header=False | metadata=False
Cell F4 | value='Urdu
Mis Ema 
10th - B' | fill=00000000 | rows=[3, 4, 5] | cols=[5] | col_header=False | row_header=False | metadata=False
Cell G4 | value='Computer
Sir William
10th - B' | fill=6 | rows=[3, 4] | cols=[6] | col_header=False | row_header=False | metadata=False
Cell H4 | value='Eng
Sir James
10th - B' | fill=8 | rows=[3, 4, 5] | cols=[7] | col_header=False | row_header=False | metadata=False
Cell I4 | value='Chem
Sir  Kevin 
10th - B' | fill=00000000 | rows=[3] | cols=[8] | col_header=False | row_header=False | metadata=False
Cell C5 | value='Comp
Ms  Sofia 
10th - B' | fill=00000000 | rows=[4] | cols=[2] | col_header=False | row_header=False | metadata=False
Cell B6 | value='Sci
Sir Jacob
10th - B' | fill=00000000 | rows=[5] | cols=[1] | col_header=False | row_header=False | metadata=False
Cell C6 | value='Math
Sir William
10th - B' | fill=6 | rows=[5] | cols=[2] | col_header=False | row_header=False | metadata=False
Cell G6 | value='Electric Wiring                             Sir James
10th - B' | fill=8 | rows=[5] | cols=[6] | col_header=False | row_header=False | metadata=False
Cell I6 | value='G Sci                                     
 Mis Ayesha 
10th - B' | fill=00000000 | rows=[5] | cols=[8] | col_header=False | row_header=False | metadata=False
Cell A7 | value='9th - A' | fill=FFFFC000 | rows=[6] | cols=[0] | col_header=False | row_header=False | metadata=False
Cell B7 | value='Eng 
Sir James 
9th - A' | fill=8 | rows=[6] | cols=[1] | col_header=False | row_header=False | metadata=False
Cell C7 | value='Urdu
Miss Zahida
9th - A' | fill=00000000 | rows=[6] | cols=[2] | col_header=False | row_header=False | metadata=False
Cell D7 | value='Math 
 Sir James
 9th - A' | fill=8 | rows=[6] | cols=[3] | col_header=False | row_header=False | metadata=False
Cell E7 | value='Math 
 Sir James
 9th - A' | fill=8 | rows=[6] | cols=[4] | col_header=False | row_header=False | metadata=False
Cell F7 | value='Bio 
Mis Emily
9th - A' | fill=00000000 | rows=[6] | cols=[5] | col_header=False | row_header=False | metadata=False
Cell G7 | value='Pst/Isl
Mis Olivia 
9th - A' | fill=00000000 | rows=[6] | cols=[6] | col_header=False | row_header=False | metadata=False
Cell H7 | value='Physics  
Mis Emily C.Ing             9th - A' | fill=00000000 | rows=[6] | cols=[7] | col_header=False | row_header=False | metadata=False
Cell I7 | value='Chem - 
Mis Emily
9th - A' | fill=00000000 | rows=[6] | cols=[8] | col_header=False | row_header=False | metadata=False
Cell A8 | value='9th - B' | fill=FFFFC000 | rows=[7, 8, 9] | cols=[0] | col_header=False | row_header=False | metadata=False
Cell B8 | value='Urdu
 Mis Emma
9th - B' | fill=00000000 | rows=[7, 8, 9] | cols=[1] | col_header=False | row_header=False | metadata=False
Cell C8 | value='English
Sir James
9th - B' | fill=8 | rows=[7, 8, 9] | cols=[2] | col_header=False | row_header=False | metadata=False
Cell D8 | value='Physics 
Sir John
9th - B' | fill=00000000 | rows=[7] | cols=[3] | col_header=False | row_header=False | metadata=False
Cell E8 | value='Electric
Sir Jacob
9th - B' | fill=00000000 | rows=[7, 8, 9] | cols=[4] | col_header=False | row_header=False | metadata=False
Cell F8 | value='Bio
Ms Ayeshe         
9th - B' | fill=00000000 | rows=[7] | cols=[5] | col_header=False | row_header=False | metadata=False
Cell G8 | value='Chem 
Sir Kevin
9th - B' | fill=00000000 | rows=[7] | cols=[6] | col_header=False | row_header=False | metadata=False
Cell H8 | value='Maths / G.Math
Sir William
9th - B' | fill=6 | rows=[7, 8, 9] | cols=[7] | col_header=False | row_header=False | metadata=False
Cell I8 | value='Electric Wiring        
Sir William
9th - B' | fill=6 | rows=[7, 8, 9] | cols=[8] | col_header=False | row_header=False | metadata=False
Cell F9 | value='Comp
 Ms  Sofia                              
9th - B' | fill=00000000 | rows=[8] | cols=[5] | col_header=False | row_header=False | metadata=False
Cell D10 | value='G Sci                                  
 Mis Ayesha 
9th - B' | fill=00000000 | rows=[9] | cols=[3] | col_header=False | row_header=False | metadata=False
Cell F10 | value='Electric.
Sir Jacob
9th - B' | fill=00000000 | rows=[9] | cols=[5] | col_header=False | row_header=False | metadata=False
Cell G10 | value='Electric Wiring                                          Sir James
9th - B' | fill=8 | rows=[9] | cols=[6] | col_header=False | row_header=False | metadata=False

