=== education-table25.xlsx ===
Cell A1 | value='State' | fill=FFFFFF00 | rows=[0, 1, 2] | cols=[0] | col_header=True | row_header=True | metadata=False
Cell B1 | value='Schools Reporting' | fill=FFFFFF00 | rows=[0, 1, 2] | cols=[1] | col_header=True | row_header=False | metadata=False
Cell C1 | value='Science Courses' | fill=FFFFFF00 | rows=[0] | cols=[2, 3, 4, 5, 6, 7] | col_header=True | row_header=False | metadata=False
Cell I1 | value='Number of Schools' | fill=FFFFFF00 | rows=[0, 1, 2] | cols=[8] | col_header=True | row_header=False | metadata=False
Cell J1 | value='Percent of Schools Reporting' | fill=FFFFFF00 | rows=[0, 1, 2] | cols=[9] | col_header=True | row_header=False | metadata=False
Cell C2 | value='Biology' | fill=00000000 | rows=[1] | cols=[2, 3] | col_header=False | row_header=False | metadata=False
Cell E2 | value='Chemistry' | fill=00000000 | rows=[1] | cols=[4, 5] | col_header=False | row_header=False | metadata=False
Cell G2 | value='Physics' | fill=00000000 | rows=[1] | cols=[6, 7] | col_header=False | row_header=False | metadata=False
Cell C3 | value='Number' | fill=FFFFFF00 | rows=[2] | cols=[2] | col_header=True | row_header=False | metadata=False
Cell D3 | value='Percent' | fill=FFFFFF00 | rows=[2] | cols=[3] | col_header=True | row_header=False | metadata=False
Cell E3 | value='Number' | fill=FFFFFF00 | rows=[2] | cols=[4] | col_header=True | row_header=False | metadata=False
Cell F3 | value='Percent' | fill=FFFFFF00 | rows=[2] | cols=[5] | col_header=True | row_header=False | metadata=False
Cell G3 | value='Number' | fill=FFFFFF00 | rows=[2] | cols=[6] | col_header=True | row_header=False | metadata=False
Cell H3 | value='Percent' | fill=FFFFFF00 | rows=[2] | cols=[7] | col_header=True | row_header=False | metadata=False
Cell A4 | value='United States' | fill=None | rows=[3] | cols=[0] | col_header=False | row_header=False | metadata=False
Cell B4 | value='47796' | fill=None | rows=[3] | cols=[1] | col_header=False | row_header=False | metadata=False
Cell C4 | value='22597' | fill=None | rows=[3] | cols=[2] | col_header=False | row_header=False | metadata=False
Cell D4 | value='47.278' | fill=None | rows=[3] | cols=[3] | col_header=False | row_header=False | metadata=False
Cell E4 | value='19313' | fill=None | rows=[3] | cols=[4] | col_header=False | row_header=False | metadata=False
Cell F4 | value='40.4071' | fill=None | rows=[3] | cols=[5] | col_header=False | row_header=False | metadata=False
Cell G4 | value='15935' | fill=None | rows=[3] | cols=[6] | col_header=False | row_header=False | metadata=False
Cell H4 | value='33.3396' | fill=None | rows=[3] | cols=[7] | col_header=False | row_header=False | metadata=False
Cell I4 | value='47799' | fill=None | rows=[3] | cols=[8] | col_header=False | row_header=False | metadata=False
Cell J4 | value='99.994' | fill=None | rows=[3] | cols=[9] | col_header=False | row_header=False | metadata=False
Cell A5 | value='Alabama' | fill=00000000 | rows=[4] | cols=[0] | col_header=False | row_header=False | metadata=False
Cell B5 | value='731' | fill=00000000 | rows=[4] | cols=[1] | col_header=False | row_header=False | metadata=False
Cell C5 | value='398' | fill=00000000 | rows=[4] | cols=[2] | col_header=False | row_header=False | metadata=False
Cell D5 | value='54.446' | fill=00000000 | rows=[4] | cols=[3] | col_header=False | row_header=False | metadata=False
Cell E5 | value='362' | fill=00000000 | rows=[4] | cols=[4] | col_header=False | row_header=False | metadata=False
Cell F5 | value='49.5212' | fill=00000000 | rows=[4] | cols=[5] | col_header=False | row_header=False | metadata=False
Cell G5 | value='246' | fill=00000000 | rows=[4] | cols=[6] | col_header=False | row_header=False | metadata=False
Cell H5 | value='33.6525' | fill=00000000 | rows=[4] | cols=[7] | col_header=False | row_header=False | metadata=False
Cell I5 | value='731' | fill=00000000 | rows=[4] | cols=[8] | col_header=False | row_header=False | metadata=False
Cell J5 | value='100' | fill=00000000 | rows=[4] | cols=[9] | col_header=False | row_header=False | metadata=False
Cell A6 | value='Alaska' | fill=None | rows=[5] | cols=[0] | col_header=False | row_header=False | metadata=False
Cell B6 | value='353' | fill=None | rows=[5] | cols=[1] | col_header=False | row_header=False | metadata=False
Cell C6 | value='186' | fill=None | rows=[5] | cols=[2] | col_header=False | row_header=False | metadata=False
Cell D6 | value='52.6912' | fill=None | rows=[5] | cols=[3] | col_header=False | row_header=False | metadata=False
Cell E6 | value='96' | fill=None | rows=[5] | cols=[4] | col_header=False | row_header=False | metadata=False
Cell F6 | value='27.1955' | fill=None | rows=[5] | cols=[5] | col_header=False | row_header=False | metadata=False
Cell G6 | value='77' | fill=None | rows=[5] | cols=[6] | col_header=False | row_header=False | metadata=False
Cell H6 | value='21.813' | fill=None | rows=[5] | cols=[7] | col_header=False | row_header=False | metadata=False
Cell I6 | value='353' | fill=None | rows=[5] | cols=[8] | col_header=False | row_header=False | metadata=False
Cell J6 | value='100' | fill=None | rows=[5] | cols=[9] | col_header=False | row_header=False | metadata=False
Cell A7 | value='Arizona' | fill=00000000 | rows=[6] | cols=[0] | col_header=False | row_header=False | metadata=False
Cell B7 | value='1213' | fill=00000000 | rows=[6] | cols=[1] | col_header=False | row_header=False | metadata=False
Cell C7 | value='492' | fill=00000000 | rows=[6] | cols=[2] | col_header=False | row_header=False | metadata=False
Cell D7 | value='40.560593569662' | fill=00000000 | rows=[6] | cols=[3] | col_header=False | row_header=False | metadata=False
Cell E7 | value='358' | fill=00000000 | rows=[6] | cols=[4] | col_header=False | row_header=False | metadata=False
Cell F7 | value='29.5136' | fill=00000000 | rows=[6] | cols=[5] | col_header=False | row_header=False | metadata=False
Cell G7 | value='284' | fill=00000000 | rows=[6] | cols=[6] | col_header=False | row_header=False | metadata=False
Cell H7 | value='23.413' | fill=00000000 | rows=[6] | cols=[7] | col_header=False | row_header=False | metadata=False
Cell I7 | value='1213' | fill=00000000 | rows=[6] | cols=[8] | col_header=False | row_header=False | metadata=False
Cell J7 | value='100' | fill=00000000 | rows=[6] | cols=[9] | col_header=False | row_header=False | metadata=False
Cell A8 | value='Arkansas' | fill=None | rows=[7] | cols=[0] | col_header=False | row_header=False | metadata=False
Cell B8 | value='498' | fill=None | rows=[7] | cols=[1] | col_header=False | row_header=False | metadata=False
Cell C8 | value='306' | fill=None | rows=[7] | cols=[2] | col_header=False | row_header=False | metadata=False
Cell D8 | value='61.4458' | fill=None | rows=[7] | cols=[3] | col_header=False | row_header=False | metadata=False
Cell E8 | value='281' | fill=None | rows=[7] | cols=[4] | col_header=False | row_header=False | metadata=False
Cell F8 | value='56.425702811245' | fill=None | rows=[7] | cols=[5] | col_header=False | row_header=False | metadata=False
Cell G8 | value='249' | fill=None | rows=[7] | cols=[6] | col_header=False | row_header=False | metadata=False
Cell H8 | value='50' | fill=None | rows=[7] | cols=[7] | col_header=False | row_header=False | metadata=False
Cell I8 | value='498' | fill=None | rows=[7] | cols=[8] | col_header=False | row_header=False | metadata=False
Cell J8 | value='100' | fill=None | rows=[7] | cols=[9] | col_header=False | row_header=False | metadata=False
Cell A9 | value='California' | fill=00000000 | rows=[8] | cols=[0] | col_header=False | row_header=False | metadata=False
Cell B9 | value='5051' | fill=00000000 | rows=[8] | cols=[1] | col_header=False | row_header=False | metadata=False
Cell C9 | value='2016' | fill=00000000 | rows=[8] | cols=[2] | col_header=False | row_header=False | metadata=False
Cell D9 | value='39.9129' | fill=00000000 | rows=[8] | cols=[3] | col_header=False | row_header=False | metadata=False
Cell E9 | value='1477' | fill=00000000 | rows=[8] | cols=[4] | col_header=False | row_header=False | metadata=False
Cell F9 | value='29.2417' | fill=00000000 | rows=[8] | cols=[5] | col_header=False | row_header=False | metadata=False
Cell G9 | value='1277' | fill=00000000 | rows=[8] | cols=[6] | col_header=False | row_header=False | metadata=False
Cell H9 | value='25.2821' | fill=00000000 | rows=[8] | cols=[7] | col_header=False | row_header=False | metadata=False
Cell I9 | value='5051' | fill=00000000 | rows=[8] | cols=[8] | col_header=False | row_header=False | metadata=False
Cell J9 | value='100' | fill=00000000 | rows=[8] | cols=[9] | col_header=False | row_header=False | metadata=False
Cell A10 | value='Colorado' | fill=None | rows=[9] | cols=[0] | col_header=False | row_header=False | metadata=False
Cell B10 | value='922' | fill=None | rows=[9] | cols=[1] | col_header=False | row_header=False | metadata=False
Cell C10 | value='451' | fill=None | rows=[9] | cols=[2] | col_header=False | row_header=False | metadata=False
Cell D10 | value='48.9154' | fill=None | rows=[9] | cols=[3] | col_header=False | row_header=False | metadata=False
Cell E10 | value='377' | fill=None | rows=[9] | cols=[4] | col_header=False | row_header=False | metadata=False
Cell F10 | value='40.8894' | fill=None | rows=[9] | cols=[5] | col_header=False | row_header=False | metadata=False
Cell G10 | value='358' | fill=None | rows=[9] | cols=[6] | col_header=False | row_header=False | metadata=False
Cell H10 | value='38.8286' | fill=None | rows=[9] | cols=[7] | col_header=False | row_header=False | metadata=False
Cell I10 | value='922' | fill=None | rows=[9] | cols=[8] | col_header=False | row_header=False | metadata=False
Cell J10 | value='100' | fill=None | rows=[9] | cols=[9] | col_header=False | row_header=False | metadata=False
Cell A11 | value='Connecticut' | fill=00000000 | rows=[10] | cols=[0] | col_header=False | row_header=False | metadata=False
Cell B11 | value='613' | fill=00000000 | rows=[10] | cols=[1] | col_header=False | row_header=False | metadata=False
Cell C11 | value='259' | fill=00000000 | rows=[10] | cols=[2] | col_header=False | row_header=False | metadata=False
Cell D11 | value='42.2512' | fill=00000000 | rows=[10] | cols=[3] | col_header=False | row_header=False | metadata=False
Cell E11 | value='223' | fill=00000000 | rows=[10] | cols=[4] | col_header=False | row_header=False | metadata=False
Cell F11 | value='36.3785' | fill=00000000 | rows=[10] | cols=[5] | col_header=False | row_header=False | metadata=False
Cell G11 | value='188' | fill=00000000 | rows=[10] | cols=[6] | col_header=False | row_header=False | metadata=False
Cell H11 | value='30.6688' | fill=00000000 | rows=[10] | cols=[7] | col_header=False | row_header=False | metadata=False
Cell I11 | value='613' | fill=00000000 | rows=[10] | cols=[8] | col_header=False | row_header=False | metadata=False
Cell J11 | value='100' | fill=00000000 | rows=[10] | cols=[9] | col_header=False | row_header=False | metadata=False
Cell A12 | value='Delaware' | fill=None | rows=[11] | cols=[0] | col_header=False | row_header=False | metadata=False
Cell B12 | value='113' | fill=None | rows=[11] | cols=[1] | col_header=False | row_header=False | metadata=False
Cell C12 | value='55' | fill=None | rows=[11] | cols=[2] | col_header=False | row_header=False | metadata=False
Cell D12 | value='48.6726' | fill=None | rows=[11] | cols=[3] | col_header=False | row_header=False | metadata=False
Cell E12 | value='46' | fill=None | rows=[11] | cols=[4] | col_header=False | row_header=False | metadata=False
Cell F12 | value='40.708' | fill=None | rows=[11] | cols=[5] | col_header=False | row_header=False | metadata=False
Cell G12 | value='38' | fill=None | rows=[11] | cols=[6] | col_header=False | row_header=False | metadata=False
Cell H12 | value='33.6283' | fill=None | rows=[11] | cols=[7] | col_header=False | row_header=False | metadata=False
Cell I12 | value='113' | fill=None | rows=[11] | cols=[8] | col_header=False | row_header=False | metadata=False
Cell J12 | value='100' | fill=None | rows=[11] | cols=[9] | col_header=False | row_header=False | metadata=False
Cell A13 | value='District of Columbia' | fill=00000000 | rows=[12] | cols=[0] | col_header=False | row_header=False | metadata=False
Cell B13 | value='104' | fill=00000000 | rows=[12] | cols=[1] | col_header=False | row_header=False | metadata=False
Cell C13 | value='41' | fill=00000000 | rows=[12] | cols=[2] | col_header=False | row_header=False | metadata=False
Cell D13 | value='39.4231' | fill=00000000 | rows=[12] | cols=[3] | col_header=False | row_header=False | metadata=False
Cell E13 | value='38' | fill=00000000 | rows=[12] | cols=[4] | col_header=False | row_header=False | metadata=False
Cell F13 | value='36.5385' | fill=00000000 | rows=[12] | cols=[5] | col_header=False | row_header=False | metadata=False
Cell G13 | value='36' | fill=00000000 | rows=[12] | cols=[6] | col_header=False | row_header=False | metadata=False
Cell H13 | value='34.6154' | fill=00000000 | rows=[12] | cols=[7] | col_header=False | row_header=False | metadata=False
Cell I13 | value='104' | fill=00000000 | rows=[12] | cols=[8] | col_header=False | row_header=False | metadata=False
Cell J13 | value='100' | fill=00000000 | rows=[12] | cols=[9] | col_header=False | row_header=False | metadata=False
Cell A14 | value='Florida' | fill=None | rows=[13] | cols=[0] | col_header=False | row_header=False | metadata=False
Cell B14 | value='1979' | fill=None | rows=[13] | cols=[1] | col_header=False | row_header=False | metadata=False
Cell C14 | value='944' | fill=None | rows=[13] | cols=[2] | col_header=False | row_header=False | metadata=False
Cell D14 | value='47.7009' | fill=None | rows=[13] | cols=[3] | col_header=False | row_header=False | metadata=False
Cell E14 | value='670' | fill=None | rows=[13] | cols=[4] | col_header=False | row_header=False | metadata=False
Cell F14 | value='33.855482566953' | fill=None | rows=[13] | cols=[5] | col_header=False | row_header=False | metadata=False
Cell G14 | value='448' | fill=None | rows=[13] | cols=[6] | col_header=False | row_header=False | metadata=False
Cell H14 | value='22.6377' | fill=None | rows=[13] | cols=[7] | col_header=False | row_header=False | metadata=False
Cell I14 | value='1979' | fill=None | rows=[13] | cols=[8] | col_header=False | row_header=False | metadata=False
Cell J14 | value='100' | fill=None | rows=[13] | cols=[9] | col_header=False | row_header=False | metadata=False
Cell A15 | value='Georgia' | fill=00000000 | rows=[14] | cols=[0] | col_header=False | row_header=False | metadata=False
Cell B15 | value='1104' | fill=00000000 | rows=[14] | cols=[1] | col_header=False | row_header=False | metadata=False
Cell C15 | value='564' | fill=00000000 | rows=[14] | cols=[2] | col_header=False | row_header=False | metadata=False
Cell D15 | value='51.087' | fill=00000000 | rows=[14] | cols=[3] | col_header=False | row_header=False | metadata=False
Cell E15 | value='478' | fill=00000000 | rows=[14] | cols=[4] | col_header=False | row_header=False | metadata=False
Cell F15 | value='43.2971' | fill=00000000 | rows=[14] | cols=[5] | col_header=False | row_header=False | metadata=False
Cell G15 | value='385' | fill=00000000 | rows=[14] | cols=[6] | col_header=False | row_header=False | metadata=False
Cell H15 | value='34.8732' | fill=00000000 | rows=[14] | cols=[7] | col_header=False | row_header=False | metadata=False
Cell I15 | value='1104' | fill=00000000 | rows=[14] | cols=[8] | col_header=False | row_header=False | metadata=False
Cell J15 | value='100' | fill=00000000 | rows=[14] | cols=[9] | col_header=False | row_header=False | metadata=False
Cell A16 | value='Hawaii' | fill=None | rows=[15] | cols=[0] | col_header=False | row_header=False | metadata=False
Cell B16 | value='117' | fill=None | rows=[15] | cols=[1] | col_header=False | row_header=False | metadata=False
Cell C16 | value='58' | fill=None | rows=[15] | cols=[2] | col_header=False | row_header=False | metadata=False
Cell D16 | value='49.5726' | fill=None | rows=[15] | cols=[3] | col_header=False | row_header=False | metadata=False
Cell E16 | value='54' | fill=None | rows=[15] | cols=[4] | col_header=False | row_header=False | metadata=False
Cell F16 | value='46.1538' | fill=None | rows=[15] | cols=[5] | col_header=False | row_header=False | metadata=False
Cell G16 | value='42' | fill=None | rows=[15] | cols=[6] | col_header=False | row_header=False | metadata=False
Cell H16 | value='35.8974' | fill=None | rows=[15] | cols=[7] | col_header=False | row_header=False | metadata=False
Cell I16 | value='117' | fill=None | rows=[15] | cols=[8] | col_header=False | row_header=False | metadata=False
Cell J16 | value='100' | fill=None | rows=[15] | cols=[9] | col_header=False | row_header=False | metadata=False
Cell A17 | value='Idaho' | fill=00000000 | rows=[16] | cols=[0] | col_header=False | row_header=False | metadata=False
Cell B17 | value='358' | fill=00000000 | rows=[16] | cols=[1] | col_header=False | row_header=False | metadata=False
Cell C17 | value='205' | fill=00000000 | rows=[16] | cols=[2] | col_header=False | row_header=False | metadata=False
Cell D17 | value='57.2626' | fill=00000000 | rows=[16] | cols=[3] | col_header=False | row_header=False | metadata=False
Cell E17 | value='131' | fill=00000000 | rows=[16] | cols=[4] | col_header=False | row_header=False | metadata=False
Cell F17 | value='36.5922' | fill=00000000 | rows=[16] | cols=[5] | col_header=False | row_header=False | metadata=False
Cell G17 | value='97' | fill=00000000 | rows=[16] | cols=[6] | col_header=False | row_header=False | metadata=False
Cell H17 | value='27.095' | fill=00000000 | rows=[16] | cols=[7] | col_header=False | row_header=False | metadata=False
Cell I17 | value='358' | fill=00000000 | rows=[16] | cols=[8] | col_header=False | row_header=False | metadata=False
Cell J17 | value='100' | fill=00000000 | rows=[16] | cols=[9] | col_header=False | row_header=False | metadata=False
Cell A18 | value='Illinois' | fill=None | rows=[17] | cols=[0] | col_header=False | row_header=False | metadata=False
Cell B18 | value='2202' | fill=None | rows=[17] | cols=[1] | col_header=False | row_header=False | metadata=False
Cell C18 | value='802' | fill=None | rows=[17] | cols=[2] | col_header=False | row_header=False | metadata=False
Cell D18 | value='36.4214' | fill=None | rows=[17] | cols=[3] | col_header=False | row_header=False | metadata=False
Cell E18 | value='700' | fill=None | rows=[17] | cols=[4] | col_header=False | row_header=False | metadata=False
Cell F18 | value='31.7893' | fill=None | rows=[17] | cols=[5] | col_header=False | row_header=False | metadata=False
Cell G18 | value='622' | fill=None | rows=[17] | cols=[6] | col_header=False | row_header=False | metadata=False
Cell H18 | value='28.247' | fill=None | rows=[17] | cols=[7] | col_header=False | row_header=False | metadata=False
Cell I18 | value='2202' | fill=None | rows=[17] | cols=[8] | col_header=False | row_header=False | metadata=False
Cell J18 | value='100' | fill=None | rows=[17] | cols=[9] | col_header=False | row_header=False | metadata=False
Cell A19 | value='Indiana' | fill=00000000 | rows=[18] | cols=[0] | col_header=False | row_header=False | metadata=False
Cell B19 | value='795' | fill=00000000 | rows=[18] | cols=[1] | col_header=False | row_header=False | metadata=False
Cell C19 | value='405' | fill=00000000 | rows=[18] | cols=[2] | col_header=False | row_header=False | metadata=False
Cell D19 | value='50.9434' | fill=00000000 | rows=[18] | cols=[3] | col_header=False | row_header=False | metadata=False
Cell E19 | value='383' | fill=00000000 | rows=[18] | cols=[4] | col_header=False | row_header=False | metadata=False
Cell F19 | value='48.1761' | fill=00000000 | rows=[18] | cols=[5] | col_header=False | row_header=False | metadata=False
Cell G19 | value='318' | fill=00000000 | rows=[18] | cols=[6] | col_header=False | row_header=False | metadata=False
Cell H19 | value='40' | fill=00000000 | rows=[18] | cols=[7] | col_header=False | row_header=False | metadata=False
Cell I19 | value='795' | fill=00000000 | rows=[18] | cols=[8] | col_header=False | row_header=False | metadata=False
Cell J19 | value='100' | fill=00000000 | rows=[18] | cols=[9] | col_header=False | row_header=False | metadata=False
Cell A20 | value='Iowa' | fill=None | rows=[19] | cols=[0] | col_header=False | row_header=False | metadata=False
Cell B20 | value='627' | fill=None | rows=[19] | cols=[1] | col_header=False | row_header=False | metadata=False
Cell C20 | value='356' | fill=None | rows=[19] | cols=[2] | col_header=False | row_header=False | metadata=False
Cell D20 | value='56.7783' | fill=None | rows=[19] | cols=[3] | col_header=False | row_header=False | metadata=False
Cell E20 | value='336' | fill=None | rows=[19] | cols=[4] | col_header=False | row_header=False | metadata=False
Cell F20 | value='53.5885' | fill=None | rows=[19] | cols=[5] | col_header=False | row_header=False | metadata=False
Cell G20 | value='341' | fill=None | rows=[19] | cols=[6] | col_header=False | row_header=False | metadata=False
Cell H20 | value='54.386' | fill=None | rows=[19] | cols=[7] | col_header=False | row_header=False | metadata=False
Cell I20 | value='627' | fill=None | rows=[19] | cols=[8] | col_header=False | row_header=False | metadata=False
Cell J20 | value='100' | fill=None | rows=[19] | cols=[9] | col_header=False | row_header=False | metadata=False
Cell A21 | value='Kansas' | fill=00000000 | rows=[20] | cols=[0] | col_header=False | row_header=False | metadata=False
Cell B21 | value='644' | fill=00000000 | rows=[20] | cols=[1] | col_header=False | row_header=False | metadata=False
Cell C21 | value='355' | fill=00000000 | rows=[20] | cols=[2] | col_header=False | row_header=False | metadata=False
Cell D21 | value='55.1242' | fill=00000000 | rows=[20] | cols=[3] | col_header=False | row_header=False | metadata=False
Cell E21 | value='339' | fill=00000000 | rows=[20] | cols=[4] | col_header=False | row_header=False | metadata=False
Cell F21 | value='52.639751552795' | fill=00000000 | rows=[20] | cols=[5] | col_header=False | row_header=False | metadata=False
Cell G21 | value='290' | fill=00000000 | rows=[20] | cols=[6] | col_header=False | row_header=False | metadata=False
Cell H21 | value='45.0311' | fill=00000000 | rows=[20] | cols=[7] | col_header=False | row_header=False | metadata=False
Cell I21 | value='644' | fill=00000000 | rows=[20] | cols=[8] | col_header=False | row_header=False | metadata=False
Cell J21 | value='100' | fill=00000000 | rows=[20] | cols=[9] | col_header=False | row_header=False | metadata=False
Cell A22 | value='Kentucky' | fill=None | rows=[21] | cols=[0] | col_header=False | row_header=False | metadata=False
Cell B22 | value='698' | fill=None | rows=[21] | cols=[1] | col_header=False | row_header=False | metadata=False
Cell C22 | value='346' | fill=None | rows=[21] | cols=[2] | col_header=False | row_header=False | metadata=False
Cell D22 | value='49.5702' | fill=None | rows=[21] | cols=[3] | col_header=False | row_header=False | metadata=False
Cell E22 | value='310' | fill=None | rows=[21] | cols=[4] | col_header=False | row_header=False | metadata=False
Cell F22 | value='44.4126' | fill=None | rows=[21] | cols=[5] | col_header=False | row_header=False | metadata=False
Cell G22 | value='252' | fill=None | rows=[21] | cols=[6] | col_header=False | row_header=False | metadata=False
Cell H22 | value='36.1032' | fill=None | rows=[21] | cols=[7] | col_header=False | row_header=False | metadata=False
Cell I22 | value='698' | fill=None | rows=[21] | cols=[8] | col_header=False | row_header=False | metadata=False
Cell J22 | value='100' | fill=None | rows=[21] | cols=[9] | col_header=False | row_header=False | metadata=False
Cell A23 | value='Louisiana' | fill=00000000 | rows=[22] | cols=[0] | col_header=False | row_header=False | metadata=False
Cell B23 | value='707' | fill=00000000 | rows=[22] | cols=[1] | col_header=False | row_header=False | metadata=False
Cell C23 | value='346' | fill=00000000 | rows=[22] | cols=[2] | col_header=False | row_header=False | metadata=False
Cell D23 | value='48.939179632249' | fill=00000000 | rows=[22] | cols=[3] | col_header=False | row_header=False | metadata=False
Cell E23 | value='320' | fill=00000000 | rows=[22] | cols=[4] | col_header=False | row_header=False | metadata=False
Cell F23 | value='45.2617' | fill=00000000 | rows=[22] | cols=[5] | col_header=False | row_header=False | metadata=False
Cell G23 | value='191' | fill=00000000 | rows=[22] | cols=[6] | col_header=False | row_header=False | metadata=False
Cell H23 | value='27.015558698727' | fill=00000000 | rows=[22] | cols=[7] | col_header=False | row_header=False | metadata=False
Cell I23 | value='707' | fill=00000000 | rows=[22] | cols=[8] | col_header=False | row_header=False | metadata=False
Cell J23 | value='100' | fill=00000000 | rows=[22] | cols=[9] | col_header=False | row_header=False | metadata=False
Cell A24 | value='Maine' | fill=None | rows=[23] | cols=[0] | col_header=False | row_header=False | metadata=False
Cell B24 | value='306' | fill=None | rows=[23] | cols=[1] | col_header=False | row_header=False | metadata=False
Cell C24 | value='122' | fill=None | rows=[23] | cols=[2] | col_header=False | row_header=False | metadata=False
Cell D24 | value='39.8693' | fill=None | rows=[23] | cols=[3] | col_header=False | row_header=False | metadata=False
Cell E24 | value='123' | fill=None | rows=[23] | cols=[4] | col_header=False | row_header=False | metadata=False
Cell F24 | value='40.1961' | fill=None | rows=[23] | cols=[5] | col_header=False | row_header=False | metadata=False
Cell G24 | value='111' | fill=None | rows=[23] | cols=[6] | col_header=False | row_header=False | metadata=False
Cell H24 | value='36.2745' | fill=None | rows=[23] | cols=[7] | col_header=False | row_header=False | metadata=False
Cell I24 | value='306' | fill=None | rows=[23] | cols=[8] | col_header=False | row_header=False | metadata=False
Cell J24 | value='100' | fill=None | rows=[23] | cols=[9] | col_header=False | row_header=False | metadata=False
Cell A25 | value='Maryland' | fill=00000000 | rows=[24] | cols=[0] | col_header=False | row_header=False | metadata=False
Cell B25 | value='622' | fill=00000000 | rows=[24] | cols=[1] | col_header=False | row_header=False | metadata=False
Cell C25 | value='260' | fill=00000000 | rows=[24] | cols=[2] | col_header=False | row_header=False | metadata=False
Cell D25 | value='41.8006' | fill=00000000 | rows=[24] | cols=[3] | col_header=False | row_header=False | metadata=False
Cell E25 | value='239' | fill=00000000 | rows=[24] | cols=[4] | col_header=False | row_header=False | metadata=False
Cell F25 | value='38.4244' | fill=00000000 | rows=[24] | cols=[5] | col_header=False | row_header=False | metadata=False
Cell G25 | value='212' | fill=00000000 | rows=[24] | cols=[6] | col_header=False | row_header=False | metadata=False
Cell H25 | value='34.0836' | fill=00000000 | rows=[24] | cols=[7] | col_header=False | row_header=False | metadata=False
Cell I25 | value='622' | fill=00000000 | rows=[24] | cols=[8] | col_header=False | row_header=False | metadata=False
Cell J25 | value='100' | fill=00000000 | rows=[24] | cols=[9] | col_header=False | row_header=False | metadata=False
Cell A26 | value='Massachusetts' | fill=None | rows=[25] | cols=[0] | col_header=False | row_header=False | metadata=False
Cell B26 | value='831' | fill=None | rows=[25] | cols=[1] | col_header=False | row_header=False | metadata=False
Cell C26 | value='373' | fill=None | rows=[25] | cols=[2] | col_header=False | row_header=False | metadata=False
Cell D26 | value='44.8857' | fill=None | rows=[25] | cols=[3] | col_header=False | row_header=False | metadata=False
Cell E26 | value='352' | fill=None | rows=[25] | cols=[4] | col_header=False | row_header=False | metadata=False
Cell F26 | value='42.3586' | fill=None | rows=[25] | cols=[5] | col_header=False | row_header=False | metadata=False
Cell G26 | value='312' | fill=None | rows=[25] | cols=[6] | col_header=False | row_header=False | metadata=False
Cell H26 | value='37.5451' | fill=None | rows=[25] | cols=[7] | col_header=False | row_header=False | metadata=False
Cell I26 | value='834' | fill=None | rows=[25] | cols=[8] | col_header=False | row_header=False | metadata=False
Cell J26 | value='99.64' | fill=None | rows=[25] | cols=[9] | col_header=False | row_header=False | metadata=False
Cell A27 | value='Michigan' | fill=00000000 | rows=[26] | cols=[0] | col_header=False | row_header=False | metadata=False
Cell B27 | value='1954' | fill=00000000 | rows=[26] | cols=[1] | col_header=False | row_header=False | metadata=False
Cell C27 | value='1017' | fill=00000000 | rows=[26] | cols=[2] | col_header=False | row_header=False | metadata=False
Cell D27 | value='52.0471' | fill=00000000 | rows=[26] | cols=[3] | col_header=False | row_header=False | metadata=False
Cell E27 | value='951' | fill=00000000 | rows=[26] | cols=[4] | col_header=False | row_header=False | metadata=False
Cell F27 | value='48.6694' | fill=00000000 | rows=[26] | cols=[5] | col_header=False | row_header=False | metadata=False
Cell G27 | value='714' | fill=00000000 | rows=[26] | cols=[6] | col_header=False | row_header=False | metadata=False
Cell H27 | value='36.5404' | fill=00000000 | rows=[26] | cols=[7] | col_header=False | row_header=False | metadata=False
Cell I27 | value='1954' | fill=00000000 | rows=[26] | cols=[8] | col_header=False | row_header=False | metadata=False
Cell J27 | value='100' | fill=00000000 | rows=[26] | cols=[9] | col_header=False | row_header=False | metadata=False
Cell A28 | value='Minnesota' | fill=None | rows=[27] | cols=[0] | col_header=False | row_header=False | metadata=False
Cell B28 | value='1159' | fill=None | rows=[27] | cols=[1] | col_header=False | row_header=False | metadata=False
Cell C28 | value='575' | fill=None | rows=[27] | cols=[2] | col_header=False | row_header=False | metadata=False
Cell D28 | value='49.611734253667' | fill=None | rows=[27] | cols=[3] | col_header=False | row_header=False | metadata=False
Cell E28 | value='507' | fill=None | rows=[27] | cols=[4] | col_header=False | row_header=False | metadata=False
Cell F28 | value='43.7446' | fill=None | rows=[27] | cols=[5] | col_header=False | row_header=False | metadata=False
Cell G28 | value='395' | fill=None | rows=[27] | cols=[6] | col_header=False | row_header=False | metadata=False
Cell H28 | value='34.0811' | fill=None | rows=[27] | cols=[7] | col_header=False | row_header=False | metadata=False
Cell I28 | value='1159' | fill=None | rows=[27] | cols=[8] | col_header=False | row_header=False | metadata=False
Cell J28 | value='100' | fill=None | rows=[27] | cols=[9] | col_header=False | row_header=False | metadata=False
Cell A29 | value='Mississippi' | fill=00000000 | rows=[28] | cols=[0] | col_header=False | row_header=False | metadata=False
Cell B29 | value='525' | fill=00000000 | rows=[28] | cols=[1] | col_header=False | row_header=False | metadata=False
Cell C29 | value='265' | fill=00000000 | rows=[28] | cols=[2] | col_header=False | row_header=False | metadata=False
Cell D29 | value='50.4762' | fill=00000000 | rows=[28] | cols=[3] | col_header=False | row_header=False | metadata=False
Cell E29 | value='246' | fill=00000000 | rows=[28] | cols=[4] | col_header=False | row_header=False | metadata=False
Cell F29 | value='46.8571' | fill=00000000 | rows=[28] | cols=[5] | col_header=False | row_header=False | metadata=False
Cell G29 | value='158' | fill=00000000 | rows=[28] | cols=[6] | col_header=False | row_header=False | metadata=False
Cell H29 | value='30.0952' | fill=00000000 | rows=[28] | cols=[7] | col_header=False | row_header=False | metadata=False
Cell I29 | value='525' | fill=00000000 | rows=[28] | cols=[8] | col_header=False | row_header=False | metadata=False
Cell J29 | value='100' | fill=00000000 | rows=[28] | cols=[9] | col_header=False | row_header=False | metadata=False
Cell A30 | value='Missouri' | fill=None | rows=[29] | cols=[0] | col_header=False | row_header=False | metadata=False
Cell B30 | value='1154' | fill=None | rows=[29] | cols=[1] | col_header=False | row_header=False | metadata=False
Cell C30 | value='581' | fill=None | rows=[29] | cols=[2] | col_header=False | row_header=False | metadata=False
Cell D30 | value='50.3466' | fill=None | rows=[29] | cols=[3] | col_header=False | row_header=False | metadata=False
Cell E30 | value='478' | fill=None | rows=[29] | cols=[4] | col_header=False | row_header=False | metadata=False
Cell F30 | value='41.421143847487' | fill=None | rows=[29] | cols=[5] | col_header=False | row_header=False | metadata=False
Cell G30 | value='328' | fill=None | rows=[29] | cols=[6] | col_header=False | row_header=False | metadata=False
Cell H30 | value='28.42287694974' | fill=None | rows=[29] | cols=[7] | col_header=False | row_header=False | metadata=False
Cell I30 | value='1154' | fill=None | rows=[29] | cols=[8] | col_header=False | row_header=False | metadata=False
Cell J30 | value='100' | fill=None | rows=[29] | cols=[9] | col_header=False | row_header=False | metadata=False
Cell A31 | value='Montana' | fill=00000000 | rows=[30] | cols=[0] | col_header=False | row_header=False | metadata=False
Cell B31 | value='473' | fill=00000000 | rows=[30] | cols=[1] | col_header=False | row_header=False | metadata=False
Cell C31 | value='175' | fill=00000000 | rows=[30] | cols=[2] | col_header=False | row_header=False | metadata=False
Cell D31 | value='36.9979' | fill=00000000 | rows=[30] | cols=[3] | col_header=False | row_header=False | metadata=False
Cell E31 | value='147' | fill=00000000 | rows=[30] | cols=[4] | col_header=False | row_header=False | metadata=False
Cell F31 | value='31.0782' | fill=00000000 | rows=[30] | cols=[5] | col_header=False | row_header=False | metadata=False
Cell G31 | value='125' | fill=00000000 | rows=[30] | cols=[6] | col_header=False | row_header=False | metadata=False
Cell H31 | value='26.4271' | fill=00000000 | rows=[30] | cols=[7] | col_header=False | row_header=False | metadata=False
Cell I31 | value='473' | fill=00000000 | rows=[30] | cols=[8] | col_header=False | row_header=False | metadata=False
Cell J31 | value='100' | fill=00000000 | rows=[30] | cols=[9] | col_header=False | row_header=False | metadata=False
Cell A32 | value='Nebraska' | fill=None | rows=[31] | cols=[0] | col_header=False | row_header=False | metadata=False
Cell B32 | value='464' | fill=None | rows=[31] | cols=[1] | col_header=False | row_header=False | metadata=False
Cell C32 | value='297' | fill=None | rows=[31] | cols=[2] | col_header=False | row_header=False | metadata=False
Cell D32 | value='64.0086' | fill=None | rows=[31] | cols=[3] | col_header=False | row_header=False | metadata=False
Cell E32 | value='267' | fill=None | rows=[31] | cols=[4] | col_header=False | row_header=False | metadata=False
Cell F32 | value='57.5431' | fill=None | rows=[31] | cols=[5] | col_header=False | row_header=False | metadata=False
Cell G32 | value='233' | fill=None | rows=[31] | cols=[6] | col_header=False | row_header=False | metadata=False
Cell H32 | value='50.2155' | fill=None | rows=[31] | cols=[7] | col_header=False | row_header=False | metadata=False
Cell I32 | value='464' | fill=None | rows=[31] | cols=[8] | col_header=False | row_header=False | metadata=False
Cell J32 | value='100' | fill=None | rows=[31] | cols=[9] | col_header=False | row_header=False | metadata=False
Cell A33 | value='Nevada' | fill=00000000 | rows=[32] | cols=[0] | col_header=False | row_header=False | metadata=False
Cell B33 | value='285' | fill=00000000 | rows=[32] | cols=[1] | col_header=False | row_header=False | metadata=False
Cell C33 | value='141' | fill=00000000 | rows=[32] | cols=[2] | col_header=False | row_header=False | metadata=False
Cell D33 | value='49.4737' | fill=00000000 | rows=[32] | cols=[3] | col_header=False | row_header=False | metadata=False
Cell E33 | value='123' | fill=00000000 | rows=[32] | cols=[4] | col_header=False | row_header=False | metadata=False
Cell F33 | value='43.1579' | fill=00000000 | rows=[32] | cols=[5] | col_header=False | row_header=False | metadata=False
Cell G33 | value='97' | fill=00000000 | rows=[32] | cols=[6] | col_header=False | row_header=False | metadata=False
Cell H33 | value='34.0351' | fill=00000000 | rows=[32] | cols=[7] | col_header=False | row_header=False | metadata=False
Cell I33 | value='285' | fill=00000000 | rows=[32] | cols=[8] | col_header=False | row_header=False | metadata=False
Cell J33 | value='100' | fill=00000000 | rows=[32] | cols=[9] | col_header=False | row_header=False | metadata=False
Cell A34 | value='New Hampshire' | fill=None | rows=[33] | cols=[0] | col_header=False | row_header=False | metadata=False
Cell B34 | value='238' | fill=None | rows=[33] | cols=[1] | col_header=False | row_header=False | metadata=False
Cell C34 | value='93' | fill=None | rows=[33] | cols=[2] | col_header=False | row_header=False | metadata=False
Cell D34 | value='39.0756' | fill=None | rows=[33] | cols=[3] | col_header=False | row_header=False | metadata=False
Cell E34 | value='86' | fill=None | rows=[33] | cols=[4] | col_header=False | row_header=False | metadata=False
Cell F34 | value='36.1345' | fill=None | rows=[33] | cols=[5] | col_header=False | row_header=False | metadata=False
Cell G34 | value='83' | fill=None | rows=[33] | cols=[6] | col_header=False | row_header=False | metadata=False
Cell H34 | value='34.8739' | fill=None | rows=[33] | cols=[7] | col_header=False | row_header=False | metadata=False
Cell I34 | value='238' | fill=None | rows=[33] | cols=[8] | col_header=False | row_header=False | metadata=False
Cell J34 | value='100' | fill=None | rows=[33] | cols=[9] | col_header=False | row_header=False | metadata=False
Cell A35 | value='New Jersey' | fill=00000000 | rows=[34] | cols=[0] | col_header=False | row_header=False | metadata=False
Cell B35 | value='1247' | fill=00000000 | rows=[34] | cols=[1] | col_header=False | row_header=False | metadata=False
Cell C35 | value='481' | fill=00000000 | rows=[34] | cols=[2] | col_header=False | row_header=False | metadata=False
Cell D35 | value='38.5726' | fill=00000000 | rows=[34] | cols=[3] | col_header=False | row_header=False | metadata=False
Cell E35 | value='452' | fill=00000000 | rows=[34] | cols=[4] | col_header=False | row_header=False | metadata=False
Cell F35 | value='36.247' | fill=00000000 | rows=[34] | cols=[5] | col_header=False | row_header=False | metadata=False
Cell G35 | value='399' | fill=00000000 | rows=[34] | cols=[6] | col_header=False | row_header=False | metadata=False
Cell H35 | value='31.9968' | fill=00000000 | rows=[34] | cols=[7] | col_header=False | row_header=False | metadata=False
Cell I35 | value='1247' | fill=00000000 | rows=[34] | cols=[8] | col_header=False | row_header=False | metadata=False
Cell J35 | value='100' | fill=00000000 | rows=[34] | cols=[9] | col_header=False | row_header=False | metadata=False
Cell A36 | value='New Mexico' | fill=None | rows=[35] | cols=[0] | col_header=False | row_header=False | metadata=False
Cell B36 | value='420' | fill=None | rows=[35] | cols=[1] | col_header=False | row_header=False | metadata=False
Cell C36 | value='210' | fill=None | rows=[35] | cols=[2] | col_header=False | row_header=False | metadata=False
Cell D36 | value='50' | fill=None | rows=[35] | cols=[3] | col_header=False | row_header=False | metadata=False
Cell E36 | value='166' | fill=None | rows=[35] | cols=[4] | col_header=False | row_header=False | metadata=False
Cell F36 | value='39.5238' | fill=None | rows=[35] | cols=[5] | col_header=False | row_header=False | metadata=False
Cell G36 | value='115' | fill=None | rows=[35] | cols=[6] | col_header=False | row_header=False | metadata=False
Cell H36 | value='27.381' | fill=None | rows=[35] | cols=[7] | col_header=False | row_header=False | metadata=False
Cell I36 | value='420' | fill=None | rows=[35] | cols=[8] | col_header=False | row_header=False | metadata=False
Cell J36 | value='100' | fill=None | rows=[35] | cols=[9] | col_header=False | row_header=False | metadata=False
Cell A37 | value='New York' | fill=00000000 | rows=[36] | cols=[0] | col_header=False | row_header=False | metadata=False
Cell B37 | value='2600' | fill=00000000 | rows=[36] | cols=[1] | col_header=False | row_header=False | metadata=False
Cell C37 | value='1349' | fill=00000000 | rows=[36] | cols=[2] | col_header=False | row_header=False | metadata=False
Cell D37 | value='51.8846' | fill=00000000 | rows=[36] | cols=[3] | col_header=False | row_header=False | metadata=False
Cell E37 | value='1141' | fill=00000000 | rows=[36] | cols=[4] | col_header=False | row_header=False | metadata=False
Cell F37 | value='43.8846' | fill=00000000 | rows=[36] | cols=[5] | col_header=False | row_header=False | metadata=False
Cell G37 | value='937' | fill=00000000 | rows=[36] | cols=[6] | col_header=False | row_header=False | metadata=False
Cell H37 | value='36.0385' | fill=00000000 | rows=[36] | cols=[7] | col_header=False | row_header=False | metadata=False
Cell I37 | value='2600' | fill=00000000 | rows=[36] | cols=[8] | col_header=False | row_header=False | metadata=False
Cell J37 | value='100' | fill=00000000 | rows=[36] | cols=[9] | col_header=False | row_header=False | metadata=False
Cell A38 | value='North Carolina' | fill=None | rows=[37] | cols=[0] | col_header=False | row_header=False | metadata=False
Cell B38 | value='1264' | fill=None | rows=[37] | cols=[1] | col_header=False | row_header=False | metadata=False
Cell C38 | value='608' | fill=None | rows=[37] | cols=[2] | col_header=False | row_header=False | metadata=False
Cell D38 | value='48.1013' | fill=None | rows=[37] | cols=[3] | col_header=False | row_header=False | metadata=False
Cell E38 | value='506' | fill=None | rows=[37] | cols=[4] | col_header=False | row_header=False | metadata=False
Cell F38 | value='40.0316' | fill=None | rows=[37] | cols=[5] | col_header=False | row_header=False | metadata=False
Cell G38 | value='312' | fill=None | rows=[37] | cols=[6] | col_header=False | row_header=False | metadata=False
Cell H38 | value='24.6835' | fill=None | rows=[37] | cols=[7] | col_header=False | row_header=False | metadata=False
Cell I38 | value='1264' | fill=None | rows=[37] | cols=[8] | col_header=False | row_header=False | metadata=False
Cell J38 | value='100' | fill=None | rows=[37] | cols=[9] | col_header=False | row_header=False | metadata=False
Cell A39 | value='North Dakota' | fill=00000000 | rows=[38] | cols=[0] | col_header=False | row_header=False | metadata=False
Cell B39 | value='260' | fill=00000000 | rows=[38] | cols=[1] | col_header=False | row_header=False | metadata=False
Cell C39 | value='164' | fill=00000000 | rows=[38] | cols=[2] | col_header=False | row_header=False | metadata=False
Cell D39 | value='63.0769' | fill=00000000 | rows=[38] | cols=[3] | col_header=False | row_header=False | metadata=False
Cell E39 | value='135' | fill=00000000 | rows=[38] | cols=[4] | col_header=False | row_header=False | metadata=False
Cell F39 | value='51.9231' | fill=00000000 | rows=[38] | cols=[5] | col_header=False | row_header=False | metadata=False
Cell G39 | value='94' | fill=00000000 | rows=[38] | cols=[6] | col_header=False | row_header=False | metadata=False
Cell H39 | value='36.1538' | fill=00000000 | rows=[38] | cols=[7] | col_header=False | row_header=False | metadata=False
Cell I39 | value='260' | fill=00000000 | rows=[38] | cols=[8] | col_header=False | row_header=False | metadata=False
Cell J39 | value='100' | fill=00000000 | rows=[38] | cols=[9] | col_header=False | row_header=False | metadata=False
Cell A40 | value='Ohio' | fill=None | rows=[39] | cols=[0] | col_header=False | row_header=False | metadata=False
Cell B40 | value='1887' | fill=None | rows=[39] | cols=[1] | col_header=False | row_header=False | metadata=False
Cell C40 | value='933' | fill=None | rows=[39] | cols=[2] | col_header=False | row_header=False | metadata=False
Cell D40 | value='49.4436' | fill=None | rows=[39] | cols=[3] | col_header=False | row_header=False | metadata=False
Cell E40 | value='820' | fill=None | rows=[39] | cols=[4] | col_header=False | row_header=False | metadata=False
Cell F40 | value='43.4552' | fill=None | rows=[39] | cols=[5] | col_header=False | row_header=False | metadata=False
Cell G40 | value='741' | fill=None | rows=[39] | cols=[6] | col_header=False | row_header=False | metadata=False
Cell H40 | value='39.268680445151' | fill=None | rows=[39] | cols=[7] | col_header=False | row_header=False | metadata=False
Cell I40 | value='1887' | fill=None | rows=[39] | cols=[8] | col_header=False | row_header=False | metadata=False
Cell J40 | value='100' | fill=None | rows=[39] | cols=[9] | col_header=False | row_header=False | metadata=False
Cell A41 | value='Oklahoma' | fill=00000000 | rows=[40] | cols=[0] | col_header=False | row_header=False | metadata=False
Cell B41 | value='1090' | fill=00000000 | rows=[40] | cols=[1] | col_header=False | row_header=False | metadata=False
Cell C41 | value='493' | fill=00000000 | rows=[40] | cols=[2] | col_header=False | row_header=False | metadata=False
Cell D41 | value='45.2294' | fill=00000000 | rows=[40] | cols=[3] | col_header=False | row_header=False | metadata=False
Cell E41 | value='387' | fill=00000000 | rows=[40] | cols=[4] | col_header=False | row_header=False | metadata=False
Cell F41 | value='35.5046' | fill=00000000 | rows=[40] | cols=[5] | col_header=False | row_header=False | metadata=False
Cell G41 | value='172' | fill=00000000 | rows=[40] | cols=[6] | col_header=False | row_header=False | metadata=False
Cell H41 | value='15.7798' | fill=00000000 | rows=[40] | cols=[7] | col_header=False | row_header=False | metadata=False
Cell I41 | value='1090' | fill=00000000 | rows=[40] | cols=[8] | col_header=False | row_header=False | metadata=False
Cell J41 | value='100' | fill=00000000 | rows=[40] | cols=[9] | col_header=False | row_header=False | metadata=False
Cell A42 | value='Oregon' | fill=None | rows=[41] | cols=[0] | col_header=False | row_header=False | metadata=False
Cell B42 | value='678' | fill=None | rows=[41] | cols=[1] | col_header=False | row_header=False | metadata=False
Cell C42 | value='293' | fill=None | rows=[41] | cols=[2] | col_header=False | row_header=False | metadata=False
Cell D42 | value='43.2153' | fill=None | rows=[41] | cols=[3] | col_header=False | row_header=False | metadata=False
Cell E42 | value='233' | fill=None | rows=[41] | cols=[4] | col_header=False | row_header=False | metadata=False
Cell F42 | value='34.3658' | fill=None | rows=[41] | cols=[5] | col_header=False | row_header=False | metadata=False
Cell G42 | value='185' | fill=None | rows=[41] | cols=[6] | col_header=False | row_header=False | metadata=False
Cell H42 | value='27.2861' | fill=None | rows=[41] | cols=[7] | col_header=False | row_header=False | metadata=False
Cell I42 | value='678' | fill=None | rows=[41] | cols=[8] | col_header=False | row_header=False | metadata=False
Cell J42 | value='100' | fill=None | rows=[41] | cols=[9] | col_header=False | row_header=False | metadata=False
Cell A43 | value='Pennsylvania' | fill=00000000 | rows=[42] | cols=[0] | col_header=False | row_header=False | metadata=False
Cell B43 | value='1452' | fill=00000000 | rows=[42] | cols=[1] | col_header=False | row_header=False | metadata=False
Cell C43 | value='711' | fill=00000000 | rows=[42] | cols=[2] | col_header=False | row_header=False | metadata=False
Cell D43 | value='48.9669' | fill=00000000 | rows=[42] | cols=[3] | col_header=False | row_header=False | metadata=False
Cell E43 | value='675' | fill=00000000 | rows=[42] | cols=[4] | col_header=False | row_header=False | metadata=False
Cell F43 | value='46.4876' | fill=00000000 | rows=[42] | cols=[5] | col_header=False | row_header=False | metadata=False
Cell G43 | value='614' | fill=00000000 | rows=[42] | cols=[6] | col_header=False | row_header=False | metadata=False
Cell H43 | value='42.2865' | fill=00000000 | rows=[42] | cols=[7] | col_header=False | row_header=False | metadata=False
Cell I43 | value='1452' | fill=00000000 | rows=[42] | cols=[8] | col_header=False | row_header=False | metadata=False
Cell J43 | value='100' | fill=00000000 | rows=[42] | cols=[9] | col_header=False | row_header=False | metadata=False
Cell A44 | value='Rhode Island' | fill=None | rows=[43] | cols=[0] | col_header=False | row_header=False | metadata=False
Cell B44 | value='129' | fill=None | rows=[43] | cols=[1] | col_header=False | row_header=False | metadata=False
Cell C44 | value='56' | fill=None | rows=[43] | cols=[2] | col_header=False | row_header=False | metadata=False
Cell D44 | value='43.4109' | fill=None | rows=[43] | cols=[3] | col_header=False | row_header=False | metadata=False
Cell E44 | value='54' | fill=None | rows=[43] | cols=[4] | col_header=False | row_header=False | metadata=False
Cell F44 | value='41.8605' | fill=None | rows=[43] | cols=[5] | col_header=False | row_header=False | metadata=False
Cell G44 | value='50' | fill=None | rows=[43] | cols=[6] | col_header=False | row_header=False | metadata=False
Cell H44 | value='38.7597' | fill=None | rows=[43] | cols=[7] | col_header=False | row_header=False | metadata=False
Cell I44 | value='129' | fill=None | rows=[43] | cols=[8] | col_header=False | row_header=False | metadata=False
Cell J44 | value='100' | fill=None | rows=[43] | cols=[9] | col_header=False | row_header=False | metadata=False
Cell A45 | value='South Carolina' | fill=00000000 | rows=[44] | cols=[0] | col_header=False | row_header=False | metadata=False
Cell B45 | value='570' | fill=00000000 | rows=[44] | cols=[1] | col_header=False | row_header=False | metadata=False
Cell C45 | value='251' | fill=00000000 | rows=[44] | cols=[2] | col_header=False | row_header=False | metadata=False
Cell D45 | value='44.0351' | fill=00000000 | rows=[44] | cols=[3] | col_header=False | row_header=False | metadata=False
Cell E45 | value='237' | fill=00000000 | rows=[44] | cols=[4] | col_header=False | row_header=False | metadata=False
Cell F45 | value='41.5789' | fill=00000000 | rows=[44] | cols=[5] | col_header=False | row_header=False | metadata=False
Cell G45 | value='188' | fill=00000000 | rows=[44] | cols=[6] | col_header=False | row_header=False | metadata=False
Cell H45 | value='32.9825' | fill=00000000 | rows=[44] | cols=[7] | col_header=False | row_header=False | metadata=False
Cell I45 | value='570' | fill=00000000 | rows=[44] | cols=[8] | col_header=False | row_header=False | metadata=False
Cell J45 | value='100' | fill=00000000 | rows=[44] | cols=[9] | col_header=False | row_header=False | metadata=False
Cell A46 | value='South Dakota' | fill=None | rows=[45] | cols=[0] | col_header=False | row_header=False | metadata=False
Cell B46 | value='444' | fill=None | rows=[45] | cols=[1] | col_header=False | row_header=False | metadata=False
Cell C46 | value='173' | fill=None | rows=[45] | cols=[2] | col_header=False | row_header=False | metadata=False
Cell D46 | value='38.963963963964' | fill=None | rows=[45] | cols=[3] | col_header=False | row_header=False | metadata=False
Cell E46 | value='155' | fill=None | rows=[45] | cols=[4] | col_header=False | row_header=False | metadata=False
Cell F46 | value='34.9099' | fill=None | rows=[45] | cols=[5] | col_header=False | row_header=False | metadata=False
Cell G46 | value='108' | fill=None | rows=[45] | cols=[6] | col_header=False | row_header=False | metadata=False
Cell H46 | value='24.3243' | fill=None | rows=[45] | cols=[7] | col_header=False | row_header=False | metadata=False
Cell I46 | value='444' | fill=None | rows=[45] | cols=[8] | col_header=False | row_header=False | metadata=False
Cell J46 | value='100' | fill=None | rows=[45] | cols=[9] | col_header=False | row_header=False | metadata=False
Cell A47 | value='Tennessee' | fill=00000000 | rows=[46] | cols=[0] | col_header=False | row_header=False | metadata=False
Cell B47 | value='940' | fill=00000000 | rows=[46] | cols=[1] | col_header=False | row_header=False | metadata=False
Cell C47 | value='381' | fill=00000000 | rows=[46] | cols=[2] | col_header=False | row_header=False | metadata=False
Cell D47 | value='40.531914893617' | fill=00000000 | rows=[46] | cols=[3] | col_header=False | row_header=False | metadata=False
Cell E47 | value='374' | fill=00000000 | rows=[46] | cols=[4] | col_header=False | row_header=False | metadata=False
Cell F47 | value='39.7872' | fill=00000000 | rows=[46] | cols=[5] | col_header=False | row_header=False | metadata=False
Cell G47 | value='253' | fill=00000000 | rows=[46] | cols=[6] | col_header=False | row_header=False | metadata=False
Cell H47 | value='26.9149' | fill=00000000 | rows=[46] | cols=[7] | col_header=False | row_header=False | metadata=False
Cell I47 | value='940' | fill=00000000 | rows=[46] | cols=[8] | col_header=False | row_header=False | metadata=False
Cell J47 | value='100' | fill=00000000 | rows=[46] | cols=[9] | col_header=False | row_header=False | metadata=False
Cell A48 | value='Texas' | fill=None | rows=[47] | cols=[0] | col_header=False | row_header=False | metadata=False
Cell B48 | value='3882' | fill=None | rows=[47] | cols=[1] | col_header=False | row_header=False | metadata=False
Cell C48 | value='2012' | fill=None | rows=[47] | cols=[2] | col_header=False | row_header=False | metadata=False
Cell D48 | value='51.829' | fill=None | rows=[47] | cols=[3] | col_header=False | row_header=False | metadata=False
Cell E48 | value='1902' | fill=None | rows=[47] | cols=[4] | col_header=False | row_header=False | metadata=False
Cell F48 | value='48.9954' | fill=None | rows=[47] | cols=[5] | col_header=False | row_header=False | metadata=False
Cell G48 | value='1835' | fill=None | rows=[47] | cols=[6] | col_header=False | row_header=False | metadata=False
Cell H48 | value='47.2694' | fill=None | rows=[47] | cols=[7] | col_header=False | row_header=False | metadata=False
Cell I48 | value='3882' | fill=None | rows=[47] | cols=[8] | col_header=False | row_header=False | metadata=False
Cell J48 | value='100' | fill=None | rows=[47] | cols=[9] | col_header=False | row_header=False | metadata=False
Cell A49 | value='Utah' | fill=00000000 | rows=[48] | cols=[0] | col_header=False | row_header=False | metadata=False
Cell B49 | value='418' | fill=00000000 | rows=[48] | cols=[1] | col_header=False | row_header=False | metadata=False
Cell C49 | value='256' | fill=00000000 | rows=[48] | cols=[2] | col_header=False | row_header=False | metadata=False
Cell D49 | value='61.244019138756' | fill=00000000 | rows=[48] | cols=[3] | col_header=False | row_header=False | metadata=False
Cell E49 | value='147' | fill=00000000 | rows=[48] | cols=[4] | col_header=False | row_header=False | metadata=False
Cell F49 | value='35.1675' | fill=00000000 | rows=[48] | cols=[5] | col_header=False | row_header=False | metadata=False
Cell G49 | value='157' | fill=00000000 | rows=[48] | cols=[6] | col_header=False | row_header=False | metadata=False
Cell H49 | value='37.5598' | fill=00000000 | rows=[48] | cols=[7] | col_header=False | row_header=False | metadata=False
Cell I49 | value='418' | fill=00000000 | rows=[48] | cols=[8] | col_header=False | row_header=False | metadata=False
Cell J49 | value='100' | fill=00000000 | rows=[48] | cols=[9] | col_header=False | row_header=False | metadata=False
Cell A50 | value='Vermont' | fill=None | rows=[49] | cols=[0] | col_header=False | row_header=False | metadata=False
Cell B50 | value='155' | fill=None | rows=[49] | cols=[1] | col_header=False | row_header=False | metadata=False
Cell C50 | value='61' | fill=None | rows=[49] | cols=[2] | col_header=False | row_header=False | metadata=False
Cell D50 | value='39.3548' | fill=None | rows=[49] | cols=[3] | col_header=False | row_header=False | metadata=False
Cell E50 | value='59' | fill=None | rows=[49] | cols=[4] | col_header=False | row_header=False | metadata=False
Cell F50 | value='38.0645' | fill=None | rows=[49] | cols=[5] | col_header=False | row_header=False | metadata=False
Cell G50 | value='57' | fill=None | rows=[49] | cols=[6] | col_header=False | row_header=False | metadata=False
Cell H50 | value='36.7742' | fill=None | rows=[49] | cols=[7] | col_header=False | row_header=False | metadata=False
Cell I50 | value='155' | fill=None | rows=[49] | cols=[8] | col_header=False | row_header=False | metadata=False
Cell J50 | value='100' | fill=None | rows=[49] | cols=[9] | col_header=False | row_header=False | metadata=False
Cell A51 | value='Virginia' | fill=00000000 | rows=[50] | cols=[0] | col_header=False | row_header=False | metadata=False
Cell B51 | value='821' | fill=00000000 | rows=[50] | cols=[1] | col_header=False | row_header=False | metadata=False
Cell C51 | value='403' | fill=00000000 | rows=[50] | cols=[2] | col_header=False | row_header=False | metadata=False
Cell D51 | value='49.0865' | fill=00000000 | rows=[50] | cols=[3] | col_header=False | row_header=False | metadata=False
Cell E51 | value='342' | fill=00000000 | rows=[50] | cols=[4] | col_header=False | row_header=False | metadata=False
Cell F51 | value='41.6565' | fill=00000000 | rows=[50] | cols=[5] | col_header=False | row_header=False | metadata=False
Cell G51 | value='308' | fill=00000000 | rows=[50] | cols=[6] | col_header=False | row_header=False | metadata=False
Cell H51 | value='37.5152' | fill=00000000 | rows=[50] | cols=[7] | col_header=False | row_header=False | metadata=False
Cell I51 | value='821' | fill=00000000 | rows=[50] | cols=[8] | col_header=False | row_header=False | metadata=False
Cell J51 | value='100' | fill=00000000 | rows=[50] | cols=[9] | col_header=False | row_header=False | metadata=False
Cell A52 | value='Washington' | fill=None | rows=[51] | cols=[0] | col_header=False | row_header=False | metadata=False
Cell B52 | value='1109' | fill=None | rows=[51] | cols=[1] | col_header=False | row_header=False | metadata=False
Cell C52 | value='506' | fill=None | rows=[51] | cols=[2] | col_header=False | row_header=False | metadata=False
Cell D52 | value='45.6267' | fill=None | rows=[51] | cols=[3] | col_header=False | row_header=False | metadata=False
Cell E52 | value='359' | fill=None | rows=[51] | cols=[4] | col_header=False | row_header=False | metadata=False
Cell F52 | value='32.3715' | fill=None | rows=[51] | cols=[5] | col_header=False | row_header=False | metadata=False
Cell G52 | value='303' | fill=None | rows=[51] | cols=[6] | col_header=False | row_header=False | metadata=False
Cell H52 | value='27.321911632101' | fill=None | rows=[51] | cols=[7] | col_header=False | row_header=False | metadata=False
Cell I52 | value='1109' | fill=None | rows=[51] | cols=[8] | col_header=False | row_header=False | metadata=False
Cell J52 | value='100' | fill=None | rows=[51] | cols=[9] | col_header=False | row_header=False | metadata=False
Cell A53 | value='West Virginia' | fill=00000000 | rows=[52] | cols=[0] | col_header=False | row_header=False | metadata=False
Cell B53 | value='305' | fill=00000000 | rows=[52] | cols=[1] | col_header=False | row_header=False | metadata=False
Cell C53 | value='144' | fill=00000000 | rows=[52] | cols=[2] | col_header=False | row_header=False | metadata=False
Cell D53 | value='47.2131' | fill=00000000 | rows=[52] | cols=[3] | col_header=False | row_header=False | metadata=False
Cell E53 | value='122' | fill=00000000 | rows=[52] | cols=[4] | col_header=False | row_header=False | metadata=False
Cell F53 | value='40' | fill=00000000 | rows=[52] | cols=[5] | col_header=False | row_header=False | metadata=False
Cell G53 | value='104' | fill=00000000 | rows=[52] | cols=[6] | col_header=False | row_header=False | metadata=False
Cell H53 | value='34.0984' | fill=00000000 | rows=[52] | cols=[7] | col_header=False | row_header=False | metadata=False
Cell I53 | value='305' | fill=00000000 | rows=[52] | cols=[8] | col_header=False | row_header=False | metadata=False
Cell J53 | value='100' | fill=00000000 | rows=[52] | cols=[9] | col_header=False | row_header=False | metadata=False
Cell A54 | value='Wisconsin' | fill=None | rows=[53] | cols=[0] | col_header=False | row_header=False | metadata=False
Cell B54 | value='1120' | fill=None | rows=[53] | cols=[1] | col_header=False | row_header=False | metadata=False
Cell C54 | value='530' | fill=None | rows=[53] | cols=[2] | col_header=False | row_header=False | metadata=False
Cell D54 | value='47.3214' | fill=None | rows=[53] | cols=[3] | col_header=False | row_header=False | metadata=False
Cell E54 | value='477' | fill=None | rows=[53] | cols=[4] | col_header=False | row_header=False | metadata=False
Cell F54 | value='42.5893' | fill=None | rows=[53] | cols=[5] | col_header=False | row_header=False | metadata=False
Cell G54 | value='438' | fill=None | rows=[53] | cols=[6] | col_header=False | row_header=False | metadata=False
Cell H54 | value='39.1071' | fill=None | rows=[53] | cols=[7] | col_header=False | row_header=False | metadata=False
Cell I54 | value='1120' | fill=None | rows=[53] | cols=[8] | col_header=False | row_header=False | metadata=False
Cell J54 | value='100' | fill=None | rows=[53] | cols=[9] | col_header=False | row_header=False | metadata=False
Cell A55 | value='Wyoming' | fill=00000000 | rows=[54] | cols=[0] | col_header=False | row_header=False | metadata=False
Cell B55 | value='165' | fill=00000000 | rows=[54] | cols=[1] | col_header=False | row_header=False | metadata=False
Cell C55 | value='98' | fill=00000000 | rows=[54] | cols=[2] | col_header=False | row_header=False | metadata=False
Cell D55 | value='59.3939' | fill=00000000 | rows=[54] | cols=[3] | col_header=False | row_header=False | metadata=False
Cell E55 | value='72' | fill=00000000 | rows=[54] | cols=[4] | col_header=False | row_header=False | metadata=False
Cell F55 | value='43.6364' | fill=00000000 | rows=[54] | cols=[5] | col_header=False | row_header=False | metadata=False
Cell G55 | value='58' | fill=00000000 | rows=[54] | cols=[6] | col_header=False | row_header=False | metadata=False
Cell H55 | value='35.1515' | fill=00000000 | rows=[54] | cols=[7] | col_header=False | row_header=False | metadata=False
Cell I55 | value='165' | fill=00000000 | rows=[54] | cols=[8] | col_header=False | row_header=False | metadata=False
Cell J55 | value='100' | fill=00000000 | rows=[54] | cols=[9] | col_header=False | row_header=False | metadata=False
Cell A56 | value='NOTE: Table reads (for US Totals):  Of all 47,796 public schools with any grade 9-12 (or ungraded), 22,597 (47.3%) offered biology classes.' | fill=FF00B0F0 | rows=[55] | cols=[0] | col_header=False | row_header=False | metadata=True
Cell A57 | value='Data reported in this table represent 100.0% of responding schools.' | fill=FF00B0F0 | rows=[56] | cols=[0, 1, 2, 3, 4, 5, 6, 7, 8, 9, 10, 11, 12, 13, 14, 15, 16, 17, 18, 19, 20, 21] | col_header=False | row_header=False | metadata=True
Cell A58 | value='SOURCE: U.S. Department of Education, Office for Civil Rights, Civil Rights Data Collection, 2015-16, available at http://ocrdata.ed.gov. Data notes are available at https://ocrdata.ed.gov/Downloads/Data-Notes-2015-16-CRDC.pdf' | fill=FF00B0F0 | rows=[57] | cols=[0, 1, 2, 3, 4, 5, 6, 7, 8, 9, 10, 11, 12, 13, 14, 15, 16, 17, 18, 19, 20, 21] | col_header=False | row_header=False | metadata=True

