=== education-table12.xlsx ===
Cell A1 | value='Skills for Life Participation and Achievement by Level, Age and Provider Type (2011/12)' | fill=FF00B0F0 | rows=[0] | cols=[0] | col_header=True | row_header=True | metadata=True
Cell B3 | value='Participation' | fill=00000000 | rows=[2] | cols=[1, 2, 3, 4, 5, 6, 7] | col_header=False | row_header=False | metadata=False
Cell I3 | value='Achievement' | fill=00000000 | rows=[2] | cols=[8, 9, 10, 11, 12, 13, 14] | col_header=False | row_header=False | metadata=False
Cell A4 | value='All Ages' | fill=FFFFFF00 | rows=[3] | cols=[0] | col_header=True | row_header=False | metadata=False
Cell B4 | value='General FE College incl Tertiary' | fill=00000000 | rows=[3] | cols=[1] | col_header=False | row_header=False | metadata=False
Cell C4 | value='Sixth form college' | fill=00000000 | rows=[3] | cols=[2] | col_header=False | row_header=False | metadata=False
Cell D4 | value='Special colleges' | fill=00000000 | rows=[3] | cols=[3] | col_header=False | row_header=False | metadata=False
Cell E4 | value='Other Public Funded' | fill=00000000 | rows=[3] | cols=[4] | col_header=False | row_header=False | metadata=False
Cell F4 | value='Schools' | fill=00000000 | rows=[3] | cols=[5] | col_header=False | row_header=False | metadata=False
Cell G4 | value='Private Sector Public Funded' | fill=00000000 | rows=[3] | cols=[6] | col_header=False | row_header=False | metadata=False
Cell H4 | value='Total' | fill=00000000 | rows=[3] | cols=[7] | col_header=False | row_header=False | metadata=False
Cell I4 | value='General FE College incl Tertiary' | fill=00000000 | rows=[3] | cols=[8] | col_header=False | row_header=False | metadata=False
Cell J4 | value='Sixth form college' | fill=00000000 | rows=[3] | cols=[9] | col_header=False | row_header=False | metadata=False
Cell K4 | value='Special colleges' | fill=00000000 | rows=[3] | cols=[10] | col_header=False | row_header=False | metadata=False
Cell L4 | value='Other Public Funded' | fill=00000000 | rows=[3] | cols=[11] | col_header=False | row_header=False | metadata=False
Cell M4 | value='Schools' | fill=00000000 | rows=[3] | cols=[12] | col_header=False | row_header=False | metadata=False
Cell N4 | value='Private Sector Public Funded' | fill=00000000 | rows=[3] | cols=[13] | col_header=False | row_header=False | metadata=False
Cell O4 | value='Total' | fill=00000000 | rows=[3] | cols=[14] | col_header=False | row_header=False | metadata=False
Cell A5 | value='of which EnglishR' | fill=00000000 | rows=[4] | cols=[0] | col_header=False | row_header=False | metadata=False
Cell B5 | value='521060' | fill=00000000 | rows=[4] | cols=[1] | col_header=False | row_header=False | metadata=False
Cell C5 | value='17470' | fill=00000000 | rows=[4] | cols=[2] | col_header=False | row_header=False | metadata=False
Cell D5 | value='17090' | fill=00000000 | rows=[4] | cols=[3] | col_header=False | row_header=False | metadata=False
Cell E5 | value='92850' | fill=00000000 | rows=[4] | cols=[4] | col_header=False | row_header=False | metadata=False
Cell F5 | value='460' | fill=00000000 | rows=[4] | cols=[5] | col_header=False | row_header=False | metadata=False
Cell G5 | value='470830' | fill=00000000 | rows=[4] | cols=[6] | col_header=False | row_header=False | metadata=False
Cell H5 | value='1119800' | fill=00000000 | rows=[4] | cols=[7] | col_header=False | row_header=False | metadata=False
Cell I5 | value='293890' | fill=00000000 | rows=[4] | cols=[8] | col_header=False | row_header=False | metadata=False
Cell J5 | value='12580' | fill=00000000 | rows=[4] | cols=[9] | col_header=False | row_header=False | metadata=False
Cell K5 | value='10630' | fill=00000000 | rows=[4] | cols=[10] | col_header=False | row_header=False | metadata=False
Cell L5 | value='66130' | fill=00000000 | rows=[4] | cols=[11] | col_header=False | row_header=False | metadata=False
Cell M5 | value='340' | fill=00000000 | rows=[4] | cols=[12] | col_header=False | row_header=False | metadata=False
Cell N5 | value='192140' | fill=00000000 | rows=[4] | cols=[13] | col_header=False | row_header=False | metadata=False
Cell O5 | value='575700' | fill=00000000 | rows=[4] | cols=[14] | col_header=False | row_header=False | metadata=False
Cell A6 | value='of which mathsR' | fill=9 | rows=[5] | cols=[0] | col_header=False | row_header=False | metadata=False
Cell B6 | value='497690' | fill=00000000 | rows=[5] | cols=[1] | col_header=False | row_header=False | metadata=False
Cell C6 | value='20720' | fill=00000000 | rows=[5] | cols=[2] | col_header=False | row_header=False | metadata=False
Cell D6 | value='15590' | fill=00000000 | rows=[5] | cols=[3] | col_header=False | row_header=False | metadata=False
Cell E6 | value='77510' | fill=00000000 | rows=[5] | cols=[4] | col_header=False | row_header=False | metadata=False
Cell F6 | value='560' | fill=00000000 | rows=[5] | cols=[5] | col_header=False | row_header=False | metadata=False
Cell G6 | value='489590' | fill=00000000 | rows=[5] | cols=[6] | col_header=False | row_header=False | metadata=False
Cell H6 | value='1101700' | fill=00000000 | rows=[5] | cols=[7] | col_header=False | row_header=False | metadata=False
Cell I6 | value='292820' | fill=00000000 | rows=[5] | cols=[8] | col_header=False | row_header=False | metadata=False
Cell J6 | value='15060' | fill=00000000 | rows=[5] | cols=[9] | col_header=False | row_header=False | metadata=False
Cell K6 | value='10060' | fill=00000000 | rows=[5] | cols=[10] | col_header=False | row_header=False | metadata=False
Cell L6 | value='53690' | fill=00000000 | rows=[5] | cols=[11] | col_header=False | row_header=False | metadata=False
Cell M6 | value='370' | fill=00000000 | rows=[5] | cols=[12] | col_header=False | row_header=False | metadata=False
Cell N6 | value='206840' | fill=00000000 | rows=[5] | cols=[13] | col_header=False | row_header=False | metadata=False
Cell O6 | value='578800' | fill=00000000 | rows=[5] | cols=[14] | col_header=False | row_header=False | metadata=False
Cell A7 | value='of which ESOL (English for Speakers of Other Languages)R' | fill=00000000 | rows=[6] | cols=[0] | col_header=False | row_header=False | metadata=False
Cell B7 | value='101400' | fill=00000000 | rows=[6] | cols=[1] | col_header=False | row_header=False | metadata=False
Cell C7 | value='2270' | fill=00000000 | rows=[6] | cols=[2] | col_header=False | row_header=False | metadata=False
Cell D7 | value='6210' | fill=00000000 | rows=[6] | cols=[3] | col_header=False | row_header=False | metadata=False
Cell E7 | value='38790' | fill=00000000 | rows=[6] | cols=[4] | col_header=False | row_header=False | metadata=False
Cell F7 | value='60' | fill=00000000 | rows=[6] | cols=[5] | col_header=False | row_header=False | metadata=False
Cell G7 | value='2220' | fill=00000000 | rows=[6] | cols=[6] | col_header=False | row_header=False | metadata=False
Cell H7 | value='150900' | fill=00000000 | rows=[6] | cols=[7] | col_header=False | row_header=False | metadata=False
Cell I7 | value='79540' | fill=00000000 | rows=[6] | cols=[8] | col_header=False | row_header=False | metadata=False
Cell J7 | value='1590' | fill=00000000 | rows=[6] | cols=[9] | col_header=False | row_header=False | metadata=False
Cell K7 | value='5240' | fill=00000000 | rows=[6] | cols=[10] | col_header=False | row_header=False | metadata=False
Cell L7 | value='31490' | fill=00000000 | rows=[6] | cols=[11] | col_header=False | row_header=False | metadata=False
Cell M7 | value='50' | fill=00000000 | rows=[6] | cols=[12] | col_header=False | row_header=False | metadata=False
Cell N7 | value='1290' | fill=00000000 | rows=[6] | cols=[13] | col_header=False | row_header=False | metadata=False
Cell O7 | value='119200' | fill=00000000 | rows=[6] | cols=[14] | col_header=False | row_header=False | metadata=False
Cell A8 | value='Total Learners' | fill=FF00B050 | rows=[7] | cols=[0] | col_header=False | row_header=True | metadata=False
Cell B8 | value='770980' | fill=00000000 | rows=[7] | cols=[1] | col_header=False | row_header=False | metadata=False
Cell C8 | value='30720' | fill=00000000 | rows=[7] | cols=[2] | col_header=False | row_header=False | metadata=False
Cell D8 | value='28780' | fill=00000000 | rows=[7] | cols=[3] | col_header=False | row_header=False | metadata=False
Cell E8 | value='161690' | fill=00000000 | rows=[7] | cols=[4] | col_header=False | row_header=False | metadata=False
Cell F8 | value='800' | fill=00000000 | rows=[7] | cols=[5] | col_header=False | row_header=False | metadata=False
Cell G8 | value='545370' | fill=00000000 | rows=[7] | cols=[6] | col_header=False | row_header=False | metadata=False
Cell H8 | value='1538300' | fill=00000000 | rows=[7] | cols=[7] | col_header=False | row_header=False | metadata=False
Cell I8 | value='506050' | fill=00000000 | rows=[7] | cols=[8] | col_header=False | row_header=False | metadata=False
Cell J8 | value='23790' | fill=00000000 | rows=[7] | cols=[9] | col_header=False | row_header=False | metadata=False
Cell K8 | value='20780' | fill=00000000 | rows=[7] | cols=[10] | col_header=False | row_header=False | metadata=False
Cell L8 | value='123660' | fill=00000000 | rows=[7] | cols=[11] | col_header=False | row_header=False | metadata=False
Cell M8 | value='610' | fill=00000000 | rows=[7] | cols=[12] | col_header=False | row_header=False | metadata=False
Cell N8 | value='246850' | fill=00000000 | rows=[7] | cols=[13] | col_header=False | row_header=False | metadata=False
Cell O8 | value='921700' | fill=00000000 | rows=[7] | cols=[14] | col_header=False | row_header=False | metadata=False
Cell A10 | value='Total Learners' | fill=FF00B050 | rows=[9] | cols=[0] | col_header=False | row_header=True | metadata=False
Cell B10 | value='318190' | fill=9 | rows=[9] | cols=[1] | col_header=False | row_header=False | metadata=False
Cell C10 | value='5130' | fill=9 | rows=[9] | cols=[2] | col_header=False | row_header=False | metadata=False
Cell D10 | value='13510' | fill=9 | rows=[9] | cols=[3] | col_header=False | row_header=False | metadata=False
Cell E10 | value='120370' | fill=9 | rows=[9] | cols=[4] | col_header=False | row_header=False | metadata=False
Cell F10 | value='590' | fill=9 | rows=[9] | cols=[5] | col_header=False | row_header=False | metadata=False
Cell G10 | value='307000' | fill=9 | rows=[9] | cols=[6] | col_header=False | row_header=False | metadata=False
Cell H10 | value='764800' | fill=9 | rows=[9] | cols=[7] | col_header=False | row_header=False | metadata=False
Cell I10 | value='206520' | fill=9 | rows=[9] | cols=[8] | col_header=False | row_header=False | metadata=False
Cell J10 | value='3600' | fill=9 | rows=[9] | cols=[9] | col_header=False | row_header=False | metadata=False
Cell K10 | value='10280' | fill=9 | rows=[9] | cols=[10] | col_header=False | row_header=False | metadata=False
Cell L10 | value='95090' | fill=9 | rows=[9] | cols=[11] | col_header=False | row_header=False | metadata=False
Cell M10 | value='460' | fill=9 | rows=[9] | cols=[12] | col_header=False | row_header=False | metadata=False
Cell N10 | value='140920' | fill=9 | rows=[9] | cols=[13] | col_header=False | row_header=False | metadata=False
Cell O10 | value='456900' | fill=9 | rows=[9] | cols=[14] | col_header=False | row_header=False | metadata=False
Cell A11 | value='Notes' | fill=FF00B0F0 | rows=[10] | cols=[0] | col_header=False | row_header=False | metadata=True
Cell A12 | value='1) For further information on these tables please see the accompanying notes page.' | fill=FF00B0F0 | rows=[11] | cols=[0, 1, 2, 3, 4, 5, 6, 7, 8, 9, 10, 11, 12, 13, 14] | col_header=False | row_header=False | metadata=True

