=== education-table04.xlsx ===
Cell A1 | value='All Ages FE and Skills – Skills for Life Participation and Achievement by Level (2007/08 to 2011/12)' | fill=FF00B0F0 | rows=[0] | cols=[0] | col_header=True | row_header=True | metadata=True
Cell C3 | value='Funded Learners' | fill=FFFFFF00 | rows=[2] | cols=[2, 3, 4, 5, 6, 7, 8, 9] | col_header=True | row_header=False | metadata=False
Cell A4 | value='Measure' | fill=FFFFFF00 | rows=[3, 4] | cols=[0] | col_header=True | row_header=False | metadata=False
Cell B4 | value='Level' | fill=FFFFFF00 | rows=[3, 4] | cols=[1] | col_header=True | row_header=False | metadata=False
Cell C4 | value='2007/08' | fill=9 | rows=[3] | cols=[2] | col_header=False | row_header=False | metadata=False
Cell D4 | value='2008/09' | fill=9 | rows=[3] | cols=[3] | col_header=False | row_header=False | metadata=False
Cell E4 | value='2009/10' | fill=9 | rows=[3] | cols=[4, 5] | col_header=False | row_header=False | metadata=False
Cell G4 | value='2010/11' | fill=9 | rows=[3] | cols=[6, 7] | col_header=False | row_header=False | metadata=False
Cell I4 | value='2011/12' | fill=9 | rows=[3] | cols=[8, 9] | col_header=False | row_header=False | metadata=False
Cell C5 | value='Full Year' | fill=FFFFFF00 | rows=[4] | cols=[2] | col_header=True | row_header=False | metadata=False
Cell D5 | value='Full Year' | fill=FFFFFF00 | rows=[4] | cols=[3] | col_header=True | row_header=False | metadata=False
Cell E5 | value='Full Year' | fill=FFFFFF00 | rows=[4] | cols=[4] | col_header=True | row_header=False | metadata=False
Cell F5 | value='% change 08/09 to 09/10' | fill=FFFFFF00 | rows=[4] | cols=[5] | col_header=True | row_header=False | metadata=False
Cell G5 | value='Full Year' | fill=FFFFFF00 | rows=[4] | cols=[6] | col_header=True | row_header=False | metadata=False
Cell H5 | value='% change 09/10 to 10/11' | fill=FFFFFF00 | rows=[4] | cols=[7] | col_header=True | row_header=False | metadata=False
Cell I5 | value='Full Year' | fill=FFFFFF00 | rows=[4] | cols=[8] | col_header=True | row_header=False | metadata=False
Cell J5 | value='% change 10/11 to 11/12' | fill=FFFFFF00 | rows=[4] | cols=[9] | col_header=True | row_header=False | metadata=False
Cell A6 | value='Participation' | fill=9 | rows=[5, 6, 7, 8, 9, 10, 11, 12, 13, 14, 15, 16, 17] | cols=[0] | col_header=False | row_header=False | metadata=False
Cell B6 | value='Total Learners' | fill=FF00B050 | rows=[5] | cols=[1] | col_header=False | row_header=True | metadata=False
Cell C6 | value='1312100' | fill=00000000 | rows=[5] | cols=[2] | col_header=False | row_header=False | metadata=False
Cell D6 | value='1449800' | fill=00000000 | rows=[5] | cols=[3] | col_header=False | row_header=False | metadata=False
Cell E6 | value='1430600' | fill=00000000 | rows=[5] | cols=[4] | col_header=False | row_header=False | metadata=False
Cell F6 | value='-0.013' | fill=00000000 | rows=[5] | cols=[5] | col_header=False | row_header=False | metadata=False
Cell G6 | value='1471300' | fill=00000000 | rows=[5] | cols=[6] | col_header=False | row_header=False | metadata=False
Cell H6 | value='0.028' | fill=00000000 | rows=[5] | cols=[7] | col_header=False | row_header=False | metadata=False
Cell I6 | value='1538300' | fill=00000000 | rows=[5] | cols=[8] | col_header=False | row_header=False | metadata=False
Cell J6 | value='0.046' | fill=00000000 | rows=[5] | cols=[9] | col_header=False | row_header=False | metadata=False
Cell B7 | value='of which English' | fill=9 | rows=[6] | cols=[1] | col_header=False | row_header=False | metadata=False
Cell C7 | value='860200' | fill=9 | rows=[6] | cols=[2] | col_header=False | row_header=False | metadata=False
Cell D7 | value='965200' | fill=9 | rows=[6] | cols=[3] | col_header=False | row_header=False | metadata=False
Cell E7 | value='951100' | fill=9 | rows=[6] | cols=[4] | col_header=False | row_header=False | metadata=False
Cell F7 | value='-0.015' | fill=9 | rows=[6] | cols=[5] | col_header=False | row_header=False | metadata=False
Cell G7 | value='1028700' | fill=9 | rows=[6] | cols=[6] | col_header=False | row_header=False | metadata=False
Cell H7 | value='0.082' | fill=9 | rows=[6] | cols=[7] | col_header=False | row_header=False | metadata=False
Cell I7 | value='1119800' | fill=9 | rows=[6] | cols=[8] | col_header=False | row_header=False | metadata=False
Cell J7 | value='0.088' | fill=9 | rows=[6] | cols=[9] | col_header=False | row_header=False | metadata=False
Cell B8 | value='of which entry level' | fill=9 | rows=[7] | cols=[1] | col_header=False | row_header=False | metadata=False
Cell C8 | value='160300' | fill=9 | rows=[7] | cols=[2] | col_header=False | row_header=False | metadata=False
Cell D8 | value='165700' | fill=9 | rows=[7] | cols=[3] | col_header=False | row_header=False | metadata=False
Cell E8 | value='150200' | fill=9 | rows=[7] | cols=[4] | col_header=False | row_header=False | metadata=False
Cell F8 | value='-0.094' | fill=9 | rows=[7] | cols=[5] | col_header=False | row_header=False | metadata=False
Cell G8 | value='202700' | fill=9 | rows=[7] | cols=[6] | col_header=False | row_header=False | metadata=False
Cell H8 | value='0.349' | fill=9 | rows=[7] | cols=[7] | col_header=False | row_header=False | metadata=False
Cell I8 | value='192300' | fill=9 | rows=[7] | cols=[8] | col_header=False | row_header=False | metadata=False
Cell J8 | value='-0.051' | fill=9 | rows=[7] | cols=[9] | col_header=False | row_header=False | metadata=False
Cell B9 | value='of which level 1' | fill=9 | rows=[8] | cols=[1] | col_header=False | row_header=False | metadata=False
Cell C9 | value='384300' | fill=9 | rows=[8] | cols=[2] | col_header=False | row_header=False | metadata=False
Cell D9 | value='434800' | fill=9 | rows=[8] | cols=[3] | col_header=False | row_header=False | metadata=False
Cell E9 | value='420700' | fill=9 | rows=[8] | cols=[4] | col_header=False | row_header=False | metadata=False
Cell F9 | value='-0.033' | fill=9 | rows=[8] | cols=[5] | col_header=False | row_header=False | metadata=False
Cell G9 | value='476600' | fill=9 | rows=[8] | cols=[6] | col_header=False | row_header=False | metadata=False
Cell H9 | value='0.133' | fill=9 | rows=[8] | cols=[7] | col_header=False | row_header=False | metadata=False
Cell I9 | value='546800' | fill=9 | rows=[8] | cols=[8] | col_header=False | row_header=False | metadata=False
Cell J9 | value='0.147' | fill=9 | rows=[8] | cols=[9] | col_header=False | row_header=False | metadata=False
Cell B10 | value='of which level 2' | fill=9 | rows=[9] | cols=[1] | col_header=False | row_header=False | metadata=False
Cell C10 | value='378400' | fill=9 | rows=[9] | cols=[2] | col_header=False | row_header=False | metadata=False
Cell D10 | value='434800' | fill=9 | rows=[9] | cols=[3] | col_header=False | row_header=False | metadata=False
Cell E10 | value='437000' | fill=9 | rows=[9] | cols=[4] | col_header=False | row_header=False | metadata=False
Cell F10 | value='0.005' | fill=9 | rows=[9] | cols=[5] | col_header=False | row_header=False | metadata=False
Cell G10 | value='409200' | fill=9 | rows=[9] | cols=[6] | col_header=False | row_header=False | metadata=False
Cell H10 | value='-0.064' | fill=9 | rows=[9] | cols=[7] | col_header=False | row_header=False | metadata=False
Cell I10 | value='436600' | fill=9 | rows=[9] | cols=[8] | col_header=False | row_header=False | metadata=False
Cell J10 | value='0.067' | fill=9 | rows=[9] | cols=[9] | col_header=False | row_header=False | metadata=False
Cell B11 | value='of which maths' | fill=9 | rows=[10] | cols=[1] | col_header=False | row_header=False | metadata=False
Cell C11 | value='721700' | fill=9 | rows=[10] | cols=[2] | col_header=False | row_header=False | metadata=False
Cell D11 | value='848000' | fill=9 | rows=[10] | cols=[3] | col_header=False | row_header=False | metadata=False
Cell E11 | value='872800' | fill=9 | rows=[10] | cols=[4] | col_header=False | row_header=False | metadata=False
Cell F11 | value='0.029' | fill=9 | rows=[10] | cols=[5] | col_header=False | row_header=False | metadata=False
Cell G11 | value='994300' | fill=9 | rows=[10] | cols=[6] | col_header=False | row_header=False | metadata=False
Cell H11 | value='0.139' | fill=9 | rows=[10] | cols=[7] | col_header=False | row_header=False | metadata=False
Cell I11 | value='1101700' | fill=9 | rows=[10] | cols=[8] | col_header=False | row_header=False | metadata=False
Cell J11 | value='0.108' | fill=9 | rows=[10] | cols=[9] | col_header=False | row_header=False | metadata=False
Cell B12 | value='of which entry level' | fill=9 | rows=[11] | cols=[1] | col_header=False | row_header=False | metadata=False
Cell C12 | value='115900' | fill=9 | rows=[11] | cols=[2] | col_header=False | row_header=False | metadata=False
Cell D12 | value='145900' | fill=9 | rows=[11] | cols=[3] | col_header=False | row_header=False | metadata=False
Cell E12 | value='148500' | fill=9 | rows=[11] | cols=[4] | col_header=False | row_header=False | metadata=False
Cell F12 | value='0.017' | fill=9 | rows=[11] | cols=[5] | col_header=False | row_header=False | metadata=False
Cell G12 | value='198700' | fill=9 | rows=[11] | cols=[6] | col_header=False | row_header=False | metadata=False
Cell H12 | value='0.339' | fill=9 | rows=[11] | cols=[7] | col_header=False | row_header=False | metadata=False
Cell I12 | value='194500' | fill=9 | rows=[11] | cols=[8] | col_header=False | row_header=False | metadata=False
Cell J12 | value='-0.021' | fill=9 | rows=[11] | cols=[9] | col_header=False | row_header=False | metadata=False
Cell B13 | value='of which level 1' | fill=9 | rows=[12] | cols=[1] | col_header=False | row_header=False | metadata=False
Cell C13 | value='360700' | fill=9 | rows=[12] | cols=[2] | col_header=False | row_header=False | metadata=False
Cell D13 | value='417100' | fill=9 | rows=[12] | cols=[3] | col_header=False | row_header=False | metadata=False
Cell E13 | value='420200' | fill=9 | rows=[12] | cols=[4] | col_header=False | row_header=False | metadata=False
Cell F13 | value='0.007' | fill=9 | rows=[12] | cols=[5] | col_header=False | row_header=False | metadata=False
Cell G13 | value='493200' | fill=9 | rows=[12] | cols=[6] | col_header=False | row_header=False | metadata=False
Cell H13 | value='0.174' | fill=9 | rows=[12] | cols=[7] | col_header=False | row_header=False | metadata=False
Cell I13 | value='559200' | fill=9 | rows=[12] | cols=[8] | col_header=False | row_header=False | metadata=False
Cell J13 | value='0.134' | fill=9 | rows=[12] | cols=[9] | col_header=False | row_header=False | metadata=False
Cell B14 | value='of which level 2' | fill=9 | rows=[13] | cols=[1] | col_header=False | row_header=False | metadata=False
Cell C14 | value='302400' | fill=9 | rows=[13] | cols=[2] | col_header=False | row_header=False | metadata=False
Cell D14 | value='353700' | fill=9 | rows=[13] | cols=[3] | col_header=False | row_header=False | metadata=False
Cell E14 | value='364500' | fill=9 | rows=[13] | cols=[4] | col_header=False | row_header=False | metadata=False
Cell F14 | value='0.03' | fill=9 | rows=[13] | cols=[5] | col_header=False | row_header=False | metadata=False
Cell G14 | value='370000' | fill=9 | rows=[13] | cols=[6] | col_header=False | row_header=False | metadata=False
Cell H14 | value='0.015' | fill=9 | rows=[13] | cols=[7] | col_header=False | row_header=False | metadata=False
Cell I14 | value='416500' | fill=9 | rows=[13] | cols=[8] | col_header=False | row_header=False | metadata=False
Cell J14 | value='0.126' | fill=9 | rows=[13] | cols=[9] | col_header=False | row_header=False | metadata=False
Cell B15 | value='of which ESOL (English for Speakers of Other Languages)' | fill=9 | rows=[14] | cols=[1] | col_header=False | row_header=False | metadata=False
Cell C15 | value='207400' | fill=9 | rows=[14] | cols=[2] | col_header=False | row_header=False | metadata=False
Cell D15 | value='203000' | fill=9 | rows=[14] | cols=[3] | col_header=False | row_header=False | metadata=False
Cell E15 | value='192400' | fill=9 | rows=[14] | cols=[4] | col_header=False | row_header=False | metadata=False
Cell F15 | value='-0.052' | fill=9 | rows=[14] | cols=[5] | col_header=False | row_header=False | metadata=False
Cell G15 | value='176000' | fill=9 | rows=[14] | cols=[6] | col_header=False | row_header=False | metadata=False
Cell H15 | value='-0.086' | fill=9 | rows=[14] | cols=[7] | col_header=False | row_header=False | metadata=False
Cell I15 | value='150900' | fill=9 | rows=[14] | cols=[8] | col_header=False | row_header=False | metadata=False
Cell J15 | value='-0.142' | fill=9 | rows=[14] | cols=[9] | col_header=False | row_header=False | metadata=False
Cell B16 | value='of which entry level' | fill=9 | rows=[15] | cols=[1] | col_header=False | row_header=False | metadata=False
Cell C16 | value='176800' | fill=9 | rows=[15] | cols=[2] | col_header=False | row_header=False | metadata=False
Cell D16 | value='173000' | fill=9 | rows=[15] | cols=[3] | col_header=False | row_header=False | metadata=False
Cell E16 | value='161700' | fill=9 | rows=[15] | cols=[4] | col_header=False | row_header=False | metadata=False
Cell F16 | value='-0.065' | fill=9 | rows=[15] | cols=[5] | col_header=False | row_header=False | metadata=False
Cell G16 | value='145700' | fill=9 | rows=[15] | cols=[6] | col_header=False | row_header=False | metadata=False
Cell H16 | value='-0.099' | fill=9 | rows=[15] | cols=[7] | col_header=False | row_header=False | metadata=False
Cell I16 | value='127500' | fill=9 | rows=[15] | cols=[8] | col_header=False | row_header=False | metadata=False
Cell J16 | value='-0.125' | fill=9 | rows=[15] | cols=[9] | col_header=False | row_header=False | metadata=False
Cell B17 | value='of which level 1' | fill=9 | rows=[16] | cols=[1] | col_header=False | row_header=False | metadata=False
Cell C17 | value='26400' | fill=9 | rows=[16] | cols=[2] | col_header=False | row_header=False | metadata=False
Cell D17 | value='26200' | fill=9 | rows=[16] | cols=[3] | col_header=False | row_header=False | metadata=False
Cell E17 | value='26300' | fill=9 | rows=[16] | cols=[4] | col_header=False | row_header=False | metadata=False
Cell F17 | value='*' | fill=9 | rows=[16] | cols=[5] | col_header=False | row_header=False | metadata=False
Cell G17 | value='26300' | fill=9 | rows=[16] | cols=[6] | col_header=False | row_header=False | metadata=False
Cell H17 | value='*' | fill=9 | rows=[16] | cols=[7] | col_header=False | row_header=False | metadata=False
Cell I17 | value='21000' | fill=9 | rows=[16] | cols=[8] | col_header=False | row_header=False | metadata=False
Cell J17 | value='-0.203' | fill=9 | rows=[16] | cols=[9] | col_header=False | row_header=False | metadata=False
Cell B18 | value='of which level 2' | fill=9 | rows=[17] | cols=[1] | col_header=False | row_header=False | metadata=False
Cell C18 | value='10000' | fill=9 | rows=[17] | cols=[2] | col_header=False | row_header=False | metadata=False
Cell D18 | value='10100' | fill=9 | rows=[17] | cols=[3] | col_header=False | row_header=False | metadata=False
Cell E18 | value='10400' | fill=9 | rows=[17] | cols=[4] | col_header=False | row_header=False | metadata=False
Cell F18 | value='0.031' | fill=9 | rows=[17] | cols=[5] | col_header=False | row_header=False | metadata=False
Cell G18 | value='10300' | fill=9 | rows=[17] | cols=[6] | col_header=False | row_header=False | metadata=False
Cell H18 | value='-0.006' | fill=9 | rows=[17] | cols=[7] | col_header=False | row_header=False | metadata=False
Cell I18 | value='7700' | fill=9 | rows=[17] | cols=[8] | col_header=False | row_header=False | metadata=False
Cell J18 | value='-0.256' | fill=9 | rows=[17] | cols=[9] | col_header=False | row_header=False | metadata=False
Cell A19 | value='Achievement' | fill=9 | rows=[18, 19, 20, 21, 22, 23, 24, 25, 26, 27, 28, 29, 30] | cols=[0] | col_header=False | row_header=False | metadata=False
Cell B19 | value='Total Learners' | fill=FF00B050 | rows=[18] | cols=[1] | col_header=False | row_header=True | metadata=False
Cell C19 | value='812600' | fill=00000000 | rows=[18] | cols=[2] | col_header=False | row_header=False | metadata=False
Cell D19 | value='965900' | fill=00000000 | rows=[18] | cols=[3] | col_header=False | row_header=False | metadata=False
Cell E19 | value='952400' | fill=00000000 | rows=[18] | cols=[4] | col_header=False | row_header=False | metadata=False
Cell F19 | value='-0.014' | fill=00000000 | rows=[18] | cols=[5] | col_header=False | row_header=False | metadata=False
Cell G19 | value='910200' | fill=00000000 | rows=[18] | cols=[6] | col_header=False | row_header=False | metadata=False
Cell H19 | value='-0.044' | fill=00000000 | rows=[18] | cols=[7] | col_header=False | row_header=False | metadata=False
Cell I19 | value='921700' | fill=00000000 | rows=[18] | cols=[8] | col_header=False | row_header=False | metadata=False
Cell J19 | value='0.013' | fill=00000000 | rows=[18] | cols=[9] | col_header=False | row_header=False | metadata=False
Cell B20 | value='of which English' | fill=9 | rows=[19] | cols=[1] | col_header=False | row_header=False | metadata=False
Cell C20 | value='481800' | fill=9 | rows=[19] | cols=[2] | col_header=False | row_header=False | metadata=False
Cell D20 | value='570500' | fill=9 | rows=[19] | cols=[3] | col_header=False | row_header=False | metadata=False
Cell E20 | value='570900' | fill=9 | rows=[19] | cols=[4] | col_header=False | row_header=False | metadata=False
Cell F20 | value='*' | fill=9 | rows=[19] | cols=[5] | col_header=False | row_header=False | metadata=False
Cell G20 | value='540800' | fill=9 | rows=[19] | cols=[6] | col_header=False | row_header=False | metadata=False
Cell H20 | value='-0.053' | fill=9 | rows=[19] | cols=[7] | col_header=False | row_header=False | metadata=False
Cell I20 | value='575700' | fill=9 | rows=[19] | cols=[8] | col_header=False | row_header=False | metadata=False
Cell J20 | value='0.064' | fill=9 | rows=[19] | cols=[9] | col_header=False | row_header=False | metadata=False
Cell B21 | value='of which entry level' | fill=9 | rows=[20] | cols=[1] | col_header=False | row_header=False | metadata=False
Cell C21 | value='111400' | fill=9 | rows=[20] | cols=[2] | col_header=False | row_header=False | metadata=False
Cell D21 | value='110400' | fill=9 | rows=[20] | cols=[3] | col_header=False | row_header=False | metadata=False
Cell E21 | value='104000' | fill=9 | rows=[20] | cols=[4] | col_header=False | row_header=False | metadata=False
Cell F21 | value='-0.058' | fill=9 | rows=[20] | cols=[5] | col_header=False | row_header=False | metadata=False
Cell G21 | value='137400' | fill=9 | rows=[20] | cols=[6] | col_header=False | row_header=False | metadata=False
Cell H21 | value='0.321' | fill=9 | rows=[20] | cols=[7] | col_header=False | row_header=False | metadata=False
Cell I21 | value='136400' | fill=9 | rows=[20] | cols=[8] | col_header=False | row_header=False | metadata=False
Cell J21 | value='-0.007' | fill=9 | rows=[20] | cols=[9] | col_header=False | row_header=False | metadata=False
Cell B22 | value='of which level 1' | fill=9 | rows=[21] | cols=[1] | col_header=False | row_header=False | metadata=False
Cell C22 | value='208800' | fill=9 | rows=[21] | cols=[2] | col_header=False | row_header=False | metadata=False
Cell D22 | value='256800' | fill=9 | rows=[21] | cols=[3] | col_header=False | row_header=False | metadata=False
Cell E22 | value='242100' | fill=9 | rows=[21] | cols=[4] | col_header=False | row_header=False | metadata=False
Cell F22 | value='-0.057' | fill=9 | rows=[21] | cols=[5] | col_header=False | row_header=False | metadata=False
Cell G22 | value='231400' | fill=9 | rows=[21] | cols=[6] | col_header=False | row_header=False | metadata=False
Cell H22 | value='-0.044' | fill=9 | rows=[21] | cols=[7] | col_header=False | row_header=False | metadata=False
Cell I22 | value='271300' | fill=9 | rows=[21] | cols=[8] | col_header=False | row_header=False | metadata=False
Cell J22 | value='0.173' | fill=9 | rows=[21] | cols=[9] | col_header=False | row_header=False | metadata=False
Cell B23 | value='of which level 2' | fill=9 | rows=[22] | cols=[1] | col_header=False | row_header=False | metadata=False
Cell C23 | value='190100' | fill=9 | rows=[22] | cols=[2] | col_header=False | row_header=False | metadata=False
Cell D23 | value='234100' | fill=9 | rows=[22] | cols=[3] | col_header=False | row_header=False | metadata=False
Cell E23 | value='248800' | fill=9 | rows=[22] | cols=[4] | col_header=False | row_header=False | metadata=False
Cell F23 | value='0.063' | fill=9 | rows=[22] | cols=[5] | col_header=False | row_header=False | metadata=False
Cell G23 | value='195100' | fill=9 | rows=[22] | cols=[6] | col_header=False | row_header=False | metadata=False
Cell H23 | value='-0.216' | fill=9 | rows=[22] | cols=[7] | col_header=False | row_header=False | metadata=False
Cell I23 | value='192700' | fill=9 | rows=[22] | cols=[8] | col_header=False | row_header=False | metadata=False
Cell J23 | value='-0.012' | fill=9 | rows=[22] | cols=[9] | col_header=False | row_header=False | metadata=False
Cell B24 | value='of which maths' | fill=9 | rows=[23] | cols=[1] | col_header=False | row_header=False | metadata=False
Cell C24 | value='385200' | fill=9 | rows=[23] | cols=[2] | col_header=False | row_header=False | metadata=False
Cell D24 | value='488700' | fill=9 | rows=[23] | cols=[3] | col_header=False | row_header=False | metadata=False
Cell E24 | value='515300' | fill=9 | rows=[23] | cols=[4] | col_header=False | row_header=False | metadata=False
Cell F24 | value='0.055' | fill=9 | rows=[23] | cols=[5] | col_header=False | row_header=False | metadata=False
Cell G24 | value='531500' | fill=9 | rows=[23] | cols=[6] | col_header=False | row_header=False | metadata=False
Cell H24 | value='0.031' | fill=9 | rows=[23] | cols=[7] | col_header=False | row_header=False | metadata=False
Cell I24 | value='578800' | fill=9 | rows=[23] | cols=[8] | col_header=False | row_header=False | metadata=False
Cell J24 | value='0.089' | fill=9 | rows=[23] | cols=[9] | col_header=False | row_header=False | metadata=False
Cell B25 | value='of which entry level' | fill=9 | rows=[24] | cols=[1] | col_header=False | row_header=False | metadata=False
Cell C25 | value='76300' | fill=9 | rows=[24] | cols=[2] | col_header=False | row_header=False | metadata=False
Cell D25 | value='93300' | fill=9 | rows=[24] | cols=[3] | col_header=False | row_header=False | metadata=False
Cell E25 | value='100000' | fill=9 | rows=[24] | cols=[4] | col_header=False | row_header=False | metadata=False
Cell F25 | value='0.071' | fill=9 | rows=[24] | cols=[5] | col_header=False | row_header=False | metadata=False
Cell G25 | value='140600' | fill=9 | rows=[24] | cols=[6] | col_header=False | row_header=False | metadata=False
Cell H25 | value='0.406' | fill=9 | rows=[24] | cols=[7] | col_header=False | row_header=False | metadata=False
Cell I25 | value='144700' | fill=9 | rows=[24] | cols=[8] | col_header=False | row_header=False | metadata=False
Cell J25 | value='0.029' | fill=9 | rows=[24] | cols=[9] | col_header=False | row_header=False | metadata=False
Cell B26 | value='of which level 1' | fill=9 | rows=[25] | cols=[1] | col_header=False | row_header=False | metadata=False
Cell C26 | value='195000' | fill=9 | rows=[25] | cols=[2] | col_header=False | row_header=False | metadata=False
Cell D26 | value='249800' | fill=9 | rows=[25] | cols=[3] | col_header=False | row_header=False | metadata=False
Cell E26 | value='249600' | fill=9 | rows=[25] | cols=[4] | col_header=False | row_header=False | metadata=False
Cell F26 | value='*' | fill=9 | rows=[25] | cols=[5] | col_header=False | row_header=False | metadata=False
Cell G26 | value='248100' | fill=9 | rows=[25] | cols=[6] | col_header=False | row_header=False | metadata=False
Cell H26 | value='-0.006' | fill=9 | rows=[25] | cols=[7] | col_header=False | row_header=False | metadata=False
Cell I26 | value='285600' | fill=9 | rows=[25] | cols=[8] | col_header=False | row_header=False | metadata=False
Cell J26 | value='0.151' | fill=9 | rows=[25] | cols=[9] | col_header=False | row_header=False | metadata=False
Cell B27 | value='of which level 2' | fill=9 | rows=[26] | cols=[1] | col_header=False | row_header=False | metadata=False
Cell C27 | value='140800' | fill=9 | rows=[26] | cols=[2] | col_header=False | row_header=False | metadata=False
Cell D27 | value='177600' | fill=9 | rows=[26] | cols=[3] | col_header=False | row_header=False | metadata=False
Cell E27 | value='193700' | fill=9 | rows=[26] | cols=[4] | col_header=False | row_header=False | metadata=False
Cell F27 | value='0.09' | fill=9 | rows=[26] | cols=[5] | col_header=False | row_header=False | metadata=False
Cell G27 | value='174500' | fill=9 | rows=[26] | cols=[6] | col_header=False | row_header=False | metadata=False
Cell H27 | value='-0.099' | fill=9 | rows=[26] | cols=[7] | col_header=False | row_header=False | metadata=False
Cell I27 | value='182100' | fill=9 | rows=[26] | cols=[8] | col_header=False | row_header=False | metadata=False
Cell J27 | value='0.043' | fill=9 | rows=[26] | cols=[9] | col_header=False | row_header=False | metadata=False
Cell B28 | value='of which ESOL (English for Speakers of Other Languages)' | fill=9 | rows=[27] | cols=[1] | col_header=False | row_header=False | metadata=False
Cell C28 | value='149400' | fill=9 | rows=[27] | cols=[2] | col_header=False | row_header=False | metadata=False
Cell D28 | value='146700' | fill=9 | rows=[27] | cols=[3] | col_header=False | row_header=False | metadata=False
Cell E28 | value='138800' | fill=9 | rows=[27] | cols=[4] | col_header=False | row_header=False | metadata=False
Cell F28 | value='-0.054' | fill=9 | rows=[27] | cols=[5] | col_header=False | row_header=False | metadata=False
Cell G28 | value='131800' | fill=9 | rows=[27] | cols=[6] | col_header=False | row_header=False | metadata=False
Cell H28 | value='-0.051' | fill=9 | rows=[27] | cols=[7] | col_header=False | row_header=False | metadata=False
Cell I28 | value='119200' | fill=9 | rows=[27] | cols=[8] | col_header=False | row_header=False | metadata=False
Cell J28 | value='-0.096' | fill=9 | rows=[27] | cols=[9] | col_header=False | row_header=False | metadata=False
Cell B29 | value='of which entry level' | fill=9 | rows=[28] | cols=[1] | col_header=False | row_header=False | metadata=False
Cell C29 | value='128900' | fill=9 | rows=[28] | cols=[2] | col_header=False | row_header=False | metadata=False
Cell D29 | value='126000' | fill=9 | rows=[28] | cols=[3] | col_header=False | row_header=False | metadata=False
Cell E29 | value='117000' | fill=9 | rows=[28] | cols=[4] | col_header=False | row_header=False | metadata=False
Cell F29 | value='-0.072' | fill=9 | rows=[28] | cols=[5] | col_header=False | row_header=False | metadata=False
Cell G29 | value='109700' | fill=9 | rows=[28] | cols=[6] | col_header=False | row_header=False | metadata=False
Cell H29 | value='-0.063' | fill=9 | rows=[28] | cols=[7] | col_header=False | row_header=False | metadata=False
Cell I29 | value='101400' | fill=9 | rows=[28] | cols=[8] | col_header=False | row_header=False | metadata=False
Cell J29 | value='-0.076' | fill=9 | rows=[28] | cols=[9] | col_header=False | row_header=False | metadata=False
Cell B30 | value='of which level 1' | fill=9 | rows=[29] | cols=[1] | col_header=False | row_header=False | metadata=False
Cell C30 | value='17000' | fill=9 | rows=[29] | cols=[2] | col_header=False | row_header=False | metadata=False
Cell D30 | value='17000' | fill=9 | rows=[29] | cols=[3] | col_header=False | row_header=False | metadata=False
Cell E30 | value='17400' | fill=9 | rows=[29] | cols=[4] | col_header=False | row_header=False | metadata=False
Cell F30 | value='0.019' | fill=9 | rows=[29] | cols=[5] | col_header=False | row_header=False | metadata=False
Cell G30 | value='17900' | fill=9 | rows=[29] | cols=[6] | col_header=False | row_header=False | metadata=False
Cell H30 | value='0.033' | fill=9 | rows=[29] | cols=[7] | col_header=False | row_header=False | metadata=False
Cell I30 | value='14600' | fill=9 | rows=[29] | cols=[8] | col_header=False | row_header=False | metadata=False
Cell J30 | value='-0.186' | fill=9 | rows=[29] | cols=[9] | col_header=False | row_header=False | metadata=False
Cell B31 | value='of which level 2' | fill=9 | rows=[30] | cols=[1] | col_header=False | row_header=False | metadata=False
Cell C31 | value='6600' | fill=9 | rows=[30] | cols=[2] | col_header=False | row_header=False | metadata=False
Cell D31 | value='6700' | fill=9 | rows=[30] | cols=[3] | col_header=False | row_header=False | metadata=False
Cell E31 | value='7200' | fill=9 | rows=[30] | cols=[4] | col_header=False | row_header=False | metadata=False
Cell F31 | value='0.077' | fill=9 | rows=[30] | cols=[5] | col_header=False | row_header=False | metadata=False
Cell G31 | value='7000' | fill=9 | rows=[30] | cols=[6] | col_header=False | row_header=False | metadata=False
Cell H31 | value='-0.017' | fill=9 | rows=[30] | cols=[7] | col_header=False | row_header=False | metadata=False
Cell I31 | value='5700' | fill=9 | rows=[30] | cols=[8] | col_header=False | row_header=False | metadata=False
Cell J31 | value='-0.197' | fill=9 | rows=[30] | cols=[9] | col_header=False | row_header=False | metadata=False
Cell A32 | value='Notes' | fill=FF00B0F0 | rows=[31] | cols=[0] | col_header=False | row_header=False | metadata=True
Cell A33 | value='1) Figures for 2011/12 onwards are not directly comparable to earlier years as a Single Individualised Learner Record (ILR) data collection system has been introduced. Small technical changes have been made in the way learners from more than one provision type are counted, leading to a removal of duplicate learners and a reduction in overall learner numbers of approximately 2 per cent. More information on the Single ILR is available at:' | fill=FF00B0F0 | rows=[32] | cols=[0, 1, 2, 3, 4, 5, 6, 7, 8, 9] | col_header=False | row_header=False | metadata=True
Cell A34 | value='http://www.thedataservice.org.uk/NR/rdonlyres/C05DCDD5-67EE-4AD0-88B9-BEBC8F7F3300/0/SILR_Effects_SFR_Learners_June12.pdf' | fill=FF00B0F0 | rows=[33] | cols=[0, 1, 2, 3, 4, 5, 6, 7, 8, 9] | col_header=False | row_header=False | metadata=True
Cell A35 | value='2) Figures between 2007/08 and 2010/11 were revised in June 2012. This was due to a methodological change in how learners are counted for English, maths and ESOL courses to remove duplicate learners. Total learner figures are not affected. More information is available at:' | fill=FF00B0F0 | rows=[34] | cols=[0, 1, 2, 3, 4, 5, 6, 7, 8, 9] | col_header=False | row_header=False | metadata=True
Cell A36 | value='http://www.thedataservice.org.uk/NR/rdonlyres/907339C7-439B-43D8-9831-C957BD130A83/0/SFL_Revision_June12.pdf' | fill=FF00B0F0 | rows=[35] | cols=[0, 1, 2, 3, 4, 5, 6, 7, 8, 9] | col_header=False | row_header=False | metadata=True
Cell A37 | value='3) Figures for 2008/09 onwards are not directly comparable to earlier years as the introduction of demand led funding has changed how data is collected and how funded learners are defined from 2008/09 onwards. More information on demand led funding is available at:' | fill=FF00B0F0 | rows=[36] | cols=[0, 1, 2, 3, 4, 5, 6, 7, 8, 9] | col_header=False | row_header=False | metadata=True
Cell A38 | value='http://www.thedataservice.org.uk/datadictionary/businessdefinitions/Demand+Led+Funding.htm' | fill=FF00B0F0 | rows=[37] | cols=[0, 1, 2, 3, 4, 5, 6, 7, 8, 9] | col_header=False | row_header=False | metadata=True
Cell A39 | value='4) For further information on these tables please see the accompanying notes page.' | fill=FF00B0F0 | rows=[38] | cols=[0, 1, 2, 3, 4, 5] | col_header=False | row_header=False | metadata=True

