=== education-table15.xlsx ===
Cell A1 | value='Name' | fill=FFFFFF00 | rows=[0] | cols=[0] | col_header=True | row_header=True | metadata=False
Cell B1 | value='Maths' | fill=00000000 | rows=[0] | cols=[1] | col_header=False | row_header=False | metadata=False
Cell C1 | value='English' | fill=00000000 | rows=[0] | cols=[2] | col_header=False | row_header=False | metadata=False
Cell D1 | value='Science' | fill=00000000 | rows=[0] | cols=[3] | col_header=False | row_header=False | metadata=False
Cell E1 | value='History' | fill=00000000 | rows=[0] | cols=[4] | col_header=False | row_header=False | metadata=False
Cell A2 | value='2012' | fill=9 | rows=[1] | cols=[0, 1, 2, 3, 4] | col_header=False | row_header=False | metadata=False
Cell A3 | value='Moore' | fill=00000000 | rows=[2] | cols=[0] | col_header=False | row_header=False | metadata=False
Cell B3 | value='30' | fill=00000000 | rows=[2] | cols=[1] | col_header=False | row_header=False | metadata=False
Cell C3 | value='78' | fill=00000000 | rows=[2] | cols=[2] | col_header=False | row_header=False | metadata=False
Cell D3 | value='76' | fill=00000000 | rows=[2] | cols=[3] | col_header=False | row_header=False | metadata=False
Cell E3 | value='97' | fill=00000000 | rows=[2] | cols=[4] | col_header=False | row_header=False | metadata=False
Cell A4 | value='Johnson' | fill=00000000 | rows=[3] | cols=[0] | col_header=False | row_header=False | metadata=False
Cell B4 | value='33' | fill=00000000 | rows=[3] | cols=[1] | col_header=False | row_header=False | metadata=False
Cell C4 | value='82' | fill=00000000 | rows=[3] | cols=[2] | col_header=False | row_header=False | metadata=False
Cell D4 | value='90' | fill=00000000 | rows=[3] | cols=[3] | col_header=False | row_header=False | metadata=False
Cell E4 | value='36' | fill=00000000 | rows=[3] | cols=[4] | col_header=False | row_header=False | metadata=False
Cell A5 | value='Smith' | fill=00000000 | rows=[4] | cols=[0] | col_header=False | row_header=False | metadata=False
Cell B5 | value='55' | fill=00000000 | rows=[4] | cols=[1] | col_header=False | row_header=False | metadata=False
Cell C5 | value='63' | fill=00000000 | rows=[4] | cols=[2] | col_header=False | row_header=False | metadata=False
Cell D5 | value='78' | fill=00000000 | rows=[4] | cols=[3] | col_header=False | row_header=False | metadata=False
Cell E5 | value='33' | fill=00000000 | rows=[4] | cols=[4] | col_header=False | row_header=False | metadata=False
Cell A6 | value='Jones' | fill=00000000 | rows=[5] | cols=[0] | col_header=False | row_header=False | metadata=False
Cell B6 | value='78' | fill=00000000 | rows=[5] | cols=[1] | col_header=False | row_header=False | metadata=False
Cell C6 | value='33' | fill=00000000 | rows=[5] | cols=[2] | col_header=False | row_header=False | metadata=False
Cell D6 | value='23' | fill=00000000 | rows=[5] | cols=[3] | col_header=False | row_header=False | metadata=False
Cell E6 | value='33' | fill=00000000 | rows=[5] | cols=[4] | col_header=False | row_header=False | metadata=False
Cell A7 | value='White' | fill=00000000 | rows=[6] | cols=[0] | col_header=False | row_header=False | metadata=False
Cell B7 | value='24' | fill=00000000 | rows=[6] | cols=[1] | col_header=False | row_header=False | metadata=False
Cell C7 | value='22' | fill=00000000 | rows=[6] | cols=[2] | col_header=False | row_header=False | metadata=False
Cell D7 | value='27' | fill=00000000 | rows=[6] | cols=[3] | col_header=False | row_header=False | metadata=False
Cell E7 | value='60' | fill=00000000 | rows=[6] | cols=[4] | col_header=False | row_header=False | metadata=False
Cell A8 | value='Johnson' | fill=00000000 | rows=[7] | cols=[0] | col_header=False | row_header=False | metadata=False
Cell B8 | value='33' | fill=00000000 | rows=[7] | cols=[1] | col_header=False | row_header=False | metadata=False
Cell C8 | value='69' | fill=00000000 | rows=[7] | cols=[2] | col_header=False | row_header=False | metadata=False
Cell D8 | value='42' | fill=00000000 | rows=[7] | cols=[3] | col_header=False | row_header=False | metadata=False
Cell E8 | value='76' | fill=00000000 | rows=[7] | cols=[4] | col_header=False | row_header=False | metadata=False
Cell A9 | value='Jackson' | fill=00000000 | rows=[8] | cols=[0] | col_header=False | row_header=False | metadata=False
Cell B9 | value='71' | fill=00000000 | rows=[8] | cols=[1] | col_header=False | row_header=False | metadata=False
Cell C9 | value='95' | fill=00000000 | rows=[8] | cols=[2] | col_header=False | row_header=False | metadata=False
Cell D9 | value='81' | fill=00000000 | rows=[8] | cols=[3] | col_header=False | row_header=False | metadata=False
Cell E9 | value='27' | fill=00000000 | rows=[8] | cols=[4] | col_header=False | row_header=False | metadata=False
Cell A10 | value='Brown' | fill=00000000 | rows=[9] | cols=[0] | col_header=False | row_header=False | metadata=False
Cell B10 | value='49' | fill=00000000 | rows=[9] | cols=[1] | col_header=False | row_header=False | metadata=False
Cell C10 | value='21' | fill=00000000 | rows=[9] | cols=[2] | col_header=False | row_header=False | metadata=False
Cell D10 | value='72' | fill=00000000 | rows=[9] | cols=[3] | col_header=False | row_header=False | metadata=False
Cell E10 | value='79' | fill=00000000 | rows=[9] | cols=[4] | col_header=False | row_header=False | metadata=False
Cell A11 | value='Harris' | fill=00000000 | rows=[10] | cols=[0] | col_header=False | row_header=False | metadata=False
Cell B11 | value='21' | fill=00000000 | rows=[10] | cols=[1] | col_header=False | row_header=False | metadata=False
Cell C11 | value='81' | fill=00000000 | rows=[10] | cols=[2] | col_header=False | row_header=False | metadata=False
Cell D11 | value='68' | fill=00000000 | rows=[10] | cols=[3] | col_header=False | row_header=False | metadata=False
Cell E11 | value='90' | fill=00000000 | rows=[10] | cols=[4] | col_header=False | row_header=False | metadata=False
Cell A12 | value='Smith' | fill=00000000 | rows=[11] | cols=[0] | col_header=False | row_header=False | metadata=False
Cell B12 | value='27' | fill=00000000 | rows=[11] | cols=[1] | col_header=False | row_header=False | metadata=False
Cell C12 | value='83' | fill=00000000 | rows=[11] | cols=[2] | col_header=False | row_header=False | metadata=False
Cell D12 | value='65' | fill=00000000 | rows=[11] | cols=[3] | col_header=False | row_header=False | metadata=False
Cell E12 | value='83' | fill=00000000 | rows=[11] | cols=[4] | col_header=False | row_header=False | metadata=False
Cell A13 | value='Smith' | fill=00000000 | rows=[12] | cols=[0] | col_header=False | row_header=False | metadata=False
Cell B13 | value='48' | fill=00000000 | rows=[12] | cols=[1] | col_header=False | row_header=False | metadata=False
Cell C13 | value='73' | fill=00000000 | rows=[12] | cols=[2] | col_header=False | row_header=False | metadata=False
Cell D13 | value='84' | fill=00000000 | rows=[12] | cols=[3] | col_header=False | row_header=False | metadata=False
Cell E13 | value='54' | fill=00000000 | rows=[12] | cols=[4] | col_header=False | row_header=False | metadata=False
Cell A14 | value='Brown' | fill=00000000 | rows=[13] | cols=[0] | col_header=False | row_header=False | metadata=False
Cell B14 | value='96' | fill=00000000 | rows=[13] | cols=[1] | col_header=False | row_header=False | metadata=False
Cell C14 | value='24' | fill=00000000 | rows=[13] | cols=[2] | col_header=False | row_header=False | metadata=False
Cell D14 | value='82' | fill=00000000 | rows=[13] | cols=[3] | col_header=False | row_header=False | metadata=False
Cell E14 | value='97' | fill=00000000 | rows=[13] | cols=[4] | col_header=False | row_header=False | metadata=False
Cell A15 | value='Taylor' | fill=00000000 | rows=[14] | cols=[0] | col_header=False | row_header=False | metadata=False
Cell B15 | value='68' | fill=00000000 | rows=[14] | cols=[1] | col_header=False | row_header=False | metadata=False
Cell C15 | value='90' | fill=00000000 | rows=[14] | cols=[2] | col_header=False | row_header=False | metadata=False
Cell D15 | value='77' | fill=00000000 | rows=[14] | cols=[3] | col_header=False | row_header=False | metadata=False
Cell E15 | value='80' | fill=00000000 | rows=[14] | cols=[4] | col_header=False | row_header=False | metadata=False
Cell A16 | value='Brown' | fill=00000000 | rows=[15] | cols=[0] | col_header=False | row_header=False | metadata=False
Cell B16 | value='66' | fill=00000000 | rows=[15] | cols=[1] | col_header=False | row_header=False | metadata=False
Cell C16 | value='41' | fill=00000000 | rows=[15] | cols=[2] | col_header=False | row_header=False | metadata=False
Cell D16 | value='74' | fill=00000000 | rows=[15] | cols=[3] | col_header=False | row_header=False | metadata=False
Cell E16 | value='62' | fill=00000000 | rows=[15] | cols=[4] | col_header=False | row_header=False | metadata=False
Cell A17 | value='Thomas' | fill=00000000 | rows=[16] | cols=[0] | col_header=False | row_header=False | metadata=False
Cell B17 | value='54' | fill=00000000 | rows=[16] | cols=[1] | col_header=False | row_header=False | metadata=False
Cell C17 | value='65' | fill=00000000 | rows=[16] | cols=[2] | col_header=False | row_header=False | metadata=False
Cell D17 | value='74' | fill=00000000 | rows=[16] | cols=[3] | col_header=False | row_header=False | metadata=False
Cell E17 | value='65' | fill=00000000 | rows=[16] | cols=[4] | col_header=False | row_header=False | metadata=False
Cell A18 | value='Miller' | fill=00000000 | rows=[17] | cols=[0] | col_header=False | row_header=False | metadata=False
Cell B18 | value='50' | fill=00000000 | rows=[17] | cols=[1] | col_header=False | row_header=False | metadata=False
Cell C18 | value='42' | fill=00000000 | rows=[17] | cols=[2] | col_header=False | row_header=False | metadata=False
Cell D18 | value='63' | fill=00000000 | rows=[17] | cols=[3] | col_header=False | row_header=False | metadata=False
Cell E18 | value='37' | fill=00000000 | rows=[17] | cols=[4] | col_header=False | row_header=False | metadata=False
Cell A19 | value='Davis' | fill=00000000 | rows=[18] | cols=[0] | col_header=False | row_header=False | metadata=False
Cell B19 | value='70' | fill=00000000 | rows=[18] | cols=[1] | col_header=False | row_header=False | metadata=False
Cell C19 | value='31' | fill=00000000 | rows=[18] | cols=[2] | col_header=False | row_header=False | metadata=False
Cell D19 | value='54' | fill=00000000 | rows=[18] | cols=[3] | col_header=False | row_header=False | metadata=False
Cell E19 | value='57' | fill=00000000 | rows=[18] | cols=[4] | col_header=False | row_header=False | metadata=False
Cell A20 | value='Moore' | fill=00000000 | rows=[19] | cols=[0] | col_header=False | row_header=False | metadata=False
Cell B20 | value='42' | fill=00000000 | rows=[19] | cols=[1] | col_header=False | row_header=False | metadata=False
Cell C20 | value='98' | fill=00000000 | rows=[19] | cols=[2] | col_header=False | row_header=False | metadata=False
Cell D20 | value='29' | fill=00000000 | rows=[19] | cols=[3] | col_header=False | row_header=False | metadata=False
Cell E20 | value='89' | fill=00000000 | rows=[19] | cols=[4] | col_header=False | row_header=False | metadata=False
Cell A21 | value='Johnson' | fill=00000000 | rows=[20] | cols=[0] | col_header=False | row_header=False | metadata=False
Cell B21 | value='66' | fill=00000000 | rows=[20] | cols=[1] | col_header=False | row_header=False | metadata=False
Cell C21 | value='56' | fill=00000000 | rows=[20] | cols=[2] | col_header=False | row_header=False | metadata=False
Cell D21 | value='43' | fill=00000000 | rows=[20] | cols=[3] | col_header=False | row_header=False | metadata=False
Cell E21 | value='60' | fill=00000000 | rows=[20] | cols=[4] | col_header=False | row_header=False | metadata=False
Cell A22 | value='Thomas' | fill=00000000 | rows=[21] | cols=[0] | col_header=False | row_header=False | metadata=False
Cell B22 | value='72' | fill=00000000 | rows=[21] | cols=[1] | col_header=False | row_header=False | metadata=False
Cell C22 | value='61' | fill=00000000 | rows=[21] | cols=[2] | col_header=False | row_header=False | metadata=False
Cell D22 | value='92' | fill=00000000 | rows=[21] | cols=[3] | col_header=False | row_header=False | metadata=False
Cell E22 | value='93' | fill=00000000 | rows=[21] | cols=[4] | col_header=False | row_header=False | metadata=False
Cell A23 | value='Anderson' | fill=00000000 | rows=[22] | cols=[0] | col_header=False | row_header=False | metadata=False
Cell B23 | value='61' | fill=00000000 | rows=[22] | cols=[1] | col_header=False | row_header=False | metadata=False
Cell C23 | value='20' | fill=00000000 | rows=[22] | cols=[2] | col_header=False | row_header=False | metadata=False
Cell D23 | value='63' | fill=00000000 | rows=[22] | cols=[3] | col_header=False | row_header=False | metadata=False
Cell E23 | value='15' | fill=00000000 | rows=[22] | cols=[4] | col_header=False | row_header=False | metadata=False
Cell A24 | value='White' | fill=00000000 | rows=[23] | cols=[0] | col_header=False | row_header=False | metadata=False
Cell B24 | value='40' | fill=00000000 | rows=[23] | cols=[1] | col_header=False | row_header=False | metadata=False
Cell C24 | value='27' | fill=00000000 | rows=[23] | cols=[2] | col_header=False | row_header=False | metadata=False
Cell D24 | value='62' | fill=00000000 | rows=[23] | cols=[3] | col_header=False | row_header=False | metadata=False
Cell E24 | value='42' | fill=00000000 | rows=[23] | cols=[4] | col_header=False | row_header=False | metadata=False
Cell A25 | value='Johnson' | fill=00000000 | rows=[24] | cols=[0] | col_header=False | row_header=False | metadata=False
Cell B25 | value='50' | fill=00000000 | rows=[24] | cols=[1] | col_header=False | row_header=False | metadata=False
Cell C25 | value='93' | fill=00000000 | rows=[24] | cols=[2] | col_header=False | row_header=False | metadata=False
Cell D25 | value='28' | fill=00000000 | rows=[24] | cols=[3] | col_header=False | row_header=False | metadata=False
Cell E25 | value='44' | fill=00000000 | rows=[24] | cols=[4] | col_header=False | row_header=False | metadata=False
Cell A26 | value='White' | fill=00000000 | rows=[25] | cols=[0] | col_header=False | row_header=False | metadata=False
Cell B26 | value='65' | fill=00000000 | rows=[25] | cols=[1] | col_header=False | row_header=False | metadata=False
Cell C26 | value='46' | fill=00000000 | rows=[25] | cols=[2] | col_header=False | row_header=False | metadata=False
Cell D26 | value='33' | fill=00000000 | rows=[25] | cols=[3] | col_header=False | row_header=False | metadata=False
Cell E26 | value='43' | fill=00000000 | rows=[25] | cols=[4] | col_header=False | row_header=False | metadata=False
Cell A27 | value='Harris' | fill=00000000 | rows=[26] | cols=[0] | col_header=False | row_header=False | metadata=False
Cell B27 | value='23' | fill=00000000 | rows=[26] | cols=[1] | col_header=False | row_header=False | metadata=False
Cell C27 | value='96' | fill=00000000 | rows=[26] | cols=[2] | col_header=False | row_header=False | metadata=False
Cell D27 | value='41' | fill=00000000 | rows=[26] | cols=[3] | col_header=False | row_header=False | metadata=False
Cell E27 | value='72' | fill=00000000 | rows=[26] | cols=[4] | col_header=False | row_header=False | metadata=False
Cell A28 | value='Anderson' | fill=00000000 | rows=[27] | cols=[0] | col_header=False | row_header=False | metadata=False
Cell B28 | value='34' | fill=00000000 | rows=[27] | cols=[1] | col_header=False | row_header=False | metadata=False
Cell C28 | value='78' | fill=00000000 | rows=[27] | cols=[2] | col_header=False | row_header=False | metadata=False
Cell D28 | value='94' | fill=00000000 | rows=[27] | cols=[3] | col_header=False | row_header=False | metadata=False
Cell E28 | value='70' | fill=00000000 | rows=[27] | cols=[4] | col_header=False | row_header=False | metadata=False
Cell A29 | value='Jackson' | fill=00000000 | rows=[28] | cols=[0] | col_header=False | row_header=False | metadata=False
Cell B29 | value='58' | fill=00000000 | rows=[28] | cols=[1] | col_header=False | row_header=False | metadata=False
Cell C29 | value='96' | fill=00000000 | rows=[28] | cols=[2] | col_header=False | row_header=False | metadata=False
Cell D29 | value='82' | fill=00000000 | rows=[28] | cols=[3] | col_header=False | row_header=False | metadata=False
Cell E29 | value='84' | fill=00000000 | rows=[28] | cols=[4] | col_header=False | row_header=False | metadata=False
Cell A30 | value='Davis' | fill=00000000 | rows=[29] | cols=[0] | col_header=False | row_header=False | metadata=False
Cell B30 | value='68' | fill=00000000 | rows=[29] | cols=[1] | col_header=False | row_header=False | metadata=False
Cell C30 | value='69' | fill=00000000 | rows=[29] | cols=[2] | col_header=False | row_header=False | metadata=False
Cell D30 | value='98' | fill=00000000 | rows=[29] | cols=[3] | col_header=False | row_header=False | metadata=False
Cell E30 | value='59' | fill=00000000 | rows=[29] | cols=[4] | col_header=False | row_header=False | metadata=False
Cell A31 | value='Moore' | fill=00000000 | rows=[30] | cols=[0] | col_header=False | row_header=False | metadata=False
Cell B31 | value='23' | fill=00000000 | rows=[30] | cols=[1] | col_header=False | row_header=False | metadata=False
Cell C31 | value='91' | fill=00000000 | rows=[30] | cols=[2] | col_header=False | row_header=False | metadata=False
Cell D31 | value='90' | fill=00000000 | rows=[30] | cols=[3] | col_header=False | row_header=False | metadata=False
Cell E31 | value='92' | fill=00000000 | rows=[30] | cols=[4] | col_header=False | row_header=False | metadata=False
Cell A32 | value='Anderson' | fill=00000000 | rows=[31] | cols=[0] | col_header=False | row_header=False | metadata=False
Cell B32 | value='63' | fill=00000000 | rows=[31] | cols=[1] | col_header=False | row_header=False | metadata=False
Cell C32 | value='82' | fill=00000000 | rows=[31] | cols=[2] | col_header=False | row_header=False | metadata=False
Cell D32 | value='63' | fill=00000000 | rows=[31] | cols=[3] | col_header=False | row_header=False | metadata=False
Cell E32 | value='31' | fill=00000000 | rows=[31] | cols=[4] | col_header=False | row_header=False | metadata=False
Cell A33 | value='Davis' | fill=00000000 | rows=[32] | cols=[0] | col_header=False | row_header=False | metadata=False
Cell B33 | value='52' | fill=00000000 | rows=[32] | cols=[1] | col_header=False | row_header=False | metadata=False
Cell C33 | value='51' | fill=00000000 | rows=[32] | cols=[2] | col_header=False | row_header=False | metadata=False
Cell D33 | value='95' | fill=00000000 | rows=[32] | cols=[3] | col_header=False | row_header=False | metadata=False
Cell E33 | value='43' | fill=00000000 | rows=[32] | cols=[4] | col_header=False | row_header=False | metadata=False
Cell A34 | value='Taylor' | fill=00000000 | rows=[33] | cols=[0] | col_header=False | row_header=False | metadata=False
Cell B34 | value='41' | fill=00000000 | rows=[33] | cols=[1] | col_header=False | row_header=False | metadata=False
Cell C34 | value='84' | fill=00000000 | rows=[33] | cols=[2] | col_header=False | row_header=False | metadata=False
Cell D34 | value='53' | fill=00000000 | rows=[33] | cols=[3] | col_header=False | row_header=False | metadata=False
Cell E34 | value='85' | fill=00000000 | rows=[33] | cols=[4] | col_header=False | row_header=False | metadata=False
Cell A35 | value='Anderson' | fill=00000000 | rows=[34] | cols=[0] | col_header=False | row_header=False | metadata=False
Cell B35 | value='77' | fill=00000000 | rows=[34] | cols=[1] | col_header=False | row_header=False | metadata=False
Cell C35 | value='40' | fill=00000000 | rows=[34] | cols=[2] | col_header=False | row_header=False | metadata=False
Cell D35 | value='72' | fill=00000000 | rows=[34] | cols=[3] | col_header=False | row_header=False | metadata=False
Cell E35 | value='66' | fill=00000000 | rows=[34] | cols=[4] | col_header=False | row_header=False | metadata=False
Cell A36 | value='Brown' | fill=00000000 | rows=[35] | cols=[0] | col_header=False | row_header=False | metadata=False
Cell B36 | value='50' | fill=00000000 | rows=[35] | cols=[1] | col_header=False | row_header=False | metadata=False
Cell C36 | value='71' | fill=00000000 | rows=[35] | cols=[2] | col_header=False | row_header=False | metadata=False
Cell D36 | value='79' | fill=00000000 | rows=[35] | cols=[3] | col_header=False | row_header=False | metadata=False
Cell E36 | value='98' | fill=00000000 | rows=[35] | cols=[4] | col_header=False | row_header=False | metadata=False
Cell A37 | value='Thomas' | fill=00000000 | rows=[36] | cols=[0] | col_header=False | row_header=False | metadata=False
Cell B37 | value='89' | fill=00000000 | rows=[36] | cols=[1] | col_header=False | row_header=False | metadata=False
Cell C37 | value='92' | fill=00000000 | rows=[36] | cols=[2] | col_header=False | row_header=False | metadata=False
Cell D37 | value='66' | fill=00000000 | rows=[36] | cols=[3] | col_header=False | row_header=False | metadata=False
Cell E37 | value='60' | fill=00000000 | rows=[36] | cols=[4] | col_header=False | row_header=False | metadata=False
Cell A38 | value='Anderson' | fill=00000000 | rows=[37] | cols=[0] | col_header=False | row_header=False | metadata=False
Cell B38 | value='78' | fill=00000000 | rows=[37] | cols=[1] | col_header=False | row_header=False | metadata=False
Cell C38 | value='88' | fill=00000000 | rows=[37] | cols=[2] | col_header=False | row_header=False | metadata=False
Cell D38 | value='81' | fill=00000000 | rows=[37] | cols=[3] | col_header=False | row_header=False | metadata=False
Cell E38 | value='50' | fill=00000000 | rows=[37] | cols=[4] | col_header=False | row_header=False | metadata=False
Cell A39 | value='Smith' | fill=00000000 | rows=[38] | cols=[0] | col_header=False | row_header=False | metadata=False
Cell B39 | value='85' | fill=00000000 | rows=[38] | cols=[1] | col_header=False | row_header=False | metadata=False
Cell C39 | value='50' | fill=00000000 | rows=[38] | cols=[2] | col_header=False | row_header=False | metadata=False
Cell D39 | value='81' | fill=00000000 | rows=[38] | cols=[3] | col_header=False | row_header=False | metadata=False
Cell E39 | value='47' | fill=00000000 | rows=[38] | cols=[4] | col_header=False | row_header=False | metadata=False
Cell A40 | value='Taylor' | fill=00000000 | rows=[39] | cols=[0] | col_header=False | row_header=False | metadata=False
Cell B40 | value='78' | fill=00000000 | rows=[39] | cols=[1] | col_header=False | row_header=False | metadata=False
Cell C40 | value='44' | fill=00000000 | rows=[39] | cols=[2] | col_header=False | row_header=False | metadata=False
Cell D40 | value='99' | fill=00000000 | rows=[39] | cols=[3] | col_header=False | row_header=False | metadata=False
Cell E40 | value='79' | fill=00000000 | rows=[39] | cols=[4] | col_header=False | row_header=False | metadata=False
Cell A41 | value='Brown' | fill=00000000 | rows=[40] | cols=[0] | col_header=False | row_header=False | metadata=False
Cell B41 | value='88' | fill=00000000 | rows=[40] | cols=[1] | col_header=False | row_header=False | metadata=False
Cell C41 | value='25' | fill=00000000 | rows=[40] | cols=[2] | col_header=False | row_header=False | metadata=False
Cell D41 | value='38' | fill=00000000 | rows=[40] | cols=[3] | col_header=False | row_header=False | metadata=False
Cell E41 | value='59' | fill=00000000 | rows=[40] | cols=[4] | col_header=False | row_header=False | metadata=False
Cell A42 | value='Davis' | fill=00000000 | rows=[41] | cols=[0] | col_header=False | row_header=False | metadata=False
Cell B42 | value='26' | fill=00000000 | rows=[41] | cols=[1] | col_header=False | row_header=False | metadata=False
Cell C42 | value='27' | fill=00000000 | rows=[41] | cols=[2] | col_header=False | row_header=False | metadata=False
Cell D42 | value='69' | fill=00000000 | rows=[41] | cols=[3] | col_header=False | row_header=False | metadata=False
Cell E42 | value='89' | fill=00000000 | rows=[41] | cols=[4] | col_header=False | row_header=False | metadata=False
Cell A43 | value='Jackson' | fill=00000000 | rows=[42] | cols=[0] | col_header=False | row_header=False | metadata=False
Cell B43 | value='41' | fill=00000000 | rows=[42] | cols=[1] | col_header=False | row_header=False | metadata=False
Cell C43 | value='75' | fill=00000000 | rows=[42] | cols=[2] | col_header=False | row_header=False | metadata=False
Cell D43 | value='38' | fill=00000000 | rows=[42] | cols=[3] | col_header=False | row_header=False | metadata=False
Cell E43 | value='75' | fill=00000000 | rows=[42] | cols=[4] | col_header=False | row_header=False | metadata=False
Cell A44 | value='White' | fill=00000000 | rows=[43] | cols=[0] | col_header=False | row_header=False | metadata=False
Cell B44 | value='35' | fill=00000000 | rows=[43] | cols=[1] | col_header=False | row_header=False | metadata=False
Cell C44 | value='53' | fill=00000000 | rows=[43] | cols=[2] | col_header=False | row_header=False | metadata=False
Cell D44 | value='98' | fill=00000000 | rows=[43] | cols=[3] | col_header=False | row_header=False | metadata=False
Cell E44 | value='94' | fill=00000000 | rows=[43] | cols=[4] | col_header=False | row_header=False | metadata=False
Cell A45 | value='2013' | fill=9 | rows=[44] | cols=[0, 1, 2, 3, 4] | col_header=False | row_header=False | metadata=False
Cell A46 | value='Moore' | fill=00000000 | rows=[45] | cols=[0] | col_header=False | row_header=False | metadata=False
Cell B46 | value='48' | fill=00000000 | rows=[45] | cols=[1] | col_header=False | row_header=False | metadata=False
Cell C46 | value='66' | fill=00000000 | rows=[45] | cols=[2] | col_header=False | row_header=False | metadata=False
Cell D46 | value='97' | fill=00000000 | rows=[45] | cols=[3] | col_header=False | row_header=False | metadata=False
Cell E46 | value='24' | fill=00000000 | rows=[45] | cols=[4] | col_header=False | row_header=False | metadata=False
Cell A47 | value='White' | fill=00000000 | rows=[46] | cols=[0] | col_header=False | row_header=False | metadata=False
Cell B47 | value='90' | fill=00000000 | rows=[46] | cols=[1] | col_header=False | row_header=False | metadata=False
Cell C47 | value='33' | fill=00000000 | rows=[46] | cols=[2] | col_header=False | row_header=False | metadata=False
Cell D47 | value='31' | fill=00000000 | rows=[46] | cols=[3] | col_header=False | row_header=False | metadata=False
Cell E47 | value='53' | fill=00000000 | rows=[46] | cols=[4] | col_header=False | row_header=False | metadata=False
Cell A48 | value='Miller' | fill=00000000 | rows=[47] | cols=[0] | col_header=False | row_header=False | metadata=False
Cell B48 | value='45' | fill=00000000 | rows=[47] | cols=[1] | col_header=False | row_header=False | metadata=False
Cell C48 | value='58' | fill=00000000 | rows=[47] | cols=[2] | col_header=False | row_header=False | metadata=False
Cell D48 | value='49' | fill=00000000 | rows=[47] | cols=[3] | col_header=False | row_header=False | metadata=False
Cell E48 | value='75' | fill=00000000 | rows=[47] | cols=[4] | col_header=False | row_header=False | metadata=False
Cell A49 | value='Harris' | fill=00000000 | rows=[48] | cols=[0] | col_header=False | row_header=False | metadata=False
Cell B49 | value='38' | fill=00000000 | rows=[48] | cols=[1] | col_header=False | row_header=False | metadata=False
Cell C49 | value='23' | fill=00000000 | rows=[48] | cols=[2] | col_header=False | row_header=False | metadata=False
Cell D49 | value='43' | fill=00000000 | rows=[48] | cols=[3] | col_header=False | row_header=False | metadata=False
Cell E49 | value='62' | fill=00000000 | rows=[48] | cols=[4] | col_header=False | row_header=False | metadata=False
Cell A50 | value='Brown' | fill=00000000 | rows=[49] | cols=[0] | col_header=False | row_header=False | metadata=False
Cell B50 | value='84' | fill=00000000 | rows=[49] | cols=[1] | col_header=False | row_header=False | metadata=False
Cell C50 | value='90' | fill=00000000 | rows=[49] | cols=[2] | col_header=False | row_header=False | metadata=False
Cell D50 | value='50' | fill=00000000 | rows=[49] | cols=[3] | col_header=False | row_header=False | metadata=False
Cell E50 | value='77' | fill=00000000 | rows=[49] | cols=[4] | col_header=False | row_header=False | metadata=False
Cell A51 | value='Moore' | fill=00000000 | rows=[50] | cols=[0] | col_header=False | row_header=False | metadata=False
Cell B51 | value='89' | fill=00000000 | rows=[50] | cols=[1] | col_header=False | row_header=False | metadata=False
Cell C51 | value='68' | fill=00000000 | rows=[50] | cols=[2] | col_header=False | row_header=False | metadata=False
Cell D51 | value='78' | fill=00000000 | rows=[50] | cols=[3] | col_header=False | row_header=False | metadata=False
Cell E51 | value='98' | fill=00000000 | rows=[50] | cols=[4] | col_header=False | row_header=False | metadata=False
Cell A52 | value='Jackson' | fill=00000000 | rows=[51] | cols=[0] | col_header=False | row_header=False | metadata=False
Cell B52 | value='65' | fill=00000000 | rows=[51] | cols=[1] | col_header=False | row_header=False | metadata=False
Cell C52 | value='90' | fill=00000000 | rows=[51] | cols=[2] | col_header=False | row_header=False | metadata=False
Cell D52 | value='58' | fill=00000000 | rows=[51] | cols=[3] | col_header=False | row_header=False | metadata=False
Cell E52 | value='70' | fill=00000000 | rows=[51] | cols=[4] | col_header=False | row_header=False | metadata=False
Cell A53 | value='Jackson' | fill=00000000 | rows=[52] | cols=[0] | col_header=False | row_header=False | metadata=False
Cell B53 | value='93' | fill=00000000 | rows=[52] | cols=[1] | col_header=False | row_header=False | metadata=False
Cell C53 | value='92' | fill=00000000 | rows=[52] | cols=[2] | col_header=False | row_header=False | metadata=False
Cell D53 | value='65' | fill=00000000 | rows=[52] | cols=[3] | col_header=False | row_header=False | metadata=False
Cell E53 | value='50' | fill=00000000 | rows=[52] | cols=[4] | col_header=False | row_header=False | metadata=False
Cell A54 | value='Jones' | fill=00000000 | rows=[53] | cols=[0] | col_header=False | row_header=False | metadata=False
Cell B54 | value='41' | fill=00000000 | rows=[53] | cols=[1] | col_header=False | row_header=False | metadata=False
Cell C54 | value='70' | fill=00000000 | rows=[53] | cols=[2] | col_header=False | row_header=False | metadata=False
Cell D54 | value='23' | fill=00000000 | rows=[53] | cols=[3] | col_header=False | row_header=False | metadata=False
Cell E54 | value='55' | fill=00000000 | rows=[53] | cols=[4] | col_header=False | row_header=False | metadata=False
Cell A55 | value='Harris' | fill=00000000 | rows=[54] | cols=[0] | col_header=False | row_header=False | metadata=False
Cell B55 | value='83' | fill=00000000 | rows=[54] | cols=[1] | col_header=False | row_header=False | metadata=False
Cell C55 | value='25' | fill=00000000 | rows=[54] | cols=[2] | col_header=False | row_header=False | metadata=False
Cell D55 | value='63' | fill=00000000 | rows=[54] | cols=[3] | col_header=False | row_header=False | metadata=False
Cell E55 | value='95' | fill=00000000 | rows=[54] | cols=[4] | col_header=False | row_header=False | metadata=False
Cell A56 | value='Thomas' | fill=00000000 | rows=[55] | cols=[0] | col_header=False | row_header=False | metadata=False
Cell B56 | value='75' | fill=00000000 | rows=[55] | cols=[1] | col_header=False | row_header=False | metadata=False
Cell C56 | value='39' | fill=00000000 | rows=[55] | cols=[2] | col_header=False | row_header=False | metadata=False
Cell D56 | value='85' | fill=00000000 | rows=[55] | cols=[3] | col_header=False | row_header=False | metadata=False
Cell E56 | value='57' | fill=00000000 | rows=[55] | cols=[4] | col_header=False | row_header=False | metadata=False
Cell A57 | value='Thomas' | fill=00000000 | rows=[56] | cols=[0] | col_header=False | row_header=False | metadata=False
Cell B57 | value='32' | fill=00000000 | rows=[56] | cols=[1] | col_header=False | row_header=False | metadata=False
Cell C57 | value='81' | fill=00000000 | rows=[56] | cols=[2] | col_header=False | row_header=False | metadata=False
Cell D57 | value='66' | fill=00000000 | rows=[56] | cols=[3] | col_header=False | row_header=False | metadata=False
Cell E57 | value='67' | fill=00000000 | rows=[56] | cols=[4] | col_header=False | row_header=False | metadata=False
Cell A58 | value='Smith' | fill=00000000 | rows=[57] | cols=[0] | col_header=False | row_header=False | metadata=False
Cell B58 | value='34' | fill=00000000 | rows=[57] | cols=[1] | col_header=False | row_header=False | metadata=False
Cell C58 | value='55' | fill=00000000 | rows=[57] | cols=[2] | col_header=False | row_header=False | metadata=False
Cell D58 | value='81' | fill=00000000 | rows=[57] | cols=[3] | col_header=False | row_header=False | metadata=False
Cell E58 | value='38' | fill=00000000 | rows=[57] | cols=[4] | col_header=False | row_header=False | metadata=False
Cell A59 | value='Miller' | fill=00000000 | rows=[58] | cols=[0] | col_header=False | row_header=False | metadata=False
Cell B59 | value='39' | fill=00000000 | rows=[58] | cols=[1] | col_header=False | row_header=False | metadata=False
Cell C59 | value='73' | fill=00000000 | rows=[58] | cols=[2] | col_header=False | row_header=False | metadata=False
Cell D59 | value='27' | fill=00000000 | rows=[58] | cols=[3] | col_header=False | row_header=False | metadata=False
Cell E59 | value='85' | fill=00000000 | rows=[58] | cols=[4] | col_header=False | row_header=False | metadata=False
Cell A60 | value='Thomas' | fill=00000000 | rows=[59] | cols=[0] | col_header=False | row_header=False | metadata=False
Cell B60 | value='45' | fill=00000000 | rows=[59] | cols=[1] | col_header=False | row_header=False | metadata=False
Cell C60 | value='85' | fill=00000000 | rows=[59] | cols=[2] | col_header=False | row_header=False | metadata=False
Cell D60 | value='67' | fill=00000000 | rows=[59] | cols=[3] | col_header=False | row_header=False | metadata=False
Cell E60 | value='20' | fill=00000000 | rows=[59] | cols=[4] | col_header=False | row_header=False | metadata=False
Cell A61 | value='Johnson' | fill=00000000 | rows=[60] | cols=[0] | col_header=False | row_header=False | metadata=False
Cell B61 | value='88' | fill=00000000 | rows=[60] | cols=[1] | col_header=False | row_header=False | metadata=False
Cell C61 | value='98' | fill=00000000 | rows=[60] | cols=[2] | col_header=False | row_header=False | metadata=False
Cell D61 | value='59' | fill=00000000 | rows=[60] | cols=[3] | col_header=False | row_header=False | metadata=False
Cell E61 | value='90' | fill=00000000 | rows=[60] | cols=[4] | col_header=False | row_header=False | metadata=False
Cell A62 | value='Davis' | fill=00000000 | rows=[61] | cols=[0] | col_header=False | row_header=False | metadata=False
Cell B62 | value='76' | fill=00000000 | rows=[61] | cols=[1] | col_header=False | row_header=False | metadata=False
Cell C62 | value='21' | fill=00000000 | rows=[61] | cols=[2] | col_header=False | row_header=False | metadata=False
Cell D62 | value='76' | fill=00000000 | rows=[61] | cols=[3] | col_header=False | row_header=False | metadata=False
Cell E62 | value='57' | fill=00000000 | rows=[61] | cols=[4] | col_header=False | row_header=False | metadata=False
Cell A63 | value='White' | fill=00000000 | rows=[62] | cols=[0] | col_header=False | row_header=False | metadata=False
Cell B63 | value='52' | fill=00000000 | rows=[62] | cols=[1] | col_header=False | row_header=False | metadata=False
Cell C63 | value='82' | fill=00000000 | rows=[62] | cols=[2] | col_header=False | row_header=False | metadata=False
Cell D63 | value='97' | fill=00000000 | rows=[62] | cols=[3] | col_header=False | row_header=False | metadata=False
Cell E63 | value='27' | fill=00000000 | rows=[62] | cols=[4] | col_header=False | row_header=False | metadata=False
Cell A64 | value='Williams' | fill=00000000 | rows=[63] | cols=[0] | col_header=False | row_header=False | metadata=False
Cell B64 | value='79' | fill=00000000 | rows=[63] | cols=[1] | col_header=False | row_header=False | metadata=False
Cell C64 | value='44' | fill=00000000 | rows=[63] | cols=[2] | col_header=False | row_header=False | metadata=False
Cell D64 | value='70' | fill=00000000 | rows=[63] | cols=[3] | col_header=False | row_header=False | metadata=False
Cell E64 | value='64' | fill=00000000 | rows=[63] | cols=[4] | col_header=False | row_header=False | metadata=False
Cell A65 | value='Anderson' | fill=00000000 | rows=[64] | cols=[0] | col_header=False | row_header=False | metadata=False
Cell B65 | value='65' | fill=00000000 | rows=[64] | cols=[1] | col_header=False | row_header=False | metadata=False
Cell C65 | value='32' | fill=00000000 | rows=[64] | cols=[2] | col_header=False | row_header=False | metadata=False
Cell D65 | value='85' | fill=00000000 | rows=[64] | cols=[3] | col_header=False | row_header=False | metadata=False
Cell E65 | value='71' | fill=00000000 | rows=[64] | cols=[4] | col_header=False | row_header=False | metadata=False
Cell A66 | value='Wilson' | fill=00000000 | rows=[65] | cols=[0] | col_header=False | row_header=False | metadata=False
Cell B66 | value='82' | fill=00000000 | rows=[65] | cols=[1] | col_header=False | row_header=False | metadata=False
Cell C66 | value='72' | fill=00000000 | rows=[65] | cols=[2] | col_header=False | row_header=False | metadata=False
Cell D66 | value='83' | fill=00000000 | rows=[65] | cols=[3] | col_header=False | row_header=False | metadata=False
Cell E66 | value='44' | fill=00000000 | rows=[65] | cols=[4] | col_header=False | row_header=False | metadata=False
Cell A67 | value='Brown' | fill=00000000 | rows=[66] | cols=[0] | col_header=False | row_header=False | metadata=False
Cell B67 | value='81' | fill=00000000 | rows=[66] | cols=[1] | col_header=False | row_header=False | metadata=False
Cell C67 | value='83' | fill=00000000 | rows=[66] | cols=[2] | col_header=False | row_header=False | metadata=False
Cell D67 | value='69' | fill=00000000 | rows=[66] | cols=[3] | col_header=False | row_header=False | metadata=False
Cell E67 | value='69' | fill=00000000 | rows=[66] | cols=[4] | col_header=False | row_header=False | metadata=False
Cell A68 | value='White' | fill=00000000 | rows=[67] | cols=[0] | col_header=False | row_header=False | metadata=False
Cell B68 | value='71' | fill=00000000 | rows=[67] | cols=[1] | col_header=False | row_header=False | metadata=False
Cell C68 | value='87' | fill=00000000 | rows=[67] | cols=[2] | col_header=False | row_header=False | metadata=False
Cell D68 | value='63' | fill=00000000 | rows=[67] | cols=[3] | col_header=False | row_header=False | metadata=False
Cell E68 | value='75' | fill=00000000 | rows=[67] | cols=[4] | col_header=False | row_header=False | metadata=False
Cell A69 | value='Wilson' | fill=00000000 | rows=[68] | cols=[0] | col_header=False | row_header=False | metadata=False
Cell B69 | value='25' | fill=00000000 | rows=[68] | cols=[1] | col_header=False | row_header=False | metadata=False
Cell C69 | value='57' | fill=00000000 | rows=[68] | cols=[2] | col_header=False | row_header=False | metadata=False
Cell D69 | value='23' | fill=00000000 | rows=[68] | cols=[3] | col_header=False | row_header=False | metadata=False
Cell E69 | value='56' | fill=00000000 | rows=[68] | cols=[4] | col_header=False | row_header=False | metadata=False
Cell A70 | value='Anderson' | fill=00000000 | rows=[69] | cols=[0] | col_header=False | row_header=False | metadata=False
Cell B70 | value='71' | fill=00000000 | rows=[69] | cols=[1] | col_header=False | row_header=False | metadata=False
Cell C70 | value='48' | fill=00000000 | rows=[69] | cols=[2] | col_header=False | row_header=False | metadata=False
Cell D70 | value='61' | fill=00000000 | rows=[69] | cols=[3] | col_header=False | row_header=False | metadata=False
Cell E70 | value='86' | fill=00000000 | rows=[69] | cols=[4] | col_header=False | row_header=False | metadata=False
Cell A71 | value='Moore' | fill=00000000 | rows=[70] | cols=[0] | col_header=False | row_header=False | metadata=False
Cell B71 | value='45' | fill=00000000 | rows=[70] | cols=[1] | col_header=False | row_header=False | metadata=False
Cell C71 | value='64' | fill=00000000 | rows=[70] | cols=[2] | col_header=False | row_header=False | metadata=False
Cell D71 | value='36' | fill=00000000 | rows=[70] | cols=[3] | col_header=False | row_header=False | metadata=False
Cell E71 | value='74' | fill=00000000 | rows=[70] | cols=[4] | col_header=False | row_header=False | metadata=False
Cell A72 | value='Brown' | fill=00000000 | rows=[71] | cols=[0] | col_header=False | row_header=False | metadata=False
Cell B72 | value='56' | fill=00000000 | rows=[71] | cols=[1] | col_header=False | row_header=False | metadata=False
Cell C72 | value='96' | fill=00000000 | rows=[71] | cols=[2] | col_header=False | row_header=False | metadata=False
Cell D72 | value='32' | fill=00000000 | rows=[71] | cols=[3] | col_header=False | row_header=False | metadata=False
Cell E72 | value='89' | fill=00000000 | rows=[71] | cols=[4] | col_header=False | row_header=False | metadata=False
Cell A73 | value='Anderson' | fill=00000000 | rows=[72] | cols=[0] | col_header=False | row_header=False | metadata=False
Cell B73 | value='53' | fill=00000000 | rows=[72] | cols=[1] | col_header=False | row_header=False | metadata=False
Cell C73 | value='57' | fill=00000000 | rows=[72] | cols=[2] | col_header=False | row_header=False | metadata=False
Cell D73 | value='43' | fill=00000000 | rows=[72] | cols=[3] | col_header=False | row_header=False | metadata=False
Cell E73 | value='43' | fill=00000000 | rows=[72] | cols=[4] | col_header=False | row_header=False | metadata=False
Cell A74 | value='Brown' | fill=00000000 | rows=[73] | cols=[0] | col_header=False | row_header=False | metadata=False
Cell B74 | value='33' | fill=00000000 | rows=[73] | cols=[1] | col_header=False | row_header=False | metadata=False
Cell C74 | value='48' | fill=00000000 | rows=[73] | cols=[2] | col_header=False | row_header=False | metadata=False
Cell D74 | value='98' | fill=00000000 | rows=[73] | cols=[3] | col_header=False | row_header=False | metadata=False
Cell E74 | value='86' | fill=00000000 | rows=[73] | cols=[4] | col_header=False | row_header=False | metadata=False
Cell A75 | value='Jones' | fill=00000000 | rows=[74] | cols=[0] | col_header=False | row_header=False | metadata=False
Cell B75 | value='54' | fill=00000000 | rows=[74] | cols=[1] | col_header=False | row_header=False | metadata=False
Cell C75 | value='29' | fill=00000000 | rows=[74] | cols=[2] | col_header=False | row_header=False | metadata=False
Cell D75 | value='61' | fill=00000000 | rows=[74] | cols=[3] | col_header=False | row_header=False | metadata=False
Cell E75 | value='47' | fill=00000000 | rows=[74] | cols=[4] | col_header=False | row_header=False | metadata=False
Cell A76 | value='Thomas' | fill=00000000 | rows=[75] | cols=[0] | col_header=False | row_header=False | metadata=False
Cell B76 | value='80' | fill=00000000 | rows=[75] | cols=[1] | col_header=False | row_header=False | metadata=False
Cell C76 | value='61' | fill=00000000 | rows=[75] | cols=[2] | col_header=False | row_header=False | metadata=False
Cell D76 | value='21' | fill=00000000 | rows=[75] | cols=[3] | col_header=False | row_header=False | metadata=False
Cell E76 | value='89' | fill=00000000 | rows=[75] | cols=[4] | col_header=False | row_header=False | metadata=False
Cell A77 | value='Miller' | fill=00000000 | rows=[76] | cols=[0] | col_header=False | row_header=False | metadata=False
Cell B77 | value='57' | fill=00000000 | rows=[76] | cols=[1] | col_header=False | row_header=False | metadata=False
Cell C77 | value='50' | fill=00000000 | rows=[76] | cols=[2] | col_header=False | row_header=False | metadata=False
Cell D77 | value='50' | fill=00000000 | rows=[76] | cols=[3] | col_header=False | row_header=False | metadata=False
Cell E77 | value='51' | fill=00000000 | rows=[76] | cols=[4] | col_header=False | row_header=False | metadata=False
Cell A78 | value='Thomas' | fill=00000000 | rows=[77] | cols=[0] | col_header=False | row_header=False | metadata=False
Cell B78 | value='95' | fill=00000000 | rows=[77] | cols=[1] | col_header=False | row_header=False | metadata=False
Cell C78 | value='84' | fill=00000000 | rows=[77] | cols=[2] | col_header=False | row_header=False | metadata=False
Cell D78 | value='77' | fill=00000000 | rows=[77] | cols=[3] | col_header=False | row_header=False | metadata=False
Cell E78 | value='49' | fill=00000000 | rows=[77] | cols=[4] | col_header=False | row_header=False | metadata=False
Cell A79 | value='Smith' | fill=00000000 | rows=[78] | cols=[0] | col_header=False | row_header=False | metadata=False
Cell B79 | value='69' | fill=00000000 | rows=[78] | cols=[1] | col_header=False | row_header=False | metadata=False
Cell C79 | value='92' | fill=00000000 | rows=[78] | cols=[2] | col_header=False | row_header=False | metadata=False
Cell D79 | value='40' | fill=00000000 | rows=[78] | cols=[3] | col_header=False | row_header=False | metadata=False
Cell E79 | value='33' | fill=00000000 | rows=[78] | cols=[4] | col_header=False | row_header=False | metadata=False
Cell A80 | value='Moore' | fill=00000000 | rows=[79] | cols=[0] | col_header=False | row_header=False | metadata=False
Cell B80 | value='85' | fill=00000000 | rows=[79] | cols=[1] | col_header=False | row_header=False | metadata=False
Cell C80 | value='55' | fill=00000000 | rows=[79] | cols=[2] | col_header=False | row_header=False | metadata=False
Cell D80 | value='58' | fill=00000000 | rows=[79] | cols=[3] | col_header=False | row_header=False | metadata=False
Cell E80 | value='25' | fill=00000000 | rows=[79] | cols=[4] | col_header=False | row_header=False | metadata=False
Cell A81 | value='Anderson' | fill=00000000 | rows=[80] | cols=[0] | col_header=False | row_header=False | metadata=False
Cell B81 | value='73' | fill=00000000 | rows=[80] | cols=[1] | col_header=False | row_header=False | metadata=False
Cell C81 | value='69' | fill=00000000 | rows=[80] | cols=[2] | col_header=False | row_header=False | metadata=False
Cell D81 | value='82' | fill=00000000 | rows=[80] | cols=[3] | col_header=False | row_header=False | metadata=False
Cell E81 | value='53' | fill=00000000 | rows=[80] | cols=[4] | col_header=False | row_header=False | metadata=False
Cell A82 | value='Moore' | fill=00000000 | rows=[81] | cols=[0] | col_header=False | row_header=False | metadata=False
Cell B82 | value='95' | fill=00000000 | rows=[81] | cols=[1] | col_header=False | row_header=False | metadata=False
Cell C82 | value='89' | fill=00000000 | rows=[81] | cols=[2] | col_header=False | row_header=False | metadata=False
Cell D82 | value='84' | fill=00000000 | rows=[81] | cols=[3] | col_header=False | row_header=False | metadata=False
Cell E82 | value='27' | fill=00000000 | rows=[81] | cols=[4] | col_header=False | row_header=False | metadata=False
Cell A83 | value='Moore' | fill=00000000 | rows=[82] | cols=[0] | col_header=False | row_header=False | metadata=False
Cell B83 | value='79' | fill=00000000 | rows=[82] | cols=[1] | col_header=False | row_header=False | metadata=False
Cell C83 | value='57' | fill=00000000 | rows=[82] | cols=[2] | col_header=False | row_header=False | metadata=False
Cell D83 | value='85' | fill=00000000 | rows=[82] | cols=[3] | col_header=False | row_header=False | metadata=False
Cell E83 | value='46' | fill=00000000 | rows=[82] | cols=[4] | col_header=False | row_header=False | metadata=False
Cell A84 | value='Jackson' | fill=00000000 | rows=[83] | cols=[0] | col_header=False | row_header=False | metadata=False
Cell B84 | value='80' | fill=00000000 | rows=[83] | cols=[1] | col_header=False | row_header=False | metadata=False
Cell C84 | value='59' | fill=00000000 | rows=[83] | cols=[2] | col_header=False | row_header=False | metadata=False
Cell D84 | value='50' | fill=00000000 | rows=[83] | cols=[3] | col_header=False | row_header=False | metadata=False
Cell E84 | value='57' | fill=00000000 | rows=[83] | cols=[4] | col_header=False | row_header=False | metadata=False
Cell A85 | value='Johnson' | fill=00000000 | rows=[84] | cols=[0] | col_header=False | row_header=False | metadata=False
Cell B85 | value='25' | fill=00000000 | rows=[84] | cols=[1] | col_header=False | row_header=False | metadata=False
Cell C85 | value='75' | fill=00000000 | rows=[84] | cols=[2] | col_header=False | row_header=False | metadata=False
Cell D85 | value='54' | fill=00000000 | rows=[84] | cols=[3] | col_header=False | row_header=False | metadata=False
Cell E85 | value='75' | fill=00000000 | rows=[84] | cols=[4] | col_header=False | row_header=False | metadata=False
Cell A86 | value='Jackson' | fill=00000000 | rows=[85] | cols=[0] | col_header=False | row_header=False | metadata=False
Cell B86 | value='53' | fill=00000000 | rows=[85] | cols=[1] | col_header=False | row_header=False | metadata=False
Cell C86 | value='26' | fill=00000000 | rows=[85] | cols=[2] | col_header=False | row_header=False | metadata=False
Cell D86 | value='50' | fill=00000000 | rows=[85] | cols=[3] | col_header=False | row_header=False | metadata=False
Cell E86 | value='26' | fill=00000000 | rows=[85] | cols=[4] | col_header=False | row_header=False | metadata=False
Cell A87 | value='Jackson' | fill=00000000 | rows=[86] | cols=[0] | col_header=False | row_header=False | metadata=False
Cell B87 | value='53' | fill=00000000 | rows=[86] | cols=[1] | col_header=False | row_header=False | metadata=False
Cell C87 | value='26' | fill=00000000 | rows=[86] | cols=[2] | col_header=False | row_header=False | metadata=False
Cell D87 | value='50' | fill=00000000 | rows=[86] | cols=[3] | col_header=False | row_header=False | metadata=False
Cell E87 | value='7' | fill=00000000 | rows=[86] | cols=[4] | col_header=False | row_header=False | metadata=False
Cell A88 | value='2014' | fill=9 | rows=[87] | cols=[0, 1, 2, 3, 4] | col_header=False | row_header=False | metadata=False
Cell A89 | value='Smith' | fill=00000000 | rows=[88] | cols=[0] | col_header=False | row_header=False | metadata=False
Cell B89 | value='56' | fill=00000000 | rows=[88] | cols=[1] | col_header=False | row_header=False | metadata=False
Cell C89 | value='75' | fill=00000000 | rows=[88] | cols=[2] | col_header=False | row_header=False | metadata=False
Cell D89 | value='60' | fill=00000000 | rows=[88] | cols=[3] | col_header=False | row_header=False | metadata=False
Cell E89 | value='52' | fill=00000000 | rows=[88] | cols=[4] | col_header=False | row_header=False | metadata=False
Cell A90 | value='Johnson' | fill=00000000 | rows=[89] | cols=[0] | col_header=False | row_header=False | metadata=False
Cell B90 | value='64' | fill=00000000 | rows=[89] | cols=[1] | col_header=False | row_header=False | metadata=False
Cell C90 | value='45' | fill=00000000 | rows=[89] | cols=[2] | col_header=False | row_header=False | metadata=False
Cell D90 | value='31' | fill=00000000 | rows=[89] | cols=[3] | col_header=False | row_header=False | metadata=False
Cell E90 | value='69' | fill=00000000 | rows=[89] | cols=[4] | col_header=False | row_header=False | metadata=False
Cell A91 | value='Thomas' | fill=00000000 | rows=[90] | cols=[0] | col_header=False | row_header=False | metadata=False
Cell B91 | value='77' | fill=00000000 | rows=[90] | cols=[1] | col_header=False | row_header=False | metadata=False
Cell C91 | value='78' | fill=00000000 | rows=[90] | cols=[2] | col_header=False | row_header=False | metadata=False
Cell D91 | value='68' | fill=00000000 | rows=[90] | cols=[3] | col_header=False | row_header=False | metadata=False
Cell E91 | value='67' | fill=00000000 | rows=[90] | cols=[4] | col_header=False | row_header=False | metadata=False
Cell A92 | value='Williams' | fill=00000000 | rows=[91] | cols=[0] | col_header=False | row_header=False | metadata=False
Cell B92 | value='74' | fill=00000000 | rows=[91] | cols=[1] | col_header=False | row_header=False | metadata=False
Cell C92 | value='91' | fill=00000000 | rows=[91] | cols=[2] | col_header=False | row_header=False | metadata=False
Cell D92 | value='92' | fill=00000000 | rows=[91] | cols=[3] | col_header=False | row_header=False | metadata=False
Cell E92 | value='53' | fill=00000000 | rows=[91] | cols=[4] | col_header=False | row_header=False | metadata=False
Cell A93 | value='Johnson' | fill=00000000 | rows=[92] | cols=[0] | col_header=False | row_header=False | metadata=False
Cell B93 | value='30' | fill=00000000 | rows=[92] | cols=[1] | col_header=False | row_header=False | metadata=False
Cell C93 | value='43' | fill=00000000 | rows=[92] | cols=[2] | col_header=False | row_header=False | metadata=False
Cell D93 | value='40' | fill=00000000 | rows=[92] | cols=[3] | col_header=False | row_header=False | metadata=False
Cell E93 | value='70' | fill=00000000 | rows=[92] | cols=[4] | col_header=False | row_header=False | metadata=False
Cell A94 | value='Smith' | fill=00000000 | rows=[93] | cols=[0] | col_header=False | row_header=False | metadata=False
Cell B94 | value='95' | fill=00000000 | rows=[93] | cols=[1] | col_header=False | row_header=False | metadata=False
Cell C94 | value='98' | fill=00000000 | rows=[93] | cols=[2] | col_header=False | row_header=False | metadata=False
Cell D94 | value='38' | fill=00000000 | rows=[93] | cols=[3] | col_header=False | row_header=False | metadata=False
Cell E94 | value='91' | fill=00000000 | rows=[93] | cols=[4] | col_header=False | row_header=False | metadata=False
Cell A95 | value='Thomas' | fill=00000000 | rows=[94] | cols=[0] | col_header=False | row_header=False | metadata=False
Cell B95 | value='65' | fill=00000000 | rows=[94] | cols=[1] | col_header=False | row_header=False | metadata=False
Cell C95 | value='82' | fill=00000000 | rows=[94] | cols=[2] | col_header=False | row_header=False | metadata=False
Cell D95 | value='43' | fill=00000000 | rows=[94] | cols=[3] | col_header=False | row_header=False | metadata=False
Cell E95 | value='20' | fill=00000000 | rows=[94] | cols=[4] | col_header=False | row_header=False | metadata=False
Cell A96 | value='Johnson' | fill=00000000 | rows=[95] | cols=[0] | col_header=False | row_header=False | metadata=False
Cell B96 | value='33' | fill=00000000 | rows=[95] | cols=[1] | col_header=False | row_header=False | metadata=False
Cell C96 | value='46' | fill=00000000 | rows=[95] | cols=[2] | col_header=False | row_header=False | metadata=False
Cell D96 | value='24' | fill=00000000 | rows=[95] | cols=[3] | col_header=False | row_header=False | metadata=False
Cell E96 | value='47' | fill=00000000 | rows=[95] | cols=[4] | col_header=False | row_header=False | metadata=False
Cell A97 | value='Williams' | fill=00000000 | rows=[96] | cols=[0] | col_header=False | row_header=False | metadata=False
Cell B97 | value='48' | fill=00000000 | rows=[96] | cols=[1] | col_header=False | row_header=False | metadata=False
Cell C97 | value='56' | fill=00000000 | rows=[96] | cols=[2] | col_header=False | row_header=False | metadata=False
Cell D97 | value='94' | fill=00000000 | rows=[96] | cols=[3] | col_header=False | row_header=False | metadata=False
Cell E97 | value='94' | fill=00000000 | rows=[96] | cols=[4] | col_header=False | row_header=False | metadata=False
Cell A98 | value='Wilson' | fill=00000000 | rows=[97] | cols=[0] | col_header=False | row_header=False | metadata=False
Cell B98 | value='46' | fill=00000000 | rows=[97] | cols=[1] | col_header=False | row_header=False | metadata=False
Cell C98 | value='57' | fill=00000000 | rows=[97] | cols=[2] | col_header=False | row_header=False | metadata=False
Cell D98 | value='85' | fill=00000000 | rows=[97] | cols=[3] | col_header=False | row_header=False | metadata=False
Cell E98 | value='45' | fill=00000000 | rows=[97] | cols=[4] | col_header=False | row_header=False | metadata=False
Cell A99 | value='Jackson' | fill=00000000 | rows=[98] | cols=[0] | col_header=False | row_header=False | metadata=False
Cell B99 | value='48' | fill=00000000 | rows=[98] | cols=[1] | col_header=False | row_header=False | metadata=False
Cell C99 | value='90' | fill=00000000 | rows=[98] | cols=[2] | col_header=False | row_header=False | metadata=False
Cell D99 | value='53' | fill=00000000 | rows=[98] | cols=[3] | col_header=False | row_header=False | metadata=False
Cell E99 | value='70' | fill=00000000 | rows=[98] | cols=[4] | col_header=False | row_header=False | metadata=False
Cell A100 | value='Brown' | fill=00000000 | rows=[99] | cols=[0] | col_header=False | row_header=False | metadata=False
Cell B100 | value='76' | fill=00000000 | rows=[99] | cols=[1] | col_header=False | row_header=False | metadata=False
Cell C100 | value='89' | fill=00000000 | rows=[99] | cols=[2] | col_header=False | row_header=False | metadata=False
Cell D100 | value='95' | fill=00000000 | rows=[99] | cols=[3] | col_header=False | row_header=False | metadata=False
Cell E100 | value='37' | fill=00000000 | rows=[99] | cols=[4] | col_header=False | row_header=False | metadata=False
Cell A101 | value='Taylor' | fill=00000000 | rows=[100] | cols=[0] | col_header=False | row_header=False | metadata=False
Cell B101 | value='45' | fill=00000000 | rows=[100] | cols=[1] | col_header=False | row_header=False | metadata=False
Cell C101 | value='68' | fill=00000000 | rows=[100] | cols=[2] | col_header=False | row_header=False | metadata=False
Cell D101 | value='83' | fill=00000000 | rows=[100] | cols=[3] | col_header=False | row_header=False | metadata=False
Cell E101 | value='96' | fill=00000000 | rows=[100] | cols=[4] | col_header=False | row_header=False | metadata=False
Cell A102 | value='Moore' | fill=00000000 | rows=[101] | cols=[0] | col_header=False | row_header=False | metadata=False
Cell B102 | value='84' | fill=00000000 | rows=[101] | cols=[1] | col_header=False | row_header=False | metadata=False
Cell C102 | value='74' | fill=00000000 | rows=[101] | cols=[2] | col_header=False | row_header=False | metadata=False
Cell D102 | value='55' | fill=00000000 | rows=[101] | cols=[3] | col_header=False | row_header=False | metadata=False
Cell E102 | value='59' | fill=00000000 | rows=[101] | cols=[4] | col_header=False | row_header=False | metadata=False
Cell A103 | value='White' | fill=00000000 | rows=[102] | cols=[0] | col_header=False | row_header=False | metadata=False
Cell B103 | value='94' | fill=00000000 | rows=[102] | cols=[1] | col_header=False | row_header=False | metadata=False
Cell C103 | value='82' | fill=00000000 | rows=[102] | cols=[2] | col_header=False | row_header=False | metadata=False
Cell D103 | value='54' | fill=00000000 | rows=[102] | cols=[3] | col_header=False | row_header=False | metadata=False
Cell E103 | value='67' | fill=00000000 | rows=[102] | cols=[4] | col_header=False | row_header=False | metadata=False
Cell A104 | value='Thomas' | fill=00000000 | rows=[103] | cols=[0] | col_header=False | row_header=False | metadata=False
Cell B104 | value='34' | fill=00000000 | rows=[103] | cols=[1] | col_header=False | row_header=False | metadata=False
Cell C104 | value='50' | fill=00000000 | rows=[103] | cols=[2] | col_header=False | row_header=False | metadata=False
Cell D104 | value='68' | fill=00000000 | rows=[103] | cols=[3] | col_header=False | row_header=False | metadata=False
Cell E104 | value='49' | fill=00000000 | rows=[103] | cols=[4] | col_header=False | row_header=False | metadata=False
Cell A105 | value='White' | fill=00000000 | rows=[104] | cols=[0] | col_header=False | row_header=False | metadata=False
Cell B105 | value='66' | fill=00000000 | rows=[104] | cols=[1] | col_header=False | row_header=False | metadata=False
Cell C105 | value='21' | fill=00000000 | rows=[104] | cols=[2] | col_header=False | row_header=False | metadata=False
Cell D105 | value='71' | fill=00000000 | rows=[104] | cols=[3] | col_header=False | row_header=False | metadata=False
Cell E105 | value='55' | fill=00000000 | rows=[104] | cols=[4] | col_header=False | row_header=False | metadata=False
Cell A106 | value='Williams' | fill=00000000 | rows=[105] | cols=[0] | col_header=False | row_header=False | metadata=False
Cell B106 | value='97' | fill=00000000 | rows=[105] | cols=[1] | col_header=False | row_header=False | metadata=False
Cell C106 | value='63' | fill=00000000 | rows=[105] | cols=[2] | col_header=False | row_header=False | metadata=False
Cell D106 | value='82' | fill=00000000 | rows=[105] | cols=[3] | col_header=False | row_header=False | metadata=False
Cell E106 | value='37' | fill=00000000 | rows=[105] | cols=[4] | col_header=False | row_header=False | metadata=False
Cell A107 | value='Thomas' | fill=00000000 | rows=[106] | cols=[0] | col_header=False | row_header=False | metadata=False
Cell B107 | value='34' | fill=00000000 | rows=[106] | cols=[1] | col_header=False | row_header=False | metadata=False
Cell C107 | value='35' | fill=00000000 | rows=[106] | cols=[2] | col_header=False | row_header=False | metadata=False
Cell D107 | value='34' | fill=00000000 | rows=[106] | cols=[3] | col_header=False | row_header=False | metadata=False
Cell E107 | value='92' | fill=00000000 | rows=[106] | cols=[4] | col_header=False | row_header=False | metadata=False
Cell A108 | value='Brown' | fill=00000000 | rows=[107] | cols=[0] | col_header=False | row_header=False | metadata=False
Cell B108 | value='20' | fill=00000000 | rows=[107] | cols=[1] | col_header=False | row_header=False | metadata=False
Cell C108 | value='75' | fill=00000000 | rows=[107] | cols=[2] | col_header=False | row_header=False | metadata=False
Cell D108 | value='63' | fill=00000000 | rows=[107] | cols=[3] | col_header=False | row_header=False | metadata=False
Cell E108 | value='34' | fill=00000000 | rows=[107] | cols=[4] | col_header=False | row_header=False | metadata=False
Cell A109 | value='Miller' | fill=00000000 | rows=[108] | cols=[0] | col_header=False | row_header=False | metadata=False
Cell B109 | value='75' | fill=00000000 | rows=[108] | cols=[1] | col_header=False | row_header=False | metadata=False
Cell C109 | value='99' | fill=00000000 | rows=[108] | cols=[2] | col_header=False | row_header=False | metadata=False
Cell D109 | value='43' | fill=00000000 | rows=[108] | cols=[3] | col_header=False | row_header=False | metadata=False
Cell E109 | value='85' | fill=00000000 | rows=[108] | cols=[4] | col_header=False | row_header=False | metadata=False
Cell A110 | value='Wilson' | fill=00000000 | rows=[109] | cols=[0] | col_header=False | row_header=False | metadata=False
Cell B110 | value='23' | fill=00000000 | rows=[109] | cols=[1] | col_header=False | row_header=False | metadata=False
Cell C110 | value='84' | fill=00000000 | rows=[109] | cols=[2] | col_header=False | row_header=False | metadata=False
Cell D110 | value='90' | fill=00000000 | rows=[109] | cols=[3] | col_header=False | row_header=False | metadata=False
Cell E110 | value='54' | fill=00000000 | rows=[109] | cols=[4] | col_header=False | row_header=False | metadata=False
Cell A111 | value='White' | fill=00000000 | rows=[110] | cols=[0] | col_header=False | row_header=False | metadata=False
Cell B111 | value='93' | fill=00000000 | rows=[110] | cols=[1] | col_header=False | row_header=False | metadata=False
Cell C111 | value='36' | fill=00000000 | rows=[110] | cols=[2] | col_header=False | row_header=False | metadata=False
Cell D111 | value='97' | fill=00000000 | rows=[110] | cols=[3] | col_header=False | row_header=False | metadata=False
Cell E111 | value='97' | fill=00000000 | rows=[110] | cols=[4] | col_header=False | row_header=False | metadata=False
Cell A112 | value='Johnson' | fill=00000000 | rows=[111] | cols=[0] | col_header=False | row_header=False | metadata=False
Cell B112 | value='22' | fill=00000000 | rows=[111] | cols=[1] | col_header=False | row_header=False | metadata=False
Cell C112 | value='34' | fill=00000000 | rows=[111] | cols=[2] | col_header=False | row_header=False | metadata=False
Cell D112 | value='80' | fill=00000000 | rows=[111] | cols=[3] | col_header=False | row_header=False | metadata=False
Cell E112 | value='34' | fill=00000000 | rows=[111] | cols=[4] | col_header=False | row_header=False | metadata=False
Cell A113 | value='Moore' | fill=00000000 | rows=[112] | cols=[0] | col_header=False | row_header=False | metadata=False
Cell B113 | value='33' | fill=00000000 | rows=[112] | cols=[1] | col_header=False | row_header=False | metadata=False
Cell C113 | value='40' | fill=00000000 | rows=[112] | cols=[2] | col_header=False | row_header=False | metadata=False
Cell D113 | value='52' | fill=00000000 | rows=[112] | cols=[3] | col_header=False | row_header=False | metadata=False
Cell E113 | value='26' | fill=00000000 | rows=[112] | cols=[4] | col_header=False | row_header=False | metadata=False
Cell A114 | value='Davis' | fill=00000000 | rows=[113] | cols=[0] | col_header=False | row_header=False | metadata=False
Cell B114 | value='22' | fill=00000000 | rows=[113] | cols=[1] | col_header=False | row_header=False | metadata=False
Cell C114 | value='69' | fill=00000000 | rows=[113] | cols=[2] | col_header=False | row_header=False | metadata=False
Cell D114 | value='22' | fill=00000000 | rows=[113] | cols=[3] | col_header=False | row_header=False | metadata=False
Cell E114 | value='68' | fill=00000000 | rows=[113] | cols=[4] | col_header=False | row_header=False | metadata=False
Cell A115 | value='Thomas' | fill=00000000 | rows=[114] | cols=[0] | col_header=False | row_header=False | metadata=False
Cell B115 | value='38' | fill=00000000 | rows=[114] | cols=[1] | col_header=False | row_header=False | metadata=False
Cell C115 | value='71' | fill=00000000 | rows=[114] | cols=[2] | col_header=False | row_header=False | metadata=False
Cell D115 | value='60' | fill=00000000 | rows=[114] | cols=[3] | col_header=False | row_header=False | metadata=False
Cell E115 | value='78' | fill=00000000 | rows=[114] | cols=[4] | col_header=False | row_header=False | metadata=False
Cell A116 | value='Brown' | fill=00000000 | rows=[115] | cols=[0] | col_header=False | row_header=False | metadata=False
Cell B116 | value='64' | fill=00000000 | rows=[115] | cols=[1] | col_header=False | row_header=False | metadata=False
Cell C116 | value='68' | fill=00000000 | rows=[115] | cols=[2] | col_header=False | row_header=False | metadata=False
Cell D116 | value='63' | fill=00000000 | rows=[115] | cols=[3] | col_header=False | row_header=False | metadata=False
Cell E116 | value='90' | fill=00000000 | rows=[115] | cols=[4] | col_header=False | row_header=False | metadata=False
Cell A117 | value='Johnson' | fill=00000000 | rows=[116] | cols=[0] | col_header=False | row_header=False | metadata=False
Cell B117 | value='74' | fill=00000000 | rows=[116] | cols=[1] | col_header=False | row_header=False | metadata=False
Cell C117 | value='48' | fill=00000000 | rows=[116] | cols=[2] | col_header=False | row_header=False | metadata=False
Cell D117 | value='41' | fill=00000000 | rows=[116] | cols=[3] | col_header=False | row_header=False | metadata=False
Cell E117 | value='24' | fill=00000000 | rows=[116] | cols=[4] | col_header=False | row_header=False | metadata=False
Cell A118 | value='Anderson' | fill=00000000 | rows=[117] | cols=[0] | col_header=False | row_header=False | metadata=False
Cell B118 | value='74' | fill=00000000 | rows=[117] | cols=[1] | col_header=False | row_header=False | metadata=False
Cell C118 | value='80' | fill=00000000 | rows=[117] | cols=[2] | col_header=False | row_header=False | metadata=False
Cell D118 | value='84' | fill=00000000 | rows=[117] | cols=[3] | col_header=False | row_header=False | metadata=False
Cell E118 | value='94' | fill=00000000 | rows=[117] | cols=[4] | col_header=False | row_header=False | metadata=False
Cell A119 | value='Jones' | fill=00000000 | rows=[118] | cols=[0] | col_header=False | row_header=False | metadata=False
Cell B119 | value='96' | fill=00000000 | rows=[118] | cols=[1] | col_header=False | row_header=False | metadata=False
Cell C119 | value='64' | fill=00000000 | rows=[118] | cols=[2] | col_header=False | row_header=False | metadata=False
Cell D119 | value='98' | fill=00000000 | rows=[118] | cols=[3] | col_header=False | row_header=False | metadata=False
Cell E119 | value='86' | fill=00000000 | rows=[118] | cols=[4] | col_header=False | row_header=False | metadata=False
Cell A120 | value='Thomas' | fill=00000000 | rows=[119] | cols=[0] | col_header=False | row_header=False | metadata=False
Cell B120 | value='73' | fill=00000000 | rows=[119] | cols=[1] | col_header=False | row_header=False | metadata=False
Cell C120 | value='23' | fill=00000000 | rows=[119] | cols=[2] | col_header=False | row_header=False | metadata=False
Cell D120 | value='40' | fill=00000000 | rows=[119] | cols=[3] | col_header=False | row_header=False | metadata=False
Cell E120 | value='77' | fill=00000000 | rows=[119] | cols=[4] | col_header=False | row_header=False | metadata=False
Cell A121 | value='Jones' | fill=00000000 | rows=[120] | cols=[0] | col_header=False | row_header=False | metadata=False
Cell B121 | value='84' | fill=00000000 | rows=[120] | cols=[1] | col_header=False | row_header=False | metadata=False
Cell C121 | value='90' | fill=00000000 | rows=[120] | cols=[2] | col_header=False | row_header=False | metadata=False
Cell D121 | value='40' | fill=00000000 | rows=[120] | cols=[3] | col_header=False | row_header=False | metadata=False
Cell E121 | value='35' | fill=00000000 | rows=[120] | cols=[4] | col_header=False | row_header=False | metadata=False
Cell A122 | value='Anderson' | fill=00000000 | rows=[121] | cols=[0] | col_header=False | row_header=False | metadata=False
Cell B122 | value='74' | fill=00000000 | rows=[121] | cols=[1] | col_header=False | row_header=False | metadata=False
Cell C122 | value='88' | fill=00000000 | rows=[121] | cols=[2] | col_header=False | row_header=False | metadata=False
Cell D122 | value='58' | fill=00000000 | rows=[121] | cols=[3] | col_header=False | row_header=False | metadata=False
Cell E122 | value='37' | fill=00000000 | rows=[121] | cols=[4] | col_header=False | row_header=False | metadata=False
Cell A123 | value='Wilson' | fill=00000000 | rows=[122] | cols=[0] | col_header=False | row_header=False | metadata=False
Cell B123 | value='80' | fill=00000000 | rows=[122] | cols=[1] | col_header=False | row_header=False | metadata=False
Cell C123 | value='68' | fill=00000000 | rows=[122] | cols=[2] | col_header=False | row_header=False | metadata=False
Cell D123 | value='99' | fill=00000000 | rows=[122] | cols=[3] | col_header=False | row_header=False | metadata=False
Cell E123 | value='36' | fill=00000000 | rows=[122] | cols=[4] | col_header=False | row_header=False | metadata=False
Cell A124 | value='Harris' | fill=00000000 | rows=[123] | cols=[0] | col_header=False | row_header=False | metadata=False
Cell B124 | value='58' | fill=00000000 | rows=[123] | cols=[1] | col_header=False | row_header=False | metadata=False
Cell C124 | value='36' | fill=00000000 | rows=[123] | cols=[2] | col_header=False | row_header=False | metadata=False
Cell D124 | value='39' | fill=00000000 | rows=[123] | cols=[3] | col_header=False | row_header=False | metadata=False
Cell E124 | value='75' | fill=00000000 | rows=[123] | cols=[4] | col_header=False | row_header=False | metadata=False
Cell A125 | value='Johnson' | fill=00000000 | rows=[124] | cols=[0] | col_header=False | row_header=False | metadata=False
Cell B125 | value='60' | fill=00000000 | rows=[124] | cols=[1] | col_header=False | row_header=False | metadata=False
Cell C125 | value='36' | fill=00000000 | rows=[124] | cols=[2] | col_header=False | row_header=False | metadata=False
Cell D125 | value='83' | fill=00000000 | rows=[124] | cols=[3] | col_header=False | row_header=False | metadata=False
Cell E125 | value='39' | fill=00000000 | rows=[124] | cols=[4] | col_header=False | row_header=False | metadata=False
Cell A126 | value='Miller' | fill=00000000 | rows=[125] | cols=[0] | col_header=False | row_header=False | metadata=False
Cell B126 | value='62' | fill=00000000 | rows=[125] | cols=[1] | col_header=False | row_header=False | metadata=False
Cell C126 | value='62' | fill=00000000 | rows=[125] | cols=[2] | col_header=False | row_header=False | metadata=False
Cell D126 | value='90' | fill=00000000 | rows=[125] | cols=[3] | col_header=False | row_header=False | metadata=False
Cell E126 | value='65' | fill=00000000 | rows=[125] | cols=[4] | col_header=False | row_header=False | metadata=False
Cell A127 | value='Williams' | fill=00000000 | rows=[126] | cols=[0] | col_header=False | row_header=False | metadata=False
Cell B127 | value='49' | fill=00000000 | rows=[126] | cols=[1] | col_header=False | row_header=False | metadata=False
Cell C127 | value='63' | fill=00000000 | rows=[126] | cols=[2] | col_header=False | row_header=False | metadata=False
Cell D127 | value='52' | fill=00000000 | rows=[126] | cols=[3] | col_header=False | row_header=False | metadata=False
Cell E127 | value='90' | fill=00000000 | rows=[126] | cols=[4] | col_header=False | row_header=False | metadata=False
Cell A128 | value='Smith' | fill=00000000 | rows=[127] | cols=[0] | col_header=False | row_header=False | metadata=False
Cell B128 | value='94' | fill=00000000 | rows=[127] | cols=[1] | col_header=False | row_header=False | metadata=False
Cell C128 | value='93' | fill=00000000 | rows=[127] | cols=[2] | col_header=False | row_header=False | metadata=False
Cell D128 | value='46' | fill=00000000 | rows=[127] | cols=[3] | col_header=False | row_header=False | metadata=False
Cell E128 | value='28' | fill=00000000 | rows=[127] | cols=[4] | col_header=False | row_header=False | metadata=False
Cell A129 | value='Johnson' | fill=00000000 | rows=[128] | cols=[0] | col_header=False | row_header=False | metadata=False
Cell B129 | value='88' | fill=00000000 | rows=[128] | cols=[1] | col_header=False | row_header=False | metadata=False
Cell C129 | value='76' | fill=00000000 | rows=[128] | cols=[2] | col_header=False | row_header=False | metadata=False
Cell D129 | value='67' | fill=00000000 | rows=[128] | cols=[3] | col_header=False | row_header=False | metadata=False
Cell E129 | value='24' | fill=00000000 | rows=[128] | cols=[4] | col_header=False | row_header=False | metadata=False
Cell A130 | value='Smith' | fill=00000000 | rows=[129] | cols=[0] | col_header=False | row_header=False | metadata=False
Cell B130 | value='89' | fill=00000000 | rows=[129] | cols=[1] | col_header=False | row_header=False | metadata=False
Cell C130 | value='56' | fill=00000000 | rows=[129] | cols=[2] | col_header=False | row_header=False | metadata=False
Cell D130 | value='89' | fill=00000000 | rows=[129] | cols=[3] | col_header=False | row_header=False | metadata=False
Cell E130 | value='93' | fill=00000000 | rows=[129] | cols=[4] | col_header=False | row_header=False | metadata=False
Cell A131 | value='2015' | fill=9 | rows=[130] | cols=[0, 1, 2, 3, 4] | col_header=False | row_header=False | metadata=False
Cell A132 | value='Jackson' | fill=00000000 | rows=[131] | cols=[0] | col_header=False | row_header=False | metadata=False
Cell B132 | value='37' | fill=00000000 | rows=[131] | cols=[1] | col_header=False | row_header=False | metadata=False
Cell C132 | value='73' | fill=00000000 | rows=[131] | cols=[2] | col_header=False | row_header=False | metadata=False
Cell D132 | value='74' | fill=00000000 | rows=[131] | cols=[3] | col_header=False | row_header=False | metadata=False
Cell E132 | value='92' | fill=00000000 | rows=[131] | cols=[4] | col_header=False | row_header=False | metadata=False
Cell A133 | value='Jackson' | fill=00000000 | rows=[132] | cols=[0] | col_header=False | row_header=False | metadata=False
Cell B133 | value='86' | fill=00000000 | rows=[132] | cols=[1] | col_header=False | row_header=False | metadata=False
Cell C133 | value='45' | fill=00000000 | rows=[132] | cols=[2] | col_header=False | row_header=False | metadata=False
Cell D133 | value='36' | fill=00000000 | rows=[132] | cols=[3] | col_header=False | row_header=False | metadata=False
Cell E133 | value='49' | fill=00000000 | rows=[132] | cols=[4] | col_header=False | row_header=False | metadata=False
Cell A134 | value='Thomas' | fill=00000000 | rows=[133] | cols=[0] | col_header=False | row_header=False | metadata=False
Cell B134 | value='86' | fill=00000000 | rows=[133] | cols=[1] | col_header=False | row_header=False | metadata=False
Cell C134 | value='78' | fill=00000000 | rows=[133] | cols=[2] | col_header=False | row_header=False | metadata=False
Cell D134 | value='50' | fill=00000000 | rows=[133] | cols=[3] | col_header=False | row_header=False | metadata=False
Cell E134 | value='23' | fill=00000000 | rows=[133] | cols=[4] | col_header=False | row_header=False | metadata=False
Cell A135 | value='Johnson' | fill=00000000 | rows=[134] | cols=[0] | col_header=False | row_header=False | metadata=False
Cell B135 | value='40' | fill=00000000 | rows=[134] | cols=[1] | col_header=False | row_header=False | metadata=False
Cell C135 | value='22' | fill=00000000 | rows=[134] | cols=[2] | col_header=False | row_header=False | metadata=False
Cell D135 | value='44' | fill=00000000 | rows=[134] | cols=[3] | col_header=False | row_header=False | metadata=False
Cell E135 | value='66' | fill=00000000 | rows=[134] | cols=[4] | col_header=False | row_header=False | metadata=False
Cell A136 | value='Davis' | fill=00000000 | rows=[135] | cols=[0] | col_header=False | row_header=False | metadata=False
Cell B136 | value='70' | fill=00000000 | rows=[135] | cols=[1] | col_header=False | row_header=False | metadata=False
Cell C136 | value='38' | fill=00000000 | rows=[135] | cols=[2] | col_header=False | row_header=False | metadata=False
Cell D136 | value='40' | fill=00000000 | rows=[135] | cols=[3] | col_header=False | row_header=False | metadata=False
Cell E136 | value='29' | fill=00000000 | rows=[135] | cols=[4] | col_header=False | row_header=False | metadata=False
Cell A137 | value='Brown' | fill=00000000 | rows=[136] | cols=[0] | col_header=False | row_header=False | metadata=False
Cell B137 | value='95' | fill=00000000 | rows=[136] | cols=[1] | col_header=False | row_header=False | metadata=False
Cell C137 | value='67' | fill=00000000 | rows=[136] | cols=[2] | col_header=False | row_header=False | metadata=False
Cell D137 | value='87' | fill=00000000 | rows=[136] | cols=[3] | col_header=False | row_header=False | metadata=False
Cell E137 | value='28' | fill=00000000 | rows=[136] | cols=[4] | col_header=False | row_header=False | metadata=False
Cell A138 | value='Taylor' | fill=00000000 | rows=[137] | cols=[0] | col_header=False | row_header=False | metadata=False
Cell B138 | value='60' | fill=00000000 | rows=[137] | cols=[1] | col_header=False | row_header=False | metadata=False
Cell C138 | value='88' | fill=00000000 | rows=[137] | cols=[2] | col_header=False | row_header=False | metadata=False
Cell D138 | value='29' | fill=00000000 | rows=[137] | cols=[3] | col_header=False | row_header=False | metadata=False
Cell E138 | value='72' | fill=00000000 | rows=[137] | cols=[4] | col_header=False | row_header=False | metadata=False
Cell A139 | value='Smith' | fill=00000000 | rows=[138] | cols=[0] | col_header=False | row_header=False | metadata=False
Cell B139 | value='42' | fill=00000000 | rows=[138] | cols=[1] | col_header=False | row_header=False | metadata=False
Cell C139 | value='20' | fill=00000000 | rows=[138] | cols=[2] | col_header=False | row_header=False | metadata=False
Cell D139 | value='53' | fill=00000000 | rows=[138] | cols=[3] | col_header=False | row_header=False | metadata=False
Cell E139 | value='60' | fill=00000000 | rows=[138] | cols=[4] | col_header=False | row_header=False | metadata=False
Cell A140 | value='Smith' | fill=00000000 | rows=[139] | cols=[0] | col_header=False | row_header=False | metadata=False
Cell B140 | value='62' | fill=00000000 | rows=[139] | cols=[1] | col_header=False | row_header=False | metadata=False
Cell C140 | value='79' | fill=00000000 | rows=[139] | cols=[2] | col_header=False | row_header=False | metadata=False
Cell D140 | value='36' | fill=00000000 | rows=[139] | cols=[3] | col_header=False | row_header=False | metadata=False
Cell E140 | value='48' | fill=00000000 | rows=[139] | cols=[4] | col_header=False | row_header=False | metadata=False
Cell A141 | value='Brown' | fill=00000000 | rows=[140] | cols=[0] | col_header=False | row_header=False | metadata=False
Cell B141 | value='89' | fill=00000000 | rows=[140] | cols=[1] | col_header=False | row_header=False | metadata=False
Cell C141 | value='51' | fill=00000000 | rows=[140] | cols=[2] | col_header=False | row_header=False | metadata=False
Cell D141 | value='27' | fill=00000000 | rows=[140] | cols=[3] | col_header=False | row_header=False | metadata=False
Cell E141 | value='69' | fill=00000000 | rows=[140] | cols=[4] | col_header=False | row_header=False | metadata=False
Cell A142 | value='Davis' | fill=00000000 | rows=[141] | cols=[0] | col_header=False | row_header=False | metadata=False
Cell B142 | value='48' | fill=00000000 | rows=[141] | cols=[1] | col_header=False | row_header=False | metadata=False
Cell C142 | value='88' | fill=00000000 | rows=[141] | cols=[2] | col_header=False | row_header=False | metadata=False
Cell D142 | value='40' | fill=00000000 | rows=[141] | cols=[3] | col_header=False | row_header=False | metadata=False
Cell E142 | value='79' | fill=00000000 | rows=[141] | cols=[4] | col_header=False | row_header=False | metadata=False
Cell A143 | value='Wilson' | fill=00000000 | rows=[142] | cols=[0] | col_header=False | row_header=False | metadata=False
Cell B143 | value='57' | fill=00000000 | rows=[142] | cols=[1] | col_header=False | row_header=False | metadata=False
Cell C143 | value='49' | fill=00000000 | rows=[142] | cols=[2] | col_header=False | row_header=False | metadata=False
Cell D143 | value='68' | fill=00000000 | rows=[142] | cols=[3] | col_header=False | row_header=False | metadata=False
Cell E143 | value='79' | fill=00000000 | rows=[142] | cols=[4] | col_header=False | row_header=False | metadata=False
Cell A144 | value='Wilson' | fill=00000000 | rows=[143] | cols=[0] | col_header=False | row_header=False | metadata=False
Cell B144 | value='79' | fill=00000000 | rows=[143] | cols=[1] | col_header=False | row_header=False | metadata=False
Cell C144 | value='50' | fill=00000000 | rows=[143] | cols=[2] | col_header=False | row_header=False | metadata=False
Cell D144 | value='88' | fill=00000000 | rows=[143] | cols=[3] | col_header=False | row_header=False | metadata=False
Cell E144 | value='70' | fill=00000000 | rows=[143] | cols=[4] | col_header=False | row_header=False | metadata=False
Cell A145 | value='Johnson' | fill=00000000 | rows=[144] | cols=[0] | col_header=False | row_header=False | metadata=False
Cell B145 | value='91' | fill=00000000 | rows=[144] | cols=[1] | col_header=False | row_header=False | metadata=False
Cell C145 | value='85' | fill=00000000 | rows=[144] | cols=[2] | col_header=False | row_header=False | metadata=False
Cell D145 | value='45' | fill=00000000 | rows=[144] | cols=[3] | col_header=False | row_header=False | metadata=False
Cell E145 | value='79' | fill=00000000 | rows=[144] | cols=[4] | col_header=False | row_header=False | metadata=False
Cell A146 | value='Smith' | fill=00000000 | rows=[145] | cols=[0] | col_header=False | row_header=False | metadata=False
Cell B146 | value='88' | fill=00000000 | rows=[145] | cols=[1] | col_header=False | row_header=False | metadata=False
Cell C146 | value='62' | fill=00000000 | rows=[145] | cols=[2] | col_header=False | row_header=False | metadata=False
Cell D146 | value='82' | fill=00000000 | rows=[145] | cols=[3] | col_header=False | row_header=False | metadata=False
Cell E146 | value='69' | fill=00000000 | rows=[145] | cols=[4] | col_header=False | row_header=False | metadata=False
Cell A147 | value='Anderson' | fill=00000000 | rows=[146] | cols=[0] | col_header=False | row_header=False | metadata=False
Cell B147 | value='66' | fill=00000000 | rows=[146] | cols=[1] | col_header=False | row_header=False | metadata=False
Cell C147 | value='53' | fill=00000000 | rows=[146] | cols=[2] | col_header=False | row_header=False | metadata=False
Cell D147 | value='82' | fill=00000000 | rows=[146] | cols=[3] | col_header=False | row_header=False | metadata=False
Cell E147 | value='88' | fill=00000000 | rows=[146] | cols=[4] | col_header=False | row_header=False | metadata=False
Cell A148 | value='Anderson' | fill=00000000 | rows=[147] | cols=[0] | col_header=False | row_header=False | metadata=False
Cell B148 | value='46' | fill=00000000 | rows=[147] | cols=[1] | col_header=False | row_header=False | metadata=False
Cell C148 | value='75' | fill=00000000 | rows=[147] | cols=[2] | col_header=False | row_header=False | metadata=False
Cell D148 | value='42' | fill=00000000 | rows=[147] | cols=[3] | col_header=False | row_header=False | metadata=False
Cell E148 | value='55' | fill=00000000 | rows=[147] | cols=[4] | col_header=False | row_header=False | metadata=False
Cell A149 | value='Jackson' | fill=00000000 | rows=[148] | cols=[0] | col_header=False | row_header=False | metadata=False
Cell B149 | value='98' | fill=00000000 | rows=[148] | cols=[1] | col_header=False | row_header=False | metadata=False
Cell C149 | value='58' | fill=00000000 | rows=[148] | cols=[2] | col_header=False | row_header=False | metadata=False
Cell D149 | value='44' | fill=00000000 | rows=[148] | cols=[3] | col_header=False | row_header=False | metadata=False
Cell E149 | value='65' | fill=00000000 | rows=[148] | cols=[4] | col_header=False | row_header=False | metadata=False
Cell A150 | value='Harris' | fill=00000000 | rows=[149] | cols=[0] | col_header=False | row_header=False | metadata=False
Cell B150 | value='29' | fill=00000000 | rows=[149] | cols=[1] | col_header=False | row_header=False | metadata=False
Cell C150 | value='70' | fill=00000000 | rows=[149] | cols=[2] | col_header=False | row_header=False | metadata=False
Cell D150 | value='34' | fill=00000000 | rows=[149] | cols=[3] | col_header=False | row_header=False | metadata=False
Cell E150 | value='38' | fill=00000000 | rows=[149] | cols=[4] | col_header=False | row_header=False | metadata=False
Cell A151 | value='Harris' | fill=00000000 | rows=[150] | cols=[0] | col_header=False | row_header=False | metadata=False
Cell B151 | value='92' | fill=00000000 | rows=[150] | cols=[1] | col_header=False | row_header=False | metadata=False
Cell C151 | value='49' | fill=00000000 | rows=[150] | cols=[2] | col_header=False | row_header=False | metadata=False
Cell D151 | value='78' | fill=00000000 | rows=[150] | cols=[3] | col_header=False | row_header=False | metadata=False
Cell E151 | value='52' | fill=00000000 | rows=[150] | cols=[4] | col_header=False | row_header=False | metadata=False
Cell A152 | value='Johnson' | fill=00000000 | rows=[151] | cols=[0] | col_header=False | row_header=False | metadata=False
Cell B152 | value='58' | fill=00000000 | rows=[151] | cols=[1] | col_header=False | row_header=False | metadata=False
Cell C152 | value='48' | fill=00000000 | rows=[151] | cols=[2] | col_header=False | row_header=False | metadata=False
Cell D152 | value='22' | fill=00000000 | rows=[151] | cols=[3] | col_header=False | row_header=False | metadata=False
Cell E152 | value='91' | fill=00000000 | rows=[151] | cols=[4] | col_header=False | row_header=False | metadata=False
Cell A153 | value='Moore' | fill=00000000 | rows=[152] | cols=[0] | col_header=False | row_header=False | metadata=False
Cell B153 | value='29' | fill=00000000 | rows=[152] | cols=[1] | col_header=False | row_header=False | metadata=False
Cell C153 | value='32' | fill=00000000 | rows=[152] | cols=[2] | col_header=False | row_header=False | metadata=False
Cell D153 | value='72' | fill=00000000 | rows=[152] | cols=[3] | col_header=False | row_header=False | metadata=False
Cell E153 | value='84' | fill=00000000 | rows=[152] | cols=[4] | col_header=False | row_header=False | metadata=False
Cell A154 | value='Thomas' | fill=00000000 | rows=[153] | cols=[0] | col_header=False | row_header=False | metadata=False
Cell B154 | value='81' | fill=00000000 | rows=[153] | cols=[1] | col_header=False | row_header=False | metadata=False
Cell C154 | value='45' | fill=00000000 | rows=[153] | cols=[2] | col_header=False | row_header=False | metadata=False
Cell D154 | value='21' | fill=00000000 | rows=[153] | cols=[3] | col_header=False | row_header=False | metadata=False
Cell E154 | value='85' | fill=00000000 | rows=[153] | cols=[4] | col_header=False | row_header=False | metadata=False
Cell A155 | value='Thomas' | fill=00000000 | rows=[154] | cols=[0] | col_header=False | row_header=False | metadata=False
Cell B155 | value='67' | fill=00000000 | rows=[154] | cols=[1] | col_header=False | row_header=False | metadata=False
Cell C155 | value='47' | fill=00000000 | rows=[154] | cols=[2] | col_header=False | row_header=False | metadata=False
Cell D155 | value='55' | fill=00000000 | rows=[154] | cols=[3] | col_header=False | row_header=False | metadata=False
Cell E155 | value='46' | fill=00000000 | rows=[154] | cols=[4] | col_header=False | row_header=False | metadata=False
Cell A156 | value='Jones' | fill=00000000 | rows=[155] | cols=[0] | col_header=False | row_header=False | metadata=False
Cell B156 | value='70' | fill=00000000 | rows=[155] | cols=[1] | col_header=False | row_header=False | metadata=False
Cell C156 | value='42' | fill=00000000 | rows=[155] | cols=[2] | col_header=False | row_header=False | metadata=False
Cell D156 | value='59' | fill=00000000 | rows=[155] | cols=[3] | col_header=False | row_header=False | metadata=False
Cell E156 | value='38' | fill=00000000 | rows=[155] | cols=[4] | col_header=False | row_header=False | metadata=False
Cell A157 | value='Williams' | fill=00000000 | rows=[156] | cols=[0] | col_header=False | row_header=False | metadata=False
Cell B157 | value='72' | fill=00000000 | rows=[156] | cols=[1] | col_header=False | row_header=False | metadata=False
Cell C157 | value='62' | fill=00000000 | rows=[156] | cols=[2] | col_header=False | row_header=False | metadata=False
Cell D157 | value='68' | fill=00000000 | rows=[156] | cols=[3] | col_header=False | row_header=False | metadata=False
Cell E157 | value='30' | fill=00000000 | rows=[156] | cols=[4] | col_header=False | row_header=False | metadata=False
Cell A158 | value='Jones' | fill=00000000 | rows=[157] | cols=[0] | col_header=False | row_header=False | metadata=False
Cell B158 | value='84' | fill=00000000 | rows=[157] | cols=[1] | col_header=False | row_header=False | metadata=False
Cell C158 | value='46' | fill=00000000 | rows=[157] | cols=[2] | col_header=False | row_header=False | metadata=False
Cell D158 | value='26' | fill=00000000 | rows=[157] | cols=[3] | col_header=False | row_header=False | metadata=False
Cell E158 | value='99' | fill=00000000 | rows=[157] | cols=[4] | col_header=False | row_header=False | metadata=False
Cell A159 | value='Smith' | fill=00000000 | rows=[158] | cols=[0] | col_header=False | row_header=False | metadata=False
Cell B159 | value='71' | fill=00000000 | rows=[158] | cols=[1] | col_header=False | row_header=False | metadata=False
Cell C159 | value='50' | fill=00000000 | rows=[158] | cols=[2] | col_header=False | row_header=False | metadata=False
Cell D159 | value='86' | fill=00000000 | rows=[158] | cols=[3] | col_header=False | row_header=False | metadata=False
Cell E159 | value='87' | fill=00000000 | rows=[158] | cols=[4] | col_header=False | row_header=False | metadata=False
Cell A160 | value='Miller' | fill=00000000 | rows=[159] | cols=[0] | col_header=False | row_header=False | metadata=False
Cell B160 | value='55' | fill=00000000 | rows=[159] | cols=[1] | col_header=False | row_header=False | metadata=False
Cell C160 | value='50' | fill=00000000 | rows=[159] | cols=[2] | col_header=False | row_header=False | metadata=False
Cell D160 | value='70' | fill=00000000 | rows=[159] | cols=[3] | col_header=False | row_header=False | metadata=False
Cell E160 | value='24' | fill=00000000 | rows=[159] | cols=[4] | col_header=False | row_header=False | metadata=False
Cell A161 | value='Davis' | fill=00000000 | rows=[160] | cols=[0] | col_header=False | row_header=False | metadata=False
Cell B161 | value='27' | fill=00000000 | rows=[160] | cols=[1] | col_header=False | row_header=False | metadata=False
Cell C161 | value='82' | fill=00000000 | rows=[160] | cols=[2] | col_header=False | row_header=False | metadata=False
Cell D161 | value='38' | fill=00000000 | rows=[160] | cols=[3] | col_header=False | row_header=False | metadata=False
Cell E161 | value='48' | fill=00000000 | rows=[160] | cols=[4] | col_header=False | row_header=False | metadata=False
Cell A162 | value='Jones' | fill=00000000 | rows=[161] | cols=[0] | col_header=False | row_header=False | metadata=False
Cell B162 | value='75' | fill=00000000 | rows=[161] | cols=[1] | col_header=False | row_header=False | metadata=False
Cell C162 | value='68' | fill=00000000 | rows=[161] | cols=[2] | col_header=False | row_header=False | metadata=False
Cell D162 | value='28' | fill=00000000 | rows=[161] | cols=[3] | col_header=False | row_header=False | metadata=False
Cell E162 | value='23' | fill=00000000 | rows=[161] | cols=[4] | col_header=False | row_header=False | metadata=False
Cell A163 | value='Miller' | fill=00000000 | rows=[162] | cols=[0] | col_header=False | row_header=False | metadata=False
Cell B163 | value='86' | fill=00000000 | rows=[162] | cols=[1] | col_header=False | row_header=False | metadata=False
Cell C163 | value='62' | fill=00000000 | rows=[162] | cols=[2] | col_header=False | row_header=False | metadata=False
Cell D163 | value='48' | fill=00000000 | rows=[162] | cols=[3] | col_header=False | row_header=False | metadata=False
Cell E163 | value='55' | fill=00000000 | rows=[162] | cols=[4] | col_header=False | row_header=False | metadata=False
Cell A164 | value='Taylor' | fill=00000000 | rows=[163] | cols=[0] | col_header=False | row_header=False | metadata=False
Cell B164 | value='61' | fill=00000000 | rows=[163] | cols=[1] | col_header=False | row_header=False | metadata=False
Cell C164 | value='33' | fill=00000000 | rows=[163] | cols=[2] | col_header=False | row_header=False | metadata=False
Cell D164 | value='79' | fill=00000000 | rows=[163] | cols=[3] | col_header=False | row_header=False | metadata=False
Cell E164 | value='84' | fill=00000000 | rows=[163] | cols=[4] | col_header=False | row_header=False | metadata=False
Cell A165 | value='Brown' | fill=00000000 | rows=[164] | cols=[0] | col_header=False | row_header=False | metadata=False
Cell B165 | value='39' | fill=00000000 | rows=[164] | cols=[1] | col_header=False | row_header=False | metadata=False
Cell C165 | value='66' | fill=00000000 | rows=[164] | cols=[2] | col_header=False | row_header=False | metadata=False
Cell D165 | value='61' | fill=00000000 | rows=[164] | cols=[3] | col_header=False | row_header=False | metadata=False
Cell E165 | value='48' | fill=00000000 | rows=[164] | cols=[4] | col_header=False | row_header=False | metadata=False
Cell A166 | value='Miller' | fill=00000000 | rows=[165] | cols=[0] | col_header=False | row_header=False | metadata=False
Cell B166 | value='39' | fill=00000000 | rows=[165] | cols=[1] | col_header=False | row_header=False | metadata=False
Cell C166 | value='86' | fill=00000000 | rows=[165] | cols=[2] | col_header=False | row_header=False | metadata=False
Cell D166 | value='84' | fill=00000000 | rows=[165] | cols=[3] | col_header=False | row_header=False | metadata=False
Cell E166 | value='70' | fill=00000000 | rows=[165] | cols=[4] | col_header=False | row_header=False | metadata=False
Cell A167 | value='Wilson' | fill=00000000 | rows=[166] | cols=[0] | col_header=False | row_header=False | metadata=False
Cell B167 | value='20' | fill=00000000 | rows=[166] | cols=[1] | col_header=False | row_header=False | metadata=False
Cell C167 | value='69' | fill=00000000 | rows=[166] | cols=[2] | col_header=False | row_header=False | metadata=False
Cell D167 | value='82' | fill=00000000 | rows=[166] | cols=[3] | col_header=False | row_header=False | metadata=False
Cell E167 | value='51' | fill=00000000 | rows=[166] | cols=[4] | col_header=False | row_header=False | metadata=False
Cell A168 | value='Jones' | fill=00000000 | rows=[167] | cols=[0] | col_header=False | row_header=False | metadata=False
Cell B168 | value='37' | fill=00000000 | rows=[167] | cols=[1] | col_header=False | row_header=False | metadata=False
Cell C168 | value='58' | fill=00000000 | rows=[167] | cols=[2] | col_header=False | row_header=False | metadata=False
Cell D168 | value='24' | fill=00000000 | rows=[167] | cols=[3] | col_header=False | row_header=False | metadata=False
Cell E168 | value='96' | fill=00000000 | rows=[167] | cols=[4] | col_header=False | row_header=False | metadata=False
Cell A169 | value='Moore' | fill=00000000 | rows=[168] | cols=[0] | col_header=False | row_header=False | metadata=False
Cell B169 | value='83' | fill=00000000 | rows=[168] | cols=[1] | col_header=False | row_header=False | metadata=False
Cell C169 | value='86' | fill=00000000 | rows=[168] | cols=[2] | col_header=False | row_header=False | metadata=False
Cell D169 | value='52' | fill=00000000 | rows=[168] | cols=[3] | col_header=False | row_header=False | metadata=False
Cell E169 | value='21' | fill=00000000 | rows=[168] | cols=[4] | col_header=False | row_header=False | metadata=False
Cell A170 | value='Thomas' | fill=00000000 | rows=[169] | cols=[0] | col_header=False | row_header=False | metadata=False
Cell B170 | value='36' | fill=00000000 | rows=[169] | cols=[1] | col_header=False | row_header=False | metadata=False
Cell C170 | value='29' | fill=00000000 | rows=[169] | cols=[2] | col_header=False | row_header=False | metadata=False
Cell D170 | value='64' | fill=00000000 | rows=[169] | cols=[3] | col_header=False | row_header=False | metadata=False
Cell E170 | value='84' | fill=00000000 | rows=[169] | cols=[4] | col_header=False | row_header=False | metadata=False
Cell A171 | value='Miller' | fill=00000000 | rows=[170] | cols=[0] | col_header=False | row_header=False | metadata=False
Cell B171 | value='86' | fill=00000000 | rows=[170] | cols=[1] | col_header=False | row_header=False | metadata=False
Cell C171 | value='62' | fill=00000000 | rows=[170] | cols=[2] | col_header=False | row_header=False | metadata=False
Cell D171 | value='48' | fill=00000000 | rows=[170] | cols=[3] | col_header=False | row_header=False | metadata=False
Cell E171 | value='8' | fill=00000000 | rows=[170] | cols=[4] | col_header=False | row_header=False | metadata=False
Cell A172 | value='Taylor' | fill=00000000 | rows=[171] | cols=[0] | col_header=False | row_header=False | metadata=False
Cell B172 | value='61' | fill=00000000 | rows=[171] | cols=[1] | col_header=False | row_header=False | metadata=False
Cell C172 | value='33' | fill=00000000 | rows=[171] | cols=[2] | col_header=False | row_header=False | metadata=False
Cell D172 | value='79' | fill=00000000 | rows=[171] | cols=[3] | col_header=False | row_header=False | metadata=False
Cell E172 | value='5' | fill=00000000 | rows=[171] | cols=[4] | col_header=False | row_header=False | metadata=False
Cell A173 | value='Brown' | fill=00000000 | rows=[172] | cols=[0] | col_header=False | row_header=False | metadata=False
Cell B173 | value='39' | fill=00000000 | rows=[172] | cols=[1] | col_header=False | row_header=False | metadata=False
Cell C173 | value='66' | fill=00000000 | rows=[172] | cols=[2] | col_header=False | row_header=False | metadata=False
Cell D173 | value='61' | fill=00000000 | rows=[172] | cols=[3] | col_header=False | row_header=False | metadata=False
Cell E173 | value='1' | fill=00000000 | rows=[172] | cols=[4] | col_header=False | row_header=False | metadata=False

