=== education-table14.xlsx ===
Cell B1 | value='Unemployment rates of tertiary-educated adults, by field of study, tertiary educational attainment, age group and gender' | fill=FF00B0F0 | rows=[0] | cols=[1] | col_header=False | row_header=False | metadata=True
Cell B2 | value='Age: From 25 to 64 years' | fill=FF00B0F0 | rows=[1] | cols=[1] | col_header=False | row_header=False | metadata=True
Cell B3 | value='Educational attainment level: Tertiary education' | fill=FF00B0F0 | rows=[2] | cols=[1] | col_header=False | row_header=False | metadata=True
Cell B4 | value='Measure: Unemployment rate' | fill=FF00B0F0 | rows=[3] | cols=[1] | col_header=False | row_header=False | metadata=True
Cell B5 | value='Education status: In education or not in education' | fill=FF00B0F0 | rows=[4] | cols=[1] | col_header=False | row_header=False | metadata=True
Cell B6 | value='Statistical operation: Observed' | fill=FF00B0F0 | rows=[5] | cols=[1] | col_header=False | row_header=False | metadata=True
Cell B7 | value='Frequency of observation: Triennial' | fill=FF00B0F0 | rows=[6] | cols=[1] | col_header=False | row_header=False | metadata=True
Cell B8 | value='Combined unit of measure: Percentage of labour force in the same subgroup' | fill=FF00B0F0 | rows=[7] | cols=[1] | col_header=False | row_header=False | metadata=True
Cell B10 | value='Field of education' | fill=FF00B050 | rows=[9] | cols=[1, 2] | col_header=False | row_header=True | metadata=False
Cell D10 | value='Education (broad field level)' | fill=00000000 | rows=[9] | cols=[3] | col_header=False | row_header=False | metadata=False
Cell E10 | value='Arts and humanities' | fill=00000000 | rows=[9] | cols=[4] | col_header=False | row_header=False | metadata=False
Cell F10 | value='Social sciences, journalism and information' | fill=00000000 | rows=[9] | cols=[5] | col_header=False | row_header=False | metadata=False
Cell G10 | value='Business, administration and law' | fill=00000000 | rows=[9] | cols=[6] | col_header=False | row_header=False | metadata=False
Cell H10 | value='Natural sciences, mathematics and statistics' | fill=00000000 | rows=[9] | cols=[7] | col_header=False | row_header=False | metadata=False
Cell I10 | value='Information and Communication Technologies (ICTs) (broad field level)' | fill=00000000 | rows=[9] | cols=[8] | col_header=False | row_header=False | metadata=False
Cell J10 | value='Engineering, manufacturing and construction' | fill=00000000 | rows=[9] | cols=[9] | col_header=False | row_header=False | metadata=False
Cell K10 | value='Agriculture, forestry, fisheries and veterinary' | fill=00000000 | rows=[9] | cols=[10] | col_header=False | row_header=False | metadata=False
Cell L10 | value='Health and welfare (broad field level)' | fill=00000000 | rows=[9] | cols=[11] | col_header=False | row_header=False | metadata=False
Cell M10 | value='Services (broad field level)' | fill=00000000 | rows=[9] | cols=[12] | col_header=False | row_header=False | metadata=False
Cell B11 | value='Reference area' | fill=FFFFFF00 | rows=[10] | cols=[1] | col_header=True | row_header=False | metadata=False
Cell B12 | value='Time period: 2021' | fill=FFB7DEF6 | rows=[11] | cols=[1, 2, 3, 4, 5, 6, 7, 8, 9, 10, 11] | col_header=False | row_header=False | metadata=False
Cell B13 | value='Labour force status: Population > Labour force > Unemployment' | fill=FFB7DEF6 | rows=[12] | cols=[1, 2, 3, 4, 5, 6, 7, 8, 9, 10, 11] | col_header=False | row_header=False | metadata=False
Cell B14 | value='Australia' | fill=FFE2F2FB | rows=[13] | cols=[1] | col_header=False | row_header=False | metadata=False
Cell D14 | value='1.63756060600281' | fill=00000000 | rows=[13] | cols=[3] | col_header=False | row_header=False | metadata=False
Cell E14 | value='4.9796199798584' | fill=00000000 | rows=[13] | cols=[4] | col_header=False | row_header=False | metadata=False
Cell F14 | value='3.05037069320679' | fill=00000000 | rows=[13] | cols=[5] | col_header=False | row_header=False | metadata=False
Cell G14 | value='3.70434999465942' | fill=00000000 | rows=[13] | cols=[6] | col_header=False | row_header=False | metadata=False
Cell H14 | value='4.42823028564453' | fill=00000000 | rows=[13] | cols=[7] | col_header=False | row_header=False | metadata=False
Cell I14 | value='3.73161959648132' | fill=00000000 | rows=[13] | cols=[8] | col_header=False | row_header=False | metadata=False
Cell J14 | value='2.7020959854126' | fill=00000000 | rows=[13] | cols=[9] | col_header=False | row_header=False | metadata=False
Cell K14 | value='O ..' | fill=00000000 | rows=[13] | cols=[10] | col_header=False | row_header=False | metadata=False
Cell L14 | value='1.99942433834076' | fill=00000000 | rows=[13] | cols=[11] | col_header=False | row_header=False | metadata=False
Cell M14 | value='2.43065500259399' | fill=00000000 | rows=[13] | cols=[12] | col_header=False | row_header=False | metadata=False
Cell B15 | value='Austria' | fill=FFE2F2FB | rows=[14] | cols=[1] | col_header=False | row_header=False | metadata=False
Cell D15 | value='2.7612669467926' | fill=00000000 | rows=[14] | cols=[3] | col_header=False | row_header=False | metadata=False
Cell E15 | value='5.57581043243408' | fill=00000000 | rows=[14] | cols=[4] | col_header=False | row_header=False | metadata=False
Cell F15 | value='6.05902338027954' | fill=00000000 | rows=[14] | cols=[5] | col_header=False | row_header=False | metadata=False
Cell G15 | value='4.23149108886719' | fill=00000000 | rows=[14] | cols=[6] | col_header=False | row_header=False | metadata=False
Cell H15 | value='4.35186386108398' | fill=00000000 | rows=[14] | cols=[7] | col_header=False | row_header=False | metadata=False
Cell I15 | value='3.77969646453857' | fill=00000000 | rows=[14] | cols=[8] | col_header=False | row_header=False | metadata=False
Cell J15 | value='3.22132539749145' | fill=00000000 | rows=[14] | cols=[9] | col_header=False | row_header=False | metadata=False
Cell K15 | value='4.2615180015564' | fill=00000000 | rows=[14] | cols=[10] | col_header=False | row_header=False | metadata=False
Cell L15 | value='2.61425089836121' | fill=00000000 | rows=[14] | cols=[11] | col_header=False | row_header=False | metadata=False
Cell M15 | value='3.39363193511963' | fill=00000000 | rows=[14] | cols=[12] | col_header=False | row_header=False | metadata=False
Cell B16 | value='Belgium' | fill=FFE2F2FB | rows=[15] | cols=[1] | col_header=False | row_header=False | metadata=False
Cell D16 | value='0.493546545505524' | fill=00000000 | rows=[15] | cols=[3] | col_header=False | row_header=False | metadata=False
Cell E16 | value='4.83992719650269' | fill=00000000 | rows=[15] | cols=[4] | col_header=False | row_header=False | metadata=False
Cell F16 | value='4.23717260360718' | fill=00000000 | rows=[15] | cols=[5] | col_header=False | row_header=False | metadata=False
Cell G16 | value='3.27144765853882' | fill=00000000 | rows=[15] | cols=[6] | col_header=False | row_header=False | metadata=False
Cell H16 | value='2.11938214302063' | fill=00000000 | rows=[15] | cols=[7] | col_header=False | row_header=False | metadata=False
Cell I16 | value='3.82270526885986' | fill=00000000 | rows=[15] | cols=[8] | col_header=False | row_header=False | metadata=False
Cell J16 | value='3.16690158843994' | fill=00000000 | rows=[15] | cols=[9] | col_header=False | row_header=False | metadata=False
Cell K16 | value='C ..' | fill=00000000 | rows=[15] | cols=[10] | col_header=False | row_header=False | metadata=False
Cell L16 | value='1.5760885477066' | fill=00000000 | rows=[15] | cols=[11] | col_header=False | row_header=False | metadata=False
Cell M16 | value='6.19642162322998' | fill=00000000 | rows=[15] | cols=[12] | col_header=False | row_header=False | metadata=False
Cell B17 | value='Costa Rica' | fill=FFE2F2FB | rows=[16] | cols=[1] | col_header=False | row_header=False | metadata=False
Cell D17 | value='7.68868637084961' | fill=00000000 | rows=[16] | cols=[3] | col_header=False | row_header=False | metadata=False
Cell E17 | value='C ..' | fill=00000000 | rows=[16] | cols=[4] | col_header=False | row_header=False | metadata=False
Cell F17 | value='12.2310829162598' | fill=00000000 | rows=[16] | cols=[5] | col_header=False | row_header=False | metadata=False
Cell G17 | value='8.02122116088867' | fill=00000000 | rows=[16] | cols=[6] | col_header=False | row_header=False | metadata=False
Cell H17 | value='C ..' | fill=00000000 | rows=[16] | cols=[7] | col_header=False | row_header=False | metadata=False
Cell I17 | value='3.89935255050659' | fill=00000000 | rows=[16] | cols=[8] | col_header=False | row_header=False | metadata=False
Cell J17 | value='8.71566486358643' | fill=00000000 | rows=[16] | cols=[9] | col_header=False | row_header=False | metadata=False
Cell K17 | value='C ..' | fill=00000000 | rows=[16] | cols=[10] | col_header=False | row_header=False | metadata=False
Cell L17 | value='7.4055290222168' | fill=00000000 | rows=[16] | cols=[11] | col_header=False | row_header=False | metadata=False
Cell M17 | value='25.7981681823731' | fill=00000000 | rows=[16] | cols=[12] | col_header=False | row_header=False | metadata=False
Cell B18 | value='Czechia' | fill=FFE2F2FB | rows=[17] | cols=[1] | col_header=False | row_header=False | metadata=False
Cell D18 | value='0.577347159385681' | fill=00000000 | rows=[17] | cols=[3] | col_header=False | row_header=False | metadata=False
Cell E18 | value='2.15019345283508' | fill=00000000 | rows=[17] | cols=[4] | col_header=False | row_header=False | metadata=False
Cell F18 | value='1.95471477508545' | fill=00000000 | rows=[17] | cols=[5] | col_header=False | row_header=False | metadata=False
Cell G18 | value='1.17216563224793' | fill=00000000 | rows=[17] | cols=[6] | col_header=False | row_header=False | metadata=False
Cell H18 | value='2.5348961353302' | fill=00000000 | rows=[17] | cols=[7] | col_header=False | row_header=False | metadata=False
Cell I18 | value='0.338252514600754' | fill=00000000 | rows=[17] | cols=[8] | col_header=False | row_header=False | metadata=False
Cell J18 | value='1.34611248970032' | fill=00000000 | rows=[17] | cols=[9] | col_header=False | row_header=False | metadata=False
Cell K18 | value='1.6436105966568' | fill=00000000 | rows=[17] | cols=[10] | col_header=False | row_header=False | metadata=False
Cell L18 | value='0.483481079339981' | fill=00000000 | rows=[17] | cols=[11] | col_header=False | row_header=False | metadata=False
Cell M18 | value='2.35391664505005' | fill=00000000 | rows=[17] | cols=[12] | col_header=False | row_header=False | metadata=False
Cell B19 | value='Denmark' | fill=FFE2F2FB | rows=[18] | cols=[1] | col_header=False | row_header=False | metadata=False
Cell D19 | value='3.06022715568542' | fill=00000000 | rows=[18] | cols=[3] | col_header=False | row_header=False | metadata=False
Cell E19 | value='10.8229570388794' | fill=00000000 | rows=[18] | cols=[4] | col_header=False | row_header=False | metadata=False
Cell F19 | value='3.90777444839477' | fill=00000000 | rows=[18] | cols=[5] | col_header=False | row_header=False | metadata=False
Cell G19 | value='4.35360908508301' | fill=00000000 | rows=[18] | cols=[6] | col_header=False | row_header=False | metadata=False
Cell H19 | value='9.10843181610107' | fill=00000000 | rows=[18] | cols=[7] | col_header=False | row_header=False | metadata=False
Cell I19 | value='6.80378246307373' | fill=00000000 | rows=[18] | cols=[8] | col_header=False | row_header=False | metadata=False
Cell J19 | value='4.66688060760498' | fill=00000000 | rows=[18] | cols=[9] | col_header=False | row_header=False | metadata=False
Cell K19 | value='2.72563362121582' | fill=00000000 | rows=[18] | cols=[10] | col_header=False | row_header=False | metadata=False
Cell L19 | value='2.75173020362854' | fill=00000000 | rows=[18] | cols=[11] | col_header=False | row_header=False | metadata=False
Cell M19 | value='7.09157180786133' | fill=00000000 | rows=[18] | cols=[12] | col_header=False | row_header=False | metadata=False
Cell B20 | value='Estonia' | fill=FFE2F2FB | rows=[19] | cols=[1] | col_header=False | row_header=False | metadata=False
Cell D20 | value='3.36148643493652' | fill=00000000 | rows=[19] | cols=[3] | col_header=False | row_header=False | metadata=False
Cell E20 | value='4.47505378723145' | fill=00000000 | rows=[19] | cols=[4] | col_header=False | row_header=False | metadata=False
Cell F20 | value='1.72075390815735' | fill=00000000 | rows=[19] | cols=[5] | col_header=False | row_header=False | metadata=False
Cell G20 | value='3.58261799812317' | fill=00000000 | rows=[19] | cols=[6] | col_header=False | row_header=False | metadata=False
Cell H20 | value='3.20215916633606' | fill=00000000 | rows=[19] | cols=[7] | col_header=False | row_header=False | metadata=False
Cell I20 | value='C ..' | fill=00000000 | rows=[19] | cols=[8] | col_header=False | row_header=False | metadata=False
Cell J20 | value='4.42991638183594' | fill=00000000 | rows=[19] | cols=[9] | col_header=False | row_header=False | metadata=False
Cell K20 | value='6.47085952758789' | fill=00000000 | rows=[19] | cols=[10] | col_header=False | row_header=False | metadata=False
Cell L20 | value='1.89279055595398' | fill=00000000 | rows=[19] | cols=[11] | col_header=False | row_header=False | metadata=False
Cell M20 | value='O ..' | fill=00000000 | rows=[19] | cols=[12] | col_header=False | row_header=False | metadata=False
Cell B21 | value='Finland' | fill=FFE2F2FB | rows=[20] | cols=[1] | col_header=False | row_header=False | metadata=False
Cell D21 | value='3.17460322380066' | fill=00000000 | rows=[20] | cols=[3] | col_header=False | row_header=False | metadata=False
Cell E21 | value='8.18181800842285' | fill=00000000 | rows=[20] | cols=[4] | col_header=False | row_header=False | metadata=False
Cell F21 | value='6.1538462638855' | fill=00000000 | rows=[20] | cols=[5] | col_header=False | row_header=False | metadata=False
Cell G21 | value='5.64516115188599' | fill=00000000 | rows=[20] | cols=[6] | col_header=False | row_header=False | metadata=False
Cell H21 | value='4.7619047164917' | fill=00000000 | rows=[20] | cols=[7] | col_header=False | row_header=False | metadata=False
Cell I21 | value='3.70370364189148' | fill=00000000 | rows=[20] | cols=[8] | col_header=False | row_header=False | metadata=False
Cell J21 | value='4.26540279388428' | fill=00000000 | rows=[20] | cols=[9] | col_header=False | row_header=False | metadata=False
Cell K21 | value='2.94117641448975' | fill=00000000 | rows=[20] | cols=[10] | col_header=False | row_header=False | metadata=False
Cell L21 | value='1.63934421539307' | fill=00000000 | rows=[20] | cols=[11] | col_header=False | row_header=False | metadata=False
Cell M21 | value='4.08163261413574' | fill=00000000 | rows=[20] | cols=[12] | col_header=False | row_header=False | metadata=False
Cell B22 | value='France' | fill=FFE2F2FB | rows=[21] | cols=[1] | col_header=False | row_header=False | metadata=False
Cell D22 | value='1.87213003635406' | fill=00000000 | rows=[21] | cols=[3] | col_header=False | row_header=False | metadata=False
Cell E22 | value='7.7567777633667' | fill=00000000 | rows=[21] | cols=[4] | col_header=False | row_header=False | metadata=False
Cell F22 | value='6.57638025283813' | fill=00000000 | rows=[21] | cols=[5] | col_header=False | row_header=False | metadata=False
Cell G22 | value='5.5328631401062' | fill=00000000 | rows=[21] | cols=[6] | col_header=False | row_header=False | metadata=False
Cell H22 | value='4.01813077926636' | fill=00000000 | rows=[21] | cols=[7] | col_header=False | row_header=False | metadata=False
Cell I22 | value='4.26839113235474' | fill=00000000 | rows=[21] | cols=[8] | col_header=False | row_header=False | metadata=False
Cell J22 | value='3.63871884346008' | fill=00000000 | rows=[21] | cols=[9] | col_header=False | row_header=False | metadata=False
Cell K22 | value='4.41176462173462' | fill=00000000 | rows=[21] | cols=[10] | col_header=False | row_header=False | metadata=False
Cell L22 | value='1.95389294624329' | fill=00000000 | rows=[21] | cols=[11] | col_header=False | row_header=False | metadata=False
Cell M22 | value='6.4145975112915' | fill=00000000 | rows=[21] | cols=[12] | col_header=False | row_header=False | metadata=False
Cell B23 | value='Germany' | fill=FFE2F2FB | rows=[22] | cols=[1] | col_header=False | row_header=False | metadata=False
Cell D23 | value='1.41712367534637' | fill=00000000 | rows=[22] | cols=[3] | col_header=False | row_header=False | metadata=False
Cell E23 | value='4.16873264312744' | fill=00000000 | rows=[22] | cols=[4] | col_header=False | row_header=False | metadata=False
Cell F23 | value='3.41452813148498' | fill=00000000 | rows=[22] | cols=[5] | col_header=False | row_header=False | metadata=False
Cell G23 | value='2.14607501029968' | fill=00000000 | rows=[22] | cols=[6] | col_header=False | row_header=False | metadata=False
Cell H23 | value='3.196622133255' | fill=00000000 | rows=[22] | cols=[7] | col_header=False | row_header=False | metadata=False
Cell I23 | value='2.16783094406128' | fill=00000000 | rows=[22] | cols=[8] | col_header=False | row_header=False | metadata=False
Cell J23 | value='2.23758625984192' | fill=00000000 | rows=[22] | cols=[9] | col_header=False | row_header=False | metadata=False
Cell K23 | value='2.23064303398132' | fill=00000000 | rows=[22] | cols=[10] | col_header=False | row_header=False | metadata=False
Cell L23 | value='1.92317736148834' | fill=00000000 | rows=[22] | cols=[11] | col_header=False | row_header=False | metadata=False
Cell M23 | value='2.40287613868713' | fill=00000000 | rows=[22] | cols=[12] | col_header=False | row_header=False | metadata=False
Cell B24 | value='Greece' | fill=FFE2F2FB | rows=[23] | cols=[1] | col_header=False | row_header=False | metadata=False
Cell D24 | value='11.789834022522' | fill=00000000 | rows=[23] | cols=[3] | col_header=False | row_header=False | metadata=False
Cell E24 | value='17.6869087219238' | fill=00000000 | rows=[23] | cols=[4] | col_header=False | row_header=False | metadata=False
Cell F24 | value='8.73928546905518' | fill=00000000 | rows=[23] | cols=[5] | col_header=False | row_header=False | metadata=False
Cell G24 | value='12.1620235443115' | fill=00000000 | rows=[23] | cols=[6] | col_header=False | row_header=False | metadata=False
Cell H24 | value='11.5176792144775' | fill=00000000 | rows=[23] | cols=[7] | col_header=False | row_header=False | metadata=False
Cell I24 | value='10.8472747802734' | fill=00000000 | rows=[23] | cols=[8] | col_header=False | row_header=False | metadata=False
Cell J24 | value='5.42217111587524' | fill=00000000 | rows=[23] | cols=[9] | col_header=False | row_header=False | metadata=False
Cell K24 | value='11.0360593795776' | fill=00000000 | rows=[23] | cols=[10] | col_header=False | row_header=False | metadata=False
Cell L24 | value='7.73718166351318' | fill=00000000 | rows=[23] | cols=[11] | col_header=False | row_header=False | metadata=False
Cell M24 | value='8.68113899230957' | fill=00000000 | rows=[23] | cols=[12] | col_header=False | row_header=False | metadata=False
Cell B25 | value='Hungary' | fill=FFE2F2FB | rows=[24] | cols=[1] | col_header=False | row_header=False | metadata=False
Cell D25 | value='1.22709763050079' | fill=00000000 | rows=[24] | cols=[3] | col_header=False | row_header=False | metadata=False
Cell E25 | value='3.24200582504272' | fill=00000000 | rows=[24] | cols=[4] | col_header=False | row_header=False | metadata=False
Cell F25 | value='1.75787389278412' | fill=00000000 | rows=[24] | cols=[5] | col_header=False | row_header=False | metadata=False
Cell G25 | value='1.32351315021515' | fill=00000000 | rows=[24] | cols=[6] | col_header=False | row_header=False | metadata=False
Cell H25 | value='2.65784907341003' | fill=00000000 | rows=[24] | cols=[7] | col_header=False | row_header=False | metadata=False
Cell I25 | value='1.75585877895355' | fill=00000000 | rows=[24] | cols=[8] | col_header=False | row_header=False | metadata=False
Cell J25 | value='1.12701547145844' | fill=00000000 | rows=[24] | cols=[9] | col_header=False | row_header=False | metadata=False
Cell K25 | value='1.52598774433136' | fill=00000000 | rows=[24] | cols=[10] | col_header=False | row_header=False | metadata=False
Cell L25 | value='0.449339181184769' | fill=00000000 | rows=[24] | cols=[11] | col_header=False | row_header=False | metadata=False
Cell M25 | value='2.42609190940857' | fill=00000000 | rows=[24] | cols=[12] | col_header=False | row_header=False | metadata=False
Cell B26 | value='Italy' | fill=FFE2F2FB | rows=[25] | cols=[1] | col_header=False | row_header=False | metadata=False
Cell D26 | value='4.49851417541504' | fill=00000000 | rows=[25] | cols=[3] | col_header=False | row_header=False | metadata=False
Cell E26 | value='7.4183497428894' | fill=00000000 | rows=[25] | cols=[4] | col_header=False | row_header=False | metadata=False
Cell F26 | value='6.49613094329834' | fill=00000000 | rows=[25] | cols=[5] | col_header=False | row_header=False | metadata=False
Cell G26 | value='5.03951263427734' | fill=00000000 | rows=[25] | cols=[6] | col_header=False | row_header=False | metadata=False
Cell H26 | value='4.94751596450806' | fill=00000000 | rows=[25] | cols=[7] | col_header=False | row_header=False | metadata=False
Cell I26 | value='2.4132297039032' | fill=00000000 | rows=[25] | cols=[8] | col_header=False | row_header=False | metadata=False
Cell J26 | value='2.57740116119385' | fill=00000000 | rows=[25] | cols=[9] | col_header=False | row_header=False | metadata=False
Cell K26 | value='5.27482032775879' | fill=00000000 | rows=[25] | cols=[10] | col_header=False | row_header=False | metadata=False
Cell L26 | value='1.90335261821747' | fill=00000000 | rows=[25] | cols=[11] | col_header=False | row_header=False | metadata=False
Cell M26 | value='9.00420188903809' | fill=00000000 | rows=[25] | cols=[12] | col_header=False | row_header=False | metadata=False
Cell B27 | value='Latvia' | fill=FFE2F2FB | rows=[26] | cols=[1] | col_header=False | row_header=False | metadata=False
Cell D27 | value='3.30927681922913' | fill=00000000 | rows=[26] | cols=[3] | col_header=False | row_header=False | metadata=False
Cell E27 | value='7.00107526779175' | fill=00000000 | rows=[26] | cols=[4] | col_header=False | row_header=False | metadata=False
Cell F27 | value='6.52028799057007' | fill=00000000 | rows=[26] | cols=[5] | col_header=False | row_header=False | metadata=False
Cell G27 | value='5.41760778427124' | fill=00000000 | rows=[26] | cols=[6] | col_header=False | row_header=False | metadata=False
Cell H27 | value='C ..' | fill=00000000 | rows=[26] | cols=[7] | col_header=False | row_header=False | metadata=False
Cell I27 | value='O ..' | fill=00000000 | rows=[26] | cols=[8] | col_header=False | row_header=False | metadata=False
Cell J27 | value='6.13746309280396' | fill=00000000 | rows=[26] | cols=[9] | col_header=False | row_header=False | metadata=False
Cell K27 | value='C ..' | fill=00000000 | rows=[26] | cols=[10] | col_header=False | row_header=False | metadata=False
Cell L27 | value='C ..' | fill=00000000 | rows=[26] | cols=[11] | col_header=False | row_header=False | metadata=False
Cell M27 | value='C ..' | fill=00000000 | rows=[26] | cols=[12] | col_header=False | row_header=False | metadata=False
Cell B28 | value='Lithuania' | fill=FFE2F2FB | rows=[27] | cols=[1] | col_header=False | row_header=False | metadata=False
Cell D28 | value='3.5824031829834' | fill=00000000 | rows=[27] | cols=[3] | col_header=False | row_header=False | metadata=False
Cell E28 | value='4.58108234405518' | fill=00000000 | rows=[27] | cols=[4] | col_header=False | row_header=False | metadata=False
Cell F28 | value='3.06256365776062' | fill=00000000 | rows=[27] | cols=[5] | col_header=False | row_header=False | metadata=False
Cell G28 | value='4.7834062576294' | fill=00000000 | rows=[27] | cols=[6] | col_header=False | row_header=False | metadata=False
Cell H28 | value='3.61189222335815' | fill=00000000 | rows=[27] | cols=[7] | col_header=False | row_header=False | metadata=False
Cell I28 | value='3.17256903648376' | fill=00000000 | rows=[27] | cols=[8] | col_header=False | row_header=False | metadata=False
Cell J28 | value='4.13726234436035' | fill=00000000 | rows=[27] | cols=[9] | col_header=False | row_header=False | metadata=False
Cell K28 | value='4.8198413848877' | fill=00000000 | rows=[27] | cols=[10] | col_header=False | row_header=False | metadata=False
Cell L28 | value='2.77783608436585' | fill=00000000 | rows=[27] | cols=[11] | col_header=False | row_header=False | metadata=False
Cell M28 | value='6.03937578201294' | fill=00000000 | rows=[27] | cols=[12] | col_header=False | row_header=False | metadata=False
Cell B29 | value='Mexico' | fill=FFE2F2FB | rows=[28] | cols=[1] | col_header=False | row_header=False | metadata=False
Cell D29 | value='1.87262535095215' | fill=00000000 | rows=[28] | cols=[3] | col_header=False | row_header=False | metadata=False
Cell E29 | value='5.144211769104' | fill=00000000 | rows=[28] | cols=[4] | col_header=False | row_header=False | metadata=False
Cell F29 | value='5.74276781082153' | fill=00000000 | rows=[28] | cols=[5] | col_header=False | row_header=False | metadata=False
Cell G29 | value='4.42347717285156' | fill=00000000 | rows=[28] | cols=[6] | col_header=False | row_header=False | metadata=False
Cell H29 | value='4.72676277160645' | fill=00000000 | rows=[28] | cols=[7] | col_header=False | row_header=False | metadata=False
Cell I29 | value='4.12582969665527' | fill=00000000 | rows=[28] | cols=[8] | col_header=False | row_header=False | metadata=False
Cell J29 | value='6.14872074127197' | fill=00000000 | rows=[28] | cols=[9] | col_header=False | row_header=False | metadata=False
Cell K29 | value='3.4448037147522' | fill=00000000 | rows=[28] | cols=[10] | col_header=False | row_header=False | metadata=False
Cell L29 | value='2.66702485084534' | fill=00000000 | rows=[28] | cols=[11] | col_header=False | row_header=False | metadata=False
Cell M29 | value='5.10045623779297' | fill=00000000 | rows=[28] | cols=[12] | col_header=False | row_header=False | metadata=False
Cell B30 | value='Netherlands' | fill=FFE2F2FB | rows=[29] | cols=[1] | col_header=False | row_header=False | metadata=False
Cell D30 | value='2.10152840614319' | fill=00000000 | rows=[29] | cols=[3] | col_header=False | row_header=False | metadata=False
Cell E30 | value='3.23316860198975' | fill=00000000 | rows=[29] | cols=[4] | col_header=False | row_header=False | metadata=False
Cell F30 | value='2.93196702003479' | fill=00000000 | rows=[29] | cols=[5] | col_header=False | row_header=False | metadata=False
Cell G30 | value='3.18976020812988' | fill=00000000 | rows=[29] | cols=[6] | col_header=False | row_header=False | metadata=False
Cell H30 | value='3.62929368019104' | fill=00000000 | rows=[29] | cols=[7] | col_header=False | row_header=False | metadata=False
Cell I30 | value='1.50240385532379' | fill=00000000 | rows=[29] | cols=[8] | col_header=False | row_header=False | metadata=False
Cell J30 | value='2.73520398139954' | fill=00000000 | rows=[29] | cols=[9] | col_header=False | row_header=False | metadata=False
Cell K30 | value='0.932400941848755' | fill=00000000 | rows=[29] | cols=[10] | col_header=False | row_header=False | metadata=False
Cell L30 | value='1.6768012046814' | fill=00000000 | rows=[29] | cols=[11] | col_header=False | row_header=False | metadata=False
Cell M30 | value='1.984978556633' | fill=00000000 | rows=[29] | cols=[12] | col_header=False | row_header=False | metadata=False
Cell B31 | value='Norway' | fill=FFE2F2FB | rows=[30] | cols=[1] | col_header=False | row_header=False | metadata=False
Cell D31 | value='1.65465724468231' | fill=00000000 | rows=[30] | cols=[3] | col_header=False | row_header=False | metadata=False
Cell E31 | value='4.89515018463135' | fill=00000000 | rows=[30] | cols=[4] | col_header=False | row_header=False | metadata=False
Cell F31 | value='3.14283323287964' | fill=00000000 | rows=[30] | cols=[5] | col_header=False | row_header=False | metadata=False
Cell G31 | value='2.81000375747681' | fill=00000000 | rows=[30] | cols=[6] | col_header=False | row_header=False | metadata=False
Cell H31 | value='4.30172491073608' | fill=00000000 | rows=[30] | cols=[7] | col_header=False | row_header=False | metadata=False
Cell I31 | value='2.90911865234375' | fill=00000000 | rows=[30] | cols=[8] | col_header=False | row_header=False | metadata=False
Cell J31 | value='2.06681084632873' | fill=00000000 | rows=[30] | cols=[9] | col_header=False | row_header=False | metadata=False
Cell K31 | value='C ..' | fill=00000000 | rows=[30] | cols=[10] | col_header=False | row_header=False | metadata=False
Cell L31 | value='0.58941787481308' | fill=00000000 | rows=[30] | cols=[11] | col_header=False | row_header=False | metadata=False
Cell M31 | value='1.87488174438477' | fill=00000000 | rows=[30] | cols=[12] | col_header=False | row_header=False | metadata=False
Cell B32 | value='Poland' | fill=FFE2F2FB | rows=[31] | cols=[1] | col_header=False | row_header=False | metadata=False
Cell D32 | value='1.27817797660828' | fill=00000000 | rows=[31] | cols=[3] | col_header=False | row_header=False | metadata=False
Cell E32 | value='C ..' | fill=00000000 | rows=[31] | cols=[4] | col_header=False | row_header=False | metadata=False
Cell F32 | value='2.09160447120666' | fill=00000000 | rows=[31] | cols=[5] | col_header=False | row_header=False | metadata=False
Cell G32 | value='1.97403383255005' | fill=00000000 | rows=[31] | cols=[6] | col_header=False | row_header=False | metadata=False
Cell H32 | value='C ..' | fill=00000000 | rows=[31] | cols=[7] | col_header=False | row_header=False | metadata=False
Cell I32 | value='C ..' | fill=00000000 | rows=[31] | cols=[8] | col_header=False | row_header=False | metadata=False
Cell J32 | value='C ..' | fill=00000000 | rows=[31] | cols=[9] | col_header=False | row_header=False | metadata=False
Cell K32 | value='C ..' | fill=00000000 | rows=[31] | cols=[10] | col_header=False | row_header=False | metadata=False
Cell L32 | value='C ..' | fill=00000000 | rows=[31] | cols=[11] | col_header=False | row_header=False | metadata=False
Cell M32 | value='C ..' | fill=00000000 | rows=[31] | cols=[12] | col_header=False | row_header=False | metadata=False
Cell B33 | value='Portugal' | fill=FFE2F2FB | rows=[32] | cols=[1] | col_header=False | row_header=False | metadata=False
Cell D33 | value='1.48903882503509' | fill=00000000 | rows=[32] | cols=[3] | col_header=False | row_header=False | metadata=False
Cell E33 | value='9.30588436126709' | fill=00000000 | rows=[32] | cols=[4] | col_header=False | row_header=False | metadata=False
Cell F33 | value='1.68249750137329' | fill=00000000 | rows=[32] | cols=[5] | col_header=False | row_header=False | metadata=False
Cell G33 | value='4.6336145401001' | fill=00000000 | rows=[32] | cols=[6] | col_header=False | row_header=False | metadata=False
Cell H33 | value='C ..' | fill=00000000 | rows=[32] | cols=[7] | col_header=False | row_header=False | metadata=False
Cell I33 | value='C ..' | fill=00000000 | rows=[32] | cols=[8] | col_header=False | row_header=False | metadata=False
Cell J33 | value='3.3783233165741' | fill=00000000 | rows=[32] | cols=[9] | col_header=False | row_header=False | metadata=False
Cell K33 | value='C ..' | fill=00000000 | rows=[32] | cols=[10] | col_header=False | row_header=False | metadata=False
Cell L33 | value='2.91332221031189' | fill=00000000 | rows=[32] | cols=[11] | col_header=False | row_header=False | metadata=False
Cell M33 | value='8.16244220733643' | fill=00000000 | rows=[32] | cols=[12] | col_header=False | row_header=False | metadata=False
Cell B34 | value='Slovak Republic' | fill=FFE2F2FB | rows=[33] | cols=[1] | col_header=False | row_header=False | metadata=False
Cell D34 | value='1.91706550121307' | fill=00000000 | rows=[33] | cols=[3] | col_header=False | row_header=False | metadata=False
Cell E34 | value='8.42525005340576' | fill=00000000 | rows=[33] | cols=[4] | col_header=False | row_header=False | metadata=False
Cell F34 | value='2.47245573997498' | fill=00000000 | rows=[33] | cols=[5] | col_header=False | row_header=False | metadata=False
Cell G34 | value='3.07270359992981' | fill=00000000 | rows=[33] | cols=[6] | col_header=False | row_header=False | metadata=False
Cell H34 | value='C ..' | fill=00000000 | rows=[33] | cols=[7] | col_header=False | row_header=False | metadata=False
Cell I34 | value='C ..' | fill=00000000 | rows=[33] | cols=[8] | col_header=False | row_header=False | metadata=False
Cell J34 | value='2.03282141685486' | fill=00000000 | rows=[33] | cols=[9] | col_header=False | row_header=False | metadata=False
Cell K34 | value='C ..' | fill=00000000 | rows=[33] | cols=[10] | col_header=False | row_header=False | metadata=False
Cell L34 | value='3.10134291648865' | fill=00000000 | rows=[33] | cols=[11] | col_header=False | row_header=False | metadata=False
Cell M34 | value='4.29701709747315' | fill=00000000 | rows=[33] | cols=[12] | col_header=False | row_header=False | metadata=False
Cell B35 | value='Slovenia' | fill=FFE2F2FB | rows=[34] | cols=[1] | col_header=False | row_header=False | metadata=False
Cell D35 | value='1.92936789989471' | fill=00000000 | rows=[34] | cols=[3] | col_header=False | row_header=False | metadata=False
Cell E35 | value='7.24400854110718' | fill=00000000 | rows=[34] | cols=[4] | col_header=False | row_header=False | metadata=False
Cell F35 | value='3.03842210769653' | fill=00000000 | rows=[34] | cols=[5] | col_header=False | row_header=False | metadata=False
Cell G35 | value='3.80655121803284' | fill=00000000 | rows=[34] | cols=[6] | col_header=False | row_header=False | metadata=False
Cell H35 | value='4.81133604049683' | fill=00000000 | rows=[34] | cols=[7] | col_header=False | row_header=False | metadata=False
Cell I35 | value='1.65257203578949' | fill=00000000 | rows=[34] | cols=[8] | col_header=False | row_header=False | metadata=False
Cell J35 | value='2.61137795448303' | fill=00000000 | rows=[34] | cols=[9] | col_header=False | row_header=False | metadata=False
Cell K35 | value='6.10034227371216' | fill=00000000 | rows=[34] | cols=[10] | col_header=False | row_header=False | metadata=False
Cell L35 | value='1.92481243610382' | fill=00000000 | rows=[34] | cols=[11] | col_header=False | row_header=False | metadata=False
Cell M35 | value='5.42496919631958' | fill=00000000 | rows=[34] | cols=[12] | col_header=False | row_header=False | metadata=False
Cell B36 | value='Spain' | fill=FFE2F2FB | rows=[35] | cols=[1] | col_header=False | row_header=False | metadata=False
Cell D36 | value='8.62515640258789' | fill=00000000 | rows=[35] | cols=[3] | col_header=False | row_header=False | metadata=False
Cell E36 | value='11.5301809310913' | fill=00000000 | rows=[35] | cols=[4] | col_header=False | row_header=False | metadata=False
Cell F36 | value='10.2505826950073' | fill=00000000 | rows=[35] | cols=[5] | col_header=False | row_header=False | metadata=False
Cell G36 | value='9.40525150299072' | fill=00000000 | rows=[35] | cols=[6] | col_header=False | row_header=False | metadata=False
Cell H36 | value='8.4239616394043' | fill=00000000 | rows=[35] | cols=[7] | col_header=False | row_header=False | metadata=False
Cell I36 | value='7.01950645446777' | fill=00000000 | rows=[35] | cols=[8] | col_header=False | row_header=False | metadata=False
Cell J36 | value='7.05271625518799' | fill=00000000 | rows=[35] | cols=[9] | col_header=False | row_header=False | metadata=False
Cell K36 | value='12.3771982192993' | fill=00000000 | rows=[35] | cols=[10] | col_header=False | row_header=False | metadata=False
Cell L36 | value='5.53647518157959' | fill=00000000 | rows=[35] | cols=[11] | col_header=False | row_header=False | metadata=False
Cell M36 | value='13.3154039382935' | fill=00000000 | rows=[35] | cols=[12] | col_header=False | row_header=False | metadata=False
Cell B37 | value='Switzerland' | fill=FFE2F2FB | rows=[36] | cols=[1] | col_header=False | row_header=False | metadata=False
Cell D37 | value='1.81931757926941' | fill=00000000 | rows=[36] | cols=[3] | col_header=False | row_header=False | metadata=False
Cell E37 | value='4.96191120147705' | fill=00000000 | rows=[36] | cols=[4] | col_header=False | row_header=False | metadata=False
Cell F37 | value='5.08916902542114' | fill=00000000 | rows=[36] | cols=[5] | col_header=False | row_header=False | metadata=False
Cell G37 | value='4.7030143737793' | fill=00000000 | rows=[36] | cols=[6] | col_header=False | row_header=False | metadata=False
Cell H37 | value='3.50763869285583' | fill=00000000 | rows=[36] | cols=[7] | col_header=False | row_header=False | metadata=False
Cell I37 | value='2.80023169517517' | fill=00000000 | rows=[36] | cols=[8] | col_header=False | row_header=False | metadata=False
Cell J37 | value='2.57152152061462' | fill=00000000 | rows=[36] | cols=[9] | col_header=False | row_header=False | metadata=False
Cell K37 | value='1.15757858753204' | fill=00000000 | rows=[36] | cols=[10] | col_header=False | row_header=False | metadata=False
Cell L37 | value='1.7618510723114' | fill=00000000 | rows=[36] | cols=[11] | col_header=False | row_header=False | metadata=False
Cell M37 | value='4.8691201210022' | fill=00000000 | rows=[36] | cols=[12] | col_header=False | row_header=False | metadata=False
Cell B38 | value='United Kingdom' | fill=FFE2F2FB | rows=[37] | cols=[1] | col_header=False | row_header=False | metadata=False
Cell D38 | value='3.11239862442017' | fill=00000000 | rows=[37] | cols=[3] | col_header=False | row_header=False | metadata=False
Cell E38 | value='4.02593088150024' | fill=00000000 | rows=[37] | cols=[4] | col_header=False | row_header=False | metadata=False
Cell F38 | value='C ..' | fill=00000000 | rows=[37] | cols=[5] | col_header=False | row_header=False | metadata=False
Cell G38 | value='3.20328116416931' | fill=00000000 | rows=[37] | cols=[6] | col_header=False | row_header=False | metadata=False
Cell H38 | value='C ..' | fill=00000000 | rows=[37] | cols=[7] | col_header=False | row_header=False | metadata=False
Cell I38 | value='4.19805240631104' | fill=00000000 | rows=[37] | cols=[8] | col_header=False | row_header=False | metadata=False
Cell J38 | value='2.11195850372314' | fill=00000000 | rows=[37] | cols=[9] | col_header=False | row_header=False | metadata=False
Cell K38 | value='C ..' | fill=00000000 | rows=[37] | cols=[10] | col_header=False | row_header=False | metadata=False
Cell L38 | value='2.2122015953064' | fill=00000000 | rows=[37] | cols=[11] | col_header=False | row_header=False | metadata=False
Cell M38 | value='2.78523421287537' | fill=00000000 | rows=[37] | cols=[12] | col_header=False | row_header=False | metadata=False
Cell B39 | value='OECD' | fill=FFE2F2FB | rows=[38] | cols=[1] | col_header=False | row_header=False | metadata=False
Cell D39 | value='O ..' | fill=00000000 | rows=[38] | cols=[3] | col_header=False | row_header=False | metadata=False
Cell E39 | value='O ..' | fill=00000000 | rows=[38] | cols=[4] | col_header=False | row_header=False | metadata=False
Cell F39 | value='O ..' | fill=00000000 | rows=[38] | cols=[5] | col_header=False | row_header=False | metadata=False
Cell G39 | value='O ..' | fill=00000000 | rows=[38] | cols=[6] | col_header=False | row_header=False | metadata=False
Cell H39 | value='O ..' | fill=00000000 | rows=[38] | cols=[7] | col_header=False | row_header=False | metadata=False
Cell I39 | value='O ..' | fill=00000000 | rows=[38] | cols=[8] | col_header=False | row_header=False | metadata=False
Cell J39 | value='O ..' | fill=00000000 | rows=[38] | cols=[9] | col_header=False | row_header=False | metadata=False
Cell K39 | value='O ..' | fill=00000000 | rows=[38] | cols=[10] | col_header=False | row_header=False | metadata=False
Cell L39 | value='O ..' | fill=00000000 | rows=[38] | cols=[11] | col_header=False | row_header=False | metadata=False
Cell M39 | value='O ..' | fill=00000000 | rows=[38] | cols=[12] | col_header=False | row_header=False | metadata=False
Cell B40 | value='Time period: 2017' | fill=FFB7DEF6 | rows=[39] | cols=[1, 2, 3, 4, 5, 6, 7, 8, 9, 10, 11] | col_header=False | row_header=False | metadata=False
Cell B41 | value='Labour force status: Population > Labour force > Unemployment' | fill=FFB7DEF6 | rows=[40] | cols=[1, 2, 3, 4, 5, 6, 7, 8, 9, 10, 11] | col_header=False | row_header=False | metadata=False
Cell B42 | value='Chile' | fill=FFE2F2FB | rows=[41] | cols=[1] | col_header=False | row_header=False | metadata=False
Cell D42 | value='4.64097023010254' | fill=00000000 | rows=[41] | cols=[3] | col_header=False | row_header=False | metadata=False
Cell E42 | value='6.44809770584106' | fill=00000000 | rows=[41] | cols=[4] | col_header=False | row_header=False | metadata=False
Cell F42 | value='5.27298593521118' | fill=00000000 | rows=[41] | cols=[5] | col_header=False | row_header=False | metadata=False
Cell G42 | value='5.3190598487854' | fill=00000000 | rows=[41] | cols=[6] | col_header=False | row_header=False | metadata=False
Cell H42 | value='9.07169532775879' | fill=00000000 | rows=[41] | cols=[7] | col_header=False | row_header=False | metadata=False
Cell I42 | value='4.26167726516724' | fill=00000000 | rows=[41] | cols=[8] | col_header=False | row_header=False | metadata=False
Cell J42 | value='5.42536497116089' | fill=00000000 | rows=[41] | cols=[9] | col_header=False | row_header=False | metadata=False
Cell K42 | value='6.00967264175415' | fill=00000000 | rows=[41] | cols=[10] | col_header=False | row_header=False | metadata=False
Cell L42 | value='6.14391422271729' | fill=00000000 | rows=[41] | cols=[11] | col_header=False | row_header=False | metadata=False
Cell M42 | value='7.99616718292236' | fill=00000000 | rows=[41] | cols=[12] | col_header=False | row_header=False | metadata=False
Cell B43 | value='United States' | fill=FFE2F2FB | rows=[42] | cols=[1] | col_header=False | row_header=False | metadata=False
Cell D43 | value='1.60195374488831' | fill=00000000 | rows=[42] | cols=[3] | col_header=False | row_header=False | metadata=False
Cell E43 | value='3.36260390281677' | fill=00000000 | rows=[42] | cols=[4] | col_header=False | row_header=False | metadata=False
Cell F43 | value='2.99937725067139' | fill=00000000 | rows=[42] | cols=[5] | col_header=False | row_header=False | metadata=False
Cell G43 | value='2.71523022651672' | fill=00000000 | rows=[42] | cols=[6] | col_header=False | row_header=False | metadata=False
Cell H43 | value='2.45092797279358' | fill=00000000 | rows=[42] | cols=[7] | col_header=False | row_header=False | metadata=False
Cell I43 | value='2.90856838226318' | fill=00000000 | rows=[42] | cols=[8] | col_header=False | row_header=False | metadata=False
Cell J43 | value='2.50659728050232' | fill=00000000 | rows=[42] | cols=[9] | col_header=False | row_header=False | metadata=False
Cell K43 | value='1.79196500778198' | fill=00000000 | rows=[42] | cols=[10] | col_header=False | row_header=False | metadata=False
Cell L43 | value='1.69763457775116' | fill=00000000 | rows=[42] | cols=[11] | col_header=False | row_header=False | metadata=False
Cell M43 | value='2.65864777565002' | fill=00000000 | rows=[42] | cols=[12] | col_header=False | row_header=False | metadata=False
Cell B45 | value='© Terms & conditions' | fill=FF00B0F0 | rows=[44] | cols=[1] | col_header=False | row_header=False | metadata=True
Cell N45 | value='Unemployment rates of tertiary-educated adults, by field of study, tertiary educational attainment, age group and gender' | fill=FF00B0F0 | rows=[44] | cols=[13] | col_header=False | row_header=False | metadata=True

