=== employment-table01.xlsx ===
Cell A1 | value='HOUSEHOLD DATA
ANNUAL AVERAGES
 1.  Employment status of the civilian noninstitutional population, 1953 to date' | fill=FF00B0F0 | rows=[0] | cols=[0, 1, 2, 3, 4, 5, 6, 7, 8, 9, 10] | col_header=True | row_header=True | metadata=True
Cell A2 | value='[Numbers in thousands]' | fill=FF00B0F0 | rows=[1] | cols=[0] | col_header=False | row_header=False | metadata=True
Cell A4 | value='Year' | fill=FFFFFF00 | rows=[3, 4, 5] | cols=[0] | col_header=True | row_header=False | metadata=False
Cell B4 | value='Civilian
noninstitu-
tional
population' | fill=FFFFFF00 | rows=[3, 4, 5] | cols=[1] | col_header=True | row_header=False | metadata=False
Cell C4 | value='Civilian labor force' | fill=FFFFFF00 | rows=[3] | cols=[2, 3, 4, 5, 6, 7, 8, 9] | col_header=True | row_header=False | metadata=False
Cell K4 | value='Not
in
labor
force' | fill=FFFFFF00 | rows=[3, 4, 5] | cols=[10] | col_header=True | row_header=False | metadata=False
Cell C5 | value='Total' | fill=FFFFFF00 | rows=[4, 5] | cols=[2] | col_header=True | row_header=False | metadata=False
Cell D5 | value='Percent of
population' | fill=FFFFFF00 | rows=[4, 5] | cols=[3] | col_header=True | row_header=False | metadata=False
Cell E5 | value='Employed' | fill=FFFFFF00 | rows=[4] | cols=[4, 5, 6, 7] | col_header=True | row_header=False | metadata=False
Cell I5 | value='Unemployed' | fill=FFFFFF00 | rows=[4] | cols=[8, 9] | col_header=True | row_header=False | metadata=False
Cell E6 | value='Total' | fill=FFFFFF00 | rows=[5] | cols=[4] | col_header=True | row_header=False | metadata=False
Cell F6 | value='Percent of
population' | fill=FFFFFF00 | rows=[5] | cols=[5] | col_header=True | row_header=False | metadata=False
Cell G6 | value='Agri-
culture' | fill=FFFFFF00 | rows=[5] | cols=[6] | col_header=True | row_header=False | metadata=False
Cell H6 | value='Nonagri-
cultural
industries' | fill=FFFFFF00 | rows=[5] | cols=[7] | col_header=True | row_header=False | metadata=False
Cell I6 | value='Number' | fill=FFFFFF00 | rows=[5] | cols=[8] | col_header=True | row_header=False | metadata=False
Cell J6 | value='Percent of
labor force' | fill=FFFFFF00 | rows=[5] | cols=[9] | col_header=True | row_header=False | metadata=False
Cell A8 | value='Persons 16 years of age and over' | fill=00000000 | rows=[7] | cols=[0] | col_header=False | row_header=False | metadata=False
Cell A9 | value='1953' | fill=00000000 | rows=[8] | cols=[0] | col_header=False | row_header=False | metadata=False
Cell B9 | value='107056' | fill=00000000 | rows=[8] | cols=[1] | col_header=False | row_header=False | metadata=False
Cell C9 | value='63015' | fill=00000000 | rows=[8] | cols=[2] | col_header=False | row_header=False | metadata=False
Cell D9 | value='58.9' | fill=00000000 | rows=[8] | cols=[3] | col_header=False | row_header=False | metadata=False
Cell E9 | value='61179' | fill=00000000 | rows=[8] | cols=[4] | col_header=False | row_header=False | metadata=False
Cell F9 | value='57.1' | fill=00000000 | rows=[8] | cols=[5] | col_header=False | row_header=False | metadata=False
Cell G9 | value='6260' | fill=00000000 | rows=[8] | cols=[6] | col_header=False | row_header=False | metadata=False
Cell H9 | value='54919' | fill=00000000 | rows=[8] | cols=[7] | col_header=False | row_header=False | metadata=False
Cell I9 | value='1834' | fill=00000000 | rows=[8] | cols=[8] | col_header=False | row_header=False | metadata=False
Cell J9 | value='2.9' | fill=00000000 | rows=[8] | cols=[9] | col_header=False | row_header=False | metadata=False
Cell K9 | value='44041' | fill=00000000 | rows=[8] | cols=[10] | col_header=False | row_header=False | metadata=False
Cell A10 | value='1954' | fill=00000000 | rows=[9] | cols=[0] | col_header=False | row_header=False | metadata=False
Cell B10 | value='108321' | fill=00000000 | rows=[9] | cols=[1] | col_header=False | row_header=False | metadata=False
Cell C10 | value='63643' | fill=00000000 | rows=[9] | cols=[2] | col_header=False | row_header=False | metadata=False
Cell D10 | value='58.8' | fill=00000000 | rows=[9] | cols=[3] | col_header=False | row_header=False | metadata=False
Cell E10 | value='60109' | fill=00000000 | rows=[9] | cols=[4] | col_header=False | row_header=False | metadata=False
Cell F10 | value='55.5' | fill=00000000 | rows=[9] | cols=[5] | col_header=False | row_header=False | metadata=False
Cell G10 | value='6205' | fill=00000000 | rows=[9] | cols=[6] | col_header=False | row_header=False | metadata=False
Cell H10 | value='53904' | fill=00000000 | rows=[9] | cols=[7] | col_header=False | row_header=False | metadata=False
Cell I10 | value='3532' | fill=00000000 | rows=[9] | cols=[8] | col_header=False | row_header=False | metadata=False
Cell J10 | value='5.5' | fill=00000000 | rows=[9] | cols=[9] | col_header=False | row_header=False | metadata=False
Cell K10 | value='44678' | fill=00000000 | rows=[9] | cols=[10] | col_header=False | row_header=False | metadata=False
Cell A11 | value='1955' | fill=00000000 | rows=[10] | cols=[0] | col_header=False | row_header=False | metadata=False
Cell B11 | value='109683' | fill=00000000 | rows=[10] | cols=[1] | col_header=False | row_header=False | metadata=False
Cell C11 | value='65023' | fill=00000000 | rows=[10] | cols=[2] | col_header=False | row_header=False | metadata=False
Cell D11 | value='59.3' | fill=00000000 | rows=[10] | cols=[3] | col_header=False | row_header=False | metadata=False
Cell E11 | value='62170' | fill=00000000 | rows=[10] | cols=[4] | col_header=False | row_header=False | metadata=False
Cell F11 | value='56.7' | fill=00000000 | rows=[10] | cols=[5] | col_header=False | row_header=False | metadata=False
Cell G11 | value='6450' | fill=00000000 | rows=[10] | cols=[6] | col_header=False | row_header=False | metadata=False
Cell H11 | value='55722' | fill=00000000 | rows=[10] | cols=[7] | col_header=False | row_header=False | metadata=False
Cell I11 | value='2852' | fill=00000000 | rows=[10] | cols=[8] | col_header=False | row_header=False | metadata=False
Cell J11 | value='4.4' | fill=00000000 | rows=[10] | cols=[9] | col_header=False | row_header=False | metadata=False
Cell K11 | value='44660' | fill=00000000 | rows=[10] | cols=[10] | col_header=False | row_header=False | metadata=False
Cell A12 | value='1956' | fill=00000000 | rows=[11] | cols=[0] | col_header=False | row_header=False | metadata=False
Cell B12 | value='110954' | fill=00000000 | rows=[11] | cols=[1] | col_header=False | row_header=False | metadata=False
Cell C12 | value='66552' | fill=00000000 | rows=[11] | cols=[2] | col_header=False | row_header=False | metadata=False
Cell D12 | value='60' | fill=00000000 | rows=[11] | cols=[3] | col_header=False | row_header=False | metadata=False
Cell E12 | value='63799' | fill=00000000 | rows=[11] | cols=[4] | col_header=False | row_header=False | metadata=False
Cell F12 | value='57.5' | fill=00000000 | rows=[11] | cols=[5] | col_header=False | row_header=False | metadata=False
Cell G12 | value='6283' | fill=00000000 | rows=[11] | cols=[6] | col_header=False | row_header=False | metadata=False
Cell H12 | value='57514' | fill=00000000 | rows=[11] | cols=[7] | col_header=False | row_header=False | metadata=False
Cell I12 | value='2750' | fill=00000000 | rows=[11] | cols=[8] | col_header=False | row_header=False | metadata=False
Cell J12 | value='4.1' | fill=00000000 | rows=[11] | cols=[9] | col_header=False | row_header=False | metadata=False
Cell K12 | value='44402' | fill=00000000 | rows=[11] | cols=[10] | col_header=False | row_header=False | metadata=False
Cell A13 | value='1957' | fill=00000000 | rows=[12] | cols=[0] | col_header=False | row_header=False | metadata=False
Cell B13 | value='112265' | fill=00000000 | rows=[12] | cols=[1] | col_header=False | row_header=False | metadata=False
Cell C13 | value='66929' | fill=00000000 | rows=[12] | cols=[2] | col_header=False | row_header=False | metadata=False
Cell D13 | value='59.6' | fill=00000000 | rows=[12] | cols=[3] | col_header=False | row_header=False | metadata=False
Cell E13 | value='64071' | fill=00000000 | rows=[12] | cols=[4] | col_header=False | row_header=False | metadata=False
Cell F13 | value='57.1' | fill=00000000 | rows=[12] | cols=[5] | col_header=False | row_header=False | metadata=False
Cell G13 | value='5947' | fill=00000000 | rows=[12] | cols=[6] | col_header=False | row_header=False | metadata=False
Cell H13 | value='58123' | fill=00000000 | rows=[12] | cols=[7] | col_header=False | row_header=False | metadata=False
Cell I13 | value='2859' | fill=00000000 | rows=[12] | cols=[8] | col_header=False | row_header=False | metadata=False
Cell J13 | value='4.3' | fill=00000000 | rows=[12] | cols=[9] | col_header=False | row_header=False | metadata=False
Cell K13 | value='45336' | fill=00000000 | rows=[12] | cols=[10] | col_header=False | row_header=False | metadata=False
Cell A14 | value='1958' | fill=00000000 | rows=[13] | cols=[0] | col_header=False | row_header=False | metadata=False
Cell B14 | value='113727' | fill=00000000 | rows=[13] | cols=[1] | col_header=False | row_header=False | metadata=False
Cell C14 | value='67639' | fill=00000000 | rows=[13] | cols=[2] | col_header=False | row_header=False | metadata=False
Cell D14 | value='59.5' | fill=00000000 | rows=[13] | cols=[3] | col_header=False | row_header=False | metadata=False
Cell E14 | value='63036' | fill=00000000 | rows=[13] | cols=[4] | col_header=False | row_header=False | metadata=False
Cell F14 | value='55.4' | fill=00000000 | rows=[13] | cols=[5] | col_header=False | row_header=False | metadata=False
Cell G14 | value='5586' | fill=00000000 | rows=[13] | cols=[6] | col_header=False | row_header=False | metadata=False
Cell H14 | value='57450' | fill=00000000 | rows=[13] | cols=[7] | col_header=False | row_header=False | metadata=False
Cell I14 | value='4602' | fill=00000000 | rows=[13] | cols=[8] | col_header=False | row_header=False | metadata=False
Cell J14 | value='6.8' | fill=00000000 | rows=[13] | cols=[9] | col_header=False | row_header=False | metadata=False
Cell K14 | value='46088' | fill=00000000 | rows=[13] | cols=[10] | col_header=False | row_header=False | metadata=False
Cell A15 | value='1959' | fill=00000000 | rows=[14] | cols=[0] | col_header=False | row_header=False | metadata=False
Cell B15 | value='115329' | fill=00000000 | rows=[14] | cols=[1] | col_header=False | row_header=False | metadata=False
Cell C15 | value='68369' | fill=00000000 | rows=[14] | cols=[2] | col_header=False | row_header=False | metadata=False
Cell D15 | value='59.3' | fill=00000000 | rows=[14] | cols=[3] | col_header=False | row_header=False | metadata=False
Cell E15 | value='64630' | fill=00000000 | rows=[14] | cols=[4] | col_header=False | row_header=False | metadata=False
Cell F15 | value='56' | fill=00000000 | rows=[14] | cols=[5] | col_header=False | row_header=False | metadata=False
Cell G15 | value='5565' | fill=00000000 | rows=[14] | cols=[6] | col_header=False | row_header=False | metadata=False
Cell H15 | value='59065' | fill=00000000 | rows=[14] | cols=[7] | col_header=False | row_header=False | metadata=False
Cell I15 | value='3740' | fill=00000000 | rows=[14] | cols=[8] | col_header=False | row_header=False | metadata=False
Cell J15 | value='5.5' | fill=00000000 | rows=[14] | cols=[9] | col_header=False | row_header=False | metadata=False
Cell K15 | value='46960' | fill=00000000 | rows=[14] | cols=[10] | col_header=False | row_header=False | metadata=False
Cell A16 | value='1960' | fill=00000000 | rows=[15] | cols=[0] | col_header=False | row_header=False | metadata=False
Cell B16 | value='117245' | fill=00000000 | rows=[15] | cols=[1] | col_header=False | row_header=False | metadata=False
Cell C16 | value='69628' | fill=00000000 | rows=[15] | cols=[2] | col_header=False | row_header=False | metadata=False
Cell D16 | value='59.4' | fill=00000000 | rows=[15] | cols=[3] | col_header=False | row_header=False | metadata=False
Cell E16 | value='65778' | fill=00000000 | rows=[15] | cols=[4] | col_header=False | row_header=False | metadata=False
Cell F16 | value='56.1' | fill=00000000 | rows=[15] | cols=[5] | col_header=False | row_header=False | metadata=False
Cell G16 | value='5458' | fill=00000000 | rows=[15] | cols=[6] | col_header=False | row_header=False | metadata=False
Cell H16 | value='60318' | fill=00000000 | rows=[15] | cols=[7] | col_header=False | row_header=False | metadata=False
Cell I16 | value='3852' | fill=00000000 | rows=[15] | cols=[8] | col_header=False | row_header=False | metadata=False
Cell J16 | value='5.5' | fill=00000000 | rows=[15] | cols=[9] | col_header=False | row_header=False | metadata=False
Cell K16 | value='47617' | fill=00000000 | rows=[15] | cols=[10] | col_header=False | row_header=False | metadata=False
Cell A17 | value='1961' | fill=00000000 | rows=[16] | cols=[0] | col_header=False | row_header=False | metadata=False
Cell B17 | value='118771' | fill=00000000 | rows=[16] | cols=[1] | col_header=False | row_header=False | metadata=False
Cell C17 | value='70459' | fill=00000000 | rows=[16] | cols=[2] | col_header=False | row_header=False | metadata=False
Cell D17 | value='59.3' | fill=00000000 | rows=[16] | cols=[3] | col_header=False | row_header=False | metadata=False
Cell E17 | value='65746' | fill=00000000 | rows=[16] | cols=[4] | col_header=False | row_header=False | metadata=False
Cell F17 | value='55.4' | fill=00000000 | rows=[16] | cols=[5] | col_header=False | row_header=False | metadata=False
Cell G17 | value='5200' | fill=00000000 | rows=[16] | cols=[6] | col_header=False | row_header=False | metadata=False
Cell H17 | value='60546' | fill=00000000 | rows=[16] | cols=[7] | col_header=False | row_header=False | metadata=False
Cell I17 | value='4714' | fill=00000000 | rows=[16] | cols=[8] | col_header=False | row_header=False | metadata=False
Cell J17 | value='6.7' | fill=00000000 | rows=[16] | cols=[9] | col_header=False | row_header=False | metadata=False
Cell K17 | value='48312' | fill=00000000 | rows=[16] | cols=[10] | col_header=False | row_header=False | metadata=False
Cell A18 | value='1962' | fill=00000000 | rows=[17] | cols=[0] | col_header=False | row_header=False | metadata=False
Cell B18 | value='120153' | fill=00000000 | rows=[17] | cols=[1] | col_header=False | row_header=False | metadata=False
Cell C18 | value='70614' | fill=00000000 | rows=[17] | cols=[2] | col_header=False | row_header=False | metadata=False
Cell D18 | value='58.8' | fill=00000000 | rows=[17] | cols=[3] | col_header=False | row_header=False | metadata=False
Cell E18 | value='66702' | fill=00000000 | rows=[17] | cols=[4] | col_header=False | row_header=False | metadata=False
Cell F18 | value='55.5' | fill=00000000 | rows=[17] | cols=[5] | col_header=False | row_header=False | metadata=False
Cell G18 | value='4944' | fill=00000000 | rows=[17] | cols=[6] | col_header=False | row_header=False | metadata=False
Cell H18 | value='61759' | fill=00000000 | rows=[17] | cols=[7] | col_header=False | row_header=False | metadata=False
Cell I18 | value='3911' | fill=00000000 | rows=[17] | cols=[8] | col_header=False | row_header=False | metadata=False
Cell J18 | value='5.5' | fill=00000000 | rows=[17] | cols=[9] | col_header=False | row_header=False | metadata=False
Cell K18 | value='49539' | fill=00000000 | rows=[17] | cols=[10] | col_header=False | row_header=False | metadata=False
Cell A19 | value='1963' | fill=00000000 | rows=[18] | cols=[0] | col_header=False | row_header=False | metadata=False
Cell B19 | value='122416' | fill=00000000 | rows=[18] | cols=[1] | col_header=False | row_header=False | metadata=False
Cell C19 | value='71833' | fill=00000000 | rows=[18] | cols=[2] | col_header=False | row_header=False | metadata=False
Cell D19 | value='58.7' | fill=00000000 | rows=[18] | cols=[3] | col_header=False | row_header=False | metadata=False
Cell E19 | value='67762' | fill=00000000 | rows=[18] | cols=[4] | col_header=False | row_header=False | metadata=False
Cell F19 | value='55.4' | fill=00000000 | rows=[18] | cols=[5] | col_header=False | row_header=False | metadata=False
Cell G19 | value='4687' | fill=00000000 | rows=[18] | cols=[6] | col_header=False | row_header=False | metadata=False
Cell H19 | value='63076' | fill=00000000 | rows=[18] | cols=[7] | col_header=False | row_header=False | metadata=False
Cell I19 | value='4070' | fill=00000000 | rows=[18] | cols=[8] | col_header=False | row_header=False | metadata=False
Cell J19 | value='5.7' | fill=00000000 | rows=[18] | cols=[9] | col_header=False | row_header=False | metadata=False
Cell K19 | value='50583' | fill=00000000 | rows=[18] | cols=[10] | col_header=False | row_header=False | metadata=False
Cell A20 | value='1964' | fill=00000000 | rows=[19] | cols=[0] | col_header=False | row_header=False | metadata=False
Cell B20 | value='124485' | fill=00000000 | rows=[19] | cols=[1] | col_header=False | row_header=False | metadata=False
Cell C20 | value='73091' | fill=00000000 | rows=[19] | cols=[2] | col_header=False | row_header=False | metadata=False
Cell D20 | value='58.7' | fill=00000000 | rows=[19] | cols=[3] | col_header=False | row_header=False | metadata=False
Cell E20 | value='69305' | fill=00000000 | rows=[19] | cols=[4] | col_header=False | row_header=False | metadata=False
Cell F20 | value='55.7' | fill=00000000 | rows=[19] | cols=[5] | col_header=False | row_header=False | metadata=False
Cell G20 | value='4523' | fill=00000000 | rows=[19] | cols=[6] | col_header=False | row_header=False | metadata=False
Cell H20 | value='64782' | fill=00000000 | rows=[19] | cols=[7] | col_header=False | row_header=False | metadata=False
Cell I20 | value='3786' | fill=00000000 | rows=[19] | cols=[8] | col_header=False | row_header=False | metadata=False
Cell J20 | value='5.2' | fill=00000000 | rows=[19] | cols=[9] | col_header=False | row_header=False | metadata=False
Cell K20 | value='51394' | fill=00000000 | rows=[19] | cols=[10] | col_header=False | row_header=False | metadata=False
Cell A21 | value='1965' | fill=00000000 | rows=[20] | cols=[0] | col_header=False | row_header=False | metadata=False
Cell B21 | value='126513' | fill=00000000 | rows=[20] | cols=[1] | col_header=False | row_header=False | metadata=False
Cell C21 | value='74455' | fill=00000000 | rows=[20] | cols=[2] | col_header=False | row_header=False | metadata=False
Cell D21 | value='58.9' | fill=00000000 | rows=[20] | cols=[3] | col_header=False | row_header=False | metadata=False
Cell E21 | value='71088' | fill=00000000 | rows=[20] | cols=[4] | col_header=False | row_header=False | metadata=False
Cell F21 | value='56.2' | fill=00000000 | rows=[20] | cols=[5] | col_header=False | row_header=False | metadata=False
Cell G21 | value='4361' | fill=00000000 | rows=[20] | cols=[6] | col_header=False | row_header=False | metadata=False
Cell H21 | value='66726' | fill=00000000 | rows=[20] | cols=[7] | col_header=False | row_header=False | metadata=False
Cell I21 | value='3366' | fill=00000000 | rows=[20] | cols=[8] | col_header=False | row_header=False | metadata=False
Cell J21 | value='4.5' | fill=00000000 | rows=[20] | cols=[9] | col_header=False | row_header=False | metadata=False
Cell K21 | value='52058' | fill=00000000 | rows=[20] | cols=[10] | col_header=False | row_header=False | metadata=False
Cell A22 | value='1966' | fill=00000000 | rows=[21] | cols=[0] | col_header=False | row_header=False | metadata=False
Cell B22 | value='128058' | fill=00000000 | rows=[21] | cols=[1] | col_header=False | row_header=False | metadata=False
Cell C22 | value='75770' | fill=00000000 | rows=[21] | cols=[2] | col_header=False | row_header=False | metadata=False
Cell D22 | value='59.2' | fill=00000000 | rows=[21] | cols=[3] | col_header=False | row_header=False | metadata=False
Cell E22 | value='72895' | fill=00000000 | rows=[21] | cols=[4] | col_header=False | row_header=False | metadata=False
Cell F22 | value='56.9' | fill=00000000 | rows=[21] | cols=[5] | col_header=False | row_header=False | metadata=False
Cell G22 | value='3979' | fill=00000000 | rows=[21] | cols=[6] | col_header=False | row_header=False | metadata=False
Cell H22 | value='68915' | fill=00000000 | rows=[21] | cols=[7] | col_header=False | row_header=False | metadata=False
Cell I22 | value='2875' | fill=00000000 | rows=[21] | cols=[8] | col_header=False | row_header=False | metadata=False
Cell J22 | value='3.8' | fill=00000000 | rows=[21] | cols=[9] | col_header=False | row_header=False | metadata=False
Cell K22 | value='52288' | fill=00000000 | rows=[21] | cols=[10] | col_header=False | row_header=False | metadata=False
Cell A23 | value='1967' | fill=00000000 | rows=[22] | cols=[0] | col_header=False | row_header=False | metadata=False
Cell B23 | value='129874' | fill=00000000 | rows=[22] | cols=[1] | col_header=False | row_header=False | metadata=False
Cell C23 | value='77347' | fill=00000000 | rows=[22] | cols=[2] | col_header=False | row_header=False | metadata=False
Cell D23 | value='59.6' | fill=00000000 | rows=[22] | cols=[3] | col_header=False | row_header=False | metadata=False
Cell E23 | value='74372' | fill=00000000 | rows=[22] | cols=[4] | col_header=False | row_header=False | metadata=False
Cell F23 | value='57.3' | fill=00000000 | rows=[22] | cols=[5] | col_header=False | row_header=False | metadata=False
Cell G23 | value='3844' | fill=00000000 | rows=[22] | cols=[6] | col_header=False | row_header=False | metadata=False
Cell H23 | value='70527' | fill=00000000 | rows=[22] | cols=[7] | col_header=False | row_header=False | metadata=False
Cell I23 | value='2975' | fill=00000000 | rows=[22] | cols=[8] | col_header=False | row_header=False | metadata=False
Cell J23 | value='3.8' | fill=00000000 | rows=[22] | cols=[9] | col_header=False | row_header=False | metadata=False
Cell K23 | value='52527' | fill=00000000 | rows=[22] | cols=[10] | col_header=False | row_header=False | metadata=False
Cell A24 | value='1968' | fill=00000000 | rows=[23] | cols=[0] | col_header=False | row_header=False | metadata=False
Cell B24 | value='132028' | fill=00000000 | rows=[23] | cols=[1] | col_header=False | row_header=False | metadata=False
Cell C24 | value='78737' | fill=00000000 | rows=[23] | cols=[2] | col_header=False | row_header=False | metadata=False
Cell D24 | value='59.6' | fill=00000000 | rows=[23] | cols=[3] | col_header=False | row_header=False | metadata=False
Cell E24 | value='75920' | fill=00000000 | rows=[23] | cols=[4] | col_header=False | row_header=False | metadata=False
Cell F24 | value='57.5' | fill=00000000 | rows=[23] | cols=[5] | col_header=False | row_header=False | metadata=False
Cell G24 | value='3817' | fill=00000000 | rows=[23] | cols=[6] | col_header=False | row_header=False | metadata=False
Cell H24 | value='72103' | fill=00000000 | rows=[23] | cols=[7] | col_header=False | row_header=False | metadata=False
Cell I24 | value='2817' | fill=00000000 | rows=[23] | cols=[8] | col_header=False | row_header=False | metadata=False
Cell J24 | value='3.6' | fill=00000000 | rows=[23] | cols=[9] | col_header=False | row_header=False | metadata=False
Cell K24 | value='53291' | fill=00000000 | rows=[23] | cols=[10] | col_header=False | row_header=False | metadata=False
Cell A25 | value='1969' | fill=00000000 | rows=[24] | cols=[0] | col_header=False | row_header=False | metadata=False
Cell B25 | value='134335' | fill=00000000 | rows=[24] | cols=[1] | col_header=False | row_header=False | metadata=False
Cell C25 | value='80734' | fill=00000000 | rows=[24] | cols=[2] | col_header=False | row_header=False | metadata=False
Cell D25 | value='60.1' | fill=00000000 | rows=[24] | cols=[3] | col_header=False | row_header=False | metadata=False
Cell E25 | value='77902' | fill=00000000 | rows=[24] | cols=[4] | col_header=False | row_header=False | metadata=False
Cell F25 | value='58' | fill=00000000 | rows=[24] | cols=[5] | col_header=False | row_header=False | metadata=False
Cell G25 | value='3606' | fill=00000000 | rows=[24] | cols=[6] | col_header=False | row_header=False | metadata=False
Cell H25 | value='74296' | fill=00000000 | rows=[24] | cols=[7] | col_header=False | row_header=False | metadata=False
Cell I25 | value='2832' | fill=00000000 | rows=[24] | cols=[8] | col_header=False | row_header=False | metadata=False
Cell J25 | value='3.5' | fill=00000000 | rows=[24] | cols=[9] | col_header=False | row_header=False | metadata=False
Cell K25 | value='53602' | fill=00000000 | rows=[24] | cols=[10] | col_header=False | row_header=False | metadata=False
Cell A26 | value='1970' | fill=00000000 | rows=[25] | cols=[0] | col_header=False | row_header=False | metadata=False
Cell B26 | value='137085' | fill=00000000 | rows=[25] | cols=[1] | col_header=False | row_header=False | metadata=False
Cell C26 | value='82771' | fill=00000000 | rows=[25] | cols=[2] | col_header=False | row_header=False | metadata=False
Cell D26 | value='60.4' | fill=00000000 | rows=[25] | cols=[3] | col_header=False | row_header=False | metadata=False
Cell E26 | value='78678' | fill=00000000 | rows=[25] | cols=[4] | col_header=False | row_header=False | metadata=False
Cell F26 | value='57.4' | fill=00000000 | rows=[25] | cols=[5] | col_header=False | row_header=False | metadata=False
Cell G26 | value='3463' | fill=00000000 | rows=[25] | cols=[6] | col_header=False | row_header=False | metadata=False
Cell H26 | value='75215' | fill=00000000 | rows=[25] | cols=[7] | col_header=False | row_header=False | metadata=False
Cell I26 | value='4093' | fill=00000000 | rows=[25] | cols=[8] | col_header=False | row_header=False | metadata=False
Cell J26 | value='4.9' | fill=00000000 | rows=[25] | cols=[9] | col_header=False | row_header=False | metadata=False
Cell K26 | value='54315' | fill=00000000 | rows=[25] | cols=[10] | col_header=False | row_header=False | metadata=False
Cell A27 | value='1971' | fill=00000000 | rows=[26] | cols=[0] | col_header=False | row_header=False | metadata=False
Cell B27 | value='140216' | fill=00000000 | rows=[26] | cols=[1] | col_header=False | row_header=False | metadata=False
Cell C27 | value='84382' | fill=00000000 | rows=[26] | cols=[2] | col_header=False | row_header=False | metadata=False
Cell D27 | value='60.2' | fill=00000000 | rows=[26] | cols=[3] | col_header=False | row_header=False | metadata=False
Cell E27 | value='79367' | fill=00000000 | rows=[26] | cols=[4] | col_header=False | row_header=False | metadata=False
Cell F27 | value='56.6' | fill=00000000 | rows=[26] | cols=[5] | col_header=False | row_header=False | metadata=False
Cell G27 | value='3394' | fill=00000000 | rows=[26] | cols=[6] | col_header=False | row_header=False | metadata=False
Cell H27 | value='75972' | fill=00000000 | rows=[26] | cols=[7] | col_header=False | row_header=False | metadata=False
Cell I27 | value='5016' | fill=00000000 | rows=[26] | cols=[8] | col_header=False | row_header=False | metadata=False
Cell J27 | value='5.9' | fill=00000000 | rows=[26] | cols=[9] | col_header=False | row_header=False | metadata=False
Cell K27 | value='55834' | fill=00000000 | rows=[26] | cols=[10] | col_header=False | row_header=False | metadata=False
Cell A28 | value='1972' | fill=00000000 | rows=[27] | cols=[0] | col_header=False | row_header=False | metadata=False
Cell B28 | value='144126' | fill=00000000 | rows=[27] | cols=[1] | col_header=False | row_header=False | metadata=False
Cell C28 | value='87034' | fill=00000000 | rows=[27] | cols=[2] | col_header=False | row_header=False | metadata=False
Cell D28 | value='60.4' | fill=00000000 | rows=[27] | cols=[3] | col_header=False | row_header=False | metadata=False
Cell E28 | value='82153' | fill=00000000 | rows=[27] | cols=[4] | col_header=False | row_header=False | metadata=False
Cell F28 | value='57' | fill=00000000 | rows=[27] | cols=[5] | col_header=False | row_header=False | metadata=False
Cell G28 | value='3484' | fill=00000000 | rows=[27] | cols=[6] | col_header=False | row_header=False | metadata=False
Cell H28 | value='78669' | fill=00000000 | rows=[27] | cols=[7] | col_header=False | row_header=False | metadata=False
Cell I28 | value='4882' | fill=00000000 | rows=[27] | cols=[8] | col_header=False | row_header=False | metadata=False
Cell J28 | value='5.6' | fill=00000000 | rows=[27] | cols=[9] | col_header=False | row_header=False | metadata=False
Cell K28 | value='57091' | fill=00000000 | rows=[27] | cols=[10] | col_header=False | row_header=False | metadata=False
Cell A29 | value='1973' | fill=00000000 | rows=[28] | cols=[0] | col_header=False | row_header=False | metadata=False
Cell B29 | value='147096' | fill=00000000 | rows=[28] | cols=[1] | col_header=False | row_header=False | metadata=False
Cell C29 | value='89429' | fill=00000000 | rows=[28] | cols=[2] | col_header=False | row_header=False | metadata=False
Cell D29 | value='60.8' | fill=00000000 | rows=[28] | cols=[3] | col_header=False | row_header=False | metadata=False
Cell E29 | value='85064' | fill=00000000 | rows=[28] | cols=[4] | col_header=False | row_header=False | metadata=False
Cell F29 | value='57.8' | fill=00000000 | rows=[28] | cols=[5] | col_header=False | row_header=False | metadata=False
Cell G29 | value='3470' | fill=00000000 | rows=[28] | cols=[6] | col_header=False | row_header=False | metadata=False
Cell H29 | value='81594' | fill=00000000 | rows=[28] | cols=[7] | col_header=False | row_header=False | metadata=False
Cell I29 | value='4365' | fill=00000000 | rows=[28] | cols=[8] | col_header=False | row_header=False | metadata=False
Cell J29 | value='4.9' | fill=00000000 | rows=[28] | cols=[9] | col_header=False | row_header=False | metadata=False
Cell K29 | value='57667' | fill=00000000 | rows=[28] | cols=[10] | col_header=False | row_header=False | metadata=False
Cell A30 | value='1974' | fill=00000000 | rows=[29] | cols=[0] | col_header=False | row_header=False | metadata=False
Cell B30 | value='150120' | fill=00000000 | rows=[29] | cols=[1] | col_header=False | row_header=False | metadata=False
Cell C30 | value='91949' | fill=00000000 | rows=[29] | cols=[2] | col_header=False | row_header=False | metadata=False
Cell D30 | value='61.3' | fill=00000000 | rows=[29] | cols=[3] | col_header=False | row_header=False | metadata=False
Cell E30 | value='86794' | fill=00000000 | rows=[29] | cols=[4] | col_header=False | row_header=False | metadata=False
Cell F30 | value='57.8' | fill=00000000 | rows=[29] | cols=[5] | col_header=False | row_header=False | metadata=False
Cell G30 | value='3515' | fill=00000000 | rows=[29] | cols=[6] | col_header=False | row_header=False | metadata=False
Cell H30 | value='83279' | fill=00000000 | rows=[29] | cols=[7] | col_header=False | row_header=False | metadata=False
Cell I30 | value='5156' | fill=00000000 | rows=[29] | cols=[8] | col_header=False | row_header=False | metadata=False
Cell J30 | value='5.6' | fill=00000000 | rows=[29] | cols=[9] | col_header=False | row_header=False | metadata=False
Cell K30 | value='58171' | fill=00000000 | rows=[29] | cols=[10] | col_header=False | row_header=False | metadata=False
Cell A31 | value='1975' | fill=00000000 | rows=[30] | cols=[0] | col_header=False | row_header=False | metadata=False
Cell B31 | value='153153' | fill=00000000 | rows=[30] | cols=[1] | col_header=False | row_header=False | metadata=False
Cell C31 | value='93775' | fill=00000000 | rows=[30] | cols=[2] | col_header=False | row_header=False | metadata=False
Cell D31 | value='61.2' | fill=00000000 | rows=[30] | cols=[3] | col_header=False | row_header=False | metadata=False
Cell E31 | value='85846' | fill=00000000 | rows=[30] | cols=[4] | col_header=False | row_header=False | metadata=False
Cell F31 | value='56.1' | fill=00000000 | rows=[30] | cols=[5] | col_header=False | row_header=False | metadata=False
Cell G31 | value='3408' | fill=00000000 | rows=[30] | cols=[6] | col_header=False | row_header=False | metadata=False
Cell H31 | value='82438' | fill=00000000 | rows=[30] | cols=[7] | col_header=False | row_header=False | metadata=False
Cell I31 | value='7929' | fill=00000000 | rows=[30] | cols=[8] | col_header=False | row_header=False | metadata=False
Cell J31 | value='8.5' | fill=00000000 | rows=[30] | cols=[9] | col_header=False | row_header=False | metadata=False
Cell K31 | value='59378' | fill=00000000 | rows=[30] | cols=[10] | col_header=False | row_header=False | metadata=False
Cell A32 | value='1976' | fill=00000000 | rows=[31] | cols=[0] | col_header=False | row_header=False | metadata=False
Cell B32 | value='156150' | fill=00000000 | rows=[31] | cols=[1] | col_header=False | row_header=False | metadata=False
Cell C32 | value='96158' | fill=00000000 | rows=[31] | cols=[2] | col_header=False | row_header=False | metadata=False
Cell D32 | value='61.6' | fill=00000000 | rows=[31] | cols=[3] | col_header=False | row_header=False | metadata=False
Cell E32 | value='88752' | fill=00000000 | rows=[31] | cols=[4] | col_header=False | row_header=False | metadata=False
Cell F32 | value='56.8' | fill=00000000 | rows=[31] | cols=[5] | col_header=False | row_header=False | metadata=False
Cell G32 | value='3331' | fill=00000000 | rows=[31] | cols=[6] | col_header=False | row_header=False | metadata=False
Cell H32 | value='85421' | fill=00000000 | rows=[31] | cols=[7] | col_header=False | row_header=False | metadata=False
Cell I32 | value='7406' | fill=00000000 | rows=[31] | cols=[8] | col_header=False | row_header=False | metadata=False
Cell J32 | value='7.7' | fill=00000000 | rows=[31] | cols=[9] | col_header=False | row_header=False | metadata=False
Cell K32 | value='59991' | fill=00000000 | rows=[31] | cols=[10] | col_header=False | row_header=False | metadata=False
Cell A33 | value='1977' | fill=00000000 | rows=[32] | cols=[0] | col_header=False | row_header=False | metadata=False
Cell B33 | value='159033' | fill=00000000 | rows=[32] | cols=[1] | col_header=False | row_header=False | metadata=False
Cell C33 | value='99009' | fill=00000000 | rows=[32] | cols=[2] | col_header=False | row_header=False | metadata=False
Cell D33 | value='62.3' | fill=00000000 | rows=[32] | cols=[3] | col_header=False | row_header=False | metadata=False
Cell E33 | value='92017' | fill=00000000 | rows=[32] | cols=[4] | col_header=False | row_header=False | metadata=False
Cell F33 | value='57.9' | fill=00000000 | rows=[32] | cols=[5] | col_header=False | row_header=False | metadata=False
Cell G33 | value='3283' | fill=00000000 | rows=[32] | cols=[6] | col_header=False | row_header=False | metadata=False
Cell H33 | value='88734' | fill=00000000 | rows=[32] | cols=[7] | col_header=False | row_header=False | metadata=False
Cell I33 | value='6991' | fill=00000000 | rows=[32] | cols=[8] | col_header=False | row_header=False | metadata=False
Cell J33 | value='7.1' | fill=00000000 | rows=[32] | cols=[9] | col_header=False | row_header=False | metadata=False
Cell K33 | value='60025' | fill=00000000 | rows=[32] | cols=[10] | col_header=False | row_header=False | metadata=False
Cell A34 | value='1978' | fill=00000000 | rows=[33] | cols=[0] | col_header=False | row_header=False | metadata=False
Cell B34 | value='161910' | fill=00000000 | rows=[33] | cols=[1] | col_header=False | row_header=False | metadata=False
Cell C34 | value='102251' | fill=00000000 | rows=[33] | cols=[2] | col_header=False | row_header=False | metadata=False
Cell D34 | value='63.2' | fill=00000000 | rows=[33] | cols=[3] | col_header=False | row_header=False | metadata=False
Cell E34 | value='96048' | fill=00000000 | rows=[33] | cols=[4] | col_header=False | row_header=False | metadata=False
Cell F34 | value='59.3' | fill=00000000 | rows=[33] | cols=[5] | col_header=False | row_header=False | metadata=False
Cell G34 | value='3387' | fill=00000000 | rows=[33] | cols=[6] | col_header=False | row_header=False | metadata=False
Cell H34 | value='92661' | fill=00000000 | rows=[33] | cols=[7] | col_header=False | row_header=False | metadata=False
Cell I34 | value='6202' | fill=00000000 | rows=[33] | cols=[8] | col_header=False | row_header=False | metadata=False
Cell J34 | value='6.1' | fill=00000000 | rows=[33] | cols=[9] | col_header=False | row_header=False | metadata=False
Cell K34 | value='59659' | fill=00000000 | rows=[33] | cols=[10] | col_header=False | row_header=False | metadata=False
Cell A35 | value='1979' | fill=00000000 | rows=[34] | cols=[0] | col_header=False | row_header=False | metadata=False
Cell B35 | value='164863' | fill=00000000 | rows=[34] | cols=[1] | col_header=False | row_header=False | metadata=False
Cell C35 | value='104962' | fill=00000000 | rows=[34] | cols=[2] | col_header=False | row_header=False | metadata=False
Cell D35 | value='63.7' | fill=00000000 | rows=[34] | cols=[3] | col_header=False | row_header=False | metadata=False
Cell E35 | value='98824' | fill=00000000 | rows=[34] | cols=[4] | col_header=False | row_header=False | metadata=False
Cell F35 | value='59.9' | fill=00000000 | rows=[34] | cols=[5] | col_header=False | row_header=False | metadata=False
Cell G35 | value='3347' | fill=00000000 | rows=[34] | cols=[6] | col_header=False | row_header=False | metadata=False
Cell H35 | value='95477' | fill=00000000 | rows=[34] | cols=[7] | col_header=False | row_header=False | metadata=False
Cell I35 | value='6137' | fill=00000000 | rows=[34] | cols=[8] | col_header=False | row_header=False | metadata=False
Cell J35 | value='5.8' | fill=00000000 | rows=[34] | cols=[9] | col_header=False | row_header=False | metadata=False
Cell K35 | value='59900' | fill=00000000 | rows=[34] | cols=[10] | col_header=False | row_header=False | metadata=False
Cell A36 | value='1980' | fill=00000000 | rows=[35] | cols=[0] | col_header=False | row_header=False | metadata=False
Cell B36 | value='167745' | fill=00000000 | rows=[35] | cols=[1] | col_header=False | row_header=False | metadata=False
Cell C36 | value='106940' | fill=00000000 | rows=[35] | cols=[2] | col_header=False | row_header=False | metadata=False
Cell D36 | value='63.8' | fill=00000000 | rows=[35] | cols=[3] | col_header=False | row_header=False | metadata=False
Cell E36 | value='99303' | fill=00000000 | rows=[35] | cols=[4] | col_header=False | row_header=False | metadata=False
Cell F36 | value='59.2' | fill=00000000 | rows=[35] | cols=[5] | col_header=False | row_header=False | metadata=False
Cell G36 | value='3364' | fill=00000000 | rows=[35] | cols=[6] | col_header=False | row_header=False | metadata=False
Cell H36 | value='95938' | fill=00000000 | rows=[35] | cols=[7] | col_header=False | row_header=False | metadata=False
Cell I36 | value='7637' | fill=00000000 | rows=[35] | cols=[8] | col_header=False | row_header=False | metadata=False
Cell J36 | value='7.1' | fill=00000000 | rows=[35] | cols=[9] | col_header=False | row_header=False | metadata=False
Cell K36 | value='60806' | fill=00000000 | rows=[35] | cols=[10] | col_header=False | row_header=False | metadata=False
Cell A37 | value='1981' | fill=00000000 | rows=[36] | cols=[0] | col_header=False | row_header=False | metadata=False
Cell B37 | value='170130' | fill=00000000 | rows=[36] | cols=[1] | col_header=False | row_header=False | metadata=False
Cell C37 | value='108670' | fill=00000000 | rows=[36] | cols=[2] | col_header=False | row_header=False | metadata=False
Cell D37 | value='63.9' | fill=00000000 | rows=[36] | cols=[3] | col_header=False | row_header=False | metadata=False
Cell E37 | value='100397' | fill=00000000 | rows=[36] | cols=[4] | col_header=False | row_header=False | metadata=False
Cell F37 | value='59' | fill=00000000 | rows=[36] | cols=[5] | col_header=False | row_header=False | metadata=False
Cell G37 | value='3368' | fill=00000000 | rows=[36] | cols=[6] | col_header=False | row_header=False | metadata=False
Cell H37 | value='97030' | fill=00000000 | rows=[36] | cols=[7] | col_header=False | row_header=False | metadata=False
Cell I37 | value='8273' | fill=00000000 | rows=[36] | cols=[8] | col_header=False | row_header=False | metadata=False
Cell J37 | value='7.6' | fill=00000000 | rows=[36] | cols=[9] | col_header=False | row_header=False | metadata=False
Cell K37 | value='61460' | fill=00000000 | rows=[36] | cols=[10] | col_header=False | row_header=False | metadata=False
Cell A38 | value='1982' | fill=00000000 | rows=[37] | cols=[0] | col_header=False | row_header=False | metadata=False
Cell B38 | value='172271' | fill=00000000 | rows=[37] | cols=[1] | col_header=False | row_header=False | metadata=False
Cell C38 | value='110204' | fill=00000000 | rows=[37] | cols=[2] | col_header=False | row_header=False | metadata=False
Cell D38 | value='64' | fill=00000000 | rows=[37] | cols=[3] | col_header=False | row_header=False | metadata=False
Cell E38 | value='99526' | fill=00000000 | rows=[37] | cols=[4] | col_header=False | row_header=False | metadata=False
Cell F38 | value='57.8' | fill=00000000 | rows=[37] | cols=[5] | col_header=False | row_header=False | metadata=False
Cell G38 | value='3401' | fill=00000000 | rows=[37] | cols=[6] | col_header=False | row_header=False | metadata=False
Cell H38 | value='96125' | fill=00000000 | rows=[37] | cols=[7] | col_header=False | row_header=False | metadata=False
Cell I38 | value='10678' | fill=00000000 | rows=[37] | cols=[8] | col_header=False | row_header=False | metadata=False
Cell J38 | value='9.7' | fill=00000000 | rows=[37] | cols=[9] | col_header=False | row_header=False | metadata=False
Cell K38 | value='62067' | fill=00000000 | rows=[37] | cols=[10] | col_header=False | row_header=False | metadata=False
Cell A39 | value='1983' | fill=00000000 | rows=[38] | cols=[0] | col_header=False | row_header=False | metadata=False
Cell B39 | value='174215' | fill=00000000 | rows=[38] | cols=[1] | col_header=False | row_header=False | metadata=False
Cell C39 | value='111550' | fill=00000000 | rows=[38] | cols=[2] | col_header=False | row_header=False | metadata=False
Cell D39 | value='64' | fill=00000000 | rows=[38] | cols=[3] | col_header=False | row_header=False | metadata=False
Cell E39 | value='100834' | fill=00000000 | rows=[38] | cols=[4] | col_header=False | row_header=False | metadata=False
Cell F39 | value='57.9' | fill=00000000 | rows=[38] | cols=[5] | col_header=False | row_header=False | metadata=False
Cell G39 | value='3383' | fill=00000000 | rows=[38] | cols=[6] | col_header=False | row_header=False | metadata=False
Cell H39 | value='97450' | fill=00000000 | rows=[38] | cols=[7] | col_header=False | row_header=False | metadata=False
Cell I39 | value='10717' | fill=00000000 | rows=[38] | cols=[8] | col_header=False | row_header=False | metadata=False
Cell J39 | value='9.6' | fill=00000000 | rows=[38] | cols=[9] | col_header=False | row_header=False | metadata=False
Cell K39 | value='62665' | fill=00000000 | rows=[38] | cols=[10] | col_header=False | row_header=False | metadata=False
Cell A40 | value='1984' | fill=00000000 | rows=[39] | cols=[0] | col_header=False | row_header=False | metadata=False
Cell B40 | value='176383' | fill=00000000 | rows=[39] | cols=[1] | col_header=False | row_header=False | metadata=False
Cell C40 | value='113544' | fill=00000000 | rows=[39] | cols=[2] | col_header=False | row_header=False | metadata=False
Cell D40 | value='64.4' | fill=00000000 | rows=[39] | cols=[3] | col_header=False | row_header=False | metadata=False
Cell E40 | value='105005' | fill=00000000 | rows=[39] | cols=[4] | col_header=False | row_header=False | metadata=False
Cell F40 | value='59.5' | fill=00000000 | rows=[39] | cols=[5] | col_header=False | row_header=False | metadata=False
Cell G40 | value='3321' | fill=00000000 | rows=[39] | cols=[6] | col_header=False | row_header=False | metadata=False
Cell H40 | value='101685' | fill=00000000 | rows=[39] | cols=[7] | col_header=False | row_header=False | metadata=False
Cell I40 | value='8539' | fill=00000000 | rows=[39] | cols=[8] | col_header=False | row_header=False | metadata=False
Cell J40 | value='7.5' | fill=00000000 | rows=[39] | cols=[9] | col_header=False | row_header=False | metadata=False
Cell K40 | value='62839' | fill=00000000 | rows=[39] | cols=[10] | col_header=False | row_header=False | metadata=False
Cell A41 | value='1985' | fill=00000000 | rows=[40] | cols=[0] | col_header=False | row_header=False | metadata=False
Cell B41 | value='178206' | fill=00000000 | rows=[40] | cols=[1] | col_header=False | row_header=False | metadata=False
Cell C41 | value='115461' | fill=00000000 | rows=[40] | cols=[2] | col_header=False | row_header=False | metadata=False
Cell D41 | value='64.8' | fill=00000000 | rows=[40] | cols=[3] | col_header=False | row_header=False | metadata=False
Cell E41 | value='107150' | fill=00000000 | rows=[40] | cols=[4] | col_header=False | row_header=False | metadata=False
Cell F41 | value='60.1' | fill=00000000 | rows=[40] | cols=[5] | col_header=False | row_header=False | metadata=False
Cell G41 | value='3179' | fill=00000000 | rows=[40] | cols=[6] | col_header=False | row_header=False | metadata=False
Cell H41 | value='103971' | fill=00000000 | rows=[40] | cols=[7] | col_header=False | row_header=False | metadata=False
Cell I41 | value='8312' | fill=00000000 | rows=[40] | cols=[8] | col_header=False | row_header=False | metadata=False
Cell J41 | value='7.2' | fill=00000000 | rows=[40] | cols=[9] | col_header=False | row_header=False | metadata=False
Cell K41 | value='62744' | fill=00000000 | rows=[40] | cols=[10] | col_header=False | row_header=False | metadata=False
Cell A42 | value='1986' | fill=00000000 | rows=[41] | cols=[0] | col_header=False | row_header=False | metadata=False
Cell B42 | value='180587' | fill=00000000 | rows=[41] | cols=[1] | col_header=False | row_header=False | metadata=False
Cell C42 | value='117834' | fill=00000000 | rows=[41] | cols=[2] | col_header=False | row_header=False | metadata=False
Cell D42 | value='65.3' | fill=00000000 | rows=[41] | cols=[3] | col_header=False | row_header=False | metadata=False
Cell E42 | value='109597' | fill=00000000 | rows=[41] | cols=[4] | col_header=False | row_header=False | metadata=False
Cell F42 | value='60.7' | fill=00000000 | rows=[41] | cols=[5] | col_header=False | row_header=False | metadata=False
Cell G42 | value='3163' | fill=00000000 | rows=[41] | cols=[6] | col_header=False | row_header=False | metadata=False
Cell H42 | value='106434' | fill=00000000 | rows=[41] | cols=[7] | col_header=False | row_header=False | metadata=False
Cell I42 | value='8237' | fill=00000000 | rows=[41] | cols=[8] | col_header=False | row_header=False | metadata=False
Cell J42 | value='7' | fill=00000000 | rows=[41] | cols=[9] | col_header=False | row_header=False | metadata=False
Cell K42 | value='62752' | fill=00000000 | rows=[41] | cols=[10] | col_header=False | row_header=False | metadata=False
Cell A43 | value='1987' | fill=00000000 | rows=[42] | cols=[0] | col_header=False | row_header=False | metadata=False
Cell B43 | value='182753' | fill=00000000 | rows=[42] | cols=[1] | col_header=False | row_header=False | metadata=False
Cell C43 | value='119865' | fill=00000000 | rows=[42] | cols=[2] | col_header=False | row_header=False | metadata=False
Cell D43 | value='65.6' | fill=00000000 | rows=[42] | cols=[3] | col_header=False | row_header=False | metadata=False
Cell E43 | value='112440' | fill=00000000 | rows=[42] | cols=[4] | col_header=False | row_header=False | metadata=False
Cell F43 | value='61.5' | fill=00000000 | rows=[42] | cols=[5] | col_header=False | row_header=False | metadata=False
Cell G43 | value='3208' | fill=00000000 | rows=[42] | cols=[6] | col_header=False | row_header=False | metadata=False
Cell H43 | value='109232' | fill=00000000 | rows=[42] | cols=[7] | col_header=False | row_header=False | metadata=False
Cell I43 | value='7425' | fill=00000000 | rows=[42] | cols=[8] | col_header=False | row_header=False | metadata=False
Cell J43 | value='6.2' | fill=00000000 | rows=[42] | cols=[9] | col_header=False | row_header=False | metadata=False
Cell K43 | value='62888' | fill=00000000 | rows=[42] | cols=[10] | col_header=False | row_header=False | metadata=False
Cell A44 | value='1988' | fill=00000000 | rows=[43] | cols=[0] | col_header=False | row_header=False | metadata=False
Cell B44 | value='184613' | fill=00000000 | rows=[43] | cols=[1] | col_header=False | row_header=False | metadata=False
Cell C44 | value='121669' | fill=00000000 | rows=[43] | cols=[2] | col_header=False | row_header=False | metadata=False
Cell D44 | value='65.9' | fill=00000000 | rows=[43] | cols=[3] | col_header=False | row_header=False | metadata=False
Cell E44 | value='114968' | fill=00000000 | rows=[43] | cols=[4] | col_header=False | row_header=False | metadata=False
Cell F44 | value='62.3' | fill=00000000 | rows=[43] | cols=[5] | col_header=False | row_header=False | metadata=False
Cell G44 | value='3169' | fill=00000000 | rows=[43] | cols=[6] | col_header=False | row_header=False | metadata=False
Cell H44 | value='111800' | fill=00000000 | rows=[43] | cols=[7] | col_header=False | row_header=False | metadata=False
Cell I44 | value='6701' | fill=00000000 | rows=[43] | cols=[8] | col_header=False | row_header=False | metadata=False
Cell J44 | value='5.5' | fill=00000000 | rows=[43] | cols=[9] | col_header=False | row_header=False | metadata=False
Cell K44 | value='62944' | fill=00000000 | rows=[43] | cols=[10] | col_header=False | row_header=False | metadata=False
Cell A45 | value='1989' | fill=00000000 | rows=[44] | cols=[0] | col_header=False | row_header=False | metadata=False
Cell B45 | value='186393' | fill=00000000 | rows=[44] | cols=[1] | col_header=False | row_header=False | metadata=False
Cell C45 | value='123869' | fill=00000000 | rows=[44] | cols=[2] | col_header=False | row_header=False | metadata=False
Cell D45 | value='66.5' | fill=00000000 | rows=[44] | cols=[3] | col_header=False | row_header=False | metadata=False
Cell E45 | value='117342' | fill=00000000 | rows=[44] | cols=[4] | col_header=False | row_header=False | metadata=False
Cell F45 | value='63' | fill=00000000 | rows=[44] | cols=[5] | col_header=False | row_header=False | metadata=False
Cell G45 | value='3199' | fill=00000000 | rows=[44] | cols=[6] | col_header=False | row_header=False | metadata=False
Cell H45 | value='114142' | fill=00000000 | rows=[44] | cols=[7] | col_header=False | row_header=False | metadata=False
Cell I45 | value='6528' | fill=00000000 | rows=[44] | cols=[8] | col_header=False | row_header=False | metadata=False
Cell J45 | value='5.3' | fill=00000000 | rows=[44] | cols=[9] | col_header=False | row_header=False | metadata=False
Cell K45 | value='62523' | fill=00000000 | rows=[44] | cols=[10] | col_header=False | row_header=False | metadata=False
Cell A46 | value='1990' | fill=00000000 | rows=[45] | cols=[0] | col_header=False | row_header=False | metadata=False
Cell B46 | value='189164' | fill=00000000 | rows=[45] | cols=[1] | col_header=False | row_header=False | metadata=False
Cell C46 | value='125840' | fill=00000000 | rows=[45] | cols=[2] | col_header=False | row_header=False | metadata=False
Cell D46 | value='66.5' | fill=00000000 | rows=[45] | cols=[3] | col_header=False | row_header=False | metadata=False
Cell E46 | value='118793' | fill=00000000 | rows=[45] | cols=[4] | col_header=False | row_header=False | metadata=False
Cell F46 | value='62.8' | fill=00000000 | rows=[45] | cols=[5] | col_header=False | row_header=False | metadata=False
Cell G46 | value='3223' | fill=00000000 | rows=[45] | cols=[6] | col_header=False | row_header=False | metadata=False
Cell H46 | value='115570' | fill=00000000 | rows=[45] | cols=[7] | col_header=False | row_header=False | metadata=False
Cell I46 | value='7047' | fill=00000000 | rows=[45] | cols=[8] | col_header=False | row_header=False | metadata=False
Cell J46 | value='5.6' | fill=00000000 | rows=[45] | cols=[9] | col_header=False | row_header=False | metadata=False
Cell K46 | value='63324' | fill=00000000 | rows=[45] | cols=[10] | col_header=False | row_header=False | metadata=False
Cell A47 | value='1991' | fill=00000000 | rows=[46] | cols=[0] | col_header=False | row_header=False | metadata=False
Cell B47 | value='190925' | fill=00000000 | rows=[46] | cols=[1] | col_header=False | row_header=False | metadata=False
Cell C47 | value='126346' | fill=00000000 | rows=[46] | cols=[2] | col_header=False | row_header=False | metadata=False
Cell D47 | value='66.2' | fill=00000000 | rows=[46] | cols=[3] | col_header=False | row_header=False | metadata=False
Cell E47 | value='117718' | fill=00000000 | rows=[46] | cols=[4] | col_header=False | row_header=False | metadata=False
Cell F47 | value='61.7' | fill=00000000 | rows=[46] | cols=[5] | col_header=False | row_header=False | metadata=False
Cell G47 | value='3269' | fill=00000000 | rows=[46] | cols=[6] | col_header=False | row_header=False | metadata=False
Cell H47 | value='114449' | fill=00000000 | rows=[46] | cols=[7] | col_header=False | row_header=False | metadata=False
Cell I47 | value='8628' | fill=00000000 | rows=[46] | cols=[8] | col_header=False | row_header=False | metadata=False
Cell J47 | value='6.8' | fill=00000000 | rows=[46] | cols=[9] | col_header=False | row_header=False | metadata=False
Cell K47 | value='64578' | fill=00000000 | rows=[46] | cols=[10] | col_header=False | row_header=False | metadata=False
Cell A48 | value='1992' | fill=00000000 | rows=[47] | cols=[0] | col_header=False | row_header=False | metadata=False
Cell B48 | value='192805' | fill=00000000 | rows=[47] | cols=[1] | col_header=False | row_header=False | metadata=False
Cell C48 | value='128105' | fill=00000000 | rows=[47] | cols=[2] | col_header=False | row_header=False | metadata=False
Cell D48 | value='66.4' | fill=00000000 | rows=[47] | cols=[3] | col_header=False | row_header=False | metadata=False
Cell E48 | value='118492' | fill=00000000 | rows=[47] | cols=[4] | col_header=False | row_header=False | metadata=False
Cell F48 | value='61.5' | fill=00000000 | rows=[47] | cols=[5] | col_header=False | row_header=False | metadata=False
Cell G48 | value='3247' | fill=00000000 | rows=[47] | cols=[6] | col_header=False | row_header=False | metadata=False
Cell H48 | value='115245' | fill=00000000 | rows=[47] | cols=[7] | col_header=False | row_header=False | metadata=False
Cell I48 | value='9613' | fill=00000000 | rows=[47] | cols=[8] | col_header=False | row_header=False | metadata=False
Cell J48 | value='7.5' | fill=00000000 | rows=[47] | cols=[9] | col_header=False | row_header=False | metadata=False
Cell K48 | value='64700' | fill=00000000 | rows=[47] | cols=[10] | col_header=False | row_header=False | metadata=False
Cell A49 | value='1993' | fill=00000000 | rows=[48] | cols=[0] | col_header=False | row_header=False | metadata=False
Cell B49 | value='194838' | fill=00000000 | rows=[48] | cols=[1] | col_header=False | row_header=False | metadata=False
Cell C49 | value='129200' | fill=00000000 | rows=[48] | cols=[2] | col_header=False | row_header=False | metadata=False
Cell D49 | value='66.3' | fill=00000000 | rows=[48] | cols=[3] | col_header=False | row_header=False | metadata=False
Cell E49 | value='120259' | fill=00000000 | rows=[48] | cols=[4] | col_header=False | row_header=False | metadata=False
Cell F49 | value='61.7' | fill=00000000 | rows=[48] | cols=[5] | col_header=False | row_header=False | metadata=False
Cell G49 | value='3115' | fill=00000000 | rows=[48] | cols=[6] | col_header=False | row_header=False | metadata=False
Cell H49 | value='117144' | fill=00000000 | rows=[48] | cols=[7] | col_header=False | row_header=False | metadata=False
Cell I49 | value='8940' | fill=00000000 | rows=[48] | cols=[8] | col_header=False | row_header=False | metadata=False
Cell J49 | value='6.9' | fill=00000000 | rows=[48] | cols=[9] | col_header=False | row_header=False | metadata=False
Cell K49 | value='65638' | fill=00000000 | rows=[48] | cols=[10] | col_header=False | row_header=False | metadata=False
Cell A50 | value='1994' | fill=00000000 | rows=[49] | cols=[0] | col_header=False | row_header=False | metadata=False
Cell B50 | value='196814' | fill=00000000 | rows=[49] | cols=[1] | col_header=False | row_header=False | metadata=False
Cell C50 | value='131056' | fill=00000000 | rows=[49] | cols=[2] | col_header=False | row_header=False | metadata=False
Cell D50 | value='66.6' | fill=00000000 | rows=[49] | cols=[3] | col_header=False | row_header=False | metadata=False
Cell E50 | value='123060' | fill=00000000 | rows=[49] | cols=[4] | col_header=False | row_header=False | metadata=False
Cell F50 | value='62.5' | fill=00000000 | rows=[49] | cols=[5] | col_header=False | row_header=False | metadata=False
Cell G50 | value='3409' | fill=00000000 | rows=[49] | cols=[6] | col_header=False | row_header=False | metadata=False
Cell H50 | value='119651' | fill=00000000 | rows=[49] | cols=[7] | col_header=False | row_header=False | metadata=False
Cell I50 | value='7996' | fill=00000000 | rows=[49] | cols=[8] | col_header=False | row_header=False | metadata=False
Cell J50 | value='6.1' | fill=00000000 | rows=[49] | cols=[9] | col_header=False | row_header=False | metadata=False
Cell K50 | value='65758' | fill=00000000 | rows=[49] | cols=[10] | col_header=False | row_header=False | metadata=False
Cell A51 | value='1995' | fill=00000000 | rows=[50] | cols=[0] | col_header=False | row_header=False | metadata=False
Cell B51 | value='198584' | fill=00000000 | rows=[50] | cols=[1] | col_header=False | row_header=False | metadata=False
Cell C51 | value='132304' | fill=00000000 | rows=[50] | cols=[2] | col_header=False | row_header=False | metadata=False
Cell D51 | value='66.6' | fill=00000000 | rows=[50] | cols=[3] | col_header=False | row_header=False | metadata=False
Cell E51 | value='124900' | fill=00000000 | rows=[50] | cols=[4] | col_header=False | row_header=False | metadata=False
Cell F51 | value='62.9' | fill=00000000 | rows=[50] | cols=[5] | col_header=False | row_header=False | metadata=False
Cell G51 | value='3440' | fill=00000000 | rows=[50] | cols=[6] | col_header=False | row_header=False | metadata=False
Cell H51 | value='121460' | fill=00000000 | rows=[50] | cols=[7] | col_header=False | row_header=False | metadata=False
Cell I51 | value='7404' | fill=00000000 | rows=[50] | cols=[8] | col_header=False | row_header=False | metadata=False
Cell J51 | value='5.6' | fill=00000000 | rows=[50] | cols=[9] | col_header=False | row_header=False | metadata=False
Cell K51 | value='66280' | fill=00000000 | rows=[50] | cols=[10] | col_header=False | row_header=False | metadata=False
Cell A52 | value='1996' | fill=00000000 | rows=[51] | cols=[0] | col_header=False | row_header=False | metadata=False
Cell B52 | value='200591' | fill=00000000 | rows=[51] | cols=[1] | col_header=False | row_header=False | metadata=False
Cell C52 | value='133943' | fill=00000000 | rows=[51] | cols=[2] | col_header=False | row_header=False | metadata=False
Cell D52 | value='66.8' | fill=00000000 | rows=[51] | cols=[3] | col_header=False | row_header=False | metadata=False
Cell E52 | value='126708' | fill=00000000 | rows=[51] | cols=[4] | col_header=False | row_header=False | metadata=False
Cell F52 | value='63.2' | fill=00000000 | rows=[51] | cols=[5] | col_header=False | row_header=False | metadata=False
Cell G52 | value='3443' | fill=00000000 | rows=[51] | cols=[6] | col_header=False | row_header=False | metadata=False
Cell H52 | value='123264' | fill=00000000 | rows=[51] | cols=[7] | col_header=False | row_header=False | metadata=False
Cell I52 | value='7236' | fill=00000000 | rows=[51] | cols=[8] | col_header=False | row_header=False | metadata=False
Cell J52 | value='5.4' | fill=00000000 | rows=[51] | cols=[9] | col_header=False | row_header=False | metadata=False
Cell K52 | value='66647' | fill=00000000 | rows=[51] | cols=[10] | col_header=False | row_header=False | metadata=False
Cell A53 | value='1997' | fill=00000000 | rows=[52] | cols=[0] | col_header=False | row_header=False | metadata=False
Cell B53 | value='203133' | fill=00000000 | rows=[52] | cols=[1] | col_header=False | row_header=False | metadata=False
Cell C53 | value='136297' | fill=00000000 | rows=[52] | cols=[2] | col_header=False | row_header=False | metadata=False
Cell D53 | value='67.1' | fill=00000000 | rows=[52] | cols=[3] | col_header=False | row_header=False | metadata=False
Cell E53 | value='129558' | fill=00000000 | rows=[52] | cols=[4] | col_header=False | row_header=False | metadata=False
Cell F53 | value='63.8' | fill=00000000 | rows=[52] | cols=[5] | col_header=False | row_header=False | metadata=False
Cell G53 | value='3399' | fill=00000000 | rows=[52] | cols=[6] | col_header=False | row_header=False | metadata=False
Cell H53 | value='126159' | fill=00000000 | rows=[52] | cols=[7] | col_header=False | row_header=False | metadata=False
Cell I53 | value='6739' | fill=00000000 | rows=[52] | cols=[8] | col_header=False | row_header=False | metadata=False
Cell J53 | value='4.9' | fill=00000000 | rows=[52] | cols=[9] | col_header=False | row_header=False | metadata=False
Cell K53 | value='66837' | fill=00000000 | rows=[52] | cols=[10] | col_header=False | row_header=False | metadata=False
Cell A54 | value='1998' | fill=00000000 | rows=[53] | cols=[0] | col_header=False | row_header=False | metadata=False
Cell B54 | value='205220' | fill=00000000 | rows=[53] | cols=[1] | col_header=False | row_header=False | metadata=False
Cell C54 | value='137673' | fill=00000000 | rows=[53] | cols=[2] | col_header=False | row_header=False | metadata=False
Cell D54 | value='67.1' | fill=00000000 | rows=[53] | cols=[3] | col_header=False | row_header=False | metadata=False
Cell E54 | value='131463' | fill=00000000 | rows=[53] | cols=[4] | col_header=False | row_header=False | metadata=False
Cell F54 | value='64.1' | fill=00000000 | rows=[53] | cols=[5] | col_header=False | row_header=False | metadata=False
Cell G54 | value='3378' | fill=00000000 | rows=[53] | cols=[6] | col_header=False | row_header=False | metadata=False
Cell H54 | value='128085' | fill=00000000 | rows=[53] | cols=[7] | col_header=False | row_header=False | metadata=False
Cell I54 | value='6210' | fill=00000000 | rows=[53] | cols=[8] | col_header=False | row_header=False | metadata=False
Cell J54 | value='4.5' | fill=00000000 | rows=[53] | cols=[9] | col_header=False | row_header=False | metadata=False
Cell K54 | value='67547' | fill=00000000 | rows=[53] | cols=[10] | col_header=False | row_header=False | metadata=False
Cell A55 | value='1999' | fill=00000000 | rows=[54] | cols=[0] | col_header=False | row_header=False | metadata=False
Cell B55 | value='207753' | fill=00000000 | rows=[54] | cols=[1] | col_header=False | row_header=False | metadata=False
Cell C55 | value='139368' | fill=00000000 | rows=[54] | cols=[2] | col_header=False | row_header=False | metadata=False
Cell D55 | value='67.1' | fill=00000000 | rows=[54] | cols=[3] | col_header=False | row_header=False | metadata=False
Cell E55 | value='133488' | fill=00000000 | rows=[54] | cols=[4] | col_header=False | row_header=False | metadata=False
Cell F55 | value='64.3' | fill=00000000 | rows=[54] | cols=[5] | col_header=False | row_header=False | metadata=False
Cell G55 | value='3281' | fill=00000000 | rows=[54] | cols=[6] | col_header=False | row_header=False | metadata=False
Cell H55 | value='130207' | fill=00000000 | rows=[54] | cols=[7] | col_header=False | row_header=False | metadata=False
Cell I55 | value='5880' | fill=00000000 | rows=[54] | cols=[8] | col_header=False | row_header=False | metadata=False
Cell J55 | value='4.2' | fill=00000000 | rows=[54] | cols=[9] | col_header=False | row_header=False | metadata=False
Cell K55 | value='68385' | fill=00000000 | rows=[54] | cols=[10] | col_header=False | row_header=False | metadata=False
Cell A56 | value='2000' | fill=00000000 | rows=[55] | cols=[0] | col_header=False | row_header=False | metadata=False
Cell B56 | value='212577' | fill=00000000 | rows=[55] | cols=[1] | col_header=False | row_header=False | metadata=False
Cell C56 | value='142583' | fill=00000000 | rows=[55] | cols=[2] | col_header=False | row_header=False | metadata=False
Cell D56 | value='67.1' | fill=00000000 | rows=[55] | cols=[3] | col_header=False | row_header=False | metadata=False
Cell E56 | value='136891' | fill=00000000 | rows=[55] | cols=[4] | col_header=False | row_header=False | metadata=False
Cell F56 | value='64.4' | fill=00000000 | rows=[55] | cols=[5] | col_header=False | row_header=False | metadata=False
Cell G56 | value='2464' | fill=00000000 | rows=[55] | cols=[6] | col_header=False | row_header=False | metadata=False
Cell H56 | value='134427' | fill=00000000 | rows=[55] | cols=[7] | col_header=False | row_header=False | metadata=False
Cell I56 | value='5692' | fill=00000000 | rows=[55] | cols=[8] | col_header=False | row_header=False | metadata=False
Cell J56 | value='4' | fill=00000000 | rows=[55] | cols=[9] | col_header=False | row_header=False | metadata=False
Cell K56 | value='69994' | fill=00000000 | rows=[55] | cols=[10] | col_header=False | row_header=False | metadata=False
Cell A57 | value='2001' | fill=00000000 | rows=[56] | cols=[0] | col_header=False | row_header=False | metadata=False
Cell B57 | value='215092' | fill=00000000 | rows=[56] | cols=[1] | col_header=False | row_header=False | metadata=False
Cell C57 | value='143734' | fill=00000000 | rows=[56] | cols=[2] | col_header=False | row_header=False | metadata=False
Cell D57 | value='66.8' | fill=00000000 | rows=[56] | cols=[3] | col_header=False | row_header=False | metadata=False
Cell E57 | value='136933' | fill=00000000 | rows=[56] | cols=[4] | col_header=False | row_header=False | metadata=False
Cell F57 | value='63.7' | fill=00000000 | rows=[56] | cols=[5] | col_header=False | row_header=False | metadata=False
Cell G57 | value='2299' | fill=00000000 | rows=[56] | cols=[6] | col_header=False | row_header=False | metadata=False
Cell H57 | value='134635' | fill=00000000 | rows=[56] | cols=[7] | col_header=False | row_header=False | metadata=False
Cell I57 | value='6801' | fill=00000000 | rows=[56] | cols=[8] | col_header=False | row_header=False | metadata=False
Cell J57 | value='4.7' | fill=00000000 | rows=[56] | cols=[9] | col_header=False | row_header=False | metadata=False
Cell K57 | value='71359' | fill=00000000 | rows=[56] | cols=[10] | col_header=False | row_header=False | metadata=False
Cell A58 | value='2002' | fill=00000000 | rows=[57] | cols=[0] | col_header=False | row_header=False | metadata=False
Cell B58 | value='217570' | fill=00000000 | rows=[57] | cols=[1] | col_header=False | row_header=False | metadata=False
Cell C58 | value='144863' | fill=00000000 | rows=[57] | cols=[2] | col_header=False | row_header=False | metadata=False
Cell D58 | value='66.6' | fill=00000000 | rows=[57] | cols=[3] | col_header=False | row_header=False | metadata=False
Cell E58 | value='136485' | fill=00000000 | rows=[57] | cols=[4] | col_header=False | row_header=False | metadata=False
Cell F58 | value='62.7' | fill=00000000 | rows=[57] | cols=[5] | col_header=False | row_header=False | metadata=False
Cell G58 | value='2311' | fill=00000000 | rows=[57] | cols=[6] | col_header=False | row_header=False | metadata=False
Cell H58 | value='134174' | fill=00000000 | rows=[57] | cols=[7] | col_header=False | row_header=False | metadata=False
Cell I58 | value='8378' | fill=00000000 | rows=[57] | cols=[8] | col_header=False | row_header=False | metadata=False
Cell J58 | value='5.8' | fill=00000000 | rows=[57] | cols=[9] | col_header=False | row_header=False | metadata=False
Cell K58 | value='72707' | fill=00000000 | rows=[57] | cols=[10] | col_header=False | row_header=False | metadata=False
Cell A59 | value='2003' | fill=00000000 | rows=[58] | cols=[0] | col_header=False | row_header=False | metadata=False
Cell B59 | value='221168' | fill=00000000 | rows=[58] | cols=[1] | col_header=False | row_header=False | metadata=False
Cell C59 | value='146510' | fill=00000000 | rows=[58] | cols=[2] | col_header=False | row_header=False | metadata=False
Cell D59 | value='66.2' | fill=00000000 | rows=[58] | cols=[3] | col_header=False | row_header=False | metadata=False
Cell E59 | value='137736' | fill=00000000 | rows=[58] | cols=[4] | col_header=False | row_header=False | metadata=False
Cell F59 | value='62.3' | fill=00000000 | rows=[58] | cols=[5] | col_header=False | row_header=False | metadata=False
Cell G59 | value='2275' | fill=00000000 | rows=[58] | cols=[6] | col_header=False | row_header=False | metadata=False
Cell H59 | value='135461' | fill=00000000 | rows=[58] | cols=[7] | col_header=False | row_header=False | metadata=False
Cell I59 | value='8774' | fill=00000000 | rows=[58] | cols=[8] | col_header=False | row_header=False | metadata=False
Cell J59 | value='6' | fill=00000000 | rows=[58] | cols=[9] | col_header=False | row_header=False | metadata=False
Cell K59 | value='74658' | fill=00000000 | rows=[58] | cols=[10] | col_header=False | row_header=False | metadata=False
Cell A60 | value='2004' | fill=00000000 | rows=[59] | cols=[0] | col_header=False | row_header=False | metadata=False
Cell B60 | value='223357' | fill=00000000 | rows=[59] | cols=[1] | col_header=False | row_header=False | metadata=False
Cell C60 | value='147401' | fill=00000000 | rows=[59] | cols=[2] | col_header=False | row_header=False | metadata=False
Cell D60 | value='66' | fill=00000000 | rows=[59] | cols=[3] | col_header=False | row_header=False | metadata=False
Cell E60 | value='139252' | fill=00000000 | rows=[59] | cols=[4] | col_header=False | row_header=False | metadata=False
Cell F60 | value='62.3' | fill=00000000 | rows=[59] | cols=[5] | col_header=False | row_header=False | metadata=False
Cell G60 | value='2232' | fill=00000000 | rows=[59] | cols=[6] | col_header=False | row_header=False | metadata=False
Cell H60 | value='137020' | fill=00000000 | rows=[59] | cols=[7] | col_header=False | row_header=False | metadata=False
Cell I60 | value='8149' | fill=00000000 | rows=[59] | cols=[8] | col_header=False | row_header=False | metadata=False
Cell J60 | value='5.5' | fill=00000000 | rows=[59] | cols=[9] | col_header=False | row_header=False | metadata=False
Cell K60 | value='75956' | fill=00000000 | rows=[59] | cols=[10] | col_header=False | row_header=False | metadata=False
Cell A61 | value='2005' | fill=00000000 | rows=[60] | cols=[0] | col_header=False | row_header=False | metadata=False
Cell B61 | value='226082' | fill=00000000 | rows=[60] | cols=[1] | col_header=False | row_header=False | metadata=False
Cell C61 | value='149320' | fill=00000000 | rows=[60] | cols=[2] | col_header=False | row_header=False | metadata=False
Cell D61 | value='66' | fill=00000000 | rows=[60] | cols=[3] | col_header=False | row_header=False | metadata=False
Cell E61 | value='141730' | fill=00000000 | rows=[60] | cols=[4] | col_header=False | row_header=False | metadata=False
Cell F61 | value='62.7' | fill=00000000 | rows=[60] | cols=[5] | col_header=False | row_header=False | metadata=False
Cell G61 | value='2197' | fill=00000000 | rows=[60] | cols=[6] | col_header=False | row_header=False | metadata=False
Cell H61 | value='139532' | fill=00000000 | rows=[60] | cols=[7] | col_header=False | row_header=False | metadata=False
Cell I61 | value='7591' | fill=00000000 | rows=[60] | cols=[8] | col_header=False | row_header=False | metadata=False
Cell J61 | value='5.1' | fill=00000000 | rows=[60] | cols=[9] | col_header=False | row_header=False | metadata=False
Cell K61 | value='76762' | fill=00000000 | rows=[60] | cols=[10] | col_header=False | row_header=False | metadata=False
Cell A62 | value='2006' | fill=00000000 | rows=[61] | cols=[0] | col_header=False | row_header=False | metadata=False
Cell B62 | value='228815' | fill=00000000 | rows=[61] | cols=[1] | col_header=False | row_header=False | metadata=False
Cell C62 | value='151428' | fill=00000000 | rows=[61] | cols=[2] | col_header=False | row_header=False | metadata=False
Cell D62 | value='66.2' | fill=00000000 | rows=[61] | cols=[3] | col_header=False | row_header=False | metadata=False
Cell E62 | value='144427' | fill=00000000 | rows=[61] | cols=[4] | col_header=False | row_header=False | metadata=False
Cell F62 | value='63.1' | fill=00000000 | rows=[61] | cols=[5] | col_header=False | row_header=False | metadata=False
Cell G62 | value='2206' | fill=00000000 | rows=[61] | cols=[6] | col_header=False | row_header=False | metadata=False
Cell H62 | value='142221' | fill=00000000 | rows=[61] | cols=[7] | col_header=False | row_header=False | metadata=False
Cell I62 | value='7001' | fill=00000000 | rows=[61] | cols=[8] | col_header=False | row_header=False | metadata=False
Cell J62 | value='4.6' | fill=00000000 | rows=[61] | cols=[9] | col_header=False | row_header=False | metadata=False
Cell K62 | value='77387' | fill=00000000 | rows=[61] | cols=[10] | col_header=False | row_header=False | metadata=False
Cell A63 | value='2007' | fill=00000000 | rows=[62] | cols=[0] | col_header=False | row_header=False | metadata=False
Cell B63 | value='231867' | fill=00000000 | rows=[62] | cols=[1] | col_header=False | row_header=False | metadata=False
Cell C63 | value='153124' | fill=00000000 | rows=[62] | cols=[2] | col_header=False | row_header=False | metadata=False
Cell D63 | value='66' | fill=00000000 | rows=[62] | cols=[3] | col_header=False | row_header=False | metadata=False
Cell E63 | value='146047' | fill=00000000 | rows=[62] | cols=[4] | col_header=False | row_header=False | metadata=False
Cell F63 | value='63' | fill=00000000 | rows=[62] | cols=[5] | col_header=False | row_header=False | metadata=False
Cell G63 | value='2095' | fill=00000000 | rows=[62] | cols=[6] | col_header=False | row_header=False | metadata=False
Cell H63 | value='143952' | fill=00000000 | rows=[62] | cols=[7] | col_header=False | row_header=False | metadata=False
Cell I63 | value='7078' | fill=00000000 | rows=[62] | cols=[8] | col_header=False | row_header=False | metadata=False
Cell J63 | value='4.6' | fill=00000000 | rows=[62] | cols=[9] | col_header=False | row_header=False | metadata=False
Cell K63 | value='78743' | fill=00000000 | rows=[62] | cols=[10] | col_header=False | row_header=False | metadata=False
Cell A64 | value='2008' | fill=00000000 | rows=[63] | cols=[0] | col_header=False | row_header=False | metadata=False
Cell B64 | value='233788' | fill=00000000 | rows=[63] | cols=[1] | col_header=False | row_header=False | metadata=False
Cell C64 | value='154287' | fill=00000000 | rows=[63] | cols=[2] | col_header=False | row_header=False | metadata=False
Cell D64 | value='66' | fill=00000000 | rows=[63] | cols=[3] | col_header=False | row_header=False | metadata=False
Cell E64 | value='145362' | fill=00000000 | rows=[63] | cols=[4] | col_header=False | row_header=False | metadata=False
Cell F64 | value='62.2' | fill=00000000 | rows=[63] | cols=[5] | col_header=False | row_header=False | metadata=False
Cell G64 | value='2168' | fill=00000000 | rows=[63] | cols=[6] | col_header=False | row_header=False | metadata=False
Cell H64 | value='143194' | fill=00000000 | rows=[63] | cols=[7] | col_header=False | row_header=False | metadata=False
Cell I64 | value='8924' | fill=00000000 | rows=[63] | cols=[8] | col_header=False | row_header=False | metadata=False
Cell J64 | value='5.8' | fill=00000000 | rows=[63] | cols=[9] | col_header=False | row_header=False | metadata=False
Cell K64 | value='79501' | fill=00000000 | rows=[63] | cols=[10] | col_header=False | row_header=False | metadata=False
Cell A65 | value='2009' | fill=00000000 | rows=[64] | cols=[0] | col_header=False | row_header=False | metadata=False
Cell B65 | value='235801' | fill=00000000 | rows=[64] | cols=[1] | col_header=False | row_header=False | metadata=False
Cell C65 | value='154142' | fill=00000000 | rows=[64] | cols=[2] | col_header=False | row_header=False | metadata=False
Cell D65 | value='65.4' | fill=00000000 | rows=[64] | cols=[3] | col_header=False | row_header=False | metadata=False
Cell E65 | value='139877' | fill=00000000 | rows=[64] | cols=[4] | col_header=False | row_header=False | metadata=False
Cell F65 | value='59.3' | fill=00000000 | rows=[64] | cols=[5] | col_header=False | row_header=False | metadata=False
Cell G65 | value='2103' | fill=00000000 | rows=[64] | cols=[6] | col_header=False | row_header=False | metadata=False
Cell H65 | value='137775' | fill=00000000 | rows=[64] | cols=[7] | col_header=False | row_header=False | metadata=False
Cell I65 | value='14265' | fill=00000000 | rows=[64] | cols=[8] | col_header=False | row_header=False | metadata=False
Cell J65 | value='9.3' | fill=00000000 | rows=[64] | cols=[9] | col_header=False | row_header=False | metadata=False
Cell K65 | value='81659' | fill=00000000 | rows=[64] | cols=[10] | col_header=False | row_header=False | metadata=False
Cell A66 | value='2010' | fill=00000000 | rows=[65] | cols=[0] | col_header=False | row_header=False | metadata=False
Cell B66 | value='237830' | fill=00000000 | rows=[65] | cols=[1] | col_header=False | row_header=False | metadata=False
Cell C66 | value='153889' | fill=00000000 | rows=[65] | cols=[2] | col_header=False | row_header=False | metadata=False
Cell D66 | value='64.7' | fill=00000000 | rows=[65] | cols=[3] | col_header=False | row_header=False | metadata=False
Cell E66 | value='139064' | fill=00000000 | rows=[65] | cols=[4] | col_header=False | row_header=False | metadata=False
Cell F66 | value='58.5' | fill=00000000 | rows=[65] | cols=[5] | col_header=False | row_header=False | metadata=False
Cell G66 | value='2206' | fill=00000000 | rows=[65] | cols=[6] | col_header=False | row_header=False | metadata=False
Cell H66 | value='136858' | fill=00000000 | rows=[65] | cols=[7] | col_header=False | row_header=False | metadata=False
Cell I66 | value='14825' | fill=00000000 | rows=[65] | cols=[8] | col_header=False | row_header=False | metadata=False
Cell J66 | value='9.6' | fill=00000000 | rows=[65] | cols=[9] | col_header=False | row_header=False | metadata=False
Cell K66 | value='83941' | fill=00000000 | rows=[65] | cols=[10] | col_header=False | row_header=False | metadata=False
Cell A67 | value='2011' | fill=00000000 | rows=[66] | cols=[0] | col_header=False | row_header=False | metadata=False
Cell B67 | value='239618' | fill=00000000 | rows=[66] | cols=[1] | col_header=False | row_header=False | metadata=False
Cell C67 | value='153617' | fill=00000000 | rows=[66] | cols=[2] | col_header=False | row_header=False | metadata=False
Cell D67 | value='64.1' | fill=00000000 | rows=[66] | cols=[3] | col_header=False | row_header=False | metadata=False
Cell E67 | value='139869' | fill=00000000 | rows=[66] | cols=[4] | col_header=False | row_header=False | metadata=False
Cell F67 | value='58.4' | fill=00000000 | rows=[66] | cols=[5] | col_header=False | row_header=False | metadata=False
Cell G67 | value='2254' | fill=00000000 | rows=[66] | cols=[6] | col_header=False | row_header=False | metadata=False
Cell H67 | value='137615' | fill=00000000 | rows=[66] | cols=[7] | col_header=False | row_header=False | metadata=False
Cell I67 | value='13747' | fill=00000000 | rows=[66] | cols=[8] | col_header=False | row_header=False | metadata=False
Cell J67 | value='8.9' | fill=00000000 | rows=[66] | cols=[9] | col_header=False | row_header=False | metadata=False
Cell K67 | value='86001' | fill=00000000 | rows=[66] | cols=[10] | col_header=False | row_header=False | metadata=False
Cell A68 | value='2012' | fill=00000000 | rows=[67] | cols=[0] | col_header=False | row_header=False | metadata=False
Cell B68 | value='243284' | fill=00000000 | rows=[67] | cols=[1] | col_header=False | row_header=False | metadata=False
Cell C68 | value='154975' | fill=00000000 | rows=[67] | cols=[2] | col_header=False | row_header=False | metadata=False
Cell D68 | value='63.7' | fill=00000000 | rows=[67] | cols=[3] | col_header=False | row_header=False | metadata=False
Cell E68 | value='142469' | fill=00000000 | rows=[67] | cols=[4] | col_header=False | row_header=False | metadata=False
Cell F68 | value='58.6' | fill=00000000 | rows=[67] | cols=[5] | col_header=False | row_header=False | metadata=False
Cell G68 | value='2186' | fill=00000000 | rows=[67] | cols=[6] | col_header=False | row_header=False | metadata=False
Cell H68 | value='140283' | fill=00000000 | rows=[67] | cols=[7] | col_header=False | row_header=False | metadata=False
Cell I68 | value='12506' | fill=00000000 | rows=[67] | cols=[8] | col_header=False | row_header=False | metadata=False
Cell J68 | value='8.1' | fill=00000000 | rows=[67] | cols=[9] | col_header=False | row_header=False | metadata=False
Cell K68 | value='88310' | fill=00000000 | rows=[67] | cols=[10] | col_header=False | row_header=False | metadata=False
Cell A69 | value='2013' | fill=00000000 | rows=[68] | cols=[0] | col_header=False | row_header=False | metadata=False
Cell B69 | value='245679' | fill=00000000 | rows=[68] | cols=[1] | col_header=False | row_header=False | metadata=False
Cell C69 | value='155389' | fill=00000000 | rows=[68] | cols=[2] | col_header=False | row_header=False | metadata=False
Cell D69 | value='63.2' | fill=00000000 | rows=[68] | cols=[3] | col_header=False | row_header=False | metadata=False
Cell E69 | value='143929' | fill=00000000 | rows=[68] | cols=[4] | col_header=False | row_header=False | metadata=False
Cell F69 | value='58.6' | fill=00000000 | rows=[68] | cols=[5] | col_header=False | row_header=False | metadata=False
Cell G69 | value='2130' | fill=00000000 | rows=[68] | cols=[6] | col_header=False | row_header=False | metadata=False
Cell H69 | value='141799' | fill=00000000 | rows=[68] | cols=[7] | col_header=False | row_header=False | metadata=False
Cell I69 | value='11460' | fill=00000000 | rows=[68] | cols=[8] | col_header=False | row_header=False | metadata=False
Cell J69 | value='7.4' | fill=00000000 | rows=[68] | cols=[9] | col_header=False | row_header=False | metadata=False
Cell K69 | value='90290' | fill=00000000 | rows=[68] | cols=[10] | col_header=False | row_header=False | metadata=False
Cell A70 | value='2014' | fill=00000000 | rows=[69] | cols=[0] | col_header=False | row_header=False | metadata=False
Cell B70 | value='247947' | fill=00000000 | rows=[69] | cols=[1] | col_header=False | row_header=False | metadata=False
Cell C70 | value='155922' | fill=00000000 | rows=[69] | cols=[2] | col_header=False | row_header=False | metadata=False
Cell D70 | value='62.9' | fill=00000000 | rows=[69] | cols=[3] | col_header=False | row_header=False | metadata=False
Cell E70 | value='146305' | fill=00000000 | rows=[69] | cols=[4] | col_header=False | row_header=False | metadata=False
Cell F70 | value='59' | fill=00000000 | rows=[69] | cols=[5] | col_header=False | row_header=False | metadata=False
Cell G70 | value='2237' | fill=00000000 | rows=[69] | cols=[6] | col_header=False | row_header=False | metadata=False
Cell H70 | value='144068' | fill=00000000 | rows=[69] | cols=[7] | col_header=False | row_header=False | metadata=False
Cell I70 | value='9617' | fill=00000000 | rows=[69] | cols=[8] | col_header=False | row_header=False | metadata=False
Cell J70 | value='6.2' | fill=00000000 | rows=[69] | cols=[9] | col_header=False | row_header=False | metadata=False
Cell K70 | value='92025' | fill=00000000 | rows=[69] | cols=[10] | col_header=False | row_header=False | metadata=False
Cell A71 | value='2015' | fill=00000000 | rows=[70] | cols=[0] | col_header=False | row_header=False | metadata=False
Cell B71 | value='250801' | fill=00000000 | rows=[70] | cols=[1] | col_header=False | row_header=False | metadata=False
Cell C71 | value='157130' | fill=00000000 | rows=[70] | cols=[2] | col_header=False | row_header=False | metadata=False
Cell D71 | value='62.7' | fill=00000000 | rows=[70] | cols=[3] | col_header=False | row_header=False | metadata=False
Cell E71 | value='148834' | fill=00000000 | rows=[70] | cols=[4] | col_header=False | row_header=False | metadata=False
Cell F71 | value='59.3' | fill=00000000 | rows=[70] | cols=[5] | col_header=False | row_header=False | metadata=False
Cell G71 | value='2422' | fill=00000000 | rows=[70] | cols=[6] | col_header=False | row_header=False | metadata=False
Cell H71 | value='146411' | fill=00000000 | rows=[70] | cols=[7] | col_header=False | row_header=False | metadata=False
Cell I71 | value='8296' | fill=00000000 | rows=[70] | cols=[8] | col_header=False | row_header=False | metadata=False
Cell J71 | value='5.3' | fill=00000000 | rows=[70] | cols=[9] | col_header=False | row_header=False | metadata=False
Cell K71 | value='93671' | fill=00000000 | rows=[70] | cols=[10] | col_header=False | row_header=False | metadata=False
Cell A72 | value='2016' | fill=00000000 | rows=[71] | cols=[0] | col_header=False | row_header=False | metadata=False
Cell B72 | value='253538' | fill=00000000 | rows=[71] | cols=[1] | col_header=False | row_header=False | metadata=False
Cell C72 | value='159187' | fill=00000000 | rows=[71] | cols=[2] | col_header=False | row_header=False | metadata=False
Cell D72 | value='62.8' | fill=00000000 | rows=[71] | cols=[3] | col_header=False | row_header=False | metadata=False
Cell E72 | value='151436' | fill=00000000 | rows=[71] | cols=[4] | col_header=False | row_header=False | metadata=False
Cell F72 | value='59.7' | fill=00000000 | rows=[71] | cols=[5] | col_header=False | row_header=False | metadata=False
Cell G72 | value='2460' | fill=00000000 | rows=[71] | cols=[6] | col_header=False | row_header=False | metadata=False
Cell H72 | value='148976' | fill=00000000 | rows=[71] | cols=[7] | col_header=False | row_header=False | metadata=False
Cell I72 | value='7751' | fill=00000000 | rows=[71] | cols=[8] | col_header=False | row_header=False | metadata=False
Cell J72 | value='4.9' | fill=00000000 | rows=[71] | cols=[9] | col_header=False | row_header=False | metadata=False
Cell K72 | value='94351' | fill=00000000 | rows=[71] | cols=[10] | col_header=False | row_header=False | metadata=False
Cell A73 | value='2017' | fill=00000000 | rows=[72] | cols=[0] | col_header=False | row_header=False | metadata=False
Cell B73 | value='255079' | fill=00000000 | rows=[72] | cols=[1] | col_header=False | row_header=False | metadata=False
Cell C73 | value='160320' | fill=00000000 | rows=[72] | cols=[2] | col_header=False | row_header=False | metadata=False
Cell D73 | value='62.9' | fill=00000000 | rows=[72] | cols=[3] | col_header=False | row_header=False | metadata=False
Cell E73 | value='153337' | fill=00000000 | rows=[72] | cols=[4] | col_header=False | row_header=False | metadata=False
Cell F73 | value='60.1' | fill=00000000 | rows=[72] | cols=[5] | col_header=False | row_header=False | metadata=False
Cell G73 | value='2454' | fill=00000000 | rows=[72] | cols=[6] | col_header=False | row_header=False | metadata=False
Cell H73 | value='150883' | fill=00000000 | rows=[72] | cols=[7] | col_header=False | row_header=False | metadata=False
Cell I73 | value='6982' | fill=00000000 | rows=[72] | cols=[8] | col_header=False | row_header=False | metadata=False
Cell J73 | value='4.4' | fill=00000000 | rows=[72] | cols=[9] | col_header=False | row_header=False | metadata=False
Cell K73 | value='94759' | fill=00000000 | rows=[72] | cols=[10] | col_header=False | row_header=False | metadata=False
Cell A74 | value='2018' | fill=00000000 | rows=[73] | cols=[0] | col_header=False | row_header=False | metadata=False
Cell B74 | value='257791' | fill=00000000 | rows=[73] | cols=[1] | col_header=False | row_header=False | metadata=False
Cell C74 | value='162075' | fill=00000000 | rows=[73] | cols=[2] | col_header=False | row_header=False | metadata=False
Cell D74 | value='62.9' | fill=00000000 | rows=[73] | cols=[3] | col_header=False | row_header=False | metadata=False
Cell E74 | value='155761' | fill=00000000 | rows=[73] | cols=[4] | col_header=False | row_header=False | metadata=False
Cell F74 | value='60.4' | fill=00000000 | rows=[73] | cols=[5] | col_header=False | row_header=False | metadata=False
Cell G74 | value='2425' | fill=00000000 | rows=[73] | cols=[6] | col_header=False | row_header=False | metadata=False
Cell H74 | value='153336' | fill=00000000 | rows=[73] | cols=[7] | col_header=False | row_header=False | metadata=False
Cell I74 | value='6314' | fill=00000000 | rows=[73] | cols=[8] | col_header=False | row_header=False | metadata=False
Cell J74 | value='3.9' | fill=00000000 | rows=[73] | cols=[9] | col_header=False | row_header=False | metadata=False
Cell K74 | value='95716' | fill=00000000 | rows=[73] | cols=[10] | col_header=False | row_header=False | metadata=False
Cell A75 | value='2019' | fill=00000000 | rows=[74] | cols=[0] | col_header=False | row_header=False | metadata=False
Cell B75 | value='259175' | fill=00000000 | rows=[74] | cols=[1] | col_header=False | row_header=False | metadata=False
Cell C75 | value='163539' | fill=00000000 | rows=[74] | cols=[2] | col_header=False | row_header=False | metadata=False
Cell D75 | value='63.1' | fill=00000000 | rows=[74] | cols=[3] | col_header=False | row_header=False | metadata=False
Cell E75 | value='157538' | fill=00000000 | rows=[74] | cols=[4] | col_header=False | row_header=False | metadata=False
Cell F75 | value='60.8' | fill=00000000 | rows=[74] | cols=[5] | col_header=False | row_header=False | metadata=False
Cell G75 | value='2425' | fill=00000000 | rows=[74] | cols=[6] | col_header=False | row_header=False | metadata=False
Cell H75 | value='155113' | fill=00000000 | rows=[74] | cols=[7] | col_header=False | row_header=False | metadata=False
Cell I75 | value='6001' | fill=00000000 | rows=[74] | cols=[8] | col_header=False | row_header=False | metadata=False
Cell J75 | value='3.7' | fill=00000000 | rows=[74] | cols=[9] | col_header=False | row_header=False | metadata=False
Cell K75 | value='95636' | fill=00000000 | rows=[74] | cols=[10] | col_header=False | row_header=False | metadata=False
Cell A76 | value='2020' | fill=00000000 | rows=[75] | cols=[0] | col_header=False | row_header=False | metadata=False
Cell B76 | value='260329' | fill=00000000 | rows=[75] | cols=[1] | col_header=False | row_header=False | metadata=False
Cell C76 | value='160742' | fill=00000000 | rows=[75] | cols=[2] | col_header=False | row_header=False | metadata=False
Cell D76 | value='61.7' | fill=00000000 | rows=[75] | cols=[3] | col_header=False | row_header=False | metadata=False
Cell E76 | value='147795' | fill=00000000 | rows=[75] | cols=[4] | col_header=False | row_header=False | metadata=False
Cell F76 | value='56.8' | fill=00000000 | rows=[75] | cols=[5] | col_header=False | row_header=False | metadata=False
Cell G76 | value='2349' | fill=00000000 | rows=[75] | cols=[6] | col_header=False | row_header=False | metadata=False
Cell H76 | value='145446' | fill=00000000 | rows=[75] | cols=[7] | col_header=False | row_header=False | metadata=False
Cell I76 | value='12947' | fill=00000000 | rows=[75] | cols=[8] | col_header=False | row_header=False | metadata=False
Cell J76 | value='8.1' | fill=00000000 | rows=[75] | cols=[9] | col_header=False | row_header=False | metadata=False
Cell K76 | value='99587' | fill=00000000 | rows=[75] | cols=[10] | col_header=False | row_header=False | metadata=False
Cell A77 | value='2021' | fill=00000000 | rows=[76] | cols=[0] | col_header=False | row_header=False | metadata=False
Cell B77 | value='261445' | fill=00000000 | rows=[76] | cols=[1] | col_header=False | row_header=False | metadata=False
Cell C77 | value='161204' | fill=00000000 | rows=[76] | cols=[2] | col_header=False | row_header=False | metadata=False
Cell D77 | value='61.7' | fill=00000000 | rows=[76] | cols=[3] | col_header=False | row_header=False | metadata=False
Cell E77 | value='152581' | fill=00000000 | rows=[76] | cols=[4] | col_header=False | row_header=False | metadata=False
Cell F77 | value='58.4' | fill=00000000 | rows=[76] | cols=[5] | col_header=False | row_header=False | metadata=False
Cell G77 | value='2291' | fill=00000000 | rows=[76] | cols=[6] | col_header=False | row_header=False | metadata=False
Cell H77 | value='150290' | fill=00000000 | rows=[76] | cols=[7] | col_header=False | row_header=False | metadata=False
Cell I77 | value='8623' | fill=00000000 | rows=[76] | cols=[8] | col_header=False | row_header=False | metadata=False
Cell J77 | value='5.3' | fill=00000000 | rows=[76] | cols=[9] | col_header=False | row_header=False | metadata=False
Cell K77 | value='100241' | fill=00000000 | rows=[76] | cols=[10] | col_header=False | row_header=False | metadata=False
Cell A78 | value='2022' | fill=00000000 | rows=[77] | cols=[0] | col_header=False | row_header=False | metadata=False
Cell B78 | value='263973' | fill=00000000 | rows=[77] | cols=[1] | col_header=False | row_header=False | metadata=False
Cell C78 | value='164287' | fill=00000000 | rows=[77] | cols=[2] | col_header=False | row_header=False | metadata=False
Cell D78 | value='62.2' | fill=00000000 | rows=[77] | cols=[3] | col_header=False | row_header=False | metadata=False
Cell E78 | value='158291' | fill=00000000 | rows=[77] | cols=[4] | col_header=False | row_header=False | metadata=False
Cell F78 | value='60' | fill=00000000 | rows=[77] | cols=[5] | col_header=False | row_header=False | metadata=False
Cell G78 | value='2290' | fill=00000000 | rows=[77] | cols=[6] | col_header=False | row_header=False | metadata=False
Cell H78 | value='156001' | fill=00000000 | rows=[77] | cols=[7] | col_header=False | row_header=False | metadata=False
Cell I78 | value='5996' | fill=00000000 | rows=[77] | cols=[8] | col_header=False | row_header=False | metadata=False
Cell J78 | value='3.6' | fill=00000000 | rows=[77] | cols=[9] | col_header=False | row_header=False | metadata=False
Cell K78 | value='99686' | fill=00000000 | rows=[77] | cols=[10] | col_header=False | row_header=False | metadata=False
Cell A79 | value='2023' | fill=00000000 | rows=[78] | cols=[0] | col_header=False | row_header=False | metadata=False
Cell B79 | value='266942' | fill=00000000 | rows=[78] | cols=[1] | col_header=False | row_header=False | metadata=False
Cell C79 | value='167116' | fill=00000000 | rows=[78] | cols=[2] | col_header=False | row_header=False | metadata=False
Cell D79 | value='62.6' | fill=00000000 | rows=[78] | cols=[3] | col_header=False | row_header=False | metadata=False
Cell E79 | value='161037' | fill=00000000 | rows=[78] | cols=[4] | col_header=False | row_header=False | metadata=False
Cell F79 | value='60.3' | fill=00000000 | rows=[78] | cols=[5] | col_header=False | row_header=False | metadata=False
Cell G79 | value='2264' | fill=00000000 | rows=[78] | cols=[6] | col_header=False | row_header=False | metadata=False
Cell H79 | value='158772' | fill=00000000 | rows=[78] | cols=[7] | col_header=False | row_header=False | metadata=False
Cell I79 | value='6080' | fill=00000000 | rows=[78] | cols=[8] | col_header=False | row_header=False | metadata=False
Cell J79 | value='3.6' | fill=00000000 | rows=[78] | cols=[9] | col_header=False | row_header=False | metadata=False
Cell K79 | value='99826' | fill=00000000 | rows=[78] | cols=[10] | col_header=False | row_header=False | metadata=False
Cell A81 | value='NOTE: Revisions to population controls and other changes can affect the comparability of labor force levels over time. In recent years, for example, updated population controls have been introduced annually with the release of January data. Information about historical comparability is online at  https://www.bls.gov/cps/documentation.htm#comp.' | fill=FF00B0F0 | rows=[80] | cols=[0, 1, 2, 3, 4, 5, 6, 7, 8, 9, 10] | col_header=False | row_header=False | metadata=True

