=== employment-table10.xlsx ===
Cell A1 | value='HOUSEHOLD DATA
ANNUAL AVERAGES
10. Employed persons by occupation, race, Hispanic or Latino ethnicity, and sex' | fill=FF00B0F0 | rows=[0] | cols=[0, 1, 2, 3, 4, 5, 6] | col_header=True | row_header=True | metadata=True
Cell A2 | value='[Percent distribution]' | fill=FF00B0F0 | rows=[1] | cols=[0] | col_header=False | row_header=False | metadata=True
Cell A4 | value='Occupation, race, and Hispanic or Latino ethnicity' | fill=FFFFFF00 | rows=[3, 4] | cols=[0] | col_header=True | row_header=False | metadata=False
Cell B4 | value='Total' | fill=00000000 | rows=[3] | cols=[1, 2] | col_header=False | row_header=False | metadata=False
Cell D4 | value='Men' | fill=00000000 | rows=[3] | cols=[3, 4] | col_header=False | row_header=False | metadata=False
Cell F4 | value='Women' | fill=00000000 | rows=[3] | cols=[5, 6] | col_header=False | row_header=False | metadata=False
Cell B5 | value='2022' | fill=00000000 | rows=[4] | cols=[1] | col_header=False | row_header=False | metadata=False
Cell C5 | value='2023' | fill=00000000 | rows=[4] | cols=[2] | col_header=False | row_header=False | metadata=False
Cell D5 | value='2022' | fill=00000000 | rows=[4] | cols=[3] | col_header=False | row_header=False | metadata=False
Cell E5 | value='2023' | fill=00000000 | rows=[4] | cols=[4] | col_header=False | row_header=False | metadata=False
Cell F5 | value='2022' | fill=00000000 | rows=[4] | cols=[5] | col_header=False | row_header=False | metadata=False
Cell G5 | value='2023' | fill=00000000 | rows=[4] | cols=[6] | col_header=False | row_header=False | metadata=False
Cell A7 | value='TOTAL' | fill=00000000 | rows=[6] | cols=[0] | col_header=False | row_header=False | metadata=False
Cell A8 | value='Total, 16 years and over (in thousands)' | fill=FF00B050 | rows=[7] | cols=[0] | col_header=False | row_header=True | metadata=False
Cell B8 | value='158291' | fill=00000000 | rows=[7] | cols=[1] | col_header=False | row_header=False | metadata=False
Cell C8 | value='161037' | fill=00000000 | rows=[7] | cols=[2] | col_header=False | row_header=False | metadata=False
Cell D8 | value='84203' | fill=00000000 | rows=[7] | cols=[3] | col_header=False | row_header=False | metadata=False
Cell E8 | value='85500' | fill=00000000 | rows=[7] | cols=[4] | col_header=False | row_header=False | metadata=False
Cell F8 | value='74089' | fill=00000000 | rows=[7] | cols=[5] | col_header=False | row_header=False | metadata=False
Cell G8 | value='75537' | fill=00000000 | rows=[7] | cols=[6] | col_header=False | row_header=False | metadata=False
Cell A9 | value='Percent of total employed' | fill=FF00B050 | rows=[8] | cols=[0] | col_header=False | row_header=True | metadata=False
Cell B9 | value='100' | fill=00000000 | rows=[8] | cols=[1] | col_header=False | row_header=False | metadata=False
Cell C9 | value='100' | fill=00000000 | rows=[8] | cols=[2] | col_header=False | row_header=False | metadata=False
Cell D9 | value='100' | fill=00000000 | rows=[8] | cols=[3] | col_header=False | row_header=False | metadata=False
Cell E9 | value='100' | fill=00000000 | rows=[8] | cols=[4] | col_header=False | row_header=False | metadata=False
Cell F9 | value='100' | fill=00000000 | rows=[8] | cols=[5] | col_header=False | row_header=False | metadata=False
Cell G9 | value='100' | fill=00000000 | rows=[8] | cols=[6] | col_header=False | row_header=False | metadata=False
Cell A10 | value='Management, professional, and related occupations' | fill=00000000 | rows=[9] | cols=[0] | col_header=False | row_header=False | metadata=False
Cell B10 | value='43' | fill=00000000 | rows=[9] | cols=[1] | col_header=False | row_header=False | metadata=False
Cell C10 | value='43.6' | fill=00000000 | rows=[9] | cols=[2] | col_header=False | row_header=False | metadata=False
Cell D10 | value='39.2' | fill=00000000 | rows=[9] | cols=[3] | col_header=False | row_header=False | metadata=False
Cell E10 | value='39.6' | fill=00000000 | rows=[9] | cols=[4] | col_header=False | row_header=False | metadata=False
Cell F10 | value='47.4' | fill=00000000 | rows=[9] | cols=[5] | col_header=False | row_header=False | metadata=False
Cell G10 | value='48.2' | fill=00000000 | rows=[9] | cols=[6] | col_header=False | row_header=False | metadata=False
Cell A11 | value='Management, business, and financial operations occupations' | fill=00000000 | rows=[10] | cols=[0] | col_header=False | row_header=False | metadata=False
Cell B11 | value='18.5' | fill=00000000 | rows=[10] | cols=[1] | col_header=False | row_header=False | metadata=False
Cell C11 | value='19' | fill=00000000 | rows=[10] | cols=[2] | col_header=False | row_header=False | metadata=False
Cell D11 | value='19.2' | fill=00000000 | rows=[10] | cols=[3] | col_header=False | row_header=False | metadata=False
Cell E11 | value='19.4' | fill=00000000 | rows=[10] | cols=[4] | col_header=False | row_header=False | metadata=False
Cell F11 | value='17.8' | fill=00000000 | rows=[10] | cols=[5] | col_header=False | row_header=False | metadata=False
Cell G11 | value='18.5' | fill=00000000 | rows=[10] | cols=[6] | col_header=False | row_header=False | metadata=False
Cell A12 | value='Professional and related occupations' | fill=00000000 | rows=[11] | cols=[0] | col_header=False | row_header=False | metadata=False
Cell B12 | value='24.5' | fill=00000000 | rows=[11] | cols=[1] | col_header=False | row_header=False | metadata=False
Cell C12 | value='24.7' | fill=00000000 | rows=[11] | cols=[2] | col_header=False | row_header=False | metadata=False
Cell D12 | value='20' | fill=00000000 | rows=[11] | cols=[3] | col_header=False | row_header=False | metadata=False
Cell E12 | value='20.2' | fill=00000000 | rows=[11] | cols=[4] | col_header=False | row_header=False | metadata=False
Cell F12 | value='29.6' | fill=00000000 | rows=[11] | cols=[5] | col_header=False | row_header=False | metadata=False
Cell G12 | value='29.7' | fill=00000000 | rows=[11] | cols=[6] | col_header=False | row_header=False | metadata=False
Cell A13 | value='Service occupations' | fill=00000000 | rows=[12] | cols=[0] | col_header=False | row_header=False | metadata=False
Cell B13 | value='16.1' | fill=00000000 | rows=[12] | cols=[1] | col_header=False | row_header=False | metadata=False
Cell C13 | value='16.3' | fill=00000000 | rows=[12] | cols=[2] | col_header=False | row_header=False | metadata=False
Cell D13 | value='13' | fill=00000000 | rows=[12] | cols=[3] | col_header=False | row_header=False | metadata=False
Cell E13 | value='13.1' | fill=00000000 | rows=[12] | cols=[4] | col_header=False | row_header=False | metadata=False
Cell F13 | value='19.6' | fill=00000000 | rows=[12] | cols=[5] | col_header=False | row_header=False | metadata=False
Cell G13 | value='19.8' | fill=00000000 | rows=[12] | cols=[6] | col_header=False | row_header=False | metadata=False
Cell A14 | value='Sales and office occupations' | fill=00000000 | rows=[13] | cols=[0] | col_header=False | row_header=False | metadata=False
Cell B14 | value='19.2' | fill=00000000 | rows=[13] | cols=[1] | col_header=False | row_header=False | metadata=False
Cell C14 | value='18.8' | fill=00000000 | rows=[13] | cols=[2] | col_header=False | row_header=False | metadata=False
Cell D14 | value='14' | fill=00000000 | rows=[13] | cols=[3] | col_header=False | row_header=False | metadata=False
Cell E14 | value='14' | fill=00000000 | rows=[13] | cols=[4] | col_header=False | row_header=False | metadata=False
Cell F14 | value='25.2' | fill=00000000 | rows=[13] | cols=[5] | col_header=False | row_header=False | metadata=False
Cell G14 | value='24.3' | fill=00000000 | rows=[13] | cols=[6] | col_header=False | row_header=False | metadata=False
Cell A15 | value='Sales and related occupations' | fill=00000000 | rows=[14] | cols=[0] | col_header=False | row_header=False | metadata=False
Cell B15 | value='9' | fill=00000000 | rows=[14] | cols=[1] | col_header=False | row_header=False | metadata=False
Cell C15 | value='8.9' | fill=00000000 | rows=[14] | cols=[2] | col_header=False | row_header=False | metadata=False
Cell D15 | value='8.6' | fill=00000000 | rows=[14] | cols=[3] | col_header=False | row_header=False | metadata=False
Cell E15 | value='8.6' | fill=00000000 | rows=[14] | cols=[4] | col_header=False | row_header=False | metadata=False
Cell F15 | value='9.6' | fill=00000000 | rows=[14] | cols=[5] | col_header=False | row_header=False | metadata=False
Cell G15 | value='9.2' | fill=00000000 | rows=[14] | cols=[6] | col_header=False | row_header=False | metadata=False
Cell A16 | value='Office and administrative support occupations' | fill=00000000 | rows=[15] | cols=[0] | col_header=False | row_header=False | metadata=False
Cell B16 | value='10.2' | fill=00000000 | rows=[15] | cols=[1] | col_header=False | row_header=False | metadata=False
Cell C16 | value='9.9' | fill=00000000 | rows=[15] | cols=[2] | col_header=False | row_header=False | metadata=False
Cell D16 | value='5.4' | fill=00000000 | rows=[15] | cols=[3] | col_header=False | row_header=False | metadata=False
Cell E16 | value='5.4' | fill=00000000 | rows=[15] | cols=[4] | col_header=False | row_header=False | metadata=False
Cell F16 | value='15.6' | fill=00000000 | rows=[15] | cols=[5] | col_header=False | row_header=False | metadata=False
Cell G16 | value='15' | fill=00000000 | rows=[15] | cols=[6] | col_header=False | row_header=False | metadata=False
Cell A17 | value='Natural resources, construction, and maintenance occupations' | fill=00000000 | rows=[16] | cols=[0] | col_header=False | row_header=False | metadata=False
Cell B17 | value='9' | fill=00000000 | rows=[16] | cols=[1] | col_header=False | row_header=False | metadata=False
Cell C17 | value='8.9' | fill=00000000 | rows=[16] | cols=[2] | col_header=False | row_header=False | metadata=False
Cell D17 | value='16' | fill=00000000 | rows=[16] | cols=[3] | col_header=False | row_header=False | metadata=False
Cell E17 | value='15.8' | fill=00000000 | rows=[16] | cols=[4] | col_header=False | row_header=False | metadata=False
Cell F17 | value='1.1' | fill=00000000 | rows=[16] | cols=[5] | col_header=False | row_header=False | metadata=False
Cell G17 | value='1.1' | fill=00000000 | rows=[16] | cols=[6] | col_header=False | row_header=False | metadata=False
Cell A18 | value='Farming, fishing, and forestry occupations' | fill=00000000 | rows=[17] | cols=[0] | col_header=False | row_header=False | metadata=False
Cell B18 | value='0.6' | fill=00000000 | rows=[17] | cols=[1] | col_header=False | row_header=False | metadata=False
Cell C18 | value='0.6' | fill=00000000 | rows=[17] | cols=[2] | col_header=False | row_header=False | metadata=False
Cell D18 | value='0.9' | fill=00000000 | rows=[17] | cols=[3] | col_header=False | row_header=False | metadata=False
Cell E18 | value='0.8' | fill=00000000 | rows=[17] | cols=[4] | col_header=False | row_header=False | metadata=False
Cell F18 | value='0.3' | fill=00000000 | rows=[17] | cols=[5] | col_header=False | row_header=False | metadata=False
Cell G18 | value='0.4' | fill=00000000 | rows=[17] | cols=[6] | col_header=False | row_header=False | metadata=False
Cell A19 | value='Construction and extraction occupations' | fill=00000000 | rows=[18] | cols=[0] | col_header=False | row_header=False | metadata=False
Cell B19 | value='5.3' | fill=00000000 | rows=[18] | cols=[1] | col_header=False | row_header=False | metadata=False
Cell C19 | value='5.3' | fill=00000000 | rows=[18] | cols=[2] | col_header=False | row_header=False | metadata=False
Cell D19 | value='9.6' | fill=00000000 | rows=[18] | cols=[3] | col_header=False | row_header=False | metadata=False
Cell E19 | value='9.5' | fill=00000000 | rows=[18] | cols=[4] | col_header=False | row_header=False | metadata=False
Cell F19 | value='0.5' | fill=00000000 | rows=[18] | cols=[5] | col_header=False | row_header=False | metadata=False
Cell G19 | value='0.5' | fill=00000000 | rows=[18] | cols=[6] | col_header=False | row_header=False | metadata=False
Cell A20 | value='Installation, maintenance, and repair occupations' | fill=00000000 | rows=[19] | cols=[0] | col_header=False | row_header=False | metadata=False
Cell B20 | value='3.1' | fill=00000000 | rows=[19] | cols=[1] | col_header=False | row_header=False | metadata=False
Cell C20 | value='3' | fill=00000000 | rows=[19] | cols=[2] | col_header=False | row_header=False | metadata=False
Cell D20 | value='5.5' | fill=00000000 | rows=[19] | cols=[3] | col_header=False | row_header=False | metadata=False
Cell E20 | value='5.5' | fill=00000000 | rows=[19] | cols=[4] | col_header=False | row_header=False | metadata=False
Cell F20 | value='0.3' | fill=00000000 | rows=[19] | cols=[5] | col_header=False | row_header=False | metadata=False
Cell G20 | value='0.3' | fill=00000000 | rows=[19] | cols=[6] | col_header=False | row_header=False | metadata=False
Cell A21 | value='Production, transportation, and material moving occupations' | fill=00000000 | rows=[20] | cols=[0] | col_header=False | row_header=False | metadata=False
Cell B21 | value='12.7' | fill=00000000 | rows=[20] | cols=[1] | col_header=False | row_header=False | metadata=False
Cell C21 | value='12.4' | fill=00000000 | rows=[20] | cols=[2] | col_header=False | row_header=False | metadata=False
Cell D21 | value='17.9' | fill=00000000 | rows=[20] | cols=[3] | col_header=False | row_header=False | metadata=False
Cell E21 | value='17.5' | fill=00000000 | rows=[20] | cols=[4] | col_header=False | row_header=False | metadata=False
Cell F21 | value='6.8' | fill=00000000 | rows=[20] | cols=[5] | col_header=False | row_header=False | metadata=False
Cell G21 | value='6.6' | fill=00000000 | rows=[20] | cols=[6] | col_header=False | row_header=False | metadata=False
Cell A22 | value='Production occupations' | fill=00000000 | rows=[21] | cols=[0] | col_header=False | row_header=False | metadata=False
Cell B22 | value='5.2' | fill=00000000 | rows=[21] | cols=[1] | col_header=False | row_header=False | metadata=False
Cell C22 | value='5.1' | fill=00000000 | rows=[21] | cols=[2] | col_header=False | row_header=False | metadata=False
Cell D22 | value='6.9' | fill=00000000 | rows=[21] | cols=[3] | col_header=False | row_header=False | metadata=False
Cell E22 | value='6.8' | fill=00000000 | rows=[21] | cols=[4] | col_header=False | row_header=False | metadata=False
Cell F22 | value='3.3' | fill=00000000 | rows=[21] | cols=[5] | col_header=False | row_header=False | metadata=False
Cell G22 | value='3.3' | fill=00000000 | rows=[21] | cols=[6] | col_header=False | row_header=False | metadata=False
Cell A23 | value='Transportation and material moving occupations' | fill=00000000 | rows=[22] | cols=[0] | col_header=False | row_header=False | metadata=False
Cell B23 | value='7.5' | fill=00000000 | rows=[22] | cols=[1] | col_header=False | row_header=False | metadata=False
Cell C23 | value='7.3' | fill=00000000 | rows=[22] | cols=[2] | col_header=False | row_header=False | metadata=False
Cell D23 | value='11' | fill=00000000 | rows=[22] | cols=[3] | col_header=False | row_header=False | metadata=False
Cell E23 | value='10.8' | fill=00000000 | rows=[22] | cols=[4] | col_header=False | row_header=False | metadata=False
Cell F23 | value='3.5' | fill=00000000 | rows=[22] | cols=[5] | col_header=False | row_header=False | metadata=False
Cell G23 | value='3.3' | fill=00000000 | rows=[22] | cols=[6] | col_header=False | row_header=False | metadata=False
Cell A25 | value='White' | fill=00000000 | rows=[24] | cols=[0] | col_header=False | row_header=False | metadata=False
Cell A26 | value='Total, 16 years and over (in thousands)' | fill=FF00B050 | rows=[25] | cols=[0] | col_header=False | row_header=True | metadata=False
Cell B26 | value='121908' | fill=00000000 | rows=[25] | cols=[1] | col_header=False | row_header=False | metadata=False
Cell C26 | value='123165' | fill=00000000 | rows=[25] | cols=[2] | col_header=False | row_header=False | metadata=False
Cell D26 | value='65924' | fill=00000000 | rows=[25] | cols=[3] | col_header=False | row_header=False | metadata=False
Cell E26 | value='66524' | fill=00000000 | rows=[25] | cols=[4] | col_header=False | row_header=False | metadata=False
Cell F26 | value='55984' | fill=00000000 | rows=[25] | cols=[5] | col_header=False | row_header=False | metadata=False
Cell G26 | value='56642' | fill=00000000 | rows=[25] | cols=[6] | col_header=False | row_header=False | metadata=False
Cell A27 | value='Percent of total employed' | fill=FF00B050 | rows=[26] | cols=[0] | col_header=False | row_header=True | metadata=False
Cell B27 | value='100' | fill=00000000 | rows=[26] | cols=[1] | col_header=False | row_header=False | metadata=False
Cell C27 | value='100' | fill=00000000 | rows=[26] | cols=[2] | col_header=False | row_header=False | metadata=False
Cell D27 | value='100' | fill=00000000 | rows=[26] | cols=[3] | col_header=False | row_header=False | metadata=False
Cell E27 | value='100' | fill=00000000 | rows=[26] | cols=[4] | col_header=False | row_header=False | metadata=False
Cell F27 | value='100' | fill=00000000 | rows=[26] | cols=[5] | col_header=False | row_header=False | metadata=False
Cell G27 | value='100' | fill=00000000 | rows=[26] | cols=[6] | col_header=False | row_header=False | metadata=False
Cell A28 | value='Management, professional, and related occupations' | fill=00000000 | rows=[27] | cols=[0] | col_header=False | row_header=False | metadata=False
Cell B28 | value='43.4' | fill=00000000 | rows=[27] | cols=[1] | col_header=False | row_header=False | metadata=False
Cell C28 | value='43.9' | fill=00000000 | rows=[27] | cols=[2] | col_header=False | row_header=False | metadata=False
Cell D28 | value='39.4' | fill=00000000 | rows=[27] | cols=[3] | col_header=False | row_header=False | metadata=False
Cell E28 | value='39.7' | fill=00000000 | rows=[27] | cols=[4] | col_header=False | row_header=False | metadata=False
Cell F28 | value='48.1' | fill=00000000 | rows=[27] | cols=[5] | col_header=False | row_header=False | metadata=False
Cell G28 | value='48.8' | fill=00000000 | rows=[27] | cols=[6] | col_header=False | row_header=False | metadata=False
Cell A29 | value='Management, business, and financial operations occupations' | fill=00000000 | rows=[28] | cols=[0] | col_header=False | row_header=False | metadata=False
Cell B29 | value='19.4' | fill=00000000 | rows=[28] | cols=[1] | col_header=False | row_header=False | metadata=False
Cell C29 | value='19.8' | fill=00000000 | rows=[28] | cols=[2] | col_header=False | row_header=False | metadata=False
Cell D29 | value='20.2' | fill=00000000 | rows=[28] | cols=[3] | col_header=False | row_header=False | metadata=False
Cell E29 | value='20.4' | fill=00000000 | rows=[28] | cols=[4] | col_header=False | row_header=False | metadata=False
Cell F29 | value='18.3' | fill=00000000 | rows=[28] | cols=[5] | col_header=False | row_header=False | metadata=False
Cell G29 | value='19' | fill=00000000 | rows=[28] | cols=[6] | col_header=False | row_header=False | metadata=False
Cell A30 | value='Professional and related occupations' | fill=00000000 | rows=[29] | cols=[0] | col_header=False | row_header=False | metadata=False
Cell B30 | value='24.1' | fill=00000000 | rows=[29] | cols=[1] | col_header=False | row_header=False | metadata=False
Cell C30 | value='24.1' | fill=00000000 | rows=[29] | cols=[2] | col_header=False | row_header=False | metadata=False
Cell D30 | value='19.2' | fill=00000000 | rows=[29] | cols=[3] | col_header=False | row_header=False | metadata=False
Cell E30 | value='19.2' | fill=00000000 | rows=[29] | cols=[4] | col_header=False | row_header=False | metadata=False
Cell F30 | value='29.8' | fill=00000000 | rows=[29] | cols=[5] | col_header=False | row_header=False | metadata=False
Cell G30 | value='29.9' | fill=00000000 | rows=[29] | cols=[6] | col_header=False | row_header=False | metadata=False
Cell A31 | value='Service occupations' | fill=00000000 | rows=[30] | cols=[0] | col_header=False | row_header=False | metadata=False
Cell B31 | value='15.1' | fill=00000000 | rows=[30] | cols=[1] | col_header=False | row_header=False | metadata=False
Cell C31 | value='15.2' | fill=00000000 | rows=[30] | cols=[2] | col_header=False | row_header=False | metadata=False
Cell D31 | value='12.1' | fill=00000000 | rows=[30] | cols=[3] | col_header=False | row_header=False | metadata=False
Cell E31 | value='12.2' | fill=00000000 | rows=[30] | cols=[4] | col_header=False | row_header=False | metadata=False
Cell F31 | value='18.6' | fill=00000000 | rows=[30] | cols=[5] | col_header=False | row_header=False | metadata=False
Cell G31 | value='18.8' | fill=00000000 | rows=[30] | cols=[6] | col_header=False | row_header=False | metadata=False
Cell A32 | value='Sales and office occupations' | fill=00000000 | rows=[31] | cols=[0] | col_header=False | row_header=False | metadata=False
Cell B32 | value='19.4' | fill=00000000 | rows=[31] | cols=[1] | col_header=False | row_header=False | metadata=False
Cell C32 | value='19' | fill=00000000 | rows=[31] | cols=[2] | col_header=False | row_header=False | metadata=False
Cell D32 | value='13.9' | fill=00000000 | rows=[31] | cols=[3] | col_header=False | row_header=False | metadata=False
Cell E32 | value='14' | fill=00000000 | rows=[31] | cols=[4] | col_header=False | row_header=False | metadata=False
Cell F32 | value='25.8' | fill=00000000 | rows=[31] | cols=[5] | col_header=False | row_header=False | metadata=False
Cell G32 | value='24.9' | fill=00000000 | rows=[31] | cols=[6] | col_header=False | row_header=False | metadata=False
Cell A33 | value='Sales and related occupations' | fill=00000000 | rows=[32] | cols=[0] | col_header=False | row_header=False | metadata=False
Cell B33 | value='9.3' | fill=00000000 | rows=[32] | cols=[1] | col_header=False | row_header=False | metadata=False
Cell C33 | value='9.2' | fill=00000000 | rows=[32] | cols=[2] | col_header=False | row_header=False | metadata=False
Cell D33 | value='8.9' | fill=00000000 | rows=[32] | cols=[3] | col_header=False | row_header=False | metadata=False
Cell E33 | value='8.9' | fill=00000000 | rows=[32] | cols=[4] | col_header=False | row_header=False | metadata=False
Cell F33 | value='9.8' | fill=00000000 | rows=[32] | cols=[5] | col_header=False | row_header=False | metadata=False
Cell G33 | value='9.5' | fill=00000000 | rows=[32] | cols=[6] | col_header=False | row_header=False | metadata=False
Cell A34 | value='Office and administrative support occupations' | fill=00000000 | rows=[33] | cols=[0] | col_header=False | row_header=False | metadata=False
Cell B34 | value='10' | fill=00000000 | rows=[33] | cols=[1] | col_header=False | row_header=False | metadata=False
Cell C34 | value='9.8' | fill=00000000 | rows=[33] | cols=[2] | col_header=False | row_header=False | metadata=False
Cell D34 | value='5' | fill=00000000 | rows=[33] | cols=[3] | col_header=False | row_header=False | metadata=False
Cell E34 | value='5.1' | fill=00000000 | rows=[33] | cols=[4] | col_header=False | row_header=False | metadata=False
Cell F34 | value='16' | fill=00000000 | rows=[33] | cols=[5] | col_header=False | row_header=False | metadata=False
Cell G34 | value='15.4' | fill=00000000 | rows=[33] | cols=[6] | col_header=False | row_header=False | metadata=False
Cell A35 | value='Natural resources, construction, and maintenance occupations' | fill=00000000 | rows=[34] | cols=[0] | col_header=False | row_header=False | metadata=False
Cell B35 | value='10.1' | fill=00000000 | rows=[34] | cols=[1] | col_header=False | row_header=False | metadata=False
Cell C35 | value='10' | fill=00000000 | rows=[34] | cols=[2] | col_header=False | row_header=False | metadata=False
Cell D35 | value='17.7' | fill=00000000 | rows=[34] | cols=[3] | col_header=False | row_header=False | metadata=False
Cell E35 | value='17.5' | fill=00000000 | rows=[34] | cols=[4] | col_header=False | row_header=False | metadata=False
Cell F35 | value='1.2' | fill=00000000 | rows=[34] | cols=[5] | col_header=False | row_header=False | metadata=False
Cell G35 | value='1.2' | fill=00000000 | rows=[34] | cols=[6] | col_header=False | row_header=False | metadata=False
Cell A36 | value='Farming, fishing, and forestry occupations' | fill=00000000 | rows=[35] | cols=[0] | col_header=False | row_header=False | metadata=False
Cell B36 | value='0.7' | fill=00000000 | rows=[35] | cols=[1] | col_header=False | row_header=False | metadata=False
Cell C36 | value='0.7' | fill=00000000 | rows=[35] | cols=[2] | col_header=False | row_header=False | metadata=False
Cell D36 | value='1' | fill=00000000 | rows=[35] | cols=[3] | col_header=False | row_header=False | metadata=False
Cell E36 | value='1' | fill=00000000 | rows=[35] | cols=[4] | col_header=False | row_header=False | metadata=False
Cell F36 | value='0.4' | fill=00000000 | rows=[35] | cols=[5] | col_header=False | row_header=False | metadata=False
Cell G36 | value='0.4' | fill=00000000 | rows=[35] | cols=[6] | col_header=False | row_header=False | metadata=False
Cell A37 | value='Construction and extraction occupations' | fill=00000000 | rows=[36] | cols=[0] | col_header=False | row_header=False | metadata=False
Cell B37 | value='6' | fill=00000000 | rows=[36] | cols=[1] | col_header=False | row_header=False | metadata=False
Cell C37 | value='6' | fill=00000000 | rows=[36] | cols=[2] | col_header=False | row_header=False | metadata=False
Cell D37 | value='10.7' | fill=00000000 | rows=[36] | cols=[3] | col_header=False | row_header=False | metadata=False
Cell E37 | value='10.6' | fill=00000000 | rows=[36] | cols=[4] | col_header=False | row_header=False | metadata=False
Cell F37 | value='0.5' | fill=00000000 | rows=[36] | cols=[5] | col_header=False | row_header=False | metadata=False
Cell G37 | value='0.5' | fill=00000000 | rows=[36] | cols=[6] | col_header=False | row_header=False | metadata=False
Cell A38 | value='Installation, maintenance, and repair occupations' | fill=00000000 | rows=[37] | cols=[0] | col_header=False | row_header=False | metadata=False
Cell B38 | value='3.4' | fill=00000000 | rows=[37] | cols=[1] | col_header=False | row_header=False | metadata=False
Cell C38 | value='3.3' | fill=00000000 | rows=[37] | cols=[2] | col_header=False | row_header=False | metadata=False
Cell D38 | value='6.1' | fill=00000000 | rows=[37] | cols=[3] | col_header=False | row_header=False | metadata=False
Cell E38 | value='5.9' | fill=00000000 | rows=[37] | cols=[4] | col_header=False | row_header=False | metadata=False
Cell F38 | value='0.3' | fill=00000000 | rows=[37] | cols=[5] | col_header=False | row_header=False | metadata=False
Cell G38 | value='0.3' | fill=00000000 | rows=[37] | cols=[6] | col_header=False | row_header=False | metadata=False
Cell A39 | value='Production, transportation, and material moving occupations' | fill=00000000 | rows=[38] | cols=[0] | col_header=False | row_header=False | metadata=False
Cell B39 | value='12' | fill=00000000 | rows=[38] | cols=[1] | col_header=False | row_header=False | metadata=False
Cell C39 | value='11.9' | fill=00000000 | rows=[38] | cols=[2] | col_header=False | row_header=False | metadata=False
Cell D39 | value='16.8' | fill=00000000 | rows=[38] | cols=[3] | col_header=False | row_header=False | metadata=False
Cell E39 | value='16.6' | fill=00000000 | rows=[38] | cols=[4] | col_header=False | row_header=False | metadata=False
Cell F39 | value='6.3' | fill=00000000 | rows=[38] | cols=[5] | col_header=False | row_header=False | metadata=False
Cell G39 | value='6.3' | fill=00000000 | rows=[38] | cols=[6] | col_header=False | row_header=False | metadata=False
Cell A40 | value='Production occupations' | fill=00000000 | rows=[39] | cols=[0] | col_header=False | row_header=False | metadata=False
Cell B40 | value='5.1' | fill=00000000 | rows=[39] | cols=[1] | col_header=False | row_header=False | metadata=False
Cell C40 | value='5.1' | fill=00000000 | rows=[39] | cols=[2] | col_header=False | row_header=False | metadata=False
Cell D40 | value='6.8' | fill=00000000 | rows=[39] | cols=[3] | col_header=False | row_header=False | metadata=False
Cell E40 | value='6.8' | fill=00000000 | rows=[39] | cols=[4] | col_header=False | row_header=False | metadata=False
Cell F40 | value='3' | fill=00000000 | rows=[39] | cols=[5] | col_header=False | row_header=False | metadata=False
Cell G40 | value='3.1' | fill=00000000 | rows=[39] | cols=[6] | col_header=False | row_header=False | metadata=False
Cell A41 | value='Transportation and material moving occupations' | fill=00000000 | rows=[40] | cols=[0] | col_header=False | row_header=False | metadata=False
Cell B41 | value='6.9' | fill=00000000 | rows=[40] | cols=[1] | col_header=False | row_header=False | metadata=False
Cell C41 | value='6.8' | fill=00000000 | rows=[40] | cols=[2] | col_header=False | row_header=False | metadata=False
Cell D41 | value='10' | fill=00000000 | rows=[40] | cols=[3] | col_header=False | row_header=False | metadata=False
Cell E41 | value='9.8' | fill=00000000 | rows=[40] | cols=[4] | col_header=False | row_header=False | metadata=False
Cell F41 | value='3.2' | fill=00000000 | rows=[40] | cols=[5] | col_header=False | row_header=False | metadata=False
Cell G41 | value='3.2' | fill=00000000 | rows=[40] | cols=[6] | col_header=False | row_header=False | metadata=False
Cell A43 | value='Black or African American' | fill=00000000 | rows=[42] | cols=[0] | col_header=False | row_header=False | metadata=False
Cell A44 | value='Total, 16 years and over (in thousands)' | fill=FF00B050 | rows=[43] | cols=[0] | col_header=False | row_header=True | metadata=False
Cell B44 | value='19937' | fill=00000000 | rows=[43] | cols=[1] | col_header=False | row_header=False | metadata=False
Cell C44 | value='20674' | fill=00000000 | rows=[43] | cols=[2] | col_header=False | row_header=False | metadata=False
Cell D44 | value='9617' | fill=00000000 | rows=[43] | cols=[3] | col_header=False | row_header=False | metadata=False
Cell E44 | value='9943' | fill=00000000 | rows=[43] | cols=[4] | col_header=False | row_header=False | metadata=False
Cell F44 | value='10319' | fill=00000000 | rows=[43] | cols=[5] | col_header=False | row_header=False | metadata=False
Cell G44 | value='10731' | fill=00000000 | rows=[43] | cols=[6] | col_header=False | row_header=False | metadata=False
Cell A45 | value='Percent of total employed' | fill=FF00B050 | rows=[44] | cols=[0] | col_header=False | row_header=True | metadata=False
Cell B45 | value='100' | fill=00000000 | rows=[44] | cols=[1] | col_header=False | row_header=False | metadata=False
Cell C45 | value='100' | fill=00000000 | rows=[44] | cols=[2] | col_header=False | row_header=False | metadata=False
Cell D45 | value='100' | fill=00000000 | rows=[44] | cols=[3] | col_header=False | row_header=False | metadata=False
Cell E45 | value='100' | fill=00000000 | rows=[44] | cols=[4] | col_header=False | row_header=False | metadata=False
Cell F45 | value='100' | fill=00000000 | rows=[44] | cols=[5] | col_header=False | row_header=False | metadata=False
Cell G45 | value='100' | fill=00000000 | rows=[44] | cols=[6] | col_header=False | row_header=False | metadata=False
Cell A46 | value='Management, professional, and related occupations' | fill=00000000 | rows=[45] | cols=[0] | col_header=False | row_header=False | metadata=False
Cell B46 | value='35' | fill=00000000 | rows=[45] | cols=[1] | col_header=False | row_header=False | metadata=False
Cell C46 | value='36.1' | fill=00000000 | rows=[45] | cols=[2] | col_header=False | row_header=False | metadata=False
Cell D46 | value='29.4' | fill=00000000 | rows=[45] | cols=[3] | col_header=False | row_header=False | metadata=False
Cell E46 | value='29.9' | fill=00000000 | rows=[45] | cols=[4] | col_header=False | row_header=False | metadata=False
Cell F46 | value='40.2' | fill=00000000 | rows=[45] | cols=[5] | col_header=False | row_header=False | metadata=False
Cell G46 | value='41.8' | fill=00000000 | rows=[45] | cols=[6] | col_header=False | row_header=False | metadata=False
Cell A47 | value='Management, business, and financial operations occupations' | fill=00000000 | rows=[46] | cols=[0] | col_header=False | row_header=False | metadata=False
Cell B47 | value='13.8' | fill=00000000 | rows=[46] | cols=[1] | col_header=False | row_header=False | metadata=False
Cell C47 | value='14.4' | fill=00000000 | rows=[46] | cols=[2] | col_header=False | row_header=False | metadata=False
Cell D47 | value='13.4' | fill=00000000 | rows=[46] | cols=[3] | col_header=False | row_header=False | metadata=False
Cell E47 | value='13.4' | fill=00000000 | rows=[46] | cols=[4] | col_header=False | row_header=False | metadata=False
Cell F47 | value='14.2' | fill=00000000 | rows=[46] | cols=[5] | col_header=False | row_header=False | metadata=False
Cell G47 | value='15.4' | fill=00000000 | rows=[46] | cols=[6] | col_header=False | row_header=False | metadata=False
Cell A48 | value='Professional and related occupations' | fill=00000000 | rows=[47] | cols=[0] | col_header=False | row_header=False | metadata=False
Cell B48 | value='21.1' | fill=00000000 | rows=[47] | cols=[1] | col_header=False | row_header=False | metadata=False
Cell C48 | value='21.6' | fill=00000000 | rows=[47] | cols=[2] | col_header=False | row_header=False | metadata=False
Cell D48 | value='16' | fill=00000000 | rows=[47] | cols=[3] | col_header=False | row_header=False | metadata=False
Cell E48 | value='16.5' | fill=00000000 | rows=[47] | cols=[4] | col_header=False | row_header=False | metadata=False
Cell F48 | value='26' | fill=00000000 | rows=[47] | cols=[5] | col_header=False | row_header=False | metadata=False
Cell G48 | value='26.4' | fill=00000000 | rows=[47] | cols=[6] | col_header=False | row_header=False | metadata=False
Cell A49 | value='Service occupations' | fill=00000000 | rows=[48] | cols=[0] | col_header=False | row_header=False | metadata=False
Cell B49 | value='21.4' | fill=00000000 | rows=[48] | cols=[1] | col_header=False | row_header=False | metadata=False
Cell C49 | value='21.5' | fill=00000000 | rows=[48] | cols=[2] | col_header=False | row_header=False | metadata=False
Cell D49 | value='18.3' | fill=00000000 | rows=[48] | cols=[3] | col_header=False | row_header=False | metadata=False
Cell E49 | value='18.4' | fill=00000000 | rows=[48] | cols=[4] | col_header=False | row_header=False | metadata=False
Cell F49 | value='24.4' | fill=00000000 | rows=[48] | cols=[5] | col_header=False | row_header=False | metadata=False
Cell G49 | value='24.4' | fill=00000000 | rows=[48] | cols=[6] | col_header=False | row_header=False | metadata=False
Cell A50 | value='Sales and office occupations' | fill=00000000 | rows=[49] | cols=[0] | col_header=False | row_header=False | metadata=False
Cell B50 | value='20' | fill=00000000 | rows=[49] | cols=[1] | col_header=False | row_header=False | metadata=False
Cell C50 | value='19.8' | fill=00000000 | rows=[49] | cols=[2] | col_header=False | row_header=False | metadata=False
Cell D50 | value='14.4' | fill=00000000 | rows=[49] | cols=[3] | col_header=False | row_header=False | metadata=False
Cell E50 | value='14.5' | fill=00000000 | rows=[49] | cols=[4] | col_header=False | row_header=False | metadata=False
Cell F50 | value='25.2' | fill=00000000 | rows=[49] | cols=[5] | col_header=False | row_header=False | metadata=False
Cell G50 | value='24.6' | fill=00000000 | rows=[49] | cols=[6] | col_header=False | row_header=False | metadata=False
Cell A51 | value='Sales and related occupations' | fill=00000000 | rows=[50] | cols=[0] | col_header=False | row_header=False | metadata=False
Cell B51 | value='7.9' | fill=00000000 | rows=[50] | cols=[1] | col_header=False | row_header=False | metadata=False
Cell C51 | value='8.1' | fill=00000000 | rows=[50] | cols=[2] | col_header=False | row_header=False | metadata=False
Cell D51 | value='6.9' | fill=00000000 | rows=[50] | cols=[3] | col_header=False | row_header=False | metadata=False
Cell E51 | value='7.5' | fill=00000000 | rows=[50] | cols=[4] | col_header=False | row_header=False | metadata=False
Cell F51 | value='8.8' | fill=00000000 | rows=[50] | cols=[5] | col_header=False | row_header=False | metadata=False
Cell G51 | value='8.7' | fill=00000000 | rows=[50] | cols=[6] | col_header=False | row_header=False | metadata=False
Cell A52 | value='Office and administrative support occupations' | fill=00000000 | rows=[51] | cols=[0] | col_header=False | row_header=False | metadata=False
Cell B52 | value='12.1' | fill=00000000 | rows=[51] | cols=[1] | col_header=False | row_header=False | metadata=False
Cell C52 | value='11.7' | fill=00000000 | rows=[51] | cols=[2] | col_header=False | row_header=False | metadata=False
Cell D52 | value='7.5' | fill=00000000 | rows=[51] | cols=[3] | col_header=False | row_header=False | metadata=False
Cell E52 | value='7' | fill=00000000 | rows=[51] | cols=[4] | col_header=False | row_header=False | metadata=False
Cell F52 | value='16.5' | fill=00000000 | rows=[51] | cols=[5] | col_header=False | row_header=False | metadata=False
Cell G52 | value='16' | fill=00000000 | rows=[51] | cols=[6] | col_header=False | row_header=False | metadata=False
Cell A53 | value='Natural resources, construction, and maintenance occupations' | fill=00000000 | rows=[52] | cols=[0] | col_header=False | row_header=False | metadata=False
Cell B53 | value='5.3' | fill=00000000 | rows=[52] | cols=[1] | col_header=False | row_header=False | metadata=False
Cell C53 | value='5.4' | fill=00000000 | rows=[52] | cols=[2] | col_header=False | row_header=False | metadata=False
Cell D53 | value='10.2' | fill=00000000 | rows=[52] | cols=[3] | col_header=False | row_header=False | metadata=False
Cell E53 | value='10.4' | fill=00000000 | rows=[52] | cols=[4] | col_header=False | row_header=False | metadata=False
Cell F53 | value='0.7' | fill=00000000 | rows=[52] | cols=[5] | col_header=False | row_header=False | metadata=False
Cell G53 | value='0.7' | fill=00000000 | rows=[52] | cols=[6] | col_header=False | row_header=False | metadata=False
Cell A54 | value='Farming, fishing, and forestry occupations' | fill=00000000 | rows=[53] | cols=[0] | col_header=False | row_header=False | metadata=False
Cell B54 | value='0.2' | fill=00000000 | rows=[53] | cols=[1] | col_header=False | row_header=False | metadata=False
Cell C54 | value='0.2' | fill=00000000 | rows=[53] | cols=[2] | col_header=False | row_header=False | metadata=False
Cell D54 | value='0.4' | fill=00000000 | rows=[53] | cols=[3] | col_header=False | row_header=False | metadata=False
Cell E54 | value='0.4' | fill=00000000 | rows=[53] | cols=[4] | col_header=False | row_header=False | metadata=False
Cell F54 | value='0.1' | fill=00000000 | rows=[53] | cols=[5] | col_header=False | row_header=False | metadata=False
Cell G54 | value='0.1' | fill=00000000 | rows=[53] | cols=[6] | col_header=False | row_header=False | metadata=False
Cell A55 | value='Construction and extraction occupations' | fill=00000000 | rows=[54] | cols=[0] | col_header=False | row_header=False | metadata=False
Cell B55 | value='3' | fill=00000000 | rows=[54] | cols=[1] | col_header=False | row_header=False | metadata=False
Cell C55 | value='2.9' | fill=00000000 | rows=[54] | cols=[2] | col_header=False | row_header=False | metadata=False
Cell D55 | value='5.9' | fill=00000000 | rows=[54] | cols=[3] | col_header=False | row_header=False | metadata=False
Cell E55 | value='5.7' | fill=00000000 | rows=[54] | cols=[4] | col_header=False | row_header=False | metadata=False
Cell F55 | value='0.3' | fill=00000000 | rows=[54] | cols=[5] | col_header=False | row_header=False | metadata=False
Cell G55 | value='0.3' | fill=00000000 | rows=[54] | cols=[6] | col_header=False | row_header=False | metadata=False
Cell A56 | value='Installation, maintenance, and repair occupations' | fill=00000000 | rows=[55] | cols=[0] | col_header=False | row_header=False | metadata=False
Cell B56 | value='2.1' | fill=00000000 | rows=[55] | cols=[1] | col_header=False | row_header=False | metadata=False
Cell C56 | value='2.2' | fill=00000000 | rows=[55] | cols=[2] | col_header=False | row_header=False | metadata=False
Cell D56 | value='3.9' | fill=00000000 | rows=[55] | cols=[3] | col_header=False | row_header=False | metadata=False
Cell E56 | value='4.3' | fill=00000000 | rows=[55] | cols=[4] | col_header=False | row_header=False | metadata=False
Cell F56 | value='0.3' | fill=00000000 | rows=[55] | cols=[5] | col_header=False | row_header=False | metadata=False
Cell G56 | value='0.3' | fill=00000000 | rows=[55] | cols=[6] | col_header=False | row_header=False | metadata=False
Cell A57 | value='Production, transportation, and material moving occupations' | fill=00000000 | rows=[56] | cols=[0] | col_header=False | row_header=False | metadata=False
Cell B57 | value='18.3' | fill=00000000 | rows=[56] | cols=[1] | col_header=False | row_header=False | metadata=False
Cell C57 | value='17.3' | fill=00000000 | rows=[56] | cols=[2] | col_header=False | row_header=False | metadata=False
Cell D57 | value='27.7' | fill=00000000 | rows=[56] | cols=[3] | col_header=False | row_header=False | metadata=False
Cell E57 | value='26.7' | fill=00000000 | rows=[56] | cols=[4] | col_header=False | row_header=False | metadata=False
Cell F57 | value='9.5' | fill=00000000 | rows=[56] | cols=[5] | col_header=False | row_header=False | metadata=False
Cell G57 | value='8.5' | fill=00000000 | rows=[56] | cols=[6] | col_header=False | row_header=False | metadata=False
Cell A58 | value='Production occupations' | fill=00000000 | rows=[57] | cols=[0] | col_header=False | row_header=False | metadata=False
Cell B58 | value='6.2' | fill=00000000 | rows=[57] | cols=[1] | col_header=False | row_header=False | metadata=False
Cell C58 | value='5.9' | fill=00000000 | rows=[57] | cols=[2] | col_header=False | row_header=False | metadata=False
Cell D58 | value='8.4' | fill=00000000 | rows=[57] | cols=[3] | col_header=False | row_header=False | metadata=False
Cell E58 | value='7.8' | fill=00000000 | rows=[57] | cols=[4] | col_header=False | row_header=False | metadata=False
Cell F58 | value='4.2' | fill=00000000 | rows=[57] | cols=[5] | col_header=False | row_header=False | metadata=False
Cell G58 | value='4.1' | fill=00000000 | rows=[57] | cols=[6] | col_header=False | row_header=False | metadata=False
Cell A59 | value='Transportation and material moving occupations' | fill=00000000 | rows=[58] | cols=[0] | col_header=False | row_header=False | metadata=False
Cell B59 | value='12.1' | fill=00000000 | rows=[58] | cols=[1] | col_header=False | row_header=False | metadata=False
Cell C59 | value='11.4' | fill=00000000 | rows=[58] | cols=[2] | col_header=False | row_header=False | metadata=False
Cell D59 | value='19.3' | fill=00000000 | rows=[58] | cols=[3] | col_header=False | row_header=False | metadata=False
Cell E59 | value='18.9' | fill=00000000 | rows=[58] | cols=[4] | col_header=False | row_header=False | metadata=False
Cell F59 | value='5.3' | fill=00000000 | rows=[58] | cols=[5] | col_header=False | row_header=False | metadata=False
Cell G59 | value='4.4' | fill=00000000 | rows=[58] | cols=[6] | col_header=False | row_header=False | metadata=False
Cell A61 | value='Asian' | fill=00000000 | rows=[60] | cols=[0] | col_header=False | row_header=False | metadata=False
Cell A62 | value='Total, 16 years and over (in thousands)' | fill=FF00B050 | rows=[61] | cols=[0] | col_header=False | row_header=True | metadata=False
Cell B62 | value='10615' | fill=00000000 | rows=[61] | cols=[1] | col_header=False | row_header=False | metadata=False
Cell C62 | value='11096' | fill=00000000 | rows=[61] | cols=[2] | col_header=False | row_header=False | metadata=False
Cell D62 | value='5610' | fill=00000000 | rows=[61] | cols=[3] | col_header=False | row_header=False | metadata=False
Cell E62 | value='5852' | fill=00000000 | rows=[61] | cols=[4] | col_header=False | row_header=False | metadata=False
Cell F62 | value='5006' | fill=00000000 | rows=[61] | cols=[5] | col_header=False | row_header=False | metadata=False
Cell G62 | value='5243' | fill=00000000 | rows=[61] | cols=[6] | col_header=False | row_header=False | metadata=False
Cell A63 | value='Percent of total employed' | fill=FF00B050 | rows=[62] | cols=[0] | col_header=False | row_header=True | metadata=False
Cell B63 | value='100' | fill=00000000 | rows=[62] | cols=[1] | col_header=False | row_header=False | metadata=False
Cell C63 | value='100' | fill=00000000 | rows=[62] | cols=[2] | col_header=False | row_header=False | metadata=False
Cell D63 | value='100' | fill=00000000 | rows=[62] | cols=[3] | col_header=False | row_header=False | metadata=False
Cell E63 | value='100' | fill=00000000 | rows=[62] | cols=[4] | col_header=False | row_header=False | metadata=False
Cell F63 | value='100' | fill=00000000 | rows=[62] | cols=[5] | col_header=False | row_header=False | metadata=False
Cell G63 | value='100' | fill=00000000 | rows=[62] | cols=[6] | col_header=False | row_header=False | metadata=False
Cell A64 | value='Management, professional, and related occupations' | fill=00000000 | rows=[63] | cols=[0] | col_header=False | row_header=False | metadata=False
Cell B64 | value='58' | fill=00000000 | rows=[63] | cols=[1] | col_header=False | row_header=False | metadata=False
Cell C64 | value='59.2' | fill=00000000 | rows=[63] | cols=[2] | col_header=False | row_header=False | metadata=False
Cell D64 | value='59' | fill=00000000 | rows=[63] | cols=[3] | col_header=False | row_header=False | metadata=False
Cell E64 | value='60.1' | fill=00000000 | rows=[63] | cols=[4] | col_header=False | row_header=False | metadata=False
Cell F64 | value='56.9' | fill=00000000 | rows=[63] | cols=[5] | col_header=False | row_header=False | metadata=False
Cell G64 | value='58.2' | fill=00000000 | rows=[63] | cols=[6] | col_header=False | row_header=False | metadata=False
Cell A65 | value='Management, business, and financial operations occupations' | fill=00000000 | rows=[64] | cols=[0] | col_header=False | row_header=False | metadata=False
Cell B65 | value='20.2' | fill=00000000 | rows=[64] | cols=[1] | col_header=False | row_header=False | metadata=False
Cell C65 | value='20.7' | fill=00000000 | rows=[64] | cols=[2] | col_header=False | row_header=False | metadata=False
Cell D65 | value='20.8' | fill=00000000 | rows=[64] | cols=[3] | col_header=False | row_header=False | metadata=False
Cell E65 | value='20.6' | fill=00000000 | rows=[64] | cols=[4] | col_header=False | row_header=False | metadata=False
Cell F65 | value='19.6' | fill=00000000 | rows=[64] | cols=[5] | col_header=False | row_header=False | metadata=False
Cell G65 | value='20.9' | fill=00000000 | rows=[64] | cols=[6] | col_header=False | row_header=False | metadata=False
Cell A66 | value='Professional and related occupations' | fill=00000000 | rows=[65] | cols=[0] | col_header=False | row_header=False | metadata=False
Cell B66 | value='37.7' | fill=00000000 | rows=[65] | cols=[1] | col_header=False | row_header=False | metadata=False
Cell C66 | value='38.4' | fill=00000000 | rows=[65] | cols=[2] | col_header=False | row_header=False | metadata=False
Cell D66 | value='38.2' | fill=00000000 | rows=[65] | cols=[3] | col_header=False | row_header=False | metadata=False
Cell E66 | value='39.5' | fill=00000000 | rows=[65] | cols=[4] | col_header=False | row_header=False | metadata=False
Cell F66 | value='37.3' | fill=00000000 | rows=[65] | cols=[5] | col_header=False | row_header=False | metadata=False
Cell G66 | value='37.2' | fill=00000000 | rows=[65] | cols=[6] | col_header=False | row_header=False | metadata=False
Cell A67 | value='Service occupations' | fill=00000000 | rows=[66] | cols=[0] | col_header=False | row_header=False | metadata=False
Cell B67 | value='14.6' | fill=00000000 | rows=[66] | cols=[1] | col_header=False | row_header=False | metadata=False
Cell C67 | value='14.8' | fill=00000000 | rows=[66] | cols=[2] | col_header=False | row_header=False | metadata=False
Cell D67 | value='10.9' | fill=00000000 | rows=[66] | cols=[3] | col_header=False | row_header=False | metadata=False
Cell E67 | value='11' | fill=00000000 | rows=[66] | cols=[4] | col_header=False | row_header=False | metadata=False
Cell F67 | value='18.8' | fill=00000000 | rows=[66] | cols=[5] | col_header=False | row_header=False | metadata=False
Cell G67 | value='19' | fill=00000000 | rows=[66] | cols=[6] | col_header=False | row_header=False | metadata=False
Cell A68 | value='Sales and office occupations' | fill=00000000 | rows=[67] | cols=[0] | col_header=False | row_header=False | metadata=False
Cell B68 | value='15.4' | fill=00000000 | rows=[67] | cols=[1] | col_header=False | row_header=False | metadata=False
Cell C68 | value='15' | fill=00000000 | rows=[67] | cols=[2] | col_header=False | row_header=False | metadata=False
Cell D68 | value='13.7' | fill=00000000 | rows=[67] | cols=[3] | col_header=False | row_header=False | metadata=False
Cell E68 | value='13.3' | fill=00000000 | rows=[67] | cols=[4] | col_header=False | row_header=False | metadata=False
Cell F68 | value='17.4' | fill=00000000 | rows=[67] | cols=[5] | col_header=False | row_header=False | metadata=False
Cell G68 | value='16.9' | fill=00000000 | rows=[67] | cols=[6] | col_header=False | row_header=False | metadata=False
Cell A69 | value='Sales and related occupations' | fill=00000000 | rows=[68] | cols=[0] | col_header=False | row_header=False | metadata=False
Cell B69 | value='7.7' | fill=00000000 | rows=[68] | cols=[1] | col_header=False | row_header=False | metadata=False
Cell C69 | value='7.8' | fill=00000000 | rows=[68] | cols=[2] | col_header=False | row_header=False | metadata=False
Cell D69 | value='7.7' | fill=00000000 | rows=[68] | cols=[3] | col_header=False | row_header=False | metadata=False
Cell E69 | value='8' | fill=00000000 | rows=[68] | cols=[4] | col_header=False | row_header=False | metadata=False
Cell F69 | value='7.7' | fill=00000000 | rows=[68] | cols=[5] | col_header=False | row_header=False | metadata=False
Cell G69 | value='7.7' | fill=00000000 | rows=[68] | cols=[6] | col_header=False | row_header=False | metadata=False
Cell A70 | value='Office and administrative support occupations' | fill=00000000 | rows=[69] | cols=[0] | col_header=False | row_header=False | metadata=False
Cell B70 | value='7.7' | fill=00000000 | rows=[69] | cols=[1] | col_header=False | row_header=False | metadata=False
Cell C70 | value='7.2' | fill=00000000 | rows=[69] | cols=[2] | col_header=False | row_header=False | metadata=False
Cell D70 | value='6' | fill=00000000 | rows=[69] | cols=[3] | col_header=False | row_header=False | metadata=False
Cell E70 | value='5.3' | fill=00000000 | rows=[69] | cols=[4] | col_header=False | row_header=False | metadata=False
Cell F70 | value='9.7' | fill=00000000 | rows=[69] | cols=[5] | col_header=False | row_header=False | metadata=False
Cell G70 | value='9.2' | fill=00000000 | rows=[69] | cols=[6] | col_header=False | row_header=False | metadata=False
Cell A71 | value='Natural resources, construction, and maintenance occupations' | fill=00000000 | rows=[70] | cols=[0] | col_header=False | row_header=False | metadata=False
Cell B71 | value='2.6' | fill=00000000 | rows=[70] | cols=[1] | col_header=False | row_header=False | metadata=False
Cell C71 | value='2.3' | fill=00000000 | rows=[70] | cols=[2] | col_header=False | row_header=False | metadata=False
Cell D71 | value='4.4' | fill=00000000 | rows=[70] | cols=[3] | col_header=False | row_header=False | metadata=False
Cell E71 | value='4.2' | fill=00000000 | rows=[70] | cols=[4] | col_header=False | row_header=False | metadata=False
Cell F71 | value='0.5' | fill=00000000 | rows=[70] | cols=[5] | col_header=False | row_header=False | metadata=False
Cell G71 | value='0.3' | fill=00000000 | rows=[70] | cols=[6] | col_header=False | row_header=False | metadata=False
Cell A72 | value='Farming, fishing, and forestry occupations' | fill=00000000 | rows=[71] | cols=[0] | col_header=False | row_header=False | metadata=False
Cell B72 | value='0.2' | fill=00000000 | rows=[71] | cols=[1] | col_header=False | row_header=False | metadata=False
Cell C72 | value='0.1' | fill=00000000 | rows=[71] | cols=[2] | col_header=False | row_header=False | metadata=False
Cell D72 | value='0.2' | fill=00000000 | rows=[71] | cols=[3] | col_header=False | row_header=False | metadata=False
Cell E72 | value='0.1' | fill=00000000 | rows=[71] | cols=[4] | col_header=False | row_header=False | metadata=False
Cell F72 | value='0.1' | fill=00000000 | rows=[71] | cols=[5] | col_header=False | row_header=False | metadata=False
Cell G72 | value='0' | fill=00000000 | rows=[71] | cols=[6] | col_header=False | row_header=False | metadata=False
Cell A73 | value='Construction and extraction occupations' | fill=00000000 | rows=[72] | cols=[0] | col_header=False | row_header=False | metadata=False
Cell B73 | value='1.3' | fill=00000000 | rows=[72] | cols=[1] | col_header=False | row_header=False | metadata=False
Cell C73 | value='1' | fill=00000000 | rows=[72] | cols=[2] | col_header=False | row_header=False | metadata=False
Cell D73 | value='2.2' | fill=00000000 | rows=[72] | cols=[3] | col_header=False | row_header=False | metadata=False
Cell E73 | value='1.8' | fill=00000000 | rows=[72] | cols=[4] | col_header=False | row_header=False | metadata=False
Cell F73 | value='0.2' | fill=00000000 | rows=[72] | cols=[5] | col_header=False | row_header=False | metadata=False
Cell G73 | value='0' | fill=00000000 | rows=[72] | cols=[6] | col_header=False | row_header=False | metadata=False
Cell A74 | value='Installation, maintenance, and repair occupations' | fill=00000000 | rows=[73] | cols=[0] | col_header=False | row_header=False | metadata=False
Cell B74 | value='1.1' | fill=00000000 | rows=[73] | cols=[1] | col_header=False | row_header=False | metadata=False
Cell C74 | value='1.3' | fill=00000000 | rows=[73] | cols=[2] | col_header=False | row_header=False | metadata=False
Cell D74 | value='1.9' | fill=00000000 | rows=[73] | cols=[3] | col_header=False | row_header=False | metadata=False
Cell E74 | value='2.2' | fill=00000000 | rows=[73] | cols=[4] | col_header=False | row_header=False | metadata=False
Cell F74 | value='0.2' | fill=00000000 | rows=[73] | cols=[5] | col_header=False | row_header=False | metadata=False
Cell G74 | value='0.2' | fill=00000000 | rows=[73] | cols=[6] | col_header=False | row_header=False | metadata=False
Cell A75 | value='Production, transportation, and material moving occupations' | fill=00000000 | rows=[74] | cols=[0] | col_header=False | row_header=False | metadata=False
Cell B75 | value='9.4' | fill=00000000 | rows=[74] | cols=[1] | col_header=False | row_header=False | metadata=False
Cell C75 | value='8.7' | fill=00000000 | rows=[74] | cols=[2] | col_header=False | row_header=False | metadata=False
Cell D75 | value='12.1' | fill=00000000 | rows=[74] | cols=[3] | col_header=False | row_header=False | metadata=False
Cell E75 | value='11.4' | fill=00000000 | rows=[74] | cols=[4] | col_header=False | row_header=False | metadata=False
Cell F75 | value='6.5' | fill=00000000 | rows=[74] | cols=[5] | col_header=False | row_header=False | metadata=False
Cell G75 | value='5.6' | fill=00000000 | rows=[74] | cols=[6] | col_header=False | row_header=False | metadata=False
Cell A76 | value='Production occupations' | fill=00000000 | rows=[75] | cols=[0] | col_header=False | row_header=False | metadata=False
Cell B76 | value='4.6' | fill=00000000 | rows=[75] | cols=[1] | col_header=False | row_header=False | metadata=False
Cell C76 | value='4' | fill=00000000 | rows=[75] | cols=[2] | col_header=False | row_header=False | metadata=False
Cell D76 | value='4.9' | fill=00000000 | rows=[75] | cols=[3] | col_header=False | row_header=False | metadata=False
Cell E76 | value='4.5' | fill=00000000 | rows=[75] | cols=[4] | col_header=False | row_header=False | metadata=False
Cell F76 | value='4.2' | fill=00000000 | rows=[75] | cols=[5] | col_header=False | row_header=False | metadata=False
Cell G76 | value='3.5' | fill=00000000 | rows=[75] | cols=[6] | col_header=False | row_header=False | metadata=False
Cell A77 | value='Transportation and material moving occupations' | fill=00000000 | rows=[76] | cols=[0] | col_header=False | row_header=False | metadata=False
Cell B77 | value='4.9' | fill=00000000 | rows=[76] | cols=[1] | col_header=False | row_header=False | metadata=False
Cell C77 | value='4.6' | fill=00000000 | rows=[76] | cols=[2] | col_header=False | row_header=False | metadata=False
Cell D77 | value='7.2' | fill=00000000 | rows=[76] | cols=[3] | col_header=False | row_header=False | metadata=False
Cell E77 | value='7' | fill=00000000 | rows=[76] | cols=[4] | col_header=False | row_header=False | metadata=False
Cell F77 | value='2.3' | fill=00000000 | rows=[76] | cols=[5] | col_header=False | row_header=False | metadata=False
Cell G77 | value='2' | fill=00000000 | rows=[76] | cols=[6] | col_header=False | row_header=False | metadata=False
Cell A79 | value='Hispanic or Latino ethnicity' | fill=00000000 | rows=[78] | cols=[0] | col_header=False | row_header=False | metadata=False
Cell A80 | value='Total, 16 years and over (in thousands)' | fill=FF00B050 | rows=[79] | cols=[0] | col_header=False | row_header=True | metadata=False
Cell B80 | value='29299' | fill=00000000 | rows=[79] | cols=[1] | col_header=False | row_header=False | metadata=False
Cell C80 | value='30343' | fill=00000000 | rows=[79] | cols=[2] | col_header=False | row_header=False | metadata=False
Cell D80 | value='16654' | fill=00000000 | rows=[79] | cols=[3] | col_header=False | row_header=False | metadata=False
Cell E80 | value='17071' | fill=00000000 | rows=[79] | cols=[4] | col_header=False | row_header=False | metadata=False
Cell F80 | value='12646' | fill=00000000 | rows=[79] | cols=[5] | col_header=False | row_header=False | metadata=False
Cell G80 | value='13271' | fill=00000000 | rows=[79] | cols=[6] | col_header=False | row_header=False | metadata=False
Cell A81 | value='Percent of total employed' | fill=FF00B050 | rows=[80] | cols=[0] | col_header=False | row_header=True | metadata=False
Cell B81 | value='100' | fill=00000000 | rows=[80] | cols=[1] | col_header=False | row_header=False | metadata=False
Cell C81 | value='100' | fill=00000000 | rows=[80] | cols=[2] | col_header=False | row_header=False | metadata=False
Cell D81 | value='100' | fill=00000000 | rows=[80] | cols=[3] | col_header=False | row_header=False | metadata=False
Cell E81 | value='100' | fill=00000000 | rows=[80] | cols=[4] | col_header=False | row_header=False | metadata=False
Cell F81 | value='100' | fill=00000000 | rows=[80] | cols=[5] | col_header=False | row_header=False | metadata=False
Cell G81 | value='100' | fill=00000000 | rows=[80] | cols=[6] | col_header=False | row_header=False | metadata=False
Cell A82 | value='Management, professional, and related occupations' | fill=00000000 | rows=[81] | cols=[0] | col_header=False | row_header=False | metadata=False
Cell B82 | value='25.3' | fill=00000000 | rows=[81] | cols=[1] | col_header=False | row_header=False | metadata=False
Cell C82 | value='26' | fill=00000000 | rows=[81] | cols=[2] | col_header=False | row_header=False | metadata=False
Cell D82 | value='21.5' | fill=00000000 | rows=[81] | cols=[3] | col_header=False | row_header=False | metadata=False
Cell E82 | value='21.9' | fill=00000000 | rows=[81] | cols=[4] | col_header=False | row_header=False | metadata=False
Cell F82 | value='30.3' | fill=00000000 | rows=[81] | cols=[5] | col_header=False | row_header=False | metadata=False
Cell G82 | value='31.3' | fill=00000000 | rows=[81] | cols=[6] | col_header=False | row_header=False | metadata=False
Cell A83 | value='Management, business, and financial operations occupations' | fill=00000000 | rows=[82] | cols=[0] | col_header=False | row_header=False | metadata=False
Cell B83 | value='11.3' | fill=00000000 | rows=[82] | cols=[1] | col_header=False | row_header=False | metadata=False
Cell C83 | value='11.9' | fill=00000000 | rows=[82] | cols=[2] | col_header=False | row_header=False | metadata=False
Cell D83 | value='11.1' | fill=00000000 | rows=[82] | cols=[3] | col_header=False | row_header=False | metadata=False
Cell E83 | value='11.6' | fill=00000000 | rows=[82] | cols=[4] | col_header=False | row_header=False | metadata=False
Cell F83 | value='11.6' | fill=00000000 | rows=[82] | cols=[5] | col_header=False | row_header=False | metadata=False
Cell G83 | value='12.2' | fill=00000000 | rows=[82] | cols=[6] | col_header=False | row_header=False | metadata=False
Cell A84 | value='Professional and related occupations' | fill=00000000 | rows=[83] | cols=[0] | col_header=False | row_header=False | metadata=False
Cell B84 | value='14' | fill=00000000 | rows=[83] | cols=[1] | col_header=False | row_header=False | metadata=False
Cell C84 | value='14.1' | fill=00000000 | rows=[83] | cols=[2] | col_header=False | row_header=False | metadata=False
Cell D84 | value='10.4' | fill=00000000 | rows=[83] | cols=[3] | col_header=False | row_header=False | metadata=False
Cell E84 | value='10.2' | fill=00000000 | rows=[83] | cols=[4] | col_header=False | row_header=False | metadata=False
Cell F84 | value='18.7' | fill=00000000 | rows=[83] | cols=[5] | col_header=False | row_header=False | metadata=False
Cell G84 | value='19.1' | fill=00000000 | rows=[83] | cols=[6] | col_header=False | row_header=False | metadata=False
Cell A85 | value='Service occupations' | fill=00000000 | rows=[84] | cols=[0] | col_header=False | row_header=False | metadata=False
Cell B85 | value='22.9' | fill=00000000 | rows=[84] | cols=[1] | col_header=False | row_header=False | metadata=False
Cell C85 | value='23.6' | fill=00000000 | rows=[84] | cols=[2] | col_header=False | row_header=False | metadata=False
Cell D85 | value='17.9' | fill=00000000 | rows=[84] | cols=[3] | col_header=False | row_header=False | metadata=False
Cell E85 | value='18.4' | fill=00000000 | rows=[84] | cols=[4] | col_header=False | row_header=False | metadata=False
Cell F85 | value='29.4' | fill=00000000 | rows=[84] | cols=[5] | col_header=False | row_header=False | metadata=False
Cell G85 | value='30.2' | fill=00000000 | rows=[84] | cols=[6] | col_header=False | row_header=False | metadata=False
Cell A86 | value='Sales and office occupations' | fill=00000000 | rows=[85] | cols=[0] | col_header=False | row_header=False | metadata=False
Cell B86 | value='18.5' | fill=00000000 | rows=[85] | cols=[1] | col_header=False | row_header=False | metadata=False
Cell C86 | value='17.6' | fill=00000000 | rows=[85] | cols=[2] | col_header=False | row_header=False | metadata=False
Cell D86 | value='12' | fill=00000000 | rows=[85] | cols=[3] | col_header=False | row_header=False | metadata=False
Cell E86 | value='11.7' | fill=00000000 | rows=[85] | cols=[4] | col_header=False | row_header=False | metadata=False
Cell F86 | value='27.1' | fill=00000000 | rows=[85] | cols=[5] | col_header=False | row_header=False | metadata=False
Cell G86 | value='25.2' | fill=00000000 | rows=[85] | cols=[6] | col_header=False | row_header=False | metadata=False
Cell A87 | value='Sales and related occupations' | fill=00000000 | rows=[86] | cols=[0] | col_header=False | row_header=False | metadata=False
Cell B87 | value='8.5' | fill=00000000 | rows=[86] | cols=[1] | col_header=False | row_header=False | metadata=False
Cell C87 | value='7.8' | fill=00000000 | rows=[86] | cols=[2] | col_header=False | row_header=False | metadata=False
Cell D87 | value='6.7' | fill=00000000 | rows=[86] | cols=[3] | col_header=False | row_header=False | metadata=False
Cell E87 | value='6.3' | fill=00000000 | rows=[86] | cols=[4] | col_header=False | row_header=False | metadata=False
Cell F87 | value='10.8' | fill=00000000 | rows=[86] | cols=[5] | col_header=False | row_header=False | metadata=False
Cell G87 | value='9.8' | fill=00000000 | rows=[86] | cols=[6] | col_header=False | row_header=False | metadata=False
Cell A88 | value='Office and administrative support occupations' | fill=00000000 | rows=[87] | cols=[0] | col_header=False | row_header=False | metadata=False
Cell B88 | value='10' | fill=00000000 | rows=[87] | cols=[1] | col_header=False | row_header=False | metadata=False
Cell C88 | value='9.8' | fill=00000000 | rows=[87] | cols=[2] | col_header=False | row_header=False | metadata=False
Cell D88 | value='5.3' | fill=00000000 | rows=[87] | cols=[3] | col_header=False | row_header=False | metadata=False
Cell E88 | value='5.3' | fill=00000000 | rows=[87] | cols=[4] | col_header=False | row_header=False | metadata=False
Cell F88 | value='16.2' | fill=00000000 | rows=[87] | cols=[5] | col_header=False | row_header=False | metadata=False
Cell G88 | value='15.4' | fill=00000000 | rows=[87] | cols=[6] | col_header=False | row_header=False | metadata=False
Cell A89 | value='Natural resources, construction, and maintenance occupations' | fill=00000000 | rows=[88] | cols=[0] | col_header=False | row_header=False | metadata=False
Cell B89 | value='16.7' | fill=00000000 | rows=[88] | cols=[1] | col_header=False | row_header=False | metadata=False
Cell C89 | value='16.3' | fill=00000000 | rows=[88] | cols=[2] | col_header=False | row_header=False | metadata=False
Cell D89 | value='27.4' | fill=00000000 | rows=[88] | cols=[3] | col_header=False | row_header=False | metadata=False
Cell E89 | value='27.1' | fill=00000000 | rows=[88] | cols=[4] | col_header=False | row_header=False | metadata=False
Cell F89 | value='2.5' | fill=00000000 | rows=[88] | cols=[5] | col_header=False | row_header=False | metadata=False
Cell G89 | value='2.4' | fill=00000000 | rows=[88] | cols=[6] | col_header=False | row_header=False | metadata=False
Cell A90 | value='Farming, fishing, and forestry occupations' | fill=00000000 | rows=[89] | cols=[0] | col_header=False | row_header=False | metadata=False
Cell B90 | value='1.5' | fill=00000000 | rows=[89] | cols=[1] | col_header=False | row_header=False | metadata=False
Cell C90 | value='1.5' | fill=00000000 | rows=[89] | cols=[2] | col_header=False | row_header=False | metadata=False
Cell D90 | value='1.9' | fill=00000000 | rows=[89] | cols=[3] | col_header=False | row_header=False | metadata=False
Cell E90 | value='1.8' | fill=00000000 | rows=[89] | cols=[4] | col_header=False | row_header=False | metadata=False
Cell F90 | value='1' | fill=00000000 | rows=[89] | cols=[5] | col_header=False | row_header=False | metadata=False
Cell G90 | value='1' | fill=00000000 | rows=[89] | cols=[6] | col_header=False | row_header=False | metadata=False
Cell A91 | value='Construction and extraction occupations' | fill=00000000 | rows=[90] | cols=[0] | col_header=False | row_header=False | metadata=False
Cell B91 | value='11.6' | fill=00000000 | rows=[90] | cols=[1] | col_header=False | row_header=False | metadata=False
Cell C91 | value='11.4' | fill=00000000 | rows=[90] | cols=[2] | col_header=False | row_header=False | metadata=False
Cell D91 | value='19.5' | fill=00000000 | rows=[90] | cols=[3] | col_header=False | row_header=False | metadata=False
Cell E91 | value='19.4' | fill=00000000 | rows=[90] | cols=[4] | col_header=False | row_header=False | metadata=False
Cell F91 | value='1.1' | fill=00000000 | rows=[90] | cols=[5] | col_header=False | row_header=False | metadata=False
Cell G91 | value='1.1' | fill=00000000 | rows=[90] | cols=[6] | col_header=False | row_header=False | metadata=False
Cell A92 | value='Installation, maintenance, and repair occupations' | fill=00000000 | rows=[91] | cols=[0] | col_header=False | row_header=False | metadata=False
Cell B92 | value='3.6' | fill=00000000 | rows=[91] | cols=[1] | col_header=False | row_header=False | metadata=False
Cell C92 | value='3.5' | fill=00000000 | rows=[91] | cols=[2] | col_header=False | row_header=False | metadata=False
Cell D92 | value='6' | fill=00000000 | rows=[91] | cols=[3] | col_header=False | row_header=False | metadata=False
Cell E92 | value='5.9' | fill=00000000 | rows=[91] | cols=[4] | col_header=False | row_header=False | metadata=False
Cell F92 | value='0.3' | fill=00000000 | rows=[91] | cols=[5] | col_header=False | row_header=False | metadata=False
Cell G92 | value='0.3' | fill=00000000 | rows=[91] | cols=[6] | col_header=False | row_header=False | metadata=False
Cell A93 | value='Production, transportation, and material moving occupations' | fill=00000000 | rows=[92] | cols=[0] | col_header=False | row_header=False | metadata=False
Cell B93 | value='16.6' | fill=00000000 | rows=[92] | cols=[1] | col_header=False | row_header=False | metadata=False
Cell C93 | value='16.6' | fill=00000000 | rows=[92] | cols=[2] | col_header=False | row_header=False | metadata=False
Cell D93 | value='21.1' | fill=00000000 | rows=[92] | cols=[3] | col_header=False | row_header=False | metadata=False
Cell E93 | value='21' | fill=00000000 | rows=[92] | cols=[4] | col_header=False | row_header=False | metadata=False
Cell F93 | value='10.7' | fill=00000000 | rows=[92] | cols=[5] | col_header=False | row_header=False | metadata=False
Cell G93 | value='10.9' | fill=00000000 | rows=[92] | cols=[6] | col_header=False | row_header=False | metadata=False
Cell A94 | value='Production occupations' | fill=00000000 | rows=[93] | cols=[0] | col_header=False | row_header=False | metadata=False
Cell B94 | value='6.9' | fill=00000000 | rows=[93] | cols=[1] | col_header=False | row_header=False | metadata=False
Cell C94 | value='7' | fill=00000000 | rows=[93] | cols=[2] | col_header=False | row_header=False | metadata=False
Cell D94 | value='7.9' | fill=00000000 | rows=[93] | cols=[3] | col_header=False | row_header=False | metadata=False
Cell E94 | value='7.9' | fill=00000000 | rows=[93] | cols=[4] | col_header=False | row_header=False | metadata=False
Cell F94 | value='5.5' | fill=00000000 | rows=[93] | cols=[5] | col_header=False | row_header=False | metadata=False
Cell G94 | value='5.8' | fill=00000000 | rows=[93] | cols=[6] | col_header=False | row_header=False | metadata=False
Cell A95 | value='Transportation and material moving occupations' | fill=00000000 | rows=[94] | cols=[0] | col_header=False | row_header=False | metadata=False
Cell B95 | value='9.8' | fill=00000000 | rows=[94] | cols=[1] | col_header=False | row_header=False | metadata=False
Cell C95 | value='9.6' | fill=00000000 | rows=[94] | cols=[2] | col_header=False | row_header=False | metadata=False
Cell D95 | value='13.3' | fill=00000000 | rows=[94] | cols=[3] | col_header=False | row_header=False | metadata=False
Cell E95 | value='13' | fill=00000000 | rows=[94] | cols=[4] | col_header=False | row_header=False | metadata=False
Cell F95 | value='5.2' | fill=00000000 | rows=[94] | cols=[5] | col_header=False | row_header=False | metadata=False
Cell G95 | value='5.1' | fill=00000000 | rows=[94] | cols=[6] | col_header=False | row_header=False | metadata=False
Cell A97 | value='NOTE: Estimates for the above race groups (White, Black or African American, and Asian) do not sum to totals because data are not presented for all races. Persons whose ethnicity is identified as Hispanic or Latino may be of any race.  Updated population controls are introduced annually with the release of January data.' | fill=FF00B0F0 | rows=[96] | cols=[0, 1, 2, 3, 4, 5, 6] | col_header=False | row_header=False | metadata=True

