=== employment-table14.xlsx ===
Cell A1 | value='Category' | fill=FFFFFF00 | rows=[0, 1, 2] | cols=[0] | col_header=True | row_header=True | metadata=False
Cell B1 | value='Hispanic or Latino ethnicity' | fill=FFFFFF00 | rows=[0] | cols=[1, 2, 3, 4, 5, 6, 7, 8] | col_header=True | row_header=False | metadata=False
Cell B2 | value='Total(1)' | fill=00000000 | rows=[1] | cols=[1, 2] | col_header=False | row_header=False | metadata=False
Cell D2 | value='Mexican' | fill=00000000 | rows=[1] | cols=[3, 4] | col_header=False | row_header=False | metadata=False
Cell F2 | value='Puerto Rican' | fill=00000000 | rows=[1] | cols=[5, 6] | col_header=False | row_header=False | metadata=False
Cell H2 | value='Cuban' | fill=00000000 | rows=[1] | cols=[7, 8] | col_header=False | row_header=False | metadata=False
Cell B3 | value='2022' | fill=00000000 | rows=[2] | cols=[1] | col_header=False | row_header=False | metadata=False
Cell C3 | value='2023' | fill=00000000 | rows=[2] | cols=[2] | col_header=False | row_header=False | metadata=False
Cell D3 | value='2022' | fill=00000000 | rows=[2] | cols=[3] | col_header=False | row_header=False | metadata=False
Cell E3 | value='2023' | fill=00000000 | rows=[2] | cols=[4] | col_header=False | row_header=False | metadata=False
Cell F3 | value='2022' | fill=00000000 | rows=[2] | cols=[5] | col_header=False | row_header=False | metadata=False
Cell G3 | value='2023' | fill=00000000 | rows=[2] | cols=[6] | col_header=False | row_header=False | metadata=False
Cell H3 | value='2022' | fill=00000000 | rows=[2] | cols=[7] | col_header=False | row_header=False | metadata=False
Cell I3 | value='2023' | fill=00000000 | rows=[2] | cols=[8] | col_header=False | row_header=False | metadata=False
Cell A5 | value='Total, 16 years and over' | fill=00000000 | rows=[4] | cols=[0] | col_header=False | row_header=False | metadata=False
Cell B5 | value='29299' | fill=00000000 | rows=[4] | cols=[1] | col_header=False | row_header=False | metadata=False
Cell C5 | value='30343' | fill=00000000 | rows=[4] | cols=[2] | col_header=False | row_header=False | metadata=False
Cell D5 | value='17626' | fill=00000000 | rows=[4] | cols=[3] | col_header=False | row_header=False | metadata=False
Cell E5 | value='18014' | fill=00000000 | rows=[4] | cols=[4] | col_header=False | row_header=False | metadata=False
Cell F5 | value='2310' | fill=00000000 | rows=[4] | cols=[5] | col_header=False | row_header=False | metadata=False
Cell G5 | value='2421' | fill=00000000 | rows=[4] | cols=[6] | col_header=False | row_header=False | metadata=False
Cell H5 | value='1352' | fill=00000000 | rows=[4] | cols=[7] | col_header=False | row_header=False | metadata=False
Cell I5 | value='1379' | fill=00000000 | rows=[4] | cols=[8] | col_header=False | row_header=False | metadata=False
Cell A6 | value='Men' | fill=00000000 | rows=[5] | cols=[0] | col_header=False | row_header=False | metadata=False
Cell B6 | value='16654' | fill=00000000 | rows=[5] | cols=[1] | col_header=False | row_header=False | metadata=False
Cell C6 | value='17071' | fill=00000000 | rows=[5] | cols=[2] | col_header=False | row_header=False | metadata=False
Cell D6 | value='10265' | fill=00000000 | rows=[5] | cols=[3] | col_header=False | row_header=False | metadata=False
Cell E6 | value='10323' | fill=00000000 | rows=[5] | cols=[4] | col_header=False | row_header=False | metadata=False
Cell F6 | value='1196' | fill=00000000 | rows=[5] | cols=[5] | col_header=False | row_header=False | metadata=False
Cell G6 | value='1258' | fill=00000000 | rows=[5] | cols=[6] | col_header=False | row_header=False | metadata=False
Cell H6 | value='761' | fill=00000000 | rows=[5] | cols=[7] | col_header=False | row_header=False | metadata=False
Cell I6 | value='780' | fill=00000000 | rows=[5] | cols=[8] | col_header=False | row_header=False | metadata=False
Cell A7 | value='Women' | fill=00000000 | rows=[6] | cols=[0] | col_header=False | row_header=False | metadata=False
Cell B7 | value='12646' | fill=00000000 | rows=[6] | cols=[1] | col_header=False | row_header=False | metadata=False
Cell C7 | value='13271' | fill=00000000 | rows=[6] | cols=[2] | col_header=False | row_header=False | metadata=False
Cell D7 | value='7361' | fill=00000000 | rows=[6] | cols=[3] | col_header=False | row_header=False | metadata=False
Cell E7 | value='7692' | fill=00000000 | rows=[6] | cols=[4] | col_header=False | row_header=False | metadata=False
Cell F7 | value='1114' | fill=00000000 | rows=[6] | cols=[5] | col_header=False | row_header=False | metadata=False
Cell G7 | value='1163' | fill=00000000 | rows=[6] | cols=[6] | col_header=False | row_header=False | metadata=False
Cell H7 | value='591' | fill=00000000 | rows=[6] | cols=[7] | col_header=False | row_header=False | metadata=False
Cell I7 | value='599' | fill=00000000 | rows=[6] | cols=[8] | col_header=False | row_header=False | metadata=False
Cell A9 | value='OCCUPATION' | fill=00000000 | rows=[8] | cols=[0] | col_header=False | row_header=False | metadata=False
Cell A10 | value='Management, professional, and related occupations' | fill=00000000 | rows=[9] | cols=[0] | col_header=False | row_header=False | metadata=False
Cell B10 | value='7414' | fill=00000000 | rows=[9] | cols=[1] | col_header=False | row_header=False | metadata=False
Cell C10 | value='7884' | fill=00000000 | rows=[9] | cols=[2] | col_header=False | row_header=False | metadata=False
Cell D10 | value='4027' | fill=00000000 | rows=[9] | cols=[3] | col_header=False | row_header=False | metadata=False
Cell E10 | value='4245' | fill=00000000 | rows=[9] | cols=[4] | col_header=False | row_header=False | metadata=False
Cell F10 | value='773' | fill=00000000 | rows=[9] | cols=[5] | col_header=False | row_header=False | metadata=False
Cell G10 | value='874' | fill=00000000 | rows=[9] | cols=[6] | col_header=False | row_header=False | metadata=False
Cell H10 | value='454' | fill=00000000 | rows=[9] | cols=[7] | col_header=False | row_header=False | metadata=False
Cell I10 | value='499' | fill=00000000 | rows=[9] | cols=[8] | col_header=False | row_header=False | metadata=False
Cell A11 | value='Management, business, and financial operations occupations' | fill=00000000 | rows=[10] | cols=[0] | col_header=False | row_header=False | metadata=False
Cell B11 | value='3321' | fill=00000000 | rows=[10] | cols=[1] | col_header=False | row_header=False | metadata=False
Cell C11 | value='3606' | fill=00000000 | rows=[10] | cols=[2] | col_header=False | row_header=False | metadata=False
Cell D11 | value='1803' | fill=00000000 | rows=[10] | cols=[3] | col_header=False | row_header=False | metadata=False
Cell E11 | value='1984' | fill=00000000 | rows=[10] | cols=[4] | col_header=False | row_header=False | metadata=False
Cell F11 | value='360' | fill=00000000 | rows=[10] | cols=[5] | col_header=False | row_header=False | metadata=False
Cell G11 | value='383' | fill=00000000 | rows=[10] | cols=[6] | col_header=False | row_header=False | metadata=False
Cell H11 | value='177' | fill=00000000 | rows=[10] | cols=[7] | col_header=False | row_header=False | metadata=False
Cell I11 | value='205' | fill=00000000 | rows=[10] | cols=[8] | col_header=False | row_header=False | metadata=False
Cell A12 | value='Management occupations' | fill=00000000 | rows=[11] | cols=[0] | col_header=False | row_header=False | metadata=False
Cell B12 | value='2316' | fill=00000000 | rows=[11] | cols=[1] | col_header=False | row_header=False | metadata=False
Cell C12 | value='2528' | fill=00000000 | rows=[11] | cols=[2] | col_header=False | row_header=False | metadata=False
Cell D12 | value='1246' | fill=00000000 | rows=[11] | cols=[3] | col_header=False | row_header=False | metadata=False
Cell E12 | value='1394' | fill=00000000 | rows=[11] | cols=[4] | col_header=False | row_header=False | metadata=False
Cell F12 | value='261' | fill=00000000 | rows=[11] | cols=[5] | col_header=False | row_header=False | metadata=False
Cell G12 | value='273' | fill=00000000 | rows=[11] | cols=[6] | col_header=False | row_header=False | metadata=False
Cell H12 | value='130' | fill=00000000 | rows=[11] | cols=[7] | col_header=False | row_header=False | metadata=False
Cell I12 | value='133' | fill=00000000 | rows=[11] | cols=[8] | col_header=False | row_header=False | metadata=False
Cell A13 | value='Business and financial operations occupations' | fill=00000000 | rows=[12] | cols=[0] | col_header=False | row_header=False | metadata=False
Cell B13 | value='1005' | fill=00000000 | rows=[12] | cols=[1] | col_header=False | row_header=False | metadata=False
Cell C13 | value='1078' | fill=00000000 | rows=[12] | cols=[2] | col_header=False | row_header=False | metadata=False
Cell D13 | value='557' | fill=00000000 | rows=[12] | cols=[3] | col_header=False | row_header=False | metadata=False
Cell E13 | value='590' | fill=00000000 | rows=[12] | cols=[4] | col_header=False | row_header=False | metadata=False
Cell F13 | value='99' | fill=00000000 | rows=[12] | cols=[5] | col_header=False | row_header=False | metadata=False
Cell G13 | value='110' | fill=00000000 | rows=[12] | cols=[6] | col_header=False | row_header=False | metadata=False
Cell H13 | value='46' | fill=00000000 | rows=[12] | cols=[7] | col_header=False | row_header=False | metadata=False
Cell I13 | value='72' | fill=00000000 | rows=[12] | cols=[8] | col_header=False | row_header=False | metadata=False
Cell A14 | value='Professional and related occupations' | fill=00000000 | rows=[13] | cols=[0] | col_header=False | row_header=False | metadata=False
Cell B14 | value='4093' | fill=00000000 | rows=[13] | cols=[1] | col_header=False | row_header=False | metadata=False
Cell C14 | value='4279' | fill=00000000 | rows=[13] | cols=[2] | col_header=False | row_header=False | metadata=False
Cell D14 | value='2224' | fill=00000000 | rows=[13] | cols=[3] | col_header=False | row_header=False | metadata=False
Cell E14 | value='2261' | fill=00000000 | rows=[13] | cols=[4] | col_header=False | row_header=False | metadata=False
Cell F14 | value='413' | fill=00000000 | rows=[13] | cols=[5] | col_header=False | row_header=False | metadata=False
Cell G14 | value='491' | fill=00000000 | rows=[13] | cols=[6] | col_header=False | row_header=False | metadata=False
Cell H14 | value='277' | fill=00000000 | rows=[13] | cols=[7] | col_header=False | row_header=False | metadata=False
Cell I14 | value='294' | fill=00000000 | rows=[13] | cols=[8] | col_header=False | row_header=False | metadata=False
Cell A15 | value='Computer and mathematical occupations' | fill=00000000 | rows=[14] | cols=[0] | col_header=False | row_header=False | metadata=False
Cell B15 | value='532' | fill=00000000 | rows=[14] | cols=[1] | col_header=False | row_header=False | metadata=False
Cell C15 | value='572' | fill=00000000 | rows=[14] | cols=[2] | col_header=False | row_header=False | metadata=False
Cell D15 | value='255' | fill=00000000 | rows=[14] | cols=[3] | col_header=False | row_header=False | metadata=False
Cell E15 | value='268' | fill=00000000 | rows=[14] | cols=[4] | col_header=False | row_header=False | metadata=False
Cell F15 | value='55' | fill=00000000 | rows=[14] | cols=[5] | col_header=False | row_header=False | metadata=False
Cell G15 | value='69' | fill=00000000 | rows=[14] | cols=[6] | col_header=False | row_header=False | metadata=False
Cell H15 | value='45' | fill=00000000 | rows=[14] | cols=[7] | col_header=False | row_header=False | metadata=False
Cell I15 | value='44' | fill=00000000 | rows=[14] | cols=[8] | col_header=False | row_header=False | metadata=False
Cell A16 | value='Architecture and engineering occupations' | fill=00000000 | rows=[15] | cols=[0] | col_header=False | row_header=False | metadata=False
Cell B16 | value='355' | fill=00000000 | rows=[15] | cols=[1] | col_header=False | row_header=False | metadata=False
Cell C16 | value='364' | fill=00000000 | rows=[15] | cols=[2] | col_header=False | row_header=False | metadata=False
Cell D16 | value='203' | fill=00000000 | rows=[15] | cols=[3] | col_header=False | row_header=False | metadata=False
Cell E16 | value='201' | fill=00000000 | rows=[15] | cols=[4] | col_header=False | row_header=False | metadata=False
Cell F16 | value='29' | fill=00000000 | rows=[15] | cols=[5] | col_header=False | row_header=False | metadata=False
Cell G16 | value='37' | fill=00000000 | rows=[15] | cols=[6] | col_header=False | row_header=False | metadata=False
Cell H16 | value='16' | fill=00000000 | rows=[15] | cols=[7] | col_header=False | row_header=False | metadata=False
Cell I16 | value='17' | fill=00000000 | rows=[15] | cols=[8] | col_header=False | row_header=False | metadata=False
Cell A17 | value='Life, physical, and social science occupations' | fill=00000000 | rows=[16] | cols=[0] | col_header=False | row_header=False | metadata=False
Cell B17 | value='151' | fill=00000000 | rows=[16] | cols=[1] | col_header=False | row_header=False | metadata=False
Cell C17 | value='185' | fill=00000000 | rows=[16] | cols=[2] | col_header=False | row_header=False | metadata=False
Cell D17 | value='80' | fill=00000000 | rows=[16] | cols=[3] | col_header=False | row_header=False | metadata=False
Cell E17 | value='93' | fill=00000000 | rows=[16] | cols=[4] | col_header=False | row_header=False | metadata=False
Cell F17 | value='11' | fill=00000000 | rows=[16] | cols=[5] | col_header=False | row_header=False | metadata=False
Cell G17 | value='27' | fill=00000000 | rows=[16] | cols=[6] | col_header=False | row_header=False | metadata=False
Cell H17 | value='4' | fill=00000000 | rows=[16] | cols=[7] | col_header=False | row_header=False | metadata=False
Cell I17 | value='11' | fill=00000000 | rows=[16] | cols=[8] | col_header=False | row_header=False | metadata=False
Cell A18 | value='Community and social service occupations' | fill=00000000 | rows=[17] | cols=[0] | col_header=False | row_header=False | metadata=False
Cell B18 | value='416' | fill=00000000 | rows=[17] | cols=[1] | col_header=False | row_header=False | metadata=False
Cell C18 | value='417' | fill=00000000 | rows=[17] | cols=[2] | col_header=False | row_header=False | metadata=False
Cell D18 | value='236' | fill=00000000 | rows=[17] | cols=[3] | col_header=False | row_header=False | metadata=False
Cell E18 | value='251' | fill=00000000 | rows=[17] | cols=[4] | col_header=False | row_header=False | metadata=False
Cell F18 | value='45' | fill=00000000 | rows=[17] | cols=[5] | col_header=False | row_header=False | metadata=False
Cell G18 | value='60' | fill=00000000 | rows=[17] | cols=[6] | col_header=False | row_header=False | metadata=False
Cell H18 | value='23' | fill=00000000 | rows=[17] | cols=[7] | col_header=False | row_header=False | metadata=False
Cell I18 | value='13' | fill=00000000 | rows=[17] | cols=[8] | col_header=False | row_header=False | metadata=False
Cell A19 | value='Legal occupations' | fill=00000000 | rows=[18] | cols=[0] | col_header=False | row_header=False | metadata=False
Cell B19 | value='202' | fill=00000000 | rows=[18] | cols=[1] | col_header=False | row_header=False | metadata=False
Cell C19 | value='184' | fill=00000000 | rows=[18] | cols=[2] | col_header=False | row_header=False | metadata=False
Cell D19 | value='93' | fill=00000000 | rows=[18] | cols=[3] | col_header=False | row_header=False | metadata=False
Cell E19 | value='79' | fill=00000000 | rows=[18] | cols=[4] | col_header=False | row_header=False | metadata=False
Cell F19 | value='13' | fill=00000000 | rows=[18] | cols=[5] | col_header=False | row_header=False | metadata=False
Cell G19 | value='15' | fill=00000000 | rows=[18] | cols=[6] | col_header=False | row_header=False | metadata=False
Cell H19 | value='27' | fill=00000000 | rows=[18] | cols=[7] | col_header=False | row_header=False | metadata=False
Cell I19 | value='21' | fill=00000000 | rows=[18] | cols=[8] | col_header=False | row_header=False | metadata=False
Cell A20 | value='Education, training, and library occupations' | fill=00000000 | rows=[19] | cols=[0] | col_header=False | row_header=False | metadata=False
Cell B20 | value='1083' | fill=00000000 | rows=[19] | cols=[1] | col_header=False | row_header=False | metadata=False
Cell C20 | value='1141' | fill=00000000 | rows=[19] | cols=[2] | col_header=False | row_header=False | metadata=False
Cell D20 | value='626' | fill=00000000 | rows=[19] | cols=[3] | col_header=False | row_header=False | metadata=False
Cell E20 | value='641' | fill=00000000 | rows=[19] | cols=[4] | col_header=False | row_header=False | metadata=False
Cell F20 | value='108' | fill=00000000 | rows=[19] | cols=[5] | col_header=False | row_header=False | metadata=False
Cell G20 | value='123' | fill=00000000 | rows=[19] | cols=[6] | col_header=False | row_header=False | metadata=False
Cell H20 | value='52' | fill=00000000 | rows=[19] | cols=[7] | col_header=False | row_header=False | metadata=False
Cell I20 | value='53' | fill=00000000 | rows=[19] | cols=[8] | col_header=False | row_header=False | metadata=False
Cell A21 | value='Arts, design, entertainment, sports, and media occupations' | fill=00000000 | rows=[20] | cols=[0] | col_header=False | row_header=False | metadata=False
Cell B21 | value='438' | fill=00000000 | rows=[20] | cols=[1] | col_header=False | row_header=False | metadata=False
Cell C21 | value='451' | fill=00000000 | rows=[20] | cols=[2] | col_header=False | row_header=False | metadata=False
Cell D21 | value='232' | fill=00000000 | rows=[20] | cols=[3] | col_header=False | row_header=False | metadata=False
Cell E21 | value='234' | fill=00000000 | rows=[20] | cols=[4] | col_header=False | row_header=False | metadata=False
Cell F21 | value='41' | fill=00000000 | rows=[20] | cols=[5] | col_header=False | row_header=False | metadata=False
Cell G21 | value='39' | fill=00000000 | rows=[20] | cols=[6] | col_header=False | row_header=False | metadata=False
Cell H21 | value='24' | fill=00000000 | rows=[20] | cols=[7] | col_header=False | row_header=False | metadata=False
Cell I21 | value='26' | fill=00000000 | rows=[20] | cols=[8] | col_header=False | row_header=False | metadata=False
Cell A22 | value='Healthcare practitioners and technical occupations' | fill=00000000 | rows=[21] | cols=[0] | col_header=False | row_header=False | metadata=False
Cell B22 | value='915' | fill=00000000 | rows=[21] | cols=[1] | col_header=False | row_header=False | metadata=False
Cell C22 | value='963' | fill=00000000 | rows=[21] | cols=[2] | col_header=False | row_header=False | metadata=False
Cell D22 | value='497' | fill=00000000 | rows=[21] | cols=[3] | col_header=False | row_header=False | metadata=False
Cell E22 | value='493' | fill=00000000 | rows=[21] | cols=[4] | col_header=False | row_header=False | metadata=False
Cell F22 | value='110' | fill=00000000 | rows=[21] | cols=[5] | col_header=False | row_header=False | metadata=False
Cell G22 | value='121' | fill=00000000 | rows=[21] | cols=[6] | col_header=False | row_header=False | metadata=False
Cell H22 | value='86' | fill=00000000 | rows=[21] | cols=[7] | col_header=False | row_header=False | metadata=False
Cell I22 | value='108' | fill=00000000 | rows=[21] | cols=[8] | col_header=False | row_header=False | metadata=False
Cell A23 | value='Service occupations' | fill=00000000 | rows=[22] | cols=[0] | col_header=False | row_header=False | metadata=False
Cell B23 | value='6701' | fill=00000000 | rows=[22] | cols=[1] | col_header=False | row_header=False | metadata=False
Cell C23 | value='7147' | fill=00000000 | rows=[22] | cols=[2] | col_header=False | row_header=False | metadata=False
Cell D23 | value='4085' | fill=00000000 | rows=[22] | cols=[3] | col_header=False | row_header=False | metadata=False
Cell E23 | value='4271' | fill=00000000 | rows=[22] | cols=[4] | col_header=False | row_header=False | metadata=False
Cell F23 | value='424' | fill=00000000 | rows=[22] | cols=[5] | col_header=False | row_header=False | metadata=False
Cell G23 | value='472' | fill=00000000 | rows=[22] | cols=[6] | col_header=False | row_header=False | metadata=False
Cell H23 | value='242' | fill=00000000 | rows=[22] | cols=[7] | col_header=False | row_header=False | metadata=False
Cell I23 | value='234' | fill=00000000 | rows=[22] | cols=[8] | col_header=False | row_header=False | metadata=False
Cell A24 | value='Healthcare support occupations' | fill=00000000 | rows=[23] | cols=[0] | col_header=False | row_header=False | metadata=False
Cell B24 | value='1050' | fill=00000000 | rows=[23] | cols=[1] | col_header=False | row_header=False | metadata=False
Cell C24 | value='1088' | fill=00000000 | rows=[23] | cols=[2] | col_header=False | row_header=False | metadata=False
Cell D24 | value='623' | fill=00000000 | rows=[23] | cols=[3] | col_header=False | row_header=False | metadata=False
Cell E24 | value='654' | fill=00000000 | rows=[23] | cols=[4] | col_header=False | row_header=False | metadata=False
Cell F24 | value='84' | fill=00000000 | rows=[23] | cols=[5] | col_header=False | row_header=False | metadata=False
Cell G24 | value='94' | fill=00000000 | rows=[23] | cols=[6] | col_header=False | row_header=False | metadata=False
Cell H24 | value='59' | fill=00000000 | rows=[23] | cols=[7] | col_header=False | row_header=False | metadata=False
Cell I24 | value='56' | fill=00000000 | rows=[23] | cols=[8] | col_header=False | row_header=False | metadata=False
Cell A25 | value='Protective service occupations' | fill=00000000 | rows=[24] | cols=[0] | col_header=False | row_header=False | metadata=False
Cell B25 | value='450' | fill=00000000 | rows=[24] | cols=[1] | col_header=False | row_header=False | metadata=False
Cell C25 | value='500' | fill=00000000 | rows=[24] | cols=[2] | col_header=False | row_header=False | metadata=False
Cell D25 | value='269' | fill=00000000 | rows=[24] | cols=[3] | col_header=False | row_header=False | metadata=False
Cell E25 | value='309' | fill=00000000 | rows=[24] | cols=[4] | col_header=False | row_header=False | metadata=False
Cell F25 | value='61' | fill=00000000 | rows=[24] | cols=[5] | col_header=False | row_header=False | metadata=False
Cell G25 | value='65' | fill=00000000 | rows=[24] | cols=[6] | col_header=False | row_header=False | metadata=False
Cell H25 | value='30' | fill=00000000 | rows=[24] | cols=[7] | col_header=False | row_header=False | metadata=False
Cell I25 | value='27' | fill=00000000 | rows=[24] | cols=[8] | col_header=False | row_header=False | metadata=False
Cell A26 | value='Food preparation and serving related occupations' | fill=00000000 | rows=[25] | cols=[0] | col_header=False | row_header=False | metadata=False
Cell B26 | value='2224' | fill=00000000 | rows=[25] | cols=[1] | col_header=False | row_header=False | metadata=False
Cell C26 | value='2423' | fill=00000000 | rows=[25] | cols=[2] | col_header=False | row_header=False | metadata=False
Cell D26 | value='1431' | fill=00000000 | rows=[25] | cols=[3] | col_header=False | row_header=False | metadata=False
Cell E26 | value='1525' | fill=00000000 | rows=[25] | cols=[4] | col_header=False | row_header=False | metadata=False
Cell F26 | value='132' | fill=00000000 | rows=[25] | cols=[5] | col_header=False | row_header=False | metadata=False
Cell G26 | value='133' | fill=00000000 | rows=[25] | cols=[6] | col_header=False | row_header=False | metadata=False
Cell H26 | value='58' | fill=00000000 | rows=[25] | cols=[7] | col_header=False | row_header=False | metadata=False
Cell I26 | value='57' | fill=00000000 | rows=[25] | cols=[8] | col_header=False | row_header=False | metadata=False
Cell A27 | value='Building and grounds cleaning and maintenance occupations' | fill=00000000 | rows=[26] | cols=[0] | col_header=False | row_header=False | metadata=False
Cell B27 | value='2250' | fill=00000000 | rows=[26] | cols=[1] | col_header=False | row_header=False | metadata=False
Cell C27 | value='2301' | fill=00000000 | rows=[26] | cols=[2] | col_header=False | row_header=False | metadata=False
Cell D27 | value='1395' | fill=00000000 | rows=[26] | cols=[3] | col_header=False | row_header=False | metadata=False
Cell E27 | value='1346' | fill=00000000 | rows=[26] | cols=[4] | col_header=False | row_header=False | metadata=False
Cell F27 | value='76' | fill=00000000 | rows=[26] | cols=[5] | col_header=False | row_header=False | metadata=False
Cell G27 | value='99' | fill=00000000 | rows=[26] | cols=[6] | col_header=False | row_header=False | metadata=False
Cell H27 | value='58' | fill=00000000 | rows=[26] | cols=[7] | col_header=False | row_header=False | metadata=False
Cell I27 | value='57' | fill=00000000 | rows=[26] | cols=[8] | col_header=False | row_header=False | metadata=False
Cell A28 | value='Personal care and service occupations' | fill=00000000 | rows=[27] | cols=[0] | col_header=False | row_header=False | metadata=False
Cell B28 | value='727' | fill=00000000 | rows=[27] | cols=[1] | col_header=False | row_header=False | metadata=False
Cell C28 | value='834' | fill=00000000 | rows=[27] | cols=[2] | col_header=False | row_header=False | metadata=False
Cell D28 | value='368' | fill=00000000 | rows=[27] | cols=[3] | col_header=False | row_header=False | metadata=False
Cell E28 | value='437' | fill=00000000 | rows=[27] | cols=[4] | col_header=False | row_header=False | metadata=False
Cell F28 | value='71' | fill=00000000 | rows=[27] | cols=[5] | col_header=False | row_header=False | metadata=False
Cell G28 | value='80' | fill=00000000 | rows=[27] | cols=[6] | col_header=False | row_header=False | metadata=False
Cell H28 | value='37' | fill=00000000 | rows=[27] | cols=[7] | col_header=False | row_header=False | metadata=False
Cell I28 | value='38' | fill=00000000 | rows=[27] | cols=[8] | col_header=False | row_header=False | metadata=False
Cell A29 | value='Sales and office occupations' | fill=00000000 | rows=[28] | cols=[0] | col_header=False | row_header=False | metadata=False
Cell B29 | value='5426' | fill=00000000 | rows=[28] | cols=[1] | col_header=False | row_header=False | metadata=False
Cell C29 | value='5336' | fill=00000000 | rows=[28] | cols=[2] | col_header=False | row_header=False | metadata=False
Cell D29 | value='3177' | fill=00000000 | rows=[28] | cols=[3] | col_header=False | row_header=False | metadata=False
Cell E29 | value='3192' | fill=00000000 | rows=[28] | cols=[4] | col_header=False | row_header=False | metadata=False
Cell F29 | value='536' | fill=00000000 | rows=[28] | cols=[5] | col_header=False | row_header=False | metadata=False
Cell G29 | value='512' | fill=00000000 | rows=[28] | cols=[6] | col_header=False | row_header=False | metadata=False
Cell H29 | value='297' | fill=00000000 | rows=[28] | cols=[7] | col_header=False | row_header=False | metadata=False
Cell I29 | value='238' | fill=00000000 | rows=[28] | cols=[8] | col_header=False | row_header=False | metadata=False
Cell A30 | value='Sales and related occupations' | fill=00000000 | rows=[29] | cols=[0] | col_header=False | row_header=False | metadata=False
Cell B30 | value='2489' | fill=00000000 | rows=[29] | cols=[1] | col_header=False | row_header=False | metadata=False
Cell C30 | value='2378' | fill=00000000 | rows=[29] | cols=[2] | col_header=False | row_header=False | metadata=False
Cell D30 | value='1448' | fill=00000000 | rows=[29] | cols=[3] | col_header=False | row_header=False | metadata=False
Cell E30 | value='1422' | fill=00000000 | rows=[29] | cols=[4] | col_header=False | row_header=False | metadata=False
Cell F30 | value='223' | fill=00000000 | rows=[29] | cols=[5] | col_header=False | row_header=False | metadata=False
Cell G30 | value='204' | fill=00000000 | rows=[29] | cols=[6] | col_header=False | row_header=False | metadata=False
Cell H30 | value='144' | fill=00000000 | rows=[29] | cols=[7] | col_header=False | row_header=False | metadata=False
Cell I30 | value='116' | fill=00000000 | rows=[29] | cols=[8] | col_header=False | row_header=False | metadata=False
Cell A31 | value='Office and administrative support occupations' | fill=00000000 | rows=[30] | cols=[0] | col_header=False | row_header=False | metadata=False
Cell B31 | value='2937' | fill=00000000 | rows=[30] | cols=[1] | col_header=False | row_header=False | metadata=False
Cell C31 | value='2958' | fill=00000000 | rows=[30] | cols=[2] | col_header=False | row_header=False | metadata=False
Cell D31 | value='1730' | fill=00000000 | rows=[30] | cols=[3] | col_header=False | row_header=False | metadata=False
Cell E31 | value='1770' | fill=00000000 | rows=[30] | cols=[4] | col_header=False | row_header=False | metadata=False
Cell F31 | value='314' | fill=00000000 | rows=[30] | cols=[5] | col_header=False | row_header=False | metadata=False
Cell G31 | value='308' | fill=00000000 | rows=[30] | cols=[6] | col_header=False | row_header=False | metadata=False
Cell H31 | value='153' | fill=00000000 | rows=[30] | cols=[7] | col_header=False | row_header=False | metadata=False
Cell I31 | value='121' | fill=00000000 | rows=[30] | cols=[8] | col_header=False | row_header=False | metadata=False
Cell A32 | value='Natural resources, construction, and maintenance occupations' | fill=00000000 | rows=[31] | cols=[0] | col_header=False | row_header=False | metadata=False
Cell B32 | value='4881' | fill=00000000 | rows=[31] | cols=[1] | col_header=False | row_header=False | metadata=False
Cell C32 | value='4949' | fill=00000000 | rows=[31] | cols=[2] | col_header=False | row_header=False | metadata=False
Cell D32 | value='3230' | fill=00000000 | rows=[31] | cols=[3] | col_header=False | row_header=False | metadata=False
Cell E32 | value='3230' | fill=00000000 | rows=[31] | cols=[4] | col_header=False | row_header=False | metadata=False
Cell F32 | value='202' | fill=00000000 | rows=[31] | cols=[5] | col_header=False | row_header=False | metadata=False
Cell G32 | value='187' | fill=00000000 | rows=[31] | cols=[6] | col_header=False | row_header=False | metadata=False
Cell H32 | value='131' | fill=00000000 | rows=[31] | cols=[7] | col_header=False | row_header=False | metadata=False
Cell I32 | value='154' | fill=00000000 | rows=[31] | cols=[8] | col_header=False | row_header=False | metadata=False
Cell A33 | value='Farming, fishing, and forestry occupations' | fill=00000000 | rows=[32] | cols=[0] | col_header=False | row_header=False | metadata=False
Cell B33 | value='438' | fill=00000000 | rows=[32] | cols=[1] | col_header=False | row_header=False | metadata=False
Cell C33 | value='441' | fill=00000000 | rows=[32] | cols=[2] | col_header=False | row_header=False | metadata=False
Cell D33 | value='382' | fill=00000000 | rows=[32] | cols=[3] | col_header=False | row_header=False | metadata=False
Cell E33 | value='369' | fill=00000000 | rows=[32] | cols=[4] | col_header=False | row_header=False | metadata=False
Cell F33 | value='5' | fill=00000000 | rows=[32] | cols=[5] | col_header=False | row_header=False | metadata=False
Cell G33 | value='5' | fill=00000000 | rows=[32] | cols=[6] | col_header=False | row_header=False | metadata=False
Cell H33 | value='3' | fill=00000000 | rows=[32] | cols=[7] | col_header=False | row_header=False | metadata=False
Cell I33 | value='4' | fill=00000000 | rows=[32] | cols=[8] | col_header=False | row_header=False | metadata=False
Cell A34 | value='Construction and extraction occupations' | fill=00000000 | rows=[33] | cols=[0] | col_header=False | row_header=False | metadata=False
Cell B34 | value='3396' | fill=00000000 | rows=[33] | cols=[1] | col_header=False | row_header=False | metadata=False
Cell C34 | value='3454' | fill=00000000 | rows=[33] | cols=[2] | col_header=False | row_header=False | metadata=False
Cell D34 | value='2213' | fill=00000000 | rows=[33] | cols=[3] | col_header=False | row_header=False | metadata=False
Cell E34 | value='2188' | fill=00000000 | rows=[33] | cols=[4] | col_header=False | row_header=False | metadata=False
Cell F34 | value='104' | fill=00000000 | rows=[33] | cols=[5] | col_header=False | row_header=False | metadata=False
Cell G34 | value='104' | fill=00000000 | rows=[33] | cols=[6] | col_header=False | row_header=False | metadata=False
Cell H34 | value='78' | fill=00000000 | rows=[33] | cols=[7] | col_header=False | row_header=False | metadata=False
Cell I34 | value='110' | fill=00000000 | rows=[33] | cols=[8] | col_header=False | row_header=False | metadata=False
Cell A35 | value='Installation, maintenance, and repair occupations' | fill=00000000 | rows=[34] | cols=[0] | col_header=False | row_header=False | metadata=False
Cell B35 | value='1047' | fill=00000000 | rows=[34] | cols=[1] | col_header=False | row_header=False | metadata=False
Cell C35 | value='1054' | fill=00000000 | rows=[34] | cols=[2] | col_header=False | row_header=False | metadata=False
Cell D35 | value='635' | fill=00000000 | rows=[34] | cols=[3] | col_header=False | row_header=False | metadata=False
Cell E35 | value='673' | fill=00000000 | rows=[34] | cols=[4] | col_header=False | row_header=False | metadata=False
Cell F35 | value='93' | fill=00000000 | rows=[34] | cols=[5] | col_header=False | row_header=False | metadata=False
Cell G35 | value='77' | fill=00000000 | rows=[34] | cols=[6] | col_header=False | row_header=False | metadata=False
Cell H35 | value='49' | fill=00000000 | rows=[34] | cols=[7] | col_header=False | row_header=False | metadata=False
Cell I35 | value='40' | fill=00000000 | rows=[34] | cols=[8] | col_header=False | row_header=False | metadata=False
Cell A36 | value='Production, transportation, and material moving occupations' | fill=00000000 | rows=[35] | cols=[0] | col_header=False | row_header=False | metadata=False
Cell B36 | value='4877' | fill=00000000 | rows=[35] | cols=[1] | col_header=False | row_header=False | metadata=False
Cell C36 | value='5026' | fill=00000000 | rows=[35] | cols=[2] | col_header=False | row_header=False | metadata=False
Cell D36 | value='3107' | fill=00000000 | rows=[35] | cols=[3] | col_header=False | row_header=False | metadata=False
Cell E36 | value='3076' | fill=00000000 | rows=[35] | cols=[4] | col_header=False | row_header=False | metadata=False
Cell F36 | value='375' | fill=00000000 | rows=[35] | cols=[5] | col_header=False | row_header=False | metadata=False
Cell G36 | value='376' | fill=00000000 | rows=[35] | cols=[6] | col_header=False | row_header=False | metadata=False
Cell H36 | value='229' | fill=00000000 | rows=[35] | cols=[7] | col_header=False | row_header=False | metadata=False
Cell I36 | value='254' | fill=00000000 | rows=[35] | cols=[8] | col_header=False | row_header=False | metadata=False
Cell A37 | value='Production occupations' | fill=00000000 | rows=[36] | cols=[0] | col_header=False | row_header=False | metadata=False
Cell B37 | value='2007' | fill=00000000 | rows=[36] | cols=[1] | col_header=False | row_header=False | metadata=False
Cell C37 | value='2121' | fill=00000000 | rows=[36] | cols=[2] | col_header=False | row_header=False | metadata=False
Cell D37 | value='1331' | fill=00000000 | rows=[36] | cols=[3] | col_header=False | row_header=False | metadata=False
Cell E37 | value='1350' | fill=00000000 | rows=[36] | cols=[4] | col_header=False | row_header=False | metadata=False
Cell F37 | value='137' | fill=00000000 | rows=[36] | cols=[5] | col_header=False | row_header=False | metadata=False
Cell G37 | value='136' | fill=00000000 | rows=[36] | cols=[6] | col_header=False | row_header=False | metadata=False
Cell H37 | value='60' | fill=00000000 | rows=[36] | cols=[7] | col_header=False | row_header=False | metadata=False
Cell I37 | value='83' | fill=00000000 | rows=[36] | cols=[8] | col_header=False | row_header=False | metadata=False
Cell A38 | value='Transportation and material moving occupations' | fill=00000000 | rows=[37] | cols=[0] | col_header=False | row_header=False | metadata=False
Cell B38 | value='2870' | fill=00000000 | rows=[37] | cols=[1] | col_header=False | row_header=False | metadata=False
Cell C38 | value='2905' | fill=00000000 | rows=[37] | cols=[2] | col_header=False | row_header=False | metadata=False
Cell D38 | value='1776' | fill=00000000 | rows=[37] | cols=[3] | col_header=False | row_header=False | metadata=False
Cell E38 | value='1726' | fill=00000000 | rows=[37] | cols=[4] | col_header=False | row_header=False | metadata=False
Cell F38 | value='238' | fill=00000000 | rows=[37] | cols=[5] | col_header=False | row_header=False | metadata=False
Cell G38 | value='239' | fill=00000000 | rows=[37] | cols=[6] | col_header=False | row_header=False | metadata=False
Cell H38 | value='169' | fill=00000000 | rows=[37] | cols=[7] | col_header=False | row_header=False | metadata=False
Cell I38 | value='171' | fill=00000000 | rows=[37] | cols=[8] | col_header=False | row_header=False | metadata=False
Cell A40 | value='CLASS OF WORKER(2)' | fill=00000000 | rows=[39] | cols=[0] | col_header=False | row_header=False | metadata=False
Cell A41 | value='Agriculture' | fill=00000000 | rows=[40] | cols=[0] | col_header=False | row_header=False | metadata=False
Cell A42 | value='Wage and salary workers(3)' | fill=00000000 | rows=[41] | cols=[0] | col_header=False | row_header=False | metadata=False
Cell B42 | value='535' | fill=00000000 | rows=[41] | cols=[1] | col_header=False | row_header=False | metadata=False
Cell C42 | value='554' | fill=00000000 | rows=[41] | cols=[2] | col_header=False | row_header=False | metadata=False
Cell D42 | value='466' | fill=00000000 | rows=[41] | cols=[3] | col_header=False | row_header=False | metadata=False
Cell E42 | value='469' | fill=00000000 | rows=[41] | cols=[4] | col_header=False | row_header=False | metadata=False
Cell F42 | value='7' | fill=00000000 | rows=[41] | cols=[5] | col_header=False | row_header=False | metadata=False
Cell G42 | value='7' | fill=00000000 | rows=[41] | cols=[6] | col_header=False | row_header=False | metadata=False
Cell H42 | value='7' | fill=00000000 | rows=[41] | cols=[7] | col_header=False | row_header=False | metadata=False
Cell I42 | value='4' | fill=00000000 | rows=[41] | cols=[8] | col_header=False | row_header=False | metadata=False
Cell A43 | value='Self-employed workers, unincorporated' | fill=00000000 | rows=[42] | cols=[0] | col_header=False | row_header=False | metadata=False
Cell B43 | value='26' | fill=00000000 | rows=[42] | cols=[1] | col_header=False | row_header=False | metadata=False
Cell C43 | value='20' | fill=00000000 | rows=[42] | cols=[2] | col_header=False | row_header=False | metadata=False
Cell D43 | value='21' | fill=00000000 | rows=[42] | cols=[3] | col_header=False | row_header=False | metadata=False
Cell E43 | value='15' | fill=00000000 | rows=[42] | cols=[4] | col_header=False | row_header=False | metadata=False
Cell F43 | value='1' | fill=00000000 | rows=[42] | cols=[5] | col_header=False | row_header=False | metadata=False
Cell G43 | value='1' | fill=00000000 | rows=[42] | cols=[6] | col_header=False | row_header=False | metadata=False
Cell H43 | value='0' | fill=00000000 | rows=[42] | cols=[7] | col_header=False | row_header=False | metadata=False
Cell I43 | value='1' | fill=00000000 | rows=[42] | cols=[8] | col_header=False | row_header=False | metadata=False
Cell A44 | value='Nonagricultural industries' | fill=00000000 | rows=[43] | cols=[0] | col_header=False | row_header=False | metadata=False
Cell A45 | value='Wage and salary workers(3)' | fill=00000000 | rows=[44] | cols=[0] | col_header=False | row_header=False | metadata=False
Cell B45 | value='26780' | fill=00000000 | rows=[44] | cols=[1] | col_header=False | row_header=False | metadata=False
Cell C45 | value='27827' | fill=00000000 | rows=[44] | cols=[2] | col_header=False | row_header=False | metadata=False
Cell D45 | value='15976' | fill=00000000 | rows=[44] | cols=[3] | col_header=False | row_header=False | metadata=False
Cell E45 | value='16368' | fill=00000000 | rows=[44] | cols=[4] | col_header=False | row_header=False | metadata=False
Cell F45 | value='2213' | fill=00000000 | rows=[44] | cols=[5] | col_header=False | row_header=False | metadata=False
Cell G45 | value='2324' | fill=00000000 | rows=[44] | cols=[6] | col_header=False | row_header=False | metadata=False
Cell H45 | value='1249' | fill=00000000 | rows=[44] | cols=[7] | col_header=False | row_header=False | metadata=False
Cell I45 | value='1293' | fill=00000000 | rows=[44] | cols=[8] | col_header=False | row_header=False | metadata=False
Cell A46 | value='Government' | fill=00000000 | rows=[45] | cols=[0] | col_header=False | row_header=False | metadata=False
Cell B46 | value='2775' | fill=00000000 | rows=[45] | cols=[1] | col_header=False | row_header=False | metadata=False
Cell C46 | value='2876' | fill=00000000 | rows=[45] | cols=[2] | col_header=False | row_header=False | metadata=False
Cell D46 | value='1687' | fill=00000000 | rows=[45] | cols=[3] | col_header=False | row_header=False | metadata=False
Cell E46 | value='1786' | fill=00000000 | rows=[45] | cols=[4] | col_header=False | row_header=False | metadata=False
Cell F46 | value='320' | fill=00000000 | rows=[45] | cols=[5] | col_header=False | row_header=False | metadata=False
Cell G46 | value='332' | fill=00000000 | rows=[45] | cols=[6] | col_header=False | row_header=False | metadata=False
Cell H46 | value='127' | fill=00000000 | rows=[45] | cols=[7] | col_header=False | row_header=False | metadata=False
Cell I46 | value='111' | fill=00000000 | rows=[45] | cols=[8] | col_header=False | row_header=False | metadata=False
Cell A47 | value='Private industries' | fill=00000000 | rows=[46] | cols=[0] | col_header=False | row_header=False | metadata=False
Cell B47 | value='24005' | fill=00000000 | rows=[46] | cols=[1] | col_header=False | row_header=False | metadata=False
Cell C47 | value='24951' | fill=00000000 | rows=[46] | cols=[2] | col_header=False | row_header=False | metadata=False
Cell D47 | value='14289' | fill=00000000 | rows=[46] | cols=[3] | col_header=False | row_header=False | metadata=False
Cell E47 | value='14582' | fill=00000000 | rows=[46] | cols=[4] | col_header=False | row_header=False | metadata=False
Cell F47 | value='1893' | fill=00000000 | rows=[46] | cols=[5] | col_header=False | row_header=False | metadata=False
Cell G47 | value='1992' | fill=00000000 | rows=[46] | cols=[6] | col_header=False | row_header=False | metadata=False
Cell H47 | value='1121' | fill=00000000 | rows=[46] | cols=[7] | col_header=False | row_header=False | metadata=False
Cell I47 | value='1182' | fill=00000000 | rows=[46] | cols=[8] | col_header=False | row_header=False | metadata=False
Cell A48 | value='Private households' | fill=00000000 | rows=[47] | cols=[0] | col_header=False | row_header=False | metadata=False
Cell B48 | value='286' | fill=00000000 | rows=[47] | cols=[1] | col_header=False | row_header=False | metadata=False
Cell C48 | value='302' | fill=00000000 | rows=[47] | cols=[2] | col_header=False | row_header=False | metadata=False
Cell D48 | value='139' | fill=00000000 | rows=[47] | cols=[3] | col_header=False | row_header=False | metadata=False
Cell E48 | value='147' | fill=00000000 | rows=[47] | cols=[4] | col_header=False | row_header=False | metadata=False
Cell F48 | value='6' | fill=00000000 | rows=[47] | cols=[5] | col_header=False | row_header=False | metadata=False
Cell G48 | value='4' | fill=00000000 | rows=[47] | cols=[6] | col_header=False | row_header=False | metadata=False
Cell H48 | value='9' | fill=00000000 | rows=[47] | cols=[7] | col_header=False | row_header=False | metadata=False
Cell I48 | value='5' | fill=00000000 | rows=[47] | cols=[8] | col_header=False | row_header=False | metadata=False
Cell A49 | value='Other industries' | fill=00000000 | rows=[48] | cols=[0] | col_header=False | row_header=False | metadata=False
Cell B49 | value='23719' | fill=00000000 | rows=[48] | cols=[1] | col_header=False | row_header=False | metadata=False
Cell C49 | value='24649' | fill=00000000 | rows=[48] | cols=[2] | col_header=False | row_header=False | metadata=False
Cell D49 | value='14150' | fill=00000000 | rows=[48] | cols=[3] | col_header=False | row_header=False | metadata=False
Cell E49 | value='14435' | fill=00000000 | rows=[48] | cols=[4] | col_header=False | row_header=False | metadata=False
Cell F49 | value='1888' | fill=00000000 | rows=[48] | cols=[5] | col_header=False | row_header=False | metadata=False
Cell G49 | value='1988' | fill=00000000 | rows=[48] | cols=[6] | col_header=False | row_header=False | metadata=False
Cell H49 | value='1112' | fill=00000000 | rows=[48] | cols=[7] | col_header=False | row_header=False | metadata=False
Cell I49 | value='1177' | fill=00000000 | rows=[48] | cols=[8] | col_header=False | row_header=False | metadata=False
Cell A50 | value='Self-employed workers, unincorporated' | fill=00000000 | rows=[49] | cols=[0] | col_header=False | row_header=False | metadata=False
Cell B50 | value='1948' | fill=00000000 | rows=[49] | cols=[1] | col_header=False | row_header=False | metadata=False
Cell C50 | value='1927' | fill=00000000 | rows=[49] | cols=[2] | col_header=False | row_header=False | metadata=False
Cell D50 | value='1153' | fill=00000000 | rows=[49] | cols=[3] | col_header=False | row_header=False | metadata=False
Cell E50 | value='1154' | fill=00000000 | rows=[49] | cols=[4] | col_header=False | row_header=False | metadata=False
Cell F50 | value='88' | fill=00000000 | rows=[49] | cols=[5] | col_header=False | row_header=False | metadata=False
Cell G50 | value='88' | fill=00000000 | rows=[49] | cols=[6] | col_header=False | row_header=False | metadata=False
Cell H50 | value='97' | fill=00000000 | rows=[49] | cols=[7] | col_header=False | row_header=False | metadata=False
Cell I50 | value='82' | fill=00000000 | rows=[49] | cols=[8] | col_header=False | row_header=False | metadata=False
Cell A52 | value='FULL- OR PART-TIME STATUS(4)' | fill=00000000 | rows=[51] | cols=[0] | col_header=False | row_header=False | metadata=False
Cell A53 | value='Full-time workers' | fill=00000000 | rows=[52] | cols=[0] | col_header=False | row_header=False | metadata=False
Cell B53 | value='24581' | fill=00000000 | rows=[52] | cols=[1] | col_header=False | row_header=False | metadata=False
Cell C53 | value='25318' | fill=00000000 | rows=[52] | cols=[2] | col_header=False | row_header=False | metadata=False
Cell D53 | value='14793' | fill=00000000 | rows=[52] | cols=[3] | col_header=False | row_header=False | metadata=False
Cell E53 | value='14979' | fill=00000000 | rows=[52] | cols=[4] | col_header=False | row_header=False | metadata=False
Cell F53 | value='1936' | fill=00000000 | rows=[52] | cols=[5] | col_header=False | row_header=False | metadata=False
Cell G53 | value='2039' | fill=00000000 | rows=[52] | cols=[6] | col_header=False | row_header=False | metadata=False
Cell H53 | value='1187' | fill=00000000 | rows=[52] | cols=[7] | col_header=False | row_header=False | metadata=False
Cell I53 | value='1235' | fill=00000000 | rows=[52] | cols=[8] | col_header=False | row_header=False | metadata=False
Cell A54 | value='Part-time workers' | fill=00000000 | rows=[53] | cols=[0] | col_header=False | row_header=False | metadata=False
Cell B54 | value='4719' | fill=00000000 | rows=[53] | cols=[1] | col_header=False | row_header=False | metadata=False
Cell C54 | value='5024' | fill=00000000 | rows=[53] | cols=[2] | col_header=False | row_header=False | metadata=False
Cell D54 | value='2833' | fill=00000000 | rows=[53] | cols=[3] | col_header=False | row_header=False | metadata=False
Cell E54 | value='3035' | fill=00000000 | rows=[53] | cols=[4] | col_header=False | row_header=False | metadata=False
Cell F54 | value='375' | fill=00000000 | rows=[53] | cols=[5] | col_header=False | row_header=False | metadata=False
Cell G54 | value='382' | fill=00000000 | rows=[53] | cols=[6] | col_header=False | row_header=False | metadata=False
Cell H54 | value='165' | fill=00000000 | rows=[53] | cols=[7] | col_header=False | row_header=False | metadata=False
Cell I54 | value='144' | fill=00000000 | rows=[53] | cols=[8] | col_header=False | row_header=False | metadata=False

