=== environment-table04.xlsx ===
Cell B1 | value='Mineral and Energy Resources' | fill=FF00B0F0 | rows=[0] | cols=[1] | col_header=False | row_header=False | metadata=True
Cell B2 | value='Reference area: Canada' | fill=FF00B0F0 | rows=[1] | cols=[1] | col_header=False | row_header=False | metadata=True
Cell B3 | value='Frequency of observation: Annual' | fill=FF00B0F0 | rows=[2] | cols=[1] | col_header=False | row_header=False | metadata=True
Cell B4 | value='Class: Commercially recoverable resources' | fill=FF00B0F0 | rows=[3] | cols=[1] | col_header=False | row_header=False | metadata=True
Cell B6 | value='Time period' | fill=FF00B050 | rows=[5] | cols=[1, 2] | col_header=False | row_header=True | metadata=False
Cell D6 | value='2012' | fill=FF0549AB | rows=[5] | cols=[3] | col_header=False | row_header=False | metadata=False
Cell E6 | value='2013' | fill=FF0549AB | rows=[5] | cols=[4] | col_header=False | row_header=False | metadata=False
Cell F6 | value='2014' | fill=FF0549AB | rows=[5] | cols=[5] | col_header=False | row_header=False | metadata=False
Cell G6 | value='2015' | fill=FF0549AB | rows=[5] | cols=[6] | col_header=False | row_header=False | metadata=False
Cell H6 | value='2016' | fill=FF0549AB | rows=[5] | cols=[7] | col_header=False | row_header=False | metadata=False
Cell I6 | value='2017' | fill=FF0549AB | rows=[5] | cols=[8] | col_header=False | row_header=False | metadata=False
Cell J6 | value='2018' | fill=FF0549AB | rows=[5] | cols=[9] | col_header=False | row_header=False | metadata=False
Cell K6 | value='2019' | fill=FF0549AB | rows=[5] | cols=[10] | col_header=False | row_header=False | metadata=False
Cell L6 | value='2020' | fill=FF0549AB | rows=[5] | cols=[11] | col_header=False | row_header=False | metadata=False
Cell M6 | value='2021' | fill=FF0549AB | rows=[5] | cols=[12] | col_header=False | row_header=False | metadata=False
Cell B7 | value='Stocks and flows' | fill=FFFFFF00 | rows=[6] | cols=[1] | col_header=True | row_header=False | metadata=False
Cell B8 | value='Resource: Crude oil' | fill=FFB7DEF6 | rows=[7] | cols=[1, 2, 3, 4, 5, 6, 7, 8, 9, 10, 11] | col_header=False | row_header=False | metadata=False
Cell B9 | value='Combined unit of measure: Barrels, Billions' | fill=FFB7DEF6 | rows=[8] | cols=[1, 2, 3, 4, 5, 6, 7, 8, 9, 10, 11] | col_header=False | row_header=False | metadata=False
Cell B10 | value='Opening stock' | fill=00000000 | rows=[9] | cols=[1] | col_header=False | row_header=False | metadata=False
Cell D10 | value='3.746210836' | fill=00000000 | rows=[9] | cols=[3] | col_header=False | row_header=False | metadata=False
Cell E10 | value='3.79275543' | fill=00000000 | rows=[9] | cols=[4] | col_header=False | row_header=False | metadata=False
Cell F10 | value='3.942452908' | fill=00000000 | rows=[9] | cols=[5] | col_header=False | row_header=False | metadata=False
Cell G10 | value='3.770741095' | fill=00000000 | rows=[9] | cols=[6] | col_header=False | row_header=False | metadata=False
Cell H10 | value='4.015414704' | fill=00000000 | rows=[9] | cols=[7] | col_header=False | row_header=False | metadata=False
Cell I10 | value='4.079570766' | fill=00000000 | rows=[9] | cols=[8] | col_header=False | row_header=False | metadata=False
Cell J10 | value='4.228639263' | fill=00000000 | rows=[9] | cols=[9] | col_header=False | row_header=False | metadata=False
Cell K10 | value='4.853217396' | fill=00000000 | rows=[9] | cols=[10] | col_header=False | row_header=False | metadata=False
Cell L10 | value='4.632445065' | fill=00000000 | rows=[9] | cols=[11] | col_header=False | row_header=False | metadata=False
Cell M10 | value='4.643766723' | fill=00000000 | rows=[9] | cols=[12] | col_header=False | row_header=False | metadata=False
Cell B11 | value='Total additions to stock' | fill=00000000 | rows=[10] | cols=[1] | col_header=False | row_header=False | metadata=False
Cell D11 | value='0.525199135' | fill=00000000 | rows=[10] | cols=[3] | col_header=False | row_header=False | metadata=False
Cell E11 | value='0.65414024' | fill=00000000 | rows=[10] | cols=[4] | col_header=False | row_header=False | metadata=False
Cell F11 | value='0.339020759' | fill=00000000 | rows=[10] | cols=[5] | col_header=False | row_header=False | metadata=False
Cell G11 | value='0.705716682' | fill=00000000 | rows=[10] | cols=[6] | col_header=False | row_header=False | metadata=False
Cell H11 | value='0.498152952' | fill=00000000 | rows=[10] | cols=[7] | col_header=False | row_header=False | metadata=False
Cell I11 | value='0.591871121' | fill=00000000 | rows=[10] | cols=[8] | col_header=False | row_header=False | metadata=False
Cell J11 | value='1.089395092' | fill=00000000 | rows=[10] | cols=[9] | col_header=False | row_header=False | metadata=False
Cell K11 | value='0.255366286' | fill=00000000 | rows=[10] | cols=[10] | col_header=False | row_header=False | metadata=False
Cell L11 | value='0.449721415' | fill=00000000 | rows=[10] | cols=[11] | col_header=False | row_header=False | metadata=False
Cell M11 | value='0.445947529' | fill=00000000 | rows=[10] | cols=[12] | col_header=False | row_header=False | metadata=False
Cell B12 | value='·  Upward reappraisals' | fill=00000000 | rows=[11] | cols=[1] | col_header=False | row_header=False | metadata=False
Cell D12 | value='0.525199135' | fill=00000000 | rows=[11] | cols=[3] | col_header=False | row_header=False | metadata=False
Cell E12 | value='0.65414024' | fill=00000000 | rows=[11] | cols=[4] | col_header=False | row_header=False | metadata=False
Cell F12 | value='0.339020759' | fill=00000000 | rows=[11] | cols=[5] | col_header=False | row_header=False | metadata=False
Cell G12 | value='0.705716682' | fill=00000000 | rows=[11] | cols=[6] | col_header=False | row_header=False | metadata=False
Cell H12 | value='0.498152952' | fill=00000000 | rows=[11] | cols=[7] | col_header=False | row_header=False | metadata=False
Cell I12 | value='0.591871121' | fill=00000000 | rows=[11] | cols=[8] | col_header=False | row_header=False | metadata=False
Cell J12 | value='1.089395092' | fill=00000000 | rows=[11] | cols=[9] | col_header=False | row_header=False | metadata=False
Cell K12 | value='0.255366286' | fill=00000000 | rows=[11] | cols=[10] | col_header=False | row_header=False | metadata=False
Cell L12 | value='0.449721415' | fill=00000000 | rows=[11] | cols=[11] | col_header=False | row_header=False | metadata=False
Cell M12 | value='0.445947529' | fill=00000000 | rows=[11] | cols=[12] | col_header=False | row_header=False | metadata=False
Cell B13 | value='Total reductions in stock' | fill=00000000 | rows=[12] | cols=[1] | col_header=False | row_header=False | metadata=False
Cell D13 | value='0.478654541' | fill=00000000 | rows=[12] | cols=[3] | col_header=False | row_header=False | metadata=False
Cell E13 | value='0.504442762' | fill=00000000 | rows=[12] | cols=[4] | col_header=False | row_header=False | metadata=False
Cell F13 | value='0.510732572' | fill=00000000 | rows=[12] | cols=[5] | col_header=False | row_header=False | metadata=False
Cell G13 | value='0.461672054' | fill=00000000 | rows=[12] | cols=[6] | col_header=False | row_header=False | metadata=False
Cell H13 | value='0.43399689' | fill=00000000 | rows=[12] | cols=[7] | col_header=False | row_header=False | metadata=False
Cell I13 | value='0.442802624' | fill=00000000 | rows=[12] | cols=[8] | col_header=False | row_header=False | metadata=False
Cell J13 | value='0.464816959' | fill=00000000 | rows=[12] | cols=[9] | col_header=False | row_header=False | metadata=False
Cell K13 | value='0.476138617' | fill=00000000 | rows=[12] | cols=[10] | col_header=False | row_header=False | metadata=False
Cell L13 | value='0.438399757' | fill=00000000 | rows=[12] | cols=[11] | col_header=False | row_header=False | metadata=False
Cell M13 | value='0.435254852' | fill=00000000 | rows=[12] | cols=[12] | col_header=False | row_header=False | metadata=False
Cell B14 | value='·  Extractions' | fill=00000000 | rows=[13] | cols=[1] | col_header=False | row_header=False | metadata=False
Cell D14 | value='0.478654541' | fill=00000000 | rows=[13] | cols=[3] | col_header=False | row_header=False | metadata=False
Cell E14 | value='0.504442762' | fill=00000000 | rows=[13] | cols=[4] | col_header=False | row_header=False | metadata=False
Cell F14 | value='0.510732572' | fill=00000000 | rows=[13] | cols=[5] | col_header=False | row_header=False | metadata=False
Cell G14 | value='0.461672054' | fill=00000000 | rows=[13] | cols=[6] | col_header=False | row_header=False | metadata=False
Cell H14 | value='0.43399689' | fill=00000000 | rows=[13] | cols=[7] | col_header=False | row_header=False | metadata=False
Cell I14 | value='0.442802624' | fill=00000000 | rows=[13] | cols=[8] | col_header=False | row_header=False | metadata=False
Cell J14 | value='0.464816959' | fill=00000000 | rows=[13] | cols=[9] | col_header=False | row_header=False | metadata=False
Cell K14 | value='0.476138617' | fill=00000000 | rows=[13] | cols=[10] | col_header=False | row_header=False | metadata=False
Cell L14 | value='0.438399757' | fill=00000000 | rows=[13] | cols=[11] | col_header=False | row_header=False | metadata=False
Cell M14 | value='0.435254852' | fill=00000000 | rows=[13] | cols=[12] | col_header=False | row_header=False | metadata=False
Cell B15 | value='Closing stock' | fill=00000000 | rows=[14] | cols=[1] | col_header=False | row_header=False | metadata=False
Cell D15 | value='3.79275543' | fill=00000000 | rows=[14] | cols=[3] | col_header=False | row_header=False | metadata=False
Cell E15 | value='3.942452908' | fill=00000000 | rows=[14] | cols=[4] | col_header=False | row_header=False | metadata=False
Cell F15 | value='3.770741095' | fill=00000000 | rows=[14] | cols=[5] | col_header=False | row_header=False | metadata=False
Cell G15 | value='4.015414704' | fill=00000000 | rows=[14] | cols=[6] | col_header=False | row_header=False | metadata=False
Cell H15 | value='4.079570766' | fill=00000000 | rows=[14] | cols=[7] | col_header=False | row_header=False | metadata=False
Cell I15 | value='4.228639263' | fill=00000000 | rows=[14] | cols=[8] | col_header=False | row_header=False | metadata=False
Cell J15 | value='4.853217396' | fill=00000000 | rows=[14] | cols=[9] | col_header=False | row_header=False | metadata=False
Cell K15 | value='4.632445065' | fill=00000000 | rows=[14] | cols=[10] | col_header=False | row_header=False | metadata=False
Cell L15 | value='4.643766723' | fill=00000000 | rows=[14] | cols=[11] | col_header=False | row_header=False | metadata=False
Cell M15 | value='4.6544594' | fill=00000000 | rows=[14] | cols=[12] | col_header=False | row_header=False | metadata=False
Cell B16 | value='Discrepancies' | fill=00000000 | rows=[15] | cols=[1] | col_header=False | row_header=False | metadata=False
Cell D16 | value='0' | fill=00000000 | rows=[15] | cols=[3] | col_header=False | row_header=False | metadata=False
Cell E16 | value='0' | fill=00000000 | rows=[15] | cols=[4] | col_header=False | row_header=False | metadata=False
Cell F16 | value='0' | fill=00000000 | rows=[15] | cols=[5] | col_header=False | row_header=False | metadata=False
Cell G16 | value='0.000628980999999473' | fill=00000000 | rows=[15] | cols=[6] | col_header=False | row_header=False | metadata=False
Cell H16 | value='0' | fill=00000000 | rows=[15] | cols=[7] | col_header=False | row_header=False | metadata=False
Cell I16 | value='0' | fill=00000000 | rows=[15] | cols=[8] | col_header=False | row_header=False | metadata=False
Cell J16 | value='0' | fill=00000000 | rows=[15] | cols=[9] | col_header=False | row_header=False | metadata=False
Cell K16 | value='0' | fill=00000000 | rows=[15] | cols=[10] | col_header=False | row_header=False | metadata=False
Cell L16 | value='0' | fill=00000000 | rows=[15] | cols=[11] | col_header=False | row_header=False | metadata=False
Cell M16 | value='0' | fill=00000000 | rows=[15] | cols=[12] | col_header=False | row_header=False | metadata=False
Cell B17 | value='Resource: Natural gas' | fill=FFB7DEF6 | rows=[16] | cols=[1, 2, 3, 4, 5, 6, 7, 8, 9, 10, 11] | col_header=False | row_header=False | metadata=False
Cell B18 | value='Combined unit of measure: Cubic metres, Billions' | fill=FFB7DEF6 | rows=[17] | cols=[1, 2, 3, 4, 5, 6, 7, 8, 9, 10, 11] | col_header=False | row_header=False | metadata=False
Cell B19 | value='Opening stock' | fill=00000000 | rows=[18] | cols=[1] | col_header=False | row_header=False | metadata=False
Cell D19 | value='1903.1' | fill=00000000 | rows=[18] | cols=[3] | col_header=False | row_header=False | metadata=False
Cell E19 | value='1995.7' | fill=00000000 | rows=[18] | cols=[4] | col_header=False | row_header=False | metadata=False
Cell F19 | value='2024.3' | fill=00000000 | rows=[18] | cols=[5] | col_header=False | row_header=False | metadata=False
Cell G19 | value='1987.1' | fill=00000000 | rows=[18] | cols=[6] | col_header=False | row_header=False | metadata=False
Cell H19 | value='2118.1' | fill=00000000 | rows=[18] | cols=[7] | col_header=False | row_header=False | metadata=False
Cell I19 | value='2095.1' | fill=00000000 | rows=[18] | cols=[8] | col_header=False | row_header=False | metadata=False
Cell J19 | value='2083' | fill=00000000 | rows=[18] | cols=[9] | col_header=False | row_header=False | metadata=False
Cell K19 | value='2093.5' | fill=00000000 | rows=[18] | cols=[10] | col_header=False | row_header=False | metadata=False
Cell L19 | value='2471.3' | fill=00000000 | rows=[18] | cols=[11] | col_header=False | row_header=False | metadata=False
Cell M19 | value='2477.3' | fill=00000000 | rows=[18] | cols=[12] | col_header=False | row_header=False | metadata=False
Cell B20 | value='Total additions to stock' | fill=00000000 | rows=[19] | cols=[1] | col_header=False | row_header=False | metadata=False
Cell D20 | value='233.9' | fill=00000000 | rows=[19] | cols=[3] | col_header=False | row_header=False | metadata=False
Cell E20 | value='170' | fill=00000000 | rows=[19] | cols=[4] | col_header=False | row_header=False | metadata=False
Cell F20 | value='106.5' | fill=00000000 | rows=[19] | cols=[5] | col_header=False | row_header=False | metadata=False
Cell G20 | value='280.1' | fill=00000000 | rows=[19] | cols=[6] | col_header=False | row_header=False | metadata=False
Cell H20 | value='136.9' | fill=00000000 | rows=[19] | cols=[7] | col_header=False | row_header=False | metadata=False
Cell I20 | value='161.3' | fill=00000000 | rows=[19] | cols=[8] | col_header=False | row_header=False | metadata=False
Cell J20 | value='188.3' | fill=00000000 | rows=[19] | cols=[9] | col_header=False | row_header=False | metadata=False
Cell K20 | value='549.3' | fill=00000000 | rows=[19] | cols=[10] | col_header=False | row_header=False | metadata=False
Cell L20 | value='172.9' | fill=00000000 | rows=[19] | cols=[11] | col_header=False | row_header=False | metadata=False
Cell M20 | value='179.4' | fill=00000000 | rows=[19] | cols=[12] | col_header=False | row_header=False | metadata=False
Cell B21 | value='·  Upward reappraisals' | fill=00000000 | rows=[20] | cols=[1] | col_header=False | row_header=False | metadata=False
Cell D21 | value='233.9' | fill=00000000 | rows=[20] | cols=[3] | col_header=False | row_header=False | metadata=False
Cell E21 | value='170' | fill=00000000 | rows=[20] | cols=[4] | col_header=False | row_header=False | metadata=False
Cell F21 | value='106.5' | fill=00000000 | rows=[20] | cols=[5] | col_header=False | row_header=False | metadata=False
Cell G21 | value='280.1' | fill=00000000 | rows=[20] | cols=[6] | col_header=False | row_header=False | metadata=False
Cell H21 | value='136.9' | fill=00000000 | rows=[20] | cols=[7] | col_header=False | row_header=False | metadata=False
Cell I21 | value='161.3' | fill=00000000 | rows=[20] | cols=[8] | col_header=False | row_header=False | metadata=False
Cell J21 | value='188.3' | fill=00000000 | rows=[20] | cols=[9] | col_header=False | row_header=False | metadata=False
Cell K21 | value='549.3' | fill=00000000 | rows=[20] | cols=[10] | col_header=False | row_header=False | metadata=False
Cell L21 | value='172.9' | fill=00000000 | rows=[20] | cols=[11] | col_header=False | row_header=False | metadata=False
Cell M21 | value='179.4' | fill=00000000 | rows=[20] | cols=[12] | col_header=False | row_header=False | metadata=False
Cell B22 | value='Total reductions in stock' | fill=00000000 | rows=[21] | cols=[1] | col_header=False | row_header=False | metadata=False
Cell D22 | value='141.3' | fill=00000000 | rows=[21] | cols=[3] | col_header=False | row_header=False | metadata=False
Cell E22 | value='141.4' | fill=00000000 | rows=[21] | cols=[4] | col_header=False | row_header=False | metadata=False
Cell F22 | value='147.1' | fill=00000000 | rows=[21] | cols=[5] | col_header=False | row_header=False | metadata=False
Cell G22 | value='149.1' | fill=00000000 | rows=[21] | cols=[6] | col_header=False | row_header=False | metadata=False
Cell H22 | value='159.8' | fill=00000000 | rows=[21] | cols=[7] | col_header=False | row_header=False | metadata=False
Cell I22 | value='173.5' | fill=00000000 | rows=[21] | cols=[8] | col_header=False | row_header=False | metadata=False
Cell J22 | value='177.8' | fill=00000000 | rows=[21] | cols=[9] | col_header=False | row_header=False | metadata=False
Cell K22 | value='171.5' | fill=00000000 | rows=[21] | cols=[10] | col_header=False | row_header=False | metadata=False
Cell L22 | value='166.9' | fill=00000000 | rows=[21] | cols=[11] | col_header=False | row_header=False | metadata=False
Cell M22 | value='173.5' | fill=00000000 | rows=[21] | cols=[12] | col_header=False | row_header=False | metadata=False
Cell B23 | value='·  Extractions' | fill=00000000 | rows=[22] | cols=[1] | col_header=False | row_header=False | metadata=False
Cell D23 | value='141.3' | fill=00000000 | rows=[22] | cols=[3] | col_header=False | row_header=False | metadata=False
Cell E23 | value='141.4' | fill=00000000 | rows=[22] | cols=[4] | col_header=False | row_header=False | metadata=False
Cell F23 | value='147.1' | fill=00000000 | rows=[22] | cols=[5] | col_header=False | row_header=False | metadata=False
Cell G23 | value='149.1' | fill=00000000 | rows=[22] | cols=[6] | col_header=False | row_header=False | metadata=False
Cell H23 | value='159.8' | fill=00000000 | rows=[22] | cols=[7] | col_header=False | row_header=False | metadata=False
Cell I23 | value='173.5' | fill=00000000 | rows=[22] | cols=[8] | col_header=False | row_header=False | metadata=False
Cell J23 | value='177.8' | fill=00000000 | rows=[22] | cols=[9] | col_header=False | row_header=False | metadata=False
Cell K23 | value='171.5' | fill=00000000 | rows=[22] | cols=[10] | col_header=False | row_header=False | metadata=False
Cell L23 | value='166.9' | fill=00000000 | rows=[22] | cols=[11] | col_header=False | row_header=False | metadata=False
Cell M23 | value='173.5' | fill=00000000 | rows=[22] | cols=[12] | col_header=False | row_header=False | metadata=False
Cell B24 | value='Closing stock' | fill=00000000 | rows=[23] | cols=[1] | col_header=False | row_header=False | metadata=False
Cell D24 | value='1995.7' | fill=00000000 | rows=[23] | cols=[3] | col_header=False | row_header=False | metadata=False
Cell E24 | value='2024.3' | fill=00000000 | rows=[23] | cols=[4] | col_header=False | row_header=False | metadata=False
Cell F24 | value='1983.7' | fill=00000000 | rows=[23] | cols=[5] | col_header=False | row_header=False | metadata=False
Cell G24 | value='2118.1' | fill=00000000 | rows=[23] | cols=[6] | col_header=False | row_header=False | metadata=False
Cell H24 | value='2095.1' | fill=00000000 | rows=[23] | cols=[7] | col_header=False | row_header=False | metadata=False
Cell I24 | value='2083' | fill=00000000 | rows=[23] | cols=[8] | col_header=False | row_header=False | metadata=False
Cell J24 | value='2093.5' | fill=00000000 | rows=[23] | cols=[9] | col_header=False | row_header=False | metadata=False
Cell K24 | value='2471.3' | fill=00000000 | rows=[23] | cols=[10] | col_header=False | row_header=False | metadata=False
Cell L24 | value='2477.3' | fill=00000000 | rows=[23] | cols=[11] | col_header=False | row_header=False | metadata=False
Cell M24 | value='2483.2' | fill=00000000 | rows=[23] | cols=[12] | col_header=False | row_header=False | metadata=False
Cell B25 | value='Discrepancies' | fill=00000000 | rows=[24] | cols=[1] | col_header=False | row_header=False | metadata=False
Cell D25 | value='0' | fill=00000000 | rows=[24] | cols=[3] | col_header=False | row_header=False | metadata=False
Cell E25 | value='0' | fill=00000000 | rows=[24] | cols=[4] | col_header=False | row_header=False | metadata=False
Cell F25 | value='0' | fill=00000000 | rows=[24] | cols=[5] | col_header=False | row_header=False | metadata=False
Cell G25 | value='0' | fill=00000000 | rows=[24] | cols=[6] | col_header=False | row_header=False | metadata=False
Cell H25 | value='-0.1' | fill=00000000 | rows=[24] | cols=[7] | col_header=False | row_header=False | metadata=False
Cell I25 | value='0.10000000000008' | fill=00000000 | rows=[24] | cols=[8] | col_header=False | row_header=False | metadata=False
Cell J25 | value='0' | fill=00000000 | rows=[24] | cols=[9] | col_header=False | row_header=False | metadata=False
Cell K25 | value='0' | fill=00000000 | rows=[24] | cols=[10] | col_header=False | row_header=False | metadata=False
Cell L25 | value='0' | fill=00000000 | rows=[24] | cols=[11] | col_header=False | row_header=False | metadata=False
Cell M25 | value='0' | fill=00000000 | rows=[24] | cols=[12] | col_header=False | row_header=False | metadata=False
Cell B26 | value='Resource: Iron-Ore' | fill=FFB7DEF6 | rows=[25] | cols=[1, 2, 3, 4, 5, 6, 7, 8, 9, 10, 11] | col_header=False | row_header=False | metadata=False
Cell B27 | value='Combined unit of measure: Tonnes, Billions' | fill=FFB7DEF6 | rows=[26] | cols=[1, 2, 3, 4, 5, 6, 7, 8, 9, 10, 11] | col_header=False | row_header=False | metadata=False
Cell B28 | value='Opening stock' | fill=00000000 | rows=[27] | cols=[1] | col_header=False | row_header=False | metadata=False
Cell D28 | value='3.123' | fill=00000000 | rows=[27] | cols=[3] | col_header=False | row_header=False | metadata=False
Cell E28 | value='3.283' | fill=00000000 | rows=[27] | cols=[4] | col_header=False | row_header=False | metadata=False
Cell F28 | value='3.559' | fill=00000000 | rows=[27] | cols=[5] | col_header=False | row_header=False | metadata=False
Cell G28 | value='4.141' | fill=00000000 | rows=[27] | cols=[6] | col_header=False | row_header=False | metadata=False
Cell H28 | value='3.005' | fill=00000000 | rows=[27] | cols=[7] | col_header=False | row_header=False | metadata=False
Cell I28 | value='2.959' | fill=00000000 | rows=[27] | cols=[8] | col_header=False | row_header=False | metadata=False
Cell J28 | value='2.902' | fill=00000000 | rows=[27] | cols=[9] | col_header=False | row_header=False | metadata=False
Cell K28 | value='3.523' | fill=00000000 | rows=[27] | cols=[10] | col_header=False | row_header=False | metadata=False
Cell L28 | value='3.468' | fill=00000000 | rows=[27] | cols=[11] | col_header=False | row_header=False | metadata=False
Cell M28 | value='3.409' | fill=00000000 | rows=[27] | cols=[12] | col_header=False | row_header=False | metadata=False
Cell B29 | value='Total additions to stock' | fill=00000000 | rows=[28] | cols=[1] | col_header=False | row_header=False | metadata=False
Cell D29 | value='0.199' | fill=00000000 | rows=[28] | cols=[3] | col_header=False | row_header=False | metadata=False
Cell E29 | value='0.318' | fill=00000000 | rows=[28] | cols=[4] | col_header=False | row_header=False | metadata=False
Cell F29 | value='0.625' | fill=00000000 | rows=[28] | cols=[5] | col_header=False | row_header=False | metadata=False
Cell H29 | value='0.001' | fill=00000000 | rows=[28] | cols=[7] | col_header=False | row_header=False | metadata=False
Cell J29 | value='0.674' | fill=00000000 | rows=[28] | cols=[9] | col_header=False | row_header=False | metadata=False
Cell K29 | value='0.001' | fill=00000000 | rows=[28] | cols=[10] | col_header=False | row_header=False | metadata=False
Cell B30 | value='·  Upward reappraisals' | fill=00000000 | rows=[29] | cols=[1] | col_header=False | row_header=False | metadata=False
Cell D30 | value='0.199' | fill=00000000 | rows=[29] | cols=[3] | col_header=False | row_header=False | metadata=False
Cell E30 | value='0.318' | fill=00000000 | rows=[29] | cols=[4] | col_header=False | row_header=False | metadata=False
Cell F30 | value='0.625' | fill=00000000 | rows=[29] | cols=[5] | col_header=False | row_header=False | metadata=False
Cell H30 | value='0.001' | fill=00000000 | rows=[29] | cols=[7] | col_header=False | row_header=False | metadata=False
Cell J30 | value='0.674' | fill=00000000 | rows=[29] | cols=[9] | col_header=False | row_header=False | metadata=False
Cell K30 | value='0.001' | fill=00000000 | rows=[29] | cols=[10] | col_header=False | row_header=False | metadata=False
Cell B31 | value='Total reductions in stock' | fill=00000000 | rows=[30] | cols=[1] | col_header=False | row_header=False | metadata=False
Cell D31 | value='0.0394' | fill=00000000 | rows=[30] | cols=[3] | col_header=False | row_header=False | metadata=False
Cell E31 | value='0.042' | fill=00000000 | rows=[30] | cols=[4] | col_header=False | row_header=False | metadata=False
Cell F31 | value='0.043' | fill=00000000 | rows=[30] | cols=[5] | col_header=False | row_header=False | metadata=False
Cell G31 | value='1.136' | fill=00000000 | rows=[30] | cols=[6] | col_header=False | row_header=False | metadata=False
Cell H31 | value='0.047' | fill=00000000 | rows=[30] | cols=[7] | col_header=False | row_header=False | metadata=False
Cell I31 | value='0.057' | fill=00000000 | rows=[30] | cols=[8] | col_header=False | row_header=False | metadata=False
Cell J31 | value='0.053' | fill=00000000 | rows=[30] | cols=[9] | col_header=False | row_header=False | metadata=False
Cell K31 | value='0.056' | fill=00000000 | rows=[30] | cols=[10] | col_header=False | row_header=False | metadata=False
Cell L31 | value='0.059' | fill=00000000 | rows=[30] | cols=[11] | col_header=False | row_header=False | metadata=False
Cell M31 | value='0.0579' | fill=00000000 | rows=[30] | cols=[12] | col_header=False | row_header=False | metadata=False
Cell B32 | value='·  Extractions' | fill=00000000 | rows=[31] | cols=[1] | col_header=False | row_header=False | metadata=False
Cell D32 | value='0.0394' | fill=00000000 | rows=[31] | cols=[3] | col_header=False | row_header=False | metadata=False
Cell E32 | value='0.042' | fill=00000000 | rows=[31] | cols=[4] | col_header=False | row_header=False | metadata=False
Cell F32 | value='0.043' | fill=00000000 | rows=[31] | cols=[5] | col_header=False | row_header=False | metadata=False
Cell G32 | value='0.046' | fill=00000000 | rows=[31] | cols=[6] | col_header=False | row_header=False | metadata=False
Cell H32 | value='0.047' | fill=00000000 | rows=[31] | cols=[7] | col_header=False | row_header=False | metadata=False
Cell I32 | value='0.043' | fill=00000000 | rows=[31] | cols=[8] | col_header=False | row_header=False | metadata=False
Cell J32 | value='0.053' | fill=00000000 | rows=[31] | cols=[9] | col_header=False | row_header=False | metadata=False
Cell K32 | value='0.056' | fill=00000000 | rows=[31] | cols=[10] | col_header=False | row_header=False | metadata=False
Cell L32 | value='0.0586' | fill=00000000 | rows=[31] | cols=[11] | col_header=False | row_header=False | metadata=False
Cell M32 | value='0.0575' | fill=00000000 | rows=[31] | cols=[12] | col_header=False | row_header=False | metadata=False
Cell B33 | value='·  Downward reappraisals' | fill=00000000 | rows=[32] | cols=[1] | col_header=False | row_header=False | metadata=False
Cell G33 | value='1.09' | fill=00000000 | rows=[32] | cols=[6] | col_header=False | row_header=False | metadata=False
Cell I33 | value='0.014' | fill=00000000 | rows=[32] | cols=[8] | col_header=False | row_header=False | metadata=False
Cell L33 | value='0' | fill=00000000 | rows=[32] | cols=[11] | col_header=False | row_header=False | metadata=False
Cell M33 | value='0' | fill=00000000 | rows=[32] | cols=[12] | col_header=False | row_header=False | metadata=False
Cell B34 | value='Closing stock' | fill=00000000 | rows=[33] | cols=[1] | col_header=False | row_header=False | metadata=False
Cell D34 | value='3.283' | fill=00000000 | rows=[33] | cols=[3] | col_header=False | row_header=False | metadata=False
Cell E34 | value='3.559' | fill=00000000 | rows=[33] | cols=[4] | col_header=False | row_header=False | metadata=False
Cell F34 | value='4.141' | fill=00000000 | rows=[33] | cols=[5] | col_header=False | row_header=False | metadata=False
Cell G34 | value='3.005' | fill=00000000 | rows=[33] | cols=[6] | col_header=False | row_header=False | metadata=False
Cell H34 | value='2.959' | fill=00000000 | rows=[33] | cols=[7] | col_header=False | row_header=False | metadata=False
Cell I34 | value='2.902' | fill=00000000 | rows=[33] | cols=[8] | col_header=False | row_header=False | metadata=False
Cell J34 | value='3.523' | fill=00000000 | rows=[33] | cols=[9] | col_header=False | row_header=False | metadata=False
Cell K34 | value='3.468' | fill=00000000 | rows=[33] | cols=[10] | col_header=False | row_header=False | metadata=False
Cell L34 | value='3.409' | fill=00000000 | rows=[33] | cols=[11] | col_header=False | row_header=False | metadata=False
Cell M34 | value='3.3511' | fill=00000000 | rows=[33] | cols=[12] | col_header=False | row_header=False | metadata=False
Cell B35 | value='Discrepancies' | fill=00000000 | rows=[34] | cols=[1] | col_header=False | row_header=False | metadata=False
Cell D35 | value='0' | fill=00000000 | rows=[34] | cols=[3] | col_header=False | row_header=False | metadata=False
Cell E35 | value='0' | fill=00000000 | rows=[34] | cols=[4] | col_header=False | row_header=False | metadata=False
Cell F35 | value='0' | fill=00000000 | rows=[34] | cols=[5] | col_header=False | row_header=False | metadata=False
Cell G35 | value='0' | fill=00000000 | rows=[34] | cols=[6] | col_header=False | row_header=False | metadata=False
Cell H35 | value='0' | fill=00000000 | rows=[34] | cols=[7] | col_header=False | row_header=False | metadata=False
Cell I35 | value='0' | fill=00000000 | rows=[34] | cols=[8] | col_header=False | row_header=False | metadata=False
Cell J35 | value='0' | fill=00000000 | rows=[34] | cols=[9] | col_header=False | row_header=False | metadata=False
Cell K35 | value='0' | fill=00000000 | rows=[34] | cols=[10] | col_header=False | row_header=False | metadata=False
Cell L35 | value='0' | fill=00000000 | rows=[34] | cols=[11] | col_header=False | row_header=False | metadata=False
Cell M35 | value='0' | fill=00000000 | rows=[34] | cols=[12] | col_header=False | row_header=False | metadata=False
Cell B36 | value='Resource: Copper' | fill=FFB7DEF6 | rows=[35] | cols=[1, 2, 3, 4, 5, 6, 7, 8, 9, 10, 11] | col_header=False | row_header=False | metadata=False
Cell B37 | value='Combined unit of measure: Tonnes, Millions' | fill=FFB7DEF6 | rows=[36] | cols=[1, 2, 3, 4, 5, 6, 7, 8, 9, 10, 11] | col_header=False | row_header=False | metadata=False
Cell B38 | value='Opening stock' | fill=00000000 | rows=[37] | cols=[1] | col_header=False | row_header=False | metadata=False
Cell D38 | value='10.57' | fill=00000000 | rows=[37] | cols=[3] | col_header=False | row_header=False | metadata=False
Cell E38 | value='10.364' | fill=00000000 | rows=[37] | cols=[4] | col_header=False | row_header=False | metadata=False
Cell F38 | value='10.777' | fill=00000000 | rows=[37] | cols=[5] | col_header=False | row_header=False | metadata=False
Cell G38 | value='10.2145' | fill=00000000 | rows=[37] | cols=[6] | col_header=False | row_header=False | metadata=False
Cell H38 | value='9.9372' | fill=00000000 | rows=[37] | cols=[7] | col_header=False | row_header=False | metadata=False
Cell I38 | value='9.101' | fill=00000000 | rows=[37] | cols=[8] | col_header=False | row_header=False | metadata=False
Cell J38 | value='8.984' | fill=00000000 | rows=[37] | cols=[9] | col_header=False | row_header=False | metadata=False
Cell K38 | value='8.115' | fill=00000000 | rows=[37] | cols=[10] | col_header=False | row_header=False | metadata=False
Cell L38 | value='7.348' | fill=00000000 | rows=[37] | cols=[11] | col_header=False | row_header=False | metadata=False
Cell M38 | value='7.001' | fill=00000000 | rows=[37] | cols=[12] | col_header=False | row_header=False | metadata=False
Cell B39 | value='Total additions to stock' | fill=00000000 | rows=[38] | cols=[1] | col_header=False | row_header=False | metadata=False
Cell D39 | value='0.3545' | fill=00000000 | rows=[38] | cols=[3] | col_header=False | row_header=False | metadata=False
Cell E39 | value='1.0339' | fill=00000000 | rows=[38] | cols=[4] | col_header=False | row_header=False | metadata=False
Cell F39 | value='0.092' | fill=00000000 | rows=[38] | cols=[5] | col_header=False | row_header=False | metadata=False
Cell G39 | value='0.42' | fill=00000000 | rows=[38] | cols=[6] | col_header=False | row_header=False | metadata=False
Cell I39 | value='0.4631' | fill=00000000 | rows=[38] | cols=[8] | col_header=False | row_header=False | metadata=False
Cell L39 | value='0.232' | fill=00000000 | rows=[38] | cols=[11] | col_header=False | row_header=False | metadata=False
Cell M39 | value='1.1606' | fill=00000000 | rows=[38] | cols=[12] | col_header=False | row_header=False | metadata=False
Cell B40 | value='·  Upward reappraisals' | fill=00000000 | rows=[39] | cols=[1] | col_header=False | row_header=False | metadata=False
Cell D40 | value='0.3545' | fill=00000000 | rows=[39] | cols=[3] | col_header=False | row_header=False | metadata=False
Cell E40 | value='1.0339' | fill=00000000 | rows=[39] | cols=[4] | col_header=False | row_header=False | metadata=False
Cell F40 | value='0.092' | fill=00000000 | rows=[39] | cols=[5] | col_header=False | row_header=False | metadata=False
Cell G40 | value='0.42' | fill=00000000 | rows=[39] | cols=[6] | col_header=False | row_header=False | metadata=False
Cell I40 | value='0.4631' | fill=00000000 | rows=[39] | cols=[8] | col_header=False | row_header=False | metadata=False
Cell L40 | value='0.232' | fill=00000000 | rows=[39] | cols=[11] | col_header=False | row_header=False | metadata=False
Cell M40 | value='1.1606' | fill=00000000 | rows=[39] | cols=[12] | col_header=False | row_header=False | metadata=False
Cell B41 | value='Total reductions in stock' | fill=00000000 | rows=[40] | cols=[1] | col_header=False | row_header=False | metadata=False
Cell D41 | value='0.5605' | fill=00000000 | rows=[40] | cols=[3] | col_header=False | row_header=False | metadata=False
Cell E41 | value='0.6209' | fill=00000000 | rows=[40] | cols=[4] | col_header=False | row_header=False | metadata=False
Cell F41 | value='0.6545' | fill=00000000 | rows=[40] | cols=[5] | col_header=False | row_header=False | metadata=False
Cell G41 | value='0.6973' | fill=00000000 | rows=[40] | cols=[6] | col_header=False | row_header=False | metadata=False
Cell H41 | value='0.8362' | fill=00000000 | rows=[40] | cols=[7] | col_header=False | row_header=False | metadata=False
Cell I41 | value='0.5801' | fill=00000000 | rows=[40] | cols=[8] | col_header=False | row_header=False | metadata=False
Cell J41 | value='0.869' | fill=00000000 | rows=[40] | cols=[9] | col_header=False | row_header=False | metadata=False
Cell K41 | value='0.767' | fill=00000000 | rows=[40] | cols=[10] | col_header=False | row_header=False | metadata=False
Cell L41 | value='0.579' | fill=00000000 | rows=[40] | cols=[11] | col_header=False | row_header=False | metadata=False
Cell M41 | value='0.5416' | fill=00000000 | rows=[40] | cols=[12] | col_header=False | row_header=False | metadata=False
Cell B42 | value='·  Extractions' | fill=00000000 | rows=[41] | cols=[1] | col_header=False | row_header=False | metadata=False
Cell D42 | value='0.5605' | fill=00000000 | rows=[41] | cols=[3] | col_header=False | row_header=False | metadata=False
Cell E42 | value='0.6209' | fill=00000000 | rows=[41] | cols=[4] | col_header=False | row_header=False | metadata=False
Cell F42 | value='0.6545' | fill=00000000 | rows=[41] | cols=[5] | col_header=False | row_header=False | metadata=False
Cell G42 | value='0.6973' | fill=00000000 | rows=[41] | cols=[6] | col_header=False | row_header=False | metadata=False
Cell H42 | value='0.7076' | fill=00000000 | rows=[41] | cols=[7] | col_header=False | row_header=False | metadata=False
Cell I42 | value='0.5801' | fill=00000000 | rows=[41] | cols=[8] | col_header=False | row_header=False | metadata=False
Cell J42 | value='0.5275' | fill=00000000 | rows=[41] | cols=[9] | col_header=False | row_header=False | metadata=False
Cell K42 | value='0.5572' | fill=00000000 | rows=[41] | cols=[10] | col_header=False | row_header=False | metadata=False
Cell L42 | value='0.579' | fill=00000000 | rows=[41] | cols=[11] | col_header=False | row_header=False | metadata=False
Cell M42 | value='0.5416' | fill=00000000 | rows=[41] | cols=[12] | col_header=False | row_header=False | metadata=False
Cell B43 | value='·  Downward reappraisals' | fill=00000000 | rows=[42] | cols=[1] | col_header=False | row_header=False | metadata=False
Cell H43 | value='0.1286' | fill=00000000 | rows=[42] | cols=[7] | col_header=False | row_header=False | metadata=False
Cell J43 | value='0.3415' | fill=00000000 | rows=[42] | cols=[9] | col_header=False | row_header=False | metadata=False
Cell K43 | value='0.2098' | fill=00000000 | rows=[42] | cols=[10] | col_header=False | row_header=False | metadata=False
Cell B44 | value='Closing stock' | fill=00000000 | rows=[43] | cols=[1] | col_header=False | row_header=False | metadata=False
Cell D44 | value='10.364' | fill=00000000 | rows=[43] | cols=[3] | col_header=False | row_header=False | metadata=False
Cell E44 | value='10.777' | fill=00000000 | rows=[43] | cols=[4] | col_header=False | row_header=False | metadata=False
Cell F44 | value='10.2145' | fill=00000000 | rows=[43] | cols=[5] | col_header=False | row_header=False | metadata=False
Cell G44 | value='9.9372' | fill=00000000 | rows=[43] | cols=[6] | col_header=False | row_header=False | metadata=False
Cell H44 | value='9.101' | fill=00000000 | rows=[43] | cols=[7] | col_header=False | row_header=False | metadata=False
Cell I44 | value='8.984' | fill=00000000 | rows=[43] | cols=[8] | col_header=False | row_header=False | metadata=False
Cell J44 | value='8.115' | fill=00000000 | rows=[43] | cols=[9] | col_header=False | row_header=False | metadata=False
Cell K44 | value='7.348' | fill=00000000 | rows=[43] | cols=[10] | col_header=False | row_header=False | metadata=False
Cell L44 | value='7.001' | fill=00000000 | rows=[43] | cols=[11] | col_header=False | row_header=False | metadata=False
Cell M44 | value='7.62' | fill=00000000 | rows=[43] | cols=[12] | col_header=False | row_header=False | metadata=False
Cell B45 | value='Discrepancies' | fill=00000000 | rows=[44] | cols=[1] | col_header=False | row_header=False | metadata=False
Cell D45 | value='0' | fill=00000000 | rows=[44] | cols=[3] | col_header=False | row_header=False | metadata=False
Cell E45 | value='0' | fill=00000000 | rows=[44] | cols=[4] | col_header=False | row_header=False | metadata=False
Cell F45 | value='0' | fill=00000000 | rows=[44] | cols=[5] | col_header=False | row_header=False | metadata=False
Cell G45 | value='0' | fill=00000000 | rows=[44] | cols=[6] | col_header=False | row_header=False | metadata=False
Cell H45 | value='0' | fill=00000000 | rows=[44] | cols=[7] | col_header=False | row_header=False | metadata=False
Cell I45 | value='0' | fill=00000000 | rows=[44] | cols=[8] | col_header=False | row_header=False | metadata=False
Cell J45 | value='0' | fill=00000000 | rows=[44] | cols=[9] | col_header=False | row_header=False | metadata=False
Cell K45 | value='0' | fill=00000000 | rows=[44] | cols=[10] | col_header=False | row_header=False | metadata=False
Cell L45 | value='0' | fill=00000000 | rows=[44] | cols=[11] | col_header=False | row_header=False | metadata=False
Cell M45 | value='0' | fill=00000000 | rows=[44] | cols=[12] | col_header=False | row_header=False | metadata=False
Cell B46 | value='Resource: Zinc' | fill=FFB7DEF6 | rows=[45] | cols=[1, 2, 3, 4, 5, 6, 7, 8, 9, 10, 11] | col_header=False | row_header=False | metadata=False
Cell B47 | value='Combined unit of measure: Tonnes, Millions' | fill=FFB7DEF6 | rows=[46] | cols=[1, 2, 3, 4, 5, 6, 7, 8, 9, 10, 11] | col_header=False | row_header=False | metadata=False
Cell B48 | value='Opening stock' | fill=00000000 | rows=[47] | cols=[1] | col_header=False | row_header=False | metadata=False
Cell D48 | value='4.807' | fill=00000000 | rows=[47] | cols=[3] | col_header=False | row_header=False | metadata=False
Cell E48 | value='4.163' | fill=00000000 | rows=[47] | cols=[4] | col_header=False | row_header=False | metadata=False
Cell F48 | value='3.532' | fill=00000000 | rows=[47] | cols=[5] | col_header=False | row_header=False | metadata=False
Cell G48 | value='2.9724' | fill=00000000 | rows=[47] | cols=[6] | col_header=False | row_header=False | metadata=False
Cell H48 | value='3.0092' | fill=00000000 | rows=[47] | cols=[7] | col_header=False | row_header=False | metadata=False
Cell I48 | value='2.231' | fill=00000000 | rows=[47] | cols=[8] | col_header=False | row_header=False | metadata=False
Cell J48 | value='2.286' | fill=00000000 | rows=[47] | cols=[9] | col_header=False | row_header=False | metadata=False
Cell K48 | value='1.913' | fill=00000000 | rows=[47] | cols=[10] | col_header=False | row_header=False | metadata=False
Cell L48 | value='2.18' | fill=00000000 | rows=[47] | cols=[11] | col_header=False | row_header=False | metadata=False
Cell M48 | value='1.63' | fill=00000000 | rows=[47] | cols=[12] | col_header=False | row_header=False | metadata=False
Cell B49 | value='Total additions to stock' | fill=00000000 | rows=[48] | cols=[1] | col_header=False | row_header=False | metadata=False
Cell G49 | value='0.3122' | fill=00000000 | rows=[48] | cols=[6] | col_header=False | row_header=False | metadata=False
Cell I49 | value='0.3603' | fill=00000000 | rows=[48] | cols=[8] | col_header=False | row_header=False | metadata=False
Cell K49 | value='0.5364' | fill=00000000 | rows=[48] | cols=[10] | col_header=False | row_header=False | metadata=False
Cell B50 | value='·  Upward reappraisals' | fill=00000000 | rows=[49] | cols=[1] | col_header=False | row_header=False | metadata=False
Cell G50 | value='0.3122' | fill=00000000 | rows=[49] | cols=[6] | col_header=False | row_header=False | metadata=False
Cell I50 | value='0.3603' | fill=00000000 | rows=[49] | cols=[8] | col_header=False | row_header=False | metadata=False
Cell K50 | value='0.5364' | fill=00000000 | rows=[49] | cols=[10] | col_header=False | row_header=False | metadata=False
Cell B51 | value='Total reductions in stock' | fill=00000000 | rows=[50] | cols=[1] | col_header=False | row_header=False | metadata=False
Cell D51 | value='0.644' | fill=00000000 | rows=[50] | cols=[3] | col_header=False | row_header=False | metadata=False
Cell E51 | value='0.631' | fill=00000000 | rows=[50] | cols=[4] | col_header=False | row_header=False | metadata=False
Cell F51 | value='0.5596' | fill=00000000 | rows=[50] | cols=[5] | col_header=False | row_header=False | metadata=False
Cell G51 | value='0.2754' | fill=00000000 | rows=[50] | cols=[6] | col_header=False | row_header=False | metadata=False
Cell H51 | value='0.7782' | fill=00000000 | rows=[50] | cols=[7] | col_header=False | row_header=False | metadata=False
Cell I51 | value='0.3053' | fill=00000000 | rows=[50] | cols=[8] | col_header=False | row_header=False | metadata=False
Cell J51 | value='0.373' | fill=00000000 | rows=[50] | cols=[9] | col_header=False | row_header=False | metadata=False
Cell K51 | value='0.2694' | fill=00000000 | rows=[50] | cols=[10] | col_header=False | row_header=False | metadata=False
Cell L51 | value='0.55' | fill=00000000 | rows=[50] | cols=[11] | col_header=False | row_header=False | metadata=False
Cell M51 | value='0.392' | fill=00000000 | rows=[50] | cols=[12] | col_header=False | row_header=False | metadata=False
Cell B52 | value='·  Extractions' | fill=00000000 | rows=[51] | cols=[1] | col_header=False | row_header=False | metadata=False
Cell D52 | value='0.6015' | fill=00000000 | rows=[51] | cols=[3] | col_header=False | row_header=False | metadata=False
Cell E52 | value='0.4123' | fill=00000000 | rows=[51] | cols=[4] | col_header=False | row_header=False | metadata=False
Cell F52 | value='0.3226' | fill=00000000 | rows=[51] | cols=[5] | col_header=False | row_header=False | metadata=False
Cell G52 | value='0.2754' | fill=00000000 | rows=[51] | cols=[6] | col_header=False | row_header=False | metadata=False
Cell H52 | value='0.3012' | fill=00000000 | rows=[51] | cols=[7] | col_header=False | row_header=False | metadata=False
Cell I52 | value='0.3053' | fill=00000000 | rows=[51] | cols=[8] | col_header=False | row_header=False | metadata=False
Cell J52 | value='0.2692' | fill=00000000 | rows=[51] | cols=[9] | col_header=False | row_header=False | metadata=False
Cell K52 | value='0.2694' | fill=00000000 | rows=[51] | cols=[10] | col_header=False | row_header=False | metadata=False
Cell L52 | value='0.2475' | fill=00000000 | rows=[51] | cols=[11] | col_header=False | row_header=False | metadata=False
Cell M52 | value='0.3102' | fill=00000000 | rows=[51] | cols=[12] | col_header=False | row_header=False | metadata=False
Cell B53 | value='·  Downward reappraisals' | fill=00000000 | rows=[52] | cols=[1] | col_header=False | row_header=False | metadata=False
Cell D53 | value='0.0425' | fill=00000000 | rows=[52] | cols=[3] | col_header=False | row_header=False | metadata=False
Cell E53 | value='0.2187' | fill=00000000 | rows=[52] | cols=[4] | col_header=False | row_header=False | metadata=False
Cell F53 | value='0.237' | fill=00000000 | rows=[52] | cols=[5] | col_header=False | row_header=False | metadata=False
Cell H53 | value='0.477' | fill=00000000 | rows=[52] | cols=[7] | col_header=False | row_header=False | metadata=False
Cell J53 | value='0.1038' | fill=00000000 | rows=[52] | cols=[9] | col_header=False | row_header=False | metadata=False
Cell L53 | value='0.3025' | fill=00000000 | rows=[52] | cols=[11] | col_header=False | row_header=False | metadata=False
Cell M53 | value='0.0818' | fill=00000000 | rows=[52] | cols=[12] | col_header=False | row_header=False | metadata=False
Cell B54 | value='Closing stock' | fill=00000000 | rows=[53] | cols=[1] | col_header=False | row_header=False | metadata=False
Cell D54 | value='4.163' | fill=00000000 | rows=[53] | cols=[3] | col_header=False | row_header=False | metadata=False
Cell E54 | value='3.532' | fill=00000000 | rows=[53] | cols=[4] | col_header=False | row_header=False | metadata=False
Cell F54 | value='2.9724' | fill=00000000 | rows=[53] | cols=[5] | col_header=False | row_header=False | metadata=False
Cell G54 | value='3.0092' | fill=00000000 | rows=[53] | cols=[6] | col_header=False | row_header=False | metadata=False
Cell H54 | value='2.231' | fill=00000000 | rows=[53] | cols=[7] | col_header=False | row_header=False | metadata=False
Cell I54 | value='2.286' | fill=00000000 | rows=[53] | cols=[8] | col_header=False | row_header=False | metadata=False
Cell J54 | value='1.913' | fill=00000000 | rows=[53] | cols=[9] | col_header=False | row_header=False | metadata=False
Cell K54 | value='2.18' | fill=00000000 | rows=[53] | cols=[10] | col_header=False | row_header=False | metadata=False
Cell L54 | value='1.63' | fill=00000000 | rows=[53] | cols=[11] | col_header=False | row_header=False | metadata=False
Cell M54 | value='1.238' | fill=00000000 | rows=[53] | cols=[12] | col_header=False | row_header=False | metadata=False
Cell B55 | value='Discrepancies' | fill=00000000 | rows=[54] | cols=[1] | col_header=False | row_header=False | metadata=False
Cell D55 | value='0' | fill=00000000 | rows=[54] | cols=[3] | col_header=False | row_header=False | metadata=False
Cell E55 | value='0' | fill=00000000 | rows=[54] | cols=[4] | col_header=False | row_header=False | metadata=False
Cell F55 | value='0' | fill=00000000 | rows=[54] | cols=[5] | col_header=False | row_header=False | metadata=False
Cell G55 | value='0' | fill=00000000 | rows=[54] | cols=[6] | col_header=False | row_header=False | metadata=False
Cell H55 | value='0' | fill=00000000 | rows=[54] | cols=[7] | col_header=False | row_header=False | metadata=False
Cell I55 | value='0' | fill=00000000 | rows=[54] | cols=[8] | col_header=False | row_header=False | metadata=False
Cell J55 | value='0' | fill=00000000 | rows=[54] | cols=[9] | col_header=False | row_header=False | metadata=False
Cell K55 | value='0' | fill=00000000 | rows=[54] | cols=[10] | col_header=False | row_header=False | metadata=False
Cell L55 | value='0' | fill=00000000 | rows=[54] | cols=[11] | col_header=False | row_header=False | metadata=False
Cell M55 | value='0' | fill=00000000 | rows=[54] | cols=[12] | col_header=False | row_header=False | metadata=False
Cell B56 | value='Resource: Lead' | fill=FFB7DEF6 | rows=[55] | cols=[1, 2, 3, 4, 5, 6, 7, 8, 9, 10, 11] | col_header=False | row_header=False | metadata=False
Cell B57 | value='Combined unit of measure: Tonnes, Millions' | fill=FFB7DEF6 | rows=[56] | cols=[1, 2, 3, 4, 5, 6, 7, 8, 9, 10, 11] | col_header=False | row_header=False | metadata=False
Cell B58 | value='Opening stock' | fill=00000000 | rows=[57] | cols=[1] | col_header=False | row_header=False | metadata=False
Cell D58 | value='0.247' | fill=00000000 | rows=[57] | cols=[3] | col_header=False | row_header=False | metadata=False
Cell E58 | value='0.126' | fill=00000000 | rows=[57] | cols=[4] | col_header=False | row_header=False | metadata=False
Cell F58 | value='0.116' | fill=00000000 | rows=[57] | cols=[5] | col_header=False | row_header=False | metadata=False
Cell G58 | value='0.088' | fill=00000000 | rows=[57] | cols=[6] | col_header=False | row_header=False | metadata=False
Cell H58 | value='0.083' | fill=00000000 | rows=[57] | cols=[7] | col_header=False | row_header=False | metadata=False
Cell I58 | value='0.04' | fill=00000000 | rows=[57] | cols=[8] | col_header=False | row_header=False | metadata=False
Cell J58 | value='0.165' | fill=00000000 | rows=[57] | cols=[9] | col_header=False | row_header=False | metadata=False
Cell K58 | value='0.118' | fill=00000000 | rows=[57] | cols=[10] | col_header=False | row_header=False | metadata=False
Cell L58 | value='0.203' | fill=00000000 | rows=[57] | cols=[11] | col_header=False | row_header=False | metadata=False
Cell M58 | value='0.176' | fill=00000000 | rows=[57] | cols=[12] | col_header=False | row_header=False | metadata=False
Cell B59 | value='Total additions to stock' | fill=00000000 | rows=[58] | cols=[1] | col_header=False | row_header=False | metadata=False
Cell E59 | value='0.0129' | fill=00000000 | rows=[58] | cols=[4] | col_header=False | row_header=False | metadata=False
Cell I59 | value='0.1385' | fill=00000000 | rows=[58] | cols=[8] | col_header=False | row_header=False | metadata=False
Cell K59 | value='0.1065' | fill=00000000 | rows=[58] | cols=[10] | col_header=False | row_header=False | metadata=False
Cell M59 | value='0.0251' | fill=00000000 | rows=[58] | cols=[12] | col_header=False | row_header=False | metadata=False
Cell B60 | value='·  Upward reappraisals' | fill=00000000 | rows=[59] | cols=[1] | col_header=False | row_header=False | metadata=False
Cell E60 | value='0.0129' | fill=00000000 | rows=[59] | cols=[4] | col_header=False | row_header=False | metadata=False
Cell I60 | value='0.1385' | fill=00000000 | rows=[59] | cols=[8] | col_header=False | row_header=False | metadata=False
Cell K60 | value='0.1065' | fill=00000000 | rows=[59] | cols=[10] | col_header=False | row_header=False | metadata=False
Cell M60 | value='0.0251' | fill=00000000 | rows=[59] | cols=[12] | col_header=False | row_header=False | metadata=False
Cell B61 | value='Total reductions in stock' | fill=00000000 | rows=[60] | cols=[1] | col_header=False | row_header=False | metadata=False
Cell D61 | value='0.121' | fill=00000000 | rows=[60] | cols=[3] | col_header=False | row_header=False | metadata=False
Cell E61 | value='0.0229' | fill=00000000 | rows=[60] | cols=[4] | col_header=False | row_header=False | metadata=False
Cell F61 | value='0.028' | fill=00000000 | rows=[60] | cols=[5] | col_header=False | row_header=False | metadata=False
Cell G61 | value='0.005' | fill=00000000 | rows=[60] | cols=[6] | col_header=False | row_header=False | metadata=False
Cell H61 | value='0.043' | fill=00000000 | rows=[60] | cols=[7] | col_header=False | row_header=False | metadata=False
Cell I61 | value='0.0135' | fill=00000000 | rows=[60] | cols=[8] | col_header=False | row_header=False | metadata=False
Cell J61 | value='0.047' | fill=00000000 | rows=[60] | cols=[9] | col_header=False | row_header=False | metadata=False
Cell K61 | value='0.0215' | fill=00000000 | rows=[60] | cols=[10] | col_header=False | row_header=False | metadata=False
Cell M61 | value='0.0701' | fill=00000000 | rows=[60] | cols=[12] | col_header=False | row_header=False | metadata=False
Cell B62 | value='·  Extractions' | fill=00000000 | rows=[61] | cols=[1] | col_header=False | row_header=False | metadata=False
Cell D62 | value='0.062' | fill=00000000 | rows=[61] | cols=[3] | col_header=False | row_header=False | metadata=False
Cell E62 | value='0.0229' | fill=00000000 | rows=[61] | cols=[4] | col_header=False | row_header=False | metadata=False
Cell F62 | value='0.0036' | fill=00000000 | rows=[61] | cols=[5] | col_header=False | row_header=False | metadata=False
Cell G62 | value='0.0037' | fill=00000000 | rows=[61] | cols=[6] | col_header=False | row_header=False | metadata=False
Cell H62 | value='0.012' | fill=00000000 | rows=[61] | cols=[7] | col_header=False | row_header=False | metadata=False
Cell I62 | value='0.0135' | fill=00000000 | rows=[61] | cols=[8] | col_header=False | row_header=False | metadata=False
Cell J62 | value='0.0191' | fill=00000000 | rows=[61] | cols=[9] | col_header=False | row_header=False | metadata=False
Cell K62 | value='0.0215' | fill=00000000 | rows=[61] | cols=[10] | col_header=False | row_header=False | metadata=False
Cell M62 | value='0.0701' | fill=00000000 | rows=[61] | cols=[12] | col_header=False | row_header=False | metadata=False
Cell B63 | value='·  Downward reappraisals' | fill=00000000 | rows=[62] | cols=[1] | col_header=False | row_header=False | metadata=False
Cell D63 | value='0.059' | fill=00000000 | rows=[62] | cols=[3] | col_header=False | row_header=False | metadata=False
Cell F63 | value='0.0244' | fill=00000000 | rows=[62] | cols=[5] | col_header=False | row_header=False | metadata=False
Cell G63 | value='0.0013' | fill=00000000 | rows=[62] | cols=[6] | col_header=False | row_header=False | metadata=False
Cell H63 | value='0.031' | fill=00000000 | rows=[62] | cols=[7] | col_header=False | row_header=False | metadata=False
Cell J63 | value='0.0279' | fill=00000000 | rows=[62] | cols=[9] | col_header=False | row_header=False | metadata=False
Cell B64 | value='Closing stock' | fill=00000000 | rows=[63] | cols=[1] | col_header=False | row_header=False | metadata=False
Cell D64 | value='0.126' | fill=00000000 | rows=[63] | cols=[3] | col_header=False | row_header=False | metadata=False
Cell E64 | value='0.116' | fill=00000000 | rows=[63] | cols=[4] | col_header=False | row_header=False | metadata=False
Cell F64 | value='0.088' | fill=00000000 | rows=[63] | cols=[5] | col_header=False | row_header=False | metadata=False
Cell G64 | value='0.083' | fill=00000000 | rows=[63] | cols=[6] | col_header=False | row_header=False | metadata=False
Cell H64 | value='0.04' | fill=00000000 | rows=[63] | cols=[7] | col_header=False | row_header=False | metadata=False
Cell I64 | value='0.165' | fill=00000000 | rows=[63] | cols=[8] | col_header=False | row_header=False | metadata=False
Cell J64 | value='0.118' | fill=00000000 | rows=[63] | cols=[9] | col_header=False | row_header=False | metadata=False
Cell K64 | value='0.203' | fill=00000000 | rows=[63] | cols=[10] | col_header=False | row_header=False | metadata=False
Cell L64 | value='0.176' | fill=00000000 | rows=[63] | cols=[11] | col_header=False | row_header=False | metadata=False
Cell M64 | value='0.131' | fill=00000000 | rows=[63] | cols=[12] | col_header=False | row_header=False | metadata=False
Cell B65 | value='Discrepancies' | fill=00000000 | rows=[64] | cols=[1] | col_header=False | row_header=False | metadata=False
Cell D65 | value='0' | fill=00000000 | rows=[64] | cols=[3] | col_header=False | row_header=False | metadata=False
Cell E65 | value='0' | fill=00000000 | rows=[64] | cols=[4] | col_header=False | row_header=False | metadata=False
Cell F65 | value='0' | fill=00000000 | rows=[64] | cols=[5] | col_header=False | row_header=False | metadata=False
Cell G65 | value='0' | fill=00000000 | rows=[64] | cols=[6] | col_header=False | row_header=False | metadata=False
Cell H65 | value='0' | fill=00000000 | rows=[64] | cols=[7] | col_header=False | row_header=False | metadata=False
Cell I65 | value='0' | fill=00000000 | rows=[64] | cols=[8] | col_header=False | row_header=False | metadata=False
Cell J65 | value='0' | fill=00000000 | rows=[64] | cols=[9] | col_header=False | row_header=False | metadata=False
Cell K65 | value='0' | fill=00000000 | rows=[64] | cols=[10] | col_header=False | row_header=False | metadata=False
Cell L65 | value='-0.027' | fill=00000000 | rows=[64] | cols=[11] | col_header=False | row_header=False | metadata=False
Cell M65 | value='0' | fill=00000000 | rows=[64] | cols=[12] | col_header=False | row_header=False | metadata=False
Cell B66 | value='Resource: Nickel' | fill=FFB7DEF6 | rows=[65] | cols=[1, 2, 3, 4, 5, 6, 7, 8, 9, 10, 11] | col_header=False | row_header=False | metadata=False
Cell B67 | value='Combined unit of measure: Tonnes, Millions' | fill=FFB7DEF6 | rows=[66] | cols=[1, 2, 3, 4, 5, 6, 7, 8, 9, 10, 11] | col_header=False | row_header=False | metadata=False
Cell B68 | value='Opening stock' | fill=00000000 | rows=[67] | cols=[1] | col_header=False | row_header=False | metadata=False
Cell D68 | value='2.936' | fill=00000000 | rows=[67] | cols=[3] | col_header=False | row_header=False | metadata=False
Cell E68 | value='2.617' | fill=00000000 | rows=[67] | cols=[4] | col_header=False | row_header=False | metadata=False
Cell F68 | value='2.682' | fill=00000000 | rows=[67] | cols=[5] | col_header=False | row_header=False | metadata=False
Cell G68 | value='2.287' | fill=00000000 | rows=[67] | cols=[6] | col_header=False | row_header=False | metadata=False
Cell H68 | value='2.725' | fill=00000000 | rows=[67] | cols=[7] | col_header=False | row_header=False | metadata=False
Cell I68 | value='2.604' | fill=00000000 | rows=[67] | cols=[8] | col_header=False | row_header=False | metadata=False
Cell J68 | value='2.79' | fill=00000000 | rows=[67] | cols=[9] | col_header=False | row_header=False | metadata=False
Cell K68 | value='2.296' | fill=00000000 | rows=[67] | cols=[10] | col_header=False | row_header=False | metadata=False
Cell L68 | value='2.236' | fill=00000000 | rows=[67] | cols=[11] | col_header=False | row_header=False | metadata=False
Cell M68 | value='1.977' | fill=00000000 | rows=[67] | cols=[12] | col_header=False | row_header=False | metadata=False
Cell B69 | value='Total additions to stock' | fill=00000000 | rows=[68] | cols=[1] | col_header=False | row_header=False | metadata=False
Cell E69 | value='0.283' | fill=00000000 | rows=[68] | cols=[4] | col_header=False | row_header=False | metadata=False
Cell G69 | value='0.6634' | fill=00000000 | rows=[68] | cols=[6] | col_header=False | row_header=False | metadata=False
Cell H69 | value='0.1092' | fill=00000000 | rows=[68] | cols=[7] | col_header=False | row_header=False | metadata=False
Cell I69 | value='0.3924' | fill=00000000 | rows=[68] | cols=[8] | col_header=False | row_header=False | metadata=False
Cell K69 | value='0.116' | fill=00000000 | rows=[68] | cols=[10] | col_header=False | row_header=False | metadata=False
Cell M69 | value='0.0656' | fill=00000000 | rows=[68] | cols=[12] | col_header=False | row_header=False | metadata=False
Cell B70 | value='·  Upward reappraisals' | fill=00000000 | rows=[69] | cols=[1] | col_header=False | row_header=False | metadata=False
Cell E70 | value='0.283' | fill=00000000 | rows=[69] | cols=[4] | col_header=False | row_header=False | metadata=False
Cell G70 | value='0.6634' | fill=00000000 | rows=[69] | cols=[6] | col_header=False | row_header=False | metadata=False
Cell H70 | value='0.1092' | fill=00000000 | rows=[69] | cols=[7] | col_header=False | row_header=False | metadata=False
Cell I70 | value='0.3924' | fill=00000000 | rows=[69] | cols=[8] | col_header=False | row_header=False | metadata=False
Cell K70 | value='0.116' | fill=00000000 | rows=[69] | cols=[10] | col_header=False | row_header=False | metadata=False
Cell M70 | value='0.0656' | fill=00000000 | rows=[69] | cols=[12] | col_header=False | row_header=False | metadata=False
Cell B71 | value='Total reductions in stock' | fill=00000000 | rows=[70] | cols=[1] | col_header=False | row_header=False | metadata=False
Cell D71 | value='0.319' | fill=00000000 | rows=[70] | cols=[3] | col_header=False | row_header=False | metadata=False
Cell E71 | value='0.218' | fill=00000000 | rows=[70] | cols=[4] | col_header=False | row_header=False | metadata=False
Cell F71 | value='0.395' | fill=00000000 | rows=[70] | cols=[5] | col_header=False | row_header=False | metadata=False
Cell G71 | value='0.2254' | fill=00000000 | rows=[70] | cols=[6] | col_header=False | row_header=False | metadata=False
Cell H71 | value='0.2302' | fill=00000000 | rows=[70] | cols=[7] | col_header=False | row_header=False | metadata=False
Cell I71 | value='0.2064' | fill=00000000 | rows=[70] | cols=[8] | col_header=False | row_header=False | metadata=False
Cell J71 | value='0.494' | fill=00000000 | rows=[70] | cols=[9] | col_header=False | row_header=False | metadata=False
Cell K71 | value='0.176' | fill=00000000 | rows=[70] | cols=[10] | col_header=False | row_header=False | metadata=False
Cell L71 | value='0.259' | fill=00000000 | rows=[70] | cols=[11] | col_header=False | row_header=False | metadata=False
Cell M71 | value='0.1336' | fill=00000000 | rows=[70] | cols=[12] | col_header=False | row_header=False | metadata=False
Cell B72 | value='·  Extractions' | fill=00000000 | rows=[71] | cols=[1] | col_header=False | row_header=False | metadata=False
Cell D72 | value='0.204' | fill=00000000 | rows=[71] | cols=[3] | col_header=False | row_header=False | metadata=False
Cell E72 | value='0.218' | fill=00000000 | rows=[71] | cols=[4] | col_header=False | row_header=False | metadata=False
Cell F72 | value='0.2182' | fill=00000000 | rows=[71] | cols=[5] | col_header=False | row_header=False | metadata=False
Cell G72 | value='0.2254' | fill=00000000 | rows=[71] | cols=[6] | col_header=False | row_header=False | metadata=False
Cell H72 | value='0.2302' | fill=00000000 | rows=[71] | cols=[7] | col_header=False | row_header=False | metadata=False
Cell I72 | value='0.2064' | fill=00000000 | rows=[71] | cols=[8] | col_header=False | row_header=False | metadata=False
Cell J72 | value='0.1758' | fill=00000000 | rows=[71] | cols=[9] | col_header=False | row_header=False | metadata=False
Cell K72 | value='0.176' | fill=00000000 | rows=[71] | cols=[10] | col_header=False | row_header=False | metadata=False
Cell L72 | value='0.1581' | fill=00000000 | rows=[71] | cols=[11] | col_header=False | row_header=False | metadata=False
Cell M72 | value='0.1336' | fill=00000000 | rows=[71] | cols=[12] | col_header=False | row_header=False | metadata=False
Cell B73 | value='·  Downward reappraisals' | fill=00000000 | rows=[72] | cols=[1] | col_header=False | row_header=False | metadata=False
Cell D73 | value='0.115' | fill=00000000 | rows=[72] | cols=[3] | col_header=False | row_header=False | metadata=False
Cell F73 | value='0.1768' | fill=00000000 | rows=[72] | cols=[5] | col_header=False | row_header=False | metadata=False
Cell J73 | value='0.3182' | fill=00000000 | rows=[72] | cols=[9] | col_header=False | row_header=False | metadata=False
Cell L73 | value='0.1009' | fill=00000000 | rows=[72] | cols=[11] | col_header=False | row_header=False | metadata=False
Cell B74 | value='Closing stock' | fill=00000000 | rows=[73] | cols=[1] | col_header=False | row_header=False | metadata=False
Cell D74 | value='2.617' | fill=00000000 | rows=[73] | cols=[3] | col_header=False | row_header=False | metadata=False
Cell E74 | value='2.682' | fill=00000000 | rows=[73] | cols=[4] | col_header=False | row_header=False | metadata=False
Cell F74 | value='2.287' | fill=00000000 | rows=[73] | cols=[5] | col_header=False | row_header=False | metadata=False
Cell G74 | value='2.725' | fill=00000000 | rows=[73] | cols=[6] | col_header=False | row_header=False | metadata=False
Cell H74 | value='2.604' | fill=00000000 | rows=[73] | cols=[7] | col_header=False | row_header=False | metadata=False
Cell I74 | value='2.79' | fill=00000000 | rows=[73] | cols=[8] | col_header=False | row_header=False | metadata=False
Cell J74 | value='2.296' | fill=00000000 | rows=[73] | cols=[9] | col_header=False | row_header=False | metadata=False
Cell K74 | value='2.236' | fill=00000000 | rows=[73] | cols=[10] | col_header=False | row_header=False | metadata=False
Cell L74 | value='1.977' | fill=00000000 | rows=[73] | cols=[11] | col_header=False | row_header=False | metadata=False
Cell M74 | value='1.909' | fill=00000000 | rows=[73] | cols=[12] | col_header=False | row_header=False | metadata=False
Cell B75 | value='Discrepancies' | fill=00000000 | rows=[74] | cols=[1] | col_header=False | row_header=False | metadata=False
Cell D75 | value='0' | fill=00000000 | rows=[74] | cols=[3] | col_header=False | row_header=False | metadata=False
Cell E75 | value='0' | fill=00000000 | rows=[74] | cols=[4] | col_header=False | row_header=False | metadata=False
Cell F75 | value='0' | fill=00000000 | rows=[74] | cols=[5] | col_header=False | row_header=False | metadata=False
Cell G75 | value='0' | fill=00000000 | rows=[74] | cols=[6] | col_header=False | row_header=False | metadata=False
Cell H75 | value='0' | fill=00000000 | rows=[74] | cols=[7] | col_header=False | row_header=False | metadata=False
Cell I75 | value='0' | fill=00000000 | rows=[74] | cols=[8] | col_header=False | row_header=False | metadata=False
Cell J75 | value='0' | fill=00000000 | rows=[74] | cols=[9] | col_header=False | row_header=False | metadata=False
Cell K75 | value='0' | fill=00000000 | rows=[74] | cols=[10] | col_header=False | row_header=False | metadata=False
Cell L75 | value='0' | fill=00000000 | rows=[74] | cols=[11] | col_header=False | row_header=False | metadata=False
Cell M75 | value='0' | fill=00000000 | rows=[74] | cols=[12] | col_header=False | row_header=False | metadata=False
Cell B76 | value='Resource: Gold' | fill=FFB7DEF6 | rows=[75] | cols=[1, 2, 3, 4, 5, 6, 7, 8, 9, 10, 11] | col_header=False | row_header=False | metadata=False
Cell B77 | value='Combined unit of measure: Tonnes, Units' | fill=FFB7DEF6 | rows=[76] | cols=[1, 2, 3, 4, 5, 6, 7, 8, 9, 10, 11] | col_header=False | row_header=False | metadata=False
Cell B78 | value='Opening stock' | fill=00000000 | rows=[77] | cols=[1] | col_header=False | row_header=False | metadata=False
Cell D78 | value='2044' | fill=00000000 | rows=[77] | cols=[3] | col_header=False | row_header=False | metadata=False
Cell E78 | value='2148' | fill=00000000 | rows=[77] | cols=[4] | col_header=False | row_header=False | metadata=False
Cell F78 | value='2140' | fill=00000000 | rows=[77] | cols=[5] | col_header=False | row_header=False | metadata=False
Cell G78 | value='2069.9' | fill=00000000 | rows=[77] | cols=[6] | col_header=False | row_header=False | metadata=False
Cell H78 | value='1983.8' | fill=00000000 | rows=[77] | cols=[7] | col_header=False | row_header=False | metadata=False
Cell I78 | value='1910' | fill=00000000 | rows=[77] | cols=[8] | col_header=False | row_header=False | metadata=False
Cell J78 | value='2578' | fill=00000000 | rows=[77] | cols=[9] | col_header=False | row_header=False | metadata=False
Cell K78 | value='2597' | fill=00000000 | rows=[77] | cols=[10] | col_header=False | row_header=False | metadata=False
Cell L78 | value='2359' | fill=00000000 | rows=[77] | cols=[11] | col_header=False | row_header=False | metadata=False
Cell M78 | value='2659' | fill=00000000 | rows=[77] | cols=[12] | col_header=False | row_header=False | metadata=False
Cell B79 | value='Total additions to stock' | fill=00000000 | rows=[78] | cols=[1] | col_header=False | row_header=False | metadata=False
Cell D79 | value='210.4' | fill=00000000 | rows=[78] | cols=[3] | col_header=False | row_header=False | metadata=False
Cell E79 | value='123.4' | fill=00000000 | rows=[78] | cols=[4] | col_header=False | row_header=False | metadata=False
Cell F79 | value='81.4' | fill=00000000 | rows=[78] | cols=[5] | col_header=False | row_header=False | metadata=False
Cell G79 | value='74.7' | fill=00000000 | rows=[78] | cols=[6] | col_header=False | row_header=False | metadata=False
Cell H79 | value='85' | fill=00000000 | rows=[78] | cols=[7] | col_header=False | row_header=False | metadata=False
Cell I79 | value='833.6' | fill=00000000 | rows=[78] | cols=[8] | col_header=False | row_header=False | metadata=False
Cell J79 | value='210.9' | fill=00000000 | rows=[78] | cols=[9] | col_header=False | row_header=False | metadata=False
Cell L79 | value='478.1' | fill=00000000 | rows=[78] | cols=[11] | col_header=False | row_header=False | metadata=False
Cell M79 | value='272.5' | fill=00000000 | rows=[78] | cols=[12] | col_header=False | row_header=False | metadata=False
Cell B80 | value='·  Upward reappraisals' | fill=00000000 | rows=[79] | cols=[1] | col_header=False | row_header=False | metadata=False
Cell D80 | value='210.4' | fill=00000000 | rows=[79] | cols=[3] | col_header=False | row_header=False | metadata=False
Cell E80 | value='123.4' | fill=00000000 | rows=[79] | cols=[4] | col_header=False | row_header=False | metadata=False
Cell F80 | value='81.4' | fill=00000000 | rows=[79] | cols=[5] | col_header=False | row_header=False | metadata=False
Cell G80 | value='74.7' | fill=00000000 | rows=[79] | cols=[6] | col_header=False | row_header=False | metadata=False
Cell H80 | value='85' | fill=00000000 | rows=[79] | cols=[7] | col_header=False | row_header=False | metadata=False
Cell I80 | value='833.6' | fill=00000000 | rows=[79] | cols=[8] | col_header=False | row_header=False | metadata=False
Cell J80 | value='210.9' | fill=00000000 | rows=[79] | cols=[9] | col_header=False | row_header=False | metadata=False
Cell L80 | value='478.1' | fill=00000000 | rows=[79] | cols=[11] | col_header=False | row_header=False | metadata=False
Cell M80 | value='272.5' | fill=00000000 | rows=[79] | cols=[12] | col_header=False | row_header=False | metadata=False
Cell B81 | value='Total reductions in stock' | fill=00000000 | rows=[80] | cols=[1] | col_header=False | row_header=False | metadata=False
Cell D81 | value='106.4' | fill=00000000 | rows=[80] | cols=[3] | col_header=False | row_header=False | metadata=False
Cell E81 | value='131.4' | fill=00000000 | rows=[80] | cols=[4] | col_header=False | row_header=False | metadata=False
Cell F81 | value='151.5' | fill=00000000 | rows=[80] | cols=[5] | col_header=False | row_header=False | metadata=False
Cell G81 | value='160.8' | fill=00000000 | rows=[80] | cols=[6] | col_header=False | row_header=False | metadata=False
Cell H81 | value='158.8' | fill=00000000 | rows=[80] | cols=[7] | col_header=False | row_header=False | metadata=False
Cell I81 | value='165.6' | fill=00000000 | rows=[80] | cols=[8] | col_header=False | row_header=False | metadata=False
Cell J81 | value='191.9' | fill=00000000 | rows=[80] | cols=[9] | col_header=False | row_header=False | metadata=False
Cell K81 | value='238' | fill=00000000 | rows=[80] | cols=[10] | col_header=False | row_header=False | metadata=False
Cell L81 | value='178.1' | fill=00000000 | rows=[80] | cols=[11] | col_header=False | row_header=False | metadata=False
Cell M81 | value='222.5' | fill=00000000 | rows=[80] | cols=[12] | col_header=False | row_header=False | metadata=False
Cell B82 | value='·  Extractions' | fill=00000000 | rows=[81] | cols=[1] | col_header=False | row_header=False | metadata=False
Cell D82 | value='106.4' | fill=00000000 | rows=[81] | cols=[3] | col_header=False | row_header=False | metadata=False
Cell E82 | value='131.4' | fill=00000000 | rows=[81] | cols=[4] | col_header=False | row_header=False | metadata=False
Cell F82 | value='151.5' | fill=00000000 | rows=[81] | cols=[5] | col_header=False | row_header=False | metadata=False
Cell G82 | value='160.8' | fill=00000000 | rows=[81] | cols=[6] | col_header=False | row_header=False | metadata=False
Cell H82 | value='158.8' | fill=00000000 | rows=[81] | cols=[7] | col_header=False | row_header=False | metadata=False
Cell I82 | value='165.6' | fill=00000000 | rows=[81] | cols=[8] | col_header=False | row_header=False | metadata=False
Cell J82 | value='191.9' | fill=00000000 | rows=[81] | cols=[9] | col_header=False | row_header=False | metadata=False
Cell K82 | value='190.7' | fill=00000000 | rows=[81] | cols=[10] | col_header=False | row_header=False | metadata=False
Cell L82 | value='178.1' | fill=00000000 | rows=[81] | cols=[11] | col_header=False | row_header=False | metadata=False
Cell M82 | value='222.5' | fill=00000000 | rows=[81] | cols=[12] | col_header=False | row_header=False | metadata=False
Cell B83 | value='·  Downward reappraisals' | fill=00000000 | rows=[82] | cols=[1] | col_header=False | row_header=False | metadata=False
Cell K83 | value='47.3' | fill=00000000 | rows=[82] | cols=[10] | col_header=False | row_header=False | metadata=False
Cell B84 | value='Closing stock' | fill=00000000 | rows=[83] | cols=[1] | col_header=False | row_header=False | metadata=False
Cell D84 | value='2148' | fill=00000000 | rows=[83] | cols=[3] | col_header=False | row_header=False | metadata=False
Cell E84 | value='2140' | fill=00000000 | rows=[83] | cols=[4] | col_header=False | row_header=False | metadata=False
Cell F84 | value='2069.9' | fill=00000000 | rows=[83] | cols=[5] | col_header=False | row_header=False | metadata=False
Cell G84 | value='1983.8' | fill=00000000 | rows=[83] | cols=[6] | col_header=False | row_header=False | metadata=False
Cell H84 | value='1910' | fill=00000000 | rows=[83] | cols=[7] | col_header=False | row_header=False | metadata=False
Cell I84 | value='2578' | fill=00000000 | rows=[83] | cols=[8] | col_header=False | row_header=False | metadata=False
Cell J84 | value='2597' | fill=00000000 | rows=[83] | cols=[9] | col_header=False | row_header=False | metadata=False
Cell K84 | value='2359' | fill=00000000 | rows=[83] | cols=[10] | col_header=False | row_header=False | metadata=False
Cell L84 | value='2659' | fill=00000000 | rows=[83] | cols=[11] | col_header=False | row_header=False | metadata=False
Cell M84 | value='2709' | fill=00000000 | rows=[83] | cols=[12] | col_header=False | row_header=False | metadata=False
Cell B85 | value='Discrepancies' | fill=00000000 | rows=[84] | cols=[1] | col_header=False | row_header=False | metadata=False
Cell D85 | value='0' | fill=00000000 | rows=[84] | cols=[3] | col_header=False | row_header=False | metadata=False
Cell E85 | value='0' | fill=00000000 | rows=[84] | cols=[4] | col_header=False | row_header=False | metadata=False
Cell F85 | value='0' | fill=00000000 | rows=[84] | cols=[5] | col_header=False | row_header=False | metadata=False
Cell G85 | value='0' | fill=00000000 | rows=[84] | cols=[6] | col_header=False | row_header=False | metadata=False
Cell H85 | value='0' | fill=00000000 | rows=[84] | cols=[7] | col_header=False | row_header=False | metadata=False
Cell I85 | value='0' | fill=00000000 | rows=[84] | cols=[8] | col_header=False | row_header=False | metadata=False
Cell J85 | value='0' | fill=00000000 | rows=[84] | cols=[9] | col_header=False | row_header=False | metadata=False
Cell K85 | value='0' | fill=00000000 | rows=[84] | cols=[10] | col_header=False | row_header=False | metadata=False
Cell L85 | value='0' | fill=00000000 | rows=[84] | cols=[11] | col_header=False | row_header=False | metadata=False
Cell M85 | value='0' | fill=00000000 | rows=[84] | cols=[12] | col_header=False | row_header=False | metadata=False
Cell B86 | value='Resource: Silver' | fill=FFB7DEF6 | rows=[85] | cols=[1, 2, 3, 4, 5, 6, 7, 8, 9, 10, 11] | col_header=False | row_header=False | metadata=False
Cell B87 | value='Combined unit of measure: Tonnes, Thousands' | fill=FFB7DEF6 | rows=[86] | cols=[1, 2, 3, 4, 5, 6, 7, 8, 9, 10, 11] | col_header=False | row_header=False | metadata=False
Cell B88 | value='Opening stock' | fill=00000000 | rows=[87] | cols=[1] | col_header=False | row_header=False | metadata=False
Cell D88 | value='6.953' | fill=00000000 | rows=[87] | cols=[3] | col_header=False | row_header=False | metadata=False
Cell E88 | value='5.598' | fill=00000000 | rows=[87] | cols=[4] | col_header=False | row_header=False | metadata=False
Cell F88 | value='5.013' | fill=00000000 | rows=[87] | cols=[5] | col_header=False | row_header=False | metadata=False
Cell G88 | value='5.4982' | fill=00000000 | rows=[87] | cols=[6] | col_header=False | row_header=False | metadata=False
Cell H88 | value='5.3453' | fill=00000000 | rows=[87] | cols=[7] | col_header=False | row_header=False | metadata=False
Cell I88 | value='3.626' | fill=00000000 | rows=[87] | cols=[8] | col_header=False | row_header=False | metadata=False
Cell J88 | value='5.074' | fill=00000000 | rows=[87] | cols=[9] | col_header=False | row_header=False | metadata=False
Cell K88 | value='4.865' | fill=00000000 | rows=[87] | cols=[10] | col_header=False | row_header=False | metadata=False
Cell L88 | value='4.48' | fill=00000000 | rows=[87] | cols=[11] | col_header=False | row_header=False | metadata=False
Cell M88 | value='5.223' | fill=00000000 | rows=[87] | cols=[12] | col_header=False | row_header=False | metadata=False
Cell B89 | value='Total additions to stock' | fill=00000000 | rows=[88] | cols=[1] | col_header=False | row_header=False | metadata=False
Cell E89 | value='0.035' | fill=00000000 | rows=[88] | cols=[4] | col_header=False | row_header=False | metadata=False
Cell F89 | value='0.9572' | fill=00000000 | rows=[88] | cols=[5] | col_header=False | row_header=False | metadata=False
Cell G89 | value='0.2181' | fill=00000000 | rows=[88] | cols=[6] | col_header=False | row_header=False | metadata=False
Cell I89 | value='1.814' | fill=00000000 | rows=[88] | cols=[8] | col_header=False | row_header=False | metadata=False
Cell J89 | value='0.1495' | fill=00000000 | rows=[88] | cols=[9] | col_header=False | row_header=False | metadata=False
Cell K89 | value='0.0138' | fill=00000000 | rows=[88] | cols=[10] | col_header=False | row_header=False | metadata=False
Cell L89 | value='1.0679' | fill=00000000 | rows=[88] | cols=[11] | col_header=False | row_header=False | metadata=False
Cell B90 | value='·  Upward reappraisals' | fill=00000000 | rows=[89] | cols=[1] | col_header=False | row_header=False | metadata=False
Cell E90 | value='0.035' | fill=00000000 | rows=[89] | cols=[4] | col_header=False | row_header=False | metadata=False
Cell F90 | value='0.9572' | fill=00000000 | rows=[89] | cols=[5] | col_header=False | row_header=False | metadata=False
Cell G90 | value='0.2181' | fill=00000000 | rows=[89] | cols=[6] | col_header=False | row_header=False | metadata=False
Cell I90 | value='1.814' | fill=00000000 | rows=[89] | cols=[8] | col_header=False | row_header=False | metadata=False
Cell J90 | value='0.1495' | fill=00000000 | rows=[89] | cols=[9] | col_header=False | row_header=False | metadata=False
Cell K90 | value='0.0138' | fill=00000000 | rows=[89] | cols=[10] | col_header=False | row_header=False | metadata=False
Cell L90 | value='1.0679' | fill=00000000 | rows=[89] | cols=[11] | col_header=False | row_header=False | metadata=False
Cell B91 | value='Total reductions in stock' | fill=00000000 | rows=[90] | cols=[1] | col_header=False | row_header=False | metadata=False
Cell D91 | value='1.355' | fill=00000000 | rows=[90] | cols=[3] | col_header=False | row_header=False | metadata=False
Cell E91 | value='0.62' | fill=00000000 | rows=[90] | cols=[4] | col_header=False | row_header=False | metadata=False
Cell F91 | value='0.472' | fill=00000000 | rows=[90] | cols=[5] | col_header=False | row_header=False | metadata=False
Cell G91 | value='0.371' | fill=00000000 | rows=[90] | cols=[6] | col_header=False | row_header=False | metadata=False
Cell H91 | value='1.7193' | fill=00000000 | rows=[90] | cols=[7] | col_header=False | row_header=False | metadata=False
Cell I91 | value='0.366' | fill=00000000 | rows=[90] | cols=[8] | col_header=False | row_header=False | metadata=False
Cell J91 | value='0.3585' | fill=00000000 | rows=[90] | cols=[9] | col_header=False | row_header=False | metadata=False
Cell K91 | value='0.3988' | fill=00000000 | rows=[90] | cols=[10] | col_header=False | row_header=False | metadata=False
Cell L91 | value='0.3249' | fill=00000000 | rows=[90] | cols=[11] | col_header=False | row_header=False | metadata=False
Cell M91 | value='1.026' | fill=00000000 | rows=[90] | cols=[12] | col_header=False | row_header=False | metadata=False
Cell B92 | value='·  Extractions' | fill=00000000 | rows=[91] | cols=[1] | col_header=False | row_header=False | metadata=False
Cell D92 | value='0.657' | fill=00000000 | rows=[91] | cols=[3] | col_header=False | row_header=False | metadata=False
Cell E92 | value='0.62' | fill=00000000 | rows=[91] | cols=[4] | col_header=False | row_header=False | metadata=False
Cell F92 | value='0.472' | fill=00000000 | rows=[91] | cols=[5] | col_header=False | row_header=False | metadata=False
Cell G92 | value='0.371' | fill=00000000 | rows=[91] | cols=[6] | col_header=False | row_header=False | metadata=False
Cell H92 | value='0.385' | fill=00000000 | rows=[91] | cols=[7] | col_header=False | row_header=False | metadata=False
Cell I92 | value='0.366' | fill=00000000 | rows=[91] | cols=[8] | col_header=False | row_header=False | metadata=False
Cell J92 | value='0.3585' | fill=00000000 | rows=[91] | cols=[9] | col_header=False | row_header=False | metadata=False
Cell K92 | value='0.3988' | fill=00000000 | rows=[91] | cols=[10] | col_header=False | row_header=False | metadata=False
Cell L92 | value='0.3249' | fill=00000000 | rows=[91] | cols=[11] | col_header=False | row_header=False | metadata=False
Cell M92 | value='0.325' | fill=00000000 | rows=[91] | cols=[12] | col_header=False | row_header=False | metadata=False
Cell B93 | value='·  Downward reappraisals' | fill=00000000 | rows=[92] | cols=[1] | col_header=False | row_header=False | metadata=False
Cell D93 | value='0.698' | fill=00000000 | rows=[92] | cols=[3] | col_header=False | row_header=False | metadata=False
Cell H93 | value='1.3343' | fill=00000000 | rows=[92] | cols=[7] | col_header=False | row_header=False | metadata=False
Cell M93 | value='0.701' | fill=00000000 | rows=[92] | cols=[12] | col_header=False | row_header=False | metadata=False
Cell B94 | value='Closing stock' | fill=00000000 | rows=[93] | cols=[1] | col_header=False | row_header=False | metadata=False
Cell D94 | value='5.598' | fill=00000000 | rows=[93] | cols=[3] | col_header=False | row_header=False | metadata=False
Cell E94 | value='5.013' | fill=00000000 | rows=[93] | cols=[4] | col_header=False | row_header=False | metadata=False
Cell F94 | value='5.4982' | fill=00000000 | rows=[93] | cols=[5] | col_header=False | row_header=False | metadata=False
Cell G94 | value='5.3453' | fill=00000000 | rows=[93] | cols=[6] | col_header=False | row_header=False | metadata=False
Cell H94 | value='3.626' | fill=00000000 | rows=[93] | cols=[7] | col_header=False | row_header=False | metadata=False
Cell I94 | value='5.074' | fill=00000000 | rows=[93] | cols=[8] | col_header=False | row_header=False | metadata=False
Cell J94 | value='4.865' | fill=00000000 | rows=[93] | cols=[9] | col_header=False | row_header=False | metadata=False
Cell K94 | value='4.48' | fill=00000000 | rows=[93] | cols=[10] | col_header=False | row_header=False | metadata=False
Cell L94 | value='5.223' | fill=00000000 | rows=[93] | cols=[11] | col_header=False | row_header=False | metadata=False
Cell M94 | value='4.197' | fill=00000000 | rows=[93] | cols=[12] | col_header=False | row_header=False | metadata=False
Cell B95 | value='Discrepancies' | fill=00000000 | rows=[94] | cols=[1] | col_header=False | row_header=False | metadata=False
Cell D95 | value='0' | fill=00000000 | rows=[94] | cols=[3] | col_header=False | row_header=False | metadata=False
Cell E95 | value='0' | fill=00000000 | rows=[94] | cols=[4] | col_header=False | row_header=False | metadata=False
Cell F95 | value='0' | fill=00000000 | rows=[94] | cols=[5] | col_header=False | row_header=False | metadata=False
Cell G95 | value='0' | fill=00000000 | rows=[94] | cols=[6] | col_header=False | row_header=False | metadata=False
Cell H95 | value='0' | fill=00000000 | rows=[94] | cols=[7] | col_header=False | row_header=False | metadata=False
Cell I95 | value='0' | fill=00000000 | rows=[94] | cols=[8] | col_header=False | row_header=False | metadata=False
Cell J95 | value='0' | fill=00000000 | rows=[94] | cols=[9] | col_header=False | row_header=False | metadata=False
Cell K95 | value='0' | fill=00000000 | rows=[94] | cols=[10] | col_header=False | row_header=False | metadata=False
Cell L95 | value='0' | fill=00000000 | rows=[94] | cols=[11] | col_header=False | row_header=False | metadata=False
Cell M95 | value='0' | fill=00000000 | rows=[94] | cols=[12] | col_header=False | row_header=False | metadata=False
Cell B97 | value='© Terms & conditions' | fill=FF00B0F0 | rows=[96] | cols=[1] | col_header=False | row_header=False | metadata=True
Cell N97 | value='Mineral and Energy Resources' | fill=FF00B0F0 | rows=[96] | cols=[13] | col_header=False | row_header=False | metadata=True

