=== environment-table10.xlsx ===
Cell A1 | value='Year' | fill=FFFFFF00 | rows=[0] | cols=[0] | col_header=True | row_header=True | metadata=False
Cell B1 | value='Solid' | fill=00000000 | rows=[0] | cols=[1] | col_header=False | row_header=False | metadata=False
Cell C1 | value='Gas' | fill=00000000 | rows=[0] | cols=[2] | col_header=False | row_header=False | metadata=False
Cell D1 | value='Electric' | fill=00000000 | rows=[0] | cols=[3] | col_header=False | row_header=False | metadata=False
Cell E1 | value='Oil' | fill=00000000 | rows=[0] | cols=[4] | col_header=False | row_header=False | metadata=False
Cell F1 | value='Renewables' | fill=00000000 | rows=[0] | cols=[5] | col_header=False | row_header=False | metadata=False
Cell G1 | value='All fuels' | fill=00000000 | rows=[0] | cols=[6] | col_header=False | row_header=False | metadata=False
Cell A2 | value='1970' | fill=00000000 | rows=[1] | cols=[0] | col_header=False | row_header=False | metadata=False
Cell B2 | value='196.475516370534' | fill=58 | rows=[1] | cols=[1] | col_header=False | row_header=False | metadata=False
Cell C2 | value='101.285493553738' | fill=58 | rows=[1] | cols=[2] | col_header=False | row_header=False | metadata=False
Cell D2 | value='73.9894271285252' | fill=58 | rows=[1] | cols=[3] | col_header=False | row_header=False | metadata=False
Cell E2 | value='37.4782806272026' | fill=58 | rows=[1] | cols=[4] | col_header=False | row_header=False | metadata=False
Cell G2 | value='409.22871768' | fill=54 | rows=[1] | cols=[6] | col_header=False | row_header=False | metadata=False
Cell A3 | value='1971' | fill=00000000 | rows=[2] | cols=[0] | col_header=False | row_header=False | metadata=False
Cell B3 | value='168.362530863227' | fill=58 | rows=[2] | cols=[1] | col_header=False | row_header=False | metadata=False
Cell C3 | value='112.244082517061' | fill=58 | rows=[2] | cols=[2] | col_header=False | row_header=False | metadata=False
Cell D3 | value='77.6140792211091' | fill=58 | rows=[2] | cols=[3] | col_header=False | row_header=False | metadata=False
Cell E3 | value='36.9950148186034' | fill=58 | rows=[2] | cols=[4] | col_header=False | row_header=False | metadata=False
Cell G3 | value='395.21570742' | fill=54 | rows=[2] | cols=[6] | col_header=False | row_header=False | metadata=False
Cell A4 | value='1972' | fill=00000000 | rows=[3] | cols=[0] | col_header=False | row_header=False | metadata=False
Cell B4 | value='148.016278269758' | fill=58 | rows=[3] | cols=[1] | col_header=False | row_header=False | metadata=False
Cell C4 | value='128.555829304263' | fill=58 | rows=[3] | cols=[2] | col_header=False | row_header=False | metadata=False
Cell D4 | value='83.3147226918648' | fill=58 | rows=[3] | cols=[3] | col_header=False | row_header=False | metadata=False
Cell E4 | value='42.4296899541144' | fill=58 | rows=[3] | cols=[4] | col_header=False | row_header=False | metadata=False
Cell G4 | value='402.31652022' | fill=54 | rows=[3] | cols=[6] | col_header=False | row_header=False | metadata=False
Cell A5 | value='1973' | fill=00000000 | rows=[4] | cols=[0] | col_header=False | row_header=False | metadata=False
Cell B5 | value='144.751812534546' | fill=58 | rows=[4] | cols=[1] | col_header=False | row_header=False | metadata=False
Cell C5 | value='137.732519031976' | fill=58 | rows=[4] | cols=[2] | col_header=False | row_header=False | metadata=False
Cell D5 | value='87.8847784504489' | fill=58 | rows=[4] | cols=[3] | col_header=False | row_header=False | metadata=False
Cell E5 | value='46.5373615030288' | fill=58 | rows=[4] | cols=[4] | col_header=False | row_header=False | metadata=False
Cell G5 | value='416.90647152' | fill=54 | rows=[4] | cols=[6] | col_header=False | row_header=False | metadata=False
Cell A6 | value='1974' | fill=00000000 | rows=[5] | cols=[0] | col_header=False | row_header=False | metadata=False
Cell B6 | value='136.458919803902' | fill=58 | rows=[5] | cols=[1] | col_header=False | row_header=False | metadata=False
Cell C6 | value='154.458956562288' | fill=58 | rows=[5] | cols=[2] | col_header=False | row_header=False | metadata=False
Cell D6 | value='89.337080120124' | fill=58 | rows=[5] | cols=[3] | col_header=False | row_header=False | metadata=False
Cell E6 | value='41.377993553687' | fill=58 | rows=[5] | cols=[4] | col_header=False | row_header=False | metadata=False
Cell G6 | value='421.63295004' | fill=54 | rows=[5] | cols=[6] | col_header=False | row_header=False | metadata=False
Cell A7 | value='1975' | fill=00000000 | rows=[6] | cols=[0] | col_header=False | row_header=False | metadata=False
Cell B7 | value='115.709400944655' | fill=58 | rows=[6] | cols=[1] | col_header=False | row_header=False | metadata=False
Cell C7 | value='169.39883238635' | fill=58 | rows=[6] | cols=[2] | col_header=False | row_header=False | metadata=False
Cell D7 | value='86.0501890184096' | fill=58 | rows=[6] | cols=[3] | col_header=False | row_header=False | metadata=False
Cell E7 | value='40.0452088905851' | fill=58 | rows=[6] | cols=[4] | col_header=False | row_header=False | metadata=False
Cell G7 | value='411.20363124' | fill=54 | rows=[6] | cols=[6] | col_header=False | row_header=False | metadata=False
Cell A8 | value='1976' | fill=00000000 | rows=[7] | cols=[0] | col_header=False | row_header=False | metadata=False
Cell B8 | value='106.847369664884' | fill=58 | rows=[7] | cols=[1] | col_header=False | row_header=False | metadata=False
Cell C8 | value='177.80907764026' | fill=58 | rows=[7] | cols=[2] | col_header=False | row_header=False | metadata=False
Cell D8 | value='81.9116159480152' | fill=58 | rows=[7] | cols=[3] | col_header=False | row_header=False | metadata=False
Cell E8 | value='39.8868994268413' | fill=58 | rows=[7] | cols=[4] | col_header=False | row_header=False | metadata=False
Cell G8 | value='406.45496268' | fill=54 | rows=[7] | cols=[6] | col_header=False | row_header=False | metadata=False
Cell A9 | value='1977' | fill=00000000 | rows=[8] | cols=[0] | col_header=False | row_header=False | metadata=False
Cell B9 | value='108.224764858808' | fill=58 | rows=[8] | cols=[1] | col_header=False | row_header=False | metadata=False
Cell C9 | value='189.435416323706' | fill=58 | rows=[8] | cols=[2] | col_header=False | row_header=False | metadata=False
Cell D9 | value='82.6164537880069' | fill=58 | rows=[8] | cols=[3] | col_header=False | row_header=False | metadata=False
Cell E9 | value='40.2024329894798' | fill=58 | rows=[8] | cols=[4] | col_header=False | row_header=False | metadata=False
Cell G9 | value='420.47906796' | fill=54 | rows=[8] | cols=[6] | col_header=False | row_header=False | metadata=False
Cell A10 | value='1978' | fill=00000000 | rows=[9] | cols=[0] | col_header=False | row_header=False | metadata=False
Cell B10 | value='98.6498155737508' | fill=58 | rows=[9] | cols=[1] | col_header=False | row_header=False | metadata=False
Cell C10 | value='208.65088326979' | fill=58 | rows=[9] | cols=[2] | col_header=False | row_header=False | metadata=False
Cell D10 | value='82.4545287111298' | fill=58 | rows=[9] | cols=[3] | col_header=False | row_header=False | metadata=False
Cell E10 | value='39.5000012253293' | fill=58 | rows=[9] | cols=[4] | col_header=False | row_header=False | metadata=False
Cell G10 | value='429.25522878' | fill=54 | rows=[9] | cols=[6] | col_header=False | row_header=False | metadata=False
Cell A11 | value='1979' | fill=00000000 | rows=[10] | cols=[0] | col_header=False | row_header=False | metadata=False
Cell B11 | value='99.4729569977107' | fill=58 | rows=[10] | cols=[1] | col_header=False | row_header=False | metadata=False
Cell C11 | value='236.804964713614' | fill=58 | rows=[10] | cols=[2] | col_header=False | row_header=False | metadata=False
Cell D11 | value='86.3182640411517' | fill=58 | rows=[10] | cols=[3] | col_header=False | row_header=False | metadata=False
Cell E11 | value='38.5794155675237' | fill=58 | rows=[10] | cols=[4] | col_header=False | row_header=False | metadata=False
Cell G11 | value='461.17560132' | fill=54 | rows=[10] | cols=[6] | col_header=False | row_header=False | metadata=False
Cell A12 | value='1980' | fill=00000000 | rows=[11] | cols=[0] | col_header=False | row_header=False | metadata=False
Cell B12 | value='86.0149369492432' | fill=58 | rows=[11] | cols=[1] | col_header=False | row_header=False | metadata=False
Cell C12 | value='242.544100976427' | fill=58 | rows=[11] | cols=[2] | col_header=False | row_header=False | metadata=False
Cell D12 | value='82.6870389320323' | fill=58 | rows=[11] | cols=[3] | col_header=False | row_header=False | metadata=False
Cell E12 | value='30.7906149622974' | fill=58 | rows=[11] | cols=[4] | col_header=False | row_header=False | metadata=False
Cell G12 | value='442.03669182' | fill=54 | rows=[11] | cols=[6] | col_header=False | row_header=False | metadata=False
Cell A13 | value='1981' | fill=00000000 | rows=[12] | cols=[0] | col_header=False | row_header=False | metadata=False
Cell B13 | value='79.8394135095337' | fill=58 | rows=[12] | cols=[1] | col_header=False | row_header=False | metadata=False
Cell C13 | value='251.657991244937' | fill=58 | rows=[12] | cols=[2] | col_header=False | row_header=False | metadata=False
Cell D13 | value='81.1172250225214' | fill=58 | rows=[12] | cols=[3] | col_header=False | row_header=False | metadata=False
Cell E13 | value='27.5691937030078' | fill=58 | rows=[12] | cols=[4] | col_header=False | row_header=False | metadata=False
Cell G13 | value='440.18382348' | fill=54 | rows=[12] | cols=[6] | col_header=False | row_header=False | metadata=False
Cell A14 | value='1982' | fill=00000000 | rows=[13] | cols=[0] | col_header=False | row_header=False | metadata=False
Cell B14 | value='78.6896979867846' | fill=58 | rows=[13] | cols=[1] | col_header=False | row_header=False | metadata=False
Cell C14 | value='251.089829427272' | fill=58 | rows=[13] | cols=[2] | col_header=False | row_header=False | metadata=False
Cell D14 | value='79.6709927146904' | fill=58 | rows=[13] | cols=[3] | col_header=False | row_header=False | metadata=False
Cell E14 | value='25.673974231253' | fill=58 | rows=[13] | cols=[4] | col_header=False | row_header=False | metadata=False
Cell G14 | value='435.12449436' | fill=54 | rows=[13] | cols=[6] | col_header=False | row_header=False | metadata=False
Cell A15 | value='1983' | fill=00000000 | rows=[14] | cols=[0] | col_header=False | row_header=False | metadata=False
Cell B15 | value='73.1795082833228' | fill=58 | rows=[14] | cols=[1] | col_header=False | row_header=False | metadata=False
Cell C15 | value='255.463305200015' | fill=58 | rows=[14] | cols=[2] | col_header=False | row_header=False | metadata=False
Cell D15 | value='79.8021083918021' | fill=58 | rows=[14] | cols=[3] | col_header=False | row_header=False | metadata=False
Cell E15 | value='24.4161884048596' | fill=58 | rows=[14] | cols=[4] | col_header=False | row_header=False | metadata=False
Cell G15 | value='432.86111028' | fill=54 | rows=[14] | cols=[6] | col_header=False | row_header=False | metadata=False
Cell A16 | value='1984' | fill=00000000 | rows=[15] | cols=[0] | col_header=False | row_header=False | metadata=False
Cell B16 | value='57.4471562391207' | fill=58 | rows=[15] | cols=[1] | col_header=False | row_header=False | metadata=False
Cell C16 | value='256.875946319255' | fill=58 | rows=[15] | cols=[2] | col_header=False | row_header=False | metadata=False
Cell D16 | value='80.5543545941099' | fill=58 | rows=[15] | cols=[3] | col_header=False | row_header=False | metadata=False
Cell E16 | value='25.5794207675147' | fill=58 | rows=[15] | cols=[4] | col_header=False | row_header=False | metadata=False
Cell G16 | value='420.45687792' | fill=54 | rows=[15] | cols=[6] | col_header=False | row_header=False | metadata=False
Cell A17 | value='1985' | fill=00000000 | rows=[16] | cols=[0] | col_header=False | row_header=False | metadata=False
Cell B17 | value='74.2787296880988' | fill=58 | rows=[16] | cols=[1] | col_header=False | row_header=False | metadata=False
Cell C17 | value='280.772348938723' | fill=58 | rows=[16] | cols=[2] | col_header=False | row_header=False | metadata=False
Cell D17 | value='85.3250218332921' | fill=58 | rows=[16] | cols=[3] | col_header=False | row_header=False | metadata=False
Cell E17 | value='26.3026307798857' | fill=58 | rows=[16] | cols=[4] | col_header=False | row_header=False | metadata=False
Cell G17 | value='466.67873124' | fill=54 | rows=[16] | cols=[6] | col_header=False | row_header=False | metadata=False
Cell A18 | value='1986' | fill=00000000 | rows=[17] | cols=[0] | col_header=False | row_header=False | metadata=False
Cell B18 | value='72.9504706659592' | fill=58 | rows=[17] | cols=[1] | col_header=False | row_header=False | metadata=False
Cell C18 | value='296.148818329192' | fill=58 | rows=[17] | cols=[2] | col_header=False | row_header=False | metadata=False
Cell D18 | value='88.5801466941379' | fill=58 | rows=[17] | cols=[3] | col_header=False | row_header=False | metadata=False
Cell E18 | value='27.1729383107106' | fill=58 | rows=[17] | cols=[4] | col_header=False | row_header=False | metadata=False
Cell G18 | value='484.852374' | fill=54 | rows=[17] | cols=[6] | col_header=False | row_header=False | metadata=False
Cell A19 | value='1987' | fill=00000000 | rows=[18] | cols=[0] | col_header=False | row_header=False | metadata=False
Cell B19 | value='62.9627842307339' | fill=58 | rows=[18] | cols=[1] | col_header=False | row_header=False | metadata=False
Cell C19 | value='303.559515980921' | fill=58 | rows=[18] | cols=[2] | col_header=False | row_header=False | metadata=False
Cell D19 | value='89.8930557743342' | fill=58 | rows=[18] | cols=[3] | col_header=False | row_header=False | metadata=False
Cell E19 | value='25.7742132140108' | fill=58 | rows=[18] | cols=[4] | col_header=False | row_header=False | metadata=False
Cell G19 | value='482.1895692' | fill=54 | rows=[18] | cols=[6] | col_header=False | row_header=False | metadata=False
Cell A20 | value='1988' | fill=00000000 | rows=[19] | cols=[0] | col_header=False | row_header=False | metadata=False
Cell B20 | value='59.2269174536571' | fill=58 | rows=[19] | cols=[1] | col_header=False | row_header=False | metadata=False
Cell C20 | value='296.820738337294' | fill=58 | rows=[19] | cols=[2] | col_header=False | row_header=False | metadata=False
Cell D20 | value='89.0514931695138' | fill=58 | rows=[19] | cols=[3] | col_header=False | row_header=False | metadata=False
Cell E20 | value='24.9635633795353' | fill=58 | rows=[19] | cols=[4] | col_header=False | row_header=False | metadata=False
Cell G20 | value='470.06271234' | fill=54 | rows=[19] | cols=[6] | col_header=False | row_header=False | metadata=False
Cell A21 | value='1989' | fill=00000000 | rows=[20] | cols=[0] | col_header=False | row_header=False | metadata=False
Cell B21 | value='47.1764137746041' | fill=58 | rows=[20] | cols=[1] | col_header=False | row_header=False | metadata=False
Cell C21 | value='286.855437794279' | fill=58 | rows=[20] | cols=[2] | col_header=False | row_header=False | metadata=False
Cell D21 | value='88.9463908524049' | fill=58 | rows=[20] | cols=[3] | col_header=False | row_header=False | metadata=False
Cell E21 | value='23.6850727387118' | fill=58 | rows=[20] | cols=[4] | col_header=False | row_header=False | metadata=False
Cell G21 | value='446.66331516' | fill=54 | rows=[20] | cols=[6] | col_header=False | row_header=False | metadata=False
Cell A22 | value='1990' | fill=00000000 | rows=[21] | cols=[0] | col_header=False | row_header=False | metadata=False
Cell B22 | value='46.25513838' | fill=58 | rows=[21] | cols=[1] | col_header=False | row_header=False | metadata=False
Cell C22 | value='286.6398417' | fill=58 | rows=[21] | cols=[2] | col_header=False | row_header=False | metadata=False
Cell D22 | value='89.49243132' | fill=58 | rows=[21] | cols=[3] | col_header=False | row_header=False | metadata=False
Cell E22 | value='27.5156496' | fill=58 | rows=[21] | cols=[4] | col_header=False | row_header=False | metadata=False
Cell F22 | value='2.28002660999999' | fill=58 | rows=[21] | cols=[5] | col_header=False | row_header=False | metadata=False
Cell G22 | value='452.18308761' | fill=54 | rows=[21] | cols=[6] | col_header=False | row_header=False | metadata=False
Cell A23 | value='1991' | fill=00000000 | rows=[22] | cols=[0] | col_header=False | row_header=False | metadata=False
Cell B23 | value='50.78190654' | fill=58 | rows=[22] | cols=[1] | col_header=False | row_header=False | metadata=False
Cell C23 | value='318.66006942' | fill=58 | rows=[22] | cols=[2] | col_header=False | row_header=False | metadata=False
Cell D23 | value='93.59758872' | fill=58 | rows=[22] | cols=[3] | col_header=False | row_header=False | metadata=False
Cell E23 | value='31.3434315' | fill=58 | rows=[22] | cols=[4] | col_header=False | row_header=False | metadata=False
Cell F23 | value='2.315530674' | fill=58 | rows=[22] | cols=[5] | col_header=False | row_header=False | metadata=False
Cell G23 | value='496.698526854' | fill=54 | rows=[22] | cols=[6] | col_header=False | row_header=False | metadata=False
Cell A24 | value='1992' | fill=00000000 | rows=[23] | cols=[0] | col_header=False | row_header=False | metadata=False
Cell B24 | value='44.2691298' | fill=58 | rows=[23] | cols=[1] | col_header=False | row_header=False | metadata=False
Cell C24 | value='314.97652278' | fill=58 | rows=[23] | cols=[2] | col_header=False | row_header=False | metadata=False
Cell D24 | value='94.9178961' | fill=58 | rows=[23] | cols=[3] | col_header=False | row_header=False | metadata=False
Cell E24 | value='32.05351278' | fill=58 | rows=[23] | cols=[4] | col_header=False | row_header=False | metadata=False
Cell F24 | value='2.69941836600003' | fill=58 | rows=[23] | cols=[5] | col_header=False | row_header=False | metadata=False
Cell G24 | value='488.916479826' | fill=54 | rows=[23] | cols=[6] | col_header=False | row_header=False | metadata=False
Cell A25 | value='1993' | fill=00000000 | rows=[24] | cols=[0] | col_header=False | row_header=False | metadata=False
Cell B25 | value='48.77370792' | fill=58 | rows=[24] | cols=[1] | col_header=False | row_header=False | metadata=False
Cell C25 | value='324.57371508' | fill=58 | rows=[24] | cols=[2] | col_header=False | row_header=False | metadata=False
Cell D25 | value='95.84987778' | fill=58 | rows=[24] | cols=[3] | col_header=False | row_header=False | metadata=False
Cell E25 | value='33.49586538' | fill=58 | rows=[24] | cols=[4] | col_header=False | row_header=False | metadata=False
Cell F25 | value='2.66946181200007' | fill=58 | rows=[24] | cols=[5] | col_header=False | row_header=False | metadata=False
Cell G25 | value='505.362627972' | fill=54 | rows=[24] | cols=[6] | col_header=False | row_header=False | metadata=False
Cell A26 | value='1994' | fill=00000000 | rows=[25] | cols=[0] | col_header=False | row_header=False | metadata=False
Cell B26 | value='40.2194475' | fill=58 | rows=[25] | cols=[1] | col_header=False | row_header=False | metadata=False
Cell C26 | value='314.5992921' | fill=58 | rows=[25] | cols=[2] | col_header=False | row_header=False | metadata=False
Cell D26 | value='96.75966942' | fill=58 | rows=[25] | cols=[3] | col_header=False | row_header=False | metadata=False
Cell E26 | value='33.32944008' | fill=58 | rows=[25] | cols=[4] | col_header=False | row_header=False | metadata=False
Cell F26 | value='2.68055683199998' | fill=58 | rows=[25] | cols=[5] | col_header=False | row_header=False | metadata=False
Cell G26 | value='487.588405932' | fill=54 | rows=[25] | cols=[6] | col_header=False | row_header=False | metadata=False
Cell A27 | value='1995' | fill=00000000 | rows=[26] | cols=[0] | col_header=False | row_header=False | metadata=False
Cell B27 | value='29.1244275' | fill=58 | rows=[26] | cols=[1] | col_header=False | row_header=False | metadata=False
Cell C27 | value='311.07107574' | fill=58 | rows=[26] | cols=[2] | col_header=False | row_header=False | metadata=False
Cell D27 | value='97.5252258' | fill=58 | rows=[26] | cols=[3] | col_header=False | row_header=False | metadata=False
Cell E27 | value='33.25177494' | fill=58 | rows=[26] | cols=[4] | col_header=False | row_header=False | metadata=False
Cell F27 | value='2.68166633399994' | fill=58 | rows=[26] | cols=[5] | col_header=False | row_header=False | metadata=False
Cell G27 | value='473.654170314' | fill=54 | rows=[26] | cols=[6] | col_header=False | row_header=False | metadata=False
Cell A28 | value='1996' | fill=00000000 | rows=[27] | cols=[0] | col_header=False | row_header=False | metadata=False
Cell B28 | value='31.0782809029102' | fill=58 | rows=[27] | cols=[1] | col_header=False | row_header=False | metadata=False
Cell C28 | value='358.5526956' | fill=58 | rows=[27] | cols=[2] | col_header=False | row_header=False | metadata=False
Cell D28 | value='102.562006954655' | fill=58 | rows=[27] | cols=[3] | col_header=False | row_header=False | metadata=False
Cell E28 | value='39.0297487325515' | fill=58 | rows=[27] | cols=[4] | col_header=False | row_header=False | metadata=False
Cell F28 | value='2.66835230999993' | fill=58 | rows=[27] | cols=[5] | col_header=False | row_header=False | metadata=False
Cell G28 | value='533.891084500116' | fill=54 | rows=[27] | cols=[6] | col_header=False | row_header=False | metadata=False
Cell A29 | value='1997' | fill=00000000 | rows=[28] | cols=[0] | col_header=False | row_header=False | metadata=False
Cell B29 | value='27.4037324594678' | fill=58 | rows=[28] | cols=[1] | col_header=False | row_header=False | metadata=False
Cell C29 | value='329.637528' | fill=58 | rows=[28] | cols=[2] | col_header=False | row_header=False | metadata=False
Cell D29 | value='99.65007' | fill=58 | rows=[28] | cols=[3] | col_header=False | row_header=False | metadata=False
Cell E29 | value='37.5981255419658' | fill=58 | rows=[28] | cols=[4] | col_header=False | row_header=False | metadata=False
Cell F29 | value='2.49438239639994' | fill=58 | rows=[28] | cols=[5] | col_header=False | row_header=False | metadata=False
Cell G29 | value='496.783838397833' | fill=54 | rows=[28] | cols=[6] | col_header=False | row_header=False | metadata=False
Cell A30 | value='1998' | fill=00000000 | rows=[29] | cols=[0] | col_header=False | row_header=False | metadata=False
Cell B30 | value='26.0038204539283' | fill=58 | rows=[29] | cols=[1] | col_header=False | row_header=False | metadata=False
Cell C30 | value='339.52383' | fill=58 | rows=[29] | cols=[2] | col_header=False | row_header=False | metadata=False
Cell D30 | value='104.37714' | fill=58 | rows=[29] | cols=[3] | col_header=False | row_header=False | metadata=False
Cell E30 | value='39.3110635069248' | fill=58 | rows=[29] | cols=[4] | col_header=False | row_header=False | metadata=False
Cell F30 | value='2.55185460000001' | fill=58 | rows=[29] | cols=[5] | col_header=False | row_header=False | metadata=False
Cell G30 | value='511.767708560853' | fill=54 | rows=[29] | cols=[6] | col_header=False | row_header=False | metadata=False
Cell A31 | value='1999' | fill=00000000 | rows=[30] | cols=[0] | col_header=False | row_header=False | metadata=False
Cell B31 | value='26.7566316124836' | fill=58 | rows=[30] | cols=[1] | col_header=False | row_header=False | metadata=False
Cell C31 | value='341.594964' | fill=58 | rows=[30] | cols=[2] | col_header=False | row_header=False | metadata=False
Cell D31 | value='105.233832' | fill=58 | rows=[30] | cols=[3] | col_header=False | row_header=False | metadata=False
Cell E31 | value='35.0863147364154' | fill=58 | rows=[30] | cols=[4] | col_header=False | row_header=False | metadata=False
Cell F31 | value='3.03978314318391' | fill=58 | rows=[30] | cols=[5] | col_header=False | row_header=False | metadata=False
Cell G31 | value='511.711525492083' | fill=54 | rows=[30] | cols=[6] | col_header=False | row_header=False | metadata=False
Cell A32 | value='2000' | fill=00000000 | rows=[31] | cols=[0] | col_header=False | row_header=False | metadata=False
Cell B32 | value='21.1716815456521' | fill=58 | rows=[31] | cols=[1] | col_header=False | row_header=False | metadata=False
Cell C32 | value='352.893186' | fill=58 | rows=[31] | cols=[2] | col_header=False | row_header=False | metadata=False
Cell D32 | value='106.697268' | fill=58 | rows=[31] | cols=[3] | col_header=False | row_header=False | metadata=False
Cell E32 | value='35.9411157088073' | fill=58 | rows=[31] | cols=[4] | col_header=False | row_header=False | metadata=False
Cell F32 | value='3.1114869795' | fill=58 | rows=[31] | cols=[5] | col_header=False | row_header=False | metadata=False
Cell G32 | value='519.814738233959' | fill=54 | rows=[31] | cols=[6] | col_header=False | row_header=False | metadata=False
Cell A33 | value='2001' | fill=00000000 | rows=[32] | cols=[0] | col_header=False | row_header=False | metadata=False
Cell B33 | value='20.3831749715894' | fill=58 | rows=[32] | cols=[1] | col_header=False | row_header=False | metadata=False
Cell C33 | value='361.972404' | fill=58 | rows=[32] | cols=[2] | col_header=False | row_header=False | metadata=False
Cell D33 | value='110.031498' | fill=58 | rows=[32] | cols=[3] | col_header=False | row_header=False | metadata=False
Cell E33 | value='39.1310773824002' | fill=58 | rows=[32] | cols=[4] | col_header=False | row_header=False | metadata=False
Cell F33 | value='3.02136796956609' | fill=58 | rows=[32] | cols=[5] | col_header=False | row_header=False | metadata=False
Cell G33 | value='534.539522323556' | fill=54 | rows=[32] | cols=[6] | col_header=False | row_header=False | metadata=False
Cell A34 | value='2002' | fill=00000000 | rows=[33] | cols=[0] | col_header=False | row_header=False | metadata=False
Cell B34 | value='15.8112196035565' | fill=58 | rows=[33] | cols=[1] | col_header=False | row_header=False | metadata=False
Cell C34 | value='359.058833267305' | fill=58 | rows=[33] | cols=[2] | col_header=False | row_header=False | metadata=False
Cell D34 | value='114.493744278' | fill=58 | rows=[33] | cols=[3] | col_header=False | row_header=False | metadata=False
Cell E34 | value='34.2553774324543' | fill=58 | rows=[33] | cols=[4] | col_header=False | row_header=False | metadata=False
Cell F34 | value='3.06820602198013' | fill=58 | rows=[33] | cols=[5] | col_header=False | row_header=False | metadata=False
Cell G34 | value='526.687380603296' | fill=54 | rows=[33] | cols=[6] | col_header=False | row_header=False | metadata=False
Cell A35 | value='2003' | fill=00000000 | rows=[34] | cols=[0] | col_header=False | row_header=False | metadata=False
Cell B35 | value='12.8585571288861' | fill=58 | rows=[34] | cols=[1] | col_header=False | row_header=False | metadata=False
Cell C35 | value='368.707914250962' | fill=58 | rows=[34] | cols=[2] | col_header=False | row_header=False | metadata=False
Cell D35 | value='117.3427215102' | fill=58 | rows=[34] | cols=[3] | col_header=False | row_header=False | metadata=False
Cell E35 | value='34.0415580419148' | fill=58 | rows=[34] | cols=[4] | col_header=False | row_header=False | metadata=False
Cell F35 | value='2.86133964120006' | fill=58 | rows=[34] | cols=[5] | col_header=False | row_header=False | metadata=False
Cell G35 | value='535.812090573163' | fill=54 | rows=[34] | cols=[6] | col_header=False | row_header=False | metadata=False
Cell A36 | value='2004' | fill=00000000 | rows=[35] | cols=[0] | col_header=False | row_header=False | metadata=False
Cell B36 | value='11.0882898092904' | fill=58 | rows=[35] | cols=[1] | col_header=False | row_header=False | metadata=False
Cell C36 | value='378.175813809407' | fill=58 | rows=[35] | cols=[2] | col_header=False | row_header=False | metadata=False
Cell D36 | value='118.48724762987' | fill=58 | rows=[35] | cols=[3] | col_header=False | row_header=False | metadata=False
Cell E36 | value='36.2288704434448' | fill=58 | rows=[35] | cols=[4] | col_header=False | row_header=False | metadata=False
Cell F36 | value='3.36827778300005' | fill=58 | rows=[35] | cols=[5] | col_header=False | row_header=False | metadata=False
Cell G36 | value='547.348499475012' | fill=54 | rows=[35] | cols=[6] | col_header=False | row_header=False | metadata=False
Cell A37 | value='2005' | fill=00000000 | rows=[36] | cols=[0] | col_header=False | row_header=False | metadata=False
Cell B37 | value='7.73597382084479' | fill=58 | rows=[36] | cols=[1] | col_header=False | row_header=False | metadata=False
Cell C37 | value='364.312539059064' | fill=58 | rows=[36] | cols=[2] | col_header=False | row_header=False | metadata=False
Cell D37 | value='119.928425652' | fill=58 | rows=[36] | cols=[3] | col_header=False | row_header=False | metadata=False
Cell E37 | value='34.3111341868164' | fill=58 | rows=[36] | cols=[4] | col_header=False | row_header=False | metadata=False
Cell F37 | value='4.10222403012074' | fill=58 | rows=[36] | cols=[5] | col_header=False | row_header=False | metadata=False
Cell G37 | value='530.390296748846' | fill=54 | rows=[36] | cols=[6] | col_header=False | row_header=False | metadata=False
Cell A38 | value='2006' | fill=00000000 | rows=[37] | cols=[0] | col_header=False | row_header=False | metadata=False
Cell B38 | value='7.12068980774732' | fill=58 | rows=[37] | cols=[1] | col_header=False | row_header=False | metadata=False
Cell C38 | value='350.0493303718' | fill=58 | rows=[37] | cols=[2] | col_header=False | row_header=False | metadata=False
Cell D38 | value='118.967538875056' | fill=58 | rows=[37] | cols=[3] | col_header=False | row_header=False | metadata=False
Cell E38 | value='36.0528712914179' | fill=58 | rows=[37] | cols=[4] | col_header=False | row_header=False | metadata=False
Cell F38 | value='4.54722952330064' | fill=58 | rows=[37] | cols=[5] | col_header=False | row_header=False | metadata=False
Cell G38 | value='516.737659869322' | fill=54 | rows=[37] | cols=[6] | col_header=False | row_header=False | metadata=False
Cell A39 | value='2007' | fill=00000000 | rows=[38] | cols=[0] | col_header=False | row_header=False | metadata=False
Cell B39 | value='7.54597440171018' | fill=58 | rows=[38] | cols=[1] | col_header=False | row_header=False | metadata=False
Cell C39 | value='336.635986323406' | fill=58 | rows=[38] | cols=[2] | col_header=False | row_header=False | metadata=False
Cell D39 | value='117.414526949467' | fill=58 | rows=[38] | cols=[3] | col_header=False | row_header=False | metadata=False
Cell E39 | value='31.9020305334741' | fill=58 | rows=[38] | cols=[4] | col_header=False | row_header=False | metadata=False
Cell F39 | value='5.01121859570065' | fill=58 | rows=[38] | cols=[5] | col_header=False | row_header=False | metadata=False
Cell G39 | value='498.509736803757' | fill=54 | rows=[38] | cols=[6] | col_header=False | row_header=False | metadata=False
Cell A40 | value='2008' | fill=00000000 | rows=[39] | cols=[0] | col_header=False | row_header=False | metadata=False
Cell B40 | value='8.3510124006093' | fill=58 | rows=[39] | cols=[1] | col_header=False | row_header=False | metadata=False
Cell C40 | value='343.01434213366' | fill=58 | rows=[39] | cols=[2] | col_header=False | row_header=False | metadata=False
Cell D40 | value='114.2892' | fill=58 | rows=[39] | cols=[3] | col_header=False | row_header=False | metadata=False
Cell E40 | value='33.6428747693327' | fill=58 | rows=[39] | cols=[4] | col_header=False | row_header=False | metadata=False
Cell F40 | value='5.3606935466737' | fill=58 | rows=[39] | cols=[5] | col_header=False | row_header=False | metadata=False
Cell G40 | value='504.658122850275' | fill=54 | rows=[39] | cols=[6] | col_header=False | row_header=False | metadata=False
Cell A41 | value='2009' | fill=00000000 | rows=[40] | cols=[0] | col_header=False | row_header=False | metadata=False
Cell B41 | value='8.11615928486371' | fill=58 | rows=[40] | cols=[1] | col_header=False | row_header=False | metadata=False
Cell C41 | value='317.204320729844' | fill=58 | rows=[40] | cols=[2] | col_header=False | row_header=False | metadata=False
Cell D41 | value='113.087916848958' | fill=58 | rows=[40] | cols=[3] | col_header=False | row_header=False | metadata=False
Cell E41 | value='33.4208055565478' | fill=58 | rows=[40] | cols=[4] | col_header=False | row_header=False | metadata=False
Cell F41 | value='5.73729565047506' | fill=58 | rows=[40] | cols=[5] | col_header=False | row_header=False | metadata=False
Cell G41 | value='477.566498070689' | fill=54 | rows=[40] | cols=[6] | col_header=False | row_header=False | metadata=False

