=== environment-table15.xlsx ===
Cell A2 | value='Table 20  Scientific procedures by species of animal, 1988-2011' | fill=FF00B0F0 | rows=[1] | cols=[0] | col_header=False | row_header=False | metadata=True
Cell A4 | value='Great Britain' | fill=00000000 | rows=[3] | cols=[0] | col_header=False | row_header=False | metadata=False
Cell W4 | value='Thousands of procedures' | fill=00000000 | rows=[3] | cols=[22] | col_header=False | row_header=False | metadata=False
Cell A5 | value='Species of animal' | fill=FFFFFF00 | rows=[4] | cols=[0] | col_header=True | row_header=False | metadata=False
Cell B6 | value='1988' | fill=43 | rows=[5] | cols=[1] | col_header=False | row_header=False | metadata=False
Cell C6 | value='1989' | fill=43 | rows=[5] | cols=[2] | col_header=False | row_header=False | metadata=False
Cell D6 | value='1990' | fill=43 | rows=[5] | cols=[3] | col_header=False | row_header=False | metadata=False
Cell E6 | value='1991' | fill=43 | rows=[5] | cols=[4] | col_header=False | row_header=False | metadata=False
Cell F6 | value='1992' | fill=43 | rows=[5] | cols=[5] | col_header=False | row_header=False | metadata=False
Cell G6 | value='1993' | fill=43 | rows=[5] | cols=[6] | col_header=False | row_header=False | metadata=False
Cell H6 | value='1994' | fill=43 | rows=[5] | cols=[7] | col_header=False | row_header=False | metadata=False
Cell I6 | value='1995' | fill=43 | rows=[5] | cols=[8] | col_header=False | row_header=False | metadata=False
Cell J6 | value='1996' | fill=43 | rows=[5] | cols=[9] | col_header=False | row_header=False | metadata=False
Cell K6 | value='1997' | fill=43 | rows=[5] | cols=[10] | col_header=False | row_header=False | metadata=False
Cell L6 | value='1998' | fill=43 | rows=[5] | cols=[11] | col_header=False | row_header=False | metadata=False
Cell M6 | value='1999' | fill=43 | rows=[5] | cols=[12] | col_header=False | row_header=False | metadata=False
Cell N6 | value='2000' | fill=43 | rows=[5] | cols=[13] | col_header=False | row_header=False | metadata=False
Cell O6 | value='2001' | fill=43 | rows=[5] | cols=[14] | col_header=False | row_header=False | metadata=False
Cell P6 | value='2002' | fill=43 | rows=[5] | cols=[15] | col_header=False | row_header=False | metadata=False
Cell Q6 | value='2003' | fill=43 | rows=[5] | cols=[16] | col_header=False | row_header=False | metadata=False
Cell R6 | value='2004' | fill=43 | rows=[5] | cols=[17] | col_header=False | row_header=False | metadata=False
Cell S6 | value='2005' | fill=43 | rows=[5] | cols=[18] | col_header=False | row_header=False | metadata=False
Cell T6 | value='2006' | fill=43 | rows=[5] | cols=[19] | col_header=False | row_header=False | metadata=False
Cell U6 | value='2007' | fill=43 | rows=[5] | cols=[20] | col_header=False | row_header=False | metadata=False
Cell V6 | value='2008' | fill=43 | rows=[5] | cols=[21] | col_header=False | row_header=False | metadata=False
Cell W6 | value='2009' | fill=43 | rows=[5] | cols=[22] | col_header=False | row_header=False | metadata=False
Cell X6 | value='2010' | fill=43 | rows=[5] | cols=[23] | col_header=False | row_header=False | metadata=False
Cell Y6 | value='2011' | fill=43 | rows=[5] | cols=[24] | col_header=False | row_header=False | metadata=False
Cell A7 | value='Mouse' | fill=00000000 | rows=[6] | cols=[0] | col_header=False | row_header=False | metadata=False
Cell B7 | value='1850.5' | fill=00000000 | rows=[6] | cols=[1] | col_header=False | row_header=False | metadata=False
Cell C7 | value='1744.9' | fill=00000000 | rows=[6] | cols=[2] | col_header=False | row_header=False | metadata=False
Cell D7 | value='1636.3' | fill=00000000 | rows=[6] | cols=[3] | col_header=False | row_header=False | metadata=False
Cell E7 | value='1698.9' | fill=00000000 | rows=[6] | cols=[4] | col_header=False | row_header=False | metadata=False
Cell F7 | value='1449' | fill=00000000 | rows=[6] | cols=[5] | col_header=False | row_header=False | metadata=False
Cell G7 | value='1457.3' | fill=00000000 | rows=[6] | cols=[6] | col_header=False | row_header=False | metadata=False
Cell H7 | value='1475' | fill=00000000 | rows=[6] | cols=[7] | col_header=False | row_header=False | metadata=False
Cell I7 | value='1454.9' | fill=00000000 | rows=[6] | cols=[8] | col_header=False | row_header=False | metadata=False
Cell J7 | value='1502.1' | fill=00000000 | rows=[6] | cols=[9] | col_header=False | row_header=False | metadata=False
Cell K7 | value='1517.888' | fill=00000000 | rows=[6] | cols=[10] | col_header=False | row_header=False | metadata=False
Cell L7 | value='1590.8' | fill=00000000 | rows=[6] | cols=[11] | col_header=False | row_header=False | metadata=False
Cell M7 | value='1641.868' | fill=00000000 | rows=[6] | cols=[12] | col_header=False | row_header=False | metadata=False
Cell N7 | value='1607' | fill=00000000 | rows=[6] | cols=[13] | col_header=False | row_header=False | metadata=False
Cell O7 | value='1657.657' | fill=00000000 | rows=[6] | cols=[14] | col_header=False | row_header=False | metadata=False
Cell P7 | value='1720.253' | fill=00000000 | rows=[6] | cols=[15] | col_header=False | row_header=False | metadata=False
Cell Q7 | value='1816.866' | fill=00000000 | rows=[6] | cols=[16] | col_header=False | row_header=False | metadata=False
Cell R7 | value='1919.138' | fill=00000000 | rows=[6] | cols=[17] | col_header=False | row_header=False | metadata=False
Cell S7 | value='1961.049' | fill=00000000 | rows=[6] | cols=[18] | col_header=False | row_header=False | metadata=False
Cell T7 | value='2067.071' | fill=00000000 | rows=[6] | cols=[19] | col_header=False | row_header=False | metadata=False
Cell U7 | value='2221.9' | fill=00000000 | rows=[6] | cols=[20] | col_header=False | row_header=False | metadata=False
Cell V7 | value='2418.604' | fill=00000000 | rows=[6] | cols=[21] | col_header=False | row_header=False | metadata=False
Cell W7 | value='2628.556' | fill=00000000 | rows=[6] | cols=[22] | col_header=False | row_header=False | metadata=False
Cell X7 | value='2670.067' | fill=00000000 | rows=[6] | cols=[23] | col_header=False | row_header=False | metadata=False
Cell Y7 | value='2679.763' | fill=00000000 | rows=[6] | cols=[24] | col_header=False | row_header=False | metadata=False
Cell A8 | value='Rat' | fill=00000000 | rows=[7] | cols=[0] | col_header=False | row_header=False | metadata=False
Cell B8 | value='860.4' | fill=00000000 | rows=[7] | cols=[1] | col_header=False | row_header=False | metadata=False
Cell C8 | value='882.3' | fill=00000000 | rows=[7] | cols=[2] | col_header=False | row_header=False | metadata=False
Cell D8 | value='891.5' | fill=00000000 | rows=[7] | cols=[3] | col_header=False | row_header=False | metadata=False
Cell E8 | value='881.7' | fill=00000000 | rows=[7] | cols=[4] | col_header=False | row_header=False | metadata=False
Cell F8 | value='833' | fill=00000000 | rows=[7] | cols=[5] | col_header=False | row_header=False | metadata=False
Cell G8 | value='819.7' | fill=00000000 | rows=[7] | cols=[6] | col_header=False | row_header=False | metadata=False
Cell H8 | value='755.9' | fill=00000000 | rows=[7] | cols=[7] | col_header=False | row_header=False | metadata=False
Cell I8 | value='694.4' | fill=00000000 | rows=[7] | cols=[8] | col_header=False | row_header=False | metadata=False
Cell J8 | value='688.8' | fill=00000000 | rows=[7] | cols=[9] | col_header=False | row_header=False | metadata=False
Cell K8 | value='636.694' | fill=00000000 | rows=[7] | cols=[10] | col_header=False | row_header=False | metadata=False
Cell L8 | value='575.9' | fill=00000000 | rows=[7] | cols=[11] | col_header=False | row_header=False | metadata=False
Cell M8 | value='566.99' | fill=00000000 | rows=[7] | cols=[12] | col_header=False | row_header=False | metadata=False
Cell N8 | value='535' | fill=00000000 | rows=[7] | cols=[13] | col_header=False | row_header=False | metadata=False
Cell O8 | value='500.246' | fill=00000000 | rows=[7] | cols=[14] | col_header=False | row_header=False | metadata=False
Cell P8 | value='509.647' | fill=00000000 | rows=[7] | cols=[15] | col_header=False | row_header=False | metadata=False
Cell Q8 | value='496.419' | fill=00000000 | rows=[7] | cols=[16] | col_header=False | row_header=False | metadata=False
Cell R8 | value='464.727' | fill=00000000 | rows=[7] | cols=[17] | col_header=False | row_header=False | metadata=False
Cell S8 | value='424.527' | fill=00000000 | rows=[7] | cols=[18] | col_header=False | row_header=False | metadata=False
Cell T8 | value='406.168' | fill=00000000 | rows=[7] | cols=[19] | col_header=False | row_header=False | metadata=False
Cell U8 | value='385.7' | fill=00000000 | rows=[7] | cols=[20] | col_header=False | row_header=False | metadata=False
Cell V8 | value='355.37' | fill=00000000 | rows=[7] | cols=[21] | col_header=False | row_header=False | metadata=False
Cell W8 | value='333.865' | fill=00000000 | rows=[7] | cols=[22] | col_header=False | row_header=False | metadata=False
Cell X8 | value='305.139' | fill=00000000 | rows=[7] | cols=[23] | col_header=False | row_header=False | metadata=False
Cell Y8 | value='271.535' | fill=00000000 | rows=[7] | cols=[24] | col_header=False | row_header=False | metadata=False
Cell A9 | value='All other rodents' | fill=00000000 | rows=[8] | cols=[0] | col_header=False | row_header=False | metadata=False
Cell B9 | value='184.1' | fill=00000000 | rows=[8] | cols=[1] | col_header=False | row_header=False | metadata=False
Cell C9 | value='171.8' | fill=00000000 | rows=[8] | cols=[2] | col_header=False | row_header=False | metadata=False
Cell D9 | value='162.5' | fill=00000000 | rows=[8] | cols=[3] | col_header=False | row_header=False | metadata=False
Cell E9 | value='152' | fill=00000000 | rows=[8] | cols=[4] | col_header=False | row_header=False | metadata=False
Cell F9 | value='131.5' | fill=00000000 | rows=[8] | cols=[5] | col_header=False | row_header=False | metadata=False
Cell G9 | value='138.2' | fill=00000000 | rows=[8] | cols=[6] | col_header=False | row_header=False | metadata=False
Cell H9 | value='141.1' | fill=00000000 | rows=[8] | cols=[7] | col_header=False | row_header=False | metadata=False
Cell I9 | value='134.2' | fill=00000000 | rows=[8] | cols=[8] | col_header=False | row_header=False | metadata=False
Cell J9 | value='125.2' | fill=00000000 | rows=[8] | cols=[9] | col_header=False | row_header=False | metadata=False
Cell K9 | value='103.342' | fill=00000000 | rows=[8] | cols=[10] | col_header=False | row_header=False | metadata=False
Cell L9 | value='93.1' | fill=00000000 | rows=[8] | cols=[11] | col_header=False | row_header=False | metadata=False
Cell M9 | value='81.416' | fill=00000000 | rows=[8] | cols=[12] | col_header=False | row_header=False | metadata=False
Cell N9 | value='71.5' | fill=00000000 | rows=[8] | cols=[13] | col_header=False | row_header=False | metadata=False
Cell O9 | value='61.569' | fill=00000000 | rows=[8] | cols=[14] | col_header=False | row_header=False | metadata=False
Cell P9 | value='59.991' | fill=00000000 | rows=[8] | cols=[15] | col_header=False | row_header=False | metadata=False
Cell Q9 | value='48.094' | fill=00000000 | rows=[8] | cols=[16] | col_header=False | row_header=False | metadata=False
Cell R9 | value='37.475' | fill=00000000 | rows=[8] | cols=[17] | col_header=False | row_header=False | metadata=False
Cell S9 | value='41.467' | fill=00000000 | rows=[8] | cols=[18] | col_header=False | row_header=False | metadata=False
Cell T9 | value='37.59' | fill=00000000 | rows=[8] | cols=[19] | col_header=False | row_header=False | metadata=False
Cell U9 | value='37.3' | fill=00000000 | rows=[8] | cols=[20] | col_header=False | row_header=False | metadata=False
Cell V9 | value='34.549' | fill=00000000 | rows=[8] | cols=[21] | col_header=False | row_header=False | metadata=False
Cell W9 | value='25.748' | fill=00000000 | rows=[8] | cols=[22] | col_header=False | row_header=False | metadata=False
Cell X9 | value='19.907' | fill=00000000 | rows=[8] | cols=[23] | col_header=False | row_header=False | metadata=False
Cell Y9 | value='17.935' | fill=00000000 | rows=[8] | cols=[24] | col_header=False | row_header=False | metadata=False
Cell A10 | value='Rabbit' | fill=00000000 | rows=[9] | cols=[0] | col_header=False | row_header=False | metadata=False
Cell B10 | value='131.8' | fill=00000000 | rows=[9] | cols=[1] | col_header=False | row_header=False | metadata=False
Cell C10 | value='113.4' | fill=00000000 | rows=[9] | cols=[2] | col_header=False | row_header=False | metadata=False
Cell D10 | value='89.8' | fill=00000000 | rows=[9] | cols=[3] | col_header=False | row_header=False | metadata=False
Cell E10 | value='81.5' | fill=00000000 | rows=[9] | cols=[4] | col_header=False | row_header=False | metadata=False
Cell F10 | value='79.5' | fill=00000000 | rows=[9] | cols=[5] | col_header=False | row_header=False | metadata=False
Cell G10 | value='70.5' | fill=00000000 | rows=[9] | cols=[6] | col_header=False | row_header=False | metadata=False
Cell H10 | value='68.8' | fill=00000000 | rows=[9] | cols=[7] | col_header=False | row_header=False | metadata=False
Cell I10 | value='61.2' | fill=00000000 | rows=[9] | cols=[8] | col_header=False | row_header=False | metadata=False
Cell J10 | value='53.6' | fill=00000000 | rows=[9] | cols=[9] | col_header=False | row_header=False | metadata=False
Cell K10 | value='44.996' | fill=00000000 | rows=[9] | cols=[10] | col_header=False | row_header=False | metadata=False
Cell L10 | value='37.5' | fill=00000000 | rows=[9] | cols=[11] | col_header=False | row_header=False | metadata=False
Cell M10 | value='41.435' | fill=00000000 | rows=[9] | cols=[12] | col_header=False | row_header=False | metadata=False
Cell N10 | value='39.7' | fill=00000000 | rows=[9] | cols=[13] | col_header=False | row_header=False | metadata=False
Cell O10 | value='33.741' | fill=00000000 | rows=[9] | cols=[14] | col_header=False | row_header=False | metadata=False
Cell P10 | value='30.28' | fill=00000000 | rows=[9] | cols=[15] | col_header=False | row_header=False | metadata=False
Cell Q10 | value='25.326' | fill=00000000 | rows=[9] | cols=[16] | col_header=False | row_header=False | metadata=False
Cell R10 | value='21.736' | fill=00000000 | rows=[9] | cols=[17] | col_header=False | row_header=False | metadata=False
Cell S10 | value='22.818' | fill=00000000 | rows=[9] | cols=[18] | col_header=False | row_header=False | metadata=False
Cell T10 | value='20.378' | fill=00000000 | rows=[9] | cols=[19] | col_header=False | row_header=False | metadata=False
Cell U10 | value='19.6' | fill=00000000 | rows=[9] | cols=[20] | col_header=False | row_header=False | metadata=False
Cell V10 | value='17.06' | fill=00000000 | rows=[9] | cols=[21] | col_header=False | row_header=False | metadata=False
Cell W10 | value='16.562' | fill=00000000 | rows=[9] | cols=[22] | col_header=False | row_header=False | metadata=False
Cell X10 | value='14.833' | fill=00000000 | rows=[9] | cols=[23] | col_header=False | row_header=False | metadata=False
Cell Y10 | value='15.461' | fill=00000000 | rows=[9] | cols=[24] | col_header=False | row_header=False | metadata=False
Cell A11 | value='Cats, dogs, ferrets and other carnivores' | fill=00000000 | rows=[10] | cols=[0] | col_header=False | row_header=False | metadata=False
Cell B11 | value='20.5' | fill=00000000 | rows=[10] | cols=[1] | col_header=False | row_header=False | metadata=False
Cell C11 | value='21.4' | fill=00000000 | rows=[10] | cols=[2] | col_header=False | row_header=False | metadata=False
Cell D11 | value='19.3' | fill=00000000 | rows=[10] | cols=[3] | col_header=False | row_header=False | metadata=False
Cell E11 | value='17.6' | fill=00000000 | rows=[10] | cols=[4] | col_header=False | row_header=False | metadata=False
Cell F11 | value='17.1' | fill=00000000 | rows=[10] | cols=[5] | col_header=False | row_header=False | metadata=False
Cell G11 | value='15.3' | fill=00000000 | rows=[10] | cols=[6] | col_header=False | row_header=False | metadata=False
Cell H11 | value='14.1' | fill=00000000 | rows=[10] | cols=[7] | col_header=False | row_header=False | metadata=False
Cell I11 | value='15.1' | fill=00000000 | rows=[10] | cols=[8] | col_header=False | row_header=False | metadata=False
Cell J11 | value='15' | fill=00000000 | rows=[10] | cols=[9] | col_header=False | row_header=False | metadata=False
Cell K11 | value='12.692' | fill=00000000 | rows=[10] | cols=[10] | col_header=False | row_header=False | metadata=False
Cell L11 | value='11.9' | fill=00000000 | rows=[10] | cols=[11] | col_header=False | row_header=False | metadata=False
Cell M11 | value='13.879' | fill=00000000 | rows=[10] | cols=[12] | col_header=False | row_header=False | metadata=False
Cell N11 | value='11.6' | fill=00000000 | rows=[10] | cols=[13] | col_header=False | row_header=False | metadata=False
Cell O11 | value='11.647' | fill=00000000 | rows=[10] | cols=[14] | col_header=False | row_header=False | metadata=False
Cell P11 | value='12.148' | fill=00000000 | rows=[10] | cols=[15] | col_header=False | row_header=False | metadata=False
Cell Q11 | value='10.897' | fill=00000000 | rows=[10] | cols=[16] | col_header=False | row_header=False | metadata=False
Cell R11 | value='10.704' | fill=00000000 | rows=[10] | cols=[17] | col_header=False | row_header=False | metadata=False
Cell S11 | value='10.086' | fill=00000000 | rows=[10] | cols=[18] | col_header=False | row_header=False | metadata=False
Cell T11 | value='9.796' | fill=00000000 | rows=[10] | cols=[19] | col_header=False | row_header=False | metadata=False
Cell U11 | value='9' | fill=00000000 | rows=[10] | cols=[20] | col_header=False | row_header=False | metadata=False
Cell V11 | value='8.851' | fill=00000000 | rows=[10] | cols=[21] | col_header=False | row_header=False | metadata=False
Cell W11 | value='8.083' | fill=00000000 | rows=[10] | cols=[22] | col_header=False | row_header=False | metadata=False
Cell X11 | value='7.532' | fill=00000000 | rows=[10] | cols=[23] | col_header=False | row_header=False | metadata=False
Cell Y11 | value='6.273' | fill=00000000 | rows=[10] | cols=[24] | col_header=False | row_header=False | metadata=False
Cell A12 | value='Ungulate' | fill=00000000 | rows=[11] | cols=[0] | col_header=False | row_header=False | metadata=False
Cell B12 | value='38.1' | fill=00000000 | rows=[11] | cols=[1] | col_header=False | row_header=False | metadata=False
Cell C12 | value='34.8' | fill=00000000 | rows=[11] | cols=[2] | col_header=False | row_header=False | metadata=False
Cell D12 | value='34.8' | fill=00000000 | rows=[11] | cols=[3] | col_header=False | row_header=False | metadata=False
Cell E12 | value='31.1' | fill=00000000 | rows=[11] | cols=[4] | col_header=False | row_header=False | metadata=False
Cell F12 | value='34.4' | fill=00000000 | rows=[11] | cols=[5] | col_header=False | row_header=False | metadata=False
Cell G12 | value='33' | fill=00000000 | rows=[11] | cols=[6] | col_header=False | row_header=False | metadata=False
Cell H12 | value='32.2' | fill=00000000 | rows=[11] | cols=[7] | col_header=False | row_header=False | metadata=False
Cell I12 | value='55.3' | fill=00000000 | rows=[11] | cols=[8] | col_header=False | row_header=False | metadata=False
Cell J12 | value='60.3' | fill=00000000 | rows=[11] | cols=[9] | col_header=False | row_header=False | metadata=False
Cell K12 | value='60.017' | fill=00000000 | rows=[11] | cols=[10] | col_header=False | row_header=False | metadata=False
Cell L12 | value='68' | fill=00000000 | rows=[11] | cols=[11] | col_header=False | row_header=False | metadata=False
Cell M12 | value='63.574' | fill=00000000 | rows=[11] | cols=[12] | col_header=False | row_header=False | metadata=False
Cell N12 | value='63' | fill=00000000 | rows=[11] | cols=[13] | col_header=False | row_header=False | metadata=False
Cell O12 | value='37.371' | fill=00000000 | rows=[11] | cols=[14] | col_header=False | row_header=False | metadata=False
Cell P12 | value='57.268' | fill=00000000 | rows=[11] | cols=[15] | col_header=False | row_header=False | metadata=False
Cell Q12 | value='75.471' | fill=00000000 | rows=[11] | cols=[16] | col_header=False | row_header=False | metadata=False
Cell R12 | value='75.146' | fill=00000000 | rows=[11] | cols=[17] | col_header=False | row_header=False | metadata=False
Cell S12 | value='61.408' | fill=00000000 | rows=[11] | cols=[18] | col_header=False | row_header=False | metadata=False
Cell T12 | value='55.847' | fill=00000000 | rows=[11] | cols=[19] | col_header=False | row_header=False | metadata=False
Cell U12 | value='48.2' | fill=00000000 | rows=[11] | cols=[20] | col_header=False | row_header=False | metadata=False
Cell V12 | value='54.873' | fill=00000000 | rows=[11] | cols=[21] | col_header=False | row_header=False | metadata=False
Cell W12 | value='55.091' | fill=00000000 | rows=[11] | cols=[22] | col_header=False | row_header=False | metadata=False
Cell X12 | value='53.012' | fill=00000000 | rows=[11] | cols=[23] | col_header=False | row_header=False | metadata=False
Cell Y12 | value='56.051' | fill=00000000 | rows=[11] | cols=[24] | col_header=False | row_header=False | metadata=False
Cell A13 | value='Primate' | fill=00000000 | rows=[12] | cols=[0] | col_header=False | row_header=False | metadata=False
Cell B13 | value='6.3' | fill=00000000 | rows=[12] | cols=[1] | col_header=False | row_header=False | metadata=False
Cell C13 | value='5.3' | fill=00000000 | rows=[12] | cols=[2] | col_header=False | row_header=False | metadata=False
Cell D13 | value='5.3' | fill=00000000 | rows=[12] | cols=[3] | col_header=False | row_header=False | metadata=False
Cell E13 | value='4.5' | fill=00000000 | rows=[12] | cols=[4] | col_header=False | row_header=False | metadata=False
Cell F13 | value='5' | fill=00000000 | rows=[12] | cols=[5] | col_header=False | row_header=False | metadata=False
Cell G13 | value='5' | fill=00000000 | rows=[12] | cols=[6] | col_header=False | row_header=False | metadata=False
Cell H13 | value='5.2' | fill=00000000 | rows=[12] | cols=[7] | col_header=False | row_header=False | metadata=False
Cell I13 | value='4.7' | fill=00000000 | rows=[12] | cols=[8] | col_header=False | row_header=False | metadata=False
Cell J13 | value='4.4' | fill=00000000 | rows=[12] | cols=[9] | col_header=False | row_header=False | metadata=False
Cell K13 | value='3.908' | fill=00000000 | rows=[12] | cols=[10] | col_header=False | row_header=False | metadata=False
Cell L13 | value='3.7' | fill=00000000 | rows=[12] | cols=[11] | col_header=False | row_header=False | metadata=False
Cell M13 | value='4.003' | fill=00000000 | rows=[12] | cols=[12] | col_header=False | row_header=False | metadata=False
Cell N13 | value='3.7' | fill=00000000 | rows=[12] | cols=[13] | col_header=False | row_header=False | metadata=False
Cell O13 | value='3.986' | fill=00000000 | rows=[12] | cols=[14] | col_header=False | row_header=False | metadata=False
Cell P13 | value='3.977' | fill=00000000 | rows=[12] | cols=[15] | col_header=False | row_header=False | metadata=False
Cell Q13 | value='4.799' | fill=00000000 | rows=[12] | cols=[16] | col_header=False | row_header=False | metadata=False
Cell R13 | value='4.208' | fill=00000000 | rows=[12] | cols=[17] | col_header=False | row_header=False | metadata=False
Cell S13 | value='4.652' | fill=00000000 | rows=[12] | cols=[18] | col_header=False | row_header=False | metadata=False
Cell T13 | value='4.204' | fill=00000000 | rows=[12] | cols=[19] | col_header=False | row_header=False | metadata=False
Cell U13 | value='4' | fill=00000000 | rows=[12] | cols=[20] | col_header=False | row_header=False | metadata=False
Cell V13 | value='4.598' | fill=00000000 | rows=[12] | cols=[21] | col_header=False | row_header=False | metadata=False
Cell W13 | value='4.263' | fill=00000000 | rows=[12] | cols=[22] | col_header=False | row_header=False | metadata=False
Cell X13 | value='4.688' | fill=00000000 | rows=[12] | cols=[23] | col_header=False | row_header=False | metadata=False
Cell Y13 | value='2.475' | fill=00000000 | rows=[12] | cols=[24] | col_header=False | row_header=False | metadata=False
Cell A14 | value='Other mammal' | fill=00000000 | rows=[13] | cols=[0] | col_header=False | row_header=False | metadata=False
Cell B14 | value='0.4' | fill=00000000 | rows=[13] | cols=[1] | col_header=False | row_header=False | metadata=False
Cell C14 | value='0.2' | fill=00000000 | rows=[13] | cols=[2] | col_header=False | row_header=False | metadata=False
Cell D14 | value='0.8' | fill=00000000 | rows=[13] | cols=[3] | col_header=False | row_header=False | metadata=False
Cell E14 | value='1.3' | fill=00000000 | rows=[13] | cols=[4] | col_header=False | row_header=False | metadata=False
Cell F14 | value='1.3' | fill=00000000 | rows=[13] | cols=[5] | col_header=False | row_header=False | metadata=False
Cell G14 | value='2.5' | fill=00000000 | rows=[13] | cols=[6] | col_header=False | row_header=False | metadata=False
Cell H14 | value='3.2' | fill=00000000 | rows=[13] | cols=[7] | col_header=False | row_header=False | metadata=False
Cell I14 | value='1' | fill=00000000 | rows=[13] | cols=[8] | col_header=False | row_header=False | metadata=False
Cell J14 | value='0.8' | fill=00000000 | rows=[13] | cols=[9] | col_header=False | row_header=False | metadata=False
Cell K14 | value='0.75' | fill=00000000 | rows=[13] | cols=[10] | col_header=False | row_header=False | metadata=False
Cell L14 | value='0.9' | fill=00000000 | rows=[13] | cols=[11] | col_header=False | row_header=False | metadata=False
Cell M14 | value='0.527' | fill=00000000 | rows=[13] | cols=[12] | col_header=False | row_header=False | metadata=False
Cell N14 | value='0.5' | fill=00000000 | rows=[13] | cols=[13] | col_header=False | row_header=False | metadata=False
Cell O14 | value='0.776' | fill=00000000 | rows=[13] | cols=[14] | col_header=False | row_header=False | metadata=False
Cell P14 | value='1.253' | fill=00000000 | rows=[13] | cols=[15] | col_header=False | row_header=False | metadata=False
Cell Q14 | value='1.737' | fill=00000000 | rows=[13] | cols=[16] | col_header=False | row_header=False | metadata=False
Cell R14 | value='2.393' | fill=00000000 | rows=[13] | cols=[17] | col_header=False | row_header=False | metadata=False
Cell S14 | value='2.333' | fill=00000000 | rows=[13] | cols=[18] | col_header=False | row_header=False | metadata=False
Cell T14 | value='1.669' | fill=00000000 | rows=[13] | cols=[19] | col_header=False | row_header=False | metadata=False
Cell U14 | value='1.6' | fill=00000000 | rows=[13] | cols=[20] | col_header=False | row_header=False | metadata=False
Cell V14 | value='0.978' | fill=00000000 | rows=[13] | cols=[21] | col_header=False | row_header=False | metadata=False
Cell W14 | value='1.315' | fill=00000000 | rows=[13] | cols=[22] | col_header=False | row_header=False | metadata=False
Cell X14 | value='1.214' | fill=00000000 | rows=[13] | cols=[23] | col_header=False | row_header=False | metadata=False
Cell Y14 | value='0.545' | fill=00000000 | rows=[13] | cols=[24] | col_header=False | row_header=False | metadata=False
Cell A15 | value='Bird' | fill=00000000 | rows=[14] | cols=[0] | col_header=False | row_header=False | metadata=False
Cell B15 | value='269.5' | fill=00000000 | rows=[14] | cols=[1] | col_header=False | row_header=False | metadata=False
Cell C15 | value='252' | fill=00000000 | rows=[14] | cols=[2] | col_header=False | row_header=False | metadata=False
Cell D15 | value='245.6' | fill=00000000 | rows=[14] | cols=[3] | col_header=False | row_header=False | metadata=False
Cell E15 | value='226.7' | fill=00000000 | rows=[14] | cols=[4] | col_header=False | row_header=False | metadata=False
Cell F15 | value='220.3' | fill=00000000 | rows=[14] | cols=[5] | col_header=False | row_header=False | metadata=False
Cell G15 | value='116.4' | fill=00000000 | rows=[14] | cols=[6] | col_header=False | row_header=False | metadata=False
Cell H15 | value='189.6' | fill=00000000 | rows=[14] | cols=[7] | col_header=False | row_header=False | metadata=False
Cell I15 | value='140.4' | fill=00000000 | rows=[14] | cols=[8] | col_header=False | row_header=False | metadata=False
Cell J15 | value='113.9' | fill=00000000 | rows=[14] | cols=[9] | col_header=False | row_header=False | metadata=False
Cell K15 | value='120.839' | fill=00000000 | rows=[14] | cols=[10] | col_header=False | row_header=False | metadata=False
Cell L15 | value='141.2' | fill=00000000 | rows=[14] | cols=[11] | col_header=False | row_header=False | metadata=False
Cell M15 | value='106.009' | fill=00000000 | rows=[14] | cols=[12] | col_header=False | row_header=False | metadata=False
Cell N15 | value='124.2' | fill=00000000 | rows=[14] | cols=[13] | col_header=False | row_header=False | metadata=False
Cell O15 | value='126.858' | fill=00000000 | rows=[14] | cols=[14] | col_header=False | row_header=False | metadata=False
Cell P15 | value='138.347' | fill=00000000 | rows=[14] | cols=[15] | col_header=False | row_header=False | metadata=False
Cell Q15 | value='121.611' | fill=00000000 | rows=[14] | cols=[16] | col_header=False | row_header=False | metadata=False
Cell R15 | value='105.306' | fill=00000000 | rows=[14] | cols=[17] | col_header=False | row_header=False | metadata=False
Cell S15 | value='113.156' | fill=00000000 | rows=[14] | cols=[18] | col_header=False | row_header=False | metadata=False
Cell T15 | value='114.428' | fill=00000000 | rows=[14] | cols=[19] | col_header=False | row_header=False | metadata=False
Cell U15 | value='127.6' | fill=00000000 | rows=[14] | cols=[20] | col_header=False | row_header=False | metadata=False
Cell V15 | value='123.259' | fill=00000000 | rows=[14] | cols=[21] | col_header=False | row_header=False | metadata=False
Cell W15 | value='126.781' | fill=00000000 | rows=[14] | cols=[22] | col_header=False | row_header=False | metadata=False
Cell X15 | value='142.034' | fill=00000000 | rows=[14] | cols=[23] | col_header=False | row_header=False | metadata=False
Cell Y15 | value='162.618' | fill=00000000 | rows=[14] | cols=[24] | col_header=False | row_header=False | metadata=False
Cell A16 | value='Reptile/Amphibian' | fill=00000000 | rows=[15] | cols=[0] | col_header=False | row_header=False | metadata=False
Cell B16 | value='11.3' | fill=00000000 | rows=[15] | cols=[1] | col_header=False | row_header=False | metadata=False
Cell C16 | value='11.6' | fill=00000000 | rows=[15] | cols=[2] | col_header=False | row_header=False | metadata=False
Cell D16 | value='13.1' | fill=00000000 | rows=[15] | cols=[3] | col_header=False | row_header=False | metadata=False
Cell E16 | value='15' | fill=00000000 | rows=[15] | cols=[4] | col_header=False | row_header=False | metadata=False
Cell F16 | value='19' | fill=00000000 | rows=[15] | cols=[5] | col_header=False | row_header=False | metadata=False
Cell G16 | value='17.7' | fill=00000000 | rows=[15] | cols=[6] | col_header=False | row_header=False | metadata=False
Cell H16 | value='17.2' | fill=00000000 | rows=[15] | cols=[7] | col_header=False | row_header=False | metadata=False
Cell I16 | value='17.2' | fill=00000000 | rows=[15] | cols=[8] | col_header=False | row_header=False | metadata=False
Cell J16 | value='17.3' | fill=00000000 | rows=[15] | cols=[9] | col_header=False | row_header=False | metadata=False
Cell K16 | value='15.26' | fill=00000000 | rows=[15] | cols=[10] | col_header=False | row_header=False | metadata=False
Cell L16 | value='14.4' | fill=00000000 | rows=[15] | cols=[11] | col_header=False | row_header=False | metadata=False
Cell M16 | value='14.614' | fill=00000000 | rows=[15] | cols=[12] | col_header=False | row_header=False | metadata=False
Cell N16 | value='15.6' | fill=00000000 | rows=[15] | cols=[13] | col_header=False | row_header=False | metadata=False
Cell O16 | value='17.499' | fill=00000000 | rows=[15] | cols=[14] | col_header=False | row_header=False | metadata=False
Cell P16 | value='17.595' | fill=00000000 | rows=[15] | cols=[15] | col_header=False | row_header=False | metadata=False
Cell Q16 | value='16.573' | fill=00000000 | rows=[15] | cols=[16] | col_header=False | row_header=False | metadata=False
Cell R16 | value='19.549' | fill=00000000 | rows=[15] | cols=[17] | col_header=False | row_header=False | metadata=False
Cell S16 | value='21.848' | fill=00000000 | rows=[15] | cols=[18] | col_header=False | row_header=False | metadata=False
Cell T16 | value='20.815' | fill=00000000 | rows=[15] | cols=[19] | col_header=False | row_header=False | metadata=False
Cell U16 | value='19' | fill=00000000 | rows=[15] | cols=[20] | col_header=False | row_header=False | metadata=False
Cell V16 | value='32.783' | fill=00000000 | rows=[15] | cols=[21] | col_header=False | row_header=False | metadata=False
Cell W16 | value='21.175' | fill=00000000 | rows=[15] | cols=[22] | col_header=False | row_header=False | metadata=False
Cell X16 | value='15.356' | fill=00000000 | rows=[15] | cols=[23] | col_header=False | row_header=False | metadata=False
Cell Y16 | value='16.298' | fill=00000000 | rows=[15] | cols=[24] | col_header=False | row_header=False | metadata=False
Cell A17 | value='Fish' | fill=00000000 | rows=[16] | cols=[0] | col_header=False | row_header=False | metadata=False
Cell B17 | value='107.5' | fill=00000000 | rows=[16] | cols=[1] | col_header=False | row_header=False | metadata=False
Cell C17 | value='77.5' | fill=00000000 | rows=[16] | cols=[2] | col_header=False | row_header=False | metadata=False
Cell D17 | value='108' | fill=00000000 | rows=[16] | cols=[3] | col_header=False | row_header=False | metadata=False
Cell E17 | value='132' | fill=00000000 | rows=[16] | cols=[4] | col_header=False | row_header=False | metadata=False
Cell F17 | value='138.3' | fill=00000000 | rows=[16] | cols=[5] | col_header=False | row_header=False | metadata=False
Cell G17 | value='152.1' | fill=00000000 | rows=[16] | cols=[6] | col_header=False | row_header=False | metadata=False
Cell H17 | value='139.9' | fill=00000000 | rows=[16] | cols=[7] | col_header=False | row_header=False | metadata=False
Cell I17 | value='131.1' | fill=00000000 | rows=[16] | cols=[8] | col_header=False | row_header=False | metadata=False
Cell J17 | value='135.2' | fill=00000000 | rows=[16] | cols=[9] | col_header=False | row_header=False | metadata=False
Cell K17 | value='119.583' | fill=00000000 | rows=[16] | cols=[10] | col_header=False | row_header=False | metadata=False
Cell L17 | value='122.3' | fill=00000000 | rows=[16] | cols=[11] | col_header=False | row_header=False | metadata=False
Cell M17 | value='122.438' | fill=00000000 | rows=[16] | cols=[12] | col_header=False | row_header=False | metadata=False
Cell N17 | value='243' | fill=00000000 | rows=[16] | cols=[13] | col_header=False | row_header=False | metadata=False
Cell O17 | value='171.092' | fill=00000000 | rows=[16] | cols=[14] | col_header=False | row_header=False | metadata=False
Cell P17 | value='181.953' | fill=00000000 | rows=[16] | cols=[15] | col_header=False | row_header=False | metadata=False
Cell Q17 | value='173.988' | fill=00000000 | rows=[16] | cols=[16] | col_header=False | row_header=False | metadata=False
Cell R17 | value='194.562' | fill=00000000 | rows=[16] | cols=[17] | col_header=False | row_header=False | metadata=False
Cell S17 | value='232.854' | fill=00000000 | rows=[16] | cols=[18] | col_header=False | row_header=False | metadata=False
Cell T17 | value='274.066' | fill=00000000 | rows=[16] | cols=[19] | col_header=False | row_header=False | metadata=False
Cell U17 | value='327.6' | fill=00000000 | rows=[16] | cols=[20] | col_header=False | row_header=False | metadata=False
Cell V17 | value='605.155' | fill=00000000 | rows=[16] | cols=[21] | col_header=False | row_header=False | metadata=False
Cell W17 | value='398.101' | fill=00000000 | rows=[16] | cols=[22] | col_header=False | row_header=False | metadata=False
Cell X17 | value='490.944' | fill=00000000 | rows=[16] | cols=[23] | col_header=False | row_header=False | metadata=False
Cell Y17 | value='563.903' | fill=00000000 | rows=[16] | cols=[24] | col_header=False | row_header=False | metadata=False
Cell A18 | value='Cephalopod(1)' | fill=00000000 | rows=[17] | cols=[0] | col_header=False | row_header=False | metadata=False
Cell B18 | value='..' | fill=00000000 | rows=[17] | cols=[1] | col_header=False | row_header=False | metadata=False
Cell C18 | value='..' | fill=00000000 | rows=[17] | cols=[2] | col_header=False | row_header=False | metadata=False
Cell D18 | value='..' | fill=00000000 | rows=[17] | cols=[3] | col_header=False | row_header=False | metadata=False
Cell E18 | value='..' | fill=00000000 | rows=[17] | cols=[4] | col_header=False | row_header=False | metadata=False
Cell F18 | value='..' | fill=00000000 | rows=[17] | cols=[5] | col_header=False | row_header=False | metadata=False
Cell G18 | value='0' | fill=00000000 | rows=[17] | cols=[6] | col_header=False | row_header=False | metadata=False
Cell H18 | value='0' | fill=00000000 | rows=[17] | cols=[7] | col_header=False | row_header=False | metadata=False
Cell I18 | value='0' | fill=00000000 | rows=[17] | cols=[8] | col_header=False | row_header=False | metadata=False
Cell J18 | value='0' | fill=00000000 | rows=[17] | cols=[9] | col_header=False | row_header=False | metadata=False
Cell K18 | value='0' | fill=00000000 | rows=[17] | cols=[10] | col_header=False | row_header=False | metadata=False
Cell L18 | value='0' | fill=00000000 | rows=[17] | cols=[11] | col_header=False | row_header=False | metadata=False
Cell M18 | value='0' | fill=00000000 | rows=[17] | cols=[12] | col_header=False | row_header=False | metadata=False
Cell N18 | value='0' | fill=00000000 | rows=[17] | cols=[13] | col_header=False | row_header=False | metadata=False
Cell O18 | value='0' | fill=00000000 | rows=[17] | cols=[14] | col_header=False | row_header=False | metadata=False
Cell P18 | value='0' | fill=00000000 | rows=[17] | cols=[15] | col_header=False | row_header=False | metadata=False
Cell Q18 | value='0' | fill=00000000 | rows=[17] | cols=[16] | col_header=False | row_header=False | metadata=False
Cell R18 | value='0' | fill=00000000 | rows=[17] | cols=[17] | col_header=False | row_header=False | metadata=False
Cell S18 | value='0' | fill=00000000 | rows=[17] | cols=[18] | col_header=False | row_header=False | metadata=False
Cell T18 | value='0' | fill=00000000 | rows=[17] | cols=[19] | col_header=False | row_header=False | metadata=False
Cell U18 | value='0' | fill=00000000 | rows=[17] | cols=[20] | col_header=False | row_header=False | metadata=False
Cell V18 | value='0' | fill=00000000 | rows=[17] | cols=[21] | col_header=False | row_header=False | metadata=False
Cell W18 | value='0' | fill=00000000 | rows=[17] | cols=[22] | col_header=False | row_header=False | metadata=False
Cell X18 | value='0' | fill=00000000 | rows=[17] | cols=[23] | col_header=False | row_header=False | metadata=False
Cell Y18 | value='0' | fill=00000000 | rows=[17] | cols=[24] | col_header=False | row_header=False | metadata=False
Cell A19 | value='Total' | fill=FF00B050 | rows=[18] | cols=[0] | col_header=False | row_header=True | metadata=False
Cell B19 | value='3480.3' | fill=43 | rows=[18] | cols=[1] | col_header=False | row_header=False | metadata=False
Cell C19 | value='3315.1' | fill=43 | rows=[18] | cols=[2] | col_header=False | row_header=False | metadata=False
Cell D19 | value='3207.1' | fill=43 | rows=[18] | cols=[3] | col_header=False | row_header=False | metadata=False
Cell E19 | value='3242.4' | fill=43 | rows=[18] | cols=[4] | col_header=False | row_header=False | metadata=False
Cell F19 | value='2928.3' | fill=43 | rows=[18] | cols=[5] | col_header=False | row_header=False | metadata=False
Cell G19 | value='2827.7' | fill=43 | rows=[18] | cols=[6] | col_header=False | row_header=False | metadata=False
Cell H19 | value='2842.4' | fill=43 | rows=[18] | cols=[7] | col_header=False | row_header=False | metadata=False
Cell I19 | value='2709.6' | fill=43 | rows=[18] | cols=[8] | col_header=False | row_header=False | metadata=False
Cell J19 | value='2716.6' | fill=43 | rows=[18] | cols=[9] | col_header=False | row_header=False | metadata=False
Cell K19 | value='2635.969' | fill=43 | rows=[18] | cols=[10] | col_header=False | row_header=False | metadata=False
Cell L19 | value='2659.7' | fill=43 | rows=[18] | cols=[11] | col_header=False | row_header=False | metadata=False
Cell M19 | value='2656.8' | fill=43 | rows=[18] | cols=[12] | col_header=False | row_header=False | metadata=False
Cell N19 | value='2714.7' | fill=43 | rows=[18] | cols=[13] | col_header=False | row_header=False | metadata=False
Cell O19 | value='2622.4419999999996' | fill=43 | rows=[18] | cols=[14] | col_header=False | row_header=False | metadata=False
Cell P19 | value='2732.7120000000004' | fill=43 | rows=[18] | cols=[15] | col_header=False | row_header=False | metadata=False
Cell Q19 | value='2791.7809999999995' | fill=43 | rows=[18] | cols=[16] | col_header=False | row_header=False | metadata=False
Cell R19 | value='2854.944' | fill=43 | rows=[18] | cols=[17] | col_header=False | row_header=False | metadata=False
Cell S19 | value='2896.198' | fill=43 | rows=[18] | cols=[18] | col_header=False | row_header=False | metadata=False
Cell T19 | value='3012.032' | fill=43 | rows=[18] | cols=[19] | col_header=False | row_header=False | metadata=False
Cell U19 | value='3201.4999999999995' | fill=43 | rows=[18] | cols=[20] | col_header=False | row_header=False | metadata=False
Cell V19 | value='3656.08' | fill=43 | rows=[18] | cols=[21] | col_header=False | row_header=False | metadata=False
Cell W19 | value='3619.5400000000004' | fill=43 | rows=[18] | cols=[22] | col_header=False | row_header=False | metadata=False
Cell X19 | value='3724.726000000001' | fill=43 | rows=[18] | cols=[23] | col_header=False | row_header=False | metadata=False
Cell Y19 | value='3792.856999999999' | fill=43 | rows=[18] | cols=[24] | col_header=False | row_header=False | metadata=False
Cell A21 | value='(1)  Octopus vulgaris, from 1 October 1993.' | fill=FF00B0F0 | rows=[20] | cols=[0] | col_header=False | row_header=False | metadata=True

