=== food-table08.xlsx ===
Cell A1 | value='Nutrient Name' | fill=FFFFFF00 | rows=[0, 1, 2] | cols=[0] | col_header=True | row_header=True | metadata=False
Cell B1 | value='Unit' | fill=FFFFFF00 | rows=[0, 1, 2] | cols=[1] | col_header=True | row_header=False | metadata=False
Cell C1 | value='N[1]' | fill=FFFFFF00 | rows=[0, 1, 2] | cols=[2] | col_header=True | row_header=False | metadata=False
Cell D1 | value='Raw' | fill=00000000 | rows=[0, 1] | cols=[3, 4] | col_header=False | row_header=False | metadata=False
Cell F1 | value='Cooked' | fill=00000000 | rows=[0] | cols=[5, 6] | col_header=False | row_header=False | metadata=False
Cell H1 | value='Source Code[2]' | fill=FFFFFF00 | rows=[0, 1, 2] | cols=[7] | col_header=True | row_header=False | metadata=False
Cell F2 | value='(Grilled)' | fill=00000000 | rows=[1] | cols=[5, 6] | col_header=False | row_header=False | metadata=False
Cell D3 | value='100g' | fill=00000000 | rows=[2] | cols=[3] | col_header=False | row_header=False | metadata=False
Cell E3 | value='114g' | fill=00000000 | rows=[2] | cols=[4] | col_header=False | row_header=False | metadata=False
Cell F3 | value='100g' | fill=00000000 | rows=[2] | cols=[5] | col_header=False | row_header=False | metadata=False
Cell G3 | value='85g' | fill=00000000 | rows=[2] | cols=[6] | col_header=False | row_header=False | metadata=False
Cell A4 | value='Water' | fill=00000000 | rows=[3] | cols=[0] | col_header=False | row_header=False | metadata=False
Cell B4 | value='g' | fill=00000000 | rows=[3] | cols=[1] | col_header=False | row_header=False | metadata=False
Cell C4 | value='6' | fill=None | rows=[3] | cols=[2] | col_header=False | row_header=False | metadata=False
Cell D4 | value='75.2' | fill=00000000 | rows=[3] | cols=[3] | col_header=False | row_header=False | metadata=False
Cell E4 | value='85.728' | fill=00000000 | rows=[3] | cols=[4] | col_header=False | row_header=False | metadata=False
Cell F4 | value='65.32' | fill=None | rows=[3] | cols=[5] | col_header=False | row_header=False | metadata=False
Cell G4 | value='55.522' | fill=00000000 | rows=[3] | cols=[6] | col_header=False | row_header=False | metadata=False
Cell H4 | value='1' | fill=None | rows=[3] | cols=[7] | col_header=False | row_header=False | metadata=False
Cell A5 | value='Energy' | fill=00000000 | rows=[4] | cols=[0] | col_header=False | row_header=False | metadata=False
Cell B5 | value='Kcal' | fill=00000000 | rows=[4] | cols=[1] | col_header=False | row_header=False | metadata=False
Cell C5 | value='0' | fill=None | rows=[4] | cols=[2] | col_header=False | row_header=False | metadata=False
Cell D5 | value='107' | fill=00000000 | rows=[4] | cols=[3] | col_header=False | row_header=False | metadata=False
Cell E5 | value='121.98' | fill=00000000 | rows=[4] | cols=[4] | col_header=False | row_header=False | metadata=False
Cell F5 | value='151' | fill=None | rows=[4] | cols=[5] | col_header=False | row_header=False | metadata=False
Cell G5 | value='128.35' | fill=00000000 | rows=[4] | cols=[6] | col_header=False | row_header=False | metadata=False
Cell H5 | value='4' | fill=None | rows=[4] | cols=[7] | col_header=False | row_header=False | metadata=False
Cell A6 | value='Calories from fat' | fill=00000000 | rows=[5] | cols=[0] | col_header=False | row_header=False | metadata=False
Cell B6 | value='Kcal' | fill=00000000 | rows=[5] | cols=[1] | col_header=False | row_header=False | metadata=False
Cell C6 | value='0' | fill=None | rows=[5] | cols=[2] | col_header=False | row_header=False | metadata=False
Cell D6 | value='18.63' | fill=00000000 | rows=[5] | cols=[3] | col_header=False | row_header=False | metadata=False
Cell E6 | value='21.2382' | fill=00000000 | rows=[5] | cols=[4] | col_header=False | row_header=False | metadata=False
Cell F6 | value='23.67' | fill=00000000 | rows=[5] | cols=[5] | col_header=False | row_header=False | metadata=False
Cell G6 | value='20.1195' | fill=00000000 | rows=[5] | cols=[6] | col_header=False | row_header=False | metadata=False
Cell H6 | value='4' | fill=None | rows=[5] | cols=[7] | col_header=False | row_header=False | metadata=False
Cell A7 | value='Protein' | fill=00000000 | rows=[6] | cols=[0] | col_header=False | row_header=False | metadata=False
Cell B7 | value='g' | fill=00000000 | rows=[6] | cols=[1] | col_header=False | row_header=False | metadata=False
Cell C7 | value='6' | fill=None | rows=[6] | cols=[2] | col_header=False | row_header=False | metadata=False
Cell D7 | value='22.07' | fill=00000000 | rows=[6] | cols=[3] | col_header=False | row_header=False | metadata=False
Cell E7 | value='25.1598' | fill=00000000 | rows=[6] | cols=[4] | col_header=False | row_header=False | metadata=False
Cell F7 | value='31.89' | fill=None | rows=[6] | cols=[5] | col_header=False | row_header=False | metadata=False
Cell G7 | value='27.1065' | fill=00000000 | rows=[6] | cols=[6] | col_header=False | row_header=False | metadata=False
Cell H7 | value='1' | fill=None | rows=[6] | cols=[7] | col_header=False | row_header=False | metadata=False
Cell A8 | value='Total lipid (fat)' | fill=00000000 | rows=[7] | cols=[0] | col_header=False | row_header=False | metadata=False
Cell B8 | value='g' | fill=00000000 | rows=[7] | cols=[1] | col_header=False | row_header=False | metadata=False
Cell C8 | value='6' | fill=None | rows=[7] | cols=[2] | col_header=False | row_header=False | metadata=False
Cell D8 | value='2.07' | fill=00000000 | rows=[7] | cols=[3] | col_header=False | row_header=False | metadata=False
Cell E8 | value='2.3598' | fill=00000000 | rows=[7] | cols=[4] | col_header=False | row_header=False | metadata=False
Cell F8 | value='2.63' | fill=None | rows=[7] | cols=[5] | col_header=False | row_header=False | metadata=False
Cell G8 | value='2.2355' | fill=00000000 | rows=[7] | cols=[6] | col_header=False | row_header=False | metadata=False
Cell H8 | value='1' | fill=None | rows=[7] | cols=[7] | col_header=False | row_header=False | metadata=False
Cell A9 | value='Ash' | fill=00000000 | rows=[8] | cols=[0] | col_header=False | row_header=False | metadata=False
Cell B9 | value='g' | fill=00000000 | rows=[8] | cols=[1] | col_header=False | row_header=False | metadata=False
Cell C9 | value='6' | fill=None | rows=[8] | cols=[2] | col_header=False | row_header=False | metadata=False
Cell D9 | value='1.09' | fill=00000000 | rows=[8] | cols=[3] | col_header=False | row_header=False | metadata=False
Cell E9 | value='1.2426' | fill=00000000 | rows=[8] | cols=[4] | col_header=False | row_header=False | metadata=False
Cell F9 | value='1.45' | fill=00000000 | rows=[8] | cols=[5] | col_header=False | row_header=False | metadata=False
Cell G9 | value='1.2325' | fill=00000000 | rows=[8] | cols=[6] | col_header=False | row_header=False | metadata=False
Cell H9 | value='1' | fill=None | rows=[8] | cols=[7] | col_header=False | row_header=False | metadata=False
Cell A10 | value='Carbohydrate, by difference' | fill=00000000 | rows=[9] | cols=[0] | col_header=False | row_header=False | metadata=False
Cell B10 | value='g' | fill=00000000 | rows=[9] | cols=[1] | col_header=False | row_header=False | metadata=False
Cell C10 | value='0' | fill=None | rows=[9] | cols=[2] | col_header=False | row_header=False | metadata=False
Cell D10 | value='0' | fill=00000000 | rows=[9] | cols=[3] | col_header=False | row_header=False | metadata=False
Cell E10 | value='0' | fill=00000000 | rows=[9] | cols=[4] | col_header=False | row_header=False | metadata=False
Cell F10 | value='0' | fill=None | rows=[9] | cols=[5] | col_header=False | row_header=False | metadata=False
Cell G10 | value='0' | fill=00000000 | rows=[9] | cols=[6] | col_header=False | row_header=False | metadata=False
Cell H10 | value='4' | fill=None | rows=[9] | cols=[7] | col_header=False | row_header=False | metadata=False
Cell A11 | value='Fiber, total dietary' | fill=00000000 | rows=[10] | cols=[0] | col_header=False | row_header=False | metadata=False
Cell B11 | value='g' | fill=00000000 | rows=[10] | cols=[1] | col_header=False | row_header=False | metadata=False
Cell C11 | value='0' | fill=None | rows=[10] | cols=[2] | col_header=False | row_header=False | metadata=False
Cell D11 | value='0' | fill=00000000 | rows=[10] | cols=[3] | col_header=False | row_header=False | metadata=False
Cell E11 | value='0' | fill=00000000 | rows=[10] | cols=[4] | col_header=False | row_header=False | metadata=False
Cell F11 | value='0' | fill=None | rows=[10] | cols=[5] | col_header=False | row_header=False | metadata=False
Cell G11 | value='0' | fill=00000000 | rows=[10] | cols=[6] | col_header=False | row_header=False | metadata=False
Cell H11 | value='7' | fill=None | rows=[10] | cols=[7] | col_header=False | row_header=False | metadata=False
Cell A12 | value='Sugars, total' | fill=00000000 | rows=[11] | cols=[0] | col_header=False | row_header=False | metadata=False
Cell B12 | value='g' | fill=00000000 | rows=[11] | cols=[1] | col_header=False | row_header=False | metadata=False
Cell C12 | value='0' | fill=None | rows=[11] | cols=[2] | col_header=False | row_header=False | metadata=False
Cell D12 | value='0' | fill=00000000 | rows=[11] | cols=[3] | col_header=False | row_header=False | metadata=False
Cell E12 | value='0' | fill=00000000 | rows=[11] | cols=[4] | col_header=False | row_header=False | metadata=False
Cell F12 | value='0' | fill=00000000 | rows=[11] | cols=[5] | col_header=False | row_header=False | metadata=False
Cell G12 | value='0' | fill=00000000 | rows=[11] | cols=[6] | col_header=False | row_header=False | metadata=False
Cell H12 | value='7' | fill=None | rows=[11] | cols=[7] | col_header=False | row_header=False | metadata=False
Cell A13 | value='Calcium, Ca' | fill=00000000 | rows=[12] | cols=[0] | col_header=False | row_header=False | metadata=False
Cell B13 | value='mg' | fill=00000000 | rows=[12] | cols=[1] | col_header=False | row_header=False | metadata=False
Cell C13 | value='6' | fill=None | rows=[12] | cols=[2] | col_header=False | row_header=False | metadata=False
Cell D13 | value='4' | fill=00000000 | rows=[12] | cols=[3] | col_header=False | row_header=False | metadata=False
Cell E13 | value='4.56' | fill=00000000 | rows=[12] | cols=[4] | col_header=False | row_header=False | metadata=False
Cell F13 | value='6' | fill=00000000 | rows=[12] | cols=[5] | col_header=False | row_header=False | metadata=False
Cell G13 | value='5.1' | fill=00000000 | rows=[12] | cols=[6] | col_header=False | row_header=False | metadata=False
Cell H13 | value='1' | fill=None | rows=[12] | cols=[7] | col_header=False | row_header=False | metadata=False
Cell A14 | value='Iron, Fe' | fill=00000000 | rows=[13] | cols=[0] | col_header=False | row_header=False | metadata=False
Cell B14 | value='mg' | fill=00000000 | rows=[13] | cols=[1] | col_header=False | row_header=False | metadata=False
Cell C14 | value='6' | fill=None | rows=[13] | cols=[2] | col_header=False | row_header=False | metadata=False
Cell D14 | value='0.81' | fill=00000000 | rows=[13] | cols=[3] | col_header=False | row_header=False | metadata=False
Cell E14 | value='0.9234' | fill=00000000 | rows=[13] | cols=[4] | col_header=False | row_header=False | metadata=False
Cell F14 | value='1.39' | fill=00000000 | rows=[13] | cols=[5] | col_header=False | row_header=False | metadata=False
Cell G14 | value='1.1815' | fill=00000000 | rows=[13] | cols=[6] | col_header=False | row_header=False | metadata=False
Cell H14 | value='1' | fill=None | rows=[13] | cols=[7] | col_header=False | row_header=False | metadata=False
Cell A15 | value='Sodium, Na' | fill=00000000 | rows=[14] | cols=[0] | col_header=False | row_header=False | metadata=False
Cell B15 | value='mg' | fill=00000000 | rows=[14] | cols=[1] | col_header=False | row_header=False | metadata=False
Cell C15 | value='6' | fill=None | rows=[14] | cols=[2] | col_header=False | row_header=False | metadata=False
Cell D15 | value='86' | fill=00000000 | rows=[14] | cols=[3] | col_header=False | row_header=False | metadata=False
Cell E15 | value='98.04' | fill=00000000 | rows=[14] | cols=[4] | col_header=False | row_header=False | metadata=False
Cell F15 | value='88' | fill=00000000 | rows=[14] | cols=[5] | col_header=False | row_header=False | metadata=False
Cell G15 | value='74.8' | fill=00000000 | rows=[14] | cols=[6] | col_header=False | row_header=False | metadata=False
Cell H15 | value='1' | fill=None | rows=[14] | cols=[7] | col_header=False | row_header=False | metadata=False
Cell A16 | value='Vitamin C, total ascorbic acid' | fill=00000000 | rows=[15] | cols=[0] | col_header=False | row_header=False | metadata=False
Cell B16 | value='mg' | fill=00000000 | rows=[15] | cols=[1] | col_header=False | row_header=False | metadata=False
Cell C16 | value='0' | fill=None | rows=[15] | cols=[2] | col_header=False | row_header=False | metadata=False
Cell D16 | value='0' | fill=00000000 | rows=[15] | cols=[3] | col_header=False | row_header=False | metadata=False
Cell E16 | value='0' | fill=00000000 | rows=[15] | cols=[4] | col_header=False | row_header=False | metadata=False
Cell F16 | value='0' | fill=00000000 | rows=[15] | cols=[5] | col_header=False | row_header=False | metadata=False
Cell G16 | value='0' | fill=00000000 | rows=[15] | cols=[6] | col_header=False | row_header=False | metadata=False
Cell H16 | value='7' | fill=None | rows=[15] | cols=[7] | col_header=False | row_header=False | metadata=False
Cell A17 | value='Vitamin A' | fill=00000000 | rows=[16] | cols=[0] | col_header=False | row_header=False | metadata=False
Cell B17 | value='IU' | fill=00000000 | rows=[16] | cols=[1] | col_header=False | row_header=False | metadata=False
Cell C17 | value='0' | fill=None | rows=[16] | cols=[2] | col_header=False | row_header=False | metadata=False
Cell D17 | value='0' | fill=00000000 | rows=[16] | cols=[3] | col_header=False | row_header=False | metadata=False
Cell E17 | value='0' | fill=00000000 | rows=[16] | cols=[4] | col_header=False | row_header=False | metadata=False
Cell F17 | value='0' | fill=00000000 | rows=[16] | cols=[5] | col_header=False | row_header=False | metadata=False
Cell G17 | value='0' | fill=00000000 | rows=[16] | cols=[6] | col_header=False | row_header=False | metadata=False
Cell H17 | value='1' | fill=None | rows=[16] | cols=[7] | col_header=False | row_header=False | metadata=False
Cell A18 | value='Fatty acids, total saturated' | fill=00000000 | rows=[17] | cols=[0] | col_header=False | row_header=False | metadata=False
Cell B18 | value='g' | fill=00000000 | rows=[17] | cols=[1] | col_header=False | row_header=False | metadata=False
Cell C18 | value='0' | fill=None | rows=[17] | cols=[2] | col_header=False | row_header=False | metadata=False
Cell D18 | value='0.805' | fill=00000000 | rows=[17] | cols=[3] | col_header=False | row_header=False | metadata=False
Cell E18 | value='0.9177' | fill=00000000 | rows=[17] | cols=[4] | col_header=False | row_header=False | metadata=False
Cell F18 | value='1.012' | fill=00000000 | rows=[17] | cols=[5] | col_header=False | row_header=False | metadata=False
Cell G18 | value='0.8602' | fill=00000000 | rows=[17] | cols=[6] | col_header=False | row_header=False | metadata=False
Cell H18 | value='4' | fill=None | rows=[17] | cols=[7] | col_header=False | row_header=False | metadata=False
Cell A19 | value='Cholesterol' | fill=00000000 | rows=[18] | cols=[0] | col_header=False | row_header=False | metadata=False
Cell B19 | value='mg' | fill=00000000 | rows=[18] | cols=[1] | col_header=False | row_header=False | metadata=False
Cell C19 | value='6' | fill=None | rows=[18] | cols=[2] | col_header=False | row_header=False | metadata=False
Cell D19 | value='56' | fill=00000000 | rows=[18] | cols=[3] | col_header=False | row_header=False | metadata=False
Cell E19 | value='63.84' | fill=00000000 | rows=[18] | cols=[4] | col_header=False | row_header=False | metadata=False
Cell F19 | value='72' | fill=00000000 | rows=[18] | cols=[5] | col_header=False | row_header=False | metadata=False
Cell G19 | value='61.2' | fill=00000000 | rows=[18] | cols=[6] | col_header=False | row_header=False | metadata=False
Cell H19 | value='1' | fill=None | rows=[18] | cols=[7] | col_header=False | row_header=False | metadata=False
Cell A20 | value='Magnesium, Mg' | fill=00000000 | rows=[19] | cols=[0] | col_header=False | row_header=False | metadata=False
Cell B20 | value='mg' | fill=00000000 | rows=[19] | cols=[1] | col_header=False | row_header=False | metadata=False
Cell C20 | value='6' | fill=None | rows=[19] | cols=[2] | col_header=False | row_header=False | metadata=False
Cell D20 | value='30' | fill=00000000 | rows=[19] | cols=[3] | col_header=False | row_header=False | metadata=False
Cell E20 | value='34.2' | fill=00000000 | rows=[19] | cols=[4] | col_header=False | row_header=False | metadata=False
Cell F20 | value='38' | fill=00000000 | rows=[19] | cols=[5] | col_header=False | row_header=False | metadata=False
Cell G20 | value='32.3' | fill=00000000 | rows=[19] | cols=[6] | col_header=False | row_header=False | metadata=False
Cell H20 | value='1' | fill=None | rows=[19] | cols=[7] | col_header=False | row_header=False | metadata=False
Cell A21 | value='Phosphorus, P' | fill=00000000 | rows=[20] | cols=[0] | col_header=False | row_header=False | metadata=False
Cell B21 | value='mg' | fill=00000000 | rows=[20] | cols=[1] | col_header=False | row_header=False | metadata=False
Cell C21 | value='6' | fill=None | rows=[20] | cols=[2] | col_header=False | row_header=False | metadata=False
Cell D21 | value='212' | fill=00000000 | rows=[20] | cols=[3] | col_header=False | row_header=False | metadata=False
Cell E21 | value='241.68' | fill=00000000 | rows=[20] | cols=[4] | col_header=False | row_header=False | metadata=False
Cell F21 | value='277' | fill=00000000 | rows=[20] | cols=[5] | col_header=False | row_header=False | metadata=False
Cell G21 | value='235.45' | fill=00000000 | rows=[20] | cols=[6] | col_header=False | row_header=False | metadata=False
Cell H21 | value='1' | fill=None | rows=[20] | cols=[7] | col_header=False | row_header=False | metadata=False
Cell A22 | value='Potassium, K' | fill=00000000 | rows=[21] | cols=[0] | col_header=False | row_header=False | metadata=False
Cell B22 | value='mg' | fill=00000000 | rows=[21] | cols=[1] | col_header=False | row_header=False | metadata=False
Cell C22 | value='6' | fill=None | rows=[21] | cols=[2] | col_header=False | row_header=False | metadata=False
Cell D22 | value='273' | fill=00000000 | rows=[21] | cols=[3] | col_header=False | row_header=False | metadata=False
Cell E22 | value='311.22' | fill=00000000 | rows=[21] | cols=[4] | col_header=False | row_header=False | metadata=False
Cell F22 | value='323' | fill=00000000 | rows=[21] | cols=[5] | col_header=False | row_header=False | metadata=False
Cell G22 | value='274.55' | fill=00000000 | rows=[21] | cols=[6] | col_header=False | row_header=False | metadata=False
Cell H22 | value='1' | fill=None | rows=[21] | cols=[7] | col_header=False | row_header=False | metadata=False
Cell A23 | value='Zinc, Zn' | fill=00000000 | rows=[22] | cols=[0] | col_header=False | row_header=False | metadata=False
Cell B23 | value='mg' | fill=00000000 | rows=[22] | cols=[1] | col_header=False | row_header=False | metadata=False
Cell C23 | value='6' | fill=None | rows=[22] | cols=[2] | col_header=False | row_header=False | metadata=False
Cell D23 | value='1.97' | fill=00000000 | rows=[22] | cols=[3] | col_header=False | row_header=False | metadata=False
Cell E23 | value='2.2458' | fill=00000000 | rows=[22] | cols=[4] | col_header=False | row_header=False | metadata=False
Cell F23 | value='3.29' | fill=00000000 | rows=[22] | cols=[5] | col_header=False | row_header=False | metadata=False
Cell G23 | value='2.7965' | fill=00000000 | rows=[22] | cols=[6] | col_header=False | row_header=False | metadata=False
Cell H23 | value='1' | fill=None | rows=[22] | cols=[7] | col_header=False | row_header=False | metadata=False
Cell A24 | value='Selenium, Se' | fill=00000000 | rows=[23] | cols=[0] | col_header=False | row_header=False | metadata=False
Cell B24 | value='mcg' | fill=00000000 | rows=[23] | cols=[1] | col_header=False | row_header=False | metadata=False
Cell C24 | value='1' | fill=None | rows=[23] | cols=[2] | col_header=False | row_header=False | metadata=False
Cell D24 | value='16' | fill=00000000 | rows=[23] | cols=[3] | col_header=False | row_header=False | metadata=False
Cell E24 | value='18.24' | fill=00000000 | rows=[23] | cols=[4] | col_header=False | row_header=False | metadata=False
Cell F24 | value='21.6' | fill=00000000 | rows=[23] | cols=[5] | col_header=False | row_header=False | metadata=False
Cell G24 | value='18.36' | fill=00000000 | rows=[23] | cols=[6] | col_header=False | row_header=False | metadata=False
Cell H24 | value='1' | fill=None | rows=[23] | cols=[7] | col_header=False | row_header=False | metadata=False
Cell A25 | value='Thiamin' | fill=00000000 | rows=[24] | cols=[0] | col_header=False | row_header=False | metadata=False
Cell B25 | value='mg' | fill=00000000 | rows=[24] | cols=[1] | col_header=False | row_header=False | metadata=False
Cell C25 | value='1' | fill=None | rows=[24] | cols=[2] | col_header=False | row_header=False | metadata=False
Cell D25 | value='0.1' | fill=00000000 | rows=[24] | cols=[3] | col_header=False | row_header=False | metadata=False
Cell E25 | value='0.114' | fill=00000000 | rows=[24] | cols=[4] | col_header=False | row_header=False | metadata=False
Cell F25 | value='0.093' | fill=00000000 | rows=[24] | cols=[5] | col_header=False | row_header=False | metadata=False
Cell G25 | value='0.07905' | fill=00000000 | rows=[24] | cols=[6] | col_header=False | row_header=False | metadata=False
Cell H25 | value='1' | fill=None | rows=[24] | cols=[7] | col_header=False | row_header=False | metadata=False
Cell A26 | value='Riboflavin' | fill=00000000 | rows=[25] | cols=[0] | col_header=False | row_header=False | metadata=False
Cell B26 | value='mg' | fill=00000000 | rows=[25] | cols=[1] | col_header=False | row_header=False | metadata=False
Cell C26 | value='1' | fill=None | rows=[25] | cols=[2] | col_header=False | row_header=False | metadata=False
Cell D26 | value='0.34' | fill=00000000 | rows=[25] | cols=[3] | col_header=False | row_header=False | metadata=False
Cell E26 | value='0.3876' | fill=00000000 | rows=[25] | cols=[4] | col_header=False | row_header=False | metadata=False
Cell F26 | value='0.47' | fill=00000000 | rows=[25] | cols=[5] | col_header=False | row_header=False | metadata=False
Cell G26 | value='0.3995' | fill=00000000 | rows=[25] | cols=[6] | col_header=False | row_header=False | metadata=False
Cell H26 | value='1' | fill=None | rows=[25] | cols=[7] | col_header=False | row_header=False | metadata=False
Cell A27 | value='Niacin' | fill=00000000 | rows=[26] | cols=[0] | col_header=False | row_header=False | metadata=False
Cell B27 | value='mg' | fill=00000000 | rows=[26] | cols=[1] | col_header=False | row_header=False | metadata=False
Cell C27 | value='1' | fill=None | rows=[26] | cols=[2] | col_header=False | row_header=False | metadata=False
Cell D27 | value='9.28' | fill=00000000 | rows=[26] | cols=[3] | col_header=False | row_header=False | metadata=False
Cell E27 | value='10.5792' | fill=00000000 | rows=[26] | cols=[4] | col_header=False | row_header=False | metadata=False
Cell F27 | value='10.1' | fill=00000000 | rows=[26] | cols=[5] | col_header=False | row_header=False | metadata=False
Cell G27 | value='8.585' | fill=00000000 | rows=[26] | cols=[6] | col_header=False | row_header=False | metadata=False
Cell H27 | value='1' | fill=None | rows=[26] | cols=[7] | col_header=False | row_header=False | metadata=False
Cell A28 | value='Pantothenic acid' | fill=00000000 | rows=[27] | cols=[0] | col_header=False | row_header=False | metadata=False
Cell B28 | value='mg' | fill=00000000 | rows=[27] | cols=[1] | col_header=False | row_header=False | metadata=False
Cell C28 | value='1' | fill=None | rows=[27] | cols=[2] | col_header=False | row_header=False | metadata=False
Cell D28 | value='0.58' | fill=00000000 | rows=[27] | cols=[3] | col_header=False | row_header=False | metadata=False
Cell E28 | value='0.6612' | fill=00000000 | rows=[27] | cols=[4] | col_header=False | row_header=False | metadata=False
Cell F28 | value='0.65' | fill=00000000 | rows=[27] | cols=[5] | col_header=False | row_header=False | metadata=False
Cell G28 | value='0.5525' | fill=00000000 | rows=[27] | cols=[6] | col_header=False | row_header=False | metadata=False
Cell H28 | value='1' | fill=None | rows=[27] | cols=[7] | col_header=False | row_header=False | metadata=False
Cell A29 | value='Vitamin B6' | fill=00000000 | rows=[28] | cols=[0] | col_header=False | row_header=False | metadata=False
Cell B29 | value='mg' | fill=00000000 | rows=[28] | cols=[1] | col_header=False | row_header=False | metadata=False
Cell C29 | value='1' | fill=None | rows=[28] | cols=[2] | col_header=False | row_header=False | metadata=False
Cell D29 | value='0.599' | fill=00000000 | rows=[28] | cols=[3] | col_header=False | row_header=False | metadata=False
Cell E29 | value='0.68286' | fill=00000000 | rows=[28] | cols=[4] | col_header=False | row_header=False | metadata=False
Cell F29 | value='0.761' | fill=00000000 | rows=[28] | cols=[5] | col_header=False | row_header=False | metadata=False
Cell G29 | value='0.64685' | fill=00000000 | rows=[28] | cols=[6] | col_header=False | row_header=False | metadata=False
Cell H29 | value='1' | fill=None | rows=[28] | cols=[7] | col_header=False | row_header=False | metadata=False
Cell A30 | value='Vitamin B12' | fill=00000000 | rows=[29] | cols=[0] | col_header=False | row_header=False | metadata=False
Cell B30 | value='mcg' | fill=00000000 | rows=[29] | cols=[1] | col_header=False | row_header=False | metadata=False
Cell C30 | value='1' | fill=None | rows=[29] | cols=[2] | col_header=False | row_header=False | metadata=False
Cell D30 | value='2.08' | fill=00000000 | rows=[29] | cols=[3] | col_header=False | row_header=False | metadata=False
Cell E30 | value='2.3712' | fill=00000000 | rows=[29] | cols=[4] | col_header=False | row_header=False | metadata=False
Cell F30 | value='2.72' | fill=00000000 | rows=[29] | cols=[5] | col_header=False | row_header=False | metadata=False
Cell G30 | value='2.312' | fill=00000000 | rows=[29] | cols=[6] | col_header=False | row_header=False | metadata=False
Cell H30 | value='1' | fill=None | rows=[29] | cols=[7] | col_header=False | row_header=False | metadata=False

