=== food-table10.xlsx ===
Cell B1 | value='Household final users' | fill=00000000 | rows=[0] | cols=[1] | col_header=False | row_header=False | metadata=False
Cell M1 | value='All purchasers' | fill=00000000 | rows=[0] | cols=[12] | col_header=False | row_header=False | metadata=False
Cell B2 | value='Nominal food expenditure share of disposable personal income (percentage)' | fill=00000000 | rows=[1] | cols=[1] | col_header=False | row_header=False | metadata=False
Cell E2 | value='Share of nominal food expenditures (percentage)' | fill=00000000 | rows=[1] | cols=[4] | col_header=False | row_header=False | metadata=False
Cell G2 | value='Nominal expenditures per household (U.S. dollars)' | fill=00000000 | rows=[1] | cols=[6] | col_header=False | row_header=False | metadata=False
Cell J2 | value='Constant-U.S.-dollar expenditures per household (1988=100)' | fill=00000000 | rows=[1] | cols=[9] | col_header=False | row_header=False | metadata=False
Cell M2 | value='Share of nominal food expenditures (percentage)' | fill=00000000 | rows=[1] | cols=[12] | col_header=False | row_header=False | metadata=False
Cell O2 | value='Nominal expenditures per capita (U.S. dollars)' | fill=00000000 | rows=[1] | cols=[14] | col_header=False | row_header=False | metadata=False
Cell R2 | value='Constant-U.S.-dollar expenditures per capita (1988=100)' | fill=00000000 | rows=[1] | cols=[17] | col_header=False | row_header=False | metadata=False
Cell A3 | value='Year' | fill=FFFFFF00 | rows=[2] | cols=[0] | col_header=True | row_header=False | metadata=False
Cell B3 | value='FAH' | fill=00000000 | rows=[2] | cols=[1] | col_header=False | row_header=False | metadata=False
Cell C3 | value='FAFH' | fill=00000000 | rows=[2] | cols=[2] | col_header=False | row_header=False | metadata=False
Cell D3 | value='All food' | fill=00000000 | rows=[2] | cols=[3] | col_header=False | row_header=False | metadata=False
Cell E3 | value='FAH' | fill=00000000 | rows=[2] | cols=[4] | col_header=False | row_header=False | metadata=False
Cell F3 | value='FAFH' | fill=00000000 | rows=[2] | cols=[5] | col_header=False | row_header=False | metadata=False
Cell G3 | value='FAH' | fill=00000000 | rows=[2] | cols=[6] | col_header=False | row_header=False | metadata=False
Cell H3 | value='FAFH' | fill=00000000 | rows=[2] | cols=[7] | col_header=False | row_header=False | metadata=False
Cell I3 | value='All food' | fill=00000000 | rows=[2] | cols=[8] | col_header=False | row_header=False | metadata=False
Cell J3 | value='FAH' | fill=00000000 | rows=[2] | cols=[9] | col_header=False | row_header=False | metadata=False
Cell K3 | value='FAFH' | fill=00000000 | rows=[2] | cols=[10] | col_header=False | row_header=False | metadata=False
Cell L3 | value='All food' | fill=00000000 | rows=[2] | cols=[11] | col_header=False | row_header=False | metadata=False
Cell M3 | value='FAH' | fill=00000000 | rows=[2] | cols=[12] | col_header=False | row_header=False | metadata=False
Cell N3 | value='FAFH' | fill=00000000 | rows=[2] | cols=[13] | col_header=False | row_header=False | metadata=False
Cell O3 | value='FAH' | fill=00000000 | rows=[2] | cols=[14] | col_header=False | row_header=False | metadata=False
Cell P3 | value='FAFH' | fill=00000000 | rows=[2] | cols=[15] | col_header=False | row_header=False | metadata=False
Cell Q3 | value='All food' | fill=00000000 | rows=[2] | cols=[16] | col_header=False | row_header=False | metadata=False
Cell R3 | value='FAH' | fill=00000000 | rows=[2] | cols=[17] | col_header=False | row_header=False | metadata=False
Cell S3 | value='FAFH' | fill=00000000 | rows=[2] | cols=[18] | col_header=False | row_header=False | metadata=False
Cell T3 | value='All food' | fill=00000000 | rows=[2] | cols=[19] | col_header=False | row_header=False | metadata=False
Cell A4 | value='1997' | fill=00000000 | rows=[3] | cols=[0] | col_header=False | row_header=False | metadata=False
Cell B4 | value='6.12' | fill=00000000 | rows=[3] | cols=[1] | col_header=False | row_header=False | metadata=False
Cell C4 | value='4.32' | fill=00000000 | rows=[3] | cols=[2] | col_header=False | row_header=False | metadata=False
Cell D4 | value='10.44' | fill=00000000 | rows=[3] | cols=[3] | col_header=False | row_header=False | metadata=False
Cell E4 | value='58.65' | fill=00000000 | rows=[3] | cols=[4] | col_header=False | row_header=False | metadata=False
Cell F4 | value='41.35' | fill=00000000 | rows=[3] | cols=[5] | col_header=False | row_header=False | metadata=False
Cell G4 | value='3722.54' | fill=00000000 | rows=[3] | cols=[6] | col_header=False | row_header=False | metadata=False
Cell H4 | value='2623.97' | fill=00000000 | rows=[3] | cols=[7] | col_header=False | row_header=False | metadata=False
Cell I4 | value='6346.51' | fill=00000000 | rows=[3] | cols=[8] | col_header=False | row_header=False | metadata=False
Cell J4 | value='2745.4' | fill=00000000 | rows=[3] | cols=[9] | col_header=False | row_header=False | metadata=False
Cell K4 | value='2035.67' | fill=00000000 | rows=[3] | cols=[10] | col_header=False | row_header=False | metadata=False
Cell L4 | value='4768.96' | fill=00000000 | rows=[3] | cols=[11] | col_header=False | row_header=False | metadata=False
Cell M4 | value='52.8' | fill=00000000 | rows=[3] | cols=[12] | col_header=False | row_header=False | metadata=False
Cell N4 | value='47.2' | fill=00000000 | rows=[3] | cols=[13] | col_header=False | row_header=False | metadata=False
Cell O4 | value='1378.7' | fill=00000000 | rows=[3] | cols=[14] | col_header=False | row_header=False | metadata=False
Cell P4 | value='1232.41' | fill=00000000 | rows=[3] | cols=[15] | col_header=False | row_header=False | metadata=False
Cell Q4 | value='2611.11' | fill=00000000 | rows=[3] | cols=[16] | col_header=False | row_header=False | metadata=False
Cell R4 | value='1016.8' | fill=00000000 | rows=[3] | cols=[17] | col_header=False | row_header=False | metadata=False
Cell S4 | value='956.1' | fill=00000000 | rows=[3] | cols=[18] | col_header=False | row_header=False | metadata=False
Cell T4 | value='1962.07' | fill=00000000 | rows=[3] | cols=[19] | col_header=False | row_header=False | metadata=False
Cell A5 | value='1998' | fill=00000000 | rows=[4] | cols=[0] | col_header=False | row_header=False | metadata=False
Cell B5 | value='5.86' | fill=00000000 | rows=[4] | cols=[1] | col_header=False | row_header=False | metadata=False
Cell C5 | value='4.24' | fill=00000000 | rows=[4] | cols=[2] | col_header=False | row_header=False | metadata=False
Cell D5 | value='10.1' | fill=00000000 | rows=[4] | cols=[3] | col_header=False | row_header=False | metadata=False
Cell E5 | value='58.01' | fill=00000000 | rows=[4] | cols=[4] | col_header=False | row_header=False | metadata=False
Cell F5 | value='41.99' | fill=00000000 | rows=[4] | cols=[5] | col_header=False | row_header=False | metadata=False
Cell G5 | value='3746.09' | fill=00000000 | rows=[4] | cols=[6] | col_header=False | row_header=False | metadata=False
Cell H5 | value='2711.51' | fill=00000000 | rows=[4] | cols=[7] | col_header=False | row_header=False | metadata=False
Cell I5 | value='6457.6' | fill=00000000 | rows=[4] | cols=[8] | col_header=False | row_header=False | metadata=False
Cell J5 | value='2711.32' | fill=00000000 | rows=[4] | cols=[9] | col_header=False | row_header=False | metadata=False
Cell K5 | value='2050.04' | fill=00000000 | rows=[4] | cols=[10] | col_header=False | row_header=False | metadata=False
Cell L5 | value='4749.77' | fill=00000000 | rows=[4] | cols=[11] | col_header=False | row_header=False | metadata=False
Cell M5 | value='52.06' | fill=00000000 | rows=[4] | cols=[12] | col_header=False | row_header=False | metadata=False
Cell N5 | value='47.94' | fill=00000000 | rows=[4] | cols=[13] | col_header=False | row_header=False | metadata=False
Cell O5 | value='1391.95' | fill=00000000 | rows=[4] | cols=[14] | col_header=False | row_header=False | metadata=False
Cell P5 | value='1281.54' | fill=00000000 | rows=[4] | cols=[15] | col_header=False | row_header=False | metadata=False
Cell Q5 | value='2673.5' | fill=00000000 | rows=[4] | cols=[16] | col_header=False | row_header=False | metadata=False
Cell R5 | value='1007.46' | fill=00000000 | rows=[4] | cols=[17] | col_header=False | row_header=False | metadata=False
Cell S5 | value='968.91' | fill=00000000 | rows=[4] | cols=[18] | col_header=False | row_header=False | metadata=False
Cell T5 | value='1966.44' | fill=00000000 | rows=[4] | cols=[19] | col_header=False | row_header=False | metadata=False
Cell A6 | value='1999' | fill=00000000 | rows=[5] | cols=[0] | col_header=False | row_header=False | metadata=False
Cell B6 | value='5.9' | fill=00000000 | rows=[5] | cols=[1] | col_header=False | row_header=False | metadata=False
Cell C6 | value='4.25' | fill=00000000 | rows=[5] | cols=[2] | col_header=False | row_header=False | metadata=False
Cell D6 | value='10.16' | fill=00000000 | rows=[5] | cols=[3] | col_header=False | row_header=False | metadata=False
Cell E6 | value='58.13' | fill=00000000 | rows=[5] | cols=[4] | col_header=False | row_header=False | metadata=False
Cell F6 | value='41.87' | fill=00000000 | rows=[5] | cols=[5] | col_header=False | row_header=False | metadata=False
Cell G6 | value='3903.28' | fill=00000000 | rows=[5] | cols=[6] | col_header=False | row_header=False | metadata=False
Cell H6 | value='2811.43' | fill=00000000 | rows=[5] | cols=[7] | col_header=False | row_header=False | metadata=False
Cell I6 | value='6714.72' | fill=00000000 | rows=[5] | cols=[8] | col_header=False | row_header=False | metadata=False
Cell J6 | value='2771.76' | fill=00000000 | rows=[5] | cols=[9] | col_header=False | row_header=False | metadata=False
Cell K6 | value='2074.09' | fill=00000000 | rows=[5] | cols=[10] | col_header=False | row_header=False | metadata=False
Cell L6 | value='4836.56' | fill=00000000 | rows=[5] | cols=[11] | col_header=False | row_header=False | metadata=False
Cell M6 | value='52.17' | fill=00000000 | rows=[5] | cols=[12] | col_header=False | row_header=False | metadata=False
Cell N6 | value='47.83' | fill=00000000 | rows=[5] | cols=[13] | col_header=False | row_header=False | metadata=False
Cell O6 | value='1452.8' | fill=00000000 | rows=[5] | cols=[14] | col_header=False | row_header=False | metadata=False
Cell P6 | value='1332.2' | fill=00000000 | rows=[5] | cols=[15] | col_header=False | row_header=False | metadata=False
Cell Q6 | value='2785.01' | fill=00000000 | rows=[5] | cols=[16] | col_header=False | row_header=False | metadata=False
Cell R6 | value='1031.65' | fill=00000000 | rows=[5] | cols=[17] | col_header=False | row_header=False | metadata=False
Cell S6 | value='982.81' | fill=00000000 | rows=[5] | cols=[18] | col_header=False | row_header=False | metadata=False
Cell T6 | value='2006.02' | fill=00000000 | rows=[5] | cols=[19] | col_header=False | row_header=False | metadata=False
Cell A7 | value='2000' | fill=00000000 | rows=[6] | cols=[0] | col_header=False | row_header=False | metadata=False
Cell B7 | value='5.73' | fill=00000000 | rows=[6] | cols=[1] | col_header=False | row_header=False | metadata=False
Cell C7 | value='4.24' | fill=00000000 | rows=[6] | cols=[2] | col_header=False | row_header=False | metadata=False
Cell D7 | value='9.97' | fill=00000000 | rows=[6] | cols=[3] | col_header=False | row_header=False | metadata=False
Cell E7 | value='57.49' | fill=00000000 | rows=[6] | cols=[4] | col_header=False | row_header=False | metadata=False
Cell F7 | value='42.51' | fill=00000000 | rows=[6] | cols=[5] | col_header=False | row_header=False | metadata=False
Cell G7 | value='4044.35' | fill=00000000 | rows=[6] | cols=[6] | col_header=False | row_header=False | metadata=False
Cell H7 | value='2989.93' | fill=00000000 | rows=[6] | cols=[7] | col_header=False | row_header=False | metadata=False
Cell I7 | value='7034.28' | fill=00000000 | rows=[6] | cols=[8] | col_header=False | row_header=False | metadata=False
Cell J7 | value='2808.64' | fill=00000000 | rows=[6] | cols=[9] | col_header=False | row_header=False | metadata=False
Cell K7 | value='2154.88' | fill=00000000 | rows=[6] | cols=[10] | col_header=False | row_header=False | metadata=False
Cell L7 | value='4955.02' | fill=00000000 | rows=[6] | cols=[11] | col_header=False | row_header=False | metadata=False
Cell M7 | value='51.53' | fill=00000000 | rows=[6] | cols=[12] | col_header=False | row_header=False | metadata=False
Cell N7 | value='48.47' | fill=00000000 | rows=[6] | cols=[13] | col_header=False | row_header=False | metadata=False
Cell O7 | value='1500.61' | fill=00000000 | rows=[6] | cols=[14] | col_header=False | row_header=False | metadata=False
Cell P7 | value='1411.72' | fill=00000000 | rows=[6] | cols=[15] | col_header=False | row_header=False | metadata=False
Cell Q7 | value='2912.33' | fill=00000000 | rows=[6] | cols=[16] | col_header=False | row_header=False | metadata=False
Cell R7 | value='1042.12' | fill=00000000 | rows=[6] | cols=[17] | col_header=False | row_header=False | metadata=False
Cell S7 | value='1017.44' | fill=00000000 | rows=[6] | cols=[18] | col_header=False | row_header=False | metadata=False
Cell T7 | value='2051.48' | fill=00000000 | rows=[6] | cols=[19] | col_header=False | row_header=False | metadata=False
Cell A8 | value='2001' | fill=00000000 | rows=[7] | cols=[0] | col_header=False | row_header=False | metadata=False
Cell B8 | value='5.71' | fill=00000000 | rows=[7] | cols=[1] | col_header=False | row_header=False | metadata=False
Cell C8 | value='4.21' | fill=00000000 | rows=[7] | cols=[2] | col_header=False | row_header=False | metadata=False
Cell D8 | value='9.92' | fill=00000000 | rows=[7] | cols=[3] | col_header=False | row_header=False | metadata=False
Cell E8 | value='57.6' | fill=00000000 | rows=[7] | cols=[4] | col_header=False | row_header=False | metadata=False
Cell F8 | value='42.4' | fill=00000000 | rows=[7] | cols=[5] | col_header=False | row_header=False | metadata=False
Cell G8 | value='4094.06' | fill=00000000 | rows=[7] | cols=[6] | col_header=False | row_header=False | metadata=False
Cell H8 | value='3013.27' | fill=00000000 | rows=[7] | cols=[7] | col_header=False | row_header=False | metadata=False
Cell I8 | value='7107.33' | fill=00000000 | rows=[7] | cols=[8] | col_header=False | row_header=False | metadata=False
Cell J8 | value='2752.98' | fill=00000000 | rows=[7] | cols=[9] | col_header=False | row_header=False | metadata=False
Cell K8 | value='2110.5' | fill=00000000 | rows=[7] | cols=[10] | col_header=False | row_header=False | metadata=False
Cell L8 | value='4853.19' | fill=00000000 | rows=[7] | cols=[11] | col_header=False | row_header=False | metadata=False
Cell M8 | value='51.74' | fill=00000000 | rows=[7] | cols=[12] | col_header=False | row_header=False | metadata=False
Cell N8 | value='48.26' | fill=00000000 | rows=[7] | cols=[13] | col_header=False | row_header=False | metadata=False
Cell O8 | value='1554.82' | fill=00000000 | rows=[7] | cols=[14] | col_header=False | row_header=False | metadata=False
Cell P8 | value='1450.23' | fill=00000000 | rows=[7] | cols=[15] | col_header=False | row_header=False | metadata=False
Cell Q8 | value='3005.04' | fill=00000000 | rows=[7] | cols=[16] | col_header=False | row_header=False | metadata=False
Cell R8 | value='1045.51' | fill=00000000 | rows=[7] | cols=[17] | col_header=False | row_header=False | metadata=False
Cell S8 | value='1015.74' | fill=00000000 | rows=[7] | cols=[18] | col_header=False | row_header=False | metadata=False
Cell T8 | value='2051.97' | fill=00000000 | rows=[7] | cols=[19] | col_header=False | row_header=False | metadata=False
Cell A9 | value='2002' | fill=00000000 | rows=[8] | cols=[0] | col_header=False | row_header=False | metadata=False
Cell B9 | value='5.57' | fill=00000000 | rows=[8] | cols=[1] | col_header=False | row_header=False | metadata=False
Cell C9 | value='4.12' | fill=00000000 | rows=[8] | cols=[2] | col_header=False | row_header=False | metadata=False
Cell D9 | value='9.7' | fill=00000000 | rows=[8] | cols=[3] | col_header=False | row_header=False | metadata=False
Cell E9 | value='57.48' | fill=00000000 | rows=[8] | cols=[4] | col_header=False | row_header=False | metadata=False
Cell F9 | value='42.52' | fill=00000000 | rows=[8] | cols=[5] | col_header=False | row_header=False | metadata=False
Cell G9 | value='4129.54' | fill=00000000 | rows=[8] | cols=[6] | col_header=False | row_header=False | metadata=False
Cell H9 | value='3054.43' | fill=00000000 | rows=[8] | cols=[7] | col_header=False | row_header=False | metadata=False
Cell I9 | value='7183.97' | fill=00000000 | rows=[8] | cols=[8] | col_header=False | row_header=False | metadata=False
Cell J9 | value='2742.05' | fill=00000000 | rows=[8] | cols=[9] | col_header=False | row_header=False | metadata=False
Cell K9 | value='2086.54' | fill=00000000 | rows=[8] | cols=[10] | col_header=False | row_header=False | metadata=False
Cell L9 | value='4819.21' | fill=00000000 | rows=[8] | cols=[11] | col_header=False | row_header=False | metadata=False
Cell M9 | value='51.1' | fill=00000000 | rows=[8] | cols=[12] | col_header=False | row_header=False | metadata=False
Cell N9 | value='48.9' | fill=00000000 | rows=[8] | cols=[13] | col_header=False | row_header=False | metadata=False
Cell O9 | value='1569.21' | fill=00000000 | rows=[8] | cols=[14] | col_header=False | row_header=False | metadata=False
Cell P9 | value='1501.52' | fill=00000000 | rows=[8] | cols=[15] | col_header=False | row_header=False | metadata=False
Cell Q9 | value='3070.74' | fill=00000000 | rows=[8] | cols=[16] | col_header=False | row_header=False | metadata=False
Cell R9 | value='1041.97' | fill=00000000 | rows=[8] | cols=[17] | col_header=False | row_header=False | metadata=False
Cell S9 | value='1025.72' | fill=00000000 | rows=[8] | cols=[18] | col_header=False | row_header=False | metadata=False
Cell T9 | value='2059.94' | fill=00000000 | rows=[8] | cols=[19] | col_header=False | row_header=False | metadata=False
Cell A10 | value='2003' | fill=00000000 | rows=[9] | cols=[0] | col_header=False | row_header=False | metadata=False
Cell B10 | value='5.55' | fill=00000000 | rows=[9] | cols=[1] | col_header=False | row_header=False | metadata=False
Cell C10 | value='4.18' | fill=00000000 | rows=[9] | cols=[2] | col_header=False | row_header=False | metadata=False
Cell D10 | value='9.73' | fill=00000000 | rows=[9] | cols=[3] | col_header=False | row_header=False | metadata=False
Cell E10 | value='57.02' | fill=00000000 | rows=[9] | cols=[4] | col_header=False | row_header=False | metadata=False
Cell F10 | value='42.98' | fill=00000000 | rows=[9] | cols=[5] | col_header=False | row_header=False | metadata=False
Cell G10 | value='4228.01' | fill=00000000 | rows=[9] | cols=[6] | col_header=False | row_header=False | metadata=False
Cell H10 | value='3186.89' | fill=00000000 | rows=[9] | cols=[7] | col_header=False | row_header=False | metadata=False
Cell I10 | value='7414.9' | fill=00000000 | rows=[9] | cols=[8] | col_header=False | row_header=False | metadata=False
Cell J10 | value='2747.97' | fill=00000000 | rows=[9] | cols=[9] | col_header=False | row_header=False | metadata=False
Cell K10 | value='2131.59' | fill=00000000 | rows=[9] | cols=[10] | col_header=False | row_header=False | metadata=False
Cell L10 | value='4869.11' | fill=00000000 | rows=[9] | cols=[11] | col_header=False | row_header=False | metadata=False
Cell M10 | value='50.81' | fill=00000000 | rows=[9] | cols=[12] | col_header=False | row_header=False | metadata=False
Cell N10 | value='49.19' | fill=00000000 | rows=[9] | cols=[13] | col_header=False | row_header=False | metadata=False
Cell O10 | value='1620.7' | fill=00000000 | rows=[9] | cols=[14] | col_header=False | row_header=False | metadata=False
Cell P10 | value='1568.96' | fill=00000000 | rows=[9] | cols=[15] | col_header=False | row_header=False | metadata=False
Cell Q10 | value='3189.67' | fill=00000000 | rows=[9] | cols=[16] | col_header=False | row_header=False | metadata=False
Cell R10 | value='1053.37' | fill=00000000 | rows=[9] | cols=[17] | col_header=False | row_header=False | metadata=False
Cell S10 | value='1049.42' | fill=00000000 | rows=[9] | cols=[18] | col_header=False | row_header=False | metadata=False
Cell T10 | value='2094.55' | fill=00000000 | rows=[9] | cols=[19] | col_header=False | row_header=False | metadata=False
Cell A11 | value='2004' | fill=00000000 | rows=[10] | cols=[0] | col_header=False | row_header=False | metadata=False
Cell B11 | value='5.53' | fill=00000000 | rows=[10] | cols=[1] | col_header=False | row_header=False | metadata=False
Cell C11 | value='4.26' | fill=00000000 | rows=[10] | cols=[2] | col_header=False | row_header=False | metadata=False
Cell D11 | value='9.79' | fill=00000000 | rows=[10] | cols=[3] | col_header=False | row_header=False | metadata=False
Cell E11 | value='56.52' | fill=00000000 | rows=[10] | cols=[4] | col_header=False | row_header=False | metadata=False
Cell F11 | value='43.48' | fill=00000000 | rows=[10] | cols=[5] | col_header=False | row_header=False | metadata=False
Cell G11 | value='4429.64' | fill=00000000 | rows=[10] | cols=[6] | col_header=False | row_header=False | metadata=False
Cell H11 | value='3407.66' | fill=00000000 | rows=[10] | cols=[7] | col_header=False | row_header=False | metadata=False
Cell I11 | value='7837.3' | fill=00000000 | rows=[10] | cols=[8] | col_header=False | row_header=False | metadata=False
Cell J11 | value='2773.88' | fill=00000000 | rows=[10] | cols=[9] | col_header=False | row_header=False | metadata=False
Cell K11 | value='2213.62' | fill=00000000 | rows=[10] | cols=[10] | col_header=False | row_header=False | metadata=False
Cell L11 | value='4975.13' | fill=00000000 | rows=[10] | cols=[11] | col_header=False | row_header=False | metadata=False
Cell M11 | value='50.43' | fill=00000000 | rows=[10] | cols=[12] | col_header=False | row_header=False | metadata=False
Cell N11 | value='49.57' | fill=00000000 | rows=[10] | cols=[13] | col_header=False | row_header=False | metadata=False
Cell O11 | value='1693.5' | fill=00000000 | rows=[10] | cols=[14] | col_header=False | row_header=False | metadata=False
Cell P11 | value='1664.49' | fill=00000000 | rows=[10] | cols=[15] | col_header=False | row_header=False | metadata=False
Cell Q11 | value='3357.99' | fill=00000000 | rows=[10] | cols=[16] | col_header=False | row_header=False | metadata=False
Cell R11 | value='1060.48' | fill=00000000 | rows=[10] | cols=[17] | col_header=False | row_header=False | metadata=False
Cell S11 | value='1081.25' | fill=00000000 | rows=[10] | cols=[18] | col_header=False | row_header=False | metadata=False
Cell T11 | value='2131.66' | fill=00000000 | rows=[10] | cols=[19] | col_header=False | row_header=False | metadata=False
Cell A12 | value='2005' | fill=00000000 | rows=[11] | cols=[0] | col_header=False | row_header=False | metadata=False
Cell B12 | value='5.63' | fill=00000000 | rows=[11] | cols=[1] | col_header=False | row_header=False | metadata=False
Cell C12 | value='4.36' | fill=00000000 | rows=[11] | cols=[2] | col_header=False | row_header=False | metadata=False
Cell D12 | value='9.99' | fill=00000000 | rows=[11] | cols=[3] | col_header=False | row_header=False | metadata=False
Cell E12 | value='56.39' | fill=00000000 | rows=[11] | cols=[4] | col_header=False | row_header=False | metadata=False
Cell F12 | value='43.61' | fill=00000000 | rows=[11] | cols=[5] | col_header=False | row_header=False | metadata=False
Cell G12 | value='4637.12' | fill=00000000 | rows=[11] | cols=[6] | col_header=False | row_header=False | metadata=False
Cell H12 | value='3586.69' | fill=00000000 | rows=[11] | cols=[7] | col_header=False | row_header=False | metadata=False
Cell I12 | value='8223.8' | fill=00000000 | rows=[11] | cols=[8] | col_header=False | row_header=False | metadata=False
Cell J12 | value='2848.72' | fill=00000000 | rows=[11] | cols=[9] | col_header=False | row_header=False | metadata=False
Cell K12 | value='2258.83' | fill=00000000 | rows=[11] | cols=[10] | col_header=False | row_header=False | metadata=False
Cell L12 | value='5097.29' | fill=00000000 | rows=[11] | cols=[11] | col_header=False | row_header=False | metadata=False
Cell M12 | value='50.41' | fill=00000000 | rows=[11] | cols=[12] | col_header=False | row_header=False | metadata=False
Cell N12 | value='49.59' | fill=00000000 | rows=[11] | cols=[13] | col_header=False | row_header=False | metadata=False
Cell O12 | value='1777.27' | fill=00000000 | rows=[11] | cols=[14] | col_header=False | row_header=False | metadata=False
Cell P12 | value='1748.5' | fill=00000000 | rows=[11] | cols=[15] | col_header=False | row_header=False | metadata=False
Cell Q12 | value='3525.78' | fill=00000000 | rows=[11] | cols=[16] | col_header=False | row_header=False | metadata=False
Cell R12 | value='1091.83' | fill=00000000 | rows=[11] | cols=[17] | col_header=False | row_header=False | metadata=False
Cell S12 | value='1101.18' | fill=00000000 | rows=[11] | cols=[18] | col_header=False | row_header=False | metadata=False
Cell T12 | value='2185.35' | fill=00000000 | rows=[11] | cols=[19] | col_header=False | row_header=False | metadata=False
Cell A13 | value='2006' | fill=00000000 | rows=[12] | cols=[0] | col_header=False | row_header=False | metadata=False
Cell B13 | value='5.54' | fill=00000000 | rows=[12] | cols=[1] | col_header=False | row_header=False | metadata=False
Cell C13 | value='4.37' | fill=00000000 | rows=[12] | cols=[2] | col_header=False | row_header=False | metadata=False
Cell D13 | value='9.9' | fill=00000000 | rows=[12] | cols=[3] | col_header=False | row_header=False | metadata=False
Cell E13 | value='55.91' | fill=00000000 | rows=[12] | cols=[4] | col_header=False | row_header=False | metadata=False
Cell F13 | value='44.09' | fill=00000000 | rows=[12] | cols=[5] | col_header=False | row_header=False | metadata=False
Cell G13 | value='4814.29' | fill=00000000 | rows=[12] | cols=[6] | col_header=False | row_header=False | metadata=False
Cell H13 | value='3796.17' | fill=00000000 | rows=[12] | cols=[7] | col_header=False | row_header=False | metadata=False
Cell I13 | value='8610.47' | fill=00000000 | rows=[12] | cols=[8] | col_header=False | row_header=False | metadata=False
Cell J13 | value='2907.02' | fill=00000000 | rows=[12] | cols=[9] | col_header=False | row_header=False | metadata=False
Cell K13 | value='2318.83' | fill=00000000 | rows=[12] | cols=[10] | col_header=False | row_header=False | metadata=False
Cell L13 | value='5213.92' | fill=00000000 | rows=[12] | cols=[11] | col_header=False | row_header=False | metadata=False
Cell M13 | value='50.04' | fill=00000000 | rows=[12] | cols=[12] | col_header=False | row_header=False | metadata=False
Cell N13 | value='49.96' | fill=00000000 | rows=[12] | cols=[13] | col_header=False | row_header=False | metadata=False
Cell O13 | value='1844.14' | fill=00000000 | rows=[12] | cols=[14] | col_header=False | row_header=False | metadata=False
Cell P13 | value='1840.99' | fill=00000000 | rows=[12] | cols=[15] | col_header=False | row_header=False | metadata=False
Cell Q13 | value='3685.13' | fill=00000000 | rows=[12] | cols=[16] | col_header=False | row_header=False | metadata=False
Cell R13 | value='1113.55' | fill=00000000 | rows=[12] | cols=[17] | col_header=False | row_header=False | metadata=False
Cell S13 | value='1124.54' | fill=00000000 | rows=[12] | cols=[18] | col_header=False | row_header=False | metadata=False
Cell T13 | value='2231.47' | fill=00000000 | rows=[12] | cols=[19] | col_header=False | row_header=False | metadata=False
Cell A14 | value='2007' | fill=00000000 | rows=[13] | cols=[0] | col_header=False | row_header=False | metadata=False
Cell B14 | value='5.55' | fill=00000000 | rows=[13] | cols=[1] | col_header=False | row_header=False | metadata=False
Cell C14 | value='4.42' | fill=00000000 | rows=[13] | cols=[2] | col_header=False | row_header=False | metadata=False
Cell D14 | value='9.96' | fill=00000000 | rows=[13] | cols=[3] | col_header=False | row_header=False | metadata=False
Cell E14 | value='55.65' | fill=00000000 | rows=[13] | cols=[4] | col_header=False | row_header=False | metadata=False
Cell F14 | value='44.35' | fill=00000000 | rows=[13] | cols=[5] | col_header=False | row_header=False | metadata=False
Cell G14 | value='4990.17' | fill=00000000 | rows=[13] | cols=[6] | col_header=False | row_header=False | metadata=False
Cell H14 | value='3976.3' | fill=00000000 | rows=[13] | cols=[7] | col_header=False | row_header=False | metadata=False
Cell I14 | value='8966.47' | fill=00000000 | rows=[13] | cols=[8] | col_header=False | row_header=False | metadata=False
Cell J14 | value='2891.27' | fill=00000000 | rows=[13] | cols=[9] | col_header=False | row_header=False | metadata=False
Cell K14 | value='2343.54' | fill=00000000 | rows=[13] | cols=[10] | col_header=False | row_header=False | metadata=False
Cell L14 | value='5223.03' | fill=00000000 | rows=[13] | cols=[11] | col_header=False | row_header=False | metadata=False
Cell M14 | value='49.93' | fill=00000000 | rows=[13] | cols=[12] | col_header=False | row_header=False | metadata=False
Cell N14 | value='50.07' | fill=00000000 | rows=[13] | cols=[13] | col_header=False | row_header=False | metadata=False
Cell O14 | value='1920.03' | fill=00000000 | rows=[13] | cols=[14] | col_header=False | row_header=False | metadata=False
Cell P14 | value='1925.1' | fill=00000000 | rows=[13] | cols=[15] | col_header=False | row_header=False | metadata=False
Cell Q14 | value='3845.13' | fill=00000000 | rows=[13] | cols=[16] | col_header=False | row_header=False | metadata=False
Cell R14 | value='1112.45' | fill=00000000 | rows=[13] | cols=[17] | col_header=False | row_header=False | metadata=False
Cell S14 | value='1134.61' | fill=00000000 | rows=[13] | cols=[18] | col_header=False | row_header=False | metadata=False
Cell T14 | value='2239.82' | fill=00000000 | rows=[13] | cols=[19] | col_header=False | row_header=False | metadata=False
Cell A15 | value='2008' | fill=00000000 | rows=[14] | cols=[0] | col_header=False | row_header=False | metadata=False
Cell B15 | value='5.54' | fill=00000000 | rows=[14] | cols=[1] | col_header=False | row_header=False | metadata=False
Cell C15 | value='4.37' | fill=00000000 | rows=[14] | cols=[2] | col_header=False | row_header=False | metadata=False
Cell D15 | value='9.92' | fill=00000000 | rows=[14] | cols=[3] | col_header=False | row_header=False | metadata=False
Cell E15 | value='55.89' | fill=00000000 | rows=[14] | cols=[4] | col_header=False | row_header=False | metadata=False
Cell F15 | value='44.11' | fill=00000000 | rows=[14] | cols=[5] | col_header=False | row_header=False | metadata=False
Cell G15 | value='5180.81' | fill=00000000 | rows=[14] | cols=[6] | col_header=False | row_header=False | metadata=False
Cell H15 | value='4089.02' | fill=00000000 | rows=[14] | cols=[7] | col_header=False | row_header=False | metadata=False
Cell I15 | value='9269.84' | fill=00000000 | rows=[14] | cols=[8] | col_header=False | row_header=False | metadata=False
Cell J15 | value='2821.17' | fill=00000000 | rows=[14] | cols=[9] | col_header=False | row_header=False | metadata=False
Cell K15 | value='2308.22' | fill=00000000 | rows=[14] | cols=[10] | col_header=False | row_header=False | metadata=False
Cell L15 | value='5117.53' | fill=00000000 | rows=[14] | cols=[11] | col_header=False | row_header=False | metadata=False
Cell M15 | value='50.27' | fill=00000000 | rows=[14] | cols=[12] | col_header=False | row_header=False | metadata=False
Cell N15 | value='49.73' | fill=00000000 | rows=[14] | cols=[13] | col_header=False | row_header=False | metadata=False
Cell O15 | value='1988.02' | fill=00000000 | rows=[14] | cols=[14] | col_header=False | row_header=False | metadata=False
Cell P15 | value='1966.92' | fill=00000000 | rows=[14] | cols=[15] | col_header=False | row_header=False | metadata=False
Cell Q15 | value='3954.94' | fill=00000000 | rows=[14] | cols=[16] | col_header=False | row_header=False | metadata=False
Cell R15 | value='1082.56' | fill=00000000 | rows=[14] | cols=[17] | col_header=False | row_header=False | metadata=False
Cell S15 | value='1110.31' | fill=00000000 | rows=[14] | cols=[18] | col_header=False | row_header=False | metadata=False
Cell T15 | value='2183.37' | fill=00000000 | rows=[14] | cols=[19] | col_header=False | row_header=False | metadata=False
Cell A16 | value='2009' | fill=00000000 | rows=[15] | cols=[0] | col_header=False | row_header=False | metadata=False
Cell B16 | value='5.44' | fill=00000000 | rows=[15] | cols=[1] | col_header=False | row_header=False | metadata=False
Cell C16 | value='4.36' | fill=00000000 | rows=[15] | cols=[2] | col_header=False | row_header=False | metadata=False
Cell D16 | value='9.8' | fill=00000000 | rows=[15] | cols=[3] | col_header=False | row_header=False | metadata=False
Cell E16 | value='55.52' | fill=00000000 | rows=[15] | cols=[4] | col_header=False | row_header=False | metadata=False
Cell F16 | value='44.48' | fill=00000000 | rows=[15] | cols=[5] | col_header=False | row_header=False | metadata=False
Cell G16 | value='5068.73' | fill=00000000 | rows=[15] | cols=[6] | col_header=False | row_header=False | metadata=False
Cell H16 | value='4060.39' | fill=00000000 | rows=[15] | cols=[7] | col_header=False | row_header=False | metadata=False
Cell I16 | value='9129.12' | fill=00000000 | rows=[15] | cols=[8] | col_header=False | row_header=False | metadata=False
Cell J16 | value='2747.32' | fill=00000000 | rows=[15] | cols=[9] | col_header=False | row_header=False | metadata=False
Cell K16 | value='2215.03' | fill=00000000 | rows=[15] | cols=[10] | col_header=False | row_header=False | metadata=False
Cell L16 | value='4950.85' | fill=00000000 | rows=[15] | cols=[11] | col_header=False | row_header=False | metadata=False
Cell M16 | value='49.93' | fill=00000000 | rows=[15] | cols=[12] | col_header=False | row_header=False | metadata=False
Cell N16 | value='50.07' | fill=00000000 | rows=[15] | cols=[13] | col_header=False | row_header=False | metadata=False
Cell O16 | value='1935.57' | fill=00000000 | rows=[15] | cols=[14] | col_header=False | row_header=False | metadata=False
Cell P16 | value='1940.88' | fill=00000000 | rows=[15] | cols=[15] | col_header=False | row_header=False | metadata=False
Cell Q16 | value='3876.45' | fill=00000000 | rows=[15] | cols=[16] | col_header=False | row_header=False | metadata=False
Cell R16 | value='1049.11' | fill=00000000 | rows=[15] | cols=[17] | col_header=False | row_header=False | metadata=False
Cell S16 | value='1058.79' | fill=00000000 | rows=[15] | cols=[18] | col_header=False | row_header=False | metadata=False
Cell T16 | value='2102.25' | fill=00000000 | rows=[15] | cols=[19] | col_header=False | row_header=False | metadata=False
Cell A17 | value='2010' | fill=00000000 | rows=[16] | cols=[0] | col_header=False | row_header=False | metadata=False
Cell B17 | value='5.39' | fill=00000000 | rows=[16] | cols=[1] | col_header=False | row_header=False | metadata=False
Cell C17 | value='4.32' | fill=00000000 | rows=[16] | cols=[2] | col_header=False | row_header=False | metadata=False
Cell D17 | value='9.71' | fill=00000000 | rows=[16] | cols=[3] | col_header=False | row_header=False | metadata=False
Cell E17 | value='55.5' | fill=00000000 | rows=[16] | cols=[4] | col_header=False | row_header=False | metadata=False
Cell F17 | value='44.5' | fill=00000000 | rows=[16] | cols=[5] | col_header=False | row_header=False | metadata=False
Cell G17 | value='5187.16' | fill=00000000 | rows=[16] | cols=[6] | col_header=False | row_header=False | metadata=False
Cell H17 | value='4159.14' | fill=00000000 | rows=[16] | cols=[7] | col_header=False | row_header=False | metadata=False
Cell I17 | value='9346.3' | fill=00000000 | rows=[16] | cols=[8] | col_header=False | row_header=False | metadata=False
Cell J17 | value='2802.23' | fill=00000000 | rows=[16] | cols=[9] | col_header=False | row_header=False | metadata=False
Cell K17 | value='2240.39' | fill=00000000 | rows=[16] | cols=[10] | col_header=False | row_header=False | metadata=False
Cell L17 | value='5030.09' | fill=00000000 | rows=[16] | cols=[11] | col_header=False | row_header=False | metadata=False
Cell M17 | value='49.82' | fill=00000000 | rows=[16] | cols=[12] | col_header=False | row_header=False | metadata=False
Cell N17 | value='50.18' | fill=00000000 | rows=[16] | cols=[13] | col_header=False | row_header=False | metadata=False
Cell O17 | value='1970.12' | fill=00000000 | rows=[16] | cols=[14] | col_header=False | row_header=False | metadata=False
Cell P17 | value='1984.22' | fill=00000000 | rows=[16] | cols=[15] | col_header=False | row_header=False | metadata=False
Cell Q17 | value='3954.35' | fill=00000000 | rows=[16] | cols=[16] | col_header=False | row_header=False | metadata=False
Cell R17 | value='1064.31' | fill=00000000 | rows=[16] | cols=[17] | col_header=False | row_header=False | metadata=False
Cell S17 | value='1068.83' | fill=00000000 | rows=[16] | cols=[18] | col_header=False | row_header=False | metadata=False
Cell T17 | value='2128.19' | fill=00000000 | rows=[16] | cols=[19] | col_header=False | row_header=False | metadata=False
Cell A18 | value='2011' | fill=00000000 | rows=[17] | cols=[0] | col_header=False | row_header=False | metadata=False
Cell B18 | value='5.41' | fill=00000000 | rows=[17] | cols=[1] | col_header=False | row_header=False | metadata=False
Cell C18 | value='4.36' | fill=00000000 | rows=[17] | cols=[2] | col_header=False | row_header=False | metadata=False
Cell D18 | value='9.77' | fill=00000000 | rows=[17] | cols=[3] | col_header=False | row_header=False | metadata=False
Cell E18 | value='55.37' | fill=00000000 | rows=[17] | cols=[4] | col_header=False | row_header=False | metadata=False
Cell F18 | value='44.63' | fill=00000000 | rows=[17] | cols=[5] | col_header=False | row_header=False | metadata=False
Cell G18 | value='5349.81' | fill=00000000 | rows=[17] | cols=[6] | col_header=False | row_header=False | metadata=False
Cell H18 | value='4311.37' | fill=00000000 | rows=[17] | cols=[7] | col_header=False | row_header=False | metadata=False
Cell I18 | value='9661.18' | fill=00000000 | rows=[17] | cols=[8] | col_header=False | row_header=False | metadata=False
Cell J18 | value='2757.67' | fill=00000000 | rows=[17] | cols=[9] | col_header=False | row_header=False | metadata=False
Cell K18 | value='2269.33' | fill=00000000 | rows=[17] | cols=[10] | col_header=False | row_header=False | metadata=False
Cell L18 | value='5012.03' | fill=00000000 | rows=[17] | cols=[11] | col_header=False | row_header=False | metadata=False
Cell M18 | value='49.59' | fill=00000000 | rows=[17] | cols=[12] | col_header=False | row_header=False | metadata=False
Cell N18 | value='50.41' | fill=00000000 | rows=[17] | cols=[13] | col_header=False | row_header=False | metadata=False
Cell O18 | value='2056.53' | fill=00000000 | rows=[17] | cols=[14] | col_header=False | row_header=False | metadata=False
Cell P18 | value='2090.14' | fill=00000000 | rows=[17] | cols=[15] | col_header=False | row_header=False | metadata=False
Cell Q18 | value='4146.68' | fill=00000000 | rows=[17] | cols=[16] | col_header=False | row_header=False | metadata=False
Cell R18 | value='1060.08' | fill=00000000 | rows=[17] | cols=[17] | col_header=False | row_header=False | metadata=False
Cell S18 | value='1100.17' | fill=00000000 | rows=[17] | cols=[18] | col_header=False | row_header=False | metadata=False
Cell T18 | value='2151.22' | fill=00000000 | rows=[17] | cols=[19] | col_header=False | row_header=False | metadata=False
Cell A19 | value='2012' | fill=00000000 | rows=[18] | cols=[0] | col_header=False | row_header=False | metadata=False
Cell B19 | value='5.51' | fill=00000000 | rows=[18] | cols=[1] | col_header=False | row_header=False | metadata=False
Cell C19 | value='4.38' | fill=00000000 | rows=[18] | cols=[2] | col_header=False | row_header=False | metadata=False
Cell D19 | value='9.89' | fill=00000000 | rows=[18] | cols=[3] | col_header=False | row_header=False | metadata=False
Cell E19 | value='55.7' | fill=00000000 | rows=[18] | cols=[4] | col_header=False | row_header=False | metadata=False
Cell F19 | value='44.3' | fill=00000000 | rows=[18] | cols=[5] | col_header=False | row_header=False | metadata=False
Cell G19 | value='5645.15' | fill=00000000 | rows=[18] | cols=[6] | col_header=False | row_header=False | metadata=False
Cell H19 | value='4490.44' | fill=00000000 | rows=[18] | cols=[7] | col_header=False | row_header=False | metadata=False
Cell I19 | value='10135.59' | fill=00000000 | rows=[18] | cols=[8] | col_header=False | row_header=False | metadata=False
Cell J19 | value='2839.94' | fill=00000000 | rows=[18] | cols=[9] | col_header=False | row_header=False | metadata=False
Cell K19 | value='2298.19' | fill=00000000 | rows=[18] | cols=[10] | col_header=False | row_header=False | metadata=False
Cell L19 | value='5124.66' | fill=00000000 | rows=[18] | cols=[11] | col_header=False | row_header=False | metadata=False
Cell M19 | value='49.79' | fill=00000000 | rows=[18] | cols=[12] | col_header=False | row_header=False | metadata=False
Cell N19 | value='50.21' | fill=00000000 | rows=[18] | cols=[13] | col_header=False | row_header=False | metadata=False
Cell O19 | value='2173.73' | fill=00000000 | rows=[18] | cols=[14] | col_header=False | row_header=False | metadata=False
Cell P19 | value='2192.14' | fill=00000000 | rows=[18] | cols=[15] | col_header=False | row_header=False | metadata=False
Cell Q19 | value='4365.87' | fill=00000000 | rows=[18] | cols=[16] | col_header=False | row_header=False | metadata=False
Cell R19 | value='1093.55' | fill=00000000 | rows=[18] | cols=[17] | col_header=False | row_header=False | metadata=False
Cell S19 | value='1121.92' | fill=00000000 | rows=[18] | cols=[18] | col_header=False | row_header=False | metadata=False
Cell T19 | value='2207.43' | fill=00000000 | rows=[18] | cols=[19] | col_header=False | row_header=False | metadata=False
Cell A20 | value='2013' | fill=00000000 | rows=[19] | cols=[0] | col_header=False | row_header=False | metadata=False
Cell B20 | value='5.62' | fill=00000000 | rows=[19] | cols=[1] | col_header=False | row_header=False | metadata=False
Cell C20 | value='4.65' | fill=00000000 | rows=[19] | cols=[2] | col_header=False | row_header=False | metadata=False
Cell D20 | value='10.28' | fill=00000000 | rows=[19] | cols=[3] | col_header=False | row_header=False | metadata=False
Cell E20 | value='54.73' | fill=00000000 | rows=[19] | cols=[4] | col_header=False | row_header=False | metadata=False
Cell F20 | value='45.27' | fill=00000000 | rows=[19] | cols=[5] | col_header=False | row_header=False | metadata=False
Cell G20 | value='5690.74' | fill=00000000 | rows=[19] | cols=[6] | col_header=False | row_header=False | metadata=False
Cell H20 | value='4706.75' | fill=00000000 | rows=[19] | cols=[7] | col_header=False | row_header=False | metadata=False
Cell I20 | value='10397.48' | fill=00000000 | rows=[19] | cols=[8] | col_header=False | row_header=False | metadata=False
Cell J20 | value='2837.23' | fill=00000000 | rows=[19] | cols=[9] | col_header=False | row_header=False | metadata=False
Cell K20 | value='2358.52' | fill=00000000 | rows=[19] | cols=[10] | col_header=False | row_header=False | metadata=False
Cell L20 | value='5184.77' | fill=00000000 | rows=[19] | cols=[11] | col_header=False | row_header=False | metadata=False
Cell M20 | value='48.86' | fill=00000000 | rows=[19] | cols=[12] | col_header=False | row_header=False | metadata=False
Cell N20 | value='51.14' | fill=00000000 | rows=[19] | cols=[13] | col_header=False | row_header=False | metadata=False
Cell O20 | value='2200.31' | fill=00000000 | rows=[19] | cols=[14] | col_header=False | row_header=False | metadata=False
Cell P20 | value='2302.99' | fill=00000000 | rows=[19] | cols=[15] | col_header=False | row_header=False | metadata=False
Cell Q20 | value='4503.3' | fill=00000000 | rows=[19] | cols=[16] | col_header=False | row_header=False | metadata=False
Cell R20 | value='1097.01' | fill=00000000 | rows=[19] | cols=[17] | col_header=False | row_header=False | metadata=False
Cell S20 | value='1154.01' | fill=00000000 | rows=[19] | cols=[18] | col_header=False | row_header=False | metadata=False
Cell T20 | value='2245.6' | fill=00000000 | rows=[19] | cols=[19] | col_header=False | row_header=False | metadata=False
Cell A21 | value='2014' | fill=00000000 | rows=[20] | cols=[0] | col_header=False | row_header=False | metadata=False
Cell B21 | value='5.56' | fill=00000000 | rows=[20] | cols=[1] | col_header=False | row_header=False | metadata=False
Cell C21 | value='4.76' | fill=00000000 | rows=[20] | cols=[2] | col_header=False | row_header=False | metadata=False
Cell D21 | value='10.32' | fill=00000000 | rows=[20] | cols=[3] | col_header=False | row_header=False | metadata=False
Cell E21 | value='53.88' | fill=00000000 | rows=[20] | cols=[4] | col_header=False | row_header=False | metadata=False
Cell F21 | value='46.12' | fill=00000000 | rows=[20] | cols=[5] | col_header=False | row_header=False | metadata=False
Cell G21 | value='5867.74' | fill=00000000 | rows=[20] | cols=[6] | col_header=False | row_header=False | metadata=False
Cell H21 | value='5023.17' | fill=00000000 | rows=[20] | cols=[7] | col_header=False | row_header=False | metadata=False
Cell I21 | value='10890.91' | fill=00000000 | rows=[20] | cols=[8] | col_header=False | row_header=False | metadata=False
Cell J21 | value='2857.22' | fill=00000000 | rows=[20] | cols=[9] | col_header=False | row_header=False | metadata=False
Cell K21 | value='2457.3' | fill=00000000 | rows=[20] | cols=[10] | col_header=False | row_header=False | metadata=False
Cell L21 | value='5303.56' | fill=00000000 | rows=[20] | cols=[11] | col_header=False | row_header=False | metadata=False
Cell M21 | value='48.01' | fill=00000000 | rows=[20] | cols=[12] | col_header=False | row_header=False | metadata=False
Cell N21 | value='51.99' | fill=00000000 | rows=[20] | cols=[13] | col_header=False | row_header=False | metadata=False
Cell O21 | value='2264.84' | fill=00000000 | rows=[20] | cols=[14] | col_header=False | row_header=False | metadata=False
Cell P21 | value='2452.11' | fill=00000000 | rows=[20] | cols=[15] | col_header=False | row_header=False | metadata=False
Cell Q21 | value='4716.96' | fill=00000000 | rows=[20] | cols=[16] | col_header=False | row_header=False | metadata=False
Cell R21 | value='1102.83' | fill=00000000 | rows=[20] | cols=[17] | col_header=False | row_header=False | metadata=False
Cell S21 | value='1199.56' | fill=00000000 | rows=[20] | cols=[18] | col_header=False | row_header=False | metadata=False
Cell T21 | value='2297.02' | fill=00000000 | rows=[20] | cols=[19] | col_header=False | row_header=False | metadata=False
Cell A22 | value='2015' | fill=00000000 | rows=[21] | cols=[0] | col_header=False | row_header=False | metadata=False
Cell B22 | value='5.41' | fill=00000000 | rows=[21] | cols=[1] | col_header=False | row_header=False | metadata=False
Cell C22 | value='4.99' | fill=00000000 | rows=[21] | cols=[2] | col_header=False | row_header=False | metadata=False
Cell D22 | value='10.4' | fill=00000000 | rows=[21] | cols=[3] | col_header=False | row_header=False | metadata=False
Cell E22 | value='52.03' | fill=00000000 | rows=[21] | cols=[4] | col_header=False | row_header=False | metadata=False
Cell F22 | value='47.97' | fill=00000000 | rows=[21] | cols=[5] | col_header=False | row_header=False | metadata=False
Cell G22 | value='5879.93' | fill=00000000 | rows=[21] | cols=[6] | col_header=False | row_header=False | metadata=False
Cell H22 | value='5420.57' | fill=00000000 | rows=[21] | cols=[7] | col_header=False | row_header=False | metadata=False
Cell I22 | value='11300.51' | fill=00000000 | rows=[21] | cols=[8] | col_header=False | row_header=False | metadata=False
Cell J22 | value='2830.14' | fill=00000000 | rows=[21] | cols=[9] | col_header=False | row_header=False | metadata=False
Cell K22 | value='2577.99' | fill=00000000 | rows=[21] | cols=[10] | col_header=False | row_header=False | metadata=False
Cell L22 | value='5402.63' | fill=00000000 | rows=[21] | cols=[11] | col_header=False | row_header=False | metadata=False
Cell M22 | value='46.24' | fill=00000000 | rows=[21] | cols=[12] | col_header=False | row_header=False | metadata=False
Cell N22 | value='53.76' | fill=00000000 | rows=[21] | cols=[13] | col_header=False | row_header=False | metadata=False
Cell O22 | value='2276.3' | fill=00000000 | rows=[21] | cols=[14] | col_header=False | row_header=False | metadata=False
Cell P22 | value='2646.58' | fill=00000000 | rows=[21] | cols=[15] | col_header=False | row_header=False | metadata=False
Cell Q22 | value='4922.88' | fill=00000000 | rows=[21] | cols=[16] | col_header=False | row_header=False | metadata=False
Cell R22 | value='1095.63' | fill=00000000 | rows=[21] | cols=[17] | col_header=False | row_header=False | metadata=False
Cell S22 | value='1258.7' | fill=00000000 | rows=[21] | cols=[18] | col_header=False | row_header=False | metadata=False
Cell T22 | value='2353.57' | fill=00000000 | rows=[21] | cols=[19] | col_header=False | row_header=False | metadata=False
Cell A23 | value='2016' | fill=00000000 | rows=[22] | cols=[0] | col_header=False | row_header=False | metadata=False
Cell B23 | value='5.34' | fill=00000000 | rows=[22] | cols=[1] | col_header=False | row_header=False | metadata=False
Cell C23 | value='5.15' | fill=00000000 | rows=[22] | cols=[2] | col_header=False | row_header=False | metadata=False
Cell D23 | value='10.49' | fill=00000000 | rows=[22] | cols=[3] | col_header=False | row_header=False | metadata=False
Cell E23 | value='50.88' | fill=00000000 | rows=[22] | cols=[4] | col_header=False | row_header=False | metadata=False
Cell F23 | value='49.12' | fill=00000000 | rows=[22] | cols=[5] | col_header=False | row_header=False | metadata=False
Cell G23 | value='5909.86' | fill=00000000 | rows=[22] | cols=[6] | col_header=False | row_header=False | metadata=False
Cell H23 | value='5706.14' | fill=00000000 | rows=[22] | cols=[7] | col_header=False | row_header=False | metadata=False
Cell I23 | value='11616' | fill=00000000 | rows=[22] | cols=[8] | col_header=False | row_header=False | metadata=False
Cell J23 | value='2882.44' | fill=00000000 | rows=[22] | cols=[9] | col_header=False | row_header=False | metadata=False
Cell K23 | value='2645.69' | fill=00000000 | rows=[22] | cols=[10] | col_header=False | row_header=False | metadata=False
Cell L23 | value='5537.88' | fill=00000000 | rows=[22] | cols=[11] | col_header=False | row_header=False | metadata=False
Cell M23 | value='45.09' | fill=00000000 | rows=[22] | cols=[12] | col_header=False | row_header=False | metadata=False
Cell N23 | value='54.91' | fill=00000000 | rows=[22] | cols=[13] | col_header=False | row_header=False | metadata=False
Cell O23 | value='2293.1' | fill=00000000 | rows=[22] | cols=[14] | col_header=False | row_header=False | metadata=False
Cell P23 | value='2792.23' | fill=00000000 | rows=[22] | cols=[15] | col_header=False | row_header=False | metadata=False
Cell Q23 | value='5085.33' | fill=00000000 | rows=[22] | cols=[16] | col_header=False | row_header=False | metadata=False
Cell R23 | value='1118.42' | fill=00000000 | rows=[22] | cols=[17] | col_header=False | row_header=False | metadata=False
Cell S23 | value='1294.63' | fill=00000000 | rows=[22] | cols=[18] | col_header=False | row_header=False | metadata=False
Cell T23 | value='2424.41' | fill=00000000 | rows=[22] | cols=[19] | col_header=False | row_header=False | metadata=False
Cell A24 | value='2017' | fill=00000000 | rows=[23] | cols=[0] | col_header=False | row_header=False | metadata=False
Cell B24 | value='5.28' | fill=00000000 | rows=[23] | cols=[1] | col_header=False | row_header=False | metadata=False
Cell C24 | value='5.26' | fill=00000000 | rows=[23] | cols=[2] | col_header=False | row_header=False | metadata=False
Cell D24 | value='10.53' | fill=00000000 | rows=[23] | cols=[3] | col_header=False | row_header=False | metadata=False
Cell E24 | value='50.09' | fill=00000000 | rows=[23] | cols=[4] | col_header=False | row_header=False | metadata=False
Cell F24 | value='49.91' | fill=00000000 | rows=[23] | cols=[5] | col_header=False | row_header=False | metadata=False
Cell G24 | value='6107.66' | fill=00000000 | rows=[23] | cols=[6] | col_header=False | row_header=False | metadata=False
Cell H24 | value='6084.98' | fill=00000000 | rows=[23] | cols=[7] | col_header=False | row_header=False | metadata=False
Cell I24 | value='12192.63' | fill=00000000 | rows=[23] | cols=[8] | col_header=False | row_header=False | metadata=False
Cell J24 | value='2984.85' | fill=00000000 | rows=[23] | cols=[9] | col_header=False | row_header=False | metadata=False
Cell K24 | value='2756.99' | fill=00000000 | rows=[23] | cols=[10] | col_header=False | row_header=False | metadata=False
Cell L24 | value='5763.18' | fill=00000000 | rows=[23] | cols=[11] | col_header=False | row_header=False | metadata=False
Cell M24 | value='44.44' | fill=00000000 | rows=[23] | cols=[12] | col_header=False | row_header=False | metadata=False
Cell N24 | value='55.56' | fill=00000000 | rows=[23] | cols=[13] | col_header=False | row_header=False | metadata=False
Cell O24 | value='2361.01' | fill=00000000 | rows=[23] | cols=[14] | col_header=False | row_header=False | metadata=False
Cell P24 | value='2951.36' | fill=00000000 | rows=[23] | cols=[15] | col_header=False | row_header=False | metadata=False
Cell Q24 | value='5312.37' | fill=00000000 | rows=[23] | cols=[16] | col_header=False | row_header=False | metadata=False
Cell R24 | value='1153.84' | fill=00000000 | rows=[23] | cols=[17] | col_header=False | row_header=False | metadata=False
Cell S24 | value='1337.2' | fill=00000000 | rows=[23] | cols=[18] | col_header=False | row_header=False | metadata=False
Cell T24 | value='2511.04' | fill=00000000 | rows=[23] | cols=[19] | col_header=False | row_header=False | metadata=False
Cell A25 | value='2018' | fill=00000000 | rows=[24] | cols=[0] | col_header=False | row_header=False | metadata=False
Cell B25 | value='5.17' | fill=00000000 | rows=[24] | cols=[1] | col_header=False | row_header=False | metadata=False
Cell C25 | value='5.28' | fill=00000000 | rows=[24] | cols=[2] | col_header=False | row_header=False | metadata=False
Cell D25 | value='10.45' | fill=00000000 | rows=[24] | cols=[3] | col_header=False | row_header=False | metadata=False
Cell E25 | value='49.46' | fill=00000000 | rows=[24] | cols=[4] | col_header=False | row_header=False | metadata=False
Cell F25 | value='50.54' | fill=00000000 | rows=[24] | cols=[5] | col_header=False | row_header=False | metadata=False
Cell G25 | value='6260.18' | fill=00000000 | rows=[24] | cols=[6] | col_header=False | row_header=False | metadata=False
Cell H25 | value='6395.67' | fill=00000000 | rows=[24] | cols=[7] | col_header=False | row_header=False | metadata=False
Cell I25 | value='12655.85' | fill=00000000 | rows=[24] | cols=[8] | col_header=False | row_header=False | metadata=False
Cell J25 | value='3045.71' | fill=00000000 | rows=[24] | cols=[9] | col_header=False | row_header=False | metadata=False
Cell K25 | value='2823.53' | fill=00000000 | rows=[24] | cols=[10] | col_header=False | row_header=False | metadata=False
Cell L25 | value='5899.72' | fill=00000000 | rows=[24] | cols=[11] | col_header=False | row_header=False | metadata=False
Cell M25 | value='44.09' | fill=00000000 | rows=[24] | cols=[12] | col_header=False | row_header=False | metadata=False
Cell N25 | value='55.91' | fill=00000000 | rows=[24] | cols=[13] | col_header=False | row_header=False | metadata=False
Cell O25 | value='2431.56' | fill=00000000 | rows=[24] | cols=[14] | col_header=False | row_header=False | metadata=False
Cell P25 | value='3083.27' | fill=00000000 | rows=[24] | cols=[15] | col_header=False | row_header=False | metadata=False
Cell Q25 | value='5514.83' | fill=00000000 | rows=[24] | cols=[16] | col_header=False | row_header=False | metadata=False
Cell R25 | value='1183' | fill=00000000 | rows=[24] | cols=[17] | col_header=False | row_header=False | metadata=False
Cell S25 | value='1361.19' | fill=00000000 | rows=[24] | cols=[18] | col_header=False | row_header=False | metadata=False
Cell T25 | value='2570.82' | fill=00000000 | rows=[24] | cols=[19] | col_header=False | row_header=False | metadata=False
Cell A26 | value='2019' | fill=00000000 | rows=[25] | cols=[0] | col_header=False | row_header=False | metadata=False
Cell B26 | value='5.1' | fill=00000000 | rows=[25] | cols=[1] | col_header=False | row_header=False | metadata=False
Cell C26 | value='5.23' | fill=00000000 | rows=[25] | cols=[2] | col_header=False | row_header=False | metadata=False
Cell D26 | value='10.33' | fill=00000000 | rows=[25] | cols=[3] | col_header=False | row_header=False | metadata=False
Cell E26 | value='49.37' | fill=00000000 | rows=[25] | cols=[4] | col_header=False | row_header=False | metadata=False
Cell F26 | value='50.63' | fill=00000000 | rows=[25] | cols=[5] | col_header=False | row_header=False | metadata=False
Cell G26 | value='6408.35' | fill=00000000 | rows=[25] | cols=[6] | col_header=False | row_header=False | metadata=False
Cell H26 | value='6572.21' | fill=00000000 | rows=[25] | cols=[7] | col_header=False | row_header=False | metadata=False
Cell I26 | value='12980.56' | fill=00000000 | rows=[25] | cols=[8] | col_header=False | row_header=False | metadata=False
Cell J26 | value='3090.53' | fill=00000000 | rows=[25] | cols=[9] | col_header=False | row_header=False | metadata=False
Cell K26 | value='2814.58' | fill=00000000 | rows=[25] | cols=[10] | col_header=False | row_header=False | metadata=False
Cell L26 | value='5939.63' | fill=00000000 | rows=[25] | cols=[11] | col_header=False | row_header=False | metadata=False
Cell M26 | value='43.69' | fill=00000000 | rows=[25] | cols=[12] | col_header=False | row_header=False | metadata=False
Cell N26 | value='56.31' | fill=00000000 | rows=[25] | cols=[13] | col_header=False | row_header=False | metadata=False
Cell O26 | value='2495.67' | fill=00000000 | rows=[25] | cols=[14] | col_header=False | row_header=False | metadata=False
Cell P26 | value='3217.18' | fill=00000000 | rows=[25] | cols=[15] | col_header=False | row_header=False | metadata=False
Cell Q26 | value='5712.85' | fill=00000000 | rows=[25] | cols=[16] | col_header=False | row_header=False | metadata=False
Cell R26 | value='1203.58' | fill=00000000 | rows=[25] | cols=[17] | col_header=False | row_header=False | metadata=False
Cell S26 | value='1377.77' | fill=00000000 | rows=[25] | cols=[18] | col_header=False | row_header=False | metadata=False
Cell T26 | value='2614.08' | fill=00000000 | rows=[25] | cols=[19] | col_header=False | row_header=False | metadata=False
Cell A27 | value='2020' | fill=00000000 | rows=[26] | cols=[0] | col_header=False | row_header=False | metadata=False
Cell B27 | value='5.1' | fill=00000000 | rows=[26] | cols=[1] | col_header=False | row_header=False | metadata=False
Cell C27 | value='4.37' | fill=00000000 | rows=[26] | cols=[2] | col_header=False | row_header=False | metadata=False
Cell D27 | value='9.47' | fill=00000000 | rows=[26] | cols=[3] | col_header=False | row_header=False | metadata=False
Cell E27 | value='53.82' | fill=00000000 | rows=[26] | cols=[4] | col_header=False | row_header=False | metadata=False
Cell F27 | value='46.18' | fill=00000000 | rows=[26] | cols=[5] | col_header=False | row_header=False | metadata=False
Cell G27 | value='6897.15' | fill=00000000 | rows=[26] | cols=[6] | col_header=False | row_header=False | metadata=False
Cell H27 | value='5916.98' | fill=00000000 | rows=[26] | cols=[7] | col_header=False | row_header=False | metadata=False
Cell I27 | value='12814.13' | fill=00000000 | rows=[26] | cols=[8] | col_header=False | row_header=False | metadata=False
Cell J27 | value='3213.84' | fill=00000000 | rows=[26] | cols=[9] | col_header=False | row_header=False | metadata=False
Cell K27 | value='2451.79' | fill=00000000 | rows=[26] | cols=[10] | col_header=False | row_header=False | metadata=False
Cell L27 | value='5668.13' | fill=00000000 | rows=[26] | cols=[11] | col_header=False | row_header=False | metadata=False
Cell M27 | value='48.77' | fill=00000000 | rows=[26] | cols=[12] | col_header=False | row_header=False | metadata=False
Cell N27 | value='51.23' | fill=00000000 | rows=[26] | cols=[13] | col_header=False | row_header=False | metadata=False
Cell O27 | value='2672.94' | fill=00000000 | rows=[26] | cols=[14] | col_header=False | row_header=False | metadata=False
Cell P27 | value='2807.92' | fill=00000000 | rows=[26] | cols=[15] | col_header=False | row_header=False | metadata=False
Cell Q27 | value='5480.86' | fill=00000000 | rows=[26] | cols=[16] | col_header=False | row_header=False | metadata=False
Cell R27 | value='1245.5' | fill=00000000 | rows=[26] | cols=[17] | col_header=False | row_header=False | metadata=False
Cell S27 | value='1163.5' | fill=00000000 | rows=[26] | cols=[18] | col_header=False | row_header=False | metadata=False
Cell T27 | value='2424.37' | fill=00000000 | rows=[26] | cols=[19] | col_header=False | row_header=False | metadata=False
Cell A28 | value='2021' | fill=00000000 | rows=[27] | cols=[0] | col_header=False | row_header=False | metadata=False
Cell B28 | value='5.11' | fill=00000000 | rows=[27] | cols=[1] | col_header=False | row_header=False | metadata=False
Cell C28 | value='4.89' | fill=00000000 | rows=[27] | cols=[2] | col_header=False | row_header=False | metadata=False
Cell D28 | value='10.01' | fill=00000000 | rows=[27] | cols=[3] | col_header=False | row_header=False | metadata=False
Cell E28 | value='51.08' | fill=00000000 | rows=[27] | cols=[4] | col_header=False | row_header=False | metadata=False
Cell F28 | value='48.92' | fill=00000000 | rows=[27] | cols=[5] | col_header=False | row_header=False | metadata=False
Cell G28 | value='7383.26' | fill=00000000 | rows=[27] | cols=[6] | col_header=False | row_header=False | metadata=False
Cell H28 | value='7070.05' | fill=00000000 | rows=[27] | cols=[7] | col_header=False | row_header=False | metadata=False
Cell I28 | value='14453.3' | fill=00000000 | rows=[27] | cols=[8] | col_header=False | row_header=False | metadata=False
Cell J28 | value='3325.28' | fill=00000000 | rows=[27] | cols=[9] | col_header=False | row_header=False | metadata=False
Cell K28 | value='2802.29' | fill=00000000 | rows=[27] | cols=[10] | col_header=False | row_header=False | metadata=False
Cell L28 | value='6150.65' | fill=00000000 | rows=[27] | cols=[11] | col_header=False | row_header=False | metadata=False
Cell M28 | value='45.14' | fill=00000000 | rows=[27] | cols=[12] | col_header=False | row_header=False | metadata=False
Cell N28 | value='54.86' | fill=00000000 | rows=[27] | cols=[13] | col_header=False | row_header=False | metadata=False
Cell O28 | value='2874.77' | fill=00000000 | rows=[27] | cols=[14] | col_header=False | row_header=False | metadata=False
Cell P28 | value='3493.39' | fill=00000000 | rows=[27] | cols=[15] | col_header=False | row_header=False | metadata=False
Cell Q28 | value='6368.16' | fill=00000000 | rows=[27] | cols=[16] | col_header=False | row_header=False | metadata=False
Cell R28 | value='1294.74' | fill=00000000 | rows=[27] | cols=[17] | col_header=False | row_header=False | metadata=False
Cell S28 | value='1384.64' | fill=00000000 | rows=[27] | cols=[18] | col_header=False | row_header=False | metadata=False
Cell T28 | value='2709.99' | fill=00000000 | rows=[27] | cols=[19] | col_header=False | row_header=False | metadata=False
Cell A29 | value='2022' | fill=00000000 | rows=[28] | cols=[0] | col_header=False | row_header=False | metadata=False
Cell B29 | value='5.58' | fill=00000000 | rows=[28] | cols=[1] | col_header=False | row_header=False | metadata=False
Cell C29 | value='5.63' | fill=00000000 | rows=[28] | cols=[2] | col_header=False | row_header=False | metadata=False
Cell D29 | value='11.2' | fill=00000000 | rows=[28] | cols=[3] | col_header=False | row_header=False | metadata=False
Cell E29 | value='49.78' | fill=00000000 | rows=[28] | cols=[4] | col_header=False | row_header=False | metadata=False
Cell F29 | value='50.22' | fill=00000000 | rows=[28] | cols=[5] | col_header=False | row_header=False | metadata=False
Cell G29 | value='7949.31' | fill=00000000 | rows=[28] | cols=[6] | col_header=False | row_header=False | metadata=False
Cell H29 | value='8020.08' | fill=00000000 | rows=[28] | cols=[7] | col_header=False | row_header=False | metadata=False
Cell I29 | value='15969.39' | fill=00000000 | rows=[28] | cols=[8] | col_header=False | row_header=False | metadata=False
Cell J29 | value='3213.33' | fill=00000000 | rows=[28] | cols=[9] | col_header=False | row_header=False | metadata=False
Cell K29 | value='2952.79' | fill=00000000 | rows=[28] | cols=[10] | col_header=False | row_header=False | metadata=False
Cell L29 | value='6180.93' | fill=00000000 | rows=[28] | cols=[11] | col_header=False | row_header=False | metadata=False
Cell M29 | value='43.88' | fill=00000000 | rows=[28] | cols=[12] | col_header=False | row_header=False | metadata=False
Cell N29 | value='56.12' | fill=00000000 | rows=[28] | cols=[13] | col_header=False | row_header=False | metadata=False
Cell O29 | value='3130.33' | fill=00000000 | rows=[28] | cols=[14] | col_header=False | row_header=False | metadata=False
Cell P29 | value='4004.32' | fill=00000000 | rows=[28] | cols=[15] | col_header=False | row_header=False | metadata=False
Cell Q29 | value='7134.66' | fill=00000000 | rows=[28] | cols=[16] | col_header=False | row_header=False | metadata=False
Cell R29 | value='1265.37' | fill=00000000 | rows=[28] | cols=[17] | col_header=False | row_header=False | metadata=False
Cell S29 | value='1474.29' | fill=00000000 | rows=[28] | cols=[18] | col_header=False | row_header=False | metadata=False
Cell T29 | value='2761.46' | fill=00000000 | rows=[28] | cols=[19] | col_header=False | row_header=False | metadata=False
Cell A30 | value='2023' | fill=00000000 | rows=[29] | cols=[0] | col_header=False | row_header=False | metadata=False
Cell B30 | value='5.28' | fill=00000000 | rows=[29] | cols=[1] | col_header=False | row_header=False | metadata=False
Cell C30 | value='5.93' | fill=00000000 | rows=[29] | cols=[2] | col_header=False | row_header=False | metadata=False
Cell D30 | value='11.21' | fill=00000000 | rows=[29] | cols=[3] | col_header=False | row_header=False | metadata=False
Cell E30 | value='47.07' | fill=00000000 | rows=[29] | cols=[4] | col_header=False | row_header=False | metadata=False
Cell F30 | value='52.93' | fill=00000000 | rows=[29] | cols=[5] | col_header=False | row_header=False | metadata=False
Cell G30 | value='8116.6' | fill=00000000 | rows=[29] | cols=[6] | col_header=False | row_header=False | metadata=False
Cell H30 | value='9125.28' | fill=00000000 | rows=[29] | cols=[7] | col_header=False | row_header=False | metadata=False
Cell I30 | value='17241.88' | fill=00000000 | rows=[29] | cols=[8] | col_header=False | row_header=False | metadata=False
Cell J30 | value='3124.15' | fill=00000000 | rows=[29] | cols=[9] | col_header=False | row_header=False | metadata=False
Cell K30 | value='3137.45' | fill=00000000 | rows=[29] | cols=[10] | col_header=False | row_header=False | metadata=False
Cell L30 | value='6310.25' | fill=00000000 | rows=[29] | cols=[11] | col_header=False | row_header=False | metadata=False
Cell M30 | value='41.54' | fill=00000000 | rows=[29] | cols=[12] | col_header=False | row_header=False | metadata=False
Cell N30 | value='58.46' | fill=00000000 | rows=[29] | cols=[13] | col_header=False | row_header=False | metadata=False
Cell O30 | value='3186.95' | fill=00000000 | rows=[29] | cols=[14] | col_header=False | row_header=False | metadata=False
Cell P30 | value='4485.2' | fill=00000000 | rows=[29] | cols=[15] | col_header=False | row_header=False | metadata=False
Cell Q30 | value='7672.15' | fill=00000000 | rows=[29] | cols=[16] | col_header=False | row_header=False | metadata=False
Cell R30 | value='1226.68' | fill=00000000 | rows=[29] | cols=[17] | col_header=False | row_header=False | metadata=False
Cell S30 | value='1542.1' | fill=00000000 | rows=[29] | cols=[18] | col_header=False | row_header=False | metadata=False
Cell T30 | value='2807.88' | fill=00000000 | rows=[29] | cols=[19] | col_header=False | row_header=False | metadata=False
Cell A31 | value='FAH = food at home. FAFH = food away from home.' | fill=FF00B0F0 | rows=[30] | cols=[0] | col_header=False | row_header=False | metadata=True
Cell A32 | value='Note: Household final users include SNAP (Supplemental Nutrition Assistance Program) and WIC (Special Supplemental Nutrition Program for Women, Infants, and Children) purchases as well as food purchased by Government through social assistance programs. See the USDA, Economic Research Service (ERS) report, Measuring the Value of the U.S. Food System: Revisions to the Food Expenditure Series (2018) and the Food Expenditure Series Documentation page for more details.' | fill=FF00B0F0 | rows=[31] | cols=[0] | col_header=False | row_header=False | metadata=True
Cell A33 | value='Source: Calculated by USDA, ERS from various sources, June 3, 2024.' | fill=FF00B0F0 | rows=[32] | cols=[0] | col_header=False | row_header=False | metadata=True

